[2025-08-22T20:29:55.393+0000] {processor.py:186} INFO - Started process (PID=51) to work on /opt/airflow/dags/Example.py
[2025-08-22T20:29:55.394+0000] {processor.py:914} INFO - Processing file /opt/airflow/dags/Example.py for tasks to queue
[2025-08-22T20:29:55.396+0000] {logging_mixin.py:190} INFO - [2025-08-22T20:29:55.395+0000] {dagbag.py:588} INFO - Filling up the DagBag from /opt/airflow/dags/Example.py
[2025-08-22T20:29:55.417+0000] {processor.py:925} INFO - DAG(s) 'teste_basico' retrieved from /opt/airflow/dags/Example.py
[2025-08-22T20:29:55.465+0000] {logging_mixin.py:190} INFO - [2025-08-22T20:29:55.465+0000] {dag.py:3239} INFO - Sync 1 DAGs
[2025-08-22T20:29:55.484+0000] {logging_mixin.py:190} INFO - [2025-08-22T20:29:55.484+0000] {dag.py:4180} INFO - Setting next_dagrun for teste_basico to None, run_after=None
[2025-08-22T20:29:55.509+0000] {processor.py:208} INFO - Processing /opt/airflow/dags/Example.py took 0.122 seconds
[2025-08-22T20:30:25.592+0000] {processor.py:186} INFO - Started process (PID=58) to work on /opt/airflow/dags/Example.py
[2025-08-22T20:30:25.593+0000] {processor.py:914} INFO - Processing file /opt/airflow/dags/Example.py for tasks to queue
[2025-08-22T20:30:25.595+0000] {logging_mixin.py:190} INFO - [2025-08-22T20:30:25.595+0000] {dagbag.py:588} INFO - Filling up the DagBag from /opt/airflow/dags/Example.py
[2025-08-22T20:30:25.611+0000] {processor.py:925} INFO - DAG(s) 'teste_basico' retrieved from /opt/airflow/dags/Example.py
[2025-08-22T20:30:25.640+0000] {logging_mixin.py:190} INFO - [2025-08-22T20:30:25.639+0000] {dag.py:3239} INFO - Sync 1 DAGs
[2025-08-22T20:30:25.654+0000] {logging_mixin.py:190} INFO - [2025-08-22T20:30:25.653+0000] {dag.py:4180} INFO - Setting next_dagrun for teste_basico to None, run_after=None
[2025-08-22T20:30:25.676+0000] {processor.py:208} INFO - Processing /opt/airflow/dags/Example.py took 0.091 seconds
[2025-08-22T20:30:55.840+0000] {processor.py:186} INFO - Started process (PID=65) to work on /opt/airflow/dags/Example.py
[2025-08-22T20:30:55.841+0000] {processor.py:914} INFO - Processing file /opt/airflow/dags/Example.py for tasks to queue
[2025-08-22T20:30:55.843+0000] {logging_mixin.py:190} INFO - [2025-08-22T20:30:55.842+0000] {dagbag.py:588} INFO - Filling up the DagBag from /opt/airflow/dags/Example.py
[2025-08-22T20:30:55.858+0000] {processor.py:925} INFO - DAG(s) 'teste_basico' retrieved from /opt/airflow/dags/Example.py
[2025-08-22T20:30:55.882+0000] {logging_mixin.py:190} INFO - [2025-08-22T20:30:55.881+0000] {dag.py:3239} INFO - Sync 1 DAGs
[2025-08-22T20:30:55.895+0000] {logging_mixin.py:190} INFO - [2025-08-22T20:30:55.894+0000] {dag.py:4180} INFO - Setting next_dagrun for teste_basico to None, run_after=None
[2025-08-22T20:30:55.917+0000] {processor.py:208} INFO - Processing /opt/airflow/dags/Example.py took 0.083 seconds
[2025-08-22T20:31:26.016+0000] {processor.py:186} INFO - Started process (PID=72) to work on /opt/airflow/dags/Example.py
[2025-08-22T20:31:26.017+0000] {processor.py:914} INFO - Processing file /opt/airflow/dags/Example.py for tasks to queue
[2025-08-22T20:31:26.020+0000] {logging_mixin.py:190} INFO - [2025-08-22T20:31:26.019+0000] {dagbag.py:588} INFO - Filling up the DagBag from /opt/airflow/dags/Example.py
[2025-08-22T20:31:26.035+0000] {processor.py:925} INFO - DAG(s) 'teste_basico' retrieved from /opt/airflow/dags/Example.py
[2025-08-22T20:31:26.061+0000] {logging_mixin.py:190} INFO - [2025-08-22T20:31:26.061+0000] {dag.py:3239} INFO - Sync 1 DAGs
[2025-08-22T20:31:26.076+0000] {logging_mixin.py:190} INFO - [2025-08-22T20:31:26.075+0000] {dag.py:4180} INFO - Setting next_dagrun for teste_basico to None, run_after=None
[2025-08-22T20:31:26.093+0000] {processor.py:208} INFO - Processing /opt/airflow/dags/Example.py took 0.084 seconds
[2025-08-22T20:31:56.251+0000] {processor.py:186} INFO - Started process (PID=79) to work on /opt/airflow/dags/Example.py
[2025-08-22T20:31:56.252+0000] {processor.py:914} INFO - Processing file /opt/airflow/dags/Example.py for tasks to queue
[2025-08-22T20:31:56.254+0000] {logging_mixin.py:190} INFO - [2025-08-22T20:31:56.253+0000] {dagbag.py:588} INFO - Filling up the DagBag from /opt/airflow/dags/Example.py
[2025-08-22T20:31:56.268+0000] {processor.py:925} INFO - DAG(s) 'teste_basico' retrieved from /opt/airflow/dags/Example.py
[2025-08-22T20:31:56.294+0000] {logging_mixin.py:190} INFO - [2025-08-22T20:31:56.294+0000] {dag.py:3239} INFO - Sync 1 DAGs
[2025-08-22T20:31:56.309+0000] {logging_mixin.py:190} INFO - [2025-08-22T20:31:56.309+0000] {dag.py:4180} INFO - Setting next_dagrun for teste_basico to None, run_after=None
[2025-08-22T20:31:56.330+0000] {processor.py:208} INFO - Processing /opt/airflow/dags/Example.py took 0.084 seconds
[2025-08-22T20:32:26.435+0000] {processor.py:186} INFO - Started process (PID=86) to work on /opt/airflow/dags/Example.py
[2025-08-22T20:32:26.436+0000] {processor.py:914} INFO - Processing file /opt/airflow/dags/Example.py for tasks to queue
[2025-08-22T20:32:26.441+0000] {logging_mixin.py:190} INFO - [2025-08-22T20:32:26.440+0000] {dagbag.py:588} INFO - Filling up the DagBag from /opt/airflow/dags/Example.py
[2025-08-22T20:32:26.465+0000] {processor.py:925} INFO - DAG(s) 'teste_basico' retrieved from /opt/airflow/dags/Example.py
[2025-08-22T20:32:26.504+0000] {logging_mixin.py:190} INFO - [2025-08-22T20:32:26.504+0000] {dag.py:3239} INFO - Sync 1 DAGs
[2025-08-22T20:32:26.521+0000] {logging_mixin.py:190} INFO - [2025-08-22T20:32:26.521+0000] {dag.py:4180} INFO - Setting next_dagrun for teste_basico to None, run_after=None
[2025-08-22T20:32:26.548+0000] {processor.py:208} INFO - Processing /opt/airflow/dags/Example.py took 0.121 seconds
[2025-08-22T20:32:56.648+0000] {processor.py:186} INFO - Started process (PID=93) to work on /opt/airflow/dags/Example.py
[2025-08-22T20:32:56.649+0000] {processor.py:914} INFO - Processing file /opt/airflow/dags/Example.py for tasks to queue
[2025-08-22T20:32:56.651+0000] {logging_mixin.py:190} INFO - [2025-08-22T20:32:56.651+0000] {dagbag.py:588} INFO - Filling up the DagBag from /opt/airflow/dags/Example.py
[2025-08-22T20:32:56.665+0000] {processor.py:925} INFO - DAG(s) 'teste_basico' retrieved from /opt/airflow/dags/Example.py
[2025-08-22T20:32:56.688+0000] {logging_mixin.py:190} INFO - [2025-08-22T20:32:56.688+0000] {dag.py:3239} INFO - Sync 1 DAGs
[2025-08-22T20:32:56.700+0000] {logging_mixin.py:190} INFO - [2025-08-22T20:32:56.699+0000] {dag.py:4180} INFO - Setting next_dagrun for teste_basico to None, run_after=None
[2025-08-22T20:32:56.719+0000] {processor.py:208} INFO - Processing /opt/airflow/dags/Example.py took 0.076 seconds
[2025-08-22T20:33:26.881+0000] {processor.py:186} INFO - Started process (PID=100) to work on /opt/airflow/dags/Example.py
[2025-08-22T20:33:26.882+0000] {processor.py:914} INFO - Processing file /opt/airflow/dags/Example.py for tasks to queue
[2025-08-22T20:33:26.885+0000] {logging_mixin.py:190} INFO - [2025-08-22T20:33:26.885+0000] {dagbag.py:588} INFO - Filling up the DagBag from /opt/airflow/dags/Example.py
[2025-08-22T20:33:26.898+0000] {processor.py:925} INFO - DAG(s) 'teste_basico' retrieved from /opt/airflow/dags/Example.py
[2025-08-22T20:33:26.922+0000] {logging_mixin.py:190} INFO - [2025-08-22T20:33:26.922+0000] {dag.py:3239} INFO - Sync 1 DAGs
[2025-08-22T20:33:26.935+0000] {logging_mixin.py:190} INFO - [2025-08-22T20:33:26.935+0000] {dag.py:4180} INFO - Setting next_dagrun for teste_basico to None, run_after=None
[2025-08-22T20:33:26.958+0000] {processor.py:208} INFO - Processing /opt/airflow/dags/Example.py took 0.083 seconds
[2025-08-22T20:33:57.051+0000] {processor.py:186} INFO - Started process (PID=107) to work on /opt/airflow/dags/Example.py
[2025-08-22T20:33:57.051+0000] {processor.py:914} INFO - Processing file /opt/airflow/dags/Example.py for tasks to queue
[2025-08-22T20:33:57.054+0000] {logging_mixin.py:190} INFO - [2025-08-22T20:33:57.054+0000] {dagbag.py:588} INFO - Filling up the DagBag from /opt/airflow/dags/Example.py
[2025-08-22T20:33:57.068+0000] {processor.py:925} INFO - DAG(s) 'teste_basico' retrieved from /opt/airflow/dags/Example.py
[2025-08-22T20:33:57.095+0000] {logging_mixin.py:190} INFO - [2025-08-22T20:33:57.094+0000] {dag.py:3239} INFO - Sync 1 DAGs
[2025-08-22T20:33:57.112+0000] {logging_mixin.py:190} INFO - [2025-08-22T20:33:57.111+0000] {dag.py:4180} INFO - Setting next_dagrun for teste_basico to None, run_after=None
[2025-08-22T20:33:57.136+0000] {processor.py:208} INFO - Processing /opt/airflow/dags/Example.py took 0.090 seconds
[2025-08-22T20:34:27.275+0000] {processor.py:186} INFO - Started process (PID=114) to work on /opt/airflow/dags/Example.py
[2025-08-22T20:34:27.276+0000] {processor.py:914} INFO - Processing file /opt/airflow/dags/Example.py for tasks to queue
[2025-08-22T20:34:27.278+0000] {logging_mixin.py:190} INFO - [2025-08-22T20:34:27.278+0000] {dagbag.py:588} INFO - Filling up the DagBag from /opt/airflow/dags/Example.py
[2025-08-22T20:34:27.292+0000] {processor.py:925} INFO - DAG(s) 'teste_basico' retrieved from /opt/airflow/dags/Example.py
[2025-08-22T20:34:27.316+0000] {logging_mixin.py:190} INFO - [2025-08-22T20:34:27.316+0000] {dag.py:3239} INFO - Sync 1 DAGs
[2025-08-22T20:34:27.329+0000] {logging_mixin.py:190} INFO - [2025-08-22T20:34:27.329+0000] {dag.py:4180} INFO - Setting next_dagrun for teste_basico to None, run_after=None
[2025-08-22T20:34:27.352+0000] {processor.py:208} INFO - Processing /opt/airflow/dags/Example.py took 0.082 seconds
[2025-08-22T20:34:57.481+0000] {processor.py:186} INFO - Started process (PID=121) to work on /opt/airflow/dags/Example.py
[2025-08-22T20:34:57.482+0000] {processor.py:914} INFO - Processing file /opt/airflow/dags/Example.py for tasks to queue
[2025-08-22T20:34:57.484+0000] {logging_mixin.py:190} INFO - [2025-08-22T20:34:57.483+0000] {dagbag.py:588} INFO - Filling up the DagBag from /opt/airflow/dags/Example.py
[2025-08-22T20:34:57.497+0000] {processor.py:925} INFO - DAG(s) 'teste_basico' retrieved from /opt/airflow/dags/Example.py
[2025-08-22T20:34:57.518+0000] {logging_mixin.py:190} INFO - [2025-08-22T20:34:57.518+0000] {dag.py:3239} INFO - Sync 1 DAGs
[2025-08-22T20:34:57.530+0000] {logging_mixin.py:190} INFO - [2025-08-22T20:34:57.530+0000] {dag.py:4180} INFO - Setting next_dagrun for teste_basico to None, run_after=None
[2025-08-22T20:34:57.549+0000] {processor.py:208} INFO - Processing /opt/airflow/dags/Example.py took 0.073 seconds
[2025-08-22T20:35:27.678+0000] {processor.py:186} INFO - Started process (PID=128) to work on /opt/airflow/dags/Example.py
[2025-08-22T20:35:27.679+0000] {processor.py:914} INFO - Processing file /opt/airflow/dags/Example.py for tasks to queue
[2025-08-22T20:35:27.682+0000] {logging_mixin.py:190} INFO - [2025-08-22T20:35:27.682+0000] {dagbag.py:588} INFO - Filling up the DagBag from /opt/airflow/dags/Example.py
[2025-08-22T20:35:27.698+0000] {processor.py:925} INFO - DAG(s) 'teste_basico' retrieved from /opt/airflow/dags/Example.py
[2025-08-22T20:35:27.724+0000] {logging_mixin.py:190} INFO - [2025-08-22T20:35:27.724+0000] {dag.py:3239} INFO - Sync 1 DAGs
[2025-08-22T20:35:27.737+0000] {logging_mixin.py:190} INFO - [2025-08-22T20:35:27.737+0000] {dag.py:4180} INFO - Setting next_dagrun for teste_basico to None, run_after=None
[2025-08-22T20:35:27.760+0000] {processor.py:208} INFO - Processing /opt/airflow/dags/Example.py took 0.087 seconds
[2025-08-22T20:35:57.874+0000] {processor.py:186} INFO - Started process (PID=135) to work on /opt/airflow/dags/Example.py
[2025-08-22T20:35:57.875+0000] {processor.py:914} INFO - Processing file /opt/airflow/dags/Example.py for tasks to queue
[2025-08-22T20:35:57.877+0000] {logging_mixin.py:190} INFO - [2025-08-22T20:35:57.877+0000] {dagbag.py:588} INFO - Filling up the DagBag from /opt/airflow/dags/Example.py
[2025-08-22T20:35:57.890+0000] {processor.py:925} INFO - DAG(s) 'teste_basico' retrieved from /opt/airflow/dags/Example.py
[2025-08-22T20:35:57.915+0000] {logging_mixin.py:190} INFO - [2025-08-22T20:35:57.915+0000] {dag.py:3239} INFO - Sync 1 DAGs
[2025-08-22T20:35:57.928+0000] {logging_mixin.py:190} INFO - [2025-08-22T20:35:57.928+0000] {dag.py:4180} INFO - Setting next_dagrun for teste_basico to None, run_after=None
[2025-08-22T20:35:57.950+0000] {processor.py:208} INFO - Processing /opt/airflow/dags/Example.py took 0.081 seconds
[2025-08-22T20:36:28.081+0000] {processor.py:186} INFO - Started process (PID=142) to work on /opt/airflow/dags/Example.py
[2025-08-22T20:36:28.082+0000] {processor.py:914} INFO - Processing file /opt/airflow/dags/Example.py for tasks to queue
[2025-08-22T20:36:28.085+0000] {logging_mixin.py:190} INFO - [2025-08-22T20:36:28.085+0000] {dagbag.py:588} INFO - Filling up the DagBag from /opt/airflow/dags/Example.py
[2025-08-22T20:36:28.099+0000] {processor.py:925} INFO - DAG(s) 'teste_basico' retrieved from /opt/airflow/dags/Example.py
[2025-08-22T20:36:28.122+0000] {logging_mixin.py:190} INFO - [2025-08-22T20:36:28.122+0000] {dag.py:3239} INFO - Sync 1 DAGs
[2025-08-22T20:36:28.134+0000] {logging_mixin.py:190} INFO - [2025-08-22T20:36:28.134+0000] {dag.py:4180} INFO - Setting next_dagrun for teste_basico to None, run_after=None
[2025-08-22T20:36:28.158+0000] {processor.py:208} INFO - Processing /opt/airflow/dags/Example.py took 0.083 seconds
[2025-08-22T20:36:58.274+0000] {processor.py:186} INFO - Started process (PID=155) to work on /opt/airflow/dags/Example.py
[2025-08-22T20:36:58.275+0000] {processor.py:914} INFO - Processing file /opt/airflow/dags/Example.py for tasks to queue
[2025-08-22T20:36:58.278+0000] {logging_mixin.py:190} INFO - [2025-08-22T20:36:58.277+0000] {dagbag.py:588} INFO - Filling up the DagBag from /opt/airflow/dags/Example.py
[2025-08-22T20:36:58.291+0000] {processor.py:925} INFO - DAG(s) 'teste_basico' retrieved from /opt/airflow/dags/Example.py
[2025-08-22T20:36:58.315+0000] {logging_mixin.py:190} INFO - [2025-08-22T20:36:58.315+0000] {dag.py:3239} INFO - Sync 1 DAGs
[2025-08-22T20:36:58.328+0000] {logging_mixin.py:190} INFO - [2025-08-22T20:36:58.328+0000] {dag.py:4180} INFO - Setting next_dagrun for teste_basico to None, run_after=None
[2025-08-22T20:36:58.350+0000] {processor.py:208} INFO - Processing /opt/airflow/dags/Example.py took 0.082 seconds
[2025-08-22T20:37:28.482+0000] {processor.py:186} INFO - Started process (PID=162) to work on /opt/airflow/dags/Example.py
[2025-08-22T20:37:28.483+0000] {processor.py:914} INFO - Processing file /opt/airflow/dags/Example.py for tasks to queue
[2025-08-22T20:37:28.485+0000] {logging_mixin.py:190} INFO - [2025-08-22T20:37:28.485+0000] {dagbag.py:588} INFO - Filling up the DagBag from /opt/airflow/dags/Example.py
[2025-08-22T20:37:28.499+0000] {processor.py:925} INFO - DAG(s) 'teste_basico' retrieved from /opt/airflow/dags/Example.py
[2025-08-22T20:37:28.520+0000] {logging_mixin.py:190} INFO - [2025-08-22T20:37:28.520+0000] {dag.py:3239} INFO - Sync 1 DAGs
[2025-08-22T20:37:28.532+0000] {logging_mixin.py:190} INFO - [2025-08-22T20:37:28.532+0000] {dag.py:4180} INFO - Setting next_dagrun for teste_basico to None, run_after=None
[2025-08-22T20:37:28.550+0000] {processor.py:208} INFO - Processing /opt/airflow/dags/Example.py took 0.074 seconds
[2025-08-22T20:37:58.688+0000] {processor.py:186} INFO - Started process (PID=169) to work on /opt/airflow/dags/Example.py
[2025-08-22T20:37:58.689+0000] {processor.py:914} INFO - Processing file /opt/airflow/dags/Example.py for tasks to queue
[2025-08-22T20:37:58.692+0000] {logging_mixin.py:190} INFO - [2025-08-22T20:37:58.691+0000] {dagbag.py:588} INFO - Filling up the DagBag from /opt/airflow/dags/Example.py
[2025-08-22T20:37:58.711+0000] {processor.py:925} INFO - DAG(s) 'teste_basico' retrieved from /opt/airflow/dags/Example.py
[2025-08-22T20:37:58.742+0000] {logging_mixin.py:190} INFO - [2025-08-22T20:37:58.742+0000] {dag.py:3239} INFO - Sync 1 DAGs
[2025-08-22T20:37:58.758+0000] {logging_mixin.py:190} INFO - [2025-08-22T20:37:58.758+0000] {dag.py:4180} INFO - Setting next_dagrun for teste_basico to None, run_after=None
[2025-08-22T20:37:58.783+0000] {processor.py:208} INFO - Processing /opt/airflow/dags/Example.py took 0.104 seconds
[2025-08-22T20:38:28.883+0000] {processor.py:186} INFO - Started process (PID=176) to work on /opt/airflow/dags/Example.py
[2025-08-22T20:38:28.884+0000] {processor.py:914} INFO - Processing file /opt/airflow/dags/Example.py for tasks to queue
[2025-08-22T20:38:28.887+0000] {logging_mixin.py:190} INFO - [2025-08-22T20:38:28.886+0000] {dagbag.py:588} INFO - Filling up the DagBag from /opt/airflow/dags/Example.py
[2025-08-22T20:38:28.903+0000] {processor.py:925} INFO - DAG(s) 'teste_basico' retrieved from /opt/airflow/dags/Example.py
[2025-08-22T20:38:28.929+0000] {logging_mixin.py:190} INFO - [2025-08-22T20:38:28.929+0000] {dag.py:3239} INFO - Sync 1 DAGs
[2025-08-22T20:38:28.943+0000] {logging_mixin.py:190} INFO - [2025-08-22T20:38:28.942+0000] {dag.py:4180} INFO - Setting next_dagrun for teste_basico to None, run_after=None
[2025-08-22T20:38:28.963+0000] {processor.py:208} INFO - Processing /opt/airflow/dags/Example.py took 0.087 seconds
[2025-08-22T20:38:59.127+0000] {processor.py:186} INFO - Started process (PID=183) to work on /opt/airflow/dags/Example.py
[2025-08-22T20:38:59.128+0000] {processor.py:914} INFO - Processing file /opt/airflow/dags/Example.py for tasks to queue
[2025-08-22T20:38:59.130+0000] {logging_mixin.py:190} INFO - [2025-08-22T20:38:59.130+0000] {dagbag.py:588} INFO - Filling up the DagBag from /opt/airflow/dags/Example.py
[2025-08-22T20:38:59.144+0000] {processor.py:925} INFO - DAG(s) 'teste_basico' retrieved from /opt/airflow/dags/Example.py
[2025-08-22T20:38:59.168+0000] {logging_mixin.py:190} INFO - [2025-08-22T20:38:59.168+0000] {dag.py:3239} INFO - Sync 1 DAGs
[2025-08-22T20:38:59.182+0000] {logging_mixin.py:190} INFO - [2025-08-22T20:38:59.181+0000] {dag.py:4180} INFO - Setting next_dagrun for teste_basico to None, run_after=None
[2025-08-22T20:38:59.204+0000] {processor.py:208} INFO - Processing /opt/airflow/dags/Example.py took 0.082 seconds
[2025-08-22T20:39:29.310+0000] {processor.py:186} INFO - Started process (PID=190) to work on /opt/airflow/dags/Example.py
[2025-08-22T20:39:29.311+0000] {processor.py:914} INFO - Processing file /opt/airflow/dags/Example.py for tasks to queue
[2025-08-22T20:39:29.314+0000] {logging_mixin.py:190} INFO - [2025-08-22T20:39:29.313+0000] {dagbag.py:588} INFO - Filling up the DagBag from /opt/airflow/dags/Example.py
[2025-08-22T20:39:29.329+0000] {processor.py:925} INFO - DAG(s) 'teste_basico' retrieved from /opt/airflow/dags/Example.py
[2025-08-22T20:39:29.362+0000] {logging_mixin.py:190} INFO - [2025-08-22T20:39:29.362+0000] {dag.py:3239} INFO - Sync 1 DAGs
[2025-08-22T20:39:29.377+0000] {logging_mixin.py:190} INFO - [2025-08-22T20:39:29.377+0000] {dag.py:4180} INFO - Setting next_dagrun for teste_basico to None, run_after=None
[2025-08-22T20:39:29.402+0000] {processor.py:208} INFO - Processing /opt/airflow/dags/Example.py took 0.098 seconds
[2025-08-22T20:39:59.570+0000] {processor.py:186} INFO - Started process (PID=197) to work on /opt/airflow/dags/Example.py
[2025-08-22T20:39:59.570+0000] {processor.py:914} INFO - Processing file /opt/airflow/dags/Example.py for tasks to queue
[2025-08-22T20:39:59.573+0000] {logging_mixin.py:190} INFO - [2025-08-22T20:39:59.573+0000] {dagbag.py:588} INFO - Filling up the DagBag from /opt/airflow/dags/Example.py
[2025-08-22T20:39:59.587+0000] {processor.py:925} INFO - DAG(s) 'teste_basico' retrieved from /opt/airflow/dags/Example.py
[2025-08-22T20:39:59.612+0000] {logging_mixin.py:190} INFO - [2025-08-22T20:39:59.612+0000] {dag.py:3239} INFO - Sync 1 DAGs
[2025-08-22T20:39:59.624+0000] {logging_mixin.py:190} INFO - [2025-08-22T20:39:59.624+0000] {dag.py:4180} INFO - Setting next_dagrun for teste_basico to None, run_after=None
[2025-08-22T20:39:59.647+0000] {processor.py:208} INFO - Processing /opt/airflow/dags/Example.py took 0.082 seconds
[2025-08-22T20:40:29.751+0000] {processor.py:186} INFO - Started process (PID=204) to work on /opt/airflow/dags/Example.py
[2025-08-22T20:40:29.752+0000] {processor.py:914} INFO - Processing file /opt/airflow/dags/Example.py for tasks to queue
[2025-08-22T20:40:29.754+0000] {logging_mixin.py:190} INFO - [2025-08-22T20:40:29.754+0000] {dagbag.py:588} INFO - Filling up the DagBag from /opt/airflow/dags/Example.py
[2025-08-22T20:40:29.768+0000] {processor.py:925} INFO - DAG(s) 'teste_basico' retrieved from /opt/airflow/dags/Example.py
[2025-08-22T20:40:29.794+0000] {logging_mixin.py:190} INFO - [2025-08-22T20:40:29.794+0000] {dag.py:3239} INFO - Sync 1 DAGs
[2025-08-22T20:40:29.809+0000] {logging_mixin.py:190} INFO - [2025-08-22T20:40:29.808+0000] {dag.py:4180} INFO - Setting next_dagrun for teste_basico to None, run_after=None
[2025-08-22T20:40:29.824+0000] {processor.py:208} INFO - Processing /opt/airflow/dags/Example.py took 0.078 seconds
[2025-08-22T20:40:59.990+0000] {processor.py:186} INFO - Started process (PID=211) to work on /opt/airflow/dags/Example.py
[2025-08-22T20:40:59.991+0000] {processor.py:914} INFO - Processing file /opt/airflow/dags/Example.py for tasks to queue
[2025-08-22T20:40:59.993+0000] {logging_mixin.py:190} INFO - [2025-08-22T20:40:59.993+0000] {dagbag.py:588} INFO - Filling up the DagBag from /opt/airflow/dags/Example.py
[2025-08-22T20:41:00.009+0000] {processor.py:925} INFO - DAG(s) 'teste_basico' retrieved from /opt/airflow/dags/Example.py
[2025-08-22T20:41:00.036+0000] {logging_mixin.py:190} INFO - [2025-08-22T20:41:00.036+0000] {dag.py:3239} INFO - Sync 1 DAGs
[2025-08-22T20:41:00.050+0000] {logging_mixin.py:190} INFO - [2025-08-22T20:41:00.050+0000] {dag.py:4180} INFO - Setting next_dagrun for teste_basico to None, run_after=None
[2025-08-22T20:41:00.075+0000] {processor.py:208} INFO - Processing /opt/airflow/dags/Example.py took 0.090 seconds
[2025-08-22T20:41:30.179+0000] {processor.py:186} INFO - Started process (PID=218) to work on /opt/airflow/dags/Example.py
[2025-08-22T20:41:30.180+0000] {processor.py:914} INFO - Processing file /opt/airflow/dags/Example.py for tasks to queue
[2025-08-22T20:41:30.182+0000] {logging_mixin.py:190} INFO - [2025-08-22T20:41:30.182+0000] {dagbag.py:588} INFO - Filling up the DagBag from /opt/airflow/dags/Example.py
[2025-08-22T20:41:30.197+0000] {processor.py:925} INFO - DAG(s) 'teste_basico' retrieved from /opt/airflow/dags/Example.py
[2025-08-22T20:41:30.222+0000] {logging_mixin.py:190} INFO - [2025-08-22T20:41:30.222+0000] {dag.py:3239} INFO - Sync 1 DAGs
[2025-08-22T20:41:30.235+0000] {logging_mixin.py:190} INFO - [2025-08-22T20:41:30.235+0000] {dag.py:4180} INFO - Setting next_dagrun for teste_basico to None, run_after=None
[2025-08-22T20:41:30.258+0000] {processor.py:208} INFO - Processing /opt/airflow/dags/Example.py took 0.086 seconds
[2025-08-22T20:42:00.418+0000] {processor.py:186} INFO - Started process (PID=225) to work on /opt/airflow/dags/Example.py
[2025-08-22T20:42:00.419+0000] {processor.py:914} INFO - Processing file /opt/airflow/dags/Example.py for tasks to queue
[2025-08-22T20:42:00.421+0000] {logging_mixin.py:190} INFO - [2025-08-22T20:42:00.421+0000] {dagbag.py:588} INFO - Filling up the DagBag from /opt/airflow/dags/Example.py
[2025-08-22T20:42:00.435+0000] {processor.py:925} INFO - DAG(s) 'teste_basico' retrieved from /opt/airflow/dags/Example.py
[2025-08-22T20:42:00.462+0000] {logging_mixin.py:190} INFO - [2025-08-22T20:42:00.461+0000] {dag.py:3239} INFO - Sync 1 DAGs
[2025-08-22T20:42:00.475+0000] {logging_mixin.py:190} INFO - [2025-08-22T20:42:00.475+0000] {dag.py:4180} INFO - Setting next_dagrun for teste_basico to None, run_after=None
[2025-08-22T20:42:00.495+0000] {processor.py:208} INFO - Processing /opt/airflow/dags/Example.py took 0.082 seconds
[2025-08-22T20:42:30.605+0000] {processor.py:186} INFO - Started process (PID=232) to work on /opt/airflow/dags/Example.py
[2025-08-22T20:42:30.605+0000] {processor.py:914} INFO - Processing file /opt/airflow/dags/Example.py for tasks to queue
[2025-08-22T20:42:30.608+0000] {logging_mixin.py:190} INFO - [2025-08-22T20:42:30.608+0000] {dagbag.py:588} INFO - Filling up the DagBag from /opt/airflow/dags/Example.py
[2025-08-22T20:42:30.624+0000] {processor.py:925} INFO - DAG(s) 'teste_basico' retrieved from /opt/airflow/dags/Example.py
[2025-08-22T20:42:30.651+0000] {logging_mixin.py:190} INFO - [2025-08-22T20:42:30.651+0000] {dag.py:3239} INFO - Sync 1 DAGs
[2025-08-22T20:42:30.666+0000] {logging_mixin.py:190} INFO - [2025-08-22T20:42:30.665+0000] {dag.py:4180} INFO - Setting next_dagrun for teste_basico to None, run_after=None
[2025-08-22T20:42:30.688+0000] {processor.py:208} INFO - Processing /opt/airflow/dags/Example.py took 0.090 seconds
[2025-08-22T20:43:00.823+0000] {processor.py:186} INFO - Started process (PID=239) to work on /opt/airflow/dags/Example.py
[2025-08-22T20:43:00.824+0000] {processor.py:914} INFO - Processing file /opt/airflow/dags/Example.py for tasks to queue
[2025-08-22T20:43:00.826+0000] {logging_mixin.py:190} INFO - [2025-08-22T20:43:00.826+0000] {dagbag.py:588} INFO - Filling up the DagBag from /opt/airflow/dags/Example.py
[2025-08-22T20:43:00.839+0000] {processor.py:925} INFO - DAG(s) 'teste_basico' retrieved from /opt/airflow/dags/Example.py
[2025-08-22T20:43:00.862+0000] {logging_mixin.py:190} INFO - [2025-08-22T20:43:00.861+0000] {dag.py:3239} INFO - Sync 1 DAGs
[2025-08-22T20:43:00.874+0000] {logging_mixin.py:190} INFO - [2025-08-22T20:43:00.874+0000] {dag.py:4180} INFO - Setting next_dagrun for teste_basico to None, run_after=None
[2025-08-22T20:43:00.894+0000] {processor.py:208} INFO - Processing /opt/airflow/dags/Example.py took 0.077 seconds
[2025-08-22T20:43:31.019+0000] {processor.py:186} INFO - Started process (PID=246) to work on /opt/airflow/dags/Example.py
[2025-08-22T20:43:31.020+0000] {processor.py:914} INFO - Processing file /opt/airflow/dags/Example.py for tasks to queue
[2025-08-22T20:43:31.022+0000] {logging_mixin.py:190} INFO - [2025-08-22T20:43:31.022+0000] {dagbag.py:588} INFO - Filling up the DagBag from /opt/airflow/dags/Example.py
[2025-08-22T20:43:31.036+0000] {processor.py:925} INFO - DAG(s) 'teste_basico' retrieved from /opt/airflow/dags/Example.py
[2025-08-22T20:43:31.058+0000] {logging_mixin.py:190} INFO - [2025-08-22T20:43:31.058+0000] {dag.py:3239} INFO - Sync 1 DAGs
[2025-08-22T20:43:31.071+0000] {logging_mixin.py:190} INFO - [2025-08-22T20:43:31.071+0000] {dag.py:4180} INFO - Setting next_dagrun for teste_basico to None, run_after=None
[2025-08-22T20:43:31.093+0000] {processor.py:208} INFO - Processing /opt/airflow/dags/Example.py took 0.080 seconds
[2025-08-22T20:44:01.218+0000] {processor.py:186} INFO - Started process (PID=253) to work on /opt/airflow/dags/Example.py
[2025-08-22T20:44:01.219+0000] {processor.py:914} INFO - Processing file /opt/airflow/dags/Example.py for tasks to queue
[2025-08-22T20:44:01.221+0000] {logging_mixin.py:190} INFO - [2025-08-22T20:44:01.221+0000] {dagbag.py:588} INFO - Filling up the DagBag from /opt/airflow/dags/Example.py
[2025-08-22T20:44:01.235+0000] {processor.py:925} INFO - DAG(s) 'teste_basico' retrieved from /opt/airflow/dags/Example.py
[2025-08-22T20:44:01.256+0000] {logging_mixin.py:190} INFO - [2025-08-22T20:44:01.256+0000] {dag.py:3239} INFO - Sync 1 DAGs
[2025-08-22T20:44:01.267+0000] {logging_mixin.py:190} INFO - [2025-08-22T20:44:01.267+0000] {dag.py:4180} INFO - Setting next_dagrun for teste_basico to None, run_after=None
[2025-08-22T20:44:01.293+0000] {processor.py:208} INFO - Processing /opt/airflow/dags/Example.py took 0.079 seconds
[2025-08-22T20:44:31.414+0000] {processor.py:186} INFO - Started process (PID=260) to work on /opt/airflow/dags/Example.py
[2025-08-22T20:44:31.415+0000] {processor.py:914} INFO - Processing file /opt/airflow/dags/Example.py for tasks to queue
[2025-08-22T20:44:31.417+0000] {logging_mixin.py:190} INFO - [2025-08-22T20:44:31.417+0000] {dagbag.py:588} INFO - Filling up the DagBag from /opt/airflow/dags/Example.py
[2025-08-22T20:44:31.432+0000] {processor.py:925} INFO - DAG(s) 'teste_basico' retrieved from /opt/airflow/dags/Example.py
[2025-08-22T20:44:31.461+0000] {logging_mixin.py:190} INFO - [2025-08-22T20:44:31.461+0000] {dag.py:3239} INFO - Sync 1 DAGs
[2025-08-22T20:44:31.483+0000] {logging_mixin.py:190} INFO - [2025-08-22T20:44:31.483+0000] {dag.py:4180} INFO - Setting next_dagrun for teste_basico to None, run_after=None
[2025-08-22T20:44:31.509+0000] {processor.py:208} INFO - Processing /opt/airflow/dags/Example.py took 0.101 seconds
