[2025-08-19T14:18:13.314+0000] {processor.py:186} INFO - Started process (PID=56) to work on /opt/airflow/dags/Example.py
[2025-08-19T14:18:13.315+0000] {processor.py:914} INFO - Processing file /opt/airflow/dags/Example.py for tasks to queue
[2025-08-19T14:18:13.317+0000] {logging_mixin.py:190} INFO - [2025-08-19T14:18:13.316+0000] {dagbag.py:588} INFO - Filling up the DagBag from /opt/airflow/dags/Example.py
[2025-08-19T14:18:13.341+0000] {processor.py:925} INFO - DAG(s) 'teste_basico' retrieved from /opt/airflow/dags/Example.py
[2025-08-19T14:18:13.373+0000] {logging_mixin.py:190} INFO - [2025-08-19T14:18:13.373+0000] {dag.py:3239} INFO - Sync 1 DAGs
[2025-08-19T14:18:13.389+0000] {logging_mixin.py:190} INFO - [2025-08-19T14:18:13.389+0000] {dag.py:4180} INFO - Setting next_dagrun for teste_basico to None, run_after=None
[2025-08-19T14:18:13.413+0000] {processor.py:208} INFO - Processing /opt/airflow/dags/Example.py took 0.105 seconds
[2025-08-19T14:18:43.492+0000] {processor.py:186} INFO - Started process (PID=63) to work on /opt/airflow/dags/Example.py
[2025-08-19T14:18:43.493+0000] {processor.py:914} INFO - Processing file /opt/airflow/dags/Example.py for tasks to queue
[2025-08-19T14:18:43.495+0000] {logging_mixin.py:190} INFO - [2025-08-19T14:18:43.495+0000] {dagbag.py:588} INFO - Filling up the DagBag from /opt/airflow/dags/Example.py
[2025-08-19T14:18:43.509+0000] {processor.py:925} INFO - DAG(s) 'teste_basico' retrieved from /opt/airflow/dags/Example.py
[2025-08-19T14:18:43.535+0000] {logging_mixin.py:190} INFO - [2025-08-19T14:18:43.535+0000] {dag.py:3239} INFO - Sync 1 DAGs
[2025-08-19T14:18:43.549+0000] {logging_mixin.py:190} INFO - [2025-08-19T14:18:43.549+0000] {dag.py:4180} INFO - Setting next_dagrun for teste_basico to None, run_after=None
[2025-08-19T14:18:43.564+0000] {processor.py:208} INFO - Processing /opt/airflow/dags/Example.py took 0.078 seconds
[2025-08-19T14:19:13.721+0000] {processor.py:186} INFO - Started process (PID=70) to work on /opt/airflow/dags/Example.py
[2025-08-19T14:19:13.722+0000] {processor.py:914} INFO - Processing file /opt/airflow/dags/Example.py for tasks to queue
[2025-08-19T14:19:13.724+0000] {logging_mixin.py:190} INFO - [2025-08-19T14:19:13.724+0000] {dagbag.py:588} INFO - Filling up the DagBag from /opt/airflow/dags/Example.py
[2025-08-19T14:19:13.739+0000] {processor.py:925} INFO - DAG(s) 'teste_basico' retrieved from /opt/airflow/dags/Example.py
[2025-08-19T14:19:13.763+0000] {logging_mixin.py:190} INFO - [2025-08-19T14:19:13.762+0000] {dag.py:3239} INFO - Sync 1 DAGs
[2025-08-19T14:19:13.775+0000] {logging_mixin.py:190} INFO - [2025-08-19T14:19:13.775+0000] {dag.py:4180} INFO - Setting next_dagrun for teste_basico to None, run_after=None
[2025-08-19T14:19:13.808+0000] {processor.py:208} INFO - Processing /opt/airflow/dags/Example.py took 0.092 seconds
[2025-08-19T14:19:43.891+0000] {processor.py:186} INFO - Started process (PID=77) to work on /opt/airflow/dags/Example.py
[2025-08-19T14:19:43.892+0000] {processor.py:914} INFO - Processing file /opt/airflow/dags/Example.py for tasks to queue
[2025-08-19T14:19:43.894+0000] {logging_mixin.py:190} INFO - [2025-08-19T14:19:43.894+0000] {dagbag.py:588} INFO - Filling up the DagBag from /opt/airflow/dags/Example.py
[2025-08-19T14:19:43.908+0000] {processor.py:925} INFO - DAG(s) 'teste_basico' retrieved from /opt/airflow/dags/Example.py
[2025-08-19T14:19:43.934+0000] {logging_mixin.py:190} INFO - [2025-08-19T14:19:43.933+0000] {dag.py:3239} INFO - Sync 1 DAGs
[2025-08-19T14:19:43.947+0000] {logging_mixin.py:190} INFO - [2025-08-19T14:19:43.947+0000] {dag.py:4180} INFO - Setting next_dagrun for teste_basico to None, run_after=None
[2025-08-19T14:19:43.968+0000] {processor.py:208} INFO - Processing /opt/airflow/dags/Example.py took 0.082 seconds
[2025-08-19T14:20:14.121+0000] {processor.py:186} INFO - Started process (PID=84) to work on /opt/airflow/dags/Example.py
[2025-08-19T14:20:14.121+0000] {processor.py:914} INFO - Processing file /opt/airflow/dags/Example.py for tasks to queue
[2025-08-19T14:20:14.123+0000] {logging_mixin.py:190} INFO - [2025-08-19T14:20:14.123+0000] {dagbag.py:588} INFO - Filling up the DagBag from /opt/airflow/dags/Example.py
[2025-08-19T14:20:14.135+0000] {processor.py:925} INFO - DAG(s) 'teste_basico' retrieved from /opt/airflow/dags/Example.py
[2025-08-19T14:20:14.159+0000] {logging_mixin.py:190} INFO - [2025-08-19T14:20:14.159+0000] {dag.py:3239} INFO - Sync 1 DAGs
[2025-08-19T14:20:14.171+0000] {logging_mixin.py:190} INFO - [2025-08-19T14:20:14.171+0000] {dag.py:4180} INFO - Setting next_dagrun for teste_basico to None, run_after=None
[2025-08-19T14:20:14.203+0000] {processor.py:208} INFO - Processing /opt/airflow/dags/Example.py took 0.087 seconds
[2025-08-19T14:20:44.285+0000] {processor.py:186} INFO - Started process (PID=91) to work on /opt/airflow/dags/Example.py
[2025-08-19T14:20:44.286+0000] {processor.py:914} INFO - Processing file /opt/airflow/dags/Example.py for tasks to queue
[2025-08-19T14:20:44.288+0000] {logging_mixin.py:190} INFO - [2025-08-19T14:20:44.287+0000] {dagbag.py:588} INFO - Filling up the DagBag from /opt/airflow/dags/Example.py
[2025-08-19T14:20:44.301+0000] {processor.py:925} INFO - DAG(s) 'teste_basico' retrieved from /opt/airflow/dags/Example.py
[2025-08-19T14:20:44.326+0000] {logging_mixin.py:190} INFO - [2025-08-19T14:20:44.325+0000] {dag.py:3239} INFO - Sync 1 DAGs
[2025-08-19T14:20:44.338+0000] {logging_mixin.py:190} INFO - [2025-08-19T14:20:44.338+0000] {dag.py:4180} INFO - Setting next_dagrun for teste_basico to None, run_after=None
[2025-08-19T14:20:44.357+0000] {processor.py:208} INFO - Processing /opt/airflow/dags/Example.py took 0.077 seconds
[2025-08-19T14:21:14.511+0000] {processor.py:186} INFO - Started process (PID=98) to work on /opt/airflow/dags/Example.py
[2025-08-19T14:21:14.512+0000] {processor.py:914} INFO - Processing file /opt/airflow/dags/Example.py for tasks to queue
[2025-08-19T14:21:14.514+0000] {logging_mixin.py:190} INFO - [2025-08-19T14:21:14.513+0000] {dagbag.py:588} INFO - Filling up the DagBag from /opt/airflow/dags/Example.py
[2025-08-19T14:21:14.527+0000] {processor.py:925} INFO - DAG(s) 'teste_basico' retrieved from /opt/airflow/dags/Example.py
[2025-08-19T14:21:14.547+0000] {logging_mixin.py:190} INFO - [2025-08-19T14:21:14.547+0000] {dag.py:3239} INFO - Sync 1 DAGs
[2025-08-19T14:21:14.559+0000] {logging_mixin.py:190} INFO - [2025-08-19T14:21:14.559+0000] {dag.py:4180} INFO - Setting next_dagrun for teste_basico to None, run_after=None
[2025-08-19T14:21:14.578+0000] {processor.py:208} INFO - Processing /opt/airflow/dags/Example.py took 0.071 seconds
[2025-08-19T14:21:44.684+0000] {processor.py:186} INFO - Started process (PID=105) to work on /opt/airflow/dags/Example.py
[2025-08-19T14:21:44.684+0000] {processor.py:914} INFO - Processing file /opt/airflow/dags/Example.py for tasks to queue
[2025-08-19T14:21:44.687+0000] {logging_mixin.py:190} INFO - [2025-08-19T14:21:44.687+0000] {dagbag.py:588} INFO - Filling up the DagBag from /opt/airflow/dags/Example.py
[2025-08-19T14:21:44.700+0000] {processor.py:925} INFO - DAG(s) 'teste_basico' retrieved from /opt/airflow/dags/Example.py
[2025-08-19T14:21:44.725+0000] {logging_mixin.py:190} INFO - [2025-08-19T14:21:44.724+0000] {dag.py:3239} INFO - Sync 1 DAGs
[2025-08-19T14:21:44.738+0000] {logging_mixin.py:190} INFO - [2025-08-19T14:21:44.738+0000] {dag.py:4180} INFO - Setting next_dagrun for teste_basico to None, run_after=None
[2025-08-19T14:21:44.754+0000] {processor.py:208} INFO - Processing /opt/airflow/dags/Example.py took 0.077 seconds
[2025-08-19T14:22:14.896+0000] {processor.py:186} INFO - Started process (PID=112) to work on /opt/airflow/dags/Example.py
[2025-08-19T14:22:14.897+0000] {processor.py:914} INFO - Processing file /opt/airflow/dags/Example.py for tasks to queue
[2025-08-19T14:22:14.900+0000] {logging_mixin.py:190} INFO - [2025-08-19T14:22:14.899+0000] {dagbag.py:588} INFO - Filling up the DagBag from /opt/airflow/dags/Example.py
[2025-08-19T14:22:14.914+0000] {processor.py:925} INFO - DAG(s) 'teste_basico' retrieved from /opt/airflow/dags/Example.py
[2025-08-19T14:22:14.940+0000] {logging_mixin.py:190} INFO - [2025-08-19T14:22:14.940+0000] {dag.py:3239} INFO - Sync 1 DAGs
[2025-08-19T14:22:14.957+0000] {logging_mixin.py:190} INFO - [2025-08-19T14:22:14.956+0000] {dag.py:4180} INFO - Setting next_dagrun for teste_basico to None, run_after=None
[2025-08-19T14:22:14.981+0000] {processor.py:208} INFO - Processing /opt/airflow/dags/Example.py took 0.090 seconds
[2025-08-19T14:22:45.079+0000] {processor.py:186} INFO - Started process (PID=119) to work on /opt/airflow/dags/Example.py
[2025-08-19T14:22:45.080+0000] {processor.py:914} INFO - Processing file /opt/airflow/dags/Example.py for tasks to queue
[2025-08-19T14:22:45.082+0000] {logging_mixin.py:190} INFO - [2025-08-19T14:22:45.081+0000] {dagbag.py:588} INFO - Filling up the DagBag from /opt/airflow/dags/Example.py
[2025-08-19T14:22:45.094+0000] {processor.py:925} INFO - DAG(s) 'teste_basico' retrieved from /opt/airflow/dags/Example.py
[2025-08-19T14:22:45.118+0000] {logging_mixin.py:190} INFO - [2025-08-19T14:22:45.117+0000] {dag.py:3239} INFO - Sync 1 DAGs
[2025-08-19T14:22:45.133+0000] {logging_mixin.py:190} INFO - [2025-08-19T14:22:45.132+0000] {dag.py:4180} INFO - Setting next_dagrun for teste_basico to None, run_after=None
[2025-08-19T14:22:45.155+0000] {processor.py:208} INFO - Processing /opt/airflow/dags/Example.py took 0.082 seconds
[2025-08-19T14:23:15.318+0000] {processor.py:186} INFO - Started process (PID=126) to work on /opt/airflow/dags/Example.py
[2025-08-19T14:23:15.319+0000] {processor.py:914} INFO - Processing file /opt/airflow/dags/Example.py for tasks to queue
[2025-08-19T14:23:15.321+0000] {logging_mixin.py:190} INFO - [2025-08-19T14:23:15.320+0000] {dagbag.py:588} INFO - Filling up the DagBag from /opt/airflow/dags/Example.py
[2025-08-19T14:23:15.334+0000] {processor.py:925} INFO - DAG(s) 'teste_basico' retrieved from /opt/airflow/dags/Example.py
[2025-08-19T14:23:15.358+0000] {logging_mixin.py:190} INFO - [2025-08-19T14:23:15.358+0000] {dag.py:3239} INFO - Sync 1 DAGs
[2025-08-19T14:23:15.373+0000] {logging_mixin.py:190} INFO - [2025-08-19T14:23:15.372+0000] {dag.py:4180} INFO - Setting next_dagrun for teste_basico to None, run_after=None
[2025-08-19T14:23:15.395+0000] {processor.py:208} INFO - Processing /opt/airflow/dags/Example.py took 0.082 seconds
[2025-08-19T14:23:45.488+0000] {processor.py:186} INFO - Started process (PID=139) to work on /opt/airflow/dags/Example.py
[2025-08-19T14:23:45.489+0000] {processor.py:914} INFO - Processing file /opt/airflow/dags/Example.py for tasks to queue
[2025-08-19T14:23:45.491+0000] {logging_mixin.py:190} INFO - [2025-08-19T14:23:45.490+0000] {dagbag.py:588} INFO - Filling up the DagBag from /opt/airflow/dags/Example.py
[2025-08-19T14:23:45.503+0000] {processor.py:925} INFO - DAG(s) 'teste_basico' retrieved from /opt/airflow/dags/Example.py
[2025-08-19T14:23:45.527+0000] {logging_mixin.py:190} INFO - [2025-08-19T14:23:45.527+0000] {dag.py:3239} INFO - Sync 1 DAGs
[2025-08-19T14:23:45.540+0000] {logging_mixin.py:190} INFO - [2025-08-19T14:23:45.540+0000] {dag.py:4180} INFO - Setting next_dagrun for teste_basico to None, run_after=None
[2025-08-19T14:23:45.557+0000] {processor.py:208} INFO - Processing /opt/airflow/dags/Example.py took 0.076 seconds
[2025-08-19T14:24:15.715+0000] {processor.py:186} INFO - Started process (PID=146) to work on /opt/airflow/dags/Example.py
[2025-08-19T14:24:15.716+0000] {processor.py:914} INFO - Processing file /opt/airflow/dags/Example.py for tasks to queue
[2025-08-19T14:24:15.719+0000] {logging_mixin.py:190} INFO - [2025-08-19T14:24:15.718+0000] {dagbag.py:588} INFO - Filling up the DagBag from /opt/airflow/dags/Example.py
[2025-08-19T14:24:15.733+0000] {processor.py:925} INFO - DAG(s) 'teste_basico' retrieved from /opt/airflow/dags/Example.py
[2025-08-19T14:24:15.758+0000] {logging_mixin.py:190} INFO - [2025-08-19T14:24:15.758+0000] {dag.py:3239} INFO - Sync 1 DAGs
[2025-08-19T14:24:15.771+0000] {logging_mixin.py:190} INFO - [2025-08-19T14:24:15.771+0000] {dag.py:4180} INFO - Setting next_dagrun for teste_basico to None, run_after=None
[2025-08-19T14:24:15.792+0000] {processor.py:208} INFO - Processing /opt/airflow/dags/Example.py took 0.082 seconds
[2025-08-19T14:24:45.887+0000] {processor.py:186} INFO - Started process (PID=153) to work on /opt/airflow/dags/Example.py
[2025-08-19T14:24:45.888+0000] {processor.py:914} INFO - Processing file /opt/airflow/dags/Example.py for tasks to queue
[2025-08-19T14:24:45.890+0000] {logging_mixin.py:190} INFO - [2025-08-19T14:24:45.889+0000] {dagbag.py:588} INFO - Filling up the DagBag from /opt/airflow/dags/Example.py
[2025-08-19T14:24:45.903+0000] {processor.py:925} INFO - DAG(s) 'teste_basico' retrieved from /opt/airflow/dags/Example.py
[2025-08-19T14:24:45.932+0000] {logging_mixin.py:190} INFO - [2025-08-19T14:24:45.931+0000] {dag.py:3239} INFO - Sync 1 DAGs
[2025-08-19T14:24:45.946+0000] {logging_mixin.py:190} INFO - [2025-08-19T14:24:45.945+0000] {dag.py:4180} INFO - Setting next_dagrun for teste_basico to None, run_after=None
[2025-08-19T14:24:45.968+0000] {processor.py:208} INFO - Processing /opt/airflow/dags/Example.py took 0.085 seconds
[2025-08-19T14:25:16.104+0000] {processor.py:186} INFO - Started process (PID=160) to work on /opt/airflow/dags/Example.py
[2025-08-19T14:25:16.104+0000] {processor.py:914} INFO - Processing file /opt/airflow/dags/Example.py for tasks to queue
[2025-08-19T14:25:16.106+0000] {logging_mixin.py:190} INFO - [2025-08-19T14:25:16.106+0000] {dagbag.py:588} INFO - Filling up the DagBag from /opt/airflow/dags/Example.py
[2025-08-19T14:25:16.120+0000] {processor.py:925} INFO - DAG(s) 'teste_basico' retrieved from /opt/airflow/dags/Example.py
[2025-08-19T14:25:16.141+0000] {logging_mixin.py:190} INFO - [2025-08-19T14:25:16.140+0000] {dag.py:3239} INFO - Sync 1 DAGs
[2025-08-19T14:25:16.152+0000] {logging_mixin.py:190} INFO - [2025-08-19T14:25:16.152+0000] {dag.py:4180} INFO - Setting next_dagrun for teste_basico to None, run_after=None
[2025-08-19T14:25:16.170+0000] {processor.py:208} INFO - Processing /opt/airflow/dags/Example.py took 0.071 seconds
[2025-08-19T14:25:46.288+0000] {processor.py:186} INFO - Started process (PID=167) to work on /opt/airflow/dags/Example.py
[2025-08-19T14:25:46.289+0000] {processor.py:914} INFO - Processing file /opt/airflow/dags/Example.py for tasks to queue
[2025-08-19T14:25:46.292+0000] {logging_mixin.py:190} INFO - [2025-08-19T14:25:46.292+0000] {dagbag.py:588} INFO - Filling up the DagBag from /opt/airflow/dags/Example.py
[2025-08-19T14:25:46.306+0000] {processor.py:925} INFO - DAG(s) 'teste_basico' retrieved from /opt/airflow/dags/Example.py
[2025-08-19T14:25:46.331+0000] {logging_mixin.py:190} INFO - [2025-08-19T14:25:46.331+0000] {dag.py:3239} INFO - Sync 1 DAGs
[2025-08-19T14:25:46.344+0000] {logging_mixin.py:190} INFO - [2025-08-19T14:25:46.344+0000] {dag.py:4180} INFO - Setting next_dagrun for teste_basico to None, run_after=None
[2025-08-19T14:25:46.721+0000] {processor.py:208} INFO - Processing /opt/airflow/dags/Example.py took 0.439 seconds
[2025-08-19T14:26:16.891+0000] {processor.py:186} INFO - Started process (PID=174) to work on /opt/airflow/dags/Example.py
[2025-08-19T14:26:16.892+0000] {processor.py:914} INFO - Processing file /opt/airflow/dags/Example.py for tasks to queue
[2025-08-19T14:26:16.895+0000] {logging_mixin.py:190} INFO - [2025-08-19T14:26:16.895+0000] {dagbag.py:588} INFO - Filling up the DagBag from /opt/airflow/dags/Example.py
[2025-08-19T14:26:16.909+0000] {processor.py:925} INFO - DAG(s) 'teste_basico' retrieved from /opt/airflow/dags/Example.py
[2025-08-19T14:26:16.935+0000] {logging_mixin.py:190} INFO - [2025-08-19T14:26:16.935+0000] {dag.py:3239} INFO - Sync 1 DAGs
[2025-08-19T14:26:16.948+0000] {logging_mixin.py:190} INFO - [2025-08-19T14:26:16.948+0000] {dag.py:4180} INFO - Setting next_dagrun for teste_basico to None, run_after=None
[2025-08-19T14:26:17.231+0000] {processor.py:208} INFO - Processing /opt/airflow/dags/Example.py took 0.346 seconds
[2025-08-19T14:26:47.401+0000] {processor.py:186} INFO - Started process (PID=181) to work on /opt/airflow/dags/Example.py
[2025-08-19T14:26:47.402+0000] {processor.py:914} INFO - Processing file /opt/airflow/dags/Example.py for tasks to queue
[2025-08-19T14:26:47.404+0000] {logging_mixin.py:190} INFO - [2025-08-19T14:26:47.404+0000] {dagbag.py:588} INFO - Filling up the DagBag from /opt/airflow/dags/Example.py
[2025-08-19T14:26:47.419+0000] {processor.py:925} INFO - DAG(s) 'teste_basico' retrieved from /opt/airflow/dags/Example.py
[2025-08-19T14:26:47.444+0000] {logging_mixin.py:190} INFO - [2025-08-19T14:26:47.444+0000] {dag.py:3239} INFO - Sync 1 DAGs
[2025-08-19T14:26:47.459+0000] {logging_mixin.py:190} INFO - [2025-08-19T14:26:47.458+0000] {dag.py:4180} INFO - Setting next_dagrun for teste_basico to None, run_after=None
[2025-08-19T14:26:47.776+0000] {processor.py:208} INFO - Processing /opt/airflow/dags/Example.py took 0.380 seconds
[2025-08-19T14:27:17.966+0000] {processor.py:186} INFO - Started process (PID=188) to work on /opt/airflow/dags/Example.py
[2025-08-19T14:27:17.967+0000] {processor.py:914} INFO - Processing file /opt/airflow/dags/Example.py for tasks to queue
[2025-08-19T14:27:17.969+0000] {logging_mixin.py:190} INFO - [2025-08-19T14:27:17.969+0000] {dagbag.py:588} INFO - Filling up the DagBag from /opt/airflow/dags/Example.py
[2025-08-19T14:27:17.983+0000] {processor.py:925} INFO - DAG(s) 'teste_basico' retrieved from /opt/airflow/dags/Example.py
[2025-08-19T14:27:18.005+0000] {logging_mixin.py:190} INFO - [2025-08-19T14:27:18.005+0000] {dag.py:3239} INFO - Sync 1 DAGs
[2025-08-19T14:27:18.019+0000] {logging_mixin.py:190} INFO - [2025-08-19T14:27:18.018+0000] {dag.py:4180} INFO - Setting next_dagrun for teste_basico to None, run_after=None
[2025-08-19T14:27:18.070+0000] {processor.py:208} INFO - Processing /opt/airflow/dags/Example.py took 0.109 seconds
[2025-08-19T14:27:48.128+0000] {processor.py:186} INFO - Started process (PID=195) to work on /opt/airflow/dags/Example.py
[2025-08-19T14:27:48.129+0000] {processor.py:914} INFO - Processing file /opt/airflow/dags/Example.py for tasks to queue
[2025-08-19T14:27:48.131+0000] {logging_mixin.py:190} INFO - [2025-08-19T14:27:48.131+0000] {dagbag.py:588} INFO - Filling up the DagBag from /opt/airflow/dags/Example.py
[2025-08-19T14:27:48.144+0000] {processor.py:925} INFO - DAG(s) 'teste_basico' retrieved from /opt/airflow/dags/Example.py
[2025-08-19T14:27:48.165+0000] {logging_mixin.py:190} INFO - [2025-08-19T14:27:48.165+0000] {dag.py:3239} INFO - Sync 1 DAGs
[2025-08-19T14:27:48.178+0000] {logging_mixin.py:190} INFO - [2025-08-19T14:27:48.178+0000] {dag.py:4180} INFO - Setting next_dagrun for teste_basico to None, run_after=None
[2025-08-19T14:27:48.803+0000] {processor.py:208} INFO - Processing /opt/airflow/dags/Example.py took 0.679 seconds
[2025-08-19T14:28:18.986+0000] {processor.py:186} INFO - Started process (PID=202) to work on /opt/airflow/dags/Example.py
[2025-08-19T14:28:18.986+0000] {processor.py:914} INFO - Processing file /opt/airflow/dags/Example.py for tasks to queue
[2025-08-19T14:28:18.988+0000] {logging_mixin.py:190} INFO - [2025-08-19T14:28:18.988+0000] {dagbag.py:588} INFO - Filling up the DagBag from /opt/airflow/dags/Example.py
[2025-08-19T14:28:19.002+0000] {processor.py:925} INFO - DAG(s) 'teste_basico' retrieved from /opt/airflow/dags/Example.py
[2025-08-19T14:28:19.023+0000] {logging_mixin.py:190} INFO - [2025-08-19T14:28:19.023+0000] {dag.py:3239} INFO - Sync 1 DAGs
[2025-08-19T14:28:19.034+0000] {logging_mixin.py:190} INFO - [2025-08-19T14:28:19.034+0000] {dag.py:4180} INFO - Setting next_dagrun for teste_basico to None, run_after=None
[2025-08-19T14:28:19.053+0000] {processor.py:208} INFO - Processing /opt/airflow/dags/Example.py took 0.073 seconds
[2025-08-19T14:28:49.157+0000] {processor.py:186} INFO - Started process (PID=209) to work on /opt/airflow/dags/Example.py
[2025-08-19T14:28:49.157+0000] {processor.py:914} INFO - Processing file /opt/airflow/dags/Example.py for tasks to queue
[2025-08-19T14:28:49.160+0000] {logging_mixin.py:190} INFO - [2025-08-19T14:28:49.160+0000] {dagbag.py:588} INFO - Filling up the DagBag from /opt/airflow/dags/Example.py
[2025-08-19T14:28:49.174+0000] {processor.py:925} INFO - DAG(s) 'teste_basico' retrieved from /opt/airflow/dags/Example.py
[2025-08-19T14:28:49.198+0000] {logging_mixin.py:190} INFO - [2025-08-19T14:28:49.197+0000] {dag.py:3239} INFO - Sync 1 DAGs
[2025-08-19T14:28:49.211+0000] {logging_mixin.py:190} INFO - [2025-08-19T14:28:49.211+0000] {dag.py:4180} INFO - Setting next_dagrun for teste_basico to None, run_after=None
[2025-08-19T14:28:49.226+0000] {processor.py:208} INFO - Processing /opt/airflow/dags/Example.py took 0.076 seconds
[2025-08-19T14:29:19.373+0000] {processor.py:186} INFO - Started process (PID=216) to work on /opt/airflow/dags/Example.py
[2025-08-19T14:29:19.374+0000] {processor.py:914} INFO - Processing file /opt/airflow/dags/Example.py for tasks to queue
[2025-08-19T14:29:19.376+0000] {logging_mixin.py:190} INFO - [2025-08-19T14:29:19.376+0000] {dagbag.py:588} INFO - Filling up the DagBag from /opt/airflow/dags/Example.py
[2025-08-19T14:29:19.389+0000] {processor.py:925} INFO - DAG(s) 'teste_basico' retrieved from /opt/airflow/dags/Example.py
[2025-08-19T14:29:19.411+0000] {logging_mixin.py:190} INFO - [2025-08-19T14:29:19.411+0000] {dag.py:3239} INFO - Sync 1 DAGs
[2025-08-19T14:29:19.424+0000] {logging_mixin.py:190} INFO - [2025-08-19T14:29:19.424+0000] {dag.py:4180} INFO - Setting next_dagrun for teste_basico to None, run_after=None
[2025-08-19T14:29:19.445+0000] {processor.py:208} INFO - Processing /opt/airflow/dags/Example.py took 0.076 seconds
[2025-08-19T14:29:49.542+0000] {processor.py:186} INFO - Started process (PID=223) to work on /opt/airflow/dags/Example.py
[2025-08-19T14:29:49.542+0000] {processor.py:914} INFO - Processing file /opt/airflow/dags/Example.py for tasks to queue
[2025-08-19T14:29:49.544+0000] {logging_mixin.py:190} INFO - [2025-08-19T14:29:49.544+0000] {dagbag.py:588} INFO - Filling up the DagBag from /opt/airflow/dags/Example.py
[2025-08-19T14:29:49.557+0000] {processor.py:925} INFO - DAG(s) 'teste_basico' retrieved from /opt/airflow/dags/Example.py
[2025-08-19T14:29:49.581+0000] {logging_mixin.py:190} INFO - [2025-08-19T14:29:49.581+0000] {dag.py:3239} INFO - Sync 1 DAGs
[2025-08-19T14:29:49.594+0000] {logging_mixin.py:190} INFO - [2025-08-19T14:29:49.594+0000] {dag.py:4180} INFO - Setting next_dagrun for teste_basico to None, run_after=None
[2025-08-19T14:29:49.612+0000] {processor.py:208} INFO - Processing /opt/airflow/dags/Example.py took 0.075 seconds
[2025-08-19T14:30:19.769+0000] {processor.py:186} INFO - Started process (PID=230) to work on /opt/airflow/dags/Example.py
[2025-08-19T14:30:19.769+0000] {processor.py:914} INFO - Processing file /opt/airflow/dags/Example.py for tasks to queue
[2025-08-19T14:30:19.771+0000] {logging_mixin.py:190} INFO - [2025-08-19T14:30:19.771+0000] {dagbag.py:588} INFO - Filling up the DagBag from /opt/airflow/dags/Example.py
[2025-08-19T14:30:19.785+0000] {processor.py:925} INFO - DAG(s) 'teste_basico' retrieved from /opt/airflow/dags/Example.py
[2025-08-19T14:30:19.807+0000] {logging_mixin.py:190} INFO - [2025-08-19T14:30:19.806+0000] {dag.py:3239} INFO - Sync 1 DAGs
[2025-08-19T14:30:19.819+0000] {logging_mixin.py:190} INFO - [2025-08-19T14:30:19.819+0000] {dag.py:4180} INFO - Setting next_dagrun for teste_basico to None, run_after=None
[2025-08-19T14:30:19.840+0000] {processor.py:208} INFO - Processing /opt/airflow/dags/Example.py took 0.076 seconds
