[2025-08-17T21:40:31.839+0000] {processor.py:186} INFO - Started process (PID=96) to work on /home/airflow/.local/lib/python3.12/site-packages/airflow/example_dags/example_xcomargs.py
[2025-08-17T21:40:31.840+0000] {processor.py:914} INFO - Processing file /home/airflow/.local/lib/python3.12/site-packages/airflow/example_dags/example_xcomargs.py for tasks to queue
[2025-08-17T21:40:31.842+0000] {logging_mixin.py:190} INFO - [2025-08-17T21:40:31.842+0000] {dagbag.py:588} INFO - Filling up the DagBag from /home/airflow/.local/lib/python3.12/site-packages/airflow/example_dags/example_xcomargs.py
[2025-08-17T21:40:31.853+0000] {processor.py:925} INFO - DAG(s) 'example_xcom_args_with_operators', 'example_xcom_args' retrieved from /home/airflow/.local/lib/python3.12/site-packages/airflow/example_dags/example_xcomargs.py
[2025-08-17T21:40:31.950+0000] {logging_mixin.py:190} INFO - [2025-08-17T21:40:31.950+0000] {override.py:1930} INFO - Created Permission View: can read on DAG:example_xcom_args_with_operators
[2025-08-17T21:40:31.967+0000] {logging_mixin.py:190} INFO - [2025-08-17T21:40:31.967+0000] {override.py:1930} INFO - Created Permission View: can edit on DAG:example_xcom_args_with_operators
[2025-08-17T21:40:31.972+0000] {logging_mixin.py:190} INFO - [2025-08-17T21:40:31.972+0000] {override.py:1930} INFO - Created Permission View: can delete on DAG:example_xcom_args_with_operators
[2025-08-17T21:40:31.979+0000] {logging_mixin.py:190} INFO - [2025-08-17T21:40:31.979+0000] {override.py:1930} INFO - Created Permission View: can read on DAG Run:example_xcom_args_with_operators
[2025-08-17T21:40:31.984+0000] {logging_mixin.py:190} INFO - [2025-08-17T21:40:31.984+0000] {override.py:1930} INFO - Created Permission View: can create on DAG Run:example_xcom_args_with_operators
[2025-08-17T21:40:31.989+0000] {logging_mixin.py:190} INFO - [2025-08-17T21:40:31.989+0000] {override.py:1930} INFO - Created Permission View: can delete on DAG Run:example_xcom_args_with_operators
[2025-08-17T21:40:31.995+0000] {logging_mixin.py:190} INFO - [2025-08-17T21:40:31.994+0000] {override.py:1930} INFO - Created Permission View: menu access on DAG Run:example_xcom_args_with_operators
[2025-08-17T21:40:32.004+0000] {logging_mixin.py:190} INFO - [2025-08-17T21:40:32.004+0000] {override.py:1930} INFO - Created Permission View: can read on DAG:example_xcom_args
[2025-08-17T21:40:32.009+0000] {logging_mixin.py:190} INFO - [2025-08-17T21:40:32.009+0000] {override.py:1930} INFO - Created Permission View: can edit on DAG:example_xcom_args
[2025-08-17T21:40:32.015+0000] {logging_mixin.py:190} INFO - [2025-08-17T21:40:32.014+0000] {override.py:1930} INFO - Created Permission View: can delete on DAG:example_xcom_args
[2025-08-17T21:40:32.020+0000] {logging_mixin.py:190} INFO - [2025-08-17T21:40:32.020+0000] {override.py:1930} INFO - Created Permission View: can read on DAG Run:example_xcom_args
[2025-08-17T21:40:32.025+0000] {logging_mixin.py:190} INFO - [2025-08-17T21:40:32.025+0000] {override.py:1930} INFO - Created Permission View: can create on DAG Run:example_xcom_args
[2025-08-17T21:40:32.030+0000] {logging_mixin.py:190} INFO - [2025-08-17T21:40:32.030+0000] {override.py:1930} INFO - Created Permission View: can delete on DAG Run:example_xcom_args
[2025-08-17T21:40:32.036+0000] {logging_mixin.py:190} INFO - [2025-08-17T21:40:32.035+0000] {override.py:1930} INFO - Created Permission View: menu access on DAG Run:example_xcom_args
[2025-08-17T21:40:32.036+0000] {logging_mixin.py:190} INFO - [2025-08-17T21:40:32.036+0000] {dag.py:3239} INFO - Sync 2 DAGs
[2025-08-17T21:40:32.048+0000] {logging_mixin.py:190} INFO - [2025-08-17T21:40:32.047+0000] {dag.py:3262} INFO - Creating ORM DAG for example_xcom_args
[2025-08-17T21:40:32.049+0000] {logging_mixin.py:190} INFO - [2025-08-17T21:40:32.049+0000] {dag.py:3262} INFO - Creating ORM DAG for example_xcom_args_with_operators
[2025-08-17T21:40:32.049+0000] {logging_mixin.py:190} INFO - [2025-08-17T21:40:32.049+0000] {dag.py:4180} INFO - Setting next_dagrun for example_xcom_args to None, run_after=None
[2025-08-17T21:40:32.050+0000] {logging_mixin.py:190} INFO - [2025-08-17T21:40:32.050+0000] {dag.py:4180} INFO - Setting next_dagrun for example_xcom_args_with_operators to None, run_after=None
[2025-08-17T21:40:32.066+0000] {processor.py:208} INFO - Processing /home/airflow/.local/lib/python3.12/site-packages/airflow/example_dags/example_xcomargs.py took 0.233 seconds
[2025-08-17T21:41:02.651+0000] {processor.py:186} INFO - Started process (PID=159) to work on /home/airflow/.local/lib/python3.12/site-packages/airflow/example_dags/example_xcomargs.py
[2025-08-17T21:41:02.652+0000] {processor.py:914} INFO - Processing file /home/airflow/.local/lib/python3.12/site-packages/airflow/example_dags/example_xcomargs.py for tasks to queue
[2025-08-17T21:41:02.654+0000] {logging_mixin.py:190} INFO - [2025-08-17T21:41:02.654+0000] {dagbag.py:588} INFO - Filling up the DagBag from /home/airflow/.local/lib/python3.12/site-packages/airflow/example_dags/example_xcomargs.py
[2025-08-17T21:41:02.663+0000] {processor.py:925} INFO - DAG(s) 'example_xcom_args', 'example_xcom_args_with_operators' retrieved from /home/airflow/.local/lib/python3.12/site-packages/airflow/example_dags/example_xcomargs.py
[2025-08-17T21:41:02.683+0000] {logging_mixin.py:190} INFO - [2025-08-17T21:41:02.683+0000] {dag.py:3239} INFO - Sync 2 DAGs
[2025-08-17T21:41:02.694+0000] {logging_mixin.py:190} INFO - [2025-08-17T21:41:02.694+0000] {dag.py:4180} INFO - Setting next_dagrun for example_xcom_args to None, run_after=None
[2025-08-17T21:41:02.697+0000] {logging_mixin.py:190} INFO - [2025-08-17T21:41:02.697+0000] {dag.py:4180} INFO - Setting next_dagrun for example_xcom_args_with_operators to None, run_after=None
[2025-08-17T21:41:02.708+0000] {processor.py:208} INFO - Processing /home/airflow/.local/lib/python3.12/site-packages/airflow/example_dags/example_xcomargs.py took 0.062 seconds
[2025-08-17T21:41:33.103+0000] {processor.py:186} INFO - Started process (PID=222) to work on /home/airflow/.local/lib/python3.12/site-packages/airflow/example_dags/example_xcomargs.py
[2025-08-17T21:41:33.104+0000] {processor.py:914} INFO - Processing file /home/airflow/.local/lib/python3.12/site-packages/airflow/example_dags/example_xcomargs.py for tasks to queue
[2025-08-17T21:41:33.106+0000] {logging_mixin.py:190} INFO - [2025-08-17T21:41:33.106+0000] {dagbag.py:588} INFO - Filling up the DagBag from /home/airflow/.local/lib/python3.12/site-packages/airflow/example_dags/example_xcomargs.py
[2025-08-17T21:41:33.115+0000] {processor.py:925} INFO - DAG(s) 'example_xcom_args_with_operators', 'example_xcom_args' retrieved from /home/airflow/.local/lib/python3.12/site-packages/airflow/example_dags/example_xcomargs.py
[2025-08-17T21:41:33.135+0000] {logging_mixin.py:190} INFO - [2025-08-17T21:41:33.135+0000] {dag.py:3239} INFO - Sync 2 DAGs
[2025-08-17T21:41:33.146+0000] {logging_mixin.py:190} INFO - [2025-08-17T21:41:33.146+0000] {dag.py:4180} INFO - Setting next_dagrun for example_xcom_args to None, run_after=None
[2025-08-17T21:41:33.149+0000] {logging_mixin.py:190} INFO - [2025-08-17T21:41:33.149+0000] {dag.py:4180} INFO - Setting next_dagrun for example_xcom_args_with_operators to None, run_after=None
[2025-08-17T21:41:33.191+0000] {processor.py:208} INFO - Processing /home/airflow/.local/lib/python3.12/site-packages/airflow/example_dags/example_xcomargs.py took 0.093 seconds
[2025-08-17T21:42:03.615+0000] {processor.py:186} INFO - Started process (PID=285) to work on /home/airflow/.local/lib/python3.12/site-packages/airflow/example_dags/example_xcomargs.py
[2025-08-17T21:42:03.616+0000] {processor.py:914} INFO - Processing file /home/airflow/.local/lib/python3.12/site-packages/airflow/example_dags/example_xcomargs.py for tasks to queue
[2025-08-17T21:42:03.618+0000] {logging_mixin.py:190} INFO - [2025-08-17T21:42:03.618+0000] {dagbag.py:588} INFO - Filling up the DagBag from /home/airflow/.local/lib/python3.12/site-packages/airflow/example_dags/example_xcomargs.py
[2025-08-17T21:42:03.627+0000] {processor.py:925} INFO - DAG(s) 'example_xcom_args_with_operators', 'example_xcom_args' retrieved from /home/airflow/.local/lib/python3.12/site-packages/airflow/example_dags/example_xcomargs.py
[2025-08-17T21:42:03.649+0000] {logging_mixin.py:190} INFO - [2025-08-17T21:42:03.649+0000] {dag.py:3239} INFO - Sync 2 DAGs
[2025-08-17T21:42:03.662+0000] {logging_mixin.py:190} INFO - [2025-08-17T21:42:03.662+0000] {dag.py:4180} INFO - Setting next_dagrun for example_xcom_args to None, run_after=None
[2025-08-17T21:42:03.665+0000] {logging_mixin.py:190} INFO - [2025-08-17T21:42:03.665+0000] {dag.py:4180} INFO - Setting next_dagrun for example_xcom_args_with_operators to None, run_after=None
[2025-08-17T21:42:03.678+0000] {processor.py:208} INFO - Processing /home/airflow/.local/lib/python3.12/site-packages/airflow/example_dags/example_xcomargs.py took 0.068 seconds
[2025-08-17T21:42:33.764+0000] {processor.py:186} INFO - Started process (PID=348) to work on /home/airflow/.local/lib/python3.12/site-packages/airflow/example_dags/example_xcomargs.py
[2025-08-17T21:42:33.765+0000] {processor.py:914} INFO - Processing file /home/airflow/.local/lib/python3.12/site-packages/airflow/example_dags/example_xcomargs.py for tasks to queue
[2025-08-17T21:42:33.767+0000] {logging_mixin.py:190} INFO - [2025-08-17T21:42:33.766+0000] {dagbag.py:588} INFO - Filling up the DagBag from /home/airflow/.local/lib/python3.12/site-packages/airflow/example_dags/example_xcomargs.py
[2025-08-17T21:42:33.776+0000] {processor.py:925} INFO - DAG(s) 'example_xcom_args_with_operators', 'example_xcom_args' retrieved from /home/airflow/.local/lib/python3.12/site-packages/airflow/example_dags/example_xcomargs.py
[2025-08-17T21:42:33.799+0000] {logging_mixin.py:190} INFO - [2025-08-17T21:42:33.799+0000] {dag.py:3239} INFO - Sync 2 DAGs
[2025-08-17T21:42:33.811+0000] {logging_mixin.py:190} INFO - [2025-08-17T21:42:33.811+0000] {dag.py:4180} INFO - Setting next_dagrun for example_xcom_args to None, run_after=None
[2025-08-17T21:42:33.814+0000] {logging_mixin.py:190} INFO - [2025-08-17T21:42:33.814+0000] {dag.py:4180} INFO - Setting next_dagrun for example_xcom_args_with_operators to None, run_after=None
[2025-08-17T21:42:33.843+0000] {processor.py:208} INFO - Processing /home/airflow/.local/lib/python3.12/site-packages/airflow/example_dags/example_xcomargs.py took 0.085 seconds
[2025-08-17T21:43:05.163+0000] {processor.py:186} INFO - Started process (PID=411) to work on /home/airflow/.local/lib/python3.12/site-packages/airflow/example_dags/example_xcomargs.py
[2025-08-17T21:43:05.164+0000] {processor.py:914} INFO - Processing file /home/airflow/.local/lib/python3.12/site-packages/airflow/example_dags/example_xcomargs.py for tasks to queue
[2025-08-17T21:43:05.166+0000] {logging_mixin.py:190} INFO - [2025-08-17T21:43:05.166+0000] {dagbag.py:588} INFO - Filling up the DagBag from /home/airflow/.local/lib/python3.12/site-packages/airflow/example_dags/example_xcomargs.py
[2025-08-17T21:43:05.177+0000] {processor.py:925} INFO - DAG(s) 'example_xcom_args_with_operators', 'example_xcom_args' retrieved from /home/airflow/.local/lib/python3.12/site-packages/airflow/example_dags/example_xcomargs.py
[2025-08-17T21:43:05.197+0000] {logging_mixin.py:190} INFO - [2025-08-17T21:43:05.197+0000] {dag.py:3239} INFO - Sync 2 DAGs
[2025-08-17T21:43:05.212+0000] {logging_mixin.py:190} INFO - [2025-08-17T21:43:05.212+0000] {dag.py:4180} INFO - Setting next_dagrun for example_xcom_args to None, run_after=None
[2025-08-17T21:43:05.215+0000] {logging_mixin.py:190} INFO - [2025-08-17T21:43:05.215+0000] {dag.py:4180} INFO - Setting next_dagrun for example_xcom_args_with_operators to None, run_after=None
[2025-08-17T21:43:05.229+0000] {processor.py:208} INFO - Processing /home/airflow/.local/lib/python3.12/site-packages/airflow/example_dags/example_xcomargs.py took 0.071 seconds
[2025-08-17T21:43:36.055+0000] {processor.py:186} INFO - Started process (PID=474) to work on /home/airflow/.local/lib/python3.12/site-packages/airflow/example_dags/example_xcomargs.py
[2025-08-17T21:43:36.056+0000] {processor.py:914} INFO - Processing file /home/airflow/.local/lib/python3.12/site-packages/airflow/example_dags/example_xcomargs.py for tasks to queue
[2025-08-17T21:43:36.059+0000] {logging_mixin.py:190} INFO - [2025-08-17T21:43:36.058+0000] {dagbag.py:588} INFO - Filling up the DagBag from /home/airflow/.local/lib/python3.12/site-packages/airflow/example_dags/example_xcomargs.py
[2025-08-17T21:43:36.067+0000] {processor.py:925} INFO - DAG(s) 'example_xcom_args', 'example_xcom_args_with_operators' retrieved from /home/airflow/.local/lib/python3.12/site-packages/airflow/example_dags/example_xcomargs.py
[2025-08-17T21:43:36.089+0000] {logging_mixin.py:190} INFO - [2025-08-17T21:43:36.089+0000] {dag.py:3239} INFO - Sync 2 DAGs
[2025-08-17T21:43:36.102+0000] {logging_mixin.py:190} INFO - [2025-08-17T21:43:36.102+0000] {dag.py:4180} INFO - Setting next_dagrun for example_xcom_args to None, run_after=None
[2025-08-17T21:43:36.106+0000] {logging_mixin.py:190} INFO - [2025-08-17T21:43:36.106+0000] {dag.py:4180} INFO - Setting next_dagrun for example_xcom_args_with_operators to None, run_after=None
[2025-08-17T21:43:36.130+0000] {processor.py:208} INFO - Processing /home/airflow/.local/lib/python3.12/site-packages/airflow/example_dags/example_xcomargs.py took 0.081 seconds
[2025-08-17T21:44:06.624+0000] {processor.py:186} INFO - Started process (PID=536) to work on /home/airflow/.local/lib/python3.12/site-packages/airflow/example_dags/example_xcomargs.py
[2025-08-17T21:44:06.625+0000] {processor.py:914} INFO - Processing file /home/airflow/.local/lib/python3.12/site-packages/airflow/example_dags/example_xcomargs.py for tasks to queue
[2025-08-17T21:44:06.626+0000] {logging_mixin.py:190} INFO - [2025-08-17T21:44:06.626+0000] {dagbag.py:588} INFO - Filling up the DagBag from /home/airflow/.local/lib/python3.12/site-packages/airflow/example_dags/example_xcomargs.py
[2025-08-17T21:44:06.635+0000] {processor.py:925} INFO - DAG(s) 'example_xcom_args', 'example_xcom_args_with_operators' retrieved from /home/airflow/.local/lib/python3.12/site-packages/airflow/example_dags/example_xcomargs.py
[2025-08-17T21:44:06.658+0000] {logging_mixin.py:190} INFO - [2025-08-17T21:44:06.658+0000] {dag.py:3239} INFO - Sync 2 DAGs
[2025-08-17T21:44:06.669+0000] {logging_mixin.py:190} INFO - [2025-08-17T21:44:06.669+0000] {dag.py:4180} INFO - Setting next_dagrun for example_xcom_args to None, run_after=None
[2025-08-17T21:44:06.672+0000] {logging_mixin.py:190} INFO - [2025-08-17T21:44:06.672+0000] {dag.py:4180} INFO - Setting next_dagrun for example_xcom_args_with_operators to None, run_after=None
[2025-08-17T21:44:06.690+0000] {processor.py:208} INFO - Processing /home/airflow/.local/lib/python3.12/site-packages/airflow/example_dags/example_xcomargs.py took 0.071 seconds
[2025-08-17T21:44:36.846+0000] {processor.py:186} INFO - Started process (PID=599) to work on /home/airflow/.local/lib/python3.12/site-packages/airflow/example_dags/example_xcomargs.py
[2025-08-17T21:44:36.847+0000] {processor.py:914} INFO - Processing file /home/airflow/.local/lib/python3.12/site-packages/airflow/example_dags/example_xcomargs.py for tasks to queue
[2025-08-17T21:44:36.849+0000] {logging_mixin.py:190} INFO - [2025-08-17T21:44:36.849+0000] {dagbag.py:588} INFO - Filling up the DagBag from /home/airflow/.local/lib/python3.12/site-packages/airflow/example_dags/example_xcomargs.py
[2025-08-17T21:44:36.859+0000] {processor.py:925} INFO - DAG(s) 'example_xcom_args', 'example_xcom_args_with_operators' retrieved from /home/airflow/.local/lib/python3.12/site-packages/airflow/example_dags/example_xcomargs.py
[2025-08-17T21:44:36.880+0000] {logging_mixin.py:190} INFO - [2025-08-17T21:44:36.880+0000] {dag.py:3239} INFO - Sync 2 DAGs
[2025-08-17T21:44:36.894+0000] {logging_mixin.py:190} INFO - [2025-08-17T21:44:36.894+0000] {dag.py:4180} INFO - Setting next_dagrun for example_xcom_args to None, run_after=None
[2025-08-17T21:44:36.897+0000] {logging_mixin.py:190} INFO - [2025-08-17T21:44:36.897+0000] {dag.py:4180} INFO - Setting next_dagrun for example_xcom_args_with_operators to None, run_after=None
[2025-08-17T21:44:36.918+0000] {processor.py:208} INFO - Processing /home/airflow/.local/lib/python3.12/site-packages/airflow/example_dags/example_xcomargs.py took 0.078 seconds
[2025-08-17T21:45:07.024+0000] {processor.py:186} INFO - Started process (PID=662) to work on /home/airflow/.local/lib/python3.12/site-packages/airflow/example_dags/example_xcomargs.py
[2025-08-17T21:45:07.025+0000] {processor.py:914} INFO - Processing file /home/airflow/.local/lib/python3.12/site-packages/airflow/example_dags/example_xcomargs.py for tasks to queue
[2025-08-17T21:45:07.027+0000] {logging_mixin.py:190} INFO - [2025-08-17T21:45:07.027+0000] {dagbag.py:588} INFO - Filling up the DagBag from /home/airflow/.local/lib/python3.12/site-packages/airflow/example_dags/example_xcomargs.py
[2025-08-17T21:45:07.037+0000] {processor.py:925} INFO - DAG(s) 'example_xcom_args_with_operators', 'example_xcom_args' retrieved from /home/airflow/.local/lib/python3.12/site-packages/airflow/example_dags/example_xcomargs.py
[2025-08-17T21:45:07.059+0000] {logging_mixin.py:190} INFO - [2025-08-17T21:45:07.058+0000] {dag.py:3239} INFO - Sync 2 DAGs
[2025-08-17T21:45:07.072+0000] {logging_mixin.py:190} INFO - [2025-08-17T21:45:07.072+0000] {dag.py:4180} INFO - Setting next_dagrun for example_xcom_args to None, run_after=None
[2025-08-17T21:45:07.075+0000] {logging_mixin.py:190} INFO - [2025-08-17T21:45:07.075+0000] {dag.py:4180} INFO - Setting next_dagrun for example_xcom_args_with_operators to None, run_after=None
[2025-08-17T21:45:07.094+0000] {processor.py:208} INFO - Processing /home/airflow/.local/lib/python3.12/site-packages/airflow/example_dags/example_xcomargs.py took 0.076 seconds
[2025-08-17T21:45:37.154+0000] {processor.py:186} INFO - Started process (PID=724) to work on /home/airflow/.local/lib/python3.12/site-packages/airflow/example_dags/example_xcomargs.py
[2025-08-17T21:45:37.155+0000] {processor.py:914} INFO - Processing file /home/airflow/.local/lib/python3.12/site-packages/airflow/example_dags/example_xcomargs.py for tasks to queue
[2025-08-17T21:45:37.157+0000] {logging_mixin.py:190} INFO - [2025-08-17T21:45:37.157+0000] {dagbag.py:588} INFO - Filling up the DagBag from /home/airflow/.local/lib/python3.12/site-packages/airflow/example_dags/example_xcomargs.py
[2025-08-17T21:45:37.169+0000] {processor.py:925} INFO - DAG(s) 'example_xcom_args', 'example_xcom_args_with_operators' retrieved from /home/airflow/.local/lib/python3.12/site-packages/airflow/example_dags/example_xcomargs.py
[2025-08-17T21:45:37.190+0000] {logging_mixin.py:190} INFO - [2025-08-17T21:45:37.190+0000] {dag.py:3239} INFO - Sync 2 DAGs
[2025-08-17T21:45:37.203+0000] {logging_mixin.py:190} INFO - [2025-08-17T21:45:37.203+0000] {dag.py:4180} INFO - Setting next_dagrun for example_xcom_args to None, run_after=None
[2025-08-17T21:45:37.206+0000] {logging_mixin.py:190} INFO - [2025-08-17T21:45:37.206+0000] {dag.py:4180} INFO - Setting next_dagrun for example_xcom_args_with_operators to None, run_after=None
[2025-08-17T21:45:37.224+0000] {processor.py:208} INFO - Processing /home/airflow/.local/lib/python3.12/site-packages/airflow/example_dags/example_xcomargs.py took 0.076 seconds
[2025-08-17T21:46:09.075+0000] {processor.py:186} INFO - Started process (PID=788) to work on /home/airflow/.local/lib/python3.12/site-packages/airflow/example_dags/example_xcomargs.py
[2025-08-17T21:46:09.076+0000] {processor.py:914} INFO - Processing file /home/airflow/.local/lib/python3.12/site-packages/airflow/example_dags/example_xcomargs.py for tasks to queue
[2025-08-17T21:46:09.079+0000] {logging_mixin.py:190} INFO - [2025-08-17T21:46:09.079+0000] {dagbag.py:588} INFO - Filling up the DagBag from /home/airflow/.local/lib/python3.12/site-packages/airflow/example_dags/example_xcomargs.py
[2025-08-17T21:46:09.091+0000] {processor.py:925} INFO - DAG(s) 'example_xcom_args', 'example_xcom_args_with_operators' retrieved from /home/airflow/.local/lib/python3.12/site-packages/airflow/example_dags/example_xcomargs.py
[2025-08-17T21:46:09.115+0000] {logging_mixin.py:190} INFO - [2025-08-17T21:46:09.114+0000] {dag.py:3239} INFO - Sync 2 DAGs
[2025-08-17T21:46:09.128+0000] {logging_mixin.py:190} INFO - [2025-08-17T21:46:09.127+0000] {dag.py:4180} INFO - Setting next_dagrun for example_xcom_args to None, run_after=None
[2025-08-17T21:46:09.132+0000] {logging_mixin.py:190} INFO - [2025-08-17T21:46:09.132+0000] {dag.py:4180} INFO - Setting next_dagrun for example_xcom_args_with_operators to None, run_after=None
[2025-08-17T21:46:09.151+0000] {processor.py:208} INFO - Processing /home/airflow/.local/lib/python3.12/site-packages/airflow/example_dags/example_xcomargs.py took 0.082 seconds
[2025-08-17T21:46:39.819+0000] {processor.py:186} INFO - Started process (PID=851) to work on /home/airflow/.local/lib/python3.12/site-packages/airflow/example_dags/example_xcomargs.py
[2025-08-17T21:46:39.819+0000] {processor.py:914} INFO - Processing file /home/airflow/.local/lib/python3.12/site-packages/airflow/example_dags/example_xcomargs.py for tasks to queue
[2025-08-17T21:46:39.822+0000] {logging_mixin.py:190} INFO - [2025-08-17T21:46:39.821+0000] {dagbag.py:588} INFO - Filling up the DagBag from /home/airflow/.local/lib/python3.12/site-packages/airflow/example_dags/example_xcomargs.py
[2025-08-17T21:46:39.832+0000] {processor.py:925} INFO - DAG(s) 'example_xcom_args_with_operators', 'example_xcom_args' retrieved from /home/airflow/.local/lib/python3.12/site-packages/airflow/example_dags/example_xcomargs.py
[2025-08-17T21:46:39.853+0000] {logging_mixin.py:190} INFO - [2025-08-17T21:46:39.853+0000] {dag.py:3239} INFO - Sync 2 DAGs
[2025-08-17T21:46:39.865+0000] {logging_mixin.py:190} INFO - [2025-08-17T21:46:39.865+0000] {dag.py:4180} INFO - Setting next_dagrun for example_xcom_args to None, run_after=None
[2025-08-17T21:46:39.868+0000] {logging_mixin.py:190} INFO - [2025-08-17T21:46:39.868+0000] {dag.py:4180} INFO - Setting next_dagrun for example_xcom_args_with_operators to None, run_after=None
[2025-08-17T21:46:39.886+0000] {processor.py:208} INFO - Processing /home/airflow/.local/lib/python3.12/site-packages/airflow/example_dags/example_xcomargs.py took 0.072 seconds
[2025-08-17T21:47:10.457+0000] {processor.py:186} INFO - Started process (PID=914) to work on /home/airflow/.local/lib/python3.12/site-packages/airflow/example_dags/example_xcomargs.py
[2025-08-17T21:47:10.458+0000] {processor.py:914} INFO - Processing file /home/airflow/.local/lib/python3.12/site-packages/airflow/example_dags/example_xcomargs.py for tasks to queue
[2025-08-17T21:47:10.461+0000] {logging_mixin.py:190} INFO - [2025-08-17T21:47:10.461+0000] {dagbag.py:588} INFO - Filling up the DagBag from /home/airflow/.local/lib/python3.12/site-packages/airflow/example_dags/example_xcomargs.py
[2025-08-17T21:47:10.471+0000] {processor.py:925} INFO - DAG(s) 'example_xcom_args', 'example_xcom_args_with_operators' retrieved from /home/airflow/.local/lib/python3.12/site-packages/airflow/example_dags/example_xcomargs.py
[2025-08-17T21:47:10.494+0000] {logging_mixin.py:190} INFO - [2025-08-17T21:47:10.494+0000] {dag.py:3239} INFO - Sync 2 DAGs
[2025-08-17T21:47:10.507+0000] {logging_mixin.py:190} INFO - [2025-08-17T21:47:10.507+0000] {dag.py:4180} INFO - Setting next_dagrun for example_xcom_args to None, run_after=None
[2025-08-17T21:47:10.511+0000] {logging_mixin.py:190} INFO - [2025-08-17T21:47:10.511+0000] {dag.py:4180} INFO - Setting next_dagrun for example_xcom_args_with_operators to None, run_after=None
[2025-08-17T21:47:10.532+0000] {processor.py:208} INFO - Processing /home/airflow/.local/lib/python3.12/site-packages/airflow/example_dags/example_xcomargs.py took 0.080 seconds
[2025-08-17T21:47:40.666+0000] {processor.py:186} INFO - Started process (PID=976) to work on /home/airflow/.local/lib/python3.12/site-packages/airflow/example_dags/example_xcomargs.py
[2025-08-17T21:47:40.667+0000] {processor.py:914} INFO - Processing file /home/airflow/.local/lib/python3.12/site-packages/airflow/example_dags/example_xcomargs.py for tasks to queue
[2025-08-17T21:47:40.669+0000] {logging_mixin.py:190} INFO - [2025-08-17T21:47:40.669+0000] {dagbag.py:588} INFO - Filling up the DagBag from /home/airflow/.local/lib/python3.12/site-packages/airflow/example_dags/example_xcomargs.py
[2025-08-17T21:47:40.678+0000] {processor.py:925} INFO - DAG(s) 'example_xcom_args', 'example_xcom_args_with_operators' retrieved from /home/airflow/.local/lib/python3.12/site-packages/airflow/example_dags/example_xcomargs.py
[2025-08-17T21:47:40.698+0000] {logging_mixin.py:190} INFO - [2025-08-17T21:47:40.698+0000] {dag.py:3239} INFO - Sync 2 DAGs
[2025-08-17T21:47:40.710+0000] {logging_mixin.py:190} INFO - [2025-08-17T21:47:40.710+0000] {dag.py:4180} INFO - Setting next_dagrun for example_xcom_args to None, run_after=None
[2025-08-17T21:47:40.713+0000] {logging_mixin.py:190} INFO - [2025-08-17T21:47:40.713+0000] {dag.py:4180} INFO - Setting next_dagrun for example_xcom_args_with_operators to None, run_after=None
[2025-08-17T21:47:40.730+0000] {processor.py:208} INFO - Processing /home/airflow/.local/lib/python3.12/site-packages/airflow/example_dags/example_xcomargs.py took 0.069 seconds
