[2025-08-17T21:40:26.014+0000] {processor.py:186} INFO - Started process (PID=60) to work on /home/airflow/.local/lib/python3.12/site-packages/airflow/example_dags/example_subdag_operator.py
[2025-08-17T21:40:26.015+0000] {processor.py:914} INFO - Processing file /home/airflow/.local/lib/python3.12/site-packages/airflow/example_dags/example_subdag_operator.py for tasks to queue
[2025-08-17T21:40:26.017+0000] {logging_mixin.py:190} INFO - [2025-08-17T21:40:26.017+0000] {dagbag.py:588} INFO - Filling up the DagBag from /home/airflow/.local/lib/python3.12/site-packages/airflow/example_dags/example_subdag_operator.py
[2025-08-17T21:40:26.050+0000] {processor.py:925} INFO - DAG(s) 'example_subdag_operator.section-1', 'example_subdag_operator.section-2', 'example_subdag_operator' retrieved from /home/airflow/.local/lib/python3.12/site-packages/airflow/example_dags/example_subdag_operator.py
[2025-08-17T21:40:26.182+0000] {logging_mixin.py:190} INFO - [2025-08-17T21:40:26.181+0000] {override.py:1930} INFO - Created Permission View: can read on DAG:example_subdag_operator
[2025-08-17T21:40:26.190+0000] {logging_mixin.py:190} INFO - [2025-08-17T21:40:26.190+0000] {override.py:1930} INFO - Created Permission View: can edit on DAG:example_subdag_operator
[2025-08-17T21:40:26.196+0000] {logging_mixin.py:190} INFO - [2025-08-17T21:40:26.196+0000] {override.py:1930} INFO - Created Permission View: can delete on DAG:example_subdag_operator
[2025-08-17T21:40:26.202+0000] {logging_mixin.py:190} INFO - [2025-08-17T21:40:26.202+0000] {override.py:1930} INFO - Created Permission View: can read on DAG Run:example_subdag_operator
[2025-08-17T21:40:26.208+0000] {logging_mixin.py:190} INFO - [2025-08-17T21:40:26.207+0000] {override.py:1930} INFO - Created Permission View: can create on DAG Run:example_subdag_operator
[2025-08-17T21:40:26.215+0000] {logging_mixin.py:190} INFO - [2025-08-17T21:40:26.214+0000] {override.py:1930} INFO - Created Permission View: can delete on DAG Run:example_subdag_operator
[2025-08-17T21:40:26.221+0000] {logging_mixin.py:190} INFO - [2025-08-17T21:40:26.221+0000] {override.py:1930} INFO - Created Permission View: menu access on DAG Run:example_subdag_operator
[2025-08-17T21:40:26.222+0000] {logging_mixin.py:190} INFO - [2025-08-17T21:40:26.222+0000] {dag.py:3239} INFO - Sync 3 DAGs
[2025-08-17T21:40:26.236+0000] {logging_mixin.py:190} INFO - [2025-08-17T21:40:26.236+0000] {dag.py:3262} INFO - Creating ORM DAG for example_subdag_operator.section-2
[2025-08-17T21:40:26.237+0000] {logging_mixin.py:190} INFO - [2025-08-17T21:40:26.237+0000] {dag.py:3262} INFO - Creating ORM DAG for example_subdag_operator.section-1
[2025-08-17T21:40:26.237+0000] {logging_mixin.py:190} INFO - [2025-08-17T21:40:26.237+0000] {dag.py:3262} INFO - Creating ORM DAG for example_subdag_operator
[2025-08-17T21:40:26.247+0000] {logging_mixin.py:190} INFO - [2025-08-17T21:40:26.247+0000] {dag.py:4180} INFO - Setting next_dagrun for example_subdag_operator to 2022-01-01 00:00:00+00:00, run_after=2022-01-01 00:00:00+00:00
[2025-08-17T21:40:26.248+0000] {logging_mixin.py:190} INFO - [2025-08-17T21:40:26.248+0000] {dag.py:4180} INFO - Setting next_dagrun for example_subdag_operator.section-1 to None, run_after=None
[2025-08-17T21:40:26.248+0000] {logging_mixin.py:190} INFO - [2025-08-17T21:40:26.248+0000] {dag.py:4180} INFO - Setting next_dagrun for example_subdag_operator.section-2 to None, run_after=None
[2025-08-17T21:40:26.259+0000] {logging_mixin.py:190} INFO - [2025-08-17T21:40:26.258+0000] {dag.py:3239} INFO - Sync 2 DAGs
[2025-08-17T21:40:26.264+0000] {logging_mixin.py:190} INFO - [2025-08-17T21:40:26.263+0000] {dag.py:4180} INFO - Setting next_dagrun for example_subdag_operator.section-1 to None, run_after=None
[2025-08-17T21:40:26.266+0000] {logging_mixin.py:190} INFO - [2025-08-17T21:40:26.266+0000] {dag.py:4180} INFO - Setting next_dagrun for example_subdag_operator.section-2 to None, run_after=None
[2025-08-17T21:40:26.307+0000] {processor.py:208} INFO - Processing /home/airflow/.local/lib/python3.12/site-packages/airflow/example_dags/example_subdag_operator.py took 0.298 seconds
[2025-08-17T21:40:56.491+0000] {processor.py:186} INFO - Started process (PID=123) to work on /home/airflow/.local/lib/python3.12/site-packages/airflow/example_dags/example_subdag_operator.py
[2025-08-17T21:40:56.492+0000] {processor.py:914} INFO - Processing file /home/airflow/.local/lib/python3.12/site-packages/airflow/example_dags/example_subdag_operator.py for tasks to queue
[2025-08-17T21:40:56.495+0000] {logging_mixin.py:190} INFO - [2025-08-17T21:40:56.494+0000] {dagbag.py:588} INFO - Filling up the DagBag from /home/airflow/.local/lib/python3.12/site-packages/airflow/example_dags/example_subdag_operator.py
[2025-08-17T21:40:56.520+0000] {processor.py:925} INFO - DAG(s) 'example_subdag_operator.section-1', 'example_subdag_operator.section-2', 'example_subdag_operator' retrieved from /home/airflow/.local/lib/python3.12/site-packages/airflow/example_dags/example_subdag_operator.py
[2025-08-17T21:40:56.532+0000] {logging_mixin.py:190} INFO - [2025-08-17T21:40:56.532+0000] {dag.py:3239} INFO - Sync 3 DAGs
[2025-08-17T21:40:56.552+0000] {logging_mixin.py:190} INFO - [2025-08-17T21:40:56.552+0000] {dag.py:4180} INFO - Setting next_dagrun for example_subdag_operator to 2022-01-01 00:00:00+00:00, run_after=2022-01-01 00:00:00+00:00
[2025-08-17T21:40:56.556+0000] {logging_mixin.py:190} INFO - [2025-08-17T21:40:56.555+0000] {dag.py:4180} INFO - Setting next_dagrun for example_subdag_operator.section-1 to None, run_after=None
[2025-08-17T21:40:56.557+0000] {logging_mixin.py:190} INFO - [2025-08-17T21:40:56.556+0000] {dag.py:4180} INFO - Setting next_dagrun for example_subdag_operator.section-2 to None, run_after=None
[2025-08-17T21:40:56.562+0000] {logging_mixin.py:190} INFO - [2025-08-17T21:40:56.562+0000] {dag.py:3239} INFO - Sync 2 DAGs
[2025-08-17T21:40:56.566+0000] {logging_mixin.py:190} INFO - [2025-08-17T21:40:56.566+0000] {dag.py:4180} INFO - Setting next_dagrun for example_subdag_operator.section-1 to None, run_after=None
[2025-08-17T21:40:56.566+0000] {logging_mixin.py:190} INFO - [2025-08-17T21:40:56.566+0000] {dag.py:4180} INFO - Setting next_dagrun for example_subdag_operator.section-2 to None, run_after=None
[2025-08-17T21:40:56.575+0000] {processor.py:208} INFO - Processing /home/airflow/.local/lib/python3.12/site-packages/airflow/example_dags/example_subdag_operator.py took 0.090 seconds
[2025-08-17T21:41:26.892+0000] {processor.py:186} INFO - Started process (PID=186) to work on /home/airflow/.local/lib/python3.12/site-packages/airflow/example_dags/example_subdag_operator.py
[2025-08-17T21:41:26.893+0000] {processor.py:914} INFO - Processing file /home/airflow/.local/lib/python3.12/site-packages/airflow/example_dags/example_subdag_operator.py for tasks to queue
[2025-08-17T21:41:26.896+0000] {logging_mixin.py:190} INFO - [2025-08-17T21:41:26.895+0000] {dagbag.py:588} INFO - Filling up the DagBag from /home/airflow/.local/lib/python3.12/site-packages/airflow/example_dags/example_subdag_operator.py
[2025-08-17T21:41:26.921+0000] {processor.py:925} INFO - DAG(s) 'example_subdag_operator.section-1', 'example_subdag_operator.section-2', 'example_subdag_operator' retrieved from /home/airflow/.local/lib/python3.12/site-packages/airflow/example_dags/example_subdag_operator.py
[2025-08-17T21:41:26.932+0000] {logging_mixin.py:190} INFO - [2025-08-17T21:41:26.932+0000] {dag.py:3239} INFO - Sync 3 DAGs
[2025-08-17T21:41:26.951+0000] {logging_mixin.py:190} INFO - [2025-08-17T21:41:26.951+0000] {dag.py:4180} INFO - Setting next_dagrun for example_subdag_operator to 2022-01-01 00:00:00+00:00, run_after=2022-01-01 00:00:00+00:00
[2025-08-17T21:41:26.953+0000] {logging_mixin.py:190} INFO - [2025-08-17T21:41:26.953+0000] {dag.py:4180} INFO - Setting next_dagrun for example_subdag_operator.section-1 to None, run_after=None
[2025-08-17T21:41:26.955+0000] {logging_mixin.py:190} INFO - [2025-08-17T21:41:26.954+0000] {dag.py:4180} INFO - Setting next_dagrun for example_subdag_operator.section-2 to None, run_after=None
[2025-08-17T21:41:26.960+0000] {logging_mixin.py:190} INFO - [2025-08-17T21:41:26.960+0000] {dag.py:3239} INFO - Sync 2 DAGs
[2025-08-17T21:41:26.964+0000] {logging_mixin.py:190} INFO - [2025-08-17T21:41:26.964+0000] {dag.py:4180} INFO - Setting next_dagrun for example_subdag_operator.section-1 to None, run_after=None
[2025-08-17T21:41:26.964+0000] {logging_mixin.py:190} INFO - [2025-08-17T21:41:26.964+0000] {dag.py:4180} INFO - Setting next_dagrun for example_subdag_operator.section-2 to None, run_after=None
[2025-08-17T21:41:27.000+0000] {processor.py:208} INFO - Processing /home/airflow/.local/lib/python3.12/site-packages/airflow/example_dags/example_subdag_operator.py took 0.113 seconds
[2025-08-17T21:41:57.518+0000] {processor.py:186} INFO - Started process (PID=249) to work on /home/airflow/.local/lib/python3.12/site-packages/airflow/example_dags/example_subdag_operator.py
[2025-08-17T21:41:57.519+0000] {processor.py:914} INFO - Processing file /home/airflow/.local/lib/python3.12/site-packages/airflow/example_dags/example_subdag_operator.py for tasks to queue
[2025-08-17T21:41:57.522+0000] {logging_mixin.py:190} INFO - [2025-08-17T21:41:57.522+0000] {dagbag.py:588} INFO - Filling up the DagBag from /home/airflow/.local/lib/python3.12/site-packages/airflow/example_dags/example_subdag_operator.py
[2025-08-17T21:41:57.547+0000] {processor.py:925} INFO - DAG(s) 'example_subdag_operator.section-1', 'example_subdag_operator.section-2', 'example_subdag_operator' retrieved from /home/airflow/.local/lib/python3.12/site-packages/airflow/example_dags/example_subdag_operator.py
[2025-08-17T21:41:57.560+0000] {logging_mixin.py:190} INFO - [2025-08-17T21:41:57.560+0000] {dag.py:3239} INFO - Sync 3 DAGs
[2025-08-17T21:41:57.580+0000] {logging_mixin.py:190} INFO - [2025-08-17T21:41:57.580+0000] {dag.py:4180} INFO - Setting next_dagrun for example_subdag_operator to 2022-01-01 00:00:00+00:00, run_after=2022-01-01 00:00:00+00:00
[2025-08-17T21:41:57.582+0000] {logging_mixin.py:190} INFO - [2025-08-17T21:41:57.582+0000] {dag.py:4180} INFO - Setting next_dagrun for example_subdag_operator.section-1 to None, run_after=None
[2025-08-17T21:41:57.584+0000] {logging_mixin.py:190} INFO - [2025-08-17T21:41:57.583+0000] {dag.py:4180} INFO - Setting next_dagrun for example_subdag_operator.section-2 to None, run_after=None
[2025-08-17T21:41:57.590+0000] {logging_mixin.py:190} INFO - [2025-08-17T21:41:57.590+0000] {dag.py:3239} INFO - Sync 2 DAGs
[2025-08-17T21:41:57.594+0000] {logging_mixin.py:190} INFO - [2025-08-17T21:41:57.594+0000] {dag.py:4180} INFO - Setting next_dagrun for example_subdag_operator.section-1 to None, run_after=None
[2025-08-17T21:41:57.595+0000] {logging_mixin.py:190} INFO - [2025-08-17T21:41:57.595+0000] {dag.py:4180} INFO - Setting next_dagrun for example_subdag_operator.section-2 to None, run_after=None
[2025-08-17T21:41:57.603+0000] {processor.py:208} INFO - Processing /home/airflow/.local/lib/python3.12/site-packages/airflow/example_dags/example_subdag_operator.py took 0.090 seconds
[2025-08-17T21:42:28.326+0000] {processor.py:186} INFO - Started process (PID=318) to work on /home/airflow/.local/lib/python3.12/site-packages/airflow/example_dags/example_subdag_operator.py
[2025-08-17T21:42:28.327+0000] {processor.py:914} INFO - Processing file /home/airflow/.local/lib/python3.12/site-packages/airflow/example_dags/example_subdag_operator.py for tasks to queue
[2025-08-17T21:42:28.329+0000] {logging_mixin.py:190} INFO - [2025-08-17T21:42:28.329+0000] {dagbag.py:588} INFO - Filling up the DagBag from /home/airflow/.local/lib/python3.12/site-packages/airflow/example_dags/example_subdag_operator.py
[2025-08-17T21:42:28.358+0000] {processor.py:925} INFO - DAG(s) 'example_subdag_operator.section-1', 'example_subdag_operator.section-2', 'example_subdag_operator' retrieved from /home/airflow/.local/lib/python3.12/site-packages/airflow/example_dags/example_subdag_operator.py
[2025-08-17T21:42:28.372+0000] {logging_mixin.py:190} INFO - [2025-08-17T21:42:28.372+0000] {dag.py:3239} INFO - Sync 3 DAGs
[2025-08-17T21:42:28.395+0000] {logging_mixin.py:190} INFO - [2025-08-17T21:42:28.395+0000] {dag.py:4180} INFO - Setting next_dagrun for example_subdag_operator to 2022-01-01 00:00:00+00:00, run_after=2022-01-01 00:00:00+00:00
[2025-08-17T21:42:28.399+0000] {logging_mixin.py:190} INFO - [2025-08-17T21:42:28.398+0000] {dag.py:4180} INFO - Setting next_dagrun for example_subdag_operator.section-1 to None, run_after=None
[2025-08-17T21:42:28.401+0000] {logging_mixin.py:190} INFO - [2025-08-17T21:42:28.401+0000] {dag.py:4180} INFO - Setting next_dagrun for example_subdag_operator.section-2 to None, run_after=None
[2025-08-17T21:42:28.411+0000] {logging_mixin.py:190} INFO - [2025-08-17T21:42:28.410+0000] {dag.py:3239} INFO - Sync 2 DAGs
[2025-08-17T21:42:28.417+0000] {logging_mixin.py:190} INFO - [2025-08-17T21:42:28.417+0000] {dag.py:4180} INFO - Setting next_dagrun for example_subdag_operator.section-1 to None, run_after=None
[2025-08-17T21:42:28.418+0000] {logging_mixin.py:190} INFO - [2025-08-17T21:42:28.418+0000] {dag.py:4180} INFO - Setting next_dagrun for example_subdag_operator.section-2 to None, run_after=None
[2025-08-17T21:42:28.429+0000] {processor.py:208} INFO - Processing /home/airflow/.local/lib/python3.12/site-packages/airflow/example_dags/example_subdag_operator.py took 0.110 seconds
[2025-08-17T21:42:58.907+0000] {processor.py:186} INFO - Started process (PID=381) to work on /home/airflow/.local/lib/python3.12/site-packages/airflow/example_dags/example_subdag_operator.py
[2025-08-17T21:42:58.908+0000] {processor.py:914} INFO - Processing file /home/airflow/.local/lib/python3.12/site-packages/airflow/example_dags/example_subdag_operator.py for tasks to queue
[2025-08-17T21:42:58.910+0000] {logging_mixin.py:190} INFO - [2025-08-17T21:42:58.910+0000] {dagbag.py:588} INFO - Filling up the DagBag from /home/airflow/.local/lib/python3.12/site-packages/airflow/example_dags/example_subdag_operator.py
[2025-08-17T21:42:58.937+0000] {processor.py:925} INFO - DAG(s) 'example_subdag_operator.section-1', 'example_subdag_operator.section-2', 'example_subdag_operator' retrieved from /home/airflow/.local/lib/python3.12/site-packages/airflow/example_dags/example_subdag_operator.py
[2025-08-17T21:42:58.949+0000] {logging_mixin.py:190} INFO - [2025-08-17T21:42:58.949+0000] {dag.py:3239} INFO - Sync 3 DAGs
[2025-08-17T21:42:58.970+0000] {logging_mixin.py:190} INFO - [2025-08-17T21:42:58.969+0000] {dag.py:4180} INFO - Setting next_dagrun for example_subdag_operator to 2022-01-01 00:00:00+00:00, run_after=2022-01-01 00:00:00+00:00
[2025-08-17T21:42:58.973+0000] {logging_mixin.py:190} INFO - [2025-08-17T21:42:58.973+0000] {dag.py:4180} INFO - Setting next_dagrun for example_subdag_operator.section-1 to None, run_after=None
[2025-08-17T21:42:58.974+0000] {logging_mixin.py:190} INFO - [2025-08-17T21:42:58.974+0000] {dag.py:4180} INFO - Setting next_dagrun for example_subdag_operator.section-2 to None, run_after=None
[2025-08-17T21:42:58.979+0000] {logging_mixin.py:190} INFO - [2025-08-17T21:42:58.979+0000] {dag.py:3239} INFO - Sync 2 DAGs
[2025-08-17T21:42:58.985+0000] {logging_mixin.py:190} INFO - [2025-08-17T21:42:58.985+0000] {dag.py:4180} INFO - Setting next_dagrun for example_subdag_operator.section-1 to None, run_after=None
[2025-08-17T21:42:58.986+0000] {logging_mixin.py:190} INFO - [2025-08-17T21:42:58.986+0000] {dag.py:4180} INFO - Setting next_dagrun for example_subdag_operator.section-2 to None, run_after=None
[2025-08-17T21:42:59.009+0000] {processor.py:208} INFO - Processing /home/airflow/.local/lib/python3.12/site-packages/airflow/example_dags/example_subdag_operator.py took 0.108 seconds
[2025-08-17T21:43:29.069+0000] {processor.py:186} INFO - Started process (PID=444) to work on /home/airflow/.local/lib/python3.12/site-packages/airflow/example_dags/example_subdag_operator.py
[2025-08-17T21:43:29.070+0000] {processor.py:914} INFO - Processing file /home/airflow/.local/lib/python3.12/site-packages/airflow/example_dags/example_subdag_operator.py for tasks to queue
[2025-08-17T21:43:29.072+0000] {logging_mixin.py:190} INFO - [2025-08-17T21:43:29.072+0000] {dagbag.py:588} INFO - Filling up the DagBag from /home/airflow/.local/lib/python3.12/site-packages/airflow/example_dags/example_subdag_operator.py
[2025-08-17T21:43:29.098+0000] {processor.py:925} INFO - DAG(s) 'example_subdag_operator.section-1', 'example_subdag_operator.section-2', 'example_subdag_operator' retrieved from /home/airflow/.local/lib/python3.12/site-packages/airflow/example_dags/example_subdag_operator.py
[2025-08-17T21:43:29.110+0000] {logging_mixin.py:190} INFO - [2025-08-17T21:43:29.109+0000] {dag.py:3239} INFO - Sync 3 DAGs
[2025-08-17T21:43:29.128+0000] {logging_mixin.py:190} INFO - [2025-08-17T21:43:29.128+0000] {dag.py:4180} INFO - Setting next_dagrun for example_subdag_operator to 2022-01-01 00:00:00+00:00, run_after=2022-01-01 00:00:00+00:00
[2025-08-17T21:43:29.132+0000] {logging_mixin.py:190} INFO - [2025-08-17T21:43:29.131+0000] {dag.py:4180} INFO - Setting next_dagrun for example_subdag_operator.section-1 to None, run_after=None
[2025-08-17T21:43:29.133+0000] {logging_mixin.py:190} INFO - [2025-08-17T21:43:29.133+0000] {dag.py:4180} INFO - Setting next_dagrun for example_subdag_operator.section-2 to None, run_after=None
[2025-08-17T21:43:29.138+0000] {logging_mixin.py:190} INFO - [2025-08-17T21:43:29.138+0000] {dag.py:3239} INFO - Sync 2 DAGs
[2025-08-17T21:43:29.142+0000] {logging_mixin.py:190} INFO - [2025-08-17T21:43:29.142+0000] {dag.py:4180} INFO - Setting next_dagrun for example_subdag_operator.section-1 to None, run_after=None
[2025-08-17T21:43:29.142+0000] {logging_mixin.py:190} INFO - [2025-08-17T21:43:29.142+0000] {dag.py:4180} INFO - Setting next_dagrun for example_subdag_operator.section-2 to None, run_after=None
[2025-08-17T21:43:29.151+0000] {processor.py:208} INFO - Processing /home/airflow/.local/lib/python3.12/site-packages/airflow/example_dags/example_subdag_operator.py took 0.087 seconds
[2025-08-17T21:43:59.359+0000] {processor.py:186} INFO - Started process (PID=507) to work on /home/airflow/.local/lib/python3.12/site-packages/airflow/example_dags/example_subdag_operator.py
[2025-08-17T21:43:59.360+0000] {processor.py:914} INFO - Processing file /home/airflow/.local/lib/python3.12/site-packages/airflow/example_dags/example_subdag_operator.py for tasks to queue
[2025-08-17T21:43:59.364+0000] {logging_mixin.py:190} INFO - [2025-08-17T21:43:59.363+0000] {dagbag.py:588} INFO - Filling up the DagBag from /home/airflow/.local/lib/python3.12/site-packages/airflow/example_dags/example_subdag_operator.py
[2025-08-17T21:43:59.391+0000] {processor.py:925} INFO - DAG(s) 'example_subdag_operator.section-1', 'example_subdag_operator.section-2', 'example_subdag_operator' retrieved from /home/airflow/.local/lib/python3.12/site-packages/airflow/example_dags/example_subdag_operator.py
[2025-08-17T21:43:59.404+0000] {logging_mixin.py:190} INFO - [2025-08-17T21:43:59.403+0000] {dag.py:3239} INFO - Sync 3 DAGs
[2025-08-17T21:43:59.424+0000] {logging_mixin.py:190} INFO - [2025-08-17T21:43:59.423+0000] {dag.py:4180} INFO - Setting next_dagrun for example_subdag_operator to 2022-01-01 00:00:00+00:00, run_after=2022-01-01 00:00:00+00:00
[2025-08-17T21:43:59.427+0000] {logging_mixin.py:190} INFO - [2025-08-17T21:43:59.427+0000] {dag.py:4180} INFO - Setting next_dagrun for example_subdag_operator.section-1 to None, run_after=None
[2025-08-17T21:43:59.428+0000] {logging_mixin.py:190} INFO - [2025-08-17T21:43:59.428+0000] {dag.py:4180} INFO - Setting next_dagrun for example_subdag_operator.section-2 to None, run_after=None
[2025-08-17T21:43:59.435+0000] {logging_mixin.py:190} INFO - [2025-08-17T21:43:59.435+0000] {dag.py:3239} INFO - Sync 2 DAGs
[2025-08-17T21:43:59.440+0000] {logging_mixin.py:190} INFO - [2025-08-17T21:43:59.439+0000] {dag.py:4180} INFO - Setting next_dagrun for example_subdag_operator.section-1 to None, run_after=None
[2025-08-17T21:43:59.440+0000] {logging_mixin.py:190} INFO - [2025-08-17T21:43:59.440+0000] {dag.py:4180} INFO - Setting next_dagrun for example_subdag_operator.section-2 to None, run_after=None
[2025-08-17T21:43:59.454+0000] {processor.py:208} INFO - Processing /home/airflow/.local/lib/python3.12/site-packages/airflow/example_dags/example_subdag_operator.py took 0.101 seconds
[2025-08-17T21:44:30.141+0000] {processor.py:186} INFO - Started process (PID=570) to work on /home/airflow/.local/lib/python3.12/site-packages/airflow/example_dags/example_subdag_operator.py
[2025-08-17T21:44:30.142+0000] {processor.py:914} INFO - Processing file /home/airflow/.local/lib/python3.12/site-packages/airflow/example_dags/example_subdag_operator.py for tasks to queue
[2025-08-17T21:44:30.145+0000] {logging_mixin.py:190} INFO - [2025-08-17T21:44:30.144+0000] {dagbag.py:588} INFO - Filling up the DagBag from /home/airflow/.local/lib/python3.12/site-packages/airflow/example_dags/example_subdag_operator.py
[2025-08-17T21:44:30.169+0000] {processor.py:925} INFO - DAG(s) 'example_subdag_operator.section-1', 'example_subdag_operator.section-2', 'example_subdag_operator' retrieved from /home/airflow/.local/lib/python3.12/site-packages/airflow/example_dags/example_subdag_operator.py
[2025-08-17T21:44:30.182+0000] {logging_mixin.py:190} INFO - [2025-08-17T21:44:30.182+0000] {dag.py:3239} INFO - Sync 3 DAGs
[2025-08-17T21:44:30.202+0000] {logging_mixin.py:190} INFO - [2025-08-17T21:44:30.202+0000] {dag.py:4180} INFO - Setting next_dagrun for example_subdag_operator to 2022-01-01 00:00:00+00:00, run_after=2022-01-01 00:00:00+00:00
[2025-08-17T21:44:30.205+0000] {logging_mixin.py:190} INFO - [2025-08-17T21:44:30.205+0000] {dag.py:4180} INFO - Setting next_dagrun for example_subdag_operator.section-1 to None, run_after=None
[2025-08-17T21:44:30.206+0000] {logging_mixin.py:190} INFO - [2025-08-17T21:44:30.206+0000] {dag.py:4180} INFO - Setting next_dagrun for example_subdag_operator.section-2 to None, run_after=None
[2025-08-17T21:44:30.212+0000] {logging_mixin.py:190} INFO - [2025-08-17T21:44:30.212+0000] {dag.py:3239} INFO - Sync 2 DAGs
[2025-08-17T21:44:30.216+0000] {logging_mixin.py:190} INFO - [2025-08-17T21:44:30.216+0000] {dag.py:4180} INFO - Setting next_dagrun for example_subdag_operator.section-1 to None, run_after=None
[2025-08-17T21:44:30.217+0000] {logging_mixin.py:190} INFO - [2025-08-17T21:44:30.217+0000] {dag.py:4180} INFO - Setting next_dagrun for example_subdag_operator.section-2 to None, run_after=None
[2025-08-17T21:44:30.227+0000] {processor.py:208} INFO - Processing /home/airflow/.local/lib/python3.12/site-packages/airflow/example_dags/example_subdag_operator.py took 0.092 seconds
[2025-08-17T21:45:00.362+0000] {processor.py:186} INFO - Started process (PID=633) to work on /home/airflow/.local/lib/python3.12/site-packages/airflow/example_dags/example_subdag_operator.py
[2025-08-17T21:45:00.363+0000] {processor.py:914} INFO - Processing file /home/airflow/.local/lib/python3.12/site-packages/airflow/example_dags/example_subdag_operator.py for tasks to queue
[2025-08-17T21:45:00.365+0000] {logging_mixin.py:190} INFO - [2025-08-17T21:45:00.364+0000] {dagbag.py:588} INFO - Filling up the DagBag from /home/airflow/.local/lib/python3.12/site-packages/airflow/example_dags/example_subdag_operator.py
[2025-08-17T21:45:00.388+0000] {processor.py:925} INFO - DAG(s) 'example_subdag_operator.section-1', 'example_subdag_operator.section-2', 'example_subdag_operator' retrieved from /home/airflow/.local/lib/python3.12/site-packages/airflow/example_dags/example_subdag_operator.py
[2025-08-17T21:45:00.401+0000] {logging_mixin.py:190} INFO - [2025-08-17T21:45:00.401+0000] {dag.py:3239} INFO - Sync 3 DAGs
[2025-08-17T21:45:00.420+0000] {logging_mixin.py:190} INFO - [2025-08-17T21:45:00.420+0000] {dag.py:4180} INFO - Setting next_dagrun for example_subdag_operator to 2022-01-01 00:00:00+00:00, run_after=2022-01-01 00:00:00+00:00
[2025-08-17T21:45:00.423+0000] {logging_mixin.py:190} INFO - [2025-08-17T21:45:00.422+0000] {dag.py:4180} INFO - Setting next_dagrun for example_subdag_operator.section-1 to None, run_after=None
[2025-08-17T21:45:00.423+0000] {logging_mixin.py:190} INFO - [2025-08-17T21:45:00.423+0000] {dag.py:4180} INFO - Setting next_dagrun for example_subdag_operator.section-2 to None, run_after=None
[2025-08-17T21:45:00.429+0000] {logging_mixin.py:190} INFO - [2025-08-17T21:45:00.429+0000] {dag.py:3239} INFO - Sync 2 DAGs
[2025-08-17T21:45:00.434+0000] {logging_mixin.py:190} INFO - [2025-08-17T21:45:00.433+0000] {dag.py:4180} INFO - Setting next_dagrun for example_subdag_operator.section-1 to None, run_after=None
[2025-08-17T21:45:00.434+0000] {logging_mixin.py:190} INFO - [2025-08-17T21:45:00.434+0000] {dag.py:4180} INFO - Setting next_dagrun for example_subdag_operator.section-2 to None, run_after=None
[2025-08-17T21:45:00.447+0000] {processor.py:208} INFO - Processing /home/airflow/.local/lib/python3.12/site-packages/airflow/example_dags/example_subdag_operator.py took 0.092 seconds
[2025-08-17T21:45:30.655+0000] {processor.py:186} INFO - Started process (PID=696) to work on /home/airflow/.local/lib/python3.12/site-packages/airflow/example_dags/example_subdag_operator.py
[2025-08-17T21:45:30.656+0000] {processor.py:914} INFO - Processing file /home/airflow/.local/lib/python3.12/site-packages/airflow/example_dags/example_subdag_operator.py for tasks to queue
[2025-08-17T21:45:30.658+0000] {logging_mixin.py:190} INFO - [2025-08-17T21:45:30.658+0000] {dagbag.py:588} INFO - Filling up the DagBag from /home/airflow/.local/lib/python3.12/site-packages/airflow/example_dags/example_subdag_operator.py
[2025-08-17T21:45:30.682+0000] {processor.py:925} INFO - DAG(s) 'example_subdag_operator.section-1', 'example_subdag_operator.section-2', 'example_subdag_operator' retrieved from /home/airflow/.local/lib/python3.12/site-packages/airflow/example_dags/example_subdag_operator.py
[2025-08-17T21:45:30.695+0000] {logging_mixin.py:190} INFO - [2025-08-17T21:45:30.694+0000] {dag.py:3239} INFO - Sync 3 DAGs
[2025-08-17T21:45:30.714+0000] {logging_mixin.py:190} INFO - [2025-08-17T21:45:30.713+0000] {dag.py:4180} INFO - Setting next_dagrun for example_subdag_operator to 2022-01-01 00:00:00+00:00, run_after=2022-01-01 00:00:00+00:00
[2025-08-17T21:45:30.717+0000] {logging_mixin.py:190} INFO - [2025-08-17T21:45:30.717+0000] {dag.py:4180} INFO - Setting next_dagrun for example_subdag_operator.section-1 to None, run_after=None
[2025-08-17T21:45:30.718+0000] {logging_mixin.py:190} INFO - [2025-08-17T21:45:30.718+0000] {dag.py:4180} INFO - Setting next_dagrun for example_subdag_operator.section-2 to None, run_after=None
[2025-08-17T21:45:30.724+0000] {logging_mixin.py:190} INFO - [2025-08-17T21:45:30.723+0000] {dag.py:3239} INFO - Sync 2 DAGs
[2025-08-17T21:45:30.728+0000] {logging_mixin.py:190} INFO - [2025-08-17T21:45:30.728+0000] {dag.py:4180} INFO - Setting next_dagrun for example_subdag_operator.section-1 to None, run_after=None
[2025-08-17T21:45:30.729+0000] {logging_mixin.py:190} INFO - [2025-08-17T21:45:30.728+0000] {dag.py:4180} INFO - Setting next_dagrun for example_subdag_operator.section-2 to None, run_after=None
[2025-08-17T21:45:30.736+0000] {processor.py:208} INFO - Processing /home/airflow/.local/lib/python3.12/site-packages/airflow/example_dags/example_subdag_operator.py took 0.087 seconds
[2025-08-17T21:46:00.973+0000] {processor.py:186} INFO - Started process (PID=759) to work on /home/airflow/.local/lib/python3.12/site-packages/airflow/example_dags/example_subdag_operator.py
[2025-08-17T21:46:00.974+0000] {processor.py:914} INFO - Processing file /home/airflow/.local/lib/python3.12/site-packages/airflow/example_dags/example_subdag_operator.py for tasks to queue
[2025-08-17T21:46:00.976+0000] {logging_mixin.py:190} INFO - [2025-08-17T21:46:00.976+0000] {dagbag.py:588} INFO - Filling up the DagBag from /home/airflow/.local/lib/python3.12/site-packages/airflow/example_dags/example_subdag_operator.py
[2025-08-17T21:46:01.000+0000] {processor.py:925} INFO - DAG(s) 'example_subdag_operator.section-1', 'example_subdag_operator.section-2', 'example_subdag_operator' retrieved from /home/airflow/.local/lib/python3.12/site-packages/airflow/example_dags/example_subdag_operator.py
[2025-08-17T21:46:01.012+0000] {logging_mixin.py:190} INFO - [2025-08-17T21:46:01.012+0000] {dag.py:3239} INFO - Sync 3 DAGs
[2025-08-17T21:46:01.031+0000] {logging_mixin.py:190} INFO - [2025-08-17T21:46:01.030+0000] {dag.py:4180} INFO - Setting next_dagrun for example_subdag_operator to 2022-01-01 00:00:00+00:00, run_after=2022-01-01 00:00:00+00:00
[2025-08-17T21:46:01.033+0000] {logging_mixin.py:190} INFO - [2025-08-17T21:46:01.033+0000] {dag.py:4180} INFO - Setting next_dagrun for example_subdag_operator.section-1 to None, run_after=None
[2025-08-17T21:46:01.034+0000] {logging_mixin.py:190} INFO - [2025-08-17T21:46:01.034+0000] {dag.py:4180} INFO - Setting next_dagrun for example_subdag_operator.section-2 to None, run_after=None
[2025-08-17T21:46:01.040+0000] {logging_mixin.py:190} INFO - [2025-08-17T21:46:01.040+0000] {dag.py:3239} INFO - Sync 2 DAGs
[2025-08-17T21:46:01.046+0000] {logging_mixin.py:190} INFO - [2025-08-17T21:46:01.045+0000] {dag.py:4180} INFO - Setting next_dagrun for example_subdag_operator.section-1 to None, run_after=None
[2025-08-17T21:46:01.046+0000] {logging_mixin.py:190} INFO - [2025-08-17T21:46:01.046+0000] {dag.py:4180} INFO - Setting next_dagrun for example_subdag_operator.section-2 to None, run_after=None
[2025-08-17T21:46:01.054+0000] {processor.py:208} INFO - Processing /home/airflow/.local/lib/python3.12/site-packages/airflow/example_dags/example_subdag_operator.py took 0.088 seconds
[2025-08-17T21:46:31.552+0000] {processor.py:186} INFO - Started process (PID=822) to work on /home/airflow/.local/lib/python3.12/site-packages/airflow/example_dags/example_subdag_operator.py
[2025-08-17T21:46:31.553+0000] {processor.py:914} INFO - Processing file /home/airflow/.local/lib/python3.12/site-packages/airflow/example_dags/example_subdag_operator.py for tasks to queue
[2025-08-17T21:46:31.555+0000] {logging_mixin.py:190} INFO - [2025-08-17T21:46:31.554+0000] {dagbag.py:588} INFO - Filling up the DagBag from /home/airflow/.local/lib/python3.12/site-packages/airflow/example_dags/example_subdag_operator.py
[2025-08-17T21:46:31.578+0000] {processor.py:925} INFO - DAG(s) 'example_subdag_operator.section-1', 'example_subdag_operator.section-2', 'example_subdag_operator' retrieved from /home/airflow/.local/lib/python3.12/site-packages/airflow/example_dags/example_subdag_operator.py
[2025-08-17T21:46:31.590+0000] {logging_mixin.py:190} INFO - [2025-08-17T21:46:31.590+0000] {dag.py:3239} INFO - Sync 3 DAGs
[2025-08-17T21:46:31.609+0000] {logging_mixin.py:190} INFO - [2025-08-17T21:46:31.609+0000] {dag.py:4180} INFO - Setting next_dagrun for example_subdag_operator to 2022-01-01 00:00:00+00:00, run_after=2022-01-01 00:00:00+00:00
[2025-08-17T21:46:31.613+0000] {logging_mixin.py:190} INFO - [2025-08-17T21:46:31.613+0000] {dag.py:4180} INFO - Setting next_dagrun for example_subdag_operator.section-1 to None, run_after=None
[2025-08-17T21:46:31.614+0000] {logging_mixin.py:190} INFO - [2025-08-17T21:46:31.614+0000] {dag.py:4180} INFO - Setting next_dagrun for example_subdag_operator.section-2 to None, run_after=None
[2025-08-17T21:46:31.620+0000] {logging_mixin.py:190} INFO - [2025-08-17T21:46:31.620+0000] {dag.py:3239} INFO - Sync 2 DAGs
[2025-08-17T21:46:31.625+0000] {logging_mixin.py:190} INFO - [2025-08-17T21:46:31.625+0000] {dag.py:4180} INFO - Setting next_dagrun for example_subdag_operator.section-1 to None, run_after=None
[2025-08-17T21:46:31.625+0000] {logging_mixin.py:190} INFO - [2025-08-17T21:46:31.625+0000] {dag.py:4180} INFO - Setting next_dagrun for example_subdag_operator.section-2 to None, run_after=None
[2025-08-17T21:46:31.633+0000] {processor.py:208} INFO - Processing /home/airflow/.local/lib/python3.12/site-packages/airflow/example_dags/example_subdag_operator.py took 0.087 seconds
[2025-08-17T21:47:01.836+0000] {processor.py:186} INFO - Started process (PID=885) to work on /home/airflow/.local/lib/python3.12/site-packages/airflow/example_dags/example_subdag_operator.py
[2025-08-17T21:47:01.837+0000] {processor.py:914} INFO - Processing file /home/airflow/.local/lib/python3.12/site-packages/airflow/example_dags/example_subdag_operator.py for tasks to queue
[2025-08-17T21:47:01.839+0000] {logging_mixin.py:190} INFO - [2025-08-17T21:47:01.839+0000] {dagbag.py:588} INFO - Filling up the DagBag from /home/airflow/.local/lib/python3.12/site-packages/airflow/example_dags/example_subdag_operator.py
[2025-08-17T21:47:01.863+0000] {processor.py:925} INFO - DAG(s) 'example_subdag_operator.section-1', 'example_subdag_operator.section-2', 'example_subdag_operator' retrieved from /home/airflow/.local/lib/python3.12/site-packages/airflow/example_dags/example_subdag_operator.py
[2025-08-17T21:47:01.876+0000] {logging_mixin.py:190} INFO - [2025-08-17T21:47:01.876+0000] {dag.py:3239} INFO - Sync 3 DAGs
[2025-08-17T21:47:01.895+0000] {logging_mixin.py:190} INFO - [2025-08-17T21:47:01.895+0000] {dag.py:4180} INFO - Setting next_dagrun for example_subdag_operator to 2022-01-01 00:00:00+00:00, run_after=2022-01-01 00:00:00+00:00
[2025-08-17T21:47:01.898+0000] {logging_mixin.py:190} INFO - [2025-08-17T21:47:01.898+0000] {dag.py:4180} INFO - Setting next_dagrun for example_subdag_operator.section-1 to None, run_after=None
[2025-08-17T21:47:01.900+0000] {logging_mixin.py:190} INFO - [2025-08-17T21:47:01.899+0000] {dag.py:4180} INFO - Setting next_dagrun for example_subdag_operator.section-2 to None, run_after=None
[2025-08-17T21:47:01.906+0000] {logging_mixin.py:190} INFO - [2025-08-17T21:47:01.906+0000] {dag.py:3239} INFO - Sync 2 DAGs
[2025-08-17T21:47:01.910+0000] {logging_mixin.py:190} INFO - [2025-08-17T21:47:01.910+0000] {dag.py:4180} INFO - Setting next_dagrun for example_subdag_operator.section-1 to None, run_after=None
[2025-08-17T21:47:01.910+0000] {logging_mixin.py:190} INFO - [2025-08-17T21:47:01.910+0000] {dag.py:4180} INFO - Setting next_dagrun for example_subdag_operator.section-2 to None, run_after=None
[2025-08-17T21:47:01.924+0000] {processor.py:208} INFO - Processing /home/airflow/.local/lib/python3.12/site-packages/airflow/example_dags/example_subdag_operator.py took 0.094 seconds
[2025-08-17T21:47:32.172+0000] {processor.py:186} INFO - Started process (PID=948) to work on /home/airflow/.local/lib/python3.12/site-packages/airflow/example_dags/example_subdag_operator.py
[2025-08-17T21:47:32.173+0000] {processor.py:914} INFO - Processing file /home/airflow/.local/lib/python3.12/site-packages/airflow/example_dags/example_subdag_operator.py for tasks to queue
[2025-08-17T21:47:32.175+0000] {logging_mixin.py:190} INFO - [2025-08-17T21:47:32.174+0000] {dagbag.py:588} INFO - Filling up the DagBag from /home/airflow/.local/lib/python3.12/site-packages/airflow/example_dags/example_subdag_operator.py
[2025-08-17T21:47:32.200+0000] {processor.py:925} INFO - DAG(s) 'example_subdag_operator.section-1', 'example_subdag_operator.section-2', 'example_subdag_operator' retrieved from /home/airflow/.local/lib/python3.12/site-packages/airflow/example_dags/example_subdag_operator.py
[2025-08-17T21:47:32.216+0000] {logging_mixin.py:190} INFO - [2025-08-17T21:47:32.215+0000] {dag.py:3239} INFO - Sync 3 DAGs
[2025-08-17T21:47:32.240+0000] {logging_mixin.py:190} INFO - [2025-08-17T21:47:32.239+0000] {dag.py:4180} INFO - Setting next_dagrun for example_subdag_operator to 2022-01-01 00:00:00+00:00, run_after=2022-01-01 00:00:00+00:00
[2025-08-17T21:47:32.244+0000] {logging_mixin.py:190} INFO - [2025-08-17T21:47:32.243+0000] {dag.py:4180} INFO - Setting next_dagrun for example_subdag_operator.section-1 to None, run_after=None
[2025-08-17T21:47:32.245+0000] {logging_mixin.py:190} INFO - [2025-08-17T21:47:32.245+0000] {dag.py:4180} INFO - Setting next_dagrun for example_subdag_operator.section-2 to None, run_after=None
[2025-08-17T21:47:32.254+0000] {logging_mixin.py:190} INFO - [2025-08-17T21:47:32.253+0000] {dag.py:3239} INFO - Sync 2 DAGs
[2025-08-17T21:47:32.258+0000] {logging_mixin.py:190} INFO - [2025-08-17T21:47:32.258+0000] {dag.py:4180} INFO - Setting next_dagrun for example_subdag_operator.section-1 to None, run_after=None
[2025-08-17T21:47:32.259+0000] {logging_mixin.py:190} INFO - [2025-08-17T21:47:32.259+0000] {dag.py:4180} INFO - Setting next_dagrun for example_subdag_operator.section-2 to None, run_after=None
[2025-08-17T21:47:32.277+0000] {processor.py:208} INFO - Processing /home/airflow/.local/lib/python3.12/site-packages/airflow/example_dags/example_subdag_operator.py took 0.111 seconds
[2025-08-17T21:48:02.345+0000] {processor.py:186} INFO - Started process (PID=1011) to work on /home/airflow/.local/lib/python3.12/site-packages/airflow/example_dags/example_subdag_operator.py
[2025-08-17T21:48:02.346+0000] {processor.py:914} INFO - Processing file /home/airflow/.local/lib/python3.12/site-packages/airflow/example_dags/example_subdag_operator.py for tasks to queue
[2025-08-17T21:48:02.349+0000] {logging_mixin.py:190} INFO - [2025-08-17T21:48:02.348+0000] {dagbag.py:588} INFO - Filling up the DagBag from /home/airflow/.local/lib/python3.12/site-packages/airflow/example_dags/example_subdag_operator.py
[2025-08-17T21:48:02.373+0000] {processor.py:925} INFO - DAG(s) 'example_subdag_operator.section-1', 'example_subdag_operator.section-2', 'example_subdag_operator' retrieved from /home/airflow/.local/lib/python3.12/site-packages/airflow/example_dags/example_subdag_operator.py
[2025-08-17T21:48:02.386+0000] {logging_mixin.py:190} INFO - [2025-08-17T21:48:02.385+0000] {dag.py:3239} INFO - Sync 3 DAGs
[2025-08-17T21:48:02.404+0000] {logging_mixin.py:190} INFO - [2025-08-17T21:48:02.404+0000] {dag.py:4180} INFO - Setting next_dagrun for example_subdag_operator to 2022-01-01 00:00:00+00:00, run_after=2022-01-01 00:00:00+00:00
[2025-08-17T21:48:02.407+0000] {logging_mixin.py:190} INFO - [2025-08-17T21:48:02.407+0000] {dag.py:4180} INFO - Setting next_dagrun for example_subdag_operator.section-1 to None, run_after=None
[2025-08-17T21:48:02.408+0000] {logging_mixin.py:190} INFO - [2025-08-17T21:48:02.408+0000] {dag.py:4180} INFO - Setting next_dagrun for example_subdag_operator.section-2 to None, run_after=None
[2025-08-17T21:48:02.414+0000] {logging_mixin.py:190} INFO - [2025-08-17T21:48:02.414+0000] {dag.py:3239} INFO - Sync 2 DAGs
[2025-08-17T21:48:02.418+0000] {logging_mixin.py:190} INFO - [2025-08-17T21:48:02.418+0000] {dag.py:4180} INFO - Setting next_dagrun for example_subdag_operator.section-1 to None, run_after=None
[2025-08-17T21:48:02.419+0000] {logging_mixin.py:190} INFO - [2025-08-17T21:48:02.419+0000] {dag.py:4180} INFO - Setting next_dagrun for example_subdag_operator.section-2 to None, run_after=None
[2025-08-17T21:48:02.432+0000] {processor.py:208} INFO - Processing /home/airflow/.local/lib/python3.12/site-packages/airflow/example_dags/example_subdag_operator.py took 0.093 seconds
