[2025-08-17T21:40:30.271+0000] {processor.py:186} INFO - Started process (PID=85) to work on /home/airflow/.local/lib/python3.12/site-packages/airflow/example_dags/example_display_name.py
[2025-08-17T21:40:30.272+0000] {processor.py:914} INFO - Processing file /home/airflow/.local/lib/python3.12/site-packages/airflow/example_dags/example_display_name.py for tasks to queue
[2025-08-17T21:40:30.274+0000] {logging_mixin.py:190} INFO - [2025-08-17T21:40:30.274+0000] {dagbag.py:588} INFO - Filling up the DagBag from /home/airflow/.local/lib/python3.12/site-packages/airflow/example_dags/example_display_name.py
[2025-08-17T21:40:30.283+0000] {processor.py:925} INFO - DAG(s) 'example_display_name' retrieved from /home/airflow/.local/lib/python3.12/site-packages/airflow/example_dags/example_display_name.py
[2025-08-17T21:40:30.374+0000] {logging_mixin.py:190} INFO - [2025-08-17T21:40:30.374+0000] {override.py:1930} INFO - Created Permission View: can read on DAG:example_display_name
[2025-08-17T21:40:30.383+0000] {logging_mixin.py:190} INFO - [2025-08-17T21:40:30.383+0000] {override.py:1930} INFO - Created Permission View: can edit on DAG:example_display_name
[2025-08-17T21:40:30.389+0000] {logging_mixin.py:190} INFO - [2025-08-17T21:40:30.388+0000] {override.py:1930} INFO - Created Permission View: can delete on DAG:example_display_name
[2025-08-17T21:40:30.394+0000] {logging_mixin.py:190} INFO - [2025-08-17T21:40:30.394+0000] {override.py:1930} INFO - Created Permission View: can read on DAG Run:example_display_name
[2025-08-17T21:40:30.400+0000] {logging_mixin.py:190} INFO - [2025-08-17T21:40:30.399+0000] {override.py:1930} INFO - Created Permission View: can create on DAG Run:example_display_name
[2025-08-17T21:40:30.405+0000] {logging_mixin.py:190} INFO - [2025-08-17T21:40:30.404+0000] {override.py:1930} INFO - Created Permission View: can delete on DAG Run:example_display_name
[2025-08-17T21:40:30.410+0000] {logging_mixin.py:190} INFO - [2025-08-17T21:40:30.409+0000] {override.py:1930} INFO - Created Permission View: menu access on DAG Run:example_display_name
[2025-08-17T21:40:30.410+0000] {logging_mixin.py:190} INFO - [2025-08-17T21:40:30.410+0000] {dag.py:3239} INFO - Sync 1 DAGs
[2025-08-17T21:40:30.420+0000] {logging_mixin.py:190} INFO - [2025-08-17T21:40:30.420+0000] {dag.py:3262} INFO - Creating ORM DAG for example_display_name
[2025-08-17T21:40:30.421+0000] {logging_mixin.py:190} INFO - [2025-08-17T21:40:30.420+0000] {dag.py:4180} INFO - Setting next_dagrun for example_display_name to None, run_after=None
[2025-08-17T21:40:30.432+0000] {processor.py:208} INFO - Processing /home/airflow/.local/lib/python3.12/site-packages/airflow/example_dags/example_display_name.py took 0.167 seconds
[2025-08-17T21:41:00.861+0000] {processor.py:186} INFO - Started process (PID=148) to work on /home/airflow/.local/lib/python3.12/site-packages/airflow/example_dags/example_display_name.py
[2025-08-17T21:41:00.862+0000] {processor.py:914} INFO - Processing file /home/airflow/.local/lib/python3.12/site-packages/airflow/example_dags/example_display_name.py for tasks to queue
[2025-08-17T21:41:00.864+0000] {logging_mixin.py:190} INFO - [2025-08-17T21:41:00.864+0000] {dagbag.py:588} INFO - Filling up the DagBag from /home/airflow/.local/lib/python3.12/site-packages/airflow/example_dags/example_display_name.py
[2025-08-17T21:41:00.872+0000] {processor.py:925} INFO - DAG(s) 'example_display_name' retrieved from /home/airflow/.local/lib/python3.12/site-packages/airflow/example_dags/example_display_name.py
[2025-08-17T21:41:00.889+0000] {logging_mixin.py:190} INFO - [2025-08-17T21:41:00.889+0000] {dag.py:3239} INFO - Sync 1 DAGs
[2025-08-17T21:41:00.903+0000] {logging_mixin.py:190} INFO - [2025-08-17T21:41:00.903+0000] {dag.py:4180} INFO - Setting next_dagrun for example_display_name to None, run_after=None
[2025-08-17T21:41:00.919+0000] {processor.py:208} INFO - Processing /home/airflow/.local/lib/python3.12/site-packages/airflow/example_dags/example_display_name.py took 0.063 seconds
[2025-08-17T21:41:31.294+0000] {processor.py:186} INFO - Started process (PID=210) to work on /home/airflow/.local/lib/python3.12/site-packages/airflow/example_dags/example_display_name.py
[2025-08-17T21:41:31.295+0000] {processor.py:914} INFO - Processing file /home/airflow/.local/lib/python3.12/site-packages/airflow/example_dags/example_display_name.py for tasks to queue
[2025-08-17T21:41:31.297+0000] {logging_mixin.py:190} INFO - [2025-08-17T21:41:31.297+0000] {dagbag.py:588} INFO - Filling up the DagBag from /home/airflow/.local/lib/python3.12/site-packages/airflow/example_dags/example_display_name.py
[2025-08-17T21:41:31.305+0000] {processor.py:925} INFO - DAG(s) 'example_display_name' retrieved from /home/airflow/.local/lib/python3.12/site-packages/airflow/example_dags/example_display_name.py
[2025-08-17T21:41:31.326+0000] {logging_mixin.py:190} INFO - [2025-08-17T21:41:31.326+0000] {dag.py:3239} INFO - Sync 1 DAGs
[2025-08-17T21:41:31.339+0000] {logging_mixin.py:190} INFO - [2025-08-17T21:41:31.339+0000] {dag.py:4180} INFO - Setting next_dagrun for example_display_name to None, run_after=None
[2025-08-17T21:41:31.356+0000] {processor.py:208} INFO - Processing /home/airflow/.local/lib/python3.12/site-packages/airflow/example_dags/example_display_name.py took 0.068 seconds
[2025-08-17T21:42:01.957+0000] {processor.py:186} INFO - Started process (PID=273) to work on /home/airflow/.local/lib/python3.12/site-packages/airflow/example_dags/example_display_name.py
[2025-08-17T21:42:01.958+0000] {processor.py:914} INFO - Processing file /home/airflow/.local/lib/python3.12/site-packages/airflow/example_dags/example_display_name.py for tasks to queue
[2025-08-17T21:42:01.960+0000] {logging_mixin.py:190} INFO - [2025-08-17T21:42:01.960+0000] {dagbag.py:588} INFO - Filling up the DagBag from /home/airflow/.local/lib/python3.12/site-packages/airflow/example_dags/example_display_name.py
[2025-08-17T21:42:01.967+0000] {processor.py:925} INFO - DAG(s) 'example_display_name' retrieved from /home/airflow/.local/lib/python3.12/site-packages/airflow/example_dags/example_display_name.py
[2025-08-17T21:42:01.986+0000] {logging_mixin.py:190} INFO - [2025-08-17T21:42:01.985+0000] {dag.py:3239} INFO - Sync 1 DAGs
[2025-08-17T21:42:01.998+0000] {logging_mixin.py:190} INFO - [2025-08-17T21:42:01.998+0000] {dag.py:4180} INFO - Setting next_dagrun for example_display_name to None, run_after=None
[2025-08-17T21:42:02.016+0000] {processor.py:208} INFO - Processing /home/airflow/.local/lib/python3.12/site-packages/airflow/example_dags/example_display_name.py took 0.064 seconds
[2025-08-17T21:42:32.441+0000] {processor.py:186} INFO - Started process (PID=336) to work on /home/airflow/.local/lib/python3.12/site-packages/airflow/example_dags/example_display_name.py
[2025-08-17T21:42:32.442+0000] {processor.py:914} INFO - Processing file /home/airflow/.local/lib/python3.12/site-packages/airflow/example_dags/example_display_name.py for tasks to queue
[2025-08-17T21:42:32.444+0000] {logging_mixin.py:190} INFO - [2025-08-17T21:42:32.444+0000] {dagbag.py:588} INFO - Filling up the DagBag from /home/airflow/.local/lib/python3.12/site-packages/airflow/example_dags/example_display_name.py
[2025-08-17T21:42:32.451+0000] {processor.py:925} INFO - DAG(s) 'example_display_name' retrieved from /home/airflow/.local/lib/python3.12/site-packages/airflow/example_dags/example_display_name.py
[2025-08-17T21:42:32.471+0000] {logging_mixin.py:190} INFO - [2025-08-17T21:42:32.470+0000] {dag.py:3239} INFO - Sync 1 DAGs
[2025-08-17T21:42:32.484+0000] {logging_mixin.py:190} INFO - [2025-08-17T21:42:32.484+0000] {dag.py:4180} INFO - Setting next_dagrun for example_display_name to None, run_after=None
[2025-08-17T21:42:32.507+0000] {processor.py:208} INFO - Processing /home/airflow/.local/lib/python3.12/site-packages/airflow/example_dags/example_display_name.py took 0.073 seconds
[2025-08-17T21:43:03.090+0000] {processor.py:186} INFO - Started process (PID=399) to work on /home/airflow/.local/lib/python3.12/site-packages/airflow/example_dags/example_display_name.py
[2025-08-17T21:43:03.091+0000] {processor.py:914} INFO - Processing file /home/airflow/.local/lib/python3.12/site-packages/airflow/example_dags/example_display_name.py for tasks to queue
[2025-08-17T21:43:03.093+0000] {logging_mixin.py:190} INFO - [2025-08-17T21:43:03.092+0000] {dagbag.py:588} INFO - Filling up the DagBag from /home/airflow/.local/lib/python3.12/site-packages/airflow/example_dags/example_display_name.py
[2025-08-17T21:43:03.100+0000] {processor.py:925} INFO - DAG(s) 'example_display_name' retrieved from /home/airflow/.local/lib/python3.12/site-packages/airflow/example_dags/example_display_name.py
[2025-08-17T21:43:03.119+0000] {logging_mixin.py:190} INFO - [2025-08-17T21:43:03.119+0000] {dag.py:3239} INFO - Sync 1 DAGs
[2025-08-17T21:43:03.132+0000] {logging_mixin.py:190} INFO - [2025-08-17T21:43:03.132+0000] {dag.py:4180} INFO - Setting next_dagrun for example_display_name to None, run_after=None
[2025-08-17T21:43:03.149+0000] {processor.py:208} INFO - Processing /home/airflow/.local/lib/python3.12/site-packages/airflow/example_dags/example_display_name.py took 0.065 seconds
[2025-08-17T21:43:34.004+0000] {processor.py:186} INFO - Started process (PID=462) to work on /home/airflow/.local/lib/python3.12/site-packages/airflow/example_dags/example_display_name.py
[2025-08-17T21:43:34.005+0000] {processor.py:914} INFO - Processing file /home/airflow/.local/lib/python3.12/site-packages/airflow/example_dags/example_display_name.py for tasks to queue
[2025-08-17T21:43:34.007+0000] {logging_mixin.py:190} INFO - [2025-08-17T21:43:34.007+0000] {dagbag.py:588} INFO - Filling up the DagBag from /home/airflow/.local/lib/python3.12/site-packages/airflow/example_dags/example_display_name.py
[2025-08-17T21:43:34.014+0000] {processor.py:925} INFO - DAG(s) 'example_display_name' retrieved from /home/airflow/.local/lib/python3.12/site-packages/airflow/example_dags/example_display_name.py
[2025-08-17T21:43:34.033+0000] {logging_mixin.py:190} INFO - [2025-08-17T21:43:34.033+0000] {dag.py:3239} INFO - Sync 1 DAGs
[2025-08-17T21:43:34.046+0000] {logging_mixin.py:190} INFO - [2025-08-17T21:43:34.045+0000] {dag.py:4180} INFO - Setting next_dagrun for example_display_name to None, run_after=None
[2025-08-17T21:43:34.065+0000] {processor.py:208} INFO - Processing /home/airflow/.local/lib/python3.12/site-packages/airflow/example_dags/example_display_name.py took 0.066 seconds
[2025-08-17T21:44:04.365+0000] {processor.py:186} INFO - Started process (PID=524) to work on /home/airflow/.local/lib/python3.12/site-packages/airflow/example_dags/example_display_name.py
[2025-08-17T21:44:04.366+0000] {processor.py:914} INFO - Processing file /home/airflow/.local/lib/python3.12/site-packages/airflow/example_dags/example_display_name.py for tasks to queue
[2025-08-17T21:44:04.368+0000] {logging_mixin.py:190} INFO - [2025-08-17T21:44:04.368+0000] {dagbag.py:588} INFO - Filling up the DagBag from /home/airflow/.local/lib/python3.12/site-packages/airflow/example_dags/example_display_name.py
[2025-08-17T21:44:04.375+0000] {processor.py:925} INFO - DAG(s) 'example_display_name' retrieved from /home/airflow/.local/lib/python3.12/site-packages/airflow/example_dags/example_display_name.py
[2025-08-17T21:44:04.393+0000] {logging_mixin.py:190} INFO - [2025-08-17T21:44:04.392+0000] {dag.py:3239} INFO - Sync 1 DAGs
[2025-08-17T21:44:04.405+0000] {logging_mixin.py:190} INFO - [2025-08-17T21:44:04.405+0000] {dag.py:4180} INFO - Setting next_dagrun for example_display_name to None, run_after=None
[2025-08-17T21:44:04.421+0000] {processor.py:208} INFO - Processing /home/airflow/.local/lib/python3.12/site-packages/airflow/example_dags/example_display_name.py took 0.062 seconds
[2025-08-17T21:44:34.967+0000] {processor.py:186} INFO - Started process (PID=587) to work on /home/airflow/.local/lib/python3.12/site-packages/airflow/example_dags/example_display_name.py
[2025-08-17T21:44:34.968+0000] {processor.py:914} INFO - Processing file /home/airflow/.local/lib/python3.12/site-packages/airflow/example_dags/example_display_name.py for tasks to queue
[2025-08-17T21:44:34.970+0000] {logging_mixin.py:190} INFO - [2025-08-17T21:44:34.970+0000] {dagbag.py:588} INFO - Filling up the DagBag from /home/airflow/.local/lib/python3.12/site-packages/airflow/example_dags/example_display_name.py
[2025-08-17T21:44:34.977+0000] {processor.py:925} INFO - DAG(s) 'example_display_name' retrieved from /home/airflow/.local/lib/python3.12/site-packages/airflow/example_dags/example_display_name.py
[2025-08-17T21:44:34.995+0000] {logging_mixin.py:190} INFO - [2025-08-17T21:44:34.995+0000] {dag.py:3239} INFO - Sync 1 DAGs
[2025-08-17T21:44:35.008+0000] {logging_mixin.py:190} INFO - [2025-08-17T21:44:35.007+0000] {dag.py:4180} INFO - Setting next_dagrun for example_display_name to None, run_after=None
[2025-08-17T21:44:35.027+0000] {processor.py:208} INFO - Processing /home/airflow/.local/lib/python3.12/site-packages/airflow/example_dags/example_display_name.py took 0.066 seconds
[2025-08-17T21:45:05.264+0000] {processor.py:186} INFO - Started process (PID=650) to work on /home/airflow/.local/lib/python3.12/site-packages/airflow/example_dags/example_display_name.py
[2025-08-17T21:45:05.265+0000] {processor.py:914} INFO - Processing file /home/airflow/.local/lib/python3.12/site-packages/airflow/example_dags/example_display_name.py for tasks to queue
[2025-08-17T21:45:05.267+0000] {logging_mixin.py:190} INFO - [2025-08-17T21:45:05.267+0000] {dagbag.py:588} INFO - Filling up the DagBag from /home/airflow/.local/lib/python3.12/site-packages/airflow/example_dags/example_display_name.py
[2025-08-17T21:45:05.274+0000] {processor.py:925} INFO - DAG(s) 'example_display_name' retrieved from /home/airflow/.local/lib/python3.12/site-packages/airflow/example_dags/example_display_name.py
[2025-08-17T21:45:05.292+0000] {logging_mixin.py:190} INFO - [2025-08-17T21:45:05.292+0000] {dag.py:3239} INFO - Sync 1 DAGs
[2025-08-17T21:45:05.304+0000] {logging_mixin.py:190} INFO - [2025-08-17T21:45:05.304+0000] {dag.py:4180} INFO - Setting next_dagrun for example_display_name to None, run_after=None
[2025-08-17T21:45:05.323+0000] {processor.py:208} INFO - Processing /home/airflow/.local/lib/python3.12/site-packages/airflow/example_dags/example_display_name.py took 0.065 seconds
[2025-08-17T21:45:35.481+0000] {processor.py:186} INFO - Started process (PID=713) to work on /home/airflow/.local/lib/python3.12/site-packages/airflow/example_dags/example_display_name.py
[2025-08-17T21:45:35.482+0000] {processor.py:914} INFO - Processing file /home/airflow/.local/lib/python3.12/site-packages/airflow/example_dags/example_display_name.py for tasks to queue
[2025-08-17T21:45:35.484+0000] {logging_mixin.py:190} INFO - [2025-08-17T21:45:35.483+0000] {dagbag.py:588} INFO - Filling up the DagBag from /home/airflow/.local/lib/python3.12/site-packages/airflow/example_dags/example_display_name.py
[2025-08-17T21:45:35.491+0000] {processor.py:925} INFO - DAG(s) 'example_display_name' retrieved from /home/airflow/.local/lib/python3.12/site-packages/airflow/example_dags/example_display_name.py
[2025-08-17T21:45:35.509+0000] {logging_mixin.py:190} INFO - [2025-08-17T21:45:35.509+0000] {dag.py:3239} INFO - Sync 1 DAGs
[2025-08-17T21:45:35.522+0000] {logging_mixin.py:190} INFO - [2025-08-17T21:45:35.521+0000] {dag.py:4180} INFO - Setting next_dagrun for example_display_name to None, run_after=None
[2025-08-17T21:45:35.536+0000] {processor.py:208} INFO - Processing /home/airflow/.local/lib/python3.12/site-packages/airflow/example_dags/example_display_name.py took 0.061 seconds
[2025-08-17T21:46:05.944+0000] {processor.py:186} INFO - Started process (PID=776) to work on /home/airflow/.local/lib/python3.12/site-packages/airflow/example_dags/example_display_name.py
[2025-08-17T21:46:05.945+0000] {processor.py:914} INFO - Processing file /home/airflow/.local/lib/python3.12/site-packages/airflow/example_dags/example_display_name.py for tasks to queue
[2025-08-17T21:46:05.947+0000] {logging_mixin.py:190} INFO - [2025-08-17T21:46:05.947+0000] {dagbag.py:588} INFO - Filling up the DagBag from /home/airflow/.local/lib/python3.12/site-packages/airflow/example_dags/example_display_name.py
[2025-08-17T21:46:05.954+0000] {processor.py:925} INFO - DAG(s) 'example_display_name' retrieved from /home/airflow/.local/lib/python3.12/site-packages/airflow/example_dags/example_display_name.py
[2025-08-17T21:46:05.972+0000] {logging_mixin.py:190} INFO - [2025-08-17T21:46:05.972+0000] {dag.py:3239} INFO - Sync 1 DAGs
[2025-08-17T21:46:05.985+0000] {logging_mixin.py:190} INFO - [2025-08-17T21:46:05.985+0000] {dag.py:4180} INFO - Setting next_dagrun for example_display_name to None, run_after=None
[2025-08-17T21:46:06.004+0000] {processor.py:208} INFO - Processing /home/airflow/.local/lib/python3.12/site-packages/airflow/example_dags/example_display_name.py took 0.066 seconds
[2025-08-17T21:46:36.482+0000] {processor.py:186} INFO - Started process (PID=839) to work on /home/airflow/.local/lib/python3.12/site-packages/airflow/example_dags/example_display_name.py
[2025-08-17T21:46:36.483+0000] {processor.py:914} INFO - Processing file /home/airflow/.local/lib/python3.12/site-packages/airflow/example_dags/example_display_name.py for tasks to queue
[2025-08-17T21:46:36.486+0000] {logging_mixin.py:190} INFO - [2025-08-17T21:46:36.485+0000] {dagbag.py:588} INFO - Filling up the DagBag from /home/airflow/.local/lib/python3.12/site-packages/airflow/example_dags/example_display_name.py
[2025-08-17T21:46:36.493+0000] {processor.py:925} INFO - DAG(s) 'example_display_name' retrieved from /home/airflow/.local/lib/python3.12/site-packages/airflow/example_dags/example_display_name.py
[2025-08-17T21:46:36.513+0000] {logging_mixin.py:190} INFO - [2025-08-17T21:46:36.512+0000] {dag.py:3239} INFO - Sync 1 DAGs
[2025-08-17T21:46:36.524+0000] {logging_mixin.py:190} INFO - [2025-08-17T21:46:36.524+0000] {dag.py:4180} INFO - Setting next_dagrun for example_display_name to None, run_after=None
[2025-08-17T21:46:36.545+0000] {processor.py:208} INFO - Processing /home/airflow/.local/lib/python3.12/site-packages/airflow/example_dags/example_display_name.py took 0.067 seconds
[2025-08-17T21:47:06.903+0000] {processor.py:186} INFO - Started process (PID=902) to work on /home/airflow/.local/lib/python3.12/site-packages/airflow/example_dags/example_display_name.py
[2025-08-17T21:47:06.904+0000] {processor.py:914} INFO - Processing file /home/airflow/.local/lib/python3.12/site-packages/airflow/example_dags/example_display_name.py for tasks to queue
[2025-08-17T21:47:06.906+0000] {logging_mixin.py:190} INFO - [2025-08-17T21:47:06.906+0000] {dagbag.py:588} INFO - Filling up the DagBag from /home/airflow/.local/lib/python3.12/site-packages/airflow/example_dags/example_display_name.py
[2025-08-17T21:47:06.914+0000] {processor.py:925} INFO - DAG(s) 'example_display_name' retrieved from /home/airflow/.local/lib/python3.12/site-packages/airflow/example_dags/example_display_name.py
[2025-08-17T21:47:06.931+0000] {logging_mixin.py:190} INFO - [2025-08-17T21:47:06.931+0000] {dag.py:3239} INFO - Sync 1 DAGs
[2025-08-17T21:47:06.944+0000] {logging_mixin.py:190} INFO - [2025-08-17T21:47:06.944+0000] {dag.py:4180} INFO - Setting next_dagrun for example_display_name to None, run_after=None
[2025-08-17T21:47:06.964+0000] {processor.py:208} INFO - Processing /home/airflow/.local/lib/python3.12/site-packages/airflow/example_dags/example_display_name.py took 0.066 seconds
[2025-08-17T21:47:37.099+0000] {processor.py:186} INFO - Started process (PID=965) to work on /home/airflow/.local/lib/python3.12/site-packages/airflow/example_dags/example_display_name.py
[2025-08-17T21:47:37.100+0000] {processor.py:914} INFO - Processing file /home/airflow/.local/lib/python3.12/site-packages/airflow/example_dags/example_display_name.py for tasks to queue
[2025-08-17T21:47:37.102+0000] {logging_mixin.py:190} INFO - [2025-08-17T21:47:37.102+0000] {dagbag.py:588} INFO - Filling up the DagBag from /home/airflow/.local/lib/python3.12/site-packages/airflow/example_dags/example_display_name.py
[2025-08-17T21:47:37.109+0000] {processor.py:925} INFO - DAG(s) 'example_display_name' retrieved from /home/airflow/.local/lib/python3.12/site-packages/airflow/example_dags/example_display_name.py
[2025-08-17T21:47:37.128+0000] {logging_mixin.py:190} INFO - [2025-08-17T21:47:37.127+0000] {dag.py:3239} INFO - Sync 1 DAGs
[2025-08-17T21:47:37.140+0000] {logging_mixin.py:190} INFO - [2025-08-17T21:47:37.139+0000] {dag.py:4180} INFO - Setting next_dagrun for example_display_name to None, run_after=None
[2025-08-17T21:47:37.161+0000] {processor.py:208} INFO - Processing /home/airflow/.local/lib/python3.12/site-packages/airflow/example_dags/example_display_name.py took 0.067 seconds
[2025-08-17T21:48:07.219+0000] {processor.py:186} INFO - Started process (PID=1028) to work on /home/airflow/.local/lib/python3.12/site-packages/airflow/example_dags/example_display_name.py
[2025-08-17T21:48:07.220+0000] {processor.py:914} INFO - Processing file /home/airflow/.local/lib/python3.12/site-packages/airflow/example_dags/example_display_name.py for tasks to queue
[2025-08-17T21:48:07.222+0000] {logging_mixin.py:190} INFO - [2025-08-17T21:48:07.222+0000] {dagbag.py:588} INFO - Filling up the DagBag from /home/airflow/.local/lib/python3.12/site-packages/airflow/example_dags/example_display_name.py
[2025-08-17T21:48:07.229+0000] {processor.py:925} INFO - DAG(s) 'example_display_name' retrieved from /home/airflow/.local/lib/python3.12/site-packages/airflow/example_dags/example_display_name.py
[2025-08-17T21:48:07.247+0000] {logging_mixin.py:190} INFO - [2025-08-17T21:48:07.247+0000] {dag.py:3239} INFO - Sync 1 DAGs
[2025-08-17T21:48:07.259+0000] {logging_mixin.py:190} INFO - [2025-08-17T21:48:07.259+0000] {dag.py:4180} INFO - Setting next_dagrun for example_display_name to None, run_after=None
[2025-08-17T21:48:07.279+0000] {processor.py:208} INFO - Processing /home/airflow/.local/lib/python3.12/site-packages/airflow/example_dags/example_display_name.py took 0.066 seconds
