[2025-08-17T21:40:28.977+0000] {processor.py:186} INFO - Started process (PID=81) to work on /home/airflow/.local/lib/python3.12/site-packages/airflow/example_dags/example_dag_decorator.py
[2025-08-17T21:40:28.978+0000] {processor.py:914} INFO - Processing file /home/airflow/.local/lib/python3.12/site-packages/airflow/example_dags/example_dag_decorator.py for tasks to queue
[2025-08-17T21:40:28.980+0000] {logging_mixin.py:190} INFO - [2025-08-17T21:40:28.980+0000] {dagbag.py:588} INFO - Filling up the DagBag from /home/airflow/.local/lib/python3.12/site-packages/airflow/example_dags/example_dag_decorator.py
[2025-08-17T21:40:29.281+0000] {processor.py:925} INFO - DAG(s) 'example_dag_decorator' retrieved from /home/airflow/.local/lib/python3.12/site-packages/airflow/example_dags/example_dag_decorator.py
[2025-08-17T21:40:29.384+0000] {logging_mixin.py:190} INFO - [2025-08-17T21:40:29.383+0000] {override.py:1930} INFO - Created Permission View: can read on DAG:example_dag_decorator
[2025-08-17T21:40:29.392+0000] {logging_mixin.py:190} INFO - [2025-08-17T21:40:29.391+0000] {override.py:1930} INFO - Created Permission View: can edit on DAG:example_dag_decorator
[2025-08-17T21:40:29.397+0000] {logging_mixin.py:190} INFO - [2025-08-17T21:40:29.397+0000] {override.py:1930} INFO - Created Permission View: can delete on DAG:example_dag_decorator
[2025-08-17T21:40:29.403+0000] {logging_mixin.py:190} INFO - [2025-08-17T21:40:29.402+0000] {override.py:1930} INFO - Created Permission View: can read on DAG Run:example_dag_decorator
[2025-08-17T21:40:29.407+0000] {logging_mixin.py:190} INFO - [2025-08-17T21:40:29.407+0000] {override.py:1930} INFO - Created Permission View: can create on DAG Run:example_dag_decorator
[2025-08-17T21:40:29.412+0000] {logging_mixin.py:190} INFO - [2025-08-17T21:40:29.412+0000] {override.py:1930} INFO - Created Permission View: can delete on DAG Run:example_dag_decorator
[2025-08-17T21:40:29.418+0000] {logging_mixin.py:190} INFO - [2025-08-17T21:40:29.417+0000] {override.py:1930} INFO - Created Permission View: menu access on DAG Run:example_dag_decorator
[2025-08-17T21:40:29.418+0000] {logging_mixin.py:190} INFO - [2025-08-17T21:40:29.418+0000] {dag.py:3239} INFO - Sync 1 DAGs
[2025-08-17T21:40:29.428+0000] {logging_mixin.py:190} INFO - [2025-08-17T21:40:29.428+0000] {dag.py:3262} INFO - Creating ORM DAG for example_dag_decorator
[2025-08-17T21:40:29.429+0000] {logging_mixin.py:190} INFO - [2025-08-17T21:40:29.428+0000] {dag.py:4180} INFO - Setting next_dagrun for example_dag_decorator to None, run_after=None
[2025-08-17T21:40:29.441+0000] {processor.py:208} INFO - Processing /home/airflow/.local/lib/python3.12/site-packages/airflow/example_dags/example_dag_decorator.py took 0.469 seconds
[2025-08-17T21:40:59.622+0000] {processor.py:186} INFO - Started process (PID=144) to work on /home/airflow/.local/lib/python3.12/site-packages/airflow/example_dags/example_dag_decorator.py
[2025-08-17T21:40:59.623+0000] {processor.py:914} INFO - Processing file /home/airflow/.local/lib/python3.12/site-packages/airflow/example_dags/example_dag_decorator.py for tasks to queue
[2025-08-17T21:40:59.625+0000] {logging_mixin.py:190} INFO - [2025-08-17T21:40:59.625+0000] {dagbag.py:588} INFO - Filling up the DagBag from /home/airflow/.local/lib/python3.12/site-packages/airflow/example_dags/example_dag_decorator.py
[2025-08-17T21:40:59.731+0000] {processor.py:925} INFO - DAG(s) 'example_dag_decorator' retrieved from /home/airflow/.local/lib/python3.12/site-packages/airflow/example_dags/example_dag_decorator.py
[2025-08-17T21:40:59.826+0000] {logging_mixin.py:190} INFO - [2025-08-17T21:40:59.826+0000] {dag.py:3239} INFO - Sync 1 DAGs
[2025-08-17T21:40:59.837+0000] {logging_mixin.py:190} INFO - [2025-08-17T21:40:59.836+0000] {dag.py:4180} INFO - Setting next_dagrun for example_dag_decorator to None, run_after=None
[2025-08-17T21:40:59.852+0000] {processor.py:208} INFO - Processing /home/airflow/.local/lib/python3.12/site-packages/airflow/example_dags/example_dag_decorator.py took 0.236 seconds
[2025-08-17T21:41:29.921+0000] {processor.py:186} INFO - Started process (PID=207) to work on /home/airflow/.local/lib/python3.12/site-packages/airflow/example_dags/example_dag_decorator.py
[2025-08-17T21:41:29.922+0000] {processor.py:914} INFO - Processing file /home/airflow/.local/lib/python3.12/site-packages/airflow/example_dags/example_dag_decorator.py for tasks to queue
[2025-08-17T21:41:29.924+0000] {logging_mixin.py:190} INFO - [2025-08-17T21:41:29.924+0000] {dagbag.py:588} INFO - Filling up the DagBag from /home/airflow/.local/lib/python3.12/site-packages/airflow/example_dags/example_dag_decorator.py
[2025-08-17T21:41:30.007+0000] {processor.py:925} INFO - DAG(s) 'example_dag_decorator' retrieved from /home/airflow/.local/lib/python3.12/site-packages/airflow/example_dags/example_dag_decorator.py
[2025-08-17T21:41:30.096+0000] {logging_mixin.py:190} INFO - [2025-08-17T21:41:30.095+0000] {dag.py:3239} INFO - Sync 1 DAGs
[2025-08-17T21:41:30.105+0000] {logging_mixin.py:190} INFO - [2025-08-17T21:41:30.105+0000] {dag.py:4180} INFO - Setting next_dagrun for example_dag_decorator to None, run_after=None
[2025-08-17T21:41:30.133+0000] {processor.py:208} INFO - Processing /home/airflow/.local/lib/python3.12/site-packages/airflow/example_dags/example_dag_decorator.py took 0.217 seconds
[2025-08-17T21:42:00.463+0000] {processor.py:186} INFO - Started process (PID=270) to work on /home/airflow/.local/lib/python3.12/site-packages/airflow/example_dags/example_dag_decorator.py
[2025-08-17T21:42:00.464+0000] {processor.py:914} INFO - Processing file /home/airflow/.local/lib/python3.12/site-packages/airflow/example_dags/example_dag_decorator.py for tasks to queue
[2025-08-17T21:42:00.466+0000] {logging_mixin.py:190} INFO - [2025-08-17T21:42:00.466+0000] {dagbag.py:588} INFO - Filling up the DagBag from /home/airflow/.local/lib/python3.12/site-packages/airflow/example_dags/example_dag_decorator.py
[2025-08-17T21:42:00.550+0000] {processor.py:925} INFO - DAG(s) 'example_dag_decorator' retrieved from /home/airflow/.local/lib/python3.12/site-packages/airflow/example_dags/example_dag_decorator.py
[2025-08-17T21:42:00.658+0000] {logging_mixin.py:190} INFO - [2025-08-17T21:42:00.657+0000] {dag.py:3239} INFO - Sync 1 DAGs
[2025-08-17T21:42:00.670+0000] {logging_mixin.py:190} INFO - [2025-08-17T21:42:00.670+0000] {dag.py:4180} INFO - Setting next_dagrun for example_dag_decorator to None, run_after=None
[2025-08-17T21:42:00.690+0000] {processor.py:208} INFO - Processing /home/airflow/.local/lib/python3.12/site-packages/airflow/example_dags/example_dag_decorator.py took 0.234 seconds
[2025-08-17T21:42:31.524+0000] {processor.py:186} INFO - Started process (PID=332) to work on /home/airflow/.local/lib/python3.12/site-packages/airflow/example_dags/example_dag_decorator.py
[2025-08-17T21:42:31.525+0000] {processor.py:914} INFO - Processing file /home/airflow/.local/lib/python3.12/site-packages/airflow/example_dags/example_dag_decorator.py for tasks to queue
[2025-08-17T21:42:31.527+0000] {logging_mixin.py:190} INFO - [2025-08-17T21:42:31.527+0000] {dagbag.py:588} INFO - Filling up the DagBag from /home/airflow/.local/lib/python3.12/site-packages/airflow/example_dags/example_dag_decorator.py
[2025-08-17T21:42:31.625+0000] {processor.py:925} INFO - DAG(s) 'example_dag_decorator' retrieved from /home/airflow/.local/lib/python3.12/site-packages/airflow/example_dags/example_dag_decorator.py
[2025-08-17T21:42:31.730+0000] {logging_mixin.py:190} INFO - [2025-08-17T21:42:31.730+0000] {dag.py:3239} INFO - Sync 1 DAGs
[2025-08-17T21:42:31.742+0000] {logging_mixin.py:190} INFO - [2025-08-17T21:42:31.742+0000] {dag.py:4180} INFO - Setting next_dagrun for example_dag_decorator to None, run_after=None
[2025-08-17T21:42:31.763+0000] {processor.py:208} INFO - Processing /home/airflow/.local/lib/python3.12/site-packages/airflow/example_dags/example_dag_decorator.py took 0.246 seconds
[2025-08-17T21:43:01.807+0000] {processor.py:186} INFO - Started process (PID=396) to work on /home/airflow/.local/lib/python3.12/site-packages/airflow/example_dags/example_dag_decorator.py
[2025-08-17T21:43:01.808+0000] {processor.py:914} INFO - Processing file /home/airflow/.local/lib/python3.12/site-packages/airflow/example_dags/example_dag_decorator.py for tasks to queue
[2025-08-17T21:43:01.810+0000] {logging_mixin.py:190} INFO - [2025-08-17T21:43:01.810+0000] {dagbag.py:588} INFO - Filling up the DagBag from /home/airflow/.local/lib/python3.12/site-packages/airflow/example_dags/example_dag_decorator.py
[2025-08-17T21:43:01.898+0000] {processor.py:925} INFO - DAG(s) 'example_dag_decorator' retrieved from /home/airflow/.local/lib/python3.12/site-packages/airflow/example_dags/example_dag_decorator.py
[2025-08-17T21:43:01.998+0000] {logging_mixin.py:190} INFO - [2025-08-17T21:43:01.998+0000] {dag.py:3239} INFO - Sync 1 DAGs
[2025-08-17T21:43:02.009+0000] {logging_mixin.py:190} INFO - [2025-08-17T21:43:02.009+0000] {dag.py:4180} INFO - Setting next_dagrun for example_dag_decorator to None, run_after=None
[2025-08-17T21:43:02.027+0000] {processor.py:208} INFO - Processing /home/airflow/.local/lib/python3.12/site-packages/airflow/example_dags/example_dag_decorator.py took 0.226 seconds
[2025-08-17T21:43:32.885+0000] {processor.py:186} INFO - Started process (PID=459) to work on /home/airflow/.local/lib/python3.12/site-packages/airflow/example_dags/example_dag_decorator.py
[2025-08-17T21:43:32.886+0000] {processor.py:914} INFO - Processing file /home/airflow/.local/lib/python3.12/site-packages/airflow/example_dags/example_dag_decorator.py for tasks to queue
[2025-08-17T21:43:32.888+0000] {logging_mixin.py:190} INFO - [2025-08-17T21:43:32.888+0000] {dagbag.py:588} INFO - Filling up the DagBag from /home/airflow/.local/lib/python3.12/site-packages/airflow/example_dags/example_dag_decorator.py
[2025-08-17T21:43:32.975+0000] {processor.py:925} INFO - DAG(s) 'example_dag_decorator' retrieved from /home/airflow/.local/lib/python3.12/site-packages/airflow/example_dags/example_dag_decorator.py
[2025-08-17T21:43:33.068+0000] {logging_mixin.py:190} INFO - [2025-08-17T21:43:33.067+0000] {dag.py:3239} INFO - Sync 1 DAGs
[2025-08-17T21:43:33.078+0000] {logging_mixin.py:190} INFO - [2025-08-17T21:43:33.077+0000] {dag.py:4180} INFO - Setting next_dagrun for example_dag_decorator to None, run_after=None
[2025-08-17T21:43:33.093+0000] {processor.py:208} INFO - Processing /home/airflow/.local/lib/python3.12/site-packages/airflow/example_dags/example_dag_decorator.py took 0.214 seconds
[2025-08-17T21:44:03.248+0000] {processor.py:186} INFO - Started process (PID=522) to work on /home/airflow/.local/lib/python3.12/site-packages/airflow/example_dags/example_dag_decorator.py
[2025-08-17T21:44:03.249+0000] {processor.py:914} INFO - Processing file /home/airflow/.local/lib/python3.12/site-packages/airflow/example_dags/example_dag_decorator.py for tasks to queue
[2025-08-17T21:44:03.251+0000] {logging_mixin.py:190} INFO - [2025-08-17T21:44:03.251+0000] {dagbag.py:588} INFO - Filling up the DagBag from /home/airflow/.local/lib/python3.12/site-packages/airflow/example_dags/example_dag_decorator.py
[2025-08-17T21:44:03.339+0000] {processor.py:925} INFO - DAG(s) 'example_dag_decorator' retrieved from /home/airflow/.local/lib/python3.12/site-packages/airflow/example_dags/example_dag_decorator.py
[2025-08-17T21:44:03.429+0000] {logging_mixin.py:190} INFO - [2025-08-17T21:44:03.428+0000] {dag.py:3239} INFO - Sync 1 DAGs
[2025-08-17T21:44:03.439+0000] {logging_mixin.py:190} INFO - [2025-08-17T21:44:03.439+0000] {dag.py:4180} INFO - Setting next_dagrun for example_dag_decorator to None, run_after=None
[2025-08-17T21:44:03.459+0000] {processor.py:208} INFO - Processing /home/airflow/.local/lib/python3.12/site-packages/airflow/example_dags/example_dag_decorator.py took 0.217 seconds
[2025-08-17T21:44:33.848+0000] {processor.py:186} INFO - Started process (PID=585) to work on /home/airflow/.local/lib/python3.12/site-packages/airflow/example_dags/example_dag_decorator.py
[2025-08-17T21:44:33.849+0000] {processor.py:914} INFO - Processing file /home/airflow/.local/lib/python3.12/site-packages/airflow/example_dags/example_dag_decorator.py for tasks to queue
[2025-08-17T21:44:33.852+0000] {logging_mixin.py:190} INFO - [2025-08-17T21:44:33.851+0000] {dagbag.py:588} INFO - Filling up the DagBag from /home/airflow/.local/lib/python3.12/site-packages/airflow/example_dags/example_dag_decorator.py
[2025-08-17T21:44:33.942+0000] {processor.py:925} INFO - DAG(s) 'example_dag_decorator' retrieved from /home/airflow/.local/lib/python3.12/site-packages/airflow/example_dags/example_dag_decorator.py
[2025-08-17T21:44:34.038+0000] {logging_mixin.py:190} INFO - [2025-08-17T21:44:34.037+0000] {dag.py:3239} INFO - Sync 1 DAGs
[2025-08-17T21:44:34.048+0000] {logging_mixin.py:190} INFO - [2025-08-17T21:44:34.047+0000] {dag.py:4180} INFO - Setting next_dagrun for example_dag_decorator to None, run_after=None
[2025-08-17T21:44:34.067+0000] {processor.py:208} INFO - Processing /home/airflow/.local/lib/python3.12/site-packages/airflow/example_dags/example_dag_decorator.py took 0.226 seconds
[2025-08-17T21:45:04.150+0000] {processor.py:186} INFO - Started process (PID=648) to work on /home/airflow/.local/lib/python3.12/site-packages/airflow/example_dags/example_dag_decorator.py
[2025-08-17T21:45:04.151+0000] {processor.py:914} INFO - Processing file /home/airflow/.local/lib/python3.12/site-packages/airflow/example_dags/example_dag_decorator.py for tasks to queue
[2025-08-17T21:45:04.153+0000] {logging_mixin.py:190} INFO - [2025-08-17T21:45:04.153+0000] {dagbag.py:588} INFO - Filling up the DagBag from /home/airflow/.local/lib/python3.12/site-packages/airflow/example_dags/example_dag_decorator.py
[2025-08-17T21:45:04.237+0000] {processor.py:925} INFO - DAG(s) 'example_dag_decorator' retrieved from /home/airflow/.local/lib/python3.12/site-packages/airflow/example_dags/example_dag_decorator.py
[2025-08-17T21:45:04.326+0000] {logging_mixin.py:190} INFO - [2025-08-17T21:45:04.326+0000] {dag.py:3239} INFO - Sync 1 DAGs
[2025-08-17T21:45:04.337+0000] {logging_mixin.py:190} INFO - [2025-08-17T21:45:04.337+0000] {dag.py:4180} INFO - Setting next_dagrun for example_dag_decorator to None, run_after=None
[2025-08-17T21:45:04.351+0000] {processor.py:208} INFO - Processing /home/airflow/.local/lib/python3.12/site-packages/airflow/example_dags/example_dag_decorator.py took 0.206 seconds
[2025-08-17T21:45:34.436+0000] {processor.py:186} INFO - Started process (PID=712) to work on /home/airflow/.local/lib/python3.12/site-packages/airflow/example_dags/example_dag_decorator.py
[2025-08-17T21:45:34.437+0000] {processor.py:914} INFO - Processing file /home/airflow/.local/lib/python3.12/site-packages/airflow/example_dags/example_dag_decorator.py for tasks to queue
[2025-08-17T21:45:34.440+0000] {logging_mixin.py:190} INFO - [2025-08-17T21:45:34.439+0000] {dagbag.py:588} INFO - Filling up the DagBag from /home/airflow/.local/lib/python3.12/site-packages/airflow/example_dags/example_dag_decorator.py
[2025-08-17T21:45:34.527+0000] {processor.py:925} INFO - DAG(s) 'example_dag_decorator' retrieved from /home/airflow/.local/lib/python3.12/site-packages/airflow/example_dags/example_dag_decorator.py
[2025-08-17T21:45:34.618+0000] {logging_mixin.py:190} INFO - [2025-08-17T21:45:34.617+0000] {dag.py:3239} INFO - Sync 1 DAGs
[2025-08-17T21:45:34.629+0000] {logging_mixin.py:190} INFO - [2025-08-17T21:45:34.629+0000] {dag.py:4180} INFO - Setting next_dagrun for example_dag_decorator to None, run_after=None
[2025-08-17T21:45:34.646+0000] {processor.py:208} INFO - Processing /home/airflow/.local/lib/python3.12/site-packages/airflow/example_dags/example_dag_decorator.py took 0.215 seconds
[2025-08-17T21:46:04.823+0000] {processor.py:186} INFO - Started process (PID=774) to work on /home/airflow/.local/lib/python3.12/site-packages/airflow/example_dags/example_dag_decorator.py
[2025-08-17T21:46:04.824+0000] {processor.py:914} INFO - Processing file /home/airflow/.local/lib/python3.12/site-packages/airflow/example_dags/example_dag_decorator.py for tasks to queue
[2025-08-17T21:46:04.827+0000] {logging_mixin.py:190} INFO - [2025-08-17T21:46:04.826+0000] {dagbag.py:588} INFO - Filling up the DagBag from /home/airflow/.local/lib/python3.12/site-packages/airflow/example_dags/example_dag_decorator.py
[2025-08-17T21:46:04.914+0000] {processor.py:925} INFO - DAG(s) 'example_dag_decorator' retrieved from /home/airflow/.local/lib/python3.12/site-packages/airflow/example_dags/example_dag_decorator.py
[2025-08-17T21:46:05.009+0000] {logging_mixin.py:190} INFO - [2025-08-17T21:46:05.009+0000] {dag.py:3239} INFO - Sync 1 DAGs
[2025-08-17T21:46:05.020+0000] {logging_mixin.py:190} INFO - [2025-08-17T21:46:05.020+0000] {dag.py:4180} INFO - Setting next_dagrun for example_dag_decorator to None, run_after=None
[2025-08-17T21:46:05.047+0000] {processor.py:208} INFO - Processing /home/airflow/.local/lib/python3.12/site-packages/airflow/example_dags/example_dag_decorator.py took 0.230 seconds
[2025-08-17T21:46:35.368+0000] {processor.py:186} INFO - Started process (PID=837) to work on /home/airflow/.local/lib/python3.12/site-packages/airflow/example_dags/example_dag_decorator.py
[2025-08-17T21:46:35.369+0000] {processor.py:914} INFO - Processing file /home/airflow/.local/lib/python3.12/site-packages/airflow/example_dags/example_dag_decorator.py for tasks to queue
[2025-08-17T21:46:35.372+0000] {logging_mixin.py:190} INFO - [2025-08-17T21:46:35.371+0000] {dagbag.py:588} INFO - Filling up the DagBag from /home/airflow/.local/lib/python3.12/site-packages/airflow/example_dags/example_dag_decorator.py
[2025-08-17T21:46:35.456+0000] {processor.py:925} INFO - DAG(s) 'example_dag_decorator' retrieved from /home/airflow/.local/lib/python3.12/site-packages/airflow/example_dags/example_dag_decorator.py
[2025-08-17T21:46:35.546+0000] {logging_mixin.py:190} INFO - [2025-08-17T21:46:35.546+0000] {dag.py:3239} INFO - Sync 1 DAGs
[2025-08-17T21:46:35.556+0000] {logging_mixin.py:190} INFO - [2025-08-17T21:46:35.556+0000] {dag.py:4180} INFO - Setting next_dagrun for example_dag_decorator to None, run_after=None
[2025-08-17T21:46:35.570+0000] {processor.py:208} INFO - Processing /home/airflow/.local/lib/python3.12/site-packages/airflow/example_dags/example_dag_decorator.py took 0.207 seconds
[2025-08-17T21:47:05.786+0000] {processor.py:186} INFO - Started process (PID=900) to work on /home/airflow/.local/lib/python3.12/site-packages/airflow/example_dags/example_dag_decorator.py
[2025-08-17T21:47:05.787+0000] {processor.py:914} INFO - Processing file /home/airflow/.local/lib/python3.12/site-packages/airflow/example_dags/example_dag_decorator.py for tasks to queue
[2025-08-17T21:47:05.790+0000] {logging_mixin.py:190} INFO - [2025-08-17T21:47:05.789+0000] {dagbag.py:588} INFO - Filling up the DagBag from /home/airflow/.local/lib/python3.12/site-packages/airflow/example_dags/example_dag_decorator.py
[2025-08-17T21:47:05.877+0000] {processor.py:925} INFO - DAG(s) 'example_dag_decorator' retrieved from /home/airflow/.local/lib/python3.12/site-packages/airflow/example_dags/example_dag_decorator.py
[2025-08-17T21:47:05.975+0000] {logging_mixin.py:190} INFO - [2025-08-17T21:47:05.975+0000] {dag.py:3239} INFO - Sync 1 DAGs
[2025-08-17T21:47:05.985+0000] {logging_mixin.py:190} INFO - [2025-08-17T21:47:05.985+0000] {dag.py:4180} INFO - Setting next_dagrun for example_dag_decorator to None, run_after=None
[2025-08-17T21:47:06.008+0000] {processor.py:208} INFO - Processing /home/airflow/.local/lib/python3.12/site-packages/airflow/example_dags/example_dag_decorator.py took 0.227 seconds
[2025-08-17T21:47:36.086+0000] {processor.py:186} INFO - Started process (PID=964) to work on /home/airflow/.local/lib/python3.12/site-packages/airflow/example_dags/example_dag_decorator.py
[2025-08-17T21:47:36.087+0000] {processor.py:914} INFO - Processing file /home/airflow/.local/lib/python3.12/site-packages/airflow/example_dags/example_dag_decorator.py for tasks to queue
[2025-08-17T21:47:36.089+0000] {logging_mixin.py:190} INFO - [2025-08-17T21:47:36.089+0000] {dagbag.py:588} INFO - Filling up the DagBag from /home/airflow/.local/lib/python3.12/site-packages/airflow/example_dags/example_dag_decorator.py
[2025-08-17T21:47:36.173+0000] {processor.py:925} INFO - DAG(s) 'example_dag_decorator' retrieved from /home/airflow/.local/lib/python3.12/site-packages/airflow/example_dags/example_dag_decorator.py
[2025-08-17T21:47:36.269+0000] {logging_mixin.py:190} INFO - [2025-08-17T21:47:36.269+0000] {dag.py:3239} INFO - Sync 1 DAGs
[2025-08-17T21:47:36.280+0000] {logging_mixin.py:190} INFO - [2025-08-17T21:47:36.280+0000] {dag.py:4180} INFO - Setting next_dagrun for example_dag_decorator to None, run_after=None
[2025-08-17T21:47:36.302+0000] {processor.py:208} INFO - Processing /home/airflow/.local/lib/python3.12/site-packages/airflow/example_dags/example_dag_decorator.py took 0.222 seconds
[2025-08-17T21:48:07.209+0000] {processor.py:186} INFO - Started process (PID=1027) to work on /home/airflow/.local/lib/python3.12/site-packages/airflow/example_dags/example_dag_decorator.py
[2025-08-17T21:48:07.210+0000] {processor.py:914} INFO - Processing file /home/airflow/.local/lib/python3.12/site-packages/airflow/example_dags/example_dag_decorator.py for tasks to queue
[2025-08-17T21:48:07.212+0000] {logging_mixin.py:190} INFO - [2025-08-17T21:48:07.212+0000] {dagbag.py:588} INFO - Filling up the DagBag from /home/airflow/.local/lib/python3.12/site-packages/airflow/example_dags/example_dag_decorator.py
[2025-08-17T21:48:07.302+0000] {processor.py:925} INFO - DAG(s) 'example_dag_decorator' retrieved from /home/airflow/.local/lib/python3.12/site-packages/airflow/example_dags/example_dag_decorator.py
[2025-08-17T21:48:07.392+0000] {logging_mixin.py:190} INFO - [2025-08-17T21:48:07.392+0000] {dag.py:3239} INFO - Sync 1 DAGs
[2025-08-17T21:48:07.402+0000] {logging_mixin.py:190} INFO - [2025-08-17T21:48:07.402+0000] {dag.py:4180} INFO - Setting next_dagrun for example_dag_decorator to None, run_after=None
[2025-08-17T21:48:07.419+0000] {processor.py:208} INFO - Processing /home/airflow/.local/lib/python3.12/site-packages/airflow/example_dags/example_dag_decorator.py took 0.216 seconds
