[2025-08-17T21:40:31.187+0000] {processor.py:186} INFO - Started process (PID=92) to work on /home/airflow/.local/lib/python3.12/site-packages/airflow/example_dags/example_latest_only_with_trigger.py
[2025-08-17T21:40:31.188+0000] {processor.py:914} INFO - Processing file /home/airflow/.local/lib/python3.12/site-packages/airflow/example_dags/example_latest_only_with_trigger.py for tasks to queue
[2025-08-17T21:40:31.191+0000] {logging_mixin.py:190} INFO - [2025-08-17T21:40:31.190+0000] {dagbag.py:588} INFO - Filling up the DagBag from /home/airflow/.local/lib/python3.12/site-packages/airflow/example_dags/example_latest_only_with_trigger.py
[2025-08-17T21:40:31.199+0000] {processor.py:925} INFO - DAG(s) 'latest_only_with_trigger' retrieved from /home/airflow/.local/lib/python3.12/site-packages/airflow/example_dags/example_latest_only_with_trigger.py
[2025-08-17T21:40:31.290+0000] {logging_mixin.py:190} INFO - [2025-08-17T21:40:31.289+0000] {override.py:1930} INFO - Created Permission View: can read on DAG:latest_only_with_trigger
[2025-08-17T21:40:31.297+0000] {logging_mixin.py:190} INFO - [2025-08-17T21:40:31.297+0000] {override.py:1930} INFO - Created Permission View: can edit on DAG:latest_only_with_trigger
[2025-08-17T21:40:31.302+0000] {logging_mixin.py:190} INFO - [2025-08-17T21:40:31.302+0000] {override.py:1930} INFO - Created Permission View: can delete on DAG:latest_only_with_trigger
[2025-08-17T21:40:31.309+0000] {logging_mixin.py:190} INFO - [2025-08-17T21:40:31.309+0000] {override.py:1930} INFO - Created Permission View: can read on DAG Run:latest_only_with_trigger
[2025-08-17T21:40:31.314+0000] {logging_mixin.py:190} INFO - [2025-08-17T21:40:31.313+0000] {override.py:1930} INFO - Created Permission View: can create on DAG Run:latest_only_with_trigger
[2025-08-17T21:40:31.318+0000] {logging_mixin.py:190} INFO - [2025-08-17T21:40:31.318+0000] {override.py:1930} INFO - Created Permission View: can delete on DAG Run:latest_only_with_trigger
[2025-08-17T21:40:31.324+0000] {logging_mixin.py:190} INFO - [2025-08-17T21:40:31.323+0000] {override.py:1930} INFO - Created Permission View: menu access on DAG Run:latest_only_with_trigger
[2025-08-17T21:40:31.324+0000] {logging_mixin.py:190} INFO - [2025-08-17T21:40:31.324+0000] {dag.py:3239} INFO - Sync 1 DAGs
[2025-08-17T21:40:31.334+0000] {logging_mixin.py:190} INFO - [2025-08-17T21:40:31.334+0000] {dag.py:3262} INFO - Creating ORM DAG for latest_only_with_trigger
[2025-08-17T21:40:31.343+0000] {logging_mixin.py:190} INFO - [2025-08-17T21:40:31.343+0000] {dag.py:4180} INFO - Setting next_dagrun for latest_only_with_trigger to 2025-08-17 16:00:00+00:00, run_after=2025-08-17 20:00:00+00:00
[2025-08-17T21:40:31.356+0000] {processor.py:208} INFO - Processing /home/airflow/.local/lib/python3.12/site-packages/airflow/example_dags/example_latest_only_with_trigger.py took 0.174 seconds
[2025-08-17T21:41:01.527+0000] {processor.py:186} INFO - Started process (PID=155) to work on /home/airflow/.local/lib/python3.12/site-packages/airflow/example_dags/example_latest_only_with_trigger.py
[2025-08-17T21:41:01.528+0000] {processor.py:914} INFO - Processing file /home/airflow/.local/lib/python3.12/site-packages/airflow/example_dags/example_latest_only_with_trigger.py for tasks to queue
[2025-08-17T21:41:01.530+0000] {logging_mixin.py:190} INFO - [2025-08-17T21:41:01.530+0000] {dagbag.py:588} INFO - Filling up the DagBag from /home/airflow/.local/lib/python3.12/site-packages/airflow/example_dags/example_latest_only_with_trigger.py
[2025-08-17T21:41:01.537+0000] {processor.py:925} INFO - DAG(s) 'latest_only_with_trigger' retrieved from /home/airflow/.local/lib/python3.12/site-packages/airflow/example_dags/example_latest_only_with_trigger.py
[2025-08-17T21:41:01.556+0000] {logging_mixin.py:190} INFO - [2025-08-17T21:41:01.556+0000] {dag.py:3239} INFO - Sync 1 DAGs
[2025-08-17T21:41:01.575+0000] {logging_mixin.py:190} INFO - [2025-08-17T21:41:01.574+0000] {dag.py:4180} INFO - Setting next_dagrun for latest_only_with_trigger to 2025-08-17 16:00:00+00:00, run_after=2025-08-17 20:00:00+00:00
[2025-08-17T21:41:01.588+0000] {processor.py:208} INFO - Processing /home/airflow/.local/lib/python3.12/site-packages/airflow/example_dags/example_latest_only_with_trigger.py took 0.066 seconds
[2025-08-17T21:41:31.776+0000] {processor.py:186} INFO - Started process (PID=218) to work on /home/airflow/.local/lib/python3.12/site-packages/airflow/example_dags/example_latest_only_with_trigger.py
[2025-08-17T21:41:31.777+0000] {processor.py:914} INFO - Processing file /home/airflow/.local/lib/python3.12/site-packages/airflow/example_dags/example_latest_only_with_trigger.py for tasks to queue
[2025-08-17T21:41:31.782+0000] {logging_mixin.py:190} INFO - [2025-08-17T21:41:31.781+0000] {dagbag.py:588} INFO - Filling up the DagBag from /home/airflow/.local/lib/python3.12/site-packages/airflow/example_dags/example_latest_only_with_trigger.py
[2025-08-17T21:41:31.789+0000] {processor.py:925} INFO - DAG(s) 'latest_only_with_trigger' retrieved from /home/airflow/.local/lib/python3.12/site-packages/airflow/example_dags/example_latest_only_with_trigger.py
[2025-08-17T21:41:31.807+0000] {logging_mixin.py:190} INFO - [2025-08-17T21:41:31.807+0000] {dag.py:3239} INFO - Sync 1 DAGs
[2025-08-17T21:41:31.826+0000] {logging_mixin.py:190} INFO - [2025-08-17T21:41:31.826+0000] {dag.py:4180} INFO - Setting next_dagrun for latest_only_with_trigger to 2025-08-17 16:00:00+00:00, run_after=2025-08-17 20:00:00+00:00
[2025-08-17T21:41:31.868+0000] {processor.py:208} INFO - Processing /home/airflow/.local/lib/python3.12/site-packages/airflow/example_dags/example_latest_only_with_trigger.py took 0.098 seconds
[2025-08-17T21:42:02.313+0000] {processor.py:186} INFO - Started process (PID=280) to work on /home/airflow/.local/lib/python3.12/site-packages/airflow/example_dags/example_latest_only_with_trigger.py
[2025-08-17T21:42:02.314+0000] {processor.py:914} INFO - Processing file /home/airflow/.local/lib/python3.12/site-packages/airflow/example_dags/example_latest_only_with_trigger.py for tasks to queue
[2025-08-17T21:42:02.317+0000] {logging_mixin.py:190} INFO - [2025-08-17T21:42:02.316+0000] {dagbag.py:588} INFO - Filling up the DagBag from /home/airflow/.local/lib/python3.12/site-packages/airflow/example_dags/example_latest_only_with_trigger.py
[2025-08-17T21:42:02.324+0000] {processor.py:925} INFO - DAG(s) 'latest_only_with_trigger' retrieved from /home/airflow/.local/lib/python3.12/site-packages/airflow/example_dags/example_latest_only_with_trigger.py
[2025-08-17T21:42:02.343+0000] {logging_mixin.py:190} INFO - [2025-08-17T21:42:02.343+0000] {dag.py:3239} INFO - Sync 1 DAGs
[2025-08-17T21:42:02.364+0000] {logging_mixin.py:190} INFO - [2025-08-17T21:42:02.363+0000] {dag.py:4180} INFO - Setting next_dagrun for latest_only_with_trigger to 2025-08-17 16:00:00+00:00, run_after=2025-08-17 20:00:00+00:00
[2025-08-17T21:42:02.379+0000] {processor.py:208} INFO - Processing /home/airflow/.local/lib/python3.12/site-packages/airflow/example_dags/example_latest_only_with_trigger.py took 0.071 seconds
[2025-08-17T21:42:32.806+0000] {processor.py:186} INFO - Started process (PID=343) to work on /home/airflow/.local/lib/python3.12/site-packages/airflow/example_dags/example_latest_only_with_trigger.py
[2025-08-17T21:42:32.807+0000] {processor.py:914} INFO - Processing file /home/airflow/.local/lib/python3.12/site-packages/airflow/example_dags/example_latest_only_with_trigger.py for tasks to queue
[2025-08-17T21:42:32.809+0000] {logging_mixin.py:190} INFO - [2025-08-17T21:42:32.808+0000] {dagbag.py:588} INFO - Filling up the DagBag from /home/airflow/.local/lib/python3.12/site-packages/airflow/example_dags/example_latest_only_with_trigger.py
[2025-08-17T21:42:32.815+0000] {processor.py:925} INFO - DAG(s) 'latest_only_with_trigger' retrieved from /home/airflow/.local/lib/python3.12/site-packages/airflow/example_dags/example_latest_only_with_trigger.py
[2025-08-17T21:42:32.834+0000] {logging_mixin.py:190} INFO - [2025-08-17T21:42:32.834+0000] {dag.py:3239} INFO - Sync 1 DAGs
[2025-08-17T21:42:32.856+0000] {logging_mixin.py:190} INFO - [2025-08-17T21:42:32.855+0000] {dag.py:4180} INFO - Setting next_dagrun for latest_only_with_trigger to 2025-08-17 16:00:00+00:00, run_after=2025-08-17 20:00:00+00:00
[2025-08-17T21:42:32.877+0000] {processor.py:208} INFO - Processing /home/airflow/.local/lib/python3.12/site-packages/airflow/example_dags/example_latest_only_with_trigger.py took 0.077 seconds
[2025-08-17T21:43:04.205+0000] {processor.py:186} INFO - Started process (PID=406) to work on /home/airflow/.local/lib/python3.12/site-packages/airflow/example_dags/example_latest_only_with_trigger.py
[2025-08-17T21:43:04.206+0000] {processor.py:914} INFO - Processing file /home/airflow/.local/lib/python3.12/site-packages/airflow/example_dags/example_latest_only_with_trigger.py for tasks to queue
[2025-08-17T21:43:04.208+0000] {logging_mixin.py:190} INFO - [2025-08-17T21:43:04.208+0000] {dagbag.py:588} INFO - Filling up the DagBag from /home/airflow/.local/lib/python3.12/site-packages/airflow/example_dags/example_latest_only_with_trigger.py
[2025-08-17T21:43:04.215+0000] {processor.py:925} INFO - DAG(s) 'latest_only_with_trigger' retrieved from /home/airflow/.local/lib/python3.12/site-packages/airflow/example_dags/example_latest_only_with_trigger.py
[2025-08-17T21:43:04.234+0000] {logging_mixin.py:190} INFO - [2025-08-17T21:43:04.233+0000] {dag.py:3239} INFO - Sync 1 DAGs
[2025-08-17T21:43:04.254+0000] {logging_mixin.py:190} INFO - [2025-08-17T21:43:04.254+0000] {dag.py:4180} INFO - Setting next_dagrun for latest_only_with_trigger to 2025-08-17 16:00:00+00:00, run_after=2025-08-17 20:00:00+00:00
[2025-08-17T21:43:04.268+0000] {processor.py:208} INFO - Processing /home/airflow/.local/lib/python3.12/site-packages/airflow/example_dags/example_latest_only_with_trigger.py took 0.069 seconds
[2025-08-17T21:43:34.702+0000] {processor.py:186} INFO - Started process (PID=469) to work on /home/airflow/.local/lib/python3.12/site-packages/airflow/example_dags/example_latest_only_with_trigger.py
[2025-08-17T21:43:34.703+0000] {processor.py:914} INFO - Processing file /home/airflow/.local/lib/python3.12/site-packages/airflow/example_dags/example_latest_only_with_trigger.py for tasks to queue
[2025-08-17T21:43:34.705+0000] {logging_mixin.py:190} INFO - [2025-08-17T21:43:34.705+0000] {dagbag.py:588} INFO - Filling up the DagBag from /home/airflow/.local/lib/python3.12/site-packages/airflow/example_dags/example_latest_only_with_trigger.py
[2025-08-17T21:43:34.716+0000] {processor.py:925} INFO - DAG(s) 'latest_only_with_trigger' retrieved from /home/airflow/.local/lib/python3.12/site-packages/airflow/example_dags/example_latest_only_with_trigger.py
[2025-08-17T21:43:34.744+0000] {logging_mixin.py:190} INFO - [2025-08-17T21:43:34.744+0000] {dag.py:3239} INFO - Sync 1 DAGs
[2025-08-17T21:43:34.788+0000] {logging_mixin.py:190} INFO - [2025-08-17T21:43:34.788+0000] {dag.py:4180} INFO - Setting next_dagrun for latest_only_with_trigger to 2025-08-17 16:00:00+00:00, run_after=2025-08-17 20:00:00+00:00
[2025-08-17T21:43:34.814+0000] {processor.py:208} INFO - Processing /home/airflow/.local/lib/python3.12/site-packages/airflow/example_dags/example_latest_only_with_trigger.py took 0.118 seconds
[2025-08-17T21:44:05.493+0000] {processor.py:186} INFO - Started process (PID=532) to work on /home/airflow/.local/lib/python3.12/site-packages/airflow/example_dags/example_latest_only_with_trigger.py
[2025-08-17T21:44:05.494+0000] {processor.py:914} INFO - Processing file /home/airflow/.local/lib/python3.12/site-packages/airflow/example_dags/example_latest_only_with_trigger.py for tasks to queue
[2025-08-17T21:44:05.496+0000] {logging_mixin.py:190} INFO - [2025-08-17T21:44:05.496+0000] {dagbag.py:588} INFO - Filling up the DagBag from /home/airflow/.local/lib/python3.12/site-packages/airflow/example_dags/example_latest_only_with_trigger.py
[2025-08-17T21:44:05.503+0000] {processor.py:925} INFO - DAG(s) 'latest_only_with_trigger' retrieved from /home/airflow/.local/lib/python3.12/site-packages/airflow/example_dags/example_latest_only_with_trigger.py
[2025-08-17T21:44:05.524+0000] {logging_mixin.py:190} INFO - [2025-08-17T21:44:05.524+0000] {dag.py:3239} INFO - Sync 1 DAGs
[2025-08-17T21:44:05.543+0000] {logging_mixin.py:190} INFO - [2025-08-17T21:44:05.543+0000] {dag.py:4180} INFO - Setting next_dagrun for latest_only_with_trigger to 2025-08-17 16:00:00+00:00, run_after=2025-08-17 20:00:00+00:00
[2025-08-17T21:44:05.559+0000] {processor.py:208} INFO - Processing /home/airflow/.local/lib/python3.12/site-packages/airflow/example_dags/example_latest_only_with_trigger.py took 0.072 seconds
[2025-08-17T21:44:36.429+0000] {processor.py:186} INFO - Started process (PID=595) to work on /home/airflow/.local/lib/python3.12/site-packages/airflow/example_dags/example_latest_only_with_trigger.py
[2025-08-17T21:44:36.430+0000] {processor.py:914} INFO - Processing file /home/airflow/.local/lib/python3.12/site-packages/airflow/example_dags/example_latest_only_with_trigger.py for tasks to queue
[2025-08-17T21:44:36.433+0000] {logging_mixin.py:190} INFO - [2025-08-17T21:44:36.433+0000] {dagbag.py:588} INFO - Filling up the DagBag from /home/airflow/.local/lib/python3.12/site-packages/airflow/example_dags/example_latest_only_with_trigger.py
[2025-08-17T21:44:36.441+0000] {processor.py:925} INFO - DAG(s) 'latest_only_with_trigger' retrieved from /home/airflow/.local/lib/python3.12/site-packages/airflow/example_dags/example_latest_only_with_trigger.py
[2025-08-17T21:44:36.460+0000] {logging_mixin.py:190} INFO - [2025-08-17T21:44:36.460+0000] {dag.py:3239} INFO - Sync 1 DAGs
[2025-08-17T21:44:36.481+0000] {logging_mixin.py:190} INFO - [2025-08-17T21:44:36.481+0000] {dag.py:4180} INFO - Setting next_dagrun for latest_only_with_trigger to 2025-08-17 16:00:00+00:00, run_after=2025-08-17 20:00:00+00:00
[2025-08-17T21:44:36.503+0000] {processor.py:208} INFO - Processing /home/airflow/.local/lib/python3.12/site-packages/airflow/example_dags/example_latest_only_with_trigger.py took 0.080 seconds
[2025-08-17T21:45:06.605+0000] {processor.py:186} INFO - Started process (PID=657) to work on /home/airflow/.local/lib/python3.12/site-packages/airflow/example_dags/example_latest_only_with_trigger.py
[2025-08-17T21:45:06.606+0000] {processor.py:914} INFO - Processing file /home/airflow/.local/lib/python3.12/site-packages/airflow/example_dags/example_latest_only_with_trigger.py for tasks to queue
[2025-08-17T21:45:06.608+0000] {logging_mixin.py:190} INFO - [2025-08-17T21:45:06.608+0000] {dagbag.py:588} INFO - Filling up the DagBag from /home/airflow/.local/lib/python3.12/site-packages/airflow/example_dags/example_latest_only_with_trigger.py
[2025-08-17T21:45:06.616+0000] {processor.py:925} INFO - DAG(s) 'latest_only_with_trigger' retrieved from /home/airflow/.local/lib/python3.12/site-packages/airflow/example_dags/example_latest_only_with_trigger.py
[2025-08-17T21:45:06.635+0000] {logging_mixin.py:190} INFO - [2025-08-17T21:45:06.634+0000] {dag.py:3239} INFO - Sync 1 DAGs
[2025-08-17T21:45:06.653+0000] {logging_mixin.py:190} INFO - [2025-08-17T21:45:06.653+0000] {dag.py:4180} INFO - Setting next_dagrun for latest_only_with_trigger to 2025-08-17 16:00:00+00:00, run_after=2025-08-17 20:00:00+00:00
[2025-08-17T21:45:06.672+0000] {processor.py:208} INFO - Processing /home/airflow/.local/lib/python3.12/site-packages/airflow/example_dags/example_latest_only_with_trigger.py took 0.072 seconds
[2025-08-17T21:45:36.829+0000] {processor.py:186} INFO - Started process (PID=720) to work on /home/airflow/.local/lib/python3.12/site-packages/airflow/example_dags/example_latest_only_with_trigger.py
[2025-08-17T21:45:36.830+0000] {processor.py:914} INFO - Processing file /home/airflow/.local/lib/python3.12/site-packages/airflow/example_dags/example_latest_only_with_trigger.py for tasks to queue
[2025-08-17T21:45:36.832+0000] {logging_mixin.py:190} INFO - [2025-08-17T21:45:36.832+0000] {dagbag.py:588} INFO - Filling up the DagBag from /home/airflow/.local/lib/python3.12/site-packages/airflow/example_dags/example_latest_only_with_trigger.py
[2025-08-17T21:45:36.840+0000] {processor.py:925} INFO - DAG(s) 'latest_only_with_trigger' retrieved from /home/airflow/.local/lib/python3.12/site-packages/airflow/example_dags/example_latest_only_with_trigger.py
[2025-08-17T21:45:36.862+0000] {logging_mixin.py:190} INFO - [2025-08-17T21:45:36.861+0000] {dag.py:3239} INFO - Sync 1 DAGs
[2025-08-17T21:45:36.884+0000] {logging_mixin.py:190} INFO - [2025-08-17T21:45:36.884+0000] {dag.py:4180} INFO - Setting next_dagrun for latest_only_with_trigger to 2025-08-17 16:00:00+00:00, run_after=2025-08-17 20:00:00+00:00
[2025-08-17T21:45:36.902+0000] {processor.py:208} INFO - Processing /home/airflow/.local/lib/python3.12/site-packages/airflow/example_dags/example_latest_only_with_trigger.py took 0.079 seconds
[2025-08-17T21:46:08.205+0000] {processor.py:186} INFO - Started process (PID=783) to work on /home/airflow/.local/lib/python3.12/site-packages/airflow/example_dags/example_latest_only_with_trigger.py
[2025-08-17T21:46:08.206+0000] {processor.py:914} INFO - Processing file /home/airflow/.local/lib/python3.12/site-packages/airflow/example_dags/example_latest_only_with_trigger.py for tasks to queue
[2025-08-17T21:46:08.208+0000] {logging_mixin.py:190} INFO - [2025-08-17T21:46:08.208+0000] {dagbag.py:588} INFO - Filling up the DagBag from /home/airflow/.local/lib/python3.12/site-packages/airflow/example_dags/example_latest_only_with_trigger.py
[2025-08-17T21:46:08.215+0000] {processor.py:925} INFO - DAG(s) 'latest_only_with_trigger' retrieved from /home/airflow/.local/lib/python3.12/site-packages/airflow/example_dags/example_latest_only_with_trigger.py
[2025-08-17T21:46:08.235+0000] {logging_mixin.py:190} INFO - [2025-08-17T21:46:08.234+0000] {dag.py:3239} INFO - Sync 1 DAGs
[2025-08-17T21:46:08.253+0000] {logging_mixin.py:190} INFO - [2025-08-17T21:46:08.253+0000] {dag.py:4180} INFO - Setting next_dagrun for latest_only_with_trigger to 2025-08-17 16:00:00+00:00, run_after=2025-08-17 20:00:00+00:00
[2025-08-17T21:46:08.268+0000] {processor.py:208} INFO - Processing /home/airflow/.local/lib/python3.12/site-packages/airflow/example_dags/example_latest_only_with_trigger.py took 0.068 seconds
[2025-08-17T21:46:38.809+0000] {processor.py:186} INFO - Started process (PID=846) to work on /home/airflow/.local/lib/python3.12/site-packages/airflow/example_dags/example_latest_only_with_trigger.py
[2025-08-17T21:46:38.810+0000] {processor.py:914} INFO - Processing file /home/airflow/.local/lib/python3.12/site-packages/airflow/example_dags/example_latest_only_with_trigger.py for tasks to queue
[2025-08-17T21:46:38.813+0000] {logging_mixin.py:190} INFO - [2025-08-17T21:46:38.813+0000] {dagbag.py:588} INFO - Filling up the DagBag from /home/airflow/.local/lib/python3.12/site-packages/airflow/example_dags/example_latest_only_with_trigger.py
[2025-08-17T21:46:38.821+0000] {processor.py:925} INFO - DAG(s) 'latest_only_with_trigger' retrieved from /home/airflow/.local/lib/python3.12/site-packages/airflow/example_dags/example_latest_only_with_trigger.py
[2025-08-17T21:46:38.839+0000] {logging_mixin.py:190} INFO - [2025-08-17T21:46:38.839+0000] {dag.py:3239} INFO - Sync 1 DAGs
[2025-08-17T21:46:38.859+0000] {logging_mixin.py:190} INFO - [2025-08-17T21:46:38.859+0000] {dag.py:4180} INFO - Setting next_dagrun for latest_only_with_trigger to 2025-08-17 16:00:00+00:00, run_after=2025-08-17 20:00:00+00:00
[2025-08-17T21:46:38.875+0000] {processor.py:208} INFO - Processing /home/airflow/.local/lib/python3.12/site-packages/airflow/example_dags/example_latest_only_with_trigger.py took 0.072 seconds
[2025-08-17T21:47:09.227+0000] {processor.py:186} INFO - Started process (PID=909) to work on /home/airflow/.local/lib/python3.12/site-packages/airflow/example_dags/example_latest_only_with_trigger.py
[2025-08-17T21:47:09.228+0000] {processor.py:914} INFO - Processing file /home/airflow/.local/lib/python3.12/site-packages/airflow/example_dags/example_latest_only_with_trigger.py for tasks to queue
[2025-08-17T21:47:09.230+0000] {logging_mixin.py:190} INFO - [2025-08-17T21:47:09.230+0000] {dagbag.py:588} INFO - Filling up the DagBag from /home/airflow/.local/lib/python3.12/site-packages/airflow/example_dags/example_latest_only_with_trigger.py
[2025-08-17T21:47:09.237+0000] {processor.py:925} INFO - DAG(s) 'latest_only_with_trigger' retrieved from /home/airflow/.local/lib/python3.12/site-packages/airflow/example_dags/example_latest_only_with_trigger.py
[2025-08-17T21:47:09.258+0000] {logging_mixin.py:190} INFO - [2025-08-17T21:47:09.258+0000] {dag.py:3239} INFO - Sync 1 DAGs
[2025-08-17T21:47:09.278+0000] {logging_mixin.py:190} INFO - [2025-08-17T21:47:09.278+0000] {dag.py:4180} INFO - Setting next_dagrun for latest_only_with_trigger to 2025-08-17 16:00:00+00:00, run_after=2025-08-17 20:00:00+00:00
[2025-08-17T21:47:09.292+0000] {processor.py:208} INFO - Processing /home/airflow/.local/lib/python3.12/site-packages/airflow/example_dags/example_latest_only_with_trigger.py took 0.070 seconds
[2025-08-17T21:47:39.447+0000] {processor.py:186} INFO - Started process (PID=972) to work on /home/airflow/.local/lib/python3.12/site-packages/airflow/example_dags/example_latest_only_with_trigger.py
[2025-08-17T21:47:39.448+0000] {processor.py:914} INFO - Processing file /home/airflow/.local/lib/python3.12/site-packages/airflow/example_dags/example_latest_only_with_trigger.py for tasks to queue
[2025-08-17T21:47:39.451+0000] {logging_mixin.py:190} INFO - [2025-08-17T21:47:39.450+0000] {dagbag.py:588} INFO - Filling up the DagBag from /home/airflow/.local/lib/python3.12/site-packages/airflow/example_dags/example_latest_only_with_trigger.py
[2025-08-17T21:47:39.458+0000] {processor.py:925} INFO - DAG(s) 'latest_only_with_trigger' retrieved from /home/airflow/.local/lib/python3.12/site-packages/airflow/example_dags/example_latest_only_with_trigger.py
[2025-08-17T21:47:39.477+0000] {logging_mixin.py:190} INFO - [2025-08-17T21:47:39.477+0000] {dag.py:3239} INFO - Sync 1 DAGs
[2025-08-17T21:47:39.497+0000] {logging_mixin.py:190} INFO - [2025-08-17T21:47:39.496+0000] {dag.py:4180} INFO - Setting next_dagrun for latest_only_with_trigger to 2025-08-17 16:00:00+00:00, run_after=2025-08-17 20:00:00+00:00
[2025-08-17T21:47:39.512+0000] {processor.py:208} INFO - Processing /home/airflow/.local/lib/python3.12/site-packages/airflow/example_dags/example_latest_only_with_trigger.py took 0.070 seconds
[2025-08-17T21:48:09.655+0000] {processor.py:186} INFO - Started process (PID=1035) to work on /home/airflow/.local/lib/python3.12/site-packages/airflow/example_dags/example_latest_only_with_trigger.py
[2025-08-17T21:48:09.657+0000] {processor.py:914} INFO - Processing file /home/airflow/.local/lib/python3.12/site-packages/airflow/example_dags/example_latest_only_with_trigger.py for tasks to queue
[2025-08-17T21:48:09.660+0000] {logging_mixin.py:190} INFO - [2025-08-17T21:48:09.660+0000] {dagbag.py:588} INFO - Filling up the DagBag from /home/airflow/.local/lib/python3.12/site-packages/airflow/example_dags/example_latest_only_with_trigger.py
[2025-08-17T21:48:09.674+0000] {processor.py:925} INFO - DAG(s) 'latest_only_with_trigger' retrieved from /home/airflow/.local/lib/python3.12/site-packages/airflow/example_dags/example_latest_only_with_trigger.py
[2025-08-17T21:48:09.702+0000] {logging_mixin.py:190} INFO - [2025-08-17T21:48:09.702+0000] {dag.py:3239} INFO - Sync 1 DAGs
[2025-08-17T21:48:09.727+0000] {logging_mixin.py:190} INFO - [2025-08-17T21:48:09.727+0000] {dag.py:4180} INFO - Setting next_dagrun for latest_only_with_trigger to 2025-08-17 16:00:00+00:00, run_after=2025-08-17 20:00:00+00:00
[2025-08-17T21:48:09.745+0000] {processor.py:208} INFO - Processing /home/airflow/.local/lib/python3.12/site-packages/airflow/example_dags/example_latest_only_with_trigger.py took 0.099 seconds
