[2025-08-17T21:40:32.105+0000] {processor.py:186} INFO - Started process (PID=99) to work on /home/airflow/.local/lib/python3.12/site-packages/airflow/example_dags/example_branch_labels.py
[2025-08-17T21:40:32.106+0000] {processor.py:914} INFO - Processing file /home/airflow/.local/lib/python3.12/site-packages/airflow/example_dags/example_branch_labels.py for tasks to queue
[2025-08-17T21:40:32.108+0000] {logging_mixin.py:190} INFO - [2025-08-17T21:40:32.108+0000] {dagbag.py:588} INFO - Filling up the DagBag from /home/airflow/.local/lib/python3.12/site-packages/airflow/example_dags/example_branch_labels.py
[2025-08-17T21:40:32.118+0000] {processor.py:925} INFO - DAG(s) 'example_branch_labels' retrieved from /home/airflow/.local/lib/python3.12/site-packages/airflow/example_dags/example_branch_labels.py
[2025-08-17T21:40:32.209+0000] {logging_mixin.py:190} INFO - [2025-08-17T21:40:32.209+0000] {override.py:1930} INFO - Created Permission View: can read on DAG:example_branch_labels
[2025-08-17T21:40:32.217+0000] {logging_mixin.py:190} INFO - [2025-08-17T21:40:32.217+0000] {override.py:1930} INFO - Created Permission View: can edit on DAG:example_branch_labels
[2025-08-17T21:40:32.222+0000] {logging_mixin.py:190} INFO - [2025-08-17T21:40:32.221+0000] {override.py:1930} INFO - Created Permission View: can delete on DAG:example_branch_labels
[2025-08-17T21:40:32.228+0000] {logging_mixin.py:190} INFO - [2025-08-17T21:40:32.227+0000] {override.py:1930} INFO - Created Permission View: can read on DAG Run:example_branch_labels
[2025-08-17T21:40:32.233+0000] {logging_mixin.py:190} INFO - [2025-08-17T21:40:32.233+0000] {override.py:1930} INFO - Created Permission View: can create on DAG Run:example_branch_labels
[2025-08-17T21:40:32.238+0000] {logging_mixin.py:190} INFO - [2025-08-17T21:40:32.237+0000] {override.py:1930} INFO - Created Permission View: can delete on DAG Run:example_branch_labels
[2025-08-17T21:40:32.242+0000] {logging_mixin.py:190} INFO - [2025-08-17T21:40:32.242+0000] {override.py:1930} INFO - Created Permission View: menu access on DAG Run:example_branch_labels
[2025-08-17T21:40:32.243+0000] {logging_mixin.py:190} INFO - [2025-08-17T21:40:32.243+0000] {dag.py:3239} INFO - Sync 1 DAGs
[2025-08-17T21:40:32.252+0000] {logging_mixin.py:190} INFO - [2025-08-17T21:40:32.252+0000] {dag.py:3262} INFO - Creating ORM DAG for example_branch_labels
[2025-08-17T21:40:32.261+0000] {logging_mixin.py:190} INFO - [2025-08-17T21:40:32.261+0000] {dag.py:4180} INFO - Setting next_dagrun for example_branch_labels to 2025-08-16 00:00:00+00:00, run_after=2025-08-17 00:00:00+00:00
[2025-08-17T21:40:32.275+0000] {processor.py:208} INFO - Processing /home/airflow/.local/lib/python3.12/site-packages/airflow/example_dags/example_branch_labels.py took 0.176 seconds
[2025-08-17T21:41:02.842+0000] {processor.py:186} INFO - Started process (PID=162) to work on /home/airflow/.local/lib/python3.12/site-packages/airflow/example_dags/example_branch_labels.py
[2025-08-17T21:41:02.843+0000] {processor.py:914} INFO - Processing file /home/airflow/.local/lib/python3.12/site-packages/airflow/example_dags/example_branch_labels.py for tasks to queue
[2025-08-17T21:41:02.846+0000] {logging_mixin.py:190} INFO - [2025-08-17T21:41:02.845+0000] {dagbag.py:588} INFO - Filling up the DagBag from /home/airflow/.local/lib/python3.12/site-packages/airflow/example_dags/example_branch_labels.py
[2025-08-17T21:41:02.854+0000] {processor.py:925} INFO - DAG(s) 'example_branch_labels' retrieved from /home/airflow/.local/lib/python3.12/site-packages/airflow/example_dags/example_branch_labels.py
[2025-08-17T21:41:02.873+0000] {logging_mixin.py:190} INFO - [2025-08-17T21:41:02.873+0000] {dag.py:3239} INFO - Sync 1 DAGs
[2025-08-17T21:41:02.892+0000] {logging_mixin.py:190} INFO - [2025-08-17T21:41:02.892+0000] {dag.py:4180} INFO - Setting next_dagrun for example_branch_labels to 2025-08-16 00:00:00+00:00, run_after=2025-08-17 00:00:00+00:00
[2025-08-17T21:41:02.905+0000] {processor.py:208} INFO - Processing /home/airflow/.local/lib/python3.12/site-packages/airflow/example_dags/example_branch_labels.py took 0.068 seconds
[2025-08-17T21:41:33.343+0000] {processor.py:186} INFO - Started process (PID=225) to work on /home/airflow/.local/lib/python3.12/site-packages/airflow/example_dags/example_branch_labels.py
[2025-08-17T21:41:33.344+0000] {processor.py:914} INFO - Processing file /home/airflow/.local/lib/python3.12/site-packages/airflow/example_dags/example_branch_labels.py for tasks to queue
[2025-08-17T21:41:33.346+0000] {logging_mixin.py:190} INFO - [2025-08-17T21:41:33.346+0000] {dagbag.py:588} INFO - Filling up the DagBag from /home/airflow/.local/lib/python3.12/site-packages/airflow/example_dags/example_branch_labels.py
[2025-08-17T21:41:33.355+0000] {processor.py:925} INFO - DAG(s) 'example_branch_labels' retrieved from /home/airflow/.local/lib/python3.12/site-packages/airflow/example_dags/example_branch_labels.py
[2025-08-17T21:41:33.372+0000] {logging_mixin.py:190} INFO - [2025-08-17T21:41:33.371+0000] {dag.py:3239} INFO - Sync 1 DAGs
[2025-08-17T21:41:33.392+0000] {logging_mixin.py:190} INFO - [2025-08-17T21:41:33.391+0000] {dag.py:4180} INFO - Setting next_dagrun for example_branch_labels to 2025-08-16 00:00:00+00:00, run_after=2025-08-17 00:00:00+00:00
[2025-08-17T21:41:33.417+0000] {processor.py:208} INFO - Processing /home/airflow/.local/lib/python3.12/site-packages/airflow/example_dags/example_branch_labels.py took 0.079 seconds
[2025-08-17T21:42:03.838+0000] {processor.py:186} INFO - Started process (PID=288) to work on /home/airflow/.local/lib/python3.12/site-packages/airflow/example_dags/example_branch_labels.py
[2025-08-17T21:42:03.838+0000] {processor.py:914} INFO - Processing file /home/airflow/.local/lib/python3.12/site-packages/airflow/example_dags/example_branch_labels.py for tasks to queue
[2025-08-17T21:42:03.841+0000] {logging_mixin.py:190} INFO - [2025-08-17T21:42:03.840+0000] {dagbag.py:588} INFO - Filling up the DagBag from /home/airflow/.local/lib/python3.12/site-packages/airflow/example_dags/example_branch_labels.py
[2025-08-17T21:42:03.849+0000] {processor.py:925} INFO - DAG(s) 'example_branch_labels' retrieved from /home/airflow/.local/lib/python3.12/site-packages/airflow/example_dags/example_branch_labels.py
[2025-08-17T21:42:03.868+0000] {logging_mixin.py:190} INFO - [2025-08-17T21:42:03.868+0000] {dag.py:3239} INFO - Sync 1 DAGs
[2025-08-17T21:42:03.888+0000] {logging_mixin.py:190} INFO - [2025-08-17T21:42:03.888+0000] {dag.py:4180} INFO - Setting next_dagrun for example_branch_labels to 2025-08-16 00:00:00+00:00, run_after=2025-08-17 00:00:00+00:00
[2025-08-17T21:42:03.906+0000] {processor.py:208} INFO - Processing /home/airflow/.local/lib/python3.12/site-packages/airflow/example_dags/example_branch_labels.py took 0.074 seconds
[2025-08-17T21:42:34.048+0000] {processor.py:186} INFO - Started process (PID=351) to work on /home/airflow/.local/lib/python3.12/site-packages/airflow/example_dags/example_branch_labels.py
[2025-08-17T21:42:34.048+0000] {processor.py:914} INFO - Processing file /home/airflow/.local/lib/python3.12/site-packages/airflow/example_dags/example_branch_labels.py for tasks to queue
[2025-08-17T21:42:34.051+0000] {logging_mixin.py:190} INFO - [2025-08-17T21:42:34.050+0000] {dagbag.py:588} INFO - Filling up the DagBag from /home/airflow/.local/lib/python3.12/site-packages/airflow/example_dags/example_branch_labels.py
[2025-08-17T21:42:34.060+0000] {processor.py:925} INFO - DAG(s) 'example_branch_labels' retrieved from /home/airflow/.local/lib/python3.12/site-packages/airflow/example_dags/example_branch_labels.py
[2025-08-17T21:42:34.077+0000] {logging_mixin.py:190} INFO - [2025-08-17T21:42:34.077+0000] {dag.py:3239} INFO - Sync 1 DAGs
[2025-08-17T21:42:34.096+0000] {logging_mixin.py:190} INFO - [2025-08-17T21:42:34.096+0000] {dag.py:4180} INFO - Setting next_dagrun for example_branch_labels to 2025-08-16 00:00:00+00:00, run_after=2025-08-17 00:00:00+00:00
[2025-08-17T21:42:34.131+0000] {processor.py:208} INFO - Processing /home/airflow/.local/lib/python3.12/site-packages/airflow/example_dags/example_branch_labels.py took 0.089 seconds
[2025-08-17T21:43:05.391+0000] {processor.py:186} INFO - Started process (PID=414) to work on /home/airflow/.local/lib/python3.12/site-packages/airflow/example_dags/example_branch_labels.py
[2025-08-17T21:43:05.392+0000] {processor.py:914} INFO - Processing file /home/airflow/.local/lib/python3.12/site-packages/airflow/example_dags/example_branch_labels.py for tasks to queue
[2025-08-17T21:43:05.394+0000] {logging_mixin.py:190} INFO - [2025-08-17T21:43:05.394+0000] {dagbag.py:588} INFO - Filling up the DagBag from /home/airflow/.local/lib/python3.12/site-packages/airflow/example_dags/example_branch_labels.py
[2025-08-17T21:43:05.402+0000] {processor.py:925} INFO - DAG(s) 'example_branch_labels' retrieved from /home/airflow/.local/lib/python3.12/site-packages/airflow/example_dags/example_branch_labels.py
[2025-08-17T21:43:05.423+0000] {logging_mixin.py:190} INFO - [2025-08-17T21:43:05.423+0000] {dag.py:3239} INFO - Sync 1 DAGs
[2025-08-17T21:43:05.443+0000] {logging_mixin.py:190} INFO - [2025-08-17T21:43:05.442+0000] {dag.py:4180} INFO - Setting next_dagrun for example_branch_labels to 2025-08-16 00:00:00+00:00, run_after=2025-08-17 00:00:00+00:00
[2025-08-17T21:43:05.458+0000] {processor.py:208} INFO - Processing /home/airflow/.local/lib/python3.12/site-packages/airflow/example_dags/example_branch_labels.py took 0.073 seconds
[2025-08-17T21:43:36.392+0000] {processor.py:186} INFO - Started process (PID=477) to work on /home/airflow/.local/lib/python3.12/site-packages/airflow/example_dags/example_branch_labels.py
[2025-08-17T21:43:36.393+0000] {processor.py:914} INFO - Processing file /home/airflow/.local/lib/python3.12/site-packages/airflow/example_dags/example_branch_labels.py for tasks to queue
[2025-08-17T21:43:36.395+0000] {logging_mixin.py:190} INFO - [2025-08-17T21:43:36.394+0000] {dagbag.py:588} INFO - Filling up the DagBag from /home/airflow/.local/lib/python3.12/site-packages/airflow/example_dags/example_branch_labels.py
[2025-08-17T21:43:36.404+0000] {processor.py:925} INFO - DAG(s) 'example_branch_labels' retrieved from /home/airflow/.local/lib/python3.12/site-packages/airflow/example_dags/example_branch_labels.py
[2025-08-17T21:43:36.423+0000] {logging_mixin.py:190} INFO - [2025-08-17T21:43:36.423+0000] {dag.py:3239} INFO - Sync 1 DAGs
[2025-08-17T21:43:36.445+0000] {logging_mixin.py:190} INFO - [2025-08-17T21:43:36.445+0000] {dag.py:4180} INFO - Setting next_dagrun for example_branch_labels to 2025-08-16 00:00:00+00:00, run_after=2025-08-17 00:00:00+00:00
[2025-08-17T21:43:36.468+0000] {processor.py:208} INFO - Processing /home/airflow/.local/lib/python3.12/site-packages/airflow/example_dags/example_branch_labels.py took 0.083 seconds
[2025-08-17T21:44:06.849+0000] {processor.py:186} INFO - Started process (PID=539) to work on /home/airflow/.local/lib/python3.12/site-packages/airflow/example_dags/example_branch_labels.py
[2025-08-17T21:44:06.850+0000] {processor.py:914} INFO - Processing file /home/airflow/.local/lib/python3.12/site-packages/airflow/example_dags/example_branch_labels.py for tasks to queue
[2025-08-17T21:44:06.853+0000] {logging_mixin.py:190} INFO - [2025-08-17T21:44:06.852+0000] {dagbag.py:588} INFO - Filling up the DagBag from /home/airflow/.local/lib/python3.12/site-packages/airflow/example_dags/example_branch_labels.py
[2025-08-17T21:44:06.861+0000] {processor.py:925} INFO - DAG(s) 'example_branch_labels' retrieved from /home/airflow/.local/lib/python3.12/site-packages/airflow/example_dags/example_branch_labels.py
[2025-08-17T21:44:06.880+0000] {logging_mixin.py:190} INFO - [2025-08-17T21:44:06.880+0000] {dag.py:3239} INFO - Sync 1 DAGs
[2025-08-17T21:44:06.899+0000] {logging_mixin.py:190} INFO - [2025-08-17T21:44:06.899+0000] {dag.py:4180} INFO - Setting next_dagrun for example_branch_labels to 2025-08-16 00:00:00+00:00, run_after=2025-08-17 00:00:00+00:00
[2025-08-17T21:44:06.913+0000] {processor.py:208} INFO - Processing /home/airflow/.local/lib/python3.12/site-packages/airflow/example_dags/example_branch_labels.py took 0.069 seconds
[2025-08-17T21:44:37.064+0000] {processor.py:186} INFO - Started process (PID=602) to work on /home/airflow/.local/lib/python3.12/site-packages/airflow/example_dags/example_branch_labels.py
[2025-08-17T21:44:37.065+0000] {processor.py:914} INFO - Processing file /home/airflow/.local/lib/python3.12/site-packages/airflow/example_dags/example_branch_labels.py for tasks to queue
[2025-08-17T21:44:37.068+0000] {logging_mixin.py:190} INFO - [2025-08-17T21:44:37.068+0000] {dagbag.py:588} INFO - Filling up the DagBag from /home/airflow/.local/lib/python3.12/site-packages/airflow/example_dags/example_branch_labels.py
[2025-08-17T21:44:37.080+0000] {processor.py:925} INFO - DAG(s) 'example_branch_labels' retrieved from /home/airflow/.local/lib/python3.12/site-packages/airflow/example_dags/example_branch_labels.py
[2025-08-17T21:44:37.099+0000] {logging_mixin.py:190} INFO - [2025-08-17T21:44:37.099+0000] {dag.py:3239} INFO - Sync 1 DAGs
[2025-08-17T21:44:37.119+0000] {logging_mixin.py:190} INFO - [2025-08-17T21:44:37.119+0000] {dag.py:4180} INFO - Setting next_dagrun for example_branch_labels to 2025-08-16 00:00:00+00:00, run_after=2025-08-17 00:00:00+00:00
[2025-08-17T21:44:37.155+0000] {processor.py:208} INFO - Processing /home/airflow/.local/lib/python3.12/site-packages/airflow/example_dags/example_branch_labels.py took 0.097 seconds
[2025-08-17T21:45:07.351+0000] {processor.py:186} INFO - Started process (PID=665) to work on /home/airflow/.local/lib/python3.12/site-packages/airflow/example_dags/example_branch_labels.py
[2025-08-17T21:45:07.352+0000] {processor.py:914} INFO - Processing file /home/airflow/.local/lib/python3.12/site-packages/airflow/example_dags/example_branch_labels.py for tasks to queue
[2025-08-17T21:45:07.354+0000] {logging_mixin.py:190} INFO - [2025-08-17T21:45:07.353+0000] {dagbag.py:588} INFO - Filling up the DagBag from /home/airflow/.local/lib/python3.12/site-packages/airflow/example_dags/example_branch_labels.py
[2025-08-17T21:45:07.363+0000] {processor.py:925} INFO - DAG(s) 'example_branch_labels' retrieved from /home/airflow/.local/lib/python3.12/site-packages/airflow/example_dags/example_branch_labels.py
[2025-08-17T21:45:07.382+0000] {logging_mixin.py:190} INFO - [2025-08-17T21:45:07.381+0000] {dag.py:3239} INFO - Sync 1 DAGs
[2025-08-17T21:45:07.403+0000] {logging_mixin.py:190} INFO - [2025-08-17T21:45:07.402+0000] {dag.py:4180} INFO - Setting next_dagrun for example_branch_labels to 2025-08-16 00:00:00+00:00, run_after=2025-08-17 00:00:00+00:00
[2025-08-17T21:45:07.422+0000] {processor.py:208} INFO - Processing /home/airflow/.local/lib/python3.12/site-packages/airflow/example_dags/example_branch_labels.py took 0.077 seconds
[2025-08-17T21:45:37.476+0000] {processor.py:186} INFO - Started process (PID=727) to work on /home/airflow/.local/lib/python3.12/site-packages/airflow/example_dags/example_branch_labels.py
[2025-08-17T21:45:37.477+0000] {processor.py:914} INFO - Processing file /home/airflow/.local/lib/python3.12/site-packages/airflow/example_dags/example_branch_labels.py for tasks to queue
[2025-08-17T21:45:37.480+0000] {logging_mixin.py:190} INFO - [2025-08-17T21:45:37.480+0000] {dagbag.py:588} INFO - Filling up the DagBag from /home/airflow/.local/lib/python3.12/site-packages/airflow/example_dags/example_branch_labels.py
[2025-08-17T21:45:37.489+0000] {processor.py:925} INFO - DAG(s) 'example_branch_labels' retrieved from /home/airflow/.local/lib/python3.12/site-packages/airflow/example_dags/example_branch_labels.py
[2025-08-17T21:45:37.508+0000] {logging_mixin.py:190} INFO - [2025-08-17T21:45:37.508+0000] {dag.py:3239} INFO - Sync 1 DAGs
[2025-08-17T21:45:37.526+0000] {logging_mixin.py:190} INFO - [2025-08-17T21:45:37.526+0000] {dag.py:4180} INFO - Setting next_dagrun for example_branch_labels to 2025-08-16 00:00:00+00:00, run_after=2025-08-17 00:00:00+00:00
[2025-08-17T21:45:37.543+0000] {processor.py:208} INFO - Processing /home/airflow/.local/lib/python3.12/site-packages/airflow/example_dags/example_branch_labels.py took 0.072 seconds
[2025-08-17T21:46:09.197+0000] {processor.py:186} INFO - Started process (PID=791) to work on /home/airflow/.local/lib/python3.12/site-packages/airflow/example_dags/example_branch_labels.py
[2025-08-17T21:46:09.198+0000] {processor.py:914} INFO - Processing file /home/airflow/.local/lib/python3.12/site-packages/airflow/example_dags/example_branch_labels.py for tasks to queue
[2025-08-17T21:46:09.201+0000] {logging_mixin.py:190} INFO - [2025-08-17T21:46:09.200+0000] {dagbag.py:588} INFO - Filling up the DagBag from /home/airflow/.local/lib/python3.12/site-packages/airflow/example_dags/example_branch_labels.py
[2025-08-17T21:46:09.210+0000] {processor.py:925} INFO - DAG(s) 'example_branch_labels' retrieved from /home/airflow/.local/lib/python3.12/site-packages/airflow/example_dags/example_branch_labels.py
[2025-08-17T21:46:09.228+0000] {logging_mixin.py:190} INFO - [2025-08-17T21:46:09.228+0000] {dag.py:3239} INFO - Sync 1 DAGs
[2025-08-17T21:46:09.249+0000] {logging_mixin.py:190} INFO - [2025-08-17T21:46:09.249+0000] {dag.py:4180} INFO - Setting next_dagrun for example_branch_labels to 2025-08-16 00:00:00+00:00, run_after=2025-08-17 00:00:00+00:00
[2025-08-17T21:46:09.271+0000] {processor.py:208} INFO - Processing /home/airflow/.local/lib/python3.12/site-packages/airflow/example_dags/example_branch_labels.py took 0.080 seconds
[2025-08-17T21:46:40.039+0000] {processor.py:186} INFO - Started process (PID=854) to work on /home/airflow/.local/lib/python3.12/site-packages/airflow/example_dags/example_branch_labels.py
[2025-08-17T21:46:40.040+0000] {processor.py:914} INFO - Processing file /home/airflow/.local/lib/python3.12/site-packages/airflow/example_dags/example_branch_labels.py for tasks to queue
[2025-08-17T21:46:40.042+0000] {logging_mixin.py:190} INFO - [2025-08-17T21:46:40.042+0000] {dagbag.py:588} INFO - Filling up the DagBag from /home/airflow/.local/lib/python3.12/site-packages/airflow/example_dags/example_branch_labels.py
[2025-08-17T21:46:40.052+0000] {processor.py:925} INFO - DAG(s) 'example_branch_labels' retrieved from /home/airflow/.local/lib/python3.12/site-packages/airflow/example_dags/example_branch_labels.py
[2025-08-17T21:46:40.070+0000] {logging_mixin.py:190} INFO - [2025-08-17T21:46:40.070+0000] {dag.py:3239} INFO - Sync 1 DAGs
[2025-08-17T21:46:40.089+0000] {logging_mixin.py:190} INFO - [2025-08-17T21:46:40.089+0000] {dag.py:4180} INFO - Setting next_dagrun for example_branch_labels to 2025-08-16 00:00:00+00:00, run_after=2025-08-17 00:00:00+00:00
[2025-08-17T21:46:40.104+0000] {processor.py:208} INFO - Processing /home/airflow/.local/lib/python3.12/site-packages/airflow/example_dags/example_branch_labels.py took 0.071 seconds
[2025-08-17T21:47:10.804+0000] {processor.py:186} INFO - Started process (PID=917) to work on /home/airflow/.local/lib/python3.12/site-packages/airflow/example_dags/example_branch_labels.py
[2025-08-17T21:47:10.805+0000] {processor.py:914} INFO - Processing file /home/airflow/.local/lib/python3.12/site-packages/airflow/example_dags/example_branch_labels.py for tasks to queue
[2025-08-17T21:47:10.810+0000] {logging_mixin.py:190} INFO - [2025-08-17T21:47:10.810+0000] {dagbag.py:588} INFO - Filling up the DagBag from /home/airflow/.local/lib/python3.12/site-packages/airflow/example_dags/example_branch_labels.py
[2025-08-17T21:47:10.821+0000] {processor.py:925} INFO - DAG(s) 'example_branch_labels' retrieved from /home/airflow/.local/lib/python3.12/site-packages/airflow/example_dags/example_branch_labels.py
[2025-08-17T21:47:10.844+0000] {logging_mixin.py:190} INFO - [2025-08-17T21:47:10.844+0000] {dag.py:3239} INFO - Sync 1 DAGs
[2025-08-17T21:47:10.870+0000] {logging_mixin.py:190} INFO - [2025-08-17T21:47:10.869+0000] {dag.py:4180} INFO - Setting next_dagrun for example_branch_labels to 2025-08-16 00:00:00+00:00, run_after=2025-08-17 00:00:00+00:00
[2025-08-17T21:47:10.895+0000] {processor.py:208} INFO - Processing /home/airflow/.local/lib/python3.12/site-packages/airflow/example_dags/example_branch_labels.py took 0.098 seconds
[2025-08-17T21:47:40.968+0000] {processor.py:186} INFO - Started process (PID=979) to work on /home/airflow/.local/lib/python3.12/site-packages/airflow/example_dags/example_branch_labels.py
[2025-08-17T21:47:40.969+0000] {processor.py:914} INFO - Processing file /home/airflow/.local/lib/python3.12/site-packages/airflow/example_dags/example_branch_labels.py for tasks to queue
[2025-08-17T21:47:40.971+0000] {logging_mixin.py:190} INFO - [2025-08-17T21:47:40.970+0000] {dagbag.py:588} INFO - Filling up the DagBag from /home/airflow/.local/lib/python3.12/site-packages/airflow/example_dags/example_branch_labels.py
[2025-08-17T21:47:40.980+0000] {processor.py:925} INFO - DAG(s) 'example_branch_labels' retrieved from /home/airflow/.local/lib/python3.12/site-packages/airflow/example_dags/example_branch_labels.py
[2025-08-17T21:47:40.998+0000] {logging_mixin.py:190} INFO - [2025-08-17T21:47:40.998+0000] {dag.py:3239} INFO - Sync 1 DAGs
[2025-08-17T21:47:41.016+0000] {logging_mixin.py:190} INFO - [2025-08-17T21:47:41.016+0000] {dag.py:4180} INFO - Setting next_dagrun for example_branch_labels to 2025-08-16 00:00:00+00:00, run_after=2025-08-17 00:00:00+00:00
[2025-08-17T21:47:41.031+0000] {processor.py:208} INFO - Processing /home/airflow/.local/lib/python3.12/site-packages/airflow/example_dags/example_branch_labels.py took 0.069 seconds
