[2025-08-17T21:40:33.159+0000] {processor.py:186} INFO - Started process (PID=105) to work on /home/airflow/.local/lib/python3.12/site-packages/airflow/example_dags/example_sensor_decorator.py
[2025-08-17T21:40:33.160+0000] {processor.py:914} INFO - Processing file /home/airflow/.local/lib/python3.12/site-packages/airflow/example_dags/example_sensor_decorator.py for tasks to queue
[2025-08-17T21:40:33.162+0000] {logging_mixin.py:190} INFO - [2025-08-17T21:40:33.162+0000] {dagbag.py:588} INFO - Filling up the DagBag from /home/airflow/.local/lib/python3.12/site-packages/airflow/example_dags/example_sensor_decorator.py
[2025-08-17T21:40:33.171+0000] {processor.py:925} INFO - DAG(s) 'example_sensor_decorator' retrieved from /home/airflow/.local/lib/python3.12/site-packages/airflow/example_dags/example_sensor_decorator.py
[2025-08-17T21:40:33.272+0000] {logging_mixin.py:190} INFO - [2025-08-17T21:40:33.272+0000] {override.py:1930} INFO - Created Permission View: can read on DAG:example_sensor_decorator
[2025-08-17T21:40:33.282+0000] {logging_mixin.py:190} INFO - [2025-08-17T21:40:33.282+0000] {override.py:1930} INFO - Created Permission View: can edit on DAG:example_sensor_decorator
[2025-08-17T21:40:33.287+0000] {logging_mixin.py:190} INFO - [2025-08-17T21:40:33.287+0000] {override.py:1930} INFO - Created Permission View: can delete on DAG:example_sensor_decorator
[2025-08-17T21:40:33.294+0000] {logging_mixin.py:190} INFO - [2025-08-17T21:40:33.293+0000] {override.py:1930} INFO - Created Permission View: can read on DAG Run:example_sensor_decorator
[2025-08-17T21:40:33.299+0000] {logging_mixin.py:190} INFO - [2025-08-17T21:40:33.299+0000] {override.py:1930} INFO - Created Permission View: can create on DAG Run:example_sensor_decorator
[2025-08-17T21:40:33.304+0000] {logging_mixin.py:190} INFO - [2025-08-17T21:40:33.304+0000] {override.py:1930} INFO - Created Permission View: can delete on DAG Run:example_sensor_decorator
[2025-08-17T21:40:33.309+0000] {logging_mixin.py:190} INFO - [2025-08-17T21:40:33.309+0000] {override.py:1930} INFO - Created Permission View: menu access on DAG Run:example_sensor_decorator
[2025-08-17T21:40:33.310+0000] {logging_mixin.py:190} INFO - [2025-08-17T21:40:33.310+0000] {dag.py:3239} INFO - Sync 1 DAGs
[2025-08-17T21:40:33.319+0000] {logging_mixin.py:190} INFO - [2025-08-17T21:40:33.319+0000] {dag.py:3262} INFO - Creating ORM DAG for example_sensor_decorator
[2025-08-17T21:40:33.320+0000] {logging_mixin.py:190} INFO - [2025-08-17T21:40:33.320+0000] {dag.py:4180} INFO - Setting next_dagrun for example_sensor_decorator to None, run_after=None
[2025-08-17T21:40:33.332+0000] {processor.py:208} INFO - Processing /home/airflow/.local/lib/python3.12/site-packages/airflow/example_dags/example_sensor_decorator.py took 0.179 seconds
[2025-08-17T21:41:04.150+0000] {processor.py:186} INFO - Started process (PID=168) to work on /home/airflow/.local/lib/python3.12/site-packages/airflow/example_dags/example_sensor_decorator.py
[2025-08-17T21:41:04.151+0000] {processor.py:914} INFO - Processing file /home/airflow/.local/lib/python3.12/site-packages/airflow/example_dags/example_sensor_decorator.py for tasks to queue
[2025-08-17T21:41:04.153+0000] {logging_mixin.py:190} INFO - [2025-08-17T21:41:04.153+0000] {dagbag.py:588} INFO - Filling up the DagBag from /home/airflow/.local/lib/python3.12/site-packages/airflow/example_dags/example_sensor_decorator.py
[2025-08-17T21:41:04.161+0000] {processor.py:925} INFO - DAG(s) 'example_sensor_decorator' retrieved from /home/airflow/.local/lib/python3.12/site-packages/airflow/example_dags/example_sensor_decorator.py
[2025-08-17T21:41:04.179+0000] {logging_mixin.py:190} INFO - [2025-08-17T21:41:04.179+0000] {dag.py:3239} INFO - Sync 1 DAGs
[2025-08-17T21:41:04.191+0000] {logging_mixin.py:190} INFO - [2025-08-17T21:41:04.191+0000] {dag.py:4180} INFO - Setting next_dagrun for example_sensor_decorator to None, run_after=None
[2025-08-17T21:41:04.204+0000] {processor.py:208} INFO - Processing /home/airflow/.local/lib/python3.12/site-packages/airflow/example_dags/example_sensor_decorator.py took 0.060 seconds
[2025-08-17T21:41:34.575+0000] {processor.py:186} INFO - Started process (PID=230) to work on /home/airflow/.local/lib/python3.12/site-packages/airflow/example_dags/example_sensor_decorator.py
[2025-08-17T21:41:34.576+0000] {processor.py:914} INFO - Processing file /home/airflow/.local/lib/python3.12/site-packages/airflow/example_dags/example_sensor_decorator.py for tasks to queue
[2025-08-17T21:41:34.577+0000] {logging_mixin.py:190} INFO - [2025-08-17T21:41:34.577+0000] {dagbag.py:588} INFO - Filling up the DagBag from /home/airflow/.local/lib/python3.12/site-packages/airflow/example_dags/example_sensor_decorator.py
[2025-08-17T21:41:34.584+0000] {processor.py:925} INFO - DAG(s) 'example_sensor_decorator' retrieved from /home/airflow/.local/lib/python3.12/site-packages/airflow/example_dags/example_sensor_decorator.py
[2025-08-17T21:41:34.603+0000] {logging_mixin.py:190} INFO - [2025-08-17T21:41:34.603+0000] {dag.py:3239} INFO - Sync 1 DAGs
[2025-08-17T21:41:34.615+0000] {logging_mixin.py:190} INFO - [2025-08-17T21:41:34.615+0000] {dag.py:4180} INFO - Setting next_dagrun for example_sensor_decorator to None, run_after=None
[2025-08-17T21:41:34.637+0000] {processor.py:208} INFO - Processing /home/airflow/.local/lib/python3.12/site-packages/airflow/example_dags/example_sensor_decorator.py took 0.067 seconds
[2025-08-17T21:42:05.161+0000] {processor.py:186} INFO - Started process (PID=293) to work on /home/airflow/.local/lib/python3.12/site-packages/airflow/example_dags/example_sensor_decorator.py
[2025-08-17T21:42:05.162+0000] {processor.py:914} INFO - Processing file /home/airflow/.local/lib/python3.12/site-packages/airflow/example_dags/example_sensor_decorator.py for tasks to queue
[2025-08-17T21:42:05.164+0000] {logging_mixin.py:190} INFO - [2025-08-17T21:42:05.164+0000] {dagbag.py:588} INFO - Filling up the DagBag from /home/airflow/.local/lib/python3.12/site-packages/airflow/example_dags/example_sensor_decorator.py
[2025-08-17T21:42:05.171+0000] {processor.py:925} INFO - DAG(s) 'example_sensor_decorator' retrieved from /home/airflow/.local/lib/python3.12/site-packages/airflow/example_dags/example_sensor_decorator.py
[2025-08-17T21:42:05.189+0000] {logging_mixin.py:190} INFO - [2025-08-17T21:42:05.189+0000] {dag.py:3239} INFO - Sync 1 DAGs
[2025-08-17T21:42:05.202+0000] {logging_mixin.py:190} INFO - [2025-08-17T21:42:05.201+0000] {dag.py:4180} INFO - Setting next_dagrun for example_sensor_decorator to None, run_after=None
[2025-08-17T21:42:05.218+0000] {processor.py:208} INFO - Processing /home/airflow/.local/lib/python3.12/site-packages/airflow/example_dags/example_sensor_decorator.py took 0.063 seconds
[2025-08-17T21:42:35.305+0000] {processor.py:186} INFO - Started process (PID=356) to work on /home/airflow/.local/lib/python3.12/site-packages/airflow/example_dags/example_sensor_decorator.py
[2025-08-17T21:42:35.306+0000] {processor.py:914} INFO - Processing file /home/airflow/.local/lib/python3.12/site-packages/airflow/example_dags/example_sensor_decorator.py for tasks to queue
[2025-08-17T21:42:35.309+0000] {logging_mixin.py:190} INFO - [2025-08-17T21:42:35.308+0000] {dagbag.py:588} INFO - Filling up the DagBag from /home/airflow/.local/lib/python3.12/site-packages/airflow/example_dags/example_sensor_decorator.py
[2025-08-17T21:42:35.316+0000] {processor.py:925} INFO - DAG(s) 'example_sensor_decorator' retrieved from /home/airflow/.local/lib/python3.12/site-packages/airflow/example_dags/example_sensor_decorator.py
[2025-08-17T21:42:35.336+0000] {logging_mixin.py:190} INFO - [2025-08-17T21:42:35.335+0000] {dag.py:3239} INFO - Sync 1 DAGs
[2025-08-17T21:42:35.348+0000] {logging_mixin.py:190} INFO - [2025-08-17T21:42:35.348+0000] {dag.py:4180} INFO - Setting next_dagrun for example_sensor_decorator to None, run_after=None
[2025-08-17T21:42:35.366+0000] {processor.py:208} INFO - Processing /home/airflow/.local/lib/python3.12/site-packages/airflow/example_dags/example_sensor_decorator.py took 0.067 seconds
[2025-08-17T21:43:05.810+0000] {processor.py:186} INFO - Started process (PID=419) to work on /home/airflow/.local/lib/python3.12/site-packages/airflow/example_dags/example_sensor_decorator.py
[2025-08-17T21:43:05.811+0000] {processor.py:914} INFO - Processing file /home/airflow/.local/lib/python3.12/site-packages/airflow/example_dags/example_sensor_decorator.py for tasks to queue
[2025-08-17T21:43:05.813+0000] {logging_mixin.py:190} INFO - [2025-08-17T21:43:05.813+0000] {dagbag.py:588} INFO - Filling up the DagBag from /home/airflow/.local/lib/python3.12/site-packages/airflow/example_dags/example_sensor_decorator.py
[2025-08-17T21:43:05.820+0000] {processor.py:925} INFO - DAG(s) 'example_sensor_decorator' retrieved from /home/airflow/.local/lib/python3.12/site-packages/airflow/example_dags/example_sensor_decorator.py
[2025-08-17T21:43:05.841+0000] {logging_mixin.py:190} INFO - [2025-08-17T21:43:05.841+0000] {dag.py:3239} INFO - Sync 1 DAGs
[2025-08-17T21:43:05.854+0000] {logging_mixin.py:190} INFO - [2025-08-17T21:43:05.854+0000] {dag.py:4180} INFO - Setting next_dagrun for example_sensor_decorator to None, run_after=None
[2025-08-17T21:43:05.869+0000] {processor.py:208} INFO - Processing /home/airflow/.local/lib/python3.12/site-packages/airflow/example_dags/example_sensor_decorator.py took 0.065 seconds
[2025-08-17T21:43:36.875+0000] {processor.py:186} INFO - Started process (PID=482) to work on /home/airflow/.local/lib/python3.12/site-packages/airflow/example_dags/example_sensor_decorator.py
[2025-08-17T21:43:36.876+0000] {processor.py:914} INFO - Processing file /home/airflow/.local/lib/python3.12/site-packages/airflow/example_dags/example_sensor_decorator.py for tasks to queue
[2025-08-17T21:43:36.878+0000] {logging_mixin.py:190} INFO - [2025-08-17T21:43:36.878+0000] {dagbag.py:588} INFO - Filling up the DagBag from /home/airflow/.local/lib/python3.12/site-packages/airflow/example_dags/example_sensor_decorator.py
[2025-08-17T21:43:36.887+0000] {processor.py:925} INFO - DAG(s) 'example_sensor_decorator' retrieved from /home/airflow/.local/lib/python3.12/site-packages/airflow/example_dags/example_sensor_decorator.py
[2025-08-17T21:43:36.909+0000] {logging_mixin.py:190} INFO - [2025-08-17T21:43:36.909+0000] {dag.py:3239} INFO - Sync 1 DAGs
[2025-08-17T21:43:36.921+0000] {logging_mixin.py:190} INFO - [2025-08-17T21:43:36.921+0000] {dag.py:4180} INFO - Setting next_dagrun for example_sensor_decorator to None, run_after=None
[2025-08-17T21:43:36.962+0000] {processor.py:208} INFO - Processing /home/airflow/.local/lib/python3.12/site-packages/airflow/example_dags/example_sensor_decorator.py took 0.093 seconds
[2025-08-17T21:44:07.382+0000] {processor.py:186} INFO - Started process (PID=545) to work on /home/airflow/.local/lib/python3.12/site-packages/airflow/example_dags/example_sensor_decorator.py
[2025-08-17T21:44:07.383+0000] {processor.py:914} INFO - Processing file /home/airflow/.local/lib/python3.12/site-packages/airflow/example_dags/example_sensor_decorator.py for tasks to queue
[2025-08-17T21:44:07.387+0000] {logging_mixin.py:190} INFO - [2025-08-17T21:44:07.386+0000] {dagbag.py:588} INFO - Filling up the DagBag from /home/airflow/.local/lib/python3.12/site-packages/airflow/example_dags/example_sensor_decorator.py
[2025-08-17T21:44:07.397+0000] {processor.py:925} INFO - DAG(s) 'example_sensor_decorator' retrieved from /home/airflow/.local/lib/python3.12/site-packages/airflow/example_dags/example_sensor_decorator.py
[2025-08-17T21:44:07.419+0000] {logging_mixin.py:190} INFO - [2025-08-17T21:44:07.419+0000] {dag.py:3239} INFO - Sync 1 DAGs
[2025-08-17T21:44:07.433+0000] {logging_mixin.py:190} INFO - [2025-08-17T21:44:07.433+0000] {dag.py:4180} INFO - Setting next_dagrun for example_sensor_decorator to None, run_after=None
[2025-08-17T21:44:07.458+0000] {processor.py:208} INFO - Processing /home/airflow/.local/lib/python3.12/site-packages/airflow/example_dags/example_sensor_decorator.py took 0.083 seconds
[2025-08-17T21:44:37.501+0000] {processor.py:186} INFO - Started process (PID=607) to work on /home/airflow/.local/lib/python3.12/site-packages/airflow/example_dags/example_sensor_decorator.py
[2025-08-17T21:44:37.503+0000] {processor.py:914} INFO - Processing file /home/airflow/.local/lib/python3.12/site-packages/airflow/example_dags/example_sensor_decorator.py for tasks to queue
[2025-08-17T21:44:37.506+0000] {logging_mixin.py:190} INFO - [2025-08-17T21:44:37.506+0000] {dagbag.py:588} INFO - Filling up the DagBag from /home/airflow/.local/lib/python3.12/site-packages/airflow/example_dags/example_sensor_decorator.py
[2025-08-17T21:44:37.515+0000] {processor.py:925} INFO - DAG(s) 'example_sensor_decorator' retrieved from /home/airflow/.local/lib/python3.12/site-packages/airflow/example_dags/example_sensor_decorator.py
[2025-08-17T21:44:37.534+0000] {logging_mixin.py:190} INFO - [2025-08-17T21:44:37.533+0000] {dag.py:3239} INFO - Sync 1 DAGs
[2025-08-17T21:44:37.547+0000] {logging_mixin.py:190} INFO - [2025-08-17T21:44:37.546+0000] {dag.py:4180} INFO - Setting next_dagrun for example_sensor_decorator to None, run_after=None
[2025-08-17T21:44:37.567+0000] {processor.py:208} INFO - Processing /home/airflow/.local/lib/python3.12/site-packages/airflow/example_dags/example_sensor_decorator.py took 0.073 seconds
[2025-08-17T21:45:07.760+0000] {processor.py:186} INFO - Started process (PID=670) to work on /home/airflow/.local/lib/python3.12/site-packages/airflow/example_dags/example_sensor_decorator.py
[2025-08-17T21:45:07.761+0000] {processor.py:914} INFO - Processing file /home/airflow/.local/lib/python3.12/site-packages/airflow/example_dags/example_sensor_decorator.py for tasks to queue
[2025-08-17T21:45:07.764+0000] {logging_mixin.py:190} INFO - [2025-08-17T21:45:07.763+0000] {dagbag.py:588} INFO - Filling up the DagBag from /home/airflow/.local/lib/python3.12/site-packages/airflow/example_dags/example_sensor_decorator.py
[2025-08-17T21:45:07.772+0000] {processor.py:925} INFO - DAG(s) 'example_sensor_decorator' retrieved from /home/airflow/.local/lib/python3.12/site-packages/airflow/example_dags/example_sensor_decorator.py
[2025-08-17T21:45:07.791+0000] {logging_mixin.py:190} INFO - [2025-08-17T21:45:07.790+0000] {dag.py:3239} INFO - Sync 1 DAGs
[2025-08-17T21:45:07.803+0000] {logging_mixin.py:190} INFO - [2025-08-17T21:45:07.802+0000] {dag.py:4180} INFO - Setting next_dagrun for example_sensor_decorator to None, run_after=None
[2025-08-17T21:45:07.821+0000] {processor.py:208} INFO - Processing /home/airflow/.local/lib/python3.12/site-packages/airflow/example_dags/example_sensor_decorator.py took 0.067 seconds
[2025-08-17T21:45:37.997+0000] {processor.py:186} INFO - Started process (PID=733) to work on /home/airflow/.local/lib/python3.12/site-packages/airflow/example_dags/example_sensor_decorator.py
[2025-08-17T21:45:37.999+0000] {processor.py:914} INFO - Processing file /home/airflow/.local/lib/python3.12/site-packages/airflow/example_dags/example_sensor_decorator.py for tasks to queue
[2025-08-17T21:45:38.001+0000] {logging_mixin.py:190} INFO - [2025-08-17T21:45:38.001+0000] {dagbag.py:588} INFO - Filling up the DagBag from /home/airflow/.local/lib/python3.12/site-packages/airflow/example_dags/example_sensor_decorator.py
[2025-08-17T21:45:38.009+0000] {processor.py:925} INFO - DAG(s) 'example_sensor_decorator' retrieved from /home/airflow/.local/lib/python3.12/site-packages/airflow/example_dags/example_sensor_decorator.py
[2025-08-17T21:45:38.027+0000] {logging_mixin.py:190} INFO - [2025-08-17T21:45:38.027+0000] {dag.py:3239} INFO - Sync 1 DAGs
[2025-08-17T21:45:38.040+0000] {logging_mixin.py:190} INFO - [2025-08-17T21:45:38.040+0000] {dag.py:4180} INFO - Setting next_dagrun for example_sensor_decorator to None, run_after=None
[2025-08-17T21:45:38.060+0000] {processor.py:208} INFO - Processing /home/airflow/.local/lib/python3.12/site-packages/airflow/example_dags/example_sensor_decorator.py took 0.069 seconds
[2025-08-17T21:46:09.543+0000] {processor.py:186} INFO - Started process (PID=796) to work on /home/airflow/.local/lib/python3.12/site-packages/airflow/example_dags/example_sensor_decorator.py
[2025-08-17T21:46:09.544+0000] {processor.py:914} INFO - Processing file /home/airflow/.local/lib/python3.12/site-packages/airflow/example_dags/example_sensor_decorator.py for tasks to queue
[2025-08-17T21:46:09.546+0000] {logging_mixin.py:190} INFO - [2025-08-17T21:46:09.546+0000] {dagbag.py:588} INFO - Filling up the DagBag from /home/airflow/.local/lib/python3.12/site-packages/airflow/example_dags/example_sensor_decorator.py
[2025-08-17T21:46:09.555+0000] {processor.py:925} INFO - DAG(s) 'example_sensor_decorator' retrieved from /home/airflow/.local/lib/python3.12/site-packages/airflow/example_dags/example_sensor_decorator.py
[2025-08-17T21:46:09.574+0000] {logging_mixin.py:190} INFO - [2025-08-17T21:46:09.574+0000] {dag.py:3239} INFO - Sync 1 DAGs
[2025-08-17T21:46:09.587+0000] {logging_mixin.py:190} INFO - [2025-08-17T21:46:09.587+0000] {dag.py:4180} INFO - Setting next_dagrun for example_sensor_decorator to None, run_after=None
[2025-08-17T21:46:09.604+0000] {processor.py:208} INFO - Processing /home/airflow/.local/lib/python3.12/site-packages/airflow/example_dags/example_sensor_decorator.py took 0.067 seconds
[2025-08-17T21:46:40.349+0000] {processor.py:186} INFO - Started process (PID=859) to work on /home/airflow/.local/lib/python3.12/site-packages/airflow/example_dags/example_sensor_decorator.py
[2025-08-17T21:46:40.350+0000] {processor.py:914} INFO - Processing file /home/airflow/.local/lib/python3.12/site-packages/airflow/example_dags/example_sensor_decorator.py for tasks to queue
[2025-08-17T21:46:40.352+0000] {logging_mixin.py:190} INFO - [2025-08-17T21:46:40.352+0000] {dagbag.py:588} INFO - Filling up the DagBag from /home/airflow/.local/lib/python3.12/site-packages/airflow/example_dags/example_sensor_decorator.py
[2025-08-17T21:46:40.360+0000] {processor.py:925} INFO - DAG(s) 'example_sensor_decorator' retrieved from /home/airflow/.local/lib/python3.12/site-packages/airflow/example_dags/example_sensor_decorator.py
[2025-08-17T21:46:40.379+0000] {logging_mixin.py:190} INFO - [2025-08-17T21:46:40.379+0000] {dag.py:3239} INFO - Sync 1 DAGs
[2025-08-17T21:46:40.391+0000] {logging_mixin.py:190} INFO - [2025-08-17T21:46:40.391+0000] {dag.py:4180} INFO - Setting next_dagrun for example_sensor_decorator to None, run_after=None
[2025-08-17T21:46:40.414+0000] {processor.py:208} INFO - Processing /home/airflow/.local/lib/python3.12/site-packages/airflow/example_dags/example_sensor_decorator.py took 0.072 seconds
[2025-08-17T21:47:11.234+0000] {processor.py:186} INFO - Started process (PID=922) to work on /home/airflow/.local/lib/python3.12/site-packages/airflow/example_dags/example_sensor_decorator.py
[2025-08-17T21:47:11.235+0000] {processor.py:914} INFO - Processing file /home/airflow/.local/lib/python3.12/site-packages/airflow/example_dags/example_sensor_decorator.py for tasks to queue
[2025-08-17T21:47:11.237+0000] {logging_mixin.py:190} INFO - [2025-08-17T21:47:11.237+0000] {dagbag.py:588} INFO - Filling up the DagBag from /home/airflow/.local/lib/python3.12/site-packages/airflow/example_dags/example_sensor_decorator.py
[2025-08-17T21:47:11.245+0000] {processor.py:925} INFO - DAG(s) 'example_sensor_decorator' retrieved from /home/airflow/.local/lib/python3.12/site-packages/airflow/example_dags/example_sensor_decorator.py
[2025-08-17T21:47:11.263+0000] {logging_mixin.py:190} INFO - [2025-08-17T21:47:11.263+0000] {dag.py:3239} INFO - Sync 1 DAGs
[2025-08-17T21:47:11.274+0000] {logging_mixin.py:190} INFO - [2025-08-17T21:47:11.274+0000] {dag.py:4180} INFO - Setting next_dagrun for example_sensor_decorator to None, run_after=None
[2025-08-17T21:47:11.295+0000] {processor.py:208} INFO - Processing /home/airflow/.local/lib/python3.12/site-packages/airflow/example_dags/example_sensor_decorator.py took 0.066 seconds
[2025-08-17T21:47:41.461+0000] {processor.py:186} INFO - Started process (PID=985) to work on /home/airflow/.local/lib/python3.12/site-packages/airflow/example_dags/example_sensor_decorator.py
[2025-08-17T21:47:41.462+0000] {processor.py:914} INFO - Processing file /home/airflow/.local/lib/python3.12/site-packages/airflow/example_dags/example_sensor_decorator.py for tasks to queue
[2025-08-17T21:47:41.465+0000] {logging_mixin.py:190} INFO - [2025-08-17T21:47:41.464+0000] {dagbag.py:588} INFO - Filling up the DagBag from /home/airflow/.local/lib/python3.12/site-packages/airflow/example_dags/example_sensor_decorator.py
[2025-08-17T21:47:41.481+0000] {processor.py:925} INFO - DAG(s) 'example_sensor_decorator' retrieved from /home/airflow/.local/lib/python3.12/site-packages/airflow/example_dags/example_sensor_decorator.py
[2025-08-17T21:47:41.509+0000] {logging_mixin.py:190} INFO - [2025-08-17T21:47:41.508+0000] {dag.py:3239} INFO - Sync 1 DAGs
[2025-08-17T21:47:41.526+0000] {logging_mixin.py:190} INFO - [2025-08-17T21:47:41.526+0000] {dag.py:4180} INFO - Setting next_dagrun for example_sensor_decorator to None, run_after=None
[2025-08-17T21:47:41.547+0000] {processor.py:208} INFO - Processing /home/airflow/.local/lib/python3.12/site-packages/airflow/example_dags/example_sensor_decorator.py took 0.093 seconds
