[2025-08-17T21:40:31.395+0000] {processor.py:186} INFO - Started process (PID=94) to work on /home/airflow/.local/lib/python3.12/site-packages/airflow/example_dags/example_trigger_target_dag.py
[2025-08-17T21:40:31.396+0000] {processor.py:914} INFO - Processing file /home/airflow/.local/lib/python3.12/site-packages/airflow/example_dags/example_trigger_target_dag.py for tasks to queue
[2025-08-17T21:40:31.398+0000] {logging_mixin.py:190} INFO - [2025-08-17T21:40:31.397+0000] {dagbag.py:588} INFO - Filling up the DagBag from /home/airflow/.local/lib/python3.12/site-packages/airflow/example_dags/example_trigger_target_dag.py
[2025-08-17T21:40:31.406+0000] {processor.py:925} INFO - DAG(s) 'example_trigger_target_dag' retrieved from /home/airflow/.local/lib/python3.12/site-packages/airflow/example_dags/example_trigger_target_dag.py
[2025-08-17T21:40:31.494+0000] {logging_mixin.py:190} INFO - [2025-08-17T21:40:31.494+0000] {override.py:1930} INFO - Created Permission View: can read on DAG:example_trigger_target_dag
[2025-08-17T21:40:31.502+0000] {logging_mixin.py:190} INFO - [2025-08-17T21:40:31.501+0000] {override.py:1930} INFO - Created Permission View: can edit on DAG:example_trigger_target_dag
[2025-08-17T21:40:31.507+0000] {logging_mixin.py:190} INFO - [2025-08-17T21:40:31.506+0000] {override.py:1930} INFO - Created Permission View: can delete on DAG:example_trigger_target_dag
[2025-08-17T21:40:31.512+0000] {logging_mixin.py:190} INFO - [2025-08-17T21:40:31.512+0000] {override.py:1930} INFO - Created Permission View: can read on DAG Run:example_trigger_target_dag
[2025-08-17T21:40:31.517+0000] {logging_mixin.py:190} INFO - [2025-08-17T21:40:31.517+0000] {override.py:1930} INFO - Created Permission View: can create on DAG Run:example_trigger_target_dag
[2025-08-17T21:40:31.521+0000] {logging_mixin.py:190} INFO - [2025-08-17T21:40:31.521+0000] {override.py:1930} INFO - Created Permission View: can delete on DAG Run:example_trigger_target_dag
[2025-08-17T21:40:31.526+0000] {logging_mixin.py:190} INFO - [2025-08-17T21:40:31.526+0000] {override.py:1930} INFO - Created Permission View: menu access on DAG Run:example_trigger_target_dag
[2025-08-17T21:40:31.527+0000] {logging_mixin.py:190} INFO - [2025-08-17T21:40:31.527+0000] {dag.py:3239} INFO - Sync 1 DAGs
[2025-08-17T21:40:31.537+0000] {logging_mixin.py:190} INFO - [2025-08-17T21:40:31.536+0000] {dag.py:3262} INFO - Creating ORM DAG for example_trigger_target_dag
[2025-08-17T21:40:31.537+0000] {logging_mixin.py:190} INFO - [2025-08-17T21:40:31.537+0000] {dag.py:4180} INFO - Setting next_dagrun for example_trigger_target_dag to None, run_after=None
[2025-08-17T21:40:31.565+0000] {processor.py:208} INFO - Processing /home/airflow/.local/lib/python3.12/site-packages/airflow/example_dags/example_trigger_target_dag.py took 0.175 seconds
[2025-08-17T21:41:01.630+0000] {processor.py:186} INFO - Started process (PID=157) to work on /home/airflow/.local/lib/python3.12/site-packages/airflow/example_dags/example_trigger_target_dag.py
[2025-08-17T21:41:01.631+0000] {processor.py:914} INFO - Processing file /home/airflow/.local/lib/python3.12/site-packages/airflow/example_dags/example_trigger_target_dag.py for tasks to queue
[2025-08-17T21:41:01.634+0000] {logging_mixin.py:190} INFO - [2025-08-17T21:41:01.633+0000] {dagbag.py:588} INFO - Filling up the DagBag from /home/airflow/.local/lib/python3.12/site-packages/airflow/example_dags/example_trigger_target_dag.py
[2025-08-17T21:41:01.642+0000] {processor.py:925} INFO - DAG(s) 'example_trigger_target_dag' retrieved from /home/airflow/.local/lib/python3.12/site-packages/airflow/example_dags/example_trigger_target_dag.py
[2025-08-17T21:41:01.660+0000] {logging_mixin.py:190} INFO - [2025-08-17T21:41:01.659+0000] {dag.py:3239} INFO - Sync 1 DAGs
[2025-08-17T21:41:01.671+0000] {logging_mixin.py:190} INFO - [2025-08-17T21:41:01.671+0000] {dag.py:4180} INFO - Setting next_dagrun for example_trigger_target_dag to None, run_after=None
[2025-08-17T21:41:01.687+0000] {processor.py:208} INFO - Processing /home/airflow/.local/lib/python3.12/site-packages/airflow/example_dags/example_trigger_target_dag.py took 0.062 seconds
[2025-08-17T21:41:32.001+0000] {processor.py:186} INFO - Started process (PID=220) to work on /home/airflow/.local/lib/python3.12/site-packages/airflow/example_dags/example_trigger_target_dag.py
[2025-08-17T21:41:32.002+0000] {processor.py:914} INFO - Processing file /home/airflow/.local/lib/python3.12/site-packages/airflow/example_dags/example_trigger_target_dag.py for tasks to queue
[2025-08-17T21:41:32.004+0000] {logging_mixin.py:190} INFO - [2025-08-17T21:41:32.004+0000] {dagbag.py:588} INFO - Filling up the DagBag from /home/airflow/.local/lib/python3.12/site-packages/airflow/example_dags/example_trigger_target_dag.py
[2025-08-17T21:41:32.012+0000] {processor.py:925} INFO - DAG(s) 'example_trigger_target_dag' retrieved from /home/airflow/.local/lib/python3.12/site-packages/airflow/example_dags/example_trigger_target_dag.py
[2025-08-17T21:41:32.029+0000] {logging_mixin.py:190} INFO - [2025-08-17T21:41:32.029+0000] {dag.py:3239} INFO - Sync 1 DAGs
[2025-08-17T21:41:32.040+0000] {logging_mixin.py:190} INFO - [2025-08-17T21:41:32.040+0000] {dag.py:4180} INFO - Setting next_dagrun for example_trigger_target_dag to None, run_after=None
[2025-08-17T21:41:32.057+0000] {processor.py:208} INFO - Processing /home/airflow/.local/lib/python3.12/site-packages/airflow/example_dags/example_trigger_target_dag.py took 0.061 seconds
[2025-08-17T21:42:02.510+0000] {processor.py:186} INFO - Started process (PID=283) to work on /home/airflow/.local/lib/python3.12/site-packages/airflow/example_dags/example_trigger_target_dag.py
[2025-08-17T21:42:02.511+0000] {processor.py:914} INFO - Processing file /home/airflow/.local/lib/python3.12/site-packages/airflow/example_dags/example_trigger_target_dag.py for tasks to queue
[2025-08-17T21:42:02.513+0000] {logging_mixin.py:190} INFO - [2025-08-17T21:42:02.512+0000] {dagbag.py:588} INFO - Filling up the DagBag from /home/airflow/.local/lib/python3.12/site-packages/airflow/example_dags/example_trigger_target_dag.py
[2025-08-17T21:42:02.520+0000] {processor.py:925} INFO - DAG(s) 'example_trigger_target_dag' retrieved from /home/airflow/.local/lib/python3.12/site-packages/airflow/example_dags/example_trigger_target_dag.py
[2025-08-17T21:42:02.538+0000] {logging_mixin.py:190} INFO - [2025-08-17T21:42:02.537+0000] {dag.py:3239} INFO - Sync 1 DAGs
[2025-08-17T21:42:02.550+0000] {logging_mixin.py:190} INFO - [2025-08-17T21:42:02.550+0000] {dag.py:4180} INFO - Setting next_dagrun for example_trigger_target_dag to None, run_after=None
[2025-08-17T21:42:02.565+0000] {processor.py:208} INFO - Processing /home/airflow/.local/lib/python3.12/site-packages/airflow/example_dags/example_trigger_target_dag.py took 0.061 seconds
[2025-08-17T21:42:32.940+0000] {processor.py:186} INFO - Started process (PID=345) to work on /home/airflow/.local/lib/python3.12/site-packages/airflow/example_dags/example_trigger_target_dag.py
[2025-08-17T21:42:32.941+0000] {processor.py:914} INFO - Processing file /home/airflow/.local/lib/python3.12/site-packages/airflow/example_dags/example_trigger_target_dag.py for tasks to queue
[2025-08-17T21:42:32.943+0000] {logging_mixin.py:190} INFO - [2025-08-17T21:42:32.943+0000] {dagbag.py:588} INFO - Filling up the DagBag from /home/airflow/.local/lib/python3.12/site-packages/airflow/example_dags/example_trigger_target_dag.py
[2025-08-17T21:42:32.951+0000] {processor.py:925} INFO - DAG(s) 'example_trigger_target_dag' retrieved from /home/airflow/.local/lib/python3.12/site-packages/airflow/example_dags/example_trigger_target_dag.py
[2025-08-17T21:42:32.969+0000] {logging_mixin.py:190} INFO - [2025-08-17T21:42:32.968+0000] {dag.py:3239} INFO - Sync 1 DAGs
[2025-08-17T21:42:32.983+0000] {logging_mixin.py:190} INFO - [2025-08-17T21:42:32.983+0000] {dag.py:4180} INFO - Setting next_dagrun for example_trigger_target_dag to None, run_after=None
[2025-08-17T21:42:33.027+0000] {processor.py:208} INFO - Processing /home/airflow/.local/lib/python3.12/site-packages/airflow/example_dags/example_trigger_target_dag.py took 0.093 seconds
[2025-08-17T21:43:04.317+0000] {processor.py:186} INFO - Started process (PID=408) to work on /home/airflow/.local/lib/python3.12/site-packages/airflow/example_dags/example_trigger_target_dag.py
[2025-08-17T21:43:04.317+0000] {processor.py:914} INFO - Processing file /home/airflow/.local/lib/python3.12/site-packages/airflow/example_dags/example_trigger_target_dag.py for tasks to queue
[2025-08-17T21:43:04.320+0000] {logging_mixin.py:190} INFO - [2025-08-17T21:43:04.319+0000] {dagbag.py:588} INFO - Filling up the DagBag from /home/airflow/.local/lib/python3.12/site-packages/airflow/example_dags/example_trigger_target_dag.py
[2025-08-17T21:43:04.328+0000] {processor.py:925} INFO - DAG(s) 'example_trigger_target_dag' retrieved from /home/airflow/.local/lib/python3.12/site-packages/airflow/example_dags/example_trigger_target_dag.py
[2025-08-17T21:43:04.349+0000] {logging_mixin.py:190} INFO - [2025-08-17T21:43:04.349+0000] {dag.py:3239} INFO - Sync 1 DAGs
[2025-08-17T21:43:04.364+0000] {logging_mixin.py:190} INFO - [2025-08-17T21:43:04.364+0000] {dag.py:4180} INFO - Setting next_dagrun for example_trigger_target_dag to None, run_after=None
[2025-08-17T21:43:04.380+0000] {processor.py:208} INFO - Processing /home/airflow/.local/lib/python3.12/site-packages/airflow/example_dags/example_trigger_target_dag.py took 0.069 seconds
[2025-08-17T21:43:34.855+0000] {processor.py:186} INFO - Started process (PID=471) to work on /home/airflow/.local/lib/python3.12/site-packages/airflow/example_dags/example_trigger_target_dag.py
[2025-08-17T21:43:34.856+0000] {processor.py:914} INFO - Processing file /home/airflow/.local/lib/python3.12/site-packages/airflow/example_dags/example_trigger_target_dag.py for tasks to queue
[2025-08-17T21:43:34.858+0000] {logging_mixin.py:190} INFO - [2025-08-17T21:43:34.858+0000] {dagbag.py:588} INFO - Filling up the DagBag from /home/airflow/.local/lib/python3.12/site-packages/airflow/example_dags/example_trigger_target_dag.py
[2025-08-17T21:43:34.866+0000] {processor.py:925} INFO - DAG(s) 'example_trigger_target_dag' retrieved from /home/airflow/.local/lib/python3.12/site-packages/airflow/example_dags/example_trigger_target_dag.py
[2025-08-17T21:43:34.884+0000] {logging_mixin.py:190} INFO - [2025-08-17T21:43:34.884+0000] {dag.py:3239} INFO - Sync 1 DAGs
[2025-08-17T21:43:34.896+0000] {logging_mixin.py:190} INFO - [2025-08-17T21:43:34.896+0000] {dag.py:4180} INFO - Setting next_dagrun for example_trigger_target_dag to None, run_after=None
[2025-08-17T21:43:34.920+0000] {processor.py:208} INFO - Processing /home/airflow/.local/lib/python3.12/site-packages/airflow/example_dags/example_trigger_target_dag.py took 0.071 seconds
[2025-08-17T21:44:05.603+0000] {processor.py:186} INFO - Started process (PID=534) to work on /home/airflow/.local/lib/python3.12/site-packages/airflow/example_dags/example_trigger_target_dag.py
[2025-08-17T21:44:05.604+0000] {processor.py:914} INFO - Processing file /home/airflow/.local/lib/python3.12/site-packages/airflow/example_dags/example_trigger_target_dag.py for tasks to queue
[2025-08-17T21:44:05.605+0000] {logging_mixin.py:190} INFO - [2025-08-17T21:44:05.605+0000] {dagbag.py:588} INFO - Filling up the DagBag from /home/airflow/.local/lib/python3.12/site-packages/airflow/example_dags/example_trigger_target_dag.py
[2025-08-17T21:44:05.612+0000] {processor.py:925} INFO - DAG(s) 'example_trigger_target_dag' retrieved from /home/airflow/.local/lib/python3.12/site-packages/airflow/example_dags/example_trigger_target_dag.py
[2025-08-17T21:44:05.628+0000] {logging_mixin.py:190} INFO - [2025-08-17T21:44:05.628+0000] {dag.py:3239} INFO - Sync 1 DAGs
[2025-08-17T21:44:05.639+0000] {logging_mixin.py:190} INFO - [2025-08-17T21:44:05.639+0000] {dag.py:4180} INFO - Setting next_dagrun for example_trigger_target_dag to None, run_after=None
[2025-08-17T21:44:05.658+0000] {processor.py:208} INFO - Processing /home/airflow/.local/lib/python3.12/site-packages/airflow/example_dags/example_trigger_target_dag.py took 0.062 seconds
[2025-08-17T21:44:36.643+0000] {processor.py:186} INFO - Started process (PID=597) to work on /home/airflow/.local/lib/python3.12/site-packages/airflow/example_dags/example_trigger_target_dag.py
[2025-08-17T21:44:36.644+0000] {processor.py:914} INFO - Processing file /home/airflow/.local/lib/python3.12/site-packages/airflow/example_dags/example_trigger_target_dag.py for tasks to queue
[2025-08-17T21:44:36.646+0000] {logging_mixin.py:190} INFO - [2025-08-17T21:44:36.646+0000] {dagbag.py:588} INFO - Filling up the DagBag from /home/airflow/.local/lib/python3.12/site-packages/airflow/example_dags/example_trigger_target_dag.py
[2025-08-17T21:44:36.654+0000] {processor.py:925} INFO - DAG(s) 'example_trigger_target_dag' retrieved from /home/airflow/.local/lib/python3.12/site-packages/airflow/example_dags/example_trigger_target_dag.py
[2025-08-17T21:44:36.672+0000] {logging_mixin.py:190} INFO - [2025-08-17T21:44:36.671+0000] {dag.py:3239} INFO - Sync 1 DAGs
[2025-08-17T21:44:36.684+0000] {logging_mixin.py:190} INFO - [2025-08-17T21:44:36.683+0000] {dag.py:4180} INFO - Setting next_dagrun for example_trigger_target_dag to None, run_after=None
[2025-08-17T21:44:36.704+0000] {processor.py:208} INFO - Processing /home/airflow/.local/lib/python3.12/site-packages/airflow/example_dags/example_trigger_target_dag.py took 0.067 seconds
[2025-08-17T21:45:06.812+0000] {processor.py:186} INFO - Started process (PID=659) to work on /home/airflow/.local/lib/python3.12/site-packages/airflow/example_dags/example_trigger_target_dag.py
[2025-08-17T21:45:06.813+0000] {processor.py:914} INFO - Processing file /home/airflow/.local/lib/python3.12/site-packages/airflow/example_dags/example_trigger_target_dag.py for tasks to queue
[2025-08-17T21:45:06.816+0000] {logging_mixin.py:190} INFO - [2025-08-17T21:45:06.815+0000] {dagbag.py:588} INFO - Filling up the DagBag from /home/airflow/.local/lib/python3.12/site-packages/airflow/example_dags/example_trigger_target_dag.py
[2025-08-17T21:45:06.823+0000] {processor.py:925} INFO - DAG(s) 'example_trigger_target_dag' retrieved from /home/airflow/.local/lib/python3.12/site-packages/airflow/example_dags/example_trigger_target_dag.py
[2025-08-17T21:45:06.842+0000] {logging_mixin.py:190} INFO - [2025-08-17T21:45:06.841+0000] {dag.py:3239} INFO - Sync 1 DAGs
[2025-08-17T21:45:06.855+0000] {logging_mixin.py:190} INFO - [2025-08-17T21:45:06.854+0000] {dag.py:4180} INFO - Setting next_dagrun for example_trigger_target_dag to None, run_after=None
[2025-08-17T21:45:06.874+0000] {processor.py:208} INFO - Processing /home/airflow/.local/lib/python3.12/site-packages/airflow/example_dags/example_trigger_target_dag.py took 0.068 seconds
[2025-08-17T21:45:36.946+0000] {processor.py:186} INFO - Started process (PID=722) to work on /home/airflow/.local/lib/python3.12/site-packages/airflow/example_dags/example_trigger_target_dag.py
[2025-08-17T21:45:36.947+0000] {processor.py:914} INFO - Processing file /home/airflow/.local/lib/python3.12/site-packages/airflow/example_dags/example_trigger_target_dag.py for tasks to queue
[2025-08-17T21:45:36.949+0000] {logging_mixin.py:190} INFO - [2025-08-17T21:45:36.949+0000] {dagbag.py:588} INFO - Filling up the DagBag from /home/airflow/.local/lib/python3.12/site-packages/airflow/example_dags/example_trigger_target_dag.py
[2025-08-17T21:45:36.956+0000] {processor.py:925} INFO - DAG(s) 'example_trigger_target_dag' retrieved from /home/airflow/.local/lib/python3.12/site-packages/airflow/example_dags/example_trigger_target_dag.py
[2025-08-17T21:45:36.973+0000] {logging_mixin.py:190} INFO - [2025-08-17T21:45:36.973+0000] {dag.py:3239} INFO - Sync 1 DAGs
[2025-08-17T21:45:36.985+0000] {logging_mixin.py:190} INFO - [2025-08-17T21:45:36.984+0000] {dag.py:4180} INFO - Setting next_dagrun for example_trigger_target_dag to None, run_after=None
[2025-08-17T21:45:36.999+0000] {processor.py:208} INFO - Processing /home/airflow/.local/lib/python3.12/site-packages/airflow/example_dags/example_trigger_target_dag.py took 0.058 seconds
[2025-08-17T21:46:08.306+0000] {processor.py:186} INFO - Started process (PID=785) to work on /home/airflow/.local/lib/python3.12/site-packages/airflow/example_dags/example_trigger_target_dag.py
[2025-08-17T21:46:08.307+0000] {processor.py:914} INFO - Processing file /home/airflow/.local/lib/python3.12/site-packages/airflow/example_dags/example_trigger_target_dag.py for tasks to queue
[2025-08-17T21:46:08.309+0000] {logging_mixin.py:190} INFO - [2025-08-17T21:46:08.309+0000] {dagbag.py:588} INFO - Filling up the DagBag from /home/airflow/.local/lib/python3.12/site-packages/airflow/example_dags/example_trigger_target_dag.py
[2025-08-17T21:46:08.317+0000] {processor.py:925} INFO - DAG(s) 'example_trigger_target_dag' retrieved from /home/airflow/.local/lib/python3.12/site-packages/airflow/example_dags/example_trigger_target_dag.py
[2025-08-17T21:46:08.335+0000] {logging_mixin.py:190} INFO - [2025-08-17T21:46:08.335+0000] {dag.py:3239} INFO - Sync 1 DAGs
[2025-08-17T21:46:08.348+0000] {logging_mixin.py:190} INFO - [2025-08-17T21:46:08.348+0000] {dag.py:4180} INFO - Setting next_dagrun for example_trigger_target_dag to None, run_after=None
[2025-08-17T21:46:08.368+0000] {processor.py:208} INFO - Processing /home/airflow/.local/lib/python3.12/site-packages/airflow/example_dags/example_trigger_target_dag.py took 0.067 seconds
[2025-08-17T21:46:38.916+0000] {processor.py:186} INFO - Started process (PID=848) to work on /home/airflow/.local/lib/python3.12/site-packages/airflow/example_dags/example_trigger_target_dag.py
[2025-08-17T21:46:38.917+0000] {processor.py:914} INFO - Processing file /home/airflow/.local/lib/python3.12/site-packages/airflow/example_dags/example_trigger_target_dag.py for tasks to queue
[2025-08-17T21:46:38.920+0000] {logging_mixin.py:190} INFO - [2025-08-17T21:46:38.920+0000] {dagbag.py:588} INFO - Filling up the DagBag from /home/airflow/.local/lib/python3.12/site-packages/airflow/example_dags/example_trigger_target_dag.py
[2025-08-17T21:46:38.929+0000] {processor.py:925} INFO - DAG(s) 'example_trigger_target_dag' retrieved from /home/airflow/.local/lib/python3.12/site-packages/airflow/example_dags/example_trigger_target_dag.py
[2025-08-17T21:46:38.949+0000] {logging_mixin.py:190} INFO - [2025-08-17T21:46:38.949+0000] {dag.py:3239} INFO - Sync 1 DAGs
[2025-08-17T21:46:38.963+0000] {logging_mixin.py:190} INFO - [2025-08-17T21:46:38.962+0000] {dag.py:4180} INFO - Setting next_dagrun for example_trigger_target_dag to None, run_after=None
[2025-08-17T21:46:38.983+0000] {processor.py:208} INFO - Processing /home/airflow/.local/lib/python3.12/site-packages/airflow/example_dags/example_trigger_target_dag.py took 0.073 seconds
[2025-08-17T21:47:09.334+0000] {processor.py:186} INFO - Started process (PID=911) to work on /home/airflow/.local/lib/python3.12/site-packages/airflow/example_dags/example_trigger_target_dag.py
[2025-08-17T21:47:09.335+0000] {processor.py:914} INFO - Processing file /home/airflow/.local/lib/python3.12/site-packages/airflow/example_dags/example_trigger_target_dag.py for tasks to queue
[2025-08-17T21:47:09.337+0000] {logging_mixin.py:190} INFO - [2025-08-17T21:47:09.336+0000] {dagbag.py:588} INFO - Filling up the DagBag from /home/airflow/.local/lib/python3.12/site-packages/airflow/example_dags/example_trigger_target_dag.py
[2025-08-17T21:47:09.345+0000] {processor.py:925} INFO - DAG(s) 'example_trigger_target_dag' retrieved from /home/airflow/.local/lib/python3.12/site-packages/airflow/example_dags/example_trigger_target_dag.py
[2025-08-17T21:47:09.365+0000] {logging_mixin.py:190} INFO - [2025-08-17T21:47:09.364+0000] {dag.py:3239} INFO - Sync 1 DAGs
[2025-08-17T21:47:09.377+0000] {logging_mixin.py:190} INFO - [2025-08-17T21:47:09.377+0000] {dag.py:4180} INFO - Setting next_dagrun for example_trigger_target_dag to None, run_after=None
[2025-08-17T21:47:09.397+0000] {processor.py:208} INFO - Processing /home/airflow/.local/lib/python3.12/site-packages/airflow/example_dags/example_trigger_target_dag.py took 0.069 seconds
[2025-08-17T21:47:39.548+0000] {processor.py:186} INFO - Started process (PID=974) to work on /home/airflow/.local/lib/python3.12/site-packages/airflow/example_dags/example_trigger_target_dag.py
[2025-08-17T21:47:39.549+0000] {processor.py:914} INFO - Processing file /home/airflow/.local/lib/python3.12/site-packages/airflow/example_dags/example_trigger_target_dag.py for tasks to queue
[2025-08-17T21:47:39.551+0000] {logging_mixin.py:190} INFO - [2025-08-17T21:47:39.550+0000] {dagbag.py:588} INFO - Filling up the DagBag from /home/airflow/.local/lib/python3.12/site-packages/airflow/example_dags/example_trigger_target_dag.py
[2025-08-17T21:47:39.558+0000] {processor.py:925} INFO - DAG(s) 'example_trigger_target_dag' retrieved from /home/airflow/.local/lib/python3.12/site-packages/airflow/example_dags/example_trigger_target_dag.py
[2025-08-17T21:47:39.576+0000] {logging_mixin.py:190} INFO - [2025-08-17T21:47:39.576+0000] {dag.py:3239} INFO - Sync 1 DAGs
[2025-08-17T21:47:39.588+0000] {logging_mixin.py:190} INFO - [2025-08-17T21:47:39.588+0000] {dag.py:4180} INFO - Setting next_dagrun for example_trigger_target_dag to None, run_after=None
[2025-08-17T21:47:39.610+0000] {processor.py:208} INFO - Processing /home/airflow/.local/lib/python3.12/site-packages/airflow/example_dags/example_trigger_target_dag.py took 0.068 seconds
[2025-08-17T21:48:09.799+0000] {processor.py:186} INFO - Started process (PID=1037) to work on /home/airflow/.local/lib/python3.12/site-packages/airflow/example_dags/example_trigger_target_dag.py
[2025-08-17T21:48:09.800+0000] {processor.py:914} INFO - Processing file /home/airflow/.local/lib/python3.12/site-packages/airflow/example_dags/example_trigger_target_dag.py for tasks to queue
[2025-08-17T21:48:09.804+0000] {logging_mixin.py:190} INFO - [2025-08-17T21:48:09.803+0000] {dagbag.py:588} INFO - Filling up the DagBag from /home/airflow/.local/lib/python3.12/site-packages/airflow/example_dags/example_trigger_target_dag.py
[2025-08-17T21:48:09.815+0000] {processor.py:925} INFO - DAG(s) 'example_trigger_target_dag' retrieved from /home/airflow/.local/lib/python3.12/site-packages/airflow/example_dags/example_trigger_target_dag.py
[2025-08-17T21:48:09.838+0000] {logging_mixin.py:190} INFO - [2025-08-17T21:48:09.838+0000] {dag.py:3239} INFO - Sync 1 DAGs
[2025-08-17T21:48:09.853+0000] {logging_mixin.py:190} INFO - [2025-08-17T21:48:09.853+0000] {dag.py:4180} INFO - Setting next_dagrun for example_trigger_target_dag to None, run_after=None
[2025-08-17T21:48:09.877+0000] {processor.py:208} INFO - Processing /home/airflow/.local/lib/python3.12/site-packages/airflow/example_dags/example_trigger_target_dag.py took 0.087 seconds
