[2025-08-17T21:40:34.183+0000] {processor.py:186} INFO - Started process (PID=111) to work on /home/airflow/.local/lib/python3.12/site-packages/airflow/example_dags/example_outlet_event_extra.py
[2025-08-17T21:40:34.184+0000] {processor.py:914} INFO - Processing file /home/airflow/.local/lib/python3.12/site-packages/airflow/example_dags/example_outlet_event_extra.py for tasks to queue
[2025-08-17T21:40:34.186+0000] {logging_mixin.py:190} INFO - [2025-08-17T21:40:34.186+0000] {dagbag.py:588} INFO - Filling up the DagBag from /home/airflow/.local/lib/python3.12/site-packages/airflow/example_dags/example_outlet_event_extra.py
[2025-08-17T21:40:34.699+0000] {processor.py:925} INFO - DAG(s) 'dataset_with_extra_from_classic_operator', 'dataset_with_extra_by_yield', 'dataset_with_extra_by_context' retrieved from /home/airflow/.local/lib/python3.12/site-packages/airflow/example_dags/example_outlet_event_extra.py
[2025-08-17T21:40:34.778+0000] {logging_mixin.py:190} INFO - [2025-08-17T21:40:34.777+0000] {override.py:1930} INFO - Created Permission View: can read on DAG:dataset_with_extra_from_classic_operator
[2025-08-17T21:40:34.785+0000] {logging_mixin.py:190} INFO - [2025-08-17T21:40:34.785+0000] {override.py:1930} INFO - Created Permission View: can edit on DAG:dataset_with_extra_from_classic_operator
[2025-08-17T21:40:34.790+0000] {logging_mixin.py:190} INFO - [2025-08-17T21:40:34.789+0000] {override.py:1930} INFO - Created Permission View: can delete on DAG:dataset_with_extra_from_classic_operator
[2025-08-17T21:40:34.796+0000] {logging_mixin.py:190} INFO - [2025-08-17T21:40:34.795+0000] {override.py:1930} INFO - Created Permission View: can read on DAG Run:dataset_with_extra_from_classic_operator
[2025-08-17T21:40:34.800+0000] {logging_mixin.py:190} INFO - [2025-08-17T21:40:34.800+0000] {override.py:1930} INFO - Created Permission View: can create on DAG Run:dataset_with_extra_from_classic_operator
[2025-08-17T21:40:34.805+0000] {logging_mixin.py:190} INFO - [2025-08-17T21:40:34.805+0000] {override.py:1930} INFO - Created Permission View: can delete on DAG Run:dataset_with_extra_from_classic_operator
[2025-08-17T21:40:34.810+0000] {logging_mixin.py:190} INFO - [2025-08-17T21:40:34.810+0000] {override.py:1930} INFO - Created Permission View: menu access on DAG Run:dataset_with_extra_from_classic_operator
[2025-08-17T21:40:34.820+0000] {logging_mixin.py:190} INFO - [2025-08-17T21:40:34.819+0000] {override.py:1930} INFO - Created Permission View: can read on DAG:dataset_with_extra_by_yield
[2025-08-17T21:40:34.824+0000] {logging_mixin.py:190} INFO - [2025-08-17T21:40:34.824+0000] {override.py:1930} INFO - Created Permission View: can edit on DAG:dataset_with_extra_by_yield
[2025-08-17T21:40:34.830+0000] {logging_mixin.py:190} INFO - [2025-08-17T21:40:34.830+0000] {override.py:1930} INFO - Created Permission View: can delete on DAG:dataset_with_extra_by_yield
[2025-08-17T21:40:34.836+0000] {logging_mixin.py:190} INFO - [2025-08-17T21:40:34.835+0000] {override.py:1930} INFO - Created Permission View: can read on DAG Run:dataset_with_extra_by_yield
[2025-08-17T21:40:34.841+0000] {logging_mixin.py:190} INFO - [2025-08-17T21:40:34.841+0000] {override.py:1930} INFO - Created Permission View: can create on DAG Run:dataset_with_extra_by_yield
[2025-08-17T21:40:34.846+0000] {logging_mixin.py:190} INFO - [2025-08-17T21:40:34.846+0000] {override.py:1930} INFO - Created Permission View: can delete on DAG Run:dataset_with_extra_by_yield
[2025-08-17T21:40:34.850+0000] {logging_mixin.py:190} INFO - [2025-08-17T21:40:34.850+0000] {override.py:1930} INFO - Created Permission View: menu access on DAG Run:dataset_with_extra_by_yield
[2025-08-17T21:40:34.859+0000] {logging_mixin.py:190} INFO - [2025-08-17T21:40:34.859+0000] {override.py:1930} INFO - Created Permission View: can read on DAG:dataset_with_extra_by_context
[2025-08-17T21:40:34.864+0000] {logging_mixin.py:190} INFO - [2025-08-17T21:40:34.864+0000] {override.py:1930} INFO - Created Permission View: can edit on DAG:dataset_with_extra_by_context
[2025-08-17T21:40:34.869+0000] {logging_mixin.py:190} INFO - [2025-08-17T21:40:34.869+0000] {override.py:1930} INFO - Created Permission View: can delete on DAG:dataset_with_extra_by_context
[2025-08-17T21:40:34.875+0000] {logging_mixin.py:190} INFO - [2025-08-17T21:40:34.875+0000] {override.py:1930} INFO - Created Permission View: can read on DAG Run:dataset_with_extra_by_context
[2025-08-17T21:40:34.880+0000] {logging_mixin.py:190} INFO - [2025-08-17T21:40:34.880+0000] {override.py:1930} INFO - Created Permission View: can create on DAG Run:dataset_with_extra_by_context
[2025-08-17T21:40:34.884+0000] {logging_mixin.py:190} INFO - [2025-08-17T21:40:34.884+0000] {override.py:1930} INFO - Created Permission View: can delete on DAG Run:dataset_with_extra_by_context
[2025-08-17T21:40:34.889+0000] {logging_mixin.py:190} INFO - [2025-08-17T21:40:34.889+0000] {override.py:1930} INFO - Created Permission View: menu access on DAG Run:dataset_with_extra_by_context
[2025-08-17T21:40:34.889+0000] {logging_mixin.py:190} INFO - [2025-08-17T21:40:34.889+0000] {dag.py:3239} INFO - Sync 3 DAGs
[2025-08-17T21:40:34.899+0000] {logging_mixin.py:190} INFO - [2025-08-17T21:40:34.898+0000] {dag.py:3262} INFO - Creating ORM DAG for dataset_with_extra_by_yield
[2025-08-17T21:40:34.900+0000] {logging_mixin.py:190} INFO - [2025-08-17T21:40:34.900+0000] {dag.py:3262} INFO - Creating ORM DAG for dataset_with_extra_by_context
[2025-08-17T21:40:34.900+0000] {logging_mixin.py:190} INFO - [2025-08-17T21:40:34.900+0000] {dag.py:3262} INFO - Creating ORM DAG for dataset_with_extra_from_classic_operator
[2025-08-17T21:40:34.908+0000] {logging_mixin.py:190} INFO - [2025-08-17T21:40:34.907+0000] {dag.py:4180} INFO - Setting next_dagrun for dataset_with_extra_by_context to 2025-08-16 00:00:00+00:00, run_after=2025-08-17 00:00:00+00:00
[2025-08-17T21:40:34.909+0000] {logging_mixin.py:190} INFO - [2025-08-17T21:40:34.909+0000] {dag.py:4180} INFO - Setting next_dagrun for dataset_with_extra_by_yield to 2025-08-16 00:00:00+00:00, run_after=2025-08-17 00:00:00+00:00
[2025-08-17T21:40:34.910+0000] {logging_mixin.py:190} INFO - [2025-08-17T21:40:34.910+0000] {dag.py:4180} INFO - Setting next_dagrun for dataset_with_extra_from_classic_operator to 2025-08-16 00:00:00+00:00, run_after=2025-08-17 00:00:00+00:00
[2025-08-17T21:40:34.929+0000] {processor.py:208} INFO - Processing /home/airflow/.local/lib/python3.12/site-packages/airflow/example_dags/example_outlet_event_extra.py took 0.751 seconds
[2025-08-17T21:41:05.087+0000] {processor.py:186} INFO - Started process (PID=176) to work on /home/airflow/.local/lib/python3.12/site-packages/airflow/example_dags/example_outlet_event_extra.py
[2025-08-17T21:41:05.088+0000] {processor.py:914} INFO - Processing file /home/airflow/.local/lib/python3.12/site-packages/airflow/example_dags/example_outlet_event_extra.py for tasks to queue
[2025-08-17T21:41:05.091+0000] {logging_mixin.py:190} INFO - [2025-08-17T21:41:05.090+0000] {dagbag.py:588} INFO - Filling up the DagBag from /home/airflow/.local/lib/python3.12/site-packages/airflow/example_dags/example_outlet_event_extra.py
[2025-08-17T21:41:05.608+0000] {processor.py:925} INFO - DAG(s) 'dataset_with_extra_by_context', 'dataset_with_extra_by_yield', 'dataset_with_extra_from_classic_operator' retrieved from /home/airflow/.local/lib/python3.12/site-packages/airflow/example_dags/example_outlet_event_extra.py
[2025-08-17T21:41:05.626+0000] {logging_mixin.py:190} INFO - [2025-08-17T21:41:05.626+0000] {dag.py:3239} INFO - Sync 3 DAGs
[2025-08-17T21:41:05.644+0000] {logging_mixin.py:190} INFO - [2025-08-17T21:41:05.644+0000] {dag.py:4180} INFO - Setting next_dagrun for dataset_with_extra_by_context to 2025-08-16 00:00:00+00:00, run_after=2025-08-17 00:00:00+00:00
[2025-08-17T21:41:05.647+0000] {logging_mixin.py:190} INFO - [2025-08-17T21:41:05.647+0000] {dag.py:4180} INFO - Setting next_dagrun for dataset_with_extra_by_yield to 2025-08-16 00:00:00+00:00, run_after=2025-08-17 00:00:00+00:00
[2025-08-17T21:41:05.649+0000] {logging_mixin.py:190} INFO - [2025-08-17T21:41:05.649+0000] {dag.py:4180} INFO - Setting next_dagrun for dataset_with_extra_from_classic_operator to 2025-08-16 00:00:00+00:00, run_after=2025-08-17 00:00:00+00:00
[2025-08-17T21:41:05.662+0000] {processor.py:208} INFO - Processing /home/airflow/.local/lib/python3.12/site-packages/airflow/example_dags/example_outlet_event_extra.py took 0.581 seconds
[2025-08-17T21:41:35.827+0000] {processor.py:186} INFO - Started process (PID=243) to work on /home/airflow/.local/lib/python3.12/site-packages/airflow/example_dags/example_outlet_event_extra.py
[2025-08-17T21:41:35.828+0000] {processor.py:914} INFO - Processing file /home/airflow/.local/lib/python3.12/site-packages/airflow/example_dags/example_outlet_event_extra.py for tasks to queue
[2025-08-17T21:41:35.830+0000] {logging_mixin.py:190} INFO - [2025-08-17T21:41:35.830+0000] {dagbag.py:588} INFO - Filling up the DagBag from /home/airflow/.local/lib/python3.12/site-packages/airflow/example_dags/example_outlet_event_extra.py
[2025-08-17T21:41:36.332+0000] {processor.py:925} INFO - DAG(s) 'dataset_with_extra_by_yield', 'dataset_with_extra_by_context', 'dataset_with_extra_from_classic_operator' retrieved from /home/airflow/.local/lib/python3.12/site-packages/airflow/example_dags/example_outlet_event_extra.py
[2025-08-17T21:41:36.351+0000] {logging_mixin.py:190} INFO - [2025-08-17T21:41:36.351+0000] {dag.py:3239} INFO - Sync 3 DAGs
[2025-08-17T21:41:36.368+0000] {logging_mixin.py:190} INFO - [2025-08-17T21:41:36.368+0000] {dag.py:4180} INFO - Setting next_dagrun for dataset_with_extra_by_context to 2025-08-16 00:00:00+00:00, run_after=2025-08-17 00:00:00+00:00
[2025-08-17T21:41:36.372+0000] {logging_mixin.py:190} INFO - [2025-08-17T21:41:36.372+0000] {dag.py:4180} INFO - Setting next_dagrun for dataset_with_extra_by_yield to 2025-08-16 00:00:00+00:00, run_after=2025-08-17 00:00:00+00:00
[2025-08-17T21:41:36.374+0000] {logging_mixin.py:190} INFO - [2025-08-17T21:41:36.373+0000] {dag.py:4180} INFO - Setting next_dagrun for dataset_with_extra_from_classic_operator to 2025-08-16 00:00:00+00:00, run_after=2025-08-17 00:00:00+00:00
[2025-08-17T21:41:36.387+0000] {processor.py:208} INFO - Processing /home/airflow/.local/lib/python3.12/site-packages/airflow/example_dags/example_outlet_event_extra.py took 0.564 seconds
[2025-08-17T21:42:06.438+0000] {processor.py:186} INFO - Started process (PID=308) to work on /home/airflow/.local/lib/python3.12/site-packages/airflow/example_dags/example_outlet_event_extra.py
[2025-08-17T21:42:06.439+0000] {processor.py:914} INFO - Processing file /home/airflow/.local/lib/python3.12/site-packages/airflow/example_dags/example_outlet_event_extra.py for tasks to queue
[2025-08-17T21:42:06.442+0000] {logging_mixin.py:190} INFO - [2025-08-17T21:42:06.441+0000] {dagbag.py:588} INFO - Filling up the DagBag from /home/airflow/.local/lib/python3.12/site-packages/airflow/example_dags/example_outlet_event_extra.py
[2025-08-17T21:42:07.003+0000] {processor.py:925} INFO - DAG(s) 'dataset_with_extra_from_classic_operator', 'dataset_with_extra_by_yield', 'dataset_with_extra_by_context' retrieved from /home/airflow/.local/lib/python3.12/site-packages/airflow/example_dags/example_outlet_event_extra.py
[2025-08-17T21:42:07.023+0000] {logging_mixin.py:190} INFO - [2025-08-17T21:42:07.023+0000] {dag.py:3239} INFO - Sync 3 DAGs
[2025-08-17T21:42:07.041+0000] {logging_mixin.py:190} INFO - [2025-08-17T21:42:07.041+0000] {dag.py:4180} INFO - Setting next_dagrun for dataset_with_extra_by_context to 2025-08-16 00:00:00+00:00, run_after=2025-08-17 00:00:00+00:00
[2025-08-17T21:42:07.045+0000] {logging_mixin.py:190} INFO - [2025-08-17T21:42:07.045+0000] {dag.py:4180} INFO - Setting next_dagrun for dataset_with_extra_by_yield to 2025-08-16 00:00:00+00:00, run_after=2025-08-17 00:00:00+00:00
[2025-08-17T21:42:07.047+0000] {logging_mixin.py:190} INFO - [2025-08-17T21:42:07.047+0000] {dag.py:4180} INFO - Setting next_dagrun for dataset_with_extra_from_classic_operator to 2025-08-16 00:00:00+00:00, run_after=2025-08-17 00:00:00+00:00
[2025-08-17T21:42:07.064+0000] {processor.py:208} INFO - Processing /home/airflow/.local/lib/python3.12/site-packages/airflow/example_dags/example_outlet_event_extra.py took 0.631 seconds
[2025-08-17T21:42:37.880+0000] {processor.py:186} INFO - Started process (PID=369) to work on /home/airflow/.local/lib/python3.12/site-packages/airflow/example_dags/example_outlet_event_extra.py
[2025-08-17T21:42:37.881+0000] {processor.py:914} INFO - Processing file /home/airflow/.local/lib/python3.12/site-packages/airflow/example_dags/example_outlet_event_extra.py for tasks to queue
[2025-08-17T21:42:37.883+0000] {logging_mixin.py:190} INFO - [2025-08-17T21:42:37.882+0000] {dagbag.py:588} INFO - Filling up the DagBag from /home/airflow/.local/lib/python3.12/site-packages/airflow/example_dags/example_outlet_event_extra.py
[2025-08-17T21:42:38.434+0000] {processor.py:925} INFO - DAG(s) 'dataset_with_extra_by_context', 'dataset_with_extra_by_yield', 'dataset_with_extra_from_classic_operator' retrieved from /home/airflow/.local/lib/python3.12/site-packages/airflow/example_dags/example_outlet_event_extra.py
[2025-08-17T21:42:38.456+0000] {logging_mixin.py:190} INFO - [2025-08-17T21:42:38.456+0000] {dag.py:3239} INFO - Sync 3 DAGs
[2025-08-17T21:42:38.481+0000] {logging_mixin.py:190} INFO - [2025-08-17T21:42:38.481+0000] {dag.py:4180} INFO - Setting next_dagrun for dataset_with_extra_by_context to 2025-08-16 00:00:00+00:00, run_after=2025-08-17 00:00:00+00:00
[2025-08-17T21:42:38.487+0000] {logging_mixin.py:190} INFO - [2025-08-17T21:42:38.486+0000] {dag.py:4180} INFO - Setting next_dagrun for dataset_with_extra_by_yield to 2025-08-16 00:00:00+00:00, run_after=2025-08-17 00:00:00+00:00
[2025-08-17T21:42:38.489+0000] {logging_mixin.py:190} INFO - [2025-08-17T21:42:38.489+0000] {dag.py:4180} INFO - Setting next_dagrun for dataset_with_extra_from_classic_operator to 2025-08-16 00:00:00+00:00, run_after=2025-08-17 00:00:00+00:00
[2025-08-17T21:42:38.505+0000] {processor.py:208} INFO - Processing /home/airflow/.local/lib/python3.12/site-packages/airflow/example_dags/example_outlet_event_extra.py took 0.631 seconds
[2025-08-17T21:43:09.093+0000] {processor.py:186} INFO - Started process (PID=434) to work on /home/airflow/.local/lib/python3.12/site-packages/airflow/example_dags/example_outlet_event_extra.py
[2025-08-17T21:43:09.094+0000] {processor.py:914} INFO - Processing file /home/airflow/.local/lib/python3.12/site-packages/airflow/example_dags/example_outlet_event_extra.py for tasks to queue
[2025-08-17T21:43:09.096+0000] {logging_mixin.py:190} INFO - [2025-08-17T21:43:09.096+0000] {dagbag.py:588} INFO - Filling up the DagBag from /home/airflow/.local/lib/python3.12/site-packages/airflow/example_dags/example_outlet_event_extra.py
[2025-08-17T21:43:09.645+0000] {processor.py:925} INFO - DAG(s) 'dataset_with_extra_by_yield', 'dataset_with_extra_by_context', 'dataset_with_extra_from_classic_operator' retrieved from /home/airflow/.local/lib/python3.12/site-packages/airflow/example_dags/example_outlet_event_extra.py
[2025-08-17T21:43:09.667+0000] {logging_mixin.py:190} INFO - [2025-08-17T21:43:09.666+0000] {dag.py:3239} INFO - Sync 3 DAGs
[2025-08-17T21:43:09.684+0000] {logging_mixin.py:190} INFO - [2025-08-17T21:43:09.684+0000] {dag.py:4180} INFO - Setting next_dagrun for dataset_with_extra_by_context to 2025-08-16 00:00:00+00:00, run_after=2025-08-17 00:00:00+00:00
[2025-08-17T21:43:09.688+0000] {logging_mixin.py:190} INFO - [2025-08-17T21:43:09.688+0000] {dag.py:4180} INFO - Setting next_dagrun for dataset_with_extra_by_yield to 2025-08-16 00:00:00+00:00, run_after=2025-08-17 00:00:00+00:00
[2025-08-17T21:43:09.690+0000] {logging_mixin.py:190} INFO - [2025-08-17T21:43:09.690+0000] {dag.py:4180} INFO - Setting next_dagrun for dataset_with_extra_from_classic_operator to 2025-08-16 00:00:00+00:00, run_after=2025-08-17 00:00:00+00:00
[2025-08-17T21:43:09.706+0000] {processor.py:208} INFO - Processing /home/airflow/.local/lib/python3.12/site-packages/airflow/example_dags/example_outlet_event_extra.py took 0.618 seconds
[2025-08-17T21:43:40.312+0000] {processor.py:186} INFO - Started process (PID=497) to work on /home/airflow/.local/lib/python3.12/site-packages/airflow/example_dags/example_outlet_event_extra.py
[2025-08-17T21:43:40.313+0000] {processor.py:914} INFO - Processing file /home/airflow/.local/lib/python3.12/site-packages/airflow/example_dags/example_outlet_event_extra.py for tasks to queue
[2025-08-17T21:43:40.315+0000] {logging_mixin.py:190} INFO - [2025-08-17T21:43:40.315+0000] {dagbag.py:588} INFO - Filling up the DagBag from /home/airflow/.local/lib/python3.12/site-packages/airflow/example_dags/example_outlet_event_extra.py
[2025-08-17T21:43:40.895+0000] {processor.py:925} INFO - DAG(s) 'dataset_with_extra_from_classic_operator', 'dataset_with_extra_by_context', 'dataset_with_extra_by_yield' retrieved from /home/airflow/.local/lib/python3.12/site-packages/airflow/example_dags/example_outlet_event_extra.py
[2025-08-17T21:43:40.917+0000] {logging_mixin.py:190} INFO - [2025-08-17T21:43:40.917+0000] {dag.py:3239} INFO - Sync 3 DAGs
[2025-08-17T21:43:40.937+0000] {logging_mixin.py:190} INFO - [2025-08-17T21:43:40.937+0000] {dag.py:4180} INFO - Setting next_dagrun for dataset_with_extra_by_context to 2025-08-16 00:00:00+00:00, run_after=2025-08-17 00:00:00+00:00
[2025-08-17T21:43:40.942+0000] {logging_mixin.py:190} INFO - [2025-08-17T21:43:40.941+0000] {dag.py:4180} INFO - Setting next_dagrun for dataset_with_extra_by_yield to 2025-08-16 00:00:00+00:00, run_after=2025-08-17 00:00:00+00:00
[2025-08-17T21:43:40.945+0000] {logging_mixin.py:190} INFO - [2025-08-17T21:43:40.945+0000] {dag.py:4180} INFO - Setting next_dagrun for dataset_with_extra_from_classic_operator to 2025-08-16 00:00:00+00:00, run_after=2025-08-17 00:00:00+00:00
[2025-08-17T21:43:40.981+0000] {processor.py:208} INFO - Processing /home/airflow/.local/lib/python3.12/site-packages/airflow/example_dags/example_outlet_event_extra.py took 0.676 seconds
[2025-08-17T21:44:11.153+0000] {processor.py:186} INFO - Started process (PID=560) to work on /home/airflow/.local/lib/python3.12/site-packages/airflow/example_dags/example_outlet_event_extra.py
[2025-08-17T21:44:11.154+0000] {processor.py:914} INFO - Processing file /home/airflow/.local/lib/python3.12/site-packages/airflow/example_dags/example_outlet_event_extra.py for tasks to queue
[2025-08-17T21:44:11.157+0000] {logging_mixin.py:190} INFO - [2025-08-17T21:44:11.156+0000] {dagbag.py:588} INFO - Filling up the DagBag from /home/airflow/.local/lib/python3.12/site-packages/airflow/example_dags/example_outlet_event_extra.py
[2025-08-17T21:44:11.691+0000] {processor.py:925} INFO - DAG(s) 'dataset_with_extra_from_classic_operator', 'dataset_with_extra_by_context', 'dataset_with_extra_by_yield' retrieved from /home/airflow/.local/lib/python3.12/site-packages/airflow/example_dags/example_outlet_event_extra.py
[2025-08-17T21:44:11.713+0000] {logging_mixin.py:190} INFO - [2025-08-17T21:44:11.713+0000] {dag.py:3239} INFO - Sync 3 DAGs
[2025-08-17T21:44:11.733+0000] {logging_mixin.py:190} INFO - [2025-08-17T21:44:11.733+0000] {dag.py:4180} INFO - Setting next_dagrun for dataset_with_extra_by_context to 2025-08-16 00:00:00+00:00, run_after=2025-08-17 00:00:00+00:00
[2025-08-17T21:44:11.736+0000] {logging_mixin.py:190} INFO - [2025-08-17T21:44:11.736+0000] {dag.py:4180} INFO - Setting next_dagrun for dataset_with_extra_by_yield to 2025-08-16 00:00:00+00:00, run_after=2025-08-17 00:00:00+00:00
[2025-08-17T21:44:11.738+0000] {logging_mixin.py:190} INFO - [2025-08-17T21:44:11.738+0000] {dag.py:4180} INFO - Setting next_dagrun for dataset_with_extra_from_classic_operator to 2025-08-16 00:00:00+00:00, run_after=2025-08-17 00:00:00+00:00
[2025-08-17T21:44:11.760+0000] {processor.py:208} INFO - Processing /home/airflow/.local/lib/python3.12/site-packages/airflow/example_dags/example_outlet_event_extra.py took 0.612 seconds
[2025-08-17T21:44:42.574+0000] {processor.py:186} INFO - Started process (PID=621) to work on /home/airflow/.local/lib/python3.12/site-packages/airflow/example_dags/example_outlet_event_extra.py
[2025-08-17T21:44:42.575+0000] {processor.py:914} INFO - Processing file /home/airflow/.local/lib/python3.12/site-packages/airflow/example_dags/example_outlet_event_extra.py for tasks to queue
[2025-08-17T21:44:42.578+0000] {logging_mixin.py:190} INFO - [2025-08-17T21:44:42.577+0000] {dagbag.py:588} INFO - Filling up the DagBag from /home/airflow/.local/lib/python3.12/site-packages/airflow/example_dags/example_outlet_event_extra.py
[2025-08-17T21:44:43.113+0000] {processor.py:925} INFO - DAG(s) 'dataset_with_extra_by_yield', 'dataset_with_extra_from_classic_operator', 'dataset_with_extra_by_context' retrieved from /home/airflow/.local/lib/python3.12/site-packages/airflow/example_dags/example_outlet_event_extra.py
[2025-08-17T21:44:43.132+0000] {logging_mixin.py:190} INFO - [2025-08-17T21:44:43.132+0000] {dag.py:3239} INFO - Sync 3 DAGs
[2025-08-17T21:44:43.150+0000] {logging_mixin.py:190} INFO - [2025-08-17T21:44:43.150+0000] {dag.py:4180} INFO - Setting next_dagrun for dataset_with_extra_by_context to 2025-08-16 00:00:00+00:00, run_after=2025-08-17 00:00:00+00:00
[2025-08-17T21:44:43.153+0000] {logging_mixin.py:190} INFO - [2025-08-17T21:44:43.153+0000] {dag.py:4180} INFO - Setting next_dagrun for dataset_with_extra_by_yield to 2025-08-16 00:00:00+00:00, run_after=2025-08-17 00:00:00+00:00
[2025-08-17T21:44:43.155+0000] {logging_mixin.py:190} INFO - [2025-08-17T21:44:43.155+0000] {dag.py:4180} INFO - Setting next_dagrun for dataset_with_extra_from_classic_operator to 2025-08-16 00:00:00+00:00, run_after=2025-08-17 00:00:00+00:00
[2025-08-17T21:44:43.170+0000] {processor.py:208} INFO - Processing /home/airflow/.local/lib/python3.12/site-packages/airflow/example_dags/example_outlet_event_extra.py took 0.601 seconds
[2025-08-17T21:45:13.278+0000] {processor.py:186} INFO - Started process (PID=686) to work on /home/airflow/.local/lib/python3.12/site-packages/airflow/example_dags/example_outlet_event_extra.py
[2025-08-17T21:45:13.279+0000] {processor.py:914} INFO - Processing file /home/airflow/.local/lib/python3.12/site-packages/airflow/example_dags/example_outlet_event_extra.py for tasks to queue
[2025-08-17T21:45:13.281+0000] {logging_mixin.py:190} INFO - [2025-08-17T21:45:13.280+0000] {dagbag.py:588} INFO - Filling up the DagBag from /home/airflow/.local/lib/python3.12/site-packages/airflow/example_dags/example_outlet_event_extra.py
[2025-08-17T21:45:13.791+0000] {processor.py:925} INFO - DAG(s) 'dataset_with_extra_by_yield', 'dataset_with_extra_from_classic_operator', 'dataset_with_extra_by_context' retrieved from /home/airflow/.local/lib/python3.12/site-packages/airflow/example_dags/example_outlet_event_extra.py
[2025-08-17T21:45:13.810+0000] {logging_mixin.py:190} INFO - [2025-08-17T21:45:13.810+0000] {dag.py:3239} INFO - Sync 3 DAGs
[2025-08-17T21:45:13.828+0000] {logging_mixin.py:190} INFO - [2025-08-17T21:45:13.827+0000] {dag.py:4180} INFO - Setting next_dagrun for dataset_with_extra_by_context to 2025-08-16 00:00:00+00:00, run_after=2025-08-17 00:00:00+00:00
[2025-08-17T21:45:13.831+0000] {logging_mixin.py:190} INFO - [2025-08-17T21:45:13.831+0000] {dag.py:4180} INFO - Setting next_dagrun for dataset_with_extra_by_yield to 2025-08-16 00:00:00+00:00, run_after=2025-08-17 00:00:00+00:00
[2025-08-17T21:45:13.833+0000] {logging_mixin.py:190} INFO - [2025-08-17T21:45:13.833+0000] {dag.py:4180} INFO - Setting next_dagrun for dataset_with_extra_from_classic_operator to 2025-08-16 00:00:00+00:00, run_after=2025-08-17 00:00:00+00:00
[2025-08-17T21:45:13.848+0000] {processor.py:208} INFO - Processing /home/airflow/.local/lib/python3.12/site-packages/airflow/example_dags/example_outlet_event_extra.py took 0.576 seconds
[2025-08-17T21:45:44.026+0000] {processor.py:186} INFO - Started process (PID=749) to work on /home/airflow/.local/lib/python3.12/site-packages/airflow/example_dags/example_outlet_event_extra.py
[2025-08-17T21:45:44.027+0000] {processor.py:914} INFO - Processing file /home/airflow/.local/lib/python3.12/site-packages/airflow/example_dags/example_outlet_event_extra.py for tasks to queue
[2025-08-17T21:45:44.029+0000] {logging_mixin.py:190} INFO - [2025-08-17T21:45:44.029+0000] {dagbag.py:588} INFO - Filling up the DagBag from /home/airflow/.local/lib/python3.12/site-packages/airflow/example_dags/example_outlet_event_extra.py
[2025-08-17T21:45:44.541+0000] {processor.py:925} INFO - DAG(s) 'dataset_with_extra_from_classic_operator', 'dataset_with_extra_by_context', 'dataset_with_extra_by_yield' retrieved from /home/airflow/.local/lib/python3.12/site-packages/airflow/example_dags/example_outlet_event_extra.py
[2025-08-17T21:45:44.563+0000] {logging_mixin.py:190} INFO - [2025-08-17T21:45:44.563+0000] {dag.py:3239} INFO - Sync 3 DAGs
[2025-08-17T21:45:44.581+0000] {logging_mixin.py:190} INFO - [2025-08-17T21:45:44.581+0000] {dag.py:4180} INFO - Setting next_dagrun for dataset_with_extra_by_context to 2025-08-16 00:00:00+00:00, run_after=2025-08-17 00:00:00+00:00
[2025-08-17T21:45:44.584+0000] {logging_mixin.py:190} INFO - [2025-08-17T21:45:44.584+0000] {dag.py:4180} INFO - Setting next_dagrun for dataset_with_extra_by_yield to 2025-08-16 00:00:00+00:00, run_after=2025-08-17 00:00:00+00:00
[2025-08-17T21:45:44.587+0000] {logging_mixin.py:190} INFO - [2025-08-17T21:45:44.587+0000] {dag.py:4180} INFO - Setting next_dagrun for dataset_with_extra_from_classic_operator to 2025-08-16 00:00:00+00:00, run_after=2025-08-17 00:00:00+00:00
[2025-08-17T21:45:44.620+0000] {processor.py:208} INFO - Processing /home/airflow/.local/lib/python3.12/site-packages/airflow/example_dags/example_outlet_event_extra.py took 0.599 seconds
[2025-08-17T21:46:14.701+0000] {processor.py:186} INFO - Started process (PID=812) to work on /home/airflow/.local/lib/python3.12/site-packages/airflow/example_dags/example_outlet_event_extra.py
[2025-08-17T21:46:14.702+0000] {processor.py:914} INFO - Processing file /home/airflow/.local/lib/python3.12/site-packages/airflow/example_dags/example_outlet_event_extra.py for tasks to queue
[2025-08-17T21:46:14.704+0000] {logging_mixin.py:190} INFO - [2025-08-17T21:46:14.704+0000] {dagbag.py:588} INFO - Filling up the DagBag from /home/airflow/.local/lib/python3.12/site-packages/airflow/example_dags/example_outlet_event_extra.py
[2025-08-17T21:46:15.228+0000] {processor.py:925} INFO - DAG(s) 'dataset_with_extra_by_context', 'dataset_with_extra_from_classic_operator', 'dataset_with_extra_by_yield' retrieved from /home/airflow/.local/lib/python3.12/site-packages/airflow/example_dags/example_outlet_event_extra.py
[2025-08-17T21:46:15.249+0000] {logging_mixin.py:190} INFO - [2025-08-17T21:46:15.249+0000] {dag.py:3239} INFO - Sync 3 DAGs
[2025-08-17T21:46:15.268+0000] {logging_mixin.py:190} INFO - [2025-08-17T21:46:15.267+0000] {dag.py:4180} INFO - Setting next_dagrun for dataset_with_extra_by_context to 2025-08-16 00:00:00+00:00, run_after=2025-08-17 00:00:00+00:00
[2025-08-17T21:46:15.272+0000] {logging_mixin.py:190} INFO - [2025-08-17T21:46:15.272+0000] {dag.py:4180} INFO - Setting next_dagrun for dataset_with_extra_by_yield to 2025-08-16 00:00:00+00:00, run_after=2025-08-17 00:00:00+00:00
[2025-08-17T21:46:15.274+0000] {logging_mixin.py:190} INFO - [2025-08-17T21:46:15.274+0000] {dag.py:4180} INFO - Setting next_dagrun for dataset_with_extra_from_classic_operator to 2025-08-16 00:00:00+00:00, run_after=2025-08-17 00:00:00+00:00
[2025-08-17T21:46:15.294+0000] {processor.py:208} INFO - Processing /home/airflow/.local/lib/python3.12/site-packages/airflow/example_dags/example_outlet_event_extra.py took 0.598 seconds
[2025-08-17T21:46:45.876+0000] {processor.py:186} INFO - Started process (PID=875) to work on /home/airflow/.local/lib/python3.12/site-packages/airflow/example_dags/example_outlet_event_extra.py
[2025-08-17T21:46:45.877+0000] {processor.py:914} INFO - Processing file /home/airflow/.local/lib/python3.12/site-packages/airflow/example_dags/example_outlet_event_extra.py for tasks to queue
[2025-08-17T21:46:45.880+0000] {logging_mixin.py:190} INFO - [2025-08-17T21:46:45.879+0000] {dagbag.py:588} INFO - Filling up the DagBag from /home/airflow/.local/lib/python3.12/site-packages/airflow/example_dags/example_outlet_event_extra.py
[2025-08-17T21:46:46.406+0000] {processor.py:925} INFO - DAG(s) 'dataset_with_extra_by_yield', 'dataset_with_extra_from_classic_operator', 'dataset_with_extra_by_context' retrieved from /home/airflow/.local/lib/python3.12/site-packages/airflow/example_dags/example_outlet_event_extra.py
[2025-08-17T21:46:46.426+0000] {logging_mixin.py:190} INFO - [2025-08-17T21:46:46.426+0000] {dag.py:3239} INFO - Sync 3 DAGs
[2025-08-17T21:46:46.448+0000] {logging_mixin.py:190} INFO - [2025-08-17T21:46:46.448+0000] {dag.py:4180} INFO - Setting next_dagrun for dataset_with_extra_by_context to 2025-08-16 00:00:00+00:00, run_after=2025-08-17 00:00:00+00:00
[2025-08-17T21:46:46.455+0000] {logging_mixin.py:190} INFO - [2025-08-17T21:46:46.455+0000] {dag.py:4180} INFO - Setting next_dagrun for dataset_with_extra_by_yield to 2025-08-16 00:00:00+00:00, run_after=2025-08-17 00:00:00+00:00
[2025-08-17T21:46:46.459+0000] {logging_mixin.py:190} INFO - [2025-08-17T21:46:46.459+0000] {dag.py:4180} INFO - Setting next_dagrun for dataset_with_extra_from_classic_operator to 2025-08-16 00:00:00+00:00, run_after=2025-08-17 00:00:00+00:00
[2025-08-17T21:46:46.484+0000] {processor.py:208} INFO - Processing /home/airflow/.local/lib/python3.12/site-packages/airflow/example_dags/example_outlet_event_extra.py took 0.612 seconds
[2025-08-17T21:47:17.209+0000] {processor.py:186} INFO - Started process (PID=938) to work on /home/airflow/.local/lib/python3.12/site-packages/airflow/example_dags/example_outlet_event_extra.py
[2025-08-17T21:47:17.210+0000] {processor.py:914} INFO - Processing file /home/airflow/.local/lib/python3.12/site-packages/airflow/example_dags/example_outlet_event_extra.py for tasks to queue
[2025-08-17T21:47:17.213+0000] {logging_mixin.py:190} INFO - [2025-08-17T21:47:17.213+0000] {dagbag.py:588} INFO - Filling up the DagBag from /home/airflow/.local/lib/python3.12/site-packages/airflow/example_dags/example_outlet_event_extra.py
[2025-08-17T21:47:17.730+0000] {processor.py:925} INFO - DAG(s) 'dataset_with_extra_by_context', 'dataset_with_extra_from_classic_operator', 'dataset_with_extra_by_yield' retrieved from /home/airflow/.local/lib/python3.12/site-packages/airflow/example_dags/example_outlet_event_extra.py
[2025-08-17T21:47:17.750+0000] {logging_mixin.py:190} INFO - [2025-08-17T21:47:17.750+0000] {dag.py:3239} INFO - Sync 3 DAGs
[2025-08-17T21:47:17.767+0000] {logging_mixin.py:190} INFO - [2025-08-17T21:47:17.767+0000] {dag.py:4180} INFO - Setting next_dagrun for dataset_with_extra_by_context to 2025-08-16 00:00:00+00:00, run_after=2025-08-17 00:00:00+00:00
[2025-08-17T21:47:17.773+0000] {logging_mixin.py:190} INFO - [2025-08-17T21:47:17.772+0000] {dag.py:4180} INFO - Setting next_dagrun for dataset_with_extra_by_yield to 2025-08-16 00:00:00+00:00, run_after=2025-08-17 00:00:00+00:00
[2025-08-17T21:47:17.774+0000] {logging_mixin.py:190} INFO - [2025-08-17T21:47:17.774+0000] {dag.py:4180} INFO - Setting next_dagrun for dataset_with_extra_from_classic_operator to 2025-08-16 00:00:00+00:00, run_after=2025-08-17 00:00:00+00:00
[2025-08-17T21:47:17.791+0000] {processor.py:208} INFO - Processing /home/airflow/.local/lib/python3.12/site-packages/airflow/example_dags/example_outlet_event_extra.py took 0.587 seconds
[2025-08-17T21:47:48.443+0000] {processor.py:186} INFO - Started process (PID=1001) to work on /home/airflow/.local/lib/python3.12/site-packages/airflow/example_dags/example_outlet_event_extra.py
[2025-08-17T21:47:48.444+0000] {processor.py:914} INFO - Processing file /home/airflow/.local/lib/python3.12/site-packages/airflow/example_dags/example_outlet_event_extra.py for tasks to queue
[2025-08-17T21:47:48.447+0000] {logging_mixin.py:190} INFO - [2025-08-17T21:47:48.446+0000] {dagbag.py:588} INFO - Filling up the DagBag from /home/airflow/.local/lib/python3.12/site-packages/airflow/example_dags/example_outlet_event_extra.py
[2025-08-17T21:47:48.943+0000] {processor.py:925} INFO - DAG(s) 'dataset_with_extra_from_classic_operator', 'dataset_with_extra_by_yield', 'dataset_with_extra_by_context' retrieved from /home/airflow/.local/lib/python3.12/site-packages/airflow/example_dags/example_outlet_event_extra.py
[2025-08-17T21:47:48.962+0000] {logging_mixin.py:190} INFO - [2025-08-17T21:47:48.962+0000] {dag.py:3239} INFO - Sync 3 DAGs
[2025-08-17T21:47:48.978+0000] {logging_mixin.py:190} INFO - [2025-08-17T21:47:48.978+0000] {dag.py:4180} INFO - Setting next_dagrun for dataset_with_extra_by_context to 2025-08-16 00:00:00+00:00, run_after=2025-08-17 00:00:00+00:00
[2025-08-17T21:47:48.982+0000] {logging_mixin.py:190} INFO - [2025-08-17T21:47:48.982+0000] {dag.py:4180} INFO - Setting next_dagrun for dataset_with_extra_by_yield to 2025-08-16 00:00:00+00:00, run_after=2025-08-17 00:00:00+00:00
[2025-08-17T21:47:48.984+0000] {logging_mixin.py:190} INFO - [2025-08-17T21:47:48.984+0000] {dag.py:4180} INFO - Setting next_dagrun for dataset_with_extra_from_classic_operator to 2025-08-16 00:00:00+00:00, run_after=2025-08-17 00:00:00+00:00
[2025-08-17T21:47:49.004+0000] {processor.py:208} INFO - Processing /home/airflow/.local/lib/python3.12/site-packages/airflow/example_dags/example_outlet_event_extra.py took 0.567 seconds
