[2025-08-17T21:40:32.750+0000] {processor.py:186} INFO - Started process (PID=103) to work on /home/airflow/.local/lib/python3.12/site-packages/airflow/example_dags/example_task_group.py
[2025-08-17T21:40:32.751+0000] {processor.py:914} INFO - Processing file /home/airflow/.local/lib/python3.12/site-packages/airflow/example_dags/example_task_group.py for tasks to queue
[2025-08-17T21:40:32.753+0000] {logging_mixin.py:190} INFO - [2025-08-17T21:40:32.752+0000] {dagbag.py:588} INFO - Filling up the DagBag from /home/airflow/.local/lib/python3.12/site-packages/airflow/example_dags/example_task_group.py
[2025-08-17T21:40:32.764+0000] {processor.py:925} INFO - DAG(s) 'example_task_group' retrieved from /home/airflow/.local/lib/python3.12/site-packages/airflow/example_dags/example_task_group.py
[2025-08-17T21:40:32.873+0000] {logging_mixin.py:190} INFO - [2025-08-17T21:40:32.872+0000] {override.py:1930} INFO - Created Permission View: can read on DAG:example_task_group
[2025-08-17T21:40:32.882+0000] {logging_mixin.py:190} INFO - [2025-08-17T21:40:32.882+0000] {override.py:1930} INFO - Created Permission View: can edit on DAG:example_task_group
[2025-08-17T21:40:32.887+0000] {logging_mixin.py:190} INFO - [2025-08-17T21:40:32.886+0000] {override.py:1930} INFO - Created Permission View: can delete on DAG:example_task_group
[2025-08-17T21:40:32.892+0000] {logging_mixin.py:190} INFO - [2025-08-17T21:40:32.892+0000] {override.py:1930} INFO - Created Permission View: can read on DAG Run:example_task_group
[2025-08-17T21:40:32.898+0000] {logging_mixin.py:190} INFO - [2025-08-17T21:40:32.897+0000] {override.py:1930} INFO - Created Permission View: can create on DAG Run:example_task_group
[2025-08-17T21:40:32.902+0000] {logging_mixin.py:190} INFO - [2025-08-17T21:40:32.902+0000] {override.py:1930} INFO - Created Permission View: can delete on DAG Run:example_task_group
[2025-08-17T21:40:32.907+0000] {logging_mixin.py:190} INFO - [2025-08-17T21:40:32.907+0000] {override.py:1930} INFO - Created Permission View: menu access on DAG Run:example_task_group
[2025-08-17T21:40:32.908+0000] {logging_mixin.py:190} INFO - [2025-08-17T21:40:32.908+0000] {dag.py:3239} INFO - Sync 1 DAGs
[2025-08-17T21:40:32.918+0000] {logging_mixin.py:190} INFO - [2025-08-17T21:40:32.918+0000] {dag.py:3262} INFO - Creating ORM DAG for example_task_group
[2025-08-17T21:40:32.919+0000] {logging_mixin.py:190} INFO - [2025-08-17T21:40:32.919+0000] {dag.py:4180} INFO - Setting next_dagrun for example_task_group to None, run_after=None
[2025-08-17T21:40:32.931+0000] {processor.py:208} INFO - Processing /home/airflow/.local/lib/python3.12/site-packages/airflow/example_dags/example_task_group.py took 0.188 seconds
[2025-08-17T21:41:03.040+0000] {processor.py:186} INFO - Started process (PID=165) to work on /home/airflow/.local/lib/python3.12/site-packages/airflow/example_dags/example_task_group.py
[2025-08-17T21:41:03.041+0000] {processor.py:914} INFO - Processing file /home/airflow/.local/lib/python3.12/site-packages/airflow/example_dags/example_task_group.py for tasks to queue
[2025-08-17T21:41:03.043+0000] {logging_mixin.py:190} INFO - [2025-08-17T21:41:03.043+0000] {dagbag.py:588} INFO - Filling up the DagBag from /home/airflow/.local/lib/python3.12/site-packages/airflow/example_dags/example_task_group.py
[2025-08-17T21:41:03.050+0000] {processor.py:925} INFO - DAG(s) 'example_task_group' retrieved from /home/airflow/.local/lib/python3.12/site-packages/airflow/example_dags/example_task_group.py
[2025-08-17T21:41:03.070+0000] {logging_mixin.py:190} INFO - [2025-08-17T21:41:03.069+0000] {dag.py:3239} INFO - Sync 1 DAGs
[2025-08-17T21:41:03.082+0000] {logging_mixin.py:190} INFO - [2025-08-17T21:41:03.081+0000] {dag.py:4180} INFO - Setting next_dagrun for example_task_group to None, run_after=None
[2025-08-17T21:41:03.096+0000] {processor.py:208} INFO - Processing /home/airflow/.local/lib/python3.12/site-packages/airflow/example_dags/example_task_group.py took 0.061 seconds
[2025-08-17T21:41:33.542+0000] {processor.py:186} INFO - Started process (PID=228) to work on /home/airflow/.local/lib/python3.12/site-packages/airflow/example_dags/example_task_group.py
[2025-08-17T21:41:33.543+0000] {processor.py:914} INFO - Processing file /home/airflow/.local/lib/python3.12/site-packages/airflow/example_dags/example_task_group.py for tasks to queue
[2025-08-17T21:41:33.546+0000] {logging_mixin.py:190} INFO - [2025-08-17T21:41:33.545+0000] {dagbag.py:588} INFO - Filling up the DagBag from /home/airflow/.local/lib/python3.12/site-packages/airflow/example_dags/example_task_group.py
[2025-08-17T21:41:33.554+0000] {processor.py:925} INFO - DAG(s) 'example_task_group' retrieved from /home/airflow/.local/lib/python3.12/site-packages/airflow/example_dags/example_task_group.py
[2025-08-17T21:41:33.574+0000] {logging_mixin.py:190} INFO - [2025-08-17T21:41:33.574+0000] {dag.py:3239} INFO - Sync 1 DAGs
[2025-08-17T21:41:33.587+0000] {logging_mixin.py:190} INFO - [2025-08-17T21:41:33.587+0000] {dag.py:4180} INFO - Setting next_dagrun for example_task_group to None, run_after=None
[2025-08-17T21:41:33.633+0000] {processor.py:208} INFO - Processing /home/airflow/.local/lib/python3.12/site-packages/airflow/example_dags/example_task_group.py took 0.096 seconds
[2025-08-17T21:42:04.145+0000] {processor.py:186} INFO - Started process (PID=291) to work on /home/airflow/.local/lib/python3.12/site-packages/airflow/example_dags/example_task_group.py
[2025-08-17T21:42:04.146+0000] {processor.py:914} INFO - Processing file /home/airflow/.local/lib/python3.12/site-packages/airflow/example_dags/example_task_group.py for tasks to queue
[2025-08-17T21:42:04.148+0000] {logging_mixin.py:190} INFO - [2025-08-17T21:42:04.148+0000] {dagbag.py:588} INFO - Filling up the DagBag from /home/airflow/.local/lib/python3.12/site-packages/airflow/example_dags/example_task_group.py
[2025-08-17T21:42:04.156+0000] {processor.py:925} INFO - DAG(s) 'example_task_group' retrieved from /home/airflow/.local/lib/python3.12/site-packages/airflow/example_dags/example_task_group.py
[2025-08-17T21:42:04.177+0000] {logging_mixin.py:190} INFO - [2025-08-17T21:42:04.176+0000] {dag.py:3239} INFO - Sync 1 DAGs
[2025-08-17T21:42:04.188+0000] {logging_mixin.py:190} INFO - [2025-08-17T21:42:04.188+0000] {dag.py:4180} INFO - Setting next_dagrun for example_task_group to None, run_after=None
[2025-08-17T21:42:04.203+0000] {processor.py:208} INFO - Processing /home/airflow/.local/lib/python3.12/site-packages/airflow/example_dags/example_task_group.py took 0.064 seconds
[2025-08-17T21:42:34.281+0000] {processor.py:186} INFO - Started process (PID=354) to work on /home/airflow/.local/lib/python3.12/site-packages/airflow/example_dags/example_task_group.py
[2025-08-17T21:42:34.282+0000] {processor.py:914} INFO - Processing file /home/airflow/.local/lib/python3.12/site-packages/airflow/example_dags/example_task_group.py for tasks to queue
[2025-08-17T21:42:34.284+0000] {logging_mixin.py:190} INFO - [2025-08-17T21:42:34.284+0000] {dagbag.py:588} INFO - Filling up the DagBag from /home/airflow/.local/lib/python3.12/site-packages/airflow/example_dags/example_task_group.py
[2025-08-17T21:42:34.293+0000] {processor.py:925} INFO - DAG(s) 'example_task_group' retrieved from /home/airflow/.local/lib/python3.12/site-packages/airflow/example_dags/example_task_group.py
[2025-08-17T21:42:34.312+0000] {logging_mixin.py:190} INFO - [2025-08-17T21:42:34.312+0000] {dag.py:3239} INFO - Sync 1 DAGs
[2025-08-17T21:42:34.323+0000] {logging_mixin.py:190} INFO - [2025-08-17T21:42:34.323+0000] {dag.py:4180} INFO - Setting next_dagrun for example_task_group to None, run_after=None
[2025-08-17T21:42:34.339+0000] {processor.py:208} INFO - Processing /home/airflow/.local/lib/python3.12/site-packages/airflow/example_dags/example_task_group.py took 0.062 seconds
[2025-08-17T21:43:05.597+0000] {processor.py:186} INFO - Started process (PID=417) to work on /home/airflow/.local/lib/python3.12/site-packages/airflow/example_dags/example_task_group.py
[2025-08-17T21:43:05.598+0000] {processor.py:914} INFO - Processing file /home/airflow/.local/lib/python3.12/site-packages/airflow/example_dags/example_task_group.py for tasks to queue
[2025-08-17T21:43:05.600+0000] {logging_mixin.py:190} INFO - [2025-08-17T21:43:05.599+0000] {dagbag.py:588} INFO - Filling up the DagBag from /home/airflow/.local/lib/python3.12/site-packages/airflow/example_dags/example_task_group.py
[2025-08-17T21:43:05.608+0000] {processor.py:925} INFO - DAG(s) 'example_task_group' retrieved from /home/airflow/.local/lib/python3.12/site-packages/airflow/example_dags/example_task_group.py
[2025-08-17T21:43:05.628+0000] {logging_mixin.py:190} INFO - [2025-08-17T21:43:05.628+0000] {dag.py:3239} INFO - Sync 1 DAGs
[2025-08-17T21:43:05.641+0000] {logging_mixin.py:190} INFO - [2025-08-17T21:43:05.641+0000] {dag.py:4180} INFO - Setting next_dagrun for example_task_group to None, run_after=None
[2025-08-17T21:43:05.656+0000] {processor.py:208} INFO - Processing /home/airflow/.local/lib/python3.12/site-packages/airflow/example_dags/example_task_group.py took 0.064 seconds
[2025-08-17T21:43:36.639+0000] {processor.py:186} INFO - Started process (PID=480) to work on /home/airflow/.local/lib/python3.12/site-packages/airflow/example_dags/example_task_group.py
[2025-08-17T21:43:36.640+0000] {processor.py:914} INFO - Processing file /home/airflow/.local/lib/python3.12/site-packages/airflow/example_dags/example_task_group.py for tasks to queue
[2025-08-17T21:43:36.642+0000] {logging_mixin.py:190} INFO - [2025-08-17T21:43:36.642+0000] {dagbag.py:588} INFO - Filling up the DagBag from /home/airflow/.local/lib/python3.12/site-packages/airflow/example_dags/example_task_group.py
[2025-08-17T21:43:36.651+0000] {processor.py:925} INFO - DAG(s) 'example_task_group' retrieved from /home/airflow/.local/lib/python3.12/site-packages/airflow/example_dags/example_task_group.py
[2025-08-17T21:43:36.672+0000] {logging_mixin.py:190} INFO - [2025-08-17T21:43:36.672+0000] {dag.py:3239} INFO - Sync 1 DAGs
[2025-08-17T21:43:36.709+0000] {logging_mixin.py:190} INFO - [2025-08-17T21:43:36.709+0000] {dag.py:4180} INFO - Setting next_dagrun for example_task_group to None, run_after=None
[2025-08-17T21:43:36.726+0000] {processor.py:208} INFO - Processing /home/airflow/.local/lib/python3.12/site-packages/airflow/example_dags/example_task_group.py took 0.093 seconds
[2025-08-17T21:44:07.155+0000] {processor.py:186} INFO - Started process (PID=543) to work on /home/airflow/.local/lib/python3.12/site-packages/airflow/example_dags/example_task_group.py
[2025-08-17T21:44:07.156+0000] {processor.py:914} INFO - Processing file /home/airflow/.local/lib/python3.12/site-packages/airflow/example_dags/example_task_group.py for tasks to queue
[2025-08-17T21:44:07.158+0000] {logging_mixin.py:190} INFO - [2025-08-17T21:44:07.158+0000] {dagbag.py:588} INFO - Filling up the DagBag from /home/airflow/.local/lib/python3.12/site-packages/airflow/example_dags/example_task_group.py
[2025-08-17T21:44:07.166+0000] {processor.py:925} INFO - DAG(s) 'example_task_group' retrieved from /home/airflow/.local/lib/python3.12/site-packages/airflow/example_dags/example_task_group.py
[2025-08-17T21:44:07.193+0000] {logging_mixin.py:190} INFO - [2025-08-17T21:44:07.193+0000] {dag.py:3239} INFO - Sync 1 DAGs
[2025-08-17T21:44:07.207+0000] {logging_mixin.py:190} INFO - [2025-08-17T21:44:07.206+0000] {dag.py:4180} INFO - Setting next_dagrun for example_task_group to None, run_after=None
[2025-08-17T21:44:07.229+0000] {processor.py:208} INFO - Processing /home/airflow/.local/lib/python3.12/site-packages/airflow/example_dags/example_task_group.py took 0.080 seconds
[2025-08-17T21:44:37.300+0000] {processor.py:186} INFO - Started process (PID=605) to work on /home/airflow/.local/lib/python3.12/site-packages/airflow/example_dags/example_task_group.py
[2025-08-17T21:44:37.302+0000] {processor.py:914} INFO - Processing file /home/airflow/.local/lib/python3.12/site-packages/airflow/example_dags/example_task_group.py for tasks to queue
[2025-08-17T21:44:37.304+0000] {logging_mixin.py:190} INFO - [2025-08-17T21:44:37.304+0000] {dagbag.py:588} INFO - Filling up the DagBag from /home/airflow/.local/lib/python3.12/site-packages/airflow/example_dags/example_task_group.py
[2025-08-17T21:44:37.312+0000] {processor.py:925} INFO - DAG(s) 'example_task_group' retrieved from /home/airflow/.local/lib/python3.12/site-packages/airflow/example_dags/example_task_group.py
[2025-08-17T21:44:37.332+0000] {logging_mixin.py:190} INFO - [2025-08-17T21:44:37.332+0000] {dag.py:3239} INFO - Sync 1 DAGs
[2025-08-17T21:44:37.346+0000] {logging_mixin.py:190} INFO - [2025-08-17T21:44:37.345+0000] {dag.py:4180} INFO - Setting next_dagrun for example_task_group to None, run_after=None
[2025-08-17T21:44:37.362+0000] {processor.py:208} INFO - Processing /home/airflow/.local/lib/python3.12/site-packages/airflow/example_dags/example_task_group.py took 0.067 seconds
[2025-08-17T21:45:07.659+0000] {processor.py:186} INFO - Started process (PID=668) to work on /home/airflow/.local/lib/python3.12/site-packages/airflow/example_dags/example_task_group.py
[2025-08-17T21:45:07.660+0000] {processor.py:914} INFO - Processing file /home/airflow/.local/lib/python3.12/site-packages/airflow/example_dags/example_task_group.py for tasks to queue
[2025-08-17T21:45:07.662+0000] {logging_mixin.py:190} INFO - [2025-08-17T21:45:07.662+0000] {dagbag.py:588} INFO - Filling up the DagBag from /home/airflow/.local/lib/python3.12/site-packages/airflow/example_dags/example_task_group.py
[2025-08-17T21:45:07.671+0000] {processor.py:925} INFO - DAG(s) 'example_task_group' retrieved from /home/airflow/.local/lib/python3.12/site-packages/airflow/example_dags/example_task_group.py
[2025-08-17T21:45:07.689+0000] {logging_mixin.py:190} INFO - [2025-08-17T21:45:07.689+0000] {dag.py:3239} INFO - Sync 1 DAGs
[2025-08-17T21:45:07.701+0000] {logging_mixin.py:190} INFO - [2025-08-17T21:45:07.701+0000] {dag.py:4180} INFO - Setting next_dagrun for example_task_group to None, run_after=None
[2025-08-17T21:45:07.720+0000] {processor.py:208} INFO - Processing /home/airflow/.local/lib/python3.12/site-packages/airflow/example_dags/example_task_group.py took 0.067 seconds
[2025-08-17T21:45:37.789+0000] {processor.py:186} INFO - Started process (PID=731) to work on /home/airflow/.local/lib/python3.12/site-packages/airflow/example_dags/example_task_group.py
[2025-08-17T21:45:37.790+0000] {processor.py:914} INFO - Processing file /home/airflow/.local/lib/python3.12/site-packages/airflow/example_dags/example_task_group.py for tasks to queue
[2025-08-17T21:45:37.792+0000] {logging_mixin.py:190} INFO - [2025-08-17T21:45:37.792+0000] {dagbag.py:588} INFO - Filling up the DagBag from /home/airflow/.local/lib/python3.12/site-packages/airflow/example_dags/example_task_group.py
[2025-08-17T21:45:37.801+0000] {processor.py:925} INFO - DAG(s) 'example_task_group' retrieved from /home/airflow/.local/lib/python3.12/site-packages/airflow/example_dags/example_task_group.py
[2025-08-17T21:45:37.821+0000] {logging_mixin.py:190} INFO - [2025-08-17T21:45:37.821+0000] {dag.py:3239} INFO - Sync 1 DAGs
[2025-08-17T21:45:37.834+0000] {logging_mixin.py:190} INFO - [2025-08-17T21:45:37.834+0000] {dag.py:4180} INFO - Setting next_dagrun for example_task_group to None, run_after=None
[2025-08-17T21:45:37.855+0000] {processor.py:208} INFO - Processing /home/airflow/.local/lib/python3.12/site-packages/airflow/example_dags/example_task_group.py took 0.071 seconds
[2025-08-17T21:46:09.428+0000] {processor.py:186} INFO - Started process (PID=794) to work on /home/airflow/.local/lib/python3.12/site-packages/airflow/example_dags/example_task_group.py
[2025-08-17T21:46:09.429+0000] {processor.py:914} INFO - Processing file /home/airflow/.local/lib/python3.12/site-packages/airflow/example_dags/example_task_group.py for tasks to queue
[2025-08-17T21:46:09.432+0000] {logging_mixin.py:190} INFO - [2025-08-17T21:46:09.431+0000] {dagbag.py:588} INFO - Filling up the DagBag from /home/airflow/.local/lib/python3.12/site-packages/airflow/example_dags/example_task_group.py
[2025-08-17T21:46:09.440+0000] {processor.py:925} INFO - DAG(s) 'example_task_group' retrieved from /home/airflow/.local/lib/python3.12/site-packages/airflow/example_dags/example_task_group.py
[2025-08-17T21:46:09.463+0000] {logging_mixin.py:190} INFO - [2025-08-17T21:46:09.462+0000] {dag.py:3239} INFO - Sync 1 DAGs
[2025-08-17T21:46:09.476+0000] {logging_mixin.py:190} INFO - [2025-08-17T21:46:09.475+0000] {dag.py:4180} INFO - Setting next_dagrun for example_task_group to None, run_after=None
[2025-08-17T21:46:09.498+0000] {processor.py:208} INFO - Processing /home/airflow/.local/lib/python3.12/site-packages/airflow/example_dags/example_task_group.py took 0.076 seconds
[2025-08-17T21:46:40.245+0000] {processor.py:186} INFO - Started process (PID=857) to work on /home/airflow/.local/lib/python3.12/site-packages/airflow/example_dags/example_task_group.py
[2025-08-17T21:46:40.247+0000] {processor.py:914} INFO - Processing file /home/airflow/.local/lib/python3.12/site-packages/airflow/example_dags/example_task_group.py for tasks to queue
[2025-08-17T21:46:40.249+0000] {logging_mixin.py:190} INFO - [2025-08-17T21:46:40.249+0000] {dagbag.py:588} INFO - Filling up the DagBag from /home/airflow/.local/lib/python3.12/site-packages/airflow/example_dags/example_task_group.py
[2025-08-17T21:46:40.257+0000] {processor.py:925} INFO - DAG(s) 'example_task_group' retrieved from /home/airflow/.local/lib/python3.12/site-packages/airflow/example_dags/example_task_group.py
[2025-08-17T21:46:40.278+0000] {logging_mixin.py:190} INFO - [2025-08-17T21:46:40.277+0000] {dag.py:3239} INFO - Sync 1 DAGs
[2025-08-17T21:46:40.290+0000] {logging_mixin.py:190} INFO - [2025-08-17T21:46:40.290+0000] {dag.py:4180} INFO - Setting next_dagrun for example_task_group to None, run_after=None
[2025-08-17T21:46:40.308+0000] {processor.py:208} INFO - Processing /home/airflow/.local/lib/python3.12/site-packages/airflow/example_dags/example_task_group.py took 0.068 seconds
[2025-08-17T21:47:11.138+0000] {processor.py:186} INFO - Started process (PID=920) to work on /home/airflow/.local/lib/python3.12/site-packages/airflow/example_dags/example_task_group.py
[2025-08-17T21:47:11.139+0000] {processor.py:914} INFO - Processing file /home/airflow/.local/lib/python3.12/site-packages/airflow/example_dags/example_task_group.py for tasks to queue
[2025-08-17T21:47:11.142+0000] {logging_mixin.py:190} INFO - [2025-08-17T21:47:11.142+0000] {dagbag.py:588} INFO - Filling up the DagBag from /home/airflow/.local/lib/python3.12/site-packages/airflow/example_dags/example_task_group.py
[2025-08-17T21:47:11.150+0000] {processor.py:925} INFO - DAG(s) 'example_task_group' retrieved from /home/airflow/.local/lib/python3.12/site-packages/airflow/example_dags/example_task_group.py
[2025-08-17T21:47:11.169+0000] {logging_mixin.py:190} INFO - [2025-08-17T21:47:11.169+0000] {dag.py:3239} INFO - Sync 1 DAGs
[2025-08-17T21:47:11.182+0000] {logging_mixin.py:190} INFO - [2025-08-17T21:47:11.181+0000] {dag.py:4180} INFO - Setting next_dagrun for example_task_group to None, run_after=None
[2025-08-17T21:47:11.197+0000] {processor.py:208} INFO - Processing /home/airflow/.local/lib/python3.12/site-packages/airflow/example_dags/example_task_group.py took 0.064 seconds
[2025-08-17T21:47:41.267+0000] {processor.py:186} INFO - Started process (PID=983) to work on /home/airflow/.local/lib/python3.12/site-packages/airflow/example_dags/example_task_group.py
[2025-08-17T21:47:41.268+0000] {processor.py:914} INFO - Processing file /home/airflow/.local/lib/python3.12/site-packages/airflow/example_dags/example_task_group.py for tasks to queue
[2025-08-17T21:47:41.270+0000] {logging_mixin.py:190} INFO - [2025-08-17T21:47:41.270+0000] {dagbag.py:588} INFO - Filling up the DagBag from /home/airflow/.local/lib/python3.12/site-packages/airflow/example_dags/example_task_group.py
[2025-08-17T21:47:41.279+0000] {processor.py:925} INFO - DAG(s) 'example_task_group' retrieved from /home/airflow/.local/lib/python3.12/site-packages/airflow/example_dags/example_task_group.py
[2025-08-17T21:47:41.298+0000] {logging_mixin.py:190} INFO - [2025-08-17T21:47:41.298+0000] {dag.py:3239} INFO - Sync 1 DAGs
[2025-08-17T21:47:41.310+0000] {logging_mixin.py:190} INFO - [2025-08-17T21:47:41.309+0000] {dag.py:4180} INFO - Setting next_dagrun for example_task_group to None, run_after=None
[2025-08-17T21:47:41.329+0000] {processor.py:208} INFO - Processing /home/airflow/.local/lib/python3.12/site-packages/airflow/example_dags/example_task_group.py took 0.067 seconds
