[2025-08-17T21:40:26.353+0000] {processor.py:186} INFO - Started process (PID=62) to work on /home/airflow/.local/lib/python3.12/site-packages/airflow/example_dags/example_nested_branch_dag.py
[2025-08-17T21:40:26.354+0000] {processor.py:914} INFO - Processing file /home/airflow/.local/lib/python3.12/site-packages/airflow/example_dags/example_nested_branch_dag.py for tasks to queue
[2025-08-17T21:40:26.356+0000] {logging_mixin.py:190} INFO - [2025-08-17T21:40:26.356+0000] {dagbag.py:588} INFO - Filling up the DagBag from /home/airflow/.local/lib/python3.12/site-packages/airflow/example_dags/example_nested_branch_dag.py
[2025-08-17T21:40:26.371+0000] {processor.py:925} INFO - DAG(s) 'example_nested_branch_dag' retrieved from /home/airflow/.local/lib/python3.12/site-packages/airflow/example_dags/example_nested_branch_dag.py
[2025-08-17T21:40:26.505+0000] {logging_mixin.py:190} INFO - [2025-08-17T21:40:26.504+0000] {override.py:1930} INFO - Created Permission View: can read on DAG:example_nested_branch_dag
[2025-08-17T21:40:26.515+0000] {logging_mixin.py:190} INFO - [2025-08-17T21:40:26.514+0000] {override.py:1930} INFO - Created Permission View: can edit on DAG:example_nested_branch_dag
[2025-08-17T21:40:26.520+0000] {logging_mixin.py:190} INFO - [2025-08-17T21:40:26.520+0000] {override.py:1930} INFO - Created Permission View: can delete on DAG:example_nested_branch_dag
[2025-08-17T21:40:26.528+0000] {logging_mixin.py:190} INFO - [2025-08-17T21:40:26.528+0000] {override.py:1930} INFO - Created Permission View: can read on DAG Run:example_nested_branch_dag
[2025-08-17T21:40:26.534+0000] {logging_mixin.py:190} INFO - [2025-08-17T21:40:26.534+0000] {override.py:1930} INFO - Created Permission View: can create on DAG Run:example_nested_branch_dag
[2025-08-17T21:40:26.539+0000] {logging_mixin.py:190} INFO - [2025-08-17T21:40:26.539+0000] {override.py:1930} INFO - Created Permission View: can delete on DAG Run:example_nested_branch_dag
[2025-08-17T21:40:26.545+0000] {logging_mixin.py:190} INFO - [2025-08-17T21:40:26.544+0000] {override.py:1930} INFO - Created Permission View: menu access on DAG Run:example_nested_branch_dag
[2025-08-17T21:40:26.545+0000] {logging_mixin.py:190} INFO - [2025-08-17T21:40:26.545+0000] {dag.py:3239} INFO - Sync 1 DAGs
[2025-08-17T21:40:26.556+0000] {logging_mixin.py:190} INFO - [2025-08-17T21:40:26.556+0000] {dag.py:3262} INFO - Creating ORM DAG for example_nested_branch_dag
[2025-08-17T21:40:26.568+0000] {logging_mixin.py:190} INFO - [2025-08-17T21:40:26.568+0000] {dag.py:4180} INFO - Setting next_dagrun for example_nested_branch_dag to 2025-08-16 00:00:00+00:00, run_after=2025-08-17 00:00:00+00:00
[2025-08-17T21:40:26.586+0000] {processor.py:208} INFO - Processing /home/airflow/.local/lib/python3.12/site-packages/airflow/example_dags/example_nested_branch_dag.py took 0.239 seconds
[2025-08-17T21:40:57.507+0000] {processor.py:186} INFO - Started process (PID=124) to work on /home/airflow/.local/lib/python3.12/site-packages/airflow/example_dags/example_nested_branch_dag.py
[2025-08-17T21:40:57.508+0000] {processor.py:914} INFO - Processing file /home/airflow/.local/lib/python3.12/site-packages/airflow/example_dags/example_nested_branch_dag.py for tasks to queue
[2025-08-17T21:40:57.510+0000] {logging_mixin.py:190} INFO - [2025-08-17T21:40:57.510+0000] {dagbag.py:588} INFO - Filling up the DagBag from /home/airflow/.local/lib/python3.12/site-packages/airflow/example_dags/example_nested_branch_dag.py
[2025-08-17T21:40:57.524+0000] {processor.py:925} INFO - DAG(s) 'example_nested_branch_dag' retrieved from /home/airflow/.local/lib/python3.12/site-packages/airflow/example_dags/example_nested_branch_dag.py
[2025-08-17T21:40:57.544+0000] {logging_mixin.py:190} INFO - [2025-08-17T21:40:57.544+0000] {dag.py:3239} INFO - Sync 1 DAGs
[2025-08-17T21:40:57.565+0000] {logging_mixin.py:190} INFO - [2025-08-17T21:40:57.565+0000] {dag.py:4180} INFO - Setting next_dagrun for example_nested_branch_dag to 2025-08-16 00:00:00+00:00, run_after=2025-08-17 00:00:00+00:00
[2025-08-17T21:40:57.579+0000] {processor.py:208} INFO - Processing /home/airflow/.local/lib/python3.12/site-packages/airflow/example_dags/example_nested_branch_dag.py took 0.080 seconds
[2025-08-17T21:41:27.907+0000] {processor.py:186} INFO - Started process (PID=193) to work on /home/airflow/.local/lib/python3.12/site-packages/airflow/example_dags/example_nested_branch_dag.py
[2025-08-17T21:41:27.908+0000] {processor.py:914} INFO - Processing file /home/airflow/.local/lib/python3.12/site-packages/airflow/example_dags/example_nested_branch_dag.py for tasks to queue
[2025-08-17T21:41:27.910+0000] {logging_mixin.py:190} INFO - [2025-08-17T21:41:27.910+0000] {dagbag.py:588} INFO - Filling up the DagBag from /home/airflow/.local/lib/python3.12/site-packages/airflow/example_dags/example_nested_branch_dag.py
[2025-08-17T21:41:27.920+0000] {processor.py:925} INFO - DAG(s) 'example_nested_branch_dag' retrieved from /home/airflow/.local/lib/python3.12/site-packages/airflow/example_dags/example_nested_branch_dag.py
[2025-08-17T21:41:27.937+0000] {logging_mixin.py:190} INFO - [2025-08-17T21:41:27.937+0000] {dag.py:3239} INFO - Sync 1 DAGs
[2025-08-17T21:41:27.956+0000] {logging_mixin.py:190} INFO - [2025-08-17T21:41:27.956+0000] {dag.py:4180} INFO - Setting next_dagrun for example_nested_branch_dag to 2025-08-16 00:00:00+00:00, run_after=2025-08-17 00:00:00+00:00
[2025-08-17T21:41:27.979+0000] {processor.py:208} INFO - Processing /home/airflow/.local/lib/python3.12/site-packages/airflow/example_dags/example_nested_branch_dag.py took 0.077 seconds
[2025-08-17T21:41:58.531+0000] {processor.py:186} INFO - Started process (PID=256) to work on /home/airflow/.local/lib/python3.12/site-packages/airflow/example_dags/example_nested_branch_dag.py
[2025-08-17T21:41:58.532+0000] {processor.py:914} INFO - Processing file /home/airflow/.local/lib/python3.12/site-packages/airflow/example_dags/example_nested_branch_dag.py for tasks to queue
[2025-08-17T21:41:58.534+0000] {logging_mixin.py:190} INFO - [2025-08-17T21:41:58.534+0000] {dagbag.py:588} INFO - Filling up the DagBag from /home/airflow/.local/lib/python3.12/site-packages/airflow/example_dags/example_nested_branch_dag.py
[2025-08-17T21:41:58.546+0000] {processor.py:925} INFO - DAG(s) 'example_nested_branch_dag' retrieved from /home/airflow/.local/lib/python3.12/site-packages/airflow/example_dags/example_nested_branch_dag.py
[2025-08-17T21:41:58.565+0000] {logging_mixin.py:190} INFO - [2025-08-17T21:41:58.565+0000] {dag.py:3239} INFO - Sync 1 DAGs
[2025-08-17T21:41:58.584+0000] {logging_mixin.py:190} INFO - [2025-08-17T21:41:58.584+0000] {dag.py:4180} INFO - Setting next_dagrun for example_nested_branch_dag to 2025-08-16 00:00:00+00:00, run_after=2025-08-17 00:00:00+00:00
[2025-08-17T21:41:58.643+0000] {processor.py:208} INFO - Processing /home/airflow/.local/lib/python3.12/site-packages/airflow/example_dags/example_nested_branch_dag.py took 0.116 seconds
[2025-08-17T21:42:29.347+0000] {processor.py:186} INFO - Started process (PID=319) to work on /home/airflow/.local/lib/python3.12/site-packages/airflow/example_dags/example_nested_branch_dag.py
[2025-08-17T21:42:29.349+0000] {processor.py:914} INFO - Processing file /home/airflow/.local/lib/python3.12/site-packages/airflow/example_dags/example_nested_branch_dag.py for tasks to queue
[2025-08-17T21:42:29.353+0000] {logging_mixin.py:190} INFO - [2025-08-17T21:42:29.352+0000] {dagbag.py:588} INFO - Filling up the DagBag from /home/airflow/.local/lib/python3.12/site-packages/airflow/example_dags/example_nested_branch_dag.py
[2025-08-17T21:42:29.369+0000] {processor.py:925} INFO - DAG(s) 'example_nested_branch_dag' retrieved from /home/airflow/.local/lib/python3.12/site-packages/airflow/example_dags/example_nested_branch_dag.py
[2025-08-17T21:42:29.394+0000] {logging_mixin.py:190} INFO - [2025-08-17T21:42:29.394+0000] {dag.py:3239} INFO - Sync 1 DAGs
[2025-08-17T21:42:29.430+0000] {logging_mixin.py:190} INFO - [2025-08-17T21:42:29.430+0000] {dag.py:4180} INFO - Setting next_dagrun for example_nested_branch_dag to 2025-08-16 00:00:00+00:00, run_after=2025-08-17 00:00:00+00:00
[2025-08-17T21:42:29.451+0000] {processor.py:208} INFO - Processing /home/airflow/.local/lib/python3.12/site-packages/airflow/example_dags/example_nested_branch_dag.py took 0.113 seconds
[2025-08-17T21:42:59.922+0000] {processor.py:186} INFO - Started process (PID=382) to work on /home/airflow/.local/lib/python3.12/site-packages/airflow/example_dags/example_nested_branch_dag.py
[2025-08-17T21:42:59.924+0000] {processor.py:914} INFO - Processing file /home/airflow/.local/lib/python3.12/site-packages/airflow/example_dags/example_nested_branch_dag.py for tasks to queue
[2025-08-17T21:42:59.926+0000] {logging_mixin.py:190} INFO - [2025-08-17T21:42:59.926+0000] {dagbag.py:588} INFO - Filling up the DagBag from /home/airflow/.local/lib/python3.12/site-packages/airflow/example_dags/example_nested_branch_dag.py
[2025-08-17T21:42:59.937+0000] {processor.py:925} INFO - DAG(s) 'example_nested_branch_dag' retrieved from /home/airflow/.local/lib/python3.12/site-packages/airflow/example_dags/example_nested_branch_dag.py
[2025-08-17T21:42:59.956+0000] {logging_mixin.py:190} INFO - [2025-08-17T21:42:59.956+0000] {dag.py:3239} INFO - Sync 1 DAGs
[2025-08-17T21:42:59.975+0000] {logging_mixin.py:190} INFO - [2025-08-17T21:42:59.975+0000] {dag.py:4180} INFO - Setting next_dagrun for example_nested_branch_dag to 2025-08-16 00:00:00+00:00, run_after=2025-08-17 00:00:00+00:00
[2025-08-17T21:42:59.991+0000] {processor.py:208} INFO - Processing /home/airflow/.local/lib/python3.12/site-packages/airflow/example_dags/example_nested_branch_dag.py took 0.074 seconds
[2025-08-17T21:43:30.083+0000] {processor.py:186} INFO - Started process (PID=445) to work on /home/airflow/.local/lib/python3.12/site-packages/airflow/example_dags/example_nested_branch_dag.py
[2025-08-17T21:43:30.084+0000] {processor.py:914} INFO - Processing file /home/airflow/.local/lib/python3.12/site-packages/airflow/example_dags/example_nested_branch_dag.py for tasks to queue
[2025-08-17T21:43:30.086+0000] {logging_mixin.py:190} INFO - [2025-08-17T21:43:30.086+0000] {dagbag.py:588} INFO - Filling up the DagBag from /home/airflow/.local/lib/python3.12/site-packages/airflow/example_dags/example_nested_branch_dag.py
[2025-08-17T21:43:30.096+0000] {processor.py:925} INFO - DAG(s) 'example_nested_branch_dag' retrieved from /home/airflow/.local/lib/python3.12/site-packages/airflow/example_dags/example_nested_branch_dag.py
[2025-08-17T21:43:30.117+0000] {logging_mixin.py:190} INFO - [2025-08-17T21:43:30.116+0000] {dag.py:3239} INFO - Sync 1 DAGs
[2025-08-17T21:43:30.138+0000] {logging_mixin.py:190} INFO - [2025-08-17T21:43:30.137+0000] {dag.py:4180} INFO - Setting next_dagrun for example_nested_branch_dag to 2025-08-16 00:00:00+00:00, run_after=2025-08-17 00:00:00+00:00
[2025-08-17T21:43:30.153+0000] {processor.py:208} INFO - Processing /home/airflow/.local/lib/python3.12/site-packages/airflow/example_dags/example_nested_branch_dag.py took 0.076 seconds
[2025-08-17T21:44:00.371+0000] {processor.py:186} INFO - Started process (PID=508) to work on /home/airflow/.local/lib/python3.12/site-packages/airflow/example_dags/example_nested_branch_dag.py
[2025-08-17T21:44:00.372+0000] {processor.py:914} INFO - Processing file /home/airflow/.local/lib/python3.12/site-packages/airflow/example_dags/example_nested_branch_dag.py for tasks to queue
[2025-08-17T21:44:00.374+0000] {logging_mixin.py:190} INFO - [2025-08-17T21:44:00.374+0000] {dagbag.py:588} INFO - Filling up the DagBag from /home/airflow/.local/lib/python3.12/site-packages/airflow/example_dags/example_nested_branch_dag.py
[2025-08-17T21:44:00.385+0000] {processor.py:925} INFO - DAG(s) 'example_nested_branch_dag' retrieved from /home/airflow/.local/lib/python3.12/site-packages/airflow/example_dags/example_nested_branch_dag.py
[2025-08-17T21:44:00.409+0000] {logging_mixin.py:190} INFO - [2025-08-17T21:44:00.409+0000] {dag.py:3239} INFO - Sync 1 DAGs
[2025-08-17T21:44:00.430+0000] {logging_mixin.py:190} INFO - [2025-08-17T21:44:00.430+0000] {dag.py:4180} INFO - Setting next_dagrun for example_nested_branch_dag to 2025-08-16 00:00:00+00:00, run_after=2025-08-17 00:00:00+00:00
[2025-08-17T21:44:00.452+0000] {processor.py:208} INFO - Processing /home/airflow/.local/lib/python3.12/site-packages/airflow/example_dags/example_nested_branch_dag.py took 0.086 seconds
[2025-08-17T21:44:31.153+0000] {processor.py:186} INFO - Started process (PID=571) to work on /home/airflow/.local/lib/python3.12/site-packages/airflow/example_dags/example_nested_branch_dag.py
[2025-08-17T21:44:31.154+0000] {processor.py:914} INFO - Processing file /home/airflow/.local/lib/python3.12/site-packages/airflow/example_dags/example_nested_branch_dag.py for tasks to queue
[2025-08-17T21:44:31.156+0000] {logging_mixin.py:190} INFO - [2025-08-17T21:44:31.155+0000] {dagbag.py:588} INFO - Filling up the DagBag from /home/airflow/.local/lib/python3.12/site-packages/airflow/example_dags/example_nested_branch_dag.py
[2025-08-17T21:44:31.166+0000] {processor.py:925} INFO - DAG(s) 'example_nested_branch_dag' retrieved from /home/airflow/.local/lib/python3.12/site-packages/airflow/example_dags/example_nested_branch_dag.py
[2025-08-17T21:44:31.186+0000] {logging_mixin.py:190} INFO - [2025-08-17T21:44:31.186+0000] {dag.py:3239} INFO - Sync 1 DAGs
[2025-08-17T21:44:31.206+0000] {logging_mixin.py:190} INFO - [2025-08-17T21:44:31.206+0000] {dag.py:4180} INFO - Setting next_dagrun for example_nested_branch_dag to 2025-08-16 00:00:00+00:00, run_after=2025-08-17 00:00:00+00:00
[2025-08-17T21:44:31.223+0000] {processor.py:208} INFO - Processing /home/airflow/.local/lib/python3.12/site-packages/airflow/example_dags/example_nested_branch_dag.py took 0.075 seconds
[2025-08-17T21:45:01.371+0000] {processor.py:186} INFO - Started process (PID=634) to work on /home/airflow/.local/lib/python3.12/site-packages/airflow/example_dags/example_nested_branch_dag.py
[2025-08-17T21:45:01.372+0000] {processor.py:914} INFO - Processing file /home/airflow/.local/lib/python3.12/site-packages/airflow/example_dags/example_nested_branch_dag.py for tasks to queue
[2025-08-17T21:45:01.375+0000] {logging_mixin.py:190} INFO - [2025-08-17T21:45:01.375+0000] {dagbag.py:588} INFO - Filling up the DagBag from /home/airflow/.local/lib/python3.12/site-packages/airflow/example_dags/example_nested_branch_dag.py
[2025-08-17T21:45:01.385+0000] {processor.py:925} INFO - DAG(s) 'example_nested_branch_dag' retrieved from /home/airflow/.local/lib/python3.12/site-packages/airflow/example_dags/example_nested_branch_dag.py
[2025-08-17T21:45:01.404+0000] {logging_mixin.py:190} INFO - [2025-08-17T21:45:01.404+0000] {dag.py:3239} INFO - Sync 1 DAGs
[2025-08-17T21:45:01.424+0000] {logging_mixin.py:190} INFO - [2025-08-17T21:45:01.423+0000] {dag.py:4180} INFO - Setting next_dagrun for example_nested_branch_dag to 2025-08-16 00:00:00+00:00, run_after=2025-08-17 00:00:00+00:00
[2025-08-17T21:45:01.444+0000] {processor.py:208} INFO - Processing /home/airflow/.local/lib/python3.12/site-packages/airflow/example_dags/example_nested_branch_dag.py took 0.077 seconds
[2025-08-17T21:45:31.668+0000] {processor.py:186} INFO - Started process (PID=697) to work on /home/airflow/.local/lib/python3.12/site-packages/airflow/example_dags/example_nested_branch_dag.py
[2025-08-17T21:45:31.669+0000] {processor.py:914} INFO - Processing file /home/airflow/.local/lib/python3.12/site-packages/airflow/example_dags/example_nested_branch_dag.py for tasks to queue
[2025-08-17T21:45:31.671+0000] {logging_mixin.py:190} INFO - [2025-08-17T21:45:31.671+0000] {dagbag.py:588} INFO - Filling up the DagBag from /home/airflow/.local/lib/python3.12/site-packages/airflow/example_dags/example_nested_branch_dag.py
[2025-08-17T21:45:31.682+0000] {processor.py:925} INFO - DAG(s) 'example_nested_branch_dag' retrieved from /home/airflow/.local/lib/python3.12/site-packages/airflow/example_dags/example_nested_branch_dag.py
[2025-08-17T21:45:31.701+0000] {logging_mixin.py:190} INFO - [2025-08-17T21:45:31.701+0000] {dag.py:3239} INFO - Sync 1 DAGs
[2025-08-17T21:45:31.723+0000] {logging_mixin.py:190} INFO - [2025-08-17T21:45:31.722+0000] {dag.py:4180} INFO - Setting next_dagrun for example_nested_branch_dag to 2025-08-16 00:00:00+00:00, run_after=2025-08-17 00:00:00+00:00
[2025-08-17T21:45:31.743+0000] {processor.py:208} INFO - Processing /home/airflow/.local/lib/python3.12/site-packages/airflow/example_dags/example_nested_branch_dag.py took 0.080 seconds
[2025-08-17T21:46:01.985+0000] {processor.py:186} INFO - Started process (PID=760) to work on /home/airflow/.local/lib/python3.12/site-packages/airflow/example_dags/example_nested_branch_dag.py
[2025-08-17T21:46:01.986+0000] {processor.py:914} INFO - Processing file /home/airflow/.local/lib/python3.12/site-packages/airflow/example_dags/example_nested_branch_dag.py for tasks to queue
[2025-08-17T21:46:01.989+0000] {logging_mixin.py:190} INFO - [2025-08-17T21:46:01.989+0000] {dagbag.py:588} INFO - Filling up the DagBag from /home/airflow/.local/lib/python3.12/site-packages/airflow/example_dags/example_nested_branch_dag.py
[2025-08-17T21:46:02.000+0000] {processor.py:925} INFO - DAG(s) 'example_nested_branch_dag' retrieved from /home/airflow/.local/lib/python3.12/site-packages/airflow/example_dags/example_nested_branch_dag.py
[2025-08-17T21:46:02.018+0000] {logging_mixin.py:190} INFO - [2025-08-17T21:46:02.018+0000] {dag.py:3239} INFO - Sync 1 DAGs
[2025-08-17T21:46:02.041+0000] {logging_mixin.py:190} INFO - [2025-08-17T21:46:02.041+0000] {dag.py:4180} INFO - Setting next_dagrun for example_nested_branch_dag to 2025-08-16 00:00:00+00:00, run_after=2025-08-17 00:00:00+00:00
[2025-08-17T21:46:02.063+0000] {processor.py:208} INFO - Processing /home/airflow/.local/lib/python3.12/site-packages/airflow/example_dags/example_nested_branch_dag.py took 0.083 seconds
[2025-08-17T21:46:32.667+0000] {processor.py:186} INFO - Started process (PID=823) to work on /home/airflow/.local/lib/python3.12/site-packages/airflow/example_dags/example_nested_branch_dag.py
[2025-08-17T21:46:32.668+0000] {processor.py:914} INFO - Processing file /home/airflow/.local/lib/python3.12/site-packages/airflow/example_dags/example_nested_branch_dag.py for tasks to queue
[2025-08-17T21:46:32.671+0000] {logging_mixin.py:190} INFO - [2025-08-17T21:46:32.671+0000] {dagbag.py:588} INFO - Filling up the DagBag from /home/airflow/.local/lib/python3.12/site-packages/airflow/example_dags/example_nested_branch_dag.py
[2025-08-17T21:46:32.682+0000] {processor.py:925} INFO - DAG(s) 'example_nested_branch_dag' retrieved from /home/airflow/.local/lib/python3.12/site-packages/airflow/example_dags/example_nested_branch_dag.py
[2025-08-17T21:46:32.701+0000] {logging_mixin.py:190} INFO - [2025-08-17T21:46:32.701+0000] {dag.py:3239} INFO - Sync 1 DAGs
[2025-08-17T21:46:32.720+0000] {logging_mixin.py:190} INFO - [2025-08-17T21:46:32.720+0000] {dag.py:4180} INFO - Setting next_dagrun for example_nested_branch_dag to 2025-08-16 00:00:00+00:00, run_after=2025-08-17 00:00:00+00:00
[2025-08-17T21:46:32.740+0000] {processor.py:208} INFO - Processing /home/airflow/.local/lib/python3.12/site-packages/airflow/example_dags/example_nested_branch_dag.py took 0.078 seconds
[2025-08-17T21:47:02.847+0000] {processor.py:186} INFO - Started process (PID=886) to work on /home/airflow/.local/lib/python3.12/site-packages/airflow/example_dags/example_nested_branch_dag.py
[2025-08-17T21:47:02.848+0000] {processor.py:914} INFO - Processing file /home/airflow/.local/lib/python3.12/site-packages/airflow/example_dags/example_nested_branch_dag.py for tasks to queue
[2025-08-17T21:47:02.851+0000] {logging_mixin.py:190} INFO - [2025-08-17T21:47:02.850+0000] {dagbag.py:588} INFO - Filling up the DagBag from /home/airflow/.local/lib/python3.12/site-packages/airflow/example_dags/example_nested_branch_dag.py
[2025-08-17T21:47:02.861+0000] {processor.py:925} INFO - DAG(s) 'example_nested_branch_dag' retrieved from /home/airflow/.local/lib/python3.12/site-packages/airflow/example_dags/example_nested_branch_dag.py
[2025-08-17T21:47:02.881+0000] {logging_mixin.py:190} INFO - [2025-08-17T21:47:02.880+0000] {dag.py:3239} INFO - Sync 1 DAGs
[2025-08-17T21:47:02.903+0000] {logging_mixin.py:190} INFO - [2025-08-17T21:47:02.902+0000] {dag.py:4180} INFO - Setting next_dagrun for example_nested_branch_dag to 2025-08-16 00:00:00+00:00, run_after=2025-08-17 00:00:00+00:00
[2025-08-17T21:47:02.923+0000] {processor.py:208} INFO - Processing /home/airflow/.local/lib/python3.12/site-packages/airflow/example_dags/example_nested_branch_dag.py took 0.082 seconds
[2025-08-17T21:47:33.183+0000] {processor.py:186} INFO - Started process (PID=949) to work on /home/airflow/.local/lib/python3.12/site-packages/airflow/example_dags/example_nested_branch_dag.py
[2025-08-17T21:47:33.184+0000] {processor.py:914} INFO - Processing file /home/airflow/.local/lib/python3.12/site-packages/airflow/example_dags/example_nested_branch_dag.py for tasks to queue
[2025-08-17T21:47:33.187+0000] {logging_mixin.py:190} INFO - [2025-08-17T21:47:33.187+0000] {dagbag.py:588} INFO - Filling up the DagBag from /home/airflow/.local/lib/python3.12/site-packages/airflow/example_dags/example_nested_branch_dag.py
[2025-08-17T21:47:33.200+0000] {processor.py:925} INFO - DAG(s) 'example_nested_branch_dag' retrieved from /home/airflow/.local/lib/python3.12/site-packages/airflow/example_dags/example_nested_branch_dag.py
[2025-08-17T21:47:33.226+0000] {logging_mixin.py:190} INFO - [2025-08-17T21:47:33.226+0000] {dag.py:3239} INFO - Sync 1 DAGs
[2025-08-17T21:47:33.247+0000] {logging_mixin.py:190} INFO - [2025-08-17T21:47:33.247+0000] {dag.py:4180} INFO - Setting next_dagrun for example_nested_branch_dag to 2025-08-16 00:00:00+00:00, run_after=2025-08-17 00:00:00+00:00
[2025-08-17T21:47:33.262+0000] {processor.py:208} INFO - Processing /home/airflow/.local/lib/python3.12/site-packages/airflow/example_dags/example_nested_branch_dag.py took 0.084 seconds
[2025-08-17T21:48:03.360+0000] {processor.py:186} INFO - Started process (PID=1012) to work on /home/airflow/.local/lib/python3.12/site-packages/airflow/example_dags/example_nested_branch_dag.py
[2025-08-17T21:48:03.361+0000] {processor.py:914} INFO - Processing file /home/airflow/.local/lib/python3.12/site-packages/airflow/example_dags/example_nested_branch_dag.py for tasks to queue
[2025-08-17T21:48:03.364+0000] {logging_mixin.py:190} INFO - [2025-08-17T21:48:03.363+0000] {dagbag.py:588} INFO - Filling up the DagBag from /home/airflow/.local/lib/python3.12/site-packages/airflow/example_dags/example_nested_branch_dag.py
[2025-08-17T21:48:03.375+0000] {processor.py:925} INFO - DAG(s) 'example_nested_branch_dag' retrieved from /home/airflow/.local/lib/python3.12/site-packages/airflow/example_dags/example_nested_branch_dag.py
[2025-08-17T21:48:03.392+0000] {logging_mixin.py:190} INFO - [2025-08-17T21:48:03.392+0000] {dag.py:3239} INFO - Sync 1 DAGs
[2025-08-17T21:48:03.411+0000] {logging_mixin.py:190} INFO - [2025-08-17T21:48:03.411+0000] {dag.py:4180} INFO - Setting next_dagrun for example_nested_branch_dag to 2025-08-16 00:00:00+00:00, run_after=2025-08-17 00:00:00+00:00
[2025-08-17T21:48:03.425+0000] {processor.py:208} INFO - Processing /home/airflow/.local/lib/python3.12/site-packages/airflow/example_dags/example_nested_branch_dag.py took 0.072 seconds
