[2025-08-17T21:40:30.704+0000] {processor.py:186} INFO - Started process (PID=88) to work on /home/airflow/.local/lib/python3.12/site-packages/airflow/example_dags/example_local_kubernetes_executor.py
[2025-08-17T21:40:30.706+0000] {processor.py:914} INFO - Processing file /home/airflow/.local/lib/python3.12/site-packages/airflow/example_dags/example_local_kubernetes_executor.py for tasks to queue
[2025-08-17T21:40:30.708+0000] {logging_mixin.py:190} INFO - [2025-08-17T21:40:30.707+0000] {dagbag.py:588} INFO - Filling up the DagBag from /home/airflow/.local/lib/python3.12/site-packages/airflow/example_dags/example_local_kubernetes_executor.py
[2025-08-17T21:40:30.719+0000] {processor.py:925} INFO - DAG(s) 'example_local_kubernetes_executor' retrieved from /home/airflow/.local/lib/python3.12/site-packages/airflow/example_dags/example_local_kubernetes_executor.py
[2025-08-17T21:40:30.833+0000] {logging_mixin.py:190} INFO - [2025-08-17T21:40:30.832+0000] {override.py:1930} INFO - Created Permission View: can read on DAG:example_local_kubernetes_executor
[2025-08-17T21:40:30.842+0000] {logging_mixin.py:190} INFO - [2025-08-17T21:40:30.841+0000] {override.py:1930} INFO - Created Permission View: can edit on DAG:example_local_kubernetes_executor
[2025-08-17T21:40:30.846+0000] {logging_mixin.py:190} INFO - [2025-08-17T21:40:30.846+0000] {override.py:1930} INFO - Created Permission View: can delete on DAG:example_local_kubernetes_executor
[2025-08-17T21:40:30.852+0000] {logging_mixin.py:190} INFO - [2025-08-17T21:40:30.852+0000] {override.py:1930} INFO - Created Permission View: can read on DAG Run:example_local_kubernetes_executor
[2025-08-17T21:40:30.858+0000] {logging_mixin.py:190} INFO - [2025-08-17T21:40:30.858+0000] {override.py:1930} INFO - Created Permission View: can create on DAG Run:example_local_kubernetes_executor
[2025-08-17T21:40:30.863+0000] {logging_mixin.py:190} INFO - [2025-08-17T21:40:30.863+0000] {override.py:1930} INFO - Created Permission View: can delete on DAG Run:example_local_kubernetes_executor
[2025-08-17T21:40:30.868+0000] {logging_mixin.py:190} INFO - [2025-08-17T21:40:30.868+0000] {override.py:1930} INFO - Created Permission View: menu access on DAG Run:example_local_kubernetes_executor
[2025-08-17T21:40:30.868+0000] {logging_mixin.py:190} INFO - [2025-08-17T21:40:30.868+0000] {dag.py:3239} INFO - Sync 1 DAGs
[2025-08-17T21:40:30.878+0000] {logging_mixin.py:190} INFO - [2025-08-17T21:40:30.878+0000] {dag.py:3262} INFO - Creating ORM DAG for example_local_kubernetes_executor
[2025-08-17T21:40:30.879+0000] {logging_mixin.py:190} INFO - [2025-08-17T21:40:30.879+0000] {dag.py:4180} INFO - Setting next_dagrun for example_local_kubernetes_executor to None, run_after=None
[2025-08-17T21:40:30.892+0000] {processor.py:208} INFO - Processing /home/airflow/.local/lib/python3.12/site-packages/airflow/example_dags/example_local_kubernetes_executor.py took 0.193 seconds
[2025-08-17T21:41:01.163+0000] {processor.py:186} INFO - Started process (PID=151) to work on /home/airflow/.local/lib/python3.12/site-packages/airflow/example_dags/example_local_kubernetes_executor.py
[2025-08-17T21:41:01.164+0000] {processor.py:914} INFO - Processing file /home/airflow/.local/lib/python3.12/site-packages/airflow/example_dags/example_local_kubernetes_executor.py for tasks to queue
[2025-08-17T21:41:01.166+0000] {logging_mixin.py:190} INFO - [2025-08-17T21:41:01.166+0000] {dagbag.py:588} INFO - Filling up the DagBag from /home/airflow/.local/lib/python3.12/site-packages/airflow/example_dags/example_local_kubernetes_executor.py
[2025-08-17T21:41:01.175+0000] {processor.py:925} INFO - DAG(s) 'example_local_kubernetes_executor' retrieved from /home/airflow/.local/lib/python3.12/site-packages/airflow/example_dags/example_local_kubernetes_executor.py
[2025-08-17T21:41:01.195+0000] {logging_mixin.py:190} INFO - [2025-08-17T21:41:01.195+0000] {dag.py:3239} INFO - Sync 1 DAGs
[2025-08-17T21:41:01.206+0000] {logging_mixin.py:190} INFO - [2025-08-17T21:41:01.206+0000] {dag.py:4180} INFO - Setting next_dagrun for example_local_kubernetes_executor to None, run_after=None
[2025-08-17T21:41:01.220+0000] {processor.py:208} INFO - Processing /home/airflow/.local/lib/python3.12/site-packages/airflow/example_dags/example_local_kubernetes_executor.py took 0.063 seconds
[2025-08-17T21:41:31.418+0000] {processor.py:186} INFO - Started process (PID=213) to work on /home/airflow/.local/lib/python3.12/site-packages/airflow/example_dags/example_local_kubernetes_executor.py
[2025-08-17T21:41:31.419+0000] {processor.py:914} INFO - Processing file /home/airflow/.local/lib/python3.12/site-packages/airflow/example_dags/example_local_kubernetes_executor.py for tasks to queue
[2025-08-17T21:41:31.421+0000] {logging_mixin.py:190} INFO - [2025-08-17T21:41:31.421+0000] {dagbag.py:588} INFO - Filling up the DagBag from /home/airflow/.local/lib/python3.12/site-packages/airflow/example_dags/example_local_kubernetes_executor.py
[2025-08-17T21:41:31.431+0000] {processor.py:925} INFO - DAG(s) 'example_local_kubernetes_executor' retrieved from /home/airflow/.local/lib/python3.12/site-packages/airflow/example_dags/example_local_kubernetes_executor.py
[2025-08-17T21:41:31.451+0000] {logging_mixin.py:190} INFO - [2025-08-17T21:41:31.451+0000] {dag.py:3239} INFO - Sync 1 DAGs
[2025-08-17T21:41:31.463+0000] {logging_mixin.py:190} INFO - [2025-08-17T21:41:31.463+0000] {dag.py:4180} INFO - Setting next_dagrun for example_local_kubernetes_executor to None, run_after=None
[2025-08-17T21:41:31.501+0000] {processor.py:208} INFO - Processing /home/airflow/.local/lib/python3.12/site-packages/airflow/example_dags/example_local_kubernetes_executor.py took 0.088 seconds
[2025-08-17T21:42:02.090+0000] {processor.py:186} INFO - Started process (PID=276) to work on /home/airflow/.local/lib/python3.12/site-packages/airflow/example_dags/example_local_kubernetes_executor.py
[2025-08-17T21:42:02.091+0000] {processor.py:914} INFO - Processing file /home/airflow/.local/lib/python3.12/site-packages/airflow/example_dags/example_local_kubernetes_executor.py for tasks to queue
[2025-08-17T21:42:02.094+0000] {logging_mixin.py:190} INFO - [2025-08-17T21:42:02.094+0000] {dagbag.py:588} INFO - Filling up the DagBag from /home/airflow/.local/lib/python3.12/site-packages/airflow/example_dags/example_local_kubernetes_executor.py
[2025-08-17T21:42:02.103+0000] {processor.py:925} INFO - DAG(s) 'example_local_kubernetes_executor' retrieved from /home/airflow/.local/lib/python3.12/site-packages/airflow/example_dags/example_local_kubernetes_executor.py
[2025-08-17T21:42:02.125+0000] {logging_mixin.py:190} INFO - [2025-08-17T21:42:02.124+0000] {dag.py:3239} INFO - Sync 1 DAGs
[2025-08-17T21:42:02.136+0000] {logging_mixin.py:190} INFO - [2025-08-17T21:42:02.136+0000] {dag.py:4180} INFO - Setting next_dagrun for example_local_kubernetes_executor to None, run_after=None
[2025-08-17T21:42:02.152+0000] {processor.py:208} INFO - Processing /home/airflow/.local/lib/python3.12/site-packages/airflow/example_dags/example_local_kubernetes_executor.py took 0.070 seconds
[2025-08-17T21:42:32.576+0000] {processor.py:186} INFO - Started process (PID=339) to work on /home/airflow/.local/lib/python3.12/site-packages/airflow/example_dags/example_local_kubernetes_executor.py
[2025-08-17T21:42:32.577+0000] {processor.py:914} INFO - Processing file /home/airflow/.local/lib/python3.12/site-packages/airflow/example_dags/example_local_kubernetes_executor.py for tasks to queue
[2025-08-17T21:42:32.578+0000] {logging_mixin.py:190} INFO - [2025-08-17T21:42:32.578+0000] {dagbag.py:588} INFO - Filling up the DagBag from /home/airflow/.local/lib/python3.12/site-packages/airflow/example_dags/example_local_kubernetes_executor.py
[2025-08-17T21:42:32.589+0000] {processor.py:925} INFO - DAG(s) 'example_local_kubernetes_executor' retrieved from /home/airflow/.local/lib/python3.12/site-packages/airflow/example_dags/example_local_kubernetes_executor.py
[2025-08-17T21:42:32.610+0000] {logging_mixin.py:190} INFO - [2025-08-17T21:42:32.609+0000] {dag.py:3239} INFO - Sync 1 DAGs
[2025-08-17T21:42:32.624+0000] {logging_mixin.py:190} INFO - [2025-08-17T21:42:32.624+0000] {dag.py:4180} INFO - Setting next_dagrun for example_local_kubernetes_executor to None, run_after=None
[2025-08-17T21:42:32.648+0000] {processor.py:208} INFO - Processing /home/airflow/.local/lib/python3.12/site-packages/airflow/example_dags/example_local_kubernetes_executor.py took 0.079 seconds
[2025-08-17T21:43:03.983+0000] {processor.py:186} INFO - Started process (PID=402) to work on /home/airflow/.local/lib/python3.12/site-packages/airflow/example_dags/example_local_kubernetes_executor.py
[2025-08-17T21:43:03.984+0000] {processor.py:914} INFO - Processing file /home/airflow/.local/lib/python3.12/site-packages/airflow/example_dags/example_local_kubernetes_executor.py for tasks to queue
[2025-08-17T21:43:03.987+0000] {logging_mixin.py:190} INFO - [2025-08-17T21:43:03.986+0000] {dagbag.py:588} INFO - Filling up the DagBag from /home/airflow/.local/lib/python3.12/site-packages/airflow/example_dags/example_local_kubernetes_executor.py
[2025-08-17T21:43:03.996+0000] {processor.py:925} INFO - DAG(s) 'example_local_kubernetes_executor' retrieved from /home/airflow/.local/lib/python3.12/site-packages/airflow/example_dags/example_local_kubernetes_executor.py
[2025-08-17T21:43:04.017+0000] {logging_mixin.py:190} INFO - [2025-08-17T21:43:04.017+0000] {dag.py:3239} INFO - Sync 1 DAGs
[2025-08-17T21:43:04.029+0000] {logging_mixin.py:190} INFO - [2025-08-17T21:43:04.029+0000] {dag.py:4180} INFO - Setting next_dagrun for example_local_kubernetes_executor to None, run_after=None
[2025-08-17T21:43:04.045+0000] {processor.py:208} INFO - Processing /home/airflow/.local/lib/python3.12/site-packages/airflow/example_dags/example_local_kubernetes_executor.py took 0.067 seconds
[2025-08-17T21:43:34.330+0000] {processor.py:186} INFO - Started process (PID=465) to work on /home/airflow/.local/lib/python3.12/site-packages/airflow/example_dags/example_local_kubernetes_executor.py
[2025-08-17T21:43:34.332+0000] {processor.py:914} INFO - Processing file /home/airflow/.local/lib/python3.12/site-packages/airflow/example_dags/example_local_kubernetes_executor.py for tasks to queue
[2025-08-17T21:43:34.334+0000] {logging_mixin.py:190} INFO - [2025-08-17T21:43:34.334+0000] {dagbag.py:588} INFO - Filling up the DagBag from /home/airflow/.local/lib/python3.12/site-packages/airflow/example_dags/example_local_kubernetes_executor.py
[2025-08-17T21:43:34.345+0000] {processor.py:925} INFO - DAG(s) 'example_local_kubernetes_executor' retrieved from /home/airflow/.local/lib/python3.12/site-packages/airflow/example_dags/example_local_kubernetes_executor.py
[2025-08-17T21:43:34.368+0000] {logging_mixin.py:190} INFO - [2025-08-17T21:43:34.367+0000] {dag.py:3239} INFO - Sync 1 DAGs
[2025-08-17T21:43:34.382+0000] {logging_mixin.py:190} INFO - [2025-08-17T21:43:34.381+0000] {dag.py:4180} INFO - Setting next_dagrun for example_local_kubernetes_executor to None, run_after=None
[2025-08-17T21:43:34.406+0000] {processor.py:208} INFO - Processing /home/airflow/.local/lib/python3.12/site-packages/airflow/example_dags/example_local_kubernetes_executor.py took 0.082 seconds
[2025-08-17T21:44:04.481+0000] {processor.py:186} INFO - Started process (PID=527) to work on /home/airflow/.local/lib/python3.12/site-packages/airflow/example_dags/example_local_kubernetes_executor.py
[2025-08-17T21:44:04.482+0000] {processor.py:914} INFO - Processing file /home/airflow/.local/lib/python3.12/site-packages/airflow/example_dags/example_local_kubernetes_executor.py for tasks to queue
[2025-08-17T21:44:04.484+0000] {logging_mixin.py:190} INFO - [2025-08-17T21:44:04.484+0000] {dagbag.py:588} INFO - Filling up the DagBag from /home/airflow/.local/lib/python3.12/site-packages/airflow/example_dags/example_local_kubernetes_executor.py
[2025-08-17T21:44:04.493+0000] {processor.py:925} INFO - DAG(s) 'example_local_kubernetes_executor' retrieved from /home/airflow/.local/lib/python3.12/site-packages/airflow/example_dags/example_local_kubernetes_executor.py
[2025-08-17T21:44:04.512+0000] {logging_mixin.py:190} INFO - [2025-08-17T21:44:04.512+0000] {dag.py:3239} INFO - Sync 1 DAGs
[2025-08-17T21:44:04.525+0000] {logging_mixin.py:190} INFO - [2025-08-17T21:44:04.524+0000] {dag.py:4180} INFO - Setting next_dagrun for example_local_kubernetes_executor to None, run_after=None
[2025-08-17T21:44:04.540+0000] {processor.py:208} INFO - Processing /home/airflow/.local/lib/python3.12/site-packages/airflow/example_dags/example_local_kubernetes_executor.py took 0.064 seconds
[2025-08-17T21:44:35.082+0000] {processor.py:186} INFO - Started process (PID=590) to work on /home/airflow/.local/lib/python3.12/site-packages/airflow/example_dags/example_local_kubernetes_executor.py
[2025-08-17T21:44:35.083+0000] {processor.py:914} INFO - Processing file /home/airflow/.local/lib/python3.12/site-packages/airflow/example_dags/example_local_kubernetes_executor.py for tasks to queue
[2025-08-17T21:44:35.085+0000] {logging_mixin.py:190} INFO - [2025-08-17T21:44:35.084+0000] {dagbag.py:588} INFO - Filling up the DagBag from /home/airflow/.local/lib/python3.12/site-packages/airflow/example_dags/example_local_kubernetes_executor.py
[2025-08-17T21:44:35.094+0000] {processor.py:925} INFO - DAG(s) 'example_local_kubernetes_executor' retrieved from /home/airflow/.local/lib/python3.12/site-packages/airflow/example_dags/example_local_kubernetes_executor.py
[2025-08-17T21:44:35.113+0000] {logging_mixin.py:190} INFO - [2025-08-17T21:44:35.113+0000] {dag.py:3239} INFO - Sync 1 DAGs
[2025-08-17T21:44:35.127+0000] {logging_mixin.py:190} INFO - [2025-08-17T21:44:35.127+0000] {dag.py:4180} INFO - Setting next_dagrun for example_local_kubernetes_executor to None, run_after=None
[2025-08-17T21:44:35.142+0000] {processor.py:208} INFO - Processing /home/airflow/.local/lib/python3.12/site-packages/airflow/example_dags/example_local_kubernetes_executor.py took 0.066 seconds
[2025-08-17T21:45:05.382+0000] {processor.py:186} INFO - Started process (PID=653) to work on /home/airflow/.local/lib/python3.12/site-packages/airflow/example_dags/example_local_kubernetes_executor.py
[2025-08-17T21:45:05.383+0000] {processor.py:914} INFO - Processing file /home/airflow/.local/lib/python3.12/site-packages/airflow/example_dags/example_local_kubernetes_executor.py for tasks to queue
[2025-08-17T21:45:05.385+0000] {logging_mixin.py:190} INFO - [2025-08-17T21:45:05.385+0000] {dagbag.py:588} INFO - Filling up the DagBag from /home/airflow/.local/lib/python3.12/site-packages/airflow/example_dags/example_local_kubernetes_executor.py
[2025-08-17T21:45:05.394+0000] {processor.py:925} INFO - DAG(s) 'example_local_kubernetes_executor' retrieved from /home/airflow/.local/lib/python3.12/site-packages/airflow/example_dags/example_local_kubernetes_executor.py
[2025-08-17T21:45:05.413+0000] {logging_mixin.py:190} INFO - [2025-08-17T21:45:05.413+0000] {dag.py:3239} INFO - Sync 1 DAGs
[2025-08-17T21:45:05.427+0000] {logging_mixin.py:190} INFO - [2025-08-17T21:45:05.426+0000] {dag.py:4180} INFO - Setting next_dagrun for example_local_kubernetes_executor to None, run_after=None
[2025-08-17T21:45:05.442+0000] {processor.py:208} INFO - Processing /home/airflow/.local/lib/python3.12/site-packages/airflow/example_dags/example_local_kubernetes_executor.py took 0.065 seconds
[2025-08-17T21:45:35.599+0000] {processor.py:186} INFO - Started process (PID=716) to work on /home/airflow/.local/lib/python3.12/site-packages/airflow/example_dags/example_local_kubernetes_executor.py
[2025-08-17T21:45:35.600+0000] {processor.py:914} INFO - Processing file /home/airflow/.local/lib/python3.12/site-packages/airflow/example_dags/example_local_kubernetes_executor.py for tasks to queue
[2025-08-17T21:45:35.602+0000] {logging_mixin.py:190} INFO - [2025-08-17T21:45:35.602+0000] {dagbag.py:588} INFO - Filling up the DagBag from /home/airflow/.local/lib/python3.12/site-packages/airflow/example_dags/example_local_kubernetes_executor.py
[2025-08-17T21:45:35.612+0000] {processor.py:925} INFO - DAG(s) 'example_local_kubernetes_executor' retrieved from /home/airflow/.local/lib/python3.12/site-packages/airflow/example_dags/example_local_kubernetes_executor.py
[2025-08-17T21:45:35.632+0000] {logging_mixin.py:190} INFO - [2025-08-17T21:45:35.632+0000] {dag.py:3239} INFO - Sync 1 DAGs
[2025-08-17T21:45:35.646+0000] {logging_mixin.py:190} INFO - [2025-08-17T21:45:35.645+0000] {dag.py:4180} INFO - Setting next_dagrun for example_local_kubernetes_executor to None, run_after=None
[2025-08-17T21:45:35.660+0000] {processor.py:208} INFO - Processing /home/airflow/.local/lib/python3.12/site-packages/airflow/example_dags/example_local_kubernetes_executor.py took 0.066 seconds
[2025-08-17T21:46:06.065+0000] {processor.py:186} INFO - Started process (PID=779) to work on /home/airflow/.local/lib/python3.12/site-packages/airflow/example_dags/example_local_kubernetes_executor.py
[2025-08-17T21:46:06.066+0000] {processor.py:914} INFO - Processing file /home/airflow/.local/lib/python3.12/site-packages/airflow/example_dags/example_local_kubernetes_executor.py for tasks to queue
[2025-08-17T21:46:06.068+0000] {logging_mixin.py:190} INFO - [2025-08-17T21:46:06.067+0000] {dagbag.py:588} INFO - Filling up the DagBag from /home/airflow/.local/lib/python3.12/site-packages/airflow/example_dags/example_local_kubernetes_executor.py
[2025-08-17T21:46:06.077+0000] {processor.py:925} INFO - DAG(s) 'example_local_kubernetes_executor' retrieved from /home/airflow/.local/lib/python3.12/site-packages/airflow/example_dags/example_local_kubernetes_executor.py
[2025-08-17T21:46:06.097+0000] {logging_mixin.py:190} INFO - [2025-08-17T21:46:06.096+0000] {dag.py:3239} INFO - Sync 1 DAGs
[2025-08-17T21:46:06.111+0000] {logging_mixin.py:190} INFO - [2025-08-17T21:46:06.110+0000] {dag.py:4180} INFO - Setting next_dagrun for example_local_kubernetes_executor to None, run_after=None
[2025-08-17T21:46:06.133+0000] {processor.py:208} INFO - Processing /home/airflow/.local/lib/python3.12/site-packages/airflow/example_dags/example_local_kubernetes_executor.py took 0.073 seconds
[2025-08-17T21:46:36.601+0000] {processor.py:186} INFO - Started process (PID=842) to work on /home/airflow/.local/lib/python3.12/site-packages/airflow/example_dags/example_local_kubernetes_executor.py
[2025-08-17T21:46:36.602+0000] {processor.py:914} INFO - Processing file /home/airflow/.local/lib/python3.12/site-packages/airflow/example_dags/example_local_kubernetes_executor.py for tasks to queue
[2025-08-17T21:46:36.604+0000] {logging_mixin.py:190} INFO - [2025-08-17T21:46:36.604+0000] {dagbag.py:588} INFO - Filling up the DagBag from /home/airflow/.local/lib/python3.12/site-packages/airflow/example_dags/example_local_kubernetes_executor.py
[2025-08-17T21:46:36.614+0000] {processor.py:925} INFO - DAG(s) 'example_local_kubernetes_executor' retrieved from /home/airflow/.local/lib/python3.12/site-packages/airflow/example_dags/example_local_kubernetes_executor.py
[2025-08-17T21:46:36.633+0000] {logging_mixin.py:190} INFO - [2025-08-17T21:46:36.633+0000] {dag.py:3239} INFO - Sync 1 DAGs
[2025-08-17T21:46:36.645+0000] {logging_mixin.py:190} INFO - [2025-08-17T21:46:36.645+0000] {dag.py:4180} INFO - Setting next_dagrun for example_local_kubernetes_executor to None, run_after=None
[2025-08-17T21:46:36.660+0000] {processor.py:208} INFO - Processing /home/airflow/.local/lib/python3.12/site-packages/airflow/example_dags/example_local_kubernetes_executor.py took 0.064 seconds
[2025-08-17T21:47:07.024+0000] {processor.py:186} INFO - Started process (PID=905) to work on /home/airflow/.local/lib/python3.12/site-packages/airflow/example_dags/example_local_kubernetes_executor.py
[2025-08-17T21:47:07.025+0000] {processor.py:914} INFO - Processing file /home/airflow/.local/lib/python3.12/site-packages/airflow/example_dags/example_local_kubernetes_executor.py for tasks to queue
[2025-08-17T21:47:07.027+0000] {logging_mixin.py:190} INFO - [2025-08-17T21:47:07.026+0000] {dagbag.py:588} INFO - Filling up the DagBag from /home/airflow/.local/lib/python3.12/site-packages/airflow/example_dags/example_local_kubernetes_executor.py
[2025-08-17T21:47:07.035+0000] {processor.py:925} INFO - DAG(s) 'example_local_kubernetes_executor' retrieved from /home/airflow/.local/lib/python3.12/site-packages/airflow/example_dags/example_local_kubernetes_executor.py
[2025-08-17T21:47:07.055+0000] {logging_mixin.py:190} INFO - [2025-08-17T21:47:07.055+0000] {dag.py:3239} INFO - Sync 1 DAGs
[2025-08-17T21:47:07.067+0000] {logging_mixin.py:190} INFO - [2025-08-17T21:47:07.066+0000] {dag.py:4180} INFO - Setting next_dagrun for example_local_kubernetes_executor to None, run_after=None
[2025-08-17T21:47:07.083+0000] {processor.py:208} INFO - Processing /home/airflow/.local/lib/python3.12/site-packages/airflow/example_dags/example_local_kubernetes_executor.py took 0.066 seconds
[2025-08-17T21:47:37.221+0000] {processor.py:186} INFO - Started process (PID=968) to work on /home/airflow/.local/lib/python3.12/site-packages/airflow/example_dags/example_local_kubernetes_executor.py
[2025-08-17T21:47:37.222+0000] {processor.py:914} INFO - Processing file /home/airflow/.local/lib/python3.12/site-packages/airflow/example_dags/example_local_kubernetes_executor.py for tasks to queue
[2025-08-17T21:47:37.224+0000] {logging_mixin.py:190} INFO - [2025-08-17T21:47:37.224+0000] {dagbag.py:588} INFO - Filling up the DagBag from /home/airflow/.local/lib/python3.12/site-packages/airflow/example_dags/example_local_kubernetes_executor.py
[2025-08-17T21:47:37.234+0000] {processor.py:925} INFO - DAG(s) 'example_local_kubernetes_executor' retrieved from /home/airflow/.local/lib/python3.12/site-packages/airflow/example_dags/example_local_kubernetes_executor.py
[2025-08-17T21:47:37.253+0000] {logging_mixin.py:190} INFO - [2025-08-17T21:47:37.252+0000] {dag.py:3239} INFO - Sync 1 DAGs
[2025-08-17T21:47:37.265+0000] {logging_mixin.py:190} INFO - [2025-08-17T21:47:37.265+0000] {dag.py:4180} INFO - Setting next_dagrun for example_local_kubernetes_executor to None, run_after=None
[2025-08-17T21:47:37.280+0000] {processor.py:208} INFO - Processing /home/airflow/.local/lib/python3.12/site-packages/airflow/example_dags/example_local_kubernetes_executor.py took 0.064 seconds
[2025-08-17T21:48:07.458+0000] {processor.py:186} INFO - Started process (PID=1031) to work on /home/airflow/.local/lib/python3.12/site-packages/airflow/example_dags/example_local_kubernetes_executor.py
[2025-08-17T21:48:07.459+0000] {processor.py:914} INFO - Processing file /home/airflow/.local/lib/python3.12/site-packages/airflow/example_dags/example_local_kubernetes_executor.py for tasks to queue
[2025-08-17T21:48:07.461+0000] {logging_mixin.py:190} INFO - [2025-08-17T21:48:07.461+0000] {dagbag.py:588} INFO - Filling up the DagBag from /home/airflow/.local/lib/python3.12/site-packages/airflow/example_dags/example_local_kubernetes_executor.py
[2025-08-17T21:48:07.470+0000] {processor.py:925} INFO - DAG(s) 'example_local_kubernetes_executor' retrieved from /home/airflow/.local/lib/python3.12/site-packages/airflow/example_dags/example_local_kubernetes_executor.py
[2025-08-17T21:48:07.489+0000] {logging_mixin.py:190} INFO - [2025-08-17T21:48:07.489+0000] {dag.py:3239} INFO - Sync 1 DAGs
[2025-08-17T21:48:07.501+0000] {logging_mixin.py:190} INFO - [2025-08-17T21:48:07.501+0000] {dag.py:4180} INFO - Setting next_dagrun for example_local_kubernetes_executor to None, run_after=None
[2025-08-17T21:48:07.515+0000] {processor.py:208} INFO - Processing /home/airflow/.local/lib/python3.12/site-packages/airflow/example_dags/example_local_kubernetes_executor.py took 0.062 seconds
