[2025-08-17T21:40:28.189+0000] {processor.py:186} INFO - Started process (PID=76) to work on /home/airflow/.local/lib/python3.12/site-packages/airflow/example_dags/example_workday_timetable.py
[2025-08-17T21:40:28.190+0000] {processor.py:914} INFO - Processing file /home/airflow/.local/lib/python3.12/site-packages/airflow/example_dags/example_workday_timetable.py for tasks to queue
[2025-08-17T21:40:28.193+0000] {logging_mixin.py:190} INFO - [2025-08-17T21:40:28.192+0000] {dagbag.py:588} INFO - Filling up the DagBag from /home/airflow/.local/lib/python3.12/site-packages/airflow/example_dags/example_workday_timetable.py
[2025-08-17T21:40:28.201+0000] {processor.py:925} INFO - DAG(s) 'example_workday_timetable' retrieved from /home/airflow/.local/lib/python3.12/site-packages/airflow/example_dags/example_workday_timetable.py
[2025-08-17T21:40:28.318+0000] {logging_mixin.py:190} INFO - [2025-08-17T21:40:28.317+0000] {override.py:1930} INFO - Created Permission View: can read on DAG:example_workday_timetable
[2025-08-17T21:40:28.327+0000] {logging_mixin.py:190} INFO - [2025-08-17T21:40:28.326+0000] {override.py:1930} INFO - Created Permission View: can edit on DAG:example_workday_timetable
[2025-08-17T21:40:28.332+0000] {logging_mixin.py:190} INFO - [2025-08-17T21:40:28.332+0000] {override.py:1930} INFO - Created Permission View: can delete on DAG:example_workday_timetable
[2025-08-17T21:40:28.338+0000] {logging_mixin.py:190} INFO - [2025-08-17T21:40:28.338+0000] {override.py:1930} INFO - Created Permission View: can read on DAG Run:example_workday_timetable
[2025-08-17T21:40:28.344+0000] {logging_mixin.py:190} INFO - [2025-08-17T21:40:28.344+0000] {override.py:1930} INFO - Created Permission View: can create on DAG Run:example_workday_timetable
[2025-08-17T21:40:28.361+0000] {logging_mixin.py:190} INFO - [2025-08-17T21:40:28.360+0000] {override.py:1930} INFO - Created Permission View: can delete on DAG Run:example_workday_timetable
[2025-08-17T21:40:28.366+0000] {logging_mixin.py:190} INFO - [2025-08-17T21:40:28.366+0000] {override.py:1930} INFO - Created Permission View: menu access on DAG Run:example_workday_timetable
[2025-08-17T21:40:28.367+0000] {logging_mixin.py:190} INFO - [2025-08-17T21:40:28.367+0000] {dag.py:3239} INFO - Sync 1 DAGs
[2025-08-17T21:40:28.378+0000] {logging_mixin.py:190} INFO - [2025-08-17T21:40:28.377+0000] {dag.py:3262} INFO - Creating ORM DAG for example_workday_timetable
[2025-08-17T21:40:28.420+0000] {logging_mixin.py:190} INFO - [2025-08-17T21:40:28.419+0000] {dag.py:4180} INFO - Setting next_dagrun for example_workday_timetable to 2021-01-04 00:00:00+00:00, run_after=2021-01-05 00:00:00+00:00
[2025-08-17T21:40:28.437+0000] {processor.py:208} INFO - Processing /home/airflow/.local/lib/python3.12/site-packages/airflow/example_dags/example_workday_timetable.py took 0.253 seconds
[2025-08-17T21:40:59.138+0000] {processor.py:186} INFO - Started process (PID=139) to work on /home/airflow/.local/lib/python3.12/site-packages/airflow/example_dags/example_workday_timetable.py
[2025-08-17T21:40:59.139+0000] {processor.py:914} INFO - Processing file /home/airflow/.local/lib/python3.12/site-packages/airflow/example_dags/example_workday_timetable.py for tasks to queue
[2025-08-17T21:40:59.142+0000] {logging_mixin.py:190} INFO - [2025-08-17T21:40:59.142+0000] {dagbag.py:588} INFO - Filling up the DagBag from /home/airflow/.local/lib/python3.12/site-packages/airflow/example_dags/example_workday_timetable.py
[2025-08-17T21:40:59.147+0000] {processor.py:925} INFO - DAG(s) 'example_workday_timetable' retrieved from /home/airflow/.local/lib/python3.12/site-packages/airflow/example_dags/example_workday_timetable.py
[2025-08-17T21:40:59.168+0000] {logging_mixin.py:190} INFO - [2025-08-17T21:40:59.167+0000] {dag.py:3239} INFO - Sync 1 DAGs
[2025-08-17T21:40:59.217+0000] {logging_mixin.py:190} INFO - [2025-08-17T21:40:59.216+0000] {dag.py:4180} INFO - Setting next_dagrun for example_workday_timetable to 2021-01-04 00:00:00+00:00, run_after=2021-01-05 00:00:00+00:00
[2025-08-17T21:40:59.232+0000] {processor.py:208} INFO - Processing /home/airflow/.local/lib/python3.12/site-packages/airflow/example_dags/example_workday_timetable.py took 0.100 seconds
[2025-08-17T21:41:29.495+0000] {processor.py:186} INFO - Started process (PID=201) to work on /home/airflow/.local/lib/python3.12/site-packages/airflow/example_dags/example_workday_timetable.py
[2025-08-17T21:41:29.496+0000] {processor.py:914} INFO - Processing file /home/airflow/.local/lib/python3.12/site-packages/airflow/example_dags/example_workday_timetable.py for tasks to queue
[2025-08-17T21:41:29.499+0000] {logging_mixin.py:190} INFO - [2025-08-17T21:41:29.498+0000] {dagbag.py:588} INFO - Filling up the DagBag from /home/airflow/.local/lib/python3.12/site-packages/airflow/example_dags/example_workday_timetable.py
[2025-08-17T21:41:29.504+0000] {processor.py:925} INFO - DAG(s) 'example_workday_timetable' retrieved from /home/airflow/.local/lib/python3.12/site-packages/airflow/example_dags/example_workday_timetable.py
[2025-08-17T21:41:29.522+0000] {logging_mixin.py:190} INFO - [2025-08-17T21:41:29.521+0000] {dag.py:3239} INFO - Sync 1 DAGs
[2025-08-17T21:41:29.567+0000] {logging_mixin.py:190} INFO - [2025-08-17T21:41:29.567+0000] {dag.py:4180} INFO - Setting next_dagrun for example_workday_timetable to 2021-01-04 00:00:00+00:00, run_after=2021-01-05 00:00:00+00:00
[2025-08-17T21:41:29.590+0000] {processor.py:208} INFO - Processing /home/airflow/.local/lib/python3.12/site-packages/airflow/example_dags/example_workday_timetable.py took 0.100 seconds
[2025-08-17T21:42:00.111+0000] {processor.py:186} INFO - Started process (PID=264) to work on /home/airflow/.local/lib/python3.12/site-packages/airflow/example_dags/example_workday_timetable.py
[2025-08-17T21:42:00.112+0000] {processor.py:914} INFO - Processing file /home/airflow/.local/lib/python3.12/site-packages/airflow/example_dags/example_workday_timetable.py for tasks to queue
[2025-08-17T21:42:00.115+0000] {logging_mixin.py:190} INFO - [2025-08-17T21:42:00.114+0000] {dagbag.py:588} INFO - Filling up the DagBag from /home/airflow/.local/lib/python3.12/site-packages/airflow/example_dags/example_workday_timetable.py
[2025-08-17T21:42:00.120+0000] {processor.py:925} INFO - DAG(s) 'example_workday_timetable' retrieved from /home/airflow/.local/lib/python3.12/site-packages/airflow/example_dags/example_workday_timetable.py
[2025-08-17T21:42:00.139+0000] {logging_mixin.py:190} INFO - [2025-08-17T21:42:00.138+0000] {dag.py:3239} INFO - Sync 1 DAGs
[2025-08-17T21:42:00.188+0000] {logging_mixin.py:190} INFO - [2025-08-17T21:42:00.188+0000] {dag.py:4180} INFO - Setting next_dagrun for example_workday_timetable to 2021-01-04 00:00:00+00:00, run_after=2021-01-05 00:00:00+00:00
[2025-08-17T21:42:00.203+0000] {processor.py:208} INFO - Processing /home/airflow/.local/lib/python3.12/site-packages/airflow/example_dags/example_workday_timetable.py took 0.097 seconds
[2025-08-17T21:42:30.999+0000] {processor.py:186} INFO - Started process (PID=327) to work on /home/airflow/.local/lib/python3.12/site-packages/airflow/example_dags/example_workday_timetable.py
[2025-08-17T21:42:31.000+0000] {processor.py:914} INFO - Processing file /home/airflow/.local/lib/python3.12/site-packages/airflow/example_dags/example_workday_timetable.py for tasks to queue
[2025-08-17T21:42:31.003+0000] {logging_mixin.py:190} INFO - [2025-08-17T21:42:31.003+0000] {dagbag.py:588} INFO - Filling up the DagBag from /home/airflow/.local/lib/python3.12/site-packages/airflow/example_dags/example_workday_timetable.py
[2025-08-17T21:42:31.009+0000] {processor.py:925} INFO - DAG(s) 'example_workday_timetable' retrieved from /home/airflow/.local/lib/python3.12/site-packages/airflow/example_dags/example_workday_timetable.py
[2025-08-17T21:42:31.028+0000] {logging_mixin.py:190} INFO - [2025-08-17T21:42:31.028+0000] {dag.py:3239} INFO - Sync 1 DAGs
[2025-08-17T21:42:31.082+0000] {logging_mixin.py:190} INFO - [2025-08-17T21:42:31.082+0000] {dag.py:4180} INFO - Setting next_dagrun for example_workday_timetable to 2021-01-04 00:00:00+00:00, run_after=2021-01-05 00:00:00+00:00
[2025-08-17T21:42:31.100+0000] {processor.py:208} INFO - Processing /home/airflow/.local/lib/python3.12/site-packages/airflow/example_dags/example_workday_timetable.py took 0.106 seconds
[2025-08-17T21:43:01.372+0000] {processor.py:186} INFO - Started process (PID=390) to work on /home/airflow/.local/lib/python3.12/site-packages/airflow/example_dags/example_workday_timetable.py
[2025-08-17T21:43:01.374+0000] {processor.py:914} INFO - Processing file /home/airflow/.local/lib/python3.12/site-packages/airflow/example_dags/example_workday_timetable.py for tasks to queue
[2025-08-17T21:43:01.376+0000] {logging_mixin.py:190} INFO - [2025-08-17T21:43:01.376+0000] {dagbag.py:588} INFO - Filling up the DagBag from /home/airflow/.local/lib/python3.12/site-packages/airflow/example_dags/example_workday_timetable.py
[2025-08-17T21:43:01.381+0000] {processor.py:925} INFO - DAG(s) 'example_workday_timetable' retrieved from /home/airflow/.local/lib/python3.12/site-packages/airflow/example_dags/example_workday_timetable.py
[2025-08-17T21:43:01.399+0000] {logging_mixin.py:190} INFO - [2025-08-17T21:43:01.399+0000] {dag.py:3239} INFO - Sync 1 DAGs
[2025-08-17T21:43:01.453+0000] {logging_mixin.py:190} INFO - [2025-08-17T21:43:01.453+0000] {dag.py:4180} INFO - Setting next_dagrun for example_workday_timetable to 2021-01-04 00:00:00+00:00, run_after=2021-01-05 00:00:00+00:00
[2025-08-17T21:43:01.469+0000] {processor.py:208} INFO - Processing /home/airflow/.local/lib/python3.12/site-packages/airflow/example_dags/example_workday_timetable.py took 0.102 seconds
[2025-08-17T21:43:31.511+0000] {processor.py:186} INFO - Started process (PID=453) to work on /home/airflow/.local/lib/python3.12/site-packages/airflow/example_dags/example_workday_timetable.py
[2025-08-17T21:43:31.513+0000] {processor.py:914} INFO - Processing file /home/airflow/.local/lib/python3.12/site-packages/airflow/example_dags/example_workday_timetable.py for tasks to queue
[2025-08-17T21:43:31.516+0000] {logging_mixin.py:190} INFO - [2025-08-17T21:43:31.516+0000] {dagbag.py:588} INFO - Filling up the DagBag from /home/airflow/.local/lib/python3.12/site-packages/airflow/example_dags/example_workday_timetable.py
[2025-08-17T21:43:31.522+0000] {processor.py:925} INFO - DAG(s) 'example_workday_timetable' retrieved from /home/airflow/.local/lib/python3.12/site-packages/airflow/example_dags/example_workday_timetable.py
[2025-08-17T21:43:31.540+0000] {logging_mixin.py:190} INFO - [2025-08-17T21:43:31.540+0000] {dag.py:3239} INFO - Sync 1 DAGs
[2025-08-17T21:43:31.591+0000] {logging_mixin.py:190} INFO - [2025-08-17T21:43:31.591+0000] {dag.py:4180} INFO - Setting next_dagrun for example_workday_timetable to 2021-01-04 00:00:00+00:00, run_after=2021-01-05 00:00:00+00:00
[2025-08-17T21:43:31.606+0000] {processor.py:208} INFO - Processing /home/airflow/.local/lib/python3.12/site-packages/airflow/example_dags/example_workday_timetable.py took 0.100 seconds
[2025-08-17T21:44:01.912+0000] {processor.py:186} INFO - Started process (PID=516) to work on /home/airflow/.local/lib/python3.12/site-packages/airflow/example_dags/example_workday_timetable.py
[2025-08-17T21:44:01.914+0000] {processor.py:914} INFO - Processing file /home/airflow/.local/lib/python3.12/site-packages/airflow/example_dags/example_workday_timetable.py for tasks to queue
[2025-08-17T21:44:01.916+0000] {logging_mixin.py:190} INFO - [2025-08-17T21:44:01.916+0000] {dagbag.py:588} INFO - Filling up the DagBag from /home/airflow/.local/lib/python3.12/site-packages/airflow/example_dags/example_workday_timetable.py
[2025-08-17T21:44:01.922+0000] {processor.py:925} INFO - DAG(s) 'example_workday_timetable' retrieved from /home/airflow/.local/lib/python3.12/site-packages/airflow/example_dags/example_workday_timetable.py
[2025-08-17T21:44:01.940+0000] {logging_mixin.py:190} INFO - [2025-08-17T21:44:01.940+0000] {dag.py:3239} INFO - Sync 1 DAGs
[2025-08-17T21:44:01.992+0000] {logging_mixin.py:190} INFO - [2025-08-17T21:44:01.992+0000] {dag.py:4180} INFO - Setting next_dagrun for example_workday_timetable to 2021-01-04 00:00:00+00:00, run_after=2021-01-05 00:00:00+00:00
[2025-08-17T21:44:02.011+0000] {processor.py:208} INFO - Processing /home/airflow/.local/lib/python3.12/site-packages/airflow/example_dags/example_workday_timetable.py took 0.104 seconds
[2025-08-17T21:44:32.508+0000] {processor.py:186} INFO - Started process (PID=579) to work on /home/airflow/.local/lib/python3.12/site-packages/airflow/example_dags/example_workday_timetable.py
[2025-08-17T21:44:32.509+0000] {processor.py:914} INFO - Processing file /home/airflow/.local/lib/python3.12/site-packages/airflow/example_dags/example_workday_timetable.py for tasks to queue
[2025-08-17T21:44:32.512+0000] {logging_mixin.py:190} INFO - [2025-08-17T21:44:32.512+0000] {dagbag.py:588} INFO - Filling up the DagBag from /home/airflow/.local/lib/python3.12/site-packages/airflow/example_dags/example_workday_timetable.py
[2025-08-17T21:44:32.519+0000] {processor.py:925} INFO - DAG(s) 'example_workday_timetable' retrieved from /home/airflow/.local/lib/python3.12/site-packages/airflow/example_dags/example_workday_timetable.py
[2025-08-17T21:44:32.536+0000] {logging_mixin.py:190} INFO - [2025-08-17T21:44:32.536+0000] {dag.py:3239} INFO - Sync 1 DAGs
[2025-08-17T21:44:32.584+0000] {logging_mixin.py:190} INFO - [2025-08-17T21:44:32.583+0000] {dag.py:4180} INFO - Setting next_dagrun for example_workday_timetable to 2021-01-04 00:00:00+00:00, run_after=2021-01-05 00:00:00+00:00
[2025-08-17T21:44:32.598+0000] {processor.py:208} INFO - Processing /home/airflow/.local/lib/python3.12/site-packages/airflow/example_dags/example_workday_timetable.py took 0.095 seconds
[2025-08-17T21:45:02.829+0000] {processor.py:186} INFO - Started process (PID=642) to work on /home/airflow/.local/lib/python3.12/site-packages/airflow/example_dags/example_workday_timetable.py
[2025-08-17T21:45:02.830+0000] {processor.py:914} INFO - Processing file /home/airflow/.local/lib/python3.12/site-packages/airflow/example_dags/example_workday_timetable.py for tasks to queue
[2025-08-17T21:45:02.832+0000] {logging_mixin.py:190} INFO - [2025-08-17T21:45:02.832+0000] {dagbag.py:588} INFO - Filling up the DagBag from /home/airflow/.local/lib/python3.12/site-packages/airflow/example_dags/example_workday_timetable.py
[2025-08-17T21:45:02.837+0000] {processor.py:925} INFO - DAG(s) 'example_workday_timetable' retrieved from /home/airflow/.local/lib/python3.12/site-packages/airflow/example_dags/example_workday_timetable.py
[2025-08-17T21:45:02.855+0000] {logging_mixin.py:190} INFO - [2025-08-17T21:45:02.855+0000] {dag.py:3239} INFO - Sync 1 DAGs
[2025-08-17T21:45:02.903+0000] {logging_mixin.py:190} INFO - [2025-08-17T21:45:02.903+0000] {dag.py:4180} INFO - Setting next_dagrun for example_workday_timetable to 2021-01-04 00:00:00+00:00, run_after=2021-01-05 00:00:00+00:00
[2025-08-17T21:45:02.918+0000] {processor.py:208} INFO - Processing /home/airflow/.local/lib/python3.12/site-packages/airflow/example_dags/example_workday_timetable.py took 0.095 seconds
[2025-08-17T21:45:33.024+0000] {processor.py:186} INFO - Started process (PID=705) to work on /home/airflow/.local/lib/python3.12/site-packages/airflow/example_dags/example_workday_timetable.py
[2025-08-17T21:45:33.025+0000] {processor.py:914} INFO - Processing file /home/airflow/.local/lib/python3.12/site-packages/airflow/example_dags/example_workday_timetable.py for tasks to queue
[2025-08-17T21:45:33.028+0000] {logging_mixin.py:190} INFO - [2025-08-17T21:45:33.028+0000] {dagbag.py:588} INFO - Filling up the DagBag from /home/airflow/.local/lib/python3.12/site-packages/airflow/example_dags/example_workday_timetable.py
[2025-08-17T21:45:33.035+0000] {processor.py:925} INFO - DAG(s) 'example_workday_timetable' retrieved from /home/airflow/.local/lib/python3.12/site-packages/airflow/example_dags/example_workday_timetable.py
[2025-08-17T21:45:33.054+0000] {logging_mixin.py:190} INFO - [2025-08-17T21:45:33.054+0000] {dag.py:3239} INFO - Sync 1 DAGs
[2025-08-17T21:45:33.106+0000] {logging_mixin.py:190} INFO - [2025-08-17T21:45:33.105+0000] {dag.py:4180} INFO - Setting next_dagrun for example_workday_timetable to 2021-01-04 00:00:00+00:00, run_after=2021-01-05 00:00:00+00:00
[2025-08-17T21:45:33.121+0000] {processor.py:208} INFO - Processing /home/airflow/.local/lib/python3.12/site-packages/airflow/example_dags/example_workday_timetable.py took 0.102 seconds
[2025-08-17T21:46:03.468+0000] {processor.py:186} INFO - Started process (PID=768) to work on /home/airflow/.local/lib/python3.12/site-packages/airflow/example_dags/example_workday_timetable.py
[2025-08-17T21:46:03.469+0000] {processor.py:914} INFO - Processing file /home/airflow/.local/lib/python3.12/site-packages/airflow/example_dags/example_workday_timetable.py for tasks to queue
[2025-08-17T21:46:03.472+0000] {logging_mixin.py:190} INFO - [2025-08-17T21:46:03.471+0000] {dagbag.py:588} INFO - Filling up the DagBag from /home/airflow/.local/lib/python3.12/site-packages/airflow/example_dags/example_workday_timetable.py
[2025-08-17T21:46:03.477+0000] {processor.py:925} INFO - DAG(s) 'example_workday_timetable' retrieved from /home/airflow/.local/lib/python3.12/site-packages/airflow/example_dags/example_workday_timetable.py
[2025-08-17T21:46:03.495+0000] {logging_mixin.py:190} INFO - [2025-08-17T21:46:03.494+0000] {dag.py:3239} INFO - Sync 1 DAGs
[2025-08-17T21:46:03.547+0000] {logging_mixin.py:190} INFO - [2025-08-17T21:46:03.546+0000] {dag.py:4180} INFO - Setting next_dagrun for example_workday_timetable to 2021-01-04 00:00:00+00:00, run_after=2021-01-05 00:00:00+00:00
[2025-08-17T21:46:03.563+0000] {processor.py:208} INFO - Processing /home/airflow/.local/lib/python3.12/site-packages/airflow/example_dags/example_workday_timetable.py took 0.100 seconds
[2025-08-17T21:46:34.000+0000] {processor.py:186} INFO - Started process (PID=831) to work on /home/airflow/.local/lib/python3.12/site-packages/airflow/example_dags/example_workday_timetable.py
[2025-08-17T21:46:34.001+0000] {processor.py:914} INFO - Processing file /home/airflow/.local/lib/python3.12/site-packages/airflow/example_dags/example_workday_timetable.py for tasks to queue
[2025-08-17T21:46:34.004+0000] {logging_mixin.py:190} INFO - [2025-08-17T21:46:34.003+0000] {dagbag.py:588} INFO - Filling up the DagBag from /home/airflow/.local/lib/python3.12/site-packages/airflow/example_dags/example_workday_timetable.py
[2025-08-17T21:46:34.009+0000] {processor.py:925} INFO - DAG(s) 'example_workday_timetable' retrieved from /home/airflow/.local/lib/python3.12/site-packages/airflow/example_dags/example_workday_timetable.py
[2025-08-17T21:46:34.027+0000] {logging_mixin.py:190} INFO - [2025-08-17T21:46:34.027+0000] {dag.py:3239} INFO - Sync 1 DAGs
[2025-08-17T21:46:34.075+0000] {logging_mixin.py:190} INFO - [2025-08-17T21:46:34.075+0000] {dag.py:4180} INFO - Setting next_dagrun for example_workday_timetable to 2021-01-04 00:00:00+00:00, run_after=2021-01-05 00:00:00+00:00
[2025-08-17T21:46:34.090+0000] {processor.py:208} INFO - Processing /home/airflow/.local/lib/python3.12/site-packages/airflow/example_dags/example_workday_timetable.py took 0.094 seconds
[2025-08-17T21:47:04.298+0000] {processor.py:186} INFO - Started process (PID=894) to work on /home/airflow/.local/lib/python3.12/site-packages/airflow/example_dags/example_workday_timetable.py
[2025-08-17T21:47:04.299+0000] {processor.py:914} INFO - Processing file /home/airflow/.local/lib/python3.12/site-packages/airflow/example_dags/example_workday_timetable.py for tasks to queue
[2025-08-17T21:47:04.302+0000] {logging_mixin.py:190} INFO - [2025-08-17T21:47:04.302+0000] {dagbag.py:588} INFO - Filling up the DagBag from /home/airflow/.local/lib/python3.12/site-packages/airflow/example_dags/example_workday_timetable.py
[2025-08-17T21:47:04.308+0000] {processor.py:925} INFO - DAG(s) 'example_workday_timetable' retrieved from /home/airflow/.local/lib/python3.12/site-packages/airflow/example_dags/example_workday_timetable.py
[2025-08-17T21:47:04.327+0000] {logging_mixin.py:190} INFO - [2025-08-17T21:47:04.327+0000] {dag.py:3239} INFO - Sync 1 DAGs
[2025-08-17T21:47:04.378+0000] {logging_mixin.py:190} INFO - [2025-08-17T21:47:04.377+0000] {dag.py:4180} INFO - Setting next_dagrun for example_workday_timetable to 2021-01-04 00:00:00+00:00, run_after=2021-01-05 00:00:00+00:00
[2025-08-17T21:47:04.397+0000] {processor.py:208} INFO - Processing /home/airflow/.local/lib/python3.12/site-packages/airflow/example_dags/example_workday_timetable.py took 0.104 seconds
[2025-08-17T21:47:34.636+0000] {processor.py:186} INFO - Started process (PID=957) to work on /home/airflow/.local/lib/python3.12/site-packages/airflow/example_dags/example_workday_timetable.py
[2025-08-17T21:47:34.637+0000] {processor.py:914} INFO - Processing file /home/airflow/.local/lib/python3.12/site-packages/airflow/example_dags/example_workday_timetable.py for tasks to queue
[2025-08-17T21:47:34.640+0000] {logging_mixin.py:190} INFO - [2025-08-17T21:47:34.639+0000] {dagbag.py:588} INFO - Filling up the DagBag from /home/airflow/.local/lib/python3.12/site-packages/airflow/example_dags/example_workday_timetable.py
[2025-08-17T21:47:34.647+0000] {processor.py:925} INFO - DAG(s) 'example_workday_timetable' retrieved from /home/airflow/.local/lib/python3.12/site-packages/airflow/example_dags/example_workday_timetable.py
[2025-08-17T21:47:34.668+0000] {logging_mixin.py:190} INFO - [2025-08-17T21:47:34.668+0000] {dag.py:3239} INFO - Sync 1 DAGs
[2025-08-17T21:47:34.720+0000] {logging_mixin.py:190} INFO - [2025-08-17T21:47:34.719+0000] {dag.py:4180} INFO - Setting next_dagrun for example_workday_timetable to 2021-01-04 00:00:00+00:00, run_after=2021-01-05 00:00:00+00:00
[2025-08-17T21:47:34.735+0000] {processor.py:208} INFO - Processing /home/airflow/.local/lib/python3.12/site-packages/airflow/example_dags/example_workday_timetable.py took 0.104 seconds
[2025-08-17T21:48:04.817+0000] {processor.py:186} INFO - Started process (PID=1020) to work on /home/airflow/.local/lib/python3.12/site-packages/airflow/example_dags/example_workday_timetable.py
[2025-08-17T21:48:04.818+0000] {processor.py:914} INFO - Processing file /home/airflow/.local/lib/python3.12/site-packages/airflow/example_dags/example_workday_timetable.py for tasks to queue
[2025-08-17T21:48:04.822+0000] {logging_mixin.py:190} INFO - [2025-08-17T21:48:04.821+0000] {dagbag.py:588} INFO - Filling up the DagBag from /home/airflow/.local/lib/python3.12/site-packages/airflow/example_dags/example_workday_timetable.py
[2025-08-17T21:48:04.828+0000] {processor.py:925} INFO - DAG(s) 'example_workday_timetable' retrieved from /home/airflow/.local/lib/python3.12/site-packages/airflow/example_dags/example_workday_timetable.py
[2025-08-17T21:48:04.849+0000] {logging_mixin.py:190} INFO - [2025-08-17T21:48:04.849+0000] {dag.py:3239} INFO - Sync 1 DAGs
[2025-08-17T21:48:04.906+0000] {logging_mixin.py:190} INFO - [2025-08-17T21:48:04.906+0000] {dag.py:4180} INFO - Setting next_dagrun for example_workday_timetable to 2021-01-04 00:00:00+00:00, run_after=2021-01-05 00:00:00+00:00
[2025-08-17T21:48:04.922+0000] {processor.py:208} INFO - Processing /home/airflow/.local/lib/python3.12/site-packages/airflow/example_dags/example_workday_timetable.py took 0.112 seconds
