[2025-08-17T21:40:34.850+0000] {processor.py:186} INFO - Started process (PID=114) to work on /home/airflow/.local/lib/python3.12/site-packages/airflow/example_dags/example_skip_dag.py
[2025-08-17T21:40:34.850+0000] {processor.py:914} INFO - Processing file /home/airflow/.local/lib/python3.12/site-packages/airflow/example_dags/example_skip_dag.py for tasks to queue
[2025-08-17T21:40:34.854+0000] {logging_mixin.py:190} INFO - [2025-08-17T21:40:34.854+0000] {dagbag.py:588} INFO - Filling up the DagBag from /home/airflow/.local/lib/python3.12/site-packages/airflow/example_dags/example_skip_dag.py
[2025-08-17T21:40:34.863+0000] {processor.py:925} INFO - DAG(s) 'example_skip_dag' retrieved from /home/airflow/.local/lib/python3.12/site-packages/airflow/example_dags/example_skip_dag.py
[2025-08-17T21:40:34.951+0000] {logging_mixin.py:190} INFO - [2025-08-17T21:40:34.950+0000] {override.py:1930} INFO - Created Permission View: can read on DAG:example_skip_dag
[2025-08-17T21:40:34.959+0000] {logging_mixin.py:190} INFO - [2025-08-17T21:40:34.958+0000] {override.py:1930} INFO - Created Permission View: can edit on DAG:example_skip_dag
[2025-08-17T21:40:34.964+0000] {logging_mixin.py:190} INFO - [2025-08-17T21:40:34.964+0000] {override.py:1930} INFO - Created Permission View: can delete on DAG:example_skip_dag
[2025-08-17T21:40:34.971+0000] {logging_mixin.py:190} INFO - [2025-08-17T21:40:34.971+0000] {override.py:1930} INFO - Created Permission View: can read on DAG Run:example_skip_dag
[2025-08-17T21:40:34.976+0000] {logging_mixin.py:190} INFO - [2025-08-17T21:40:34.976+0000] {override.py:1930} INFO - Created Permission View: can create on DAG Run:example_skip_dag
[2025-08-17T21:40:34.981+0000] {logging_mixin.py:190} INFO - [2025-08-17T21:40:34.981+0000] {override.py:1930} INFO - Created Permission View: can delete on DAG Run:example_skip_dag
[2025-08-17T21:40:34.986+0000] {logging_mixin.py:190} INFO - [2025-08-17T21:40:34.986+0000] {override.py:1930} INFO - Created Permission View: menu access on DAG Run:example_skip_dag
[2025-08-17T21:40:34.986+0000] {logging_mixin.py:190} INFO - [2025-08-17T21:40:34.986+0000] {dag.py:3239} INFO - Sync 1 DAGs
[2025-08-17T21:40:34.996+0000] {logging_mixin.py:190} INFO - [2025-08-17T21:40:34.996+0000] {dag.py:3262} INFO - Creating ORM DAG for example_skip_dag
[2025-08-17T21:40:35.004+0000] {logging_mixin.py:190} INFO - [2025-08-17T21:40:35.003+0000] {dag.py:4180} INFO - Setting next_dagrun for example_skip_dag to 2025-08-16 00:00:00+00:00, run_after=2025-08-17 00:00:00+00:00
[2025-08-17T21:40:35.016+0000] {processor.py:208} INFO - Processing /home/airflow/.local/lib/python3.12/site-packages/airflow/example_dags/example_skip_dag.py took 0.172 seconds
[2025-08-17T21:41:05.202+0000] {processor.py:186} INFO - Started process (PID=177) to work on /home/airflow/.local/lib/python3.12/site-packages/airflow/example_dags/example_skip_dag.py
[2025-08-17T21:41:05.203+0000] {processor.py:914} INFO - Processing file /home/airflow/.local/lib/python3.12/site-packages/airflow/example_dags/example_skip_dag.py for tasks to queue
[2025-08-17T21:41:05.205+0000] {logging_mixin.py:190} INFO - [2025-08-17T21:41:05.205+0000] {dagbag.py:588} INFO - Filling up the DagBag from /home/airflow/.local/lib/python3.12/site-packages/airflow/example_dags/example_skip_dag.py
[2025-08-17T21:41:05.213+0000] {processor.py:925} INFO - DAG(s) 'example_skip_dag' retrieved from /home/airflow/.local/lib/python3.12/site-packages/airflow/example_dags/example_skip_dag.py
[2025-08-17T21:41:05.233+0000] {logging_mixin.py:190} INFO - [2025-08-17T21:41:05.232+0000] {dag.py:3239} INFO - Sync 1 DAGs
[2025-08-17T21:41:05.252+0000] {logging_mixin.py:190} INFO - [2025-08-17T21:41:05.252+0000] {dag.py:4180} INFO - Setting next_dagrun for example_skip_dag to 2025-08-16 00:00:00+00:00, run_after=2025-08-17 00:00:00+00:00
[2025-08-17T21:41:05.266+0000] {processor.py:208} INFO - Processing /home/airflow/.local/lib/python3.12/site-packages/airflow/example_dags/example_skip_dag.py took 0.070 seconds
[2025-08-17T21:41:35.579+0000] {processor.py:186} INFO - Started process (PID=239) to work on /home/airflow/.local/lib/python3.12/site-packages/airflow/example_dags/example_skip_dag.py
[2025-08-17T21:41:35.580+0000] {processor.py:914} INFO - Processing file /home/airflow/.local/lib/python3.12/site-packages/airflow/example_dags/example_skip_dag.py for tasks to queue
[2025-08-17T21:41:35.582+0000] {logging_mixin.py:190} INFO - [2025-08-17T21:41:35.582+0000] {dagbag.py:588} INFO - Filling up the DagBag from /home/airflow/.local/lib/python3.12/site-packages/airflow/example_dags/example_skip_dag.py
[2025-08-17T21:41:35.589+0000] {processor.py:925} INFO - DAG(s) 'example_skip_dag' retrieved from /home/airflow/.local/lib/python3.12/site-packages/airflow/example_dags/example_skip_dag.py
[2025-08-17T21:41:35.608+0000] {logging_mixin.py:190} INFO - [2025-08-17T21:41:35.607+0000] {dag.py:3239} INFO - Sync 1 DAGs
[2025-08-17T21:41:35.626+0000] {logging_mixin.py:190} INFO - [2025-08-17T21:41:35.626+0000] {dag.py:4180} INFO - Setting next_dagrun for example_skip_dag to 2025-08-16 00:00:00+00:00, run_after=2025-08-17 00:00:00+00:00
[2025-08-17T21:41:35.639+0000] {processor.py:208} INFO - Processing /home/airflow/.local/lib/python3.12/site-packages/airflow/example_dags/example_skip_dag.py took 0.065 seconds
[2025-08-17T21:42:05.745+0000] {processor.py:186} INFO - Started process (PID=301) to work on /home/airflow/.local/lib/python3.12/site-packages/airflow/example_dags/example_skip_dag.py
[2025-08-17T21:42:05.747+0000] {processor.py:914} INFO - Processing file /home/airflow/.local/lib/python3.12/site-packages/airflow/example_dags/example_skip_dag.py for tasks to queue
[2025-08-17T21:42:05.749+0000] {logging_mixin.py:190} INFO - [2025-08-17T21:42:05.748+0000] {dagbag.py:588} INFO - Filling up the DagBag from /home/airflow/.local/lib/python3.12/site-packages/airflow/example_dags/example_skip_dag.py
[2025-08-17T21:42:05.756+0000] {processor.py:925} INFO - DAG(s) 'example_skip_dag' retrieved from /home/airflow/.local/lib/python3.12/site-packages/airflow/example_dags/example_skip_dag.py
[2025-08-17T21:42:05.778+0000] {logging_mixin.py:190} INFO - [2025-08-17T21:42:05.778+0000] {dag.py:3239} INFO - Sync 1 DAGs
[2025-08-17T21:42:05.802+0000] {logging_mixin.py:190} INFO - [2025-08-17T21:42:05.801+0000] {dag.py:4180} INFO - Setting next_dagrun for example_skip_dag to 2025-08-16 00:00:00+00:00, run_after=2025-08-17 00:00:00+00:00
[2025-08-17T21:42:05.820+0000] {processor.py:208} INFO - Processing /home/airflow/.local/lib/python3.12/site-packages/airflow/example_dags/example_skip_dag.py took 0.081 seconds
[2025-08-17T21:42:36.012+0000] {processor.py:186} INFO - Started process (PID=363) to work on /home/airflow/.local/lib/python3.12/site-packages/airflow/example_dags/example_skip_dag.py
[2025-08-17T21:42:36.013+0000] {processor.py:914} INFO - Processing file /home/airflow/.local/lib/python3.12/site-packages/airflow/example_dags/example_skip_dag.py for tasks to queue
[2025-08-17T21:42:36.015+0000] {logging_mixin.py:190} INFO - [2025-08-17T21:42:36.014+0000] {dagbag.py:588} INFO - Filling up the DagBag from /home/airflow/.local/lib/python3.12/site-packages/airflow/example_dags/example_skip_dag.py
[2025-08-17T21:42:36.022+0000] {processor.py:925} INFO - DAG(s) 'example_skip_dag' retrieved from /home/airflow/.local/lib/python3.12/site-packages/airflow/example_dags/example_skip_dag.py
[2025-08-17T21:42:36.043+0000] {logging_mixin.py:190} INFO - [2025-08-17T21:42:36.043+0000] {dag.py:3239} INFO - Sync 1 DAGs
[2025-08-17T21:42:36.063+0000] {logging_mixin.py:190} INFO - [2025-08-17T21:42:36.063+0000] {dag.py:4180} INFO - Setting next_dagrun for example_skip_dag to 2025-08-16 00:00:00+00:00, run_after=2025-08-17 00:00:00+00:00
[2025-08-17T21:42:36.085+0000] {processor.py:208} INFO - Processing /home/airflow/.local/lib/python3.12/site-packages/airflow/example_dags/example_skip_dag.py took 0.079 seconds
[2025-08-17T21:43:06.232+0000] {processor.py:186} INFO - Started process (PID=426) to work on /home/airflow/.local/lib/python3.12/site-packages/airflow/example_dags/example_skip_dag.py
[2025-08-17T21:43:06.233+0000] {processor.py:914} INFO - Processing file /home/airflow/.local/lib/python3.12/site-packages/airflow/example_dags/example_skip_dag.py for tasks to queue
[2025-08-17T21:43:06.235+0000] {logging_mixin.py:190} INFO - [2025-08-17T21:43:06.235+0000] {dagbag.py:588} INFO - Filling up the DagBag from /home/airflow/.local/lib/python3.12/site-packages/airflow/example_dags/example_skip_dag.py
[2025-08-17T21:43:06.244+0000] {processor.py:925} INFO - DAG(s) 'example_skip_dag' retrieved from /home/airflow/.local/lib/python3.12/site-packages/airflow/example_dags/example_skip_dag.py
[2025-08-17T21:43:06.264+0000] {logging_mixin.py:190} INFO - [2025-08-17T21:43:06.264+0000] {dag.py:3239} INFO - Sync 1 DAGs
[2025-08-17T21:43:06.283+0000] {logging_mixin.py:190} INFO - [2025-08-17T21:43:06.283+0000] {dag.py:4180} INFO - Setting next_dagrun for example_skip_dag to 2025-08-16 00:00:00+00:00, run_after=2025-08-17 00:00:00+00:00
[2025-08-17T21:43:06.299+0000] {processor.py:208} INFO - Processing /home/airflow/.local/lib/python3.12/site-packages/airflow/example_dags/example_skip_dag.py took 0.073 seconds
[2025-08-17T21:43:37.350+0000] {processor.py:186} INFO - Started process (PID=489) to work on /home/airflow/.local/lib/python3.12/site-packages/airflow/example_dags/example_skip_dag.py
[2025-08-17T21:43:37.351+0000] {processor.py:914} INFO - Processing file /home/airflow/.local/lib/python3.12/site-packages/airflow/example_dags/example_skip_dag.py for tasks to queue
[2025-08-17T21:43:37.353+0000] {logging_mixin.py:190} INFO - [2025-08-17T21:43:37.353+0000] {dagbag.py:588} INFO - Filling up the DagBag from /home/airflow/.local/lib/python3.12/site-packages/airflow/example_dags/example_skip_dag.py
[2025-08-17T21:43:37.361+0000] {processor.py:925} INFO - DAG(s) 'example_skip_dag' retrieved from /home/airflow/.local/lib/python3.12/site-packages/airflow/example_dags/example_skip_dag.py
[2025-08-17T21:43:37.381+0000] {logging_mixin.py:190} INFO - [2025-08-17T21:43:37.381+0000] {dag.py:3239} INFO - Sync 1 DAGs
[2025-08-17T21:43:37.401+0000] {logging_mixin.py:190} INFO - [2025-08-17T21:43:37.400+0000] {dag.py:4180} INFO - Setting next_dagrun for example_skip_dag to 2025-08-16 00:00:00+00:00, run_after=2025-08-17 00:00:00+00:00
[2025-08-17T21:43:37.419+0000] {processor.py:208} INFO - Processing /home/airflow/.local/lib/python3.12/site-packages/airflow/example_dags/example_skip_dag.py took 0.074 seconds
[2025-08-17T21:44:08.164+0000] {processor.py:186} INFO - Started process (PID=552) to work on /home/airflow/.local/lib/python3.12/site-packages/airflow/example_dags/example_skip_dag.py
[2025-08-17T21:44:08.165+0000] {processor.py:914} INFO - Processing file /home/airflow/.local/lib/python3.12/site-packages/airflow/example_dags/example_skip_dag.py for tasks to queue
[2025-08-17T21:44:08.168+0000] {logging_mixin.py:190} INFO - [2025-08-17T21:44:08.167+0000] {dagbag.py:588} INFO - Filling up the DagBag from /home/airflow/.local/lib/python3.12/site-packages/airflow/example_dags/example_skip_dag.py
[2025-08-17T21:44:08.176+0000] {processor.py:925} INFO - DAG(s) 'example_skip_dag' retrieved from /home/airflow/.local/lib/python3.12/site-packages/airflow/example_dags/example_skip_dag.py
[2025-08-17T21:44:08.196+0000] {logging_mixin.py:190} INFO - [2025-08-17T21:44:08.196+0000] {dag.py:3239} INFO - Sync 1 DAGs
[2025-08-17T21:44:08.216+0000] {logging_mixin.py:190} INFO - [2025-08-17T21:44:08.215+0000] {dag.py:4180} INFO - Setting next_dagrun for example_skip_dag to 2025-08-16 00:00:00+00:00, run_after=2025-08-17 00:00:00+00:00
[2025-08-17T21:44:08.233+0000] {processor.py:208} INFO - Processing /home/airflow/.local/lib/python3.12/site-packages/airflow/example_dags/example_skip_dag.py took 0.075 seconds
[2025-08-17T21:44:38.689+0000] {processor.py:186} INFO - Started process (PID=615) to work on /home/airflow/.local/lib/python3.12/site-packages/airflow/example_dags/example_skip_dag.py
[2025-08-17T21:44:38.690+0000] {processor.py:914} INFO - Processing file /home/airflow/.local/lib/python3.12/site-packages/airflow/example_dags/example_skip_dag.py for tasks to queue
[2025-08-17T21:44:38.691+0000] {logging_mixin.py:190} INFO - [2025-08-17T21:44:38.691+0000] {dagbag.py:588} INFO - Filling up the DagBag from /home/airflow/.local/lib/python3.12/site-packages/airflow/example_dags/example_skip_dag.py
[2025-08-17T21:44:38.698+0000] {processor.py:925} INFO - DAG(s) 'example_skip_dag' retrieved from /home/airflow/.local/lib/python3.12/site-packages/airflow/example_dags/example_skip_dag.py
[2025-08-17T21:44:38.717+0000] {logging_mixin.py:190} INFO - [2025-08-17T21:44:38.717+0000] {dag.py:3239} INFO - Sync 1 DAGs
[2025-08-17T21:44:38.735+0000] {logging_mixin.py:190} INFO - [2025-08-17T21:44:38.734+0000] {dag.py:4180} INFO - Setting next_dagrun for example_skip_dag to 2025-08-16 00:00:00+00:00, run_after=2025-08-17 00:00:00+00:00
[2025-08-17T21:44:38.755+0000] {processor.py:208} INFO - Processing /home/airflow/.local/lib/python3.12/site-packages/airflow/example_dags/example_skip_dag.py took 0.072 seconds
[2025-08-17T21:45:09.324+0000] {processor.py:186} INFO - Started process (PID=678) to work on /home/airflow/.local/lib/python3.12/site-packages/airflow/example_dags/example_skip_dag.py
[2025-08-17T21:45:09.325+0000] {processor.py:914} INFO - Processing file /home/airflow/.local/lib/python3.12/site-packages/airflow/example_dags/example_skip_dag.py for tasks to queue
[2025-08-17T21:45:09.327+0000] {logging_mixin.py:190} INFO - [2025-08-17T21:45:09.327+0000] {dagbag.py:588} INFO - Filling up the DagBag from /home/airflow/.local/lib/python3.12/site-packages/airflow/example_dags/example_skip_dag.py
[2025-08-17T21:45:09.337+0000] {processor.py:925} INFO - DAG(s) 'example_skip_dag' retrieved from /home/airflow/.local/lib/python3.12/site-packages/airflow/example_dags/example_skip_dag.py
[2025-08-17T21:45:09.359+0000] {logging_mixin.py:190} INFO - [2025-08-17T21:45:09.359+0000] {dag.py:3239} INFO - Sync 1 DAGs
[2025-08-17T21:45:09.380+0000] {logging_mixin.py:190} INFO - [2025-08-17T21:45:09.380+0000] {dag.py:4180} INFO - Setting next_dagrun for example_skip_dag to 2025-08-16 00:00:00+00:00, run_after=2025-08-17 00:00:00+00:00
[2025-08-17T21:45:09.395+0000] {processor.py:208} INFO - Processing /home/airflow/.local/lib/python3.12/site-packages/airflow/example_dags/example_skip_dag.py took 0.076 seconds
[2025-08-17T21:45:39.459+0000] {processor.py:186} INFO - Started process (PID=740) to work on /home/airflow/.local/lib/python3.12/site-packages/airflow/example_dags/example_skip_dag.py
[2025-08-17T21:45:39.460+0000] {processor.py:914} INFO - Processing file /home/airflow/.local/lib/python3.12/site-packages/airflow/example_dags/example_skip_dag.py for tasks to queue
[2025-08-17T21:45:39.462+0000] {logging_mixin.py:190} INFO - [2025-08-17T21:45:39.461+0000] {dagbag.py:588} INFO - Filling up the DagBag from /home/airflow/.local/lib/python3.12/site-packages/airflow/example_dags/example_skip_dag.py
[2025-08-17T21:45:39.470+0000] {processor.py:925} INFO - DAG(s) 'example_skip_dag' retrieved from /home/airflow/.local/lib/python3.12/site-packages/airflow/example_dags/example_skip_dag.py
[2025-08-17T21:45:39.488+0000] {logging_mixin.py:190} INFO - [2025-08-17T21:45:39.487+0000] {dag.py:3239} INFO - Sync 1 DAGs
[2025-08-17T21:45:39.505+0000] {logging_mixin.py:190} INFO - [2025-08-17T21:45:39.505+0000] {dag.py:4180} INFO - Setting next_dagrun for example_skip_dag to 2025-08-16 00:00:00+00:00, run_after=2025-08-17 00:00:00+00:00
[2025-08-17T21:45:39.519+0000] {processor.py:208} INFO - Processing /home/airflow/.local/lib/python3.12/site-packages/airflow/example_dags/example_skip_dag.py took 0.065 seconds
[2025-08-17T21:46:10.102+0000] {processor.py:186} INFO - Started process (PID=803) to work on /home/airflow/.local/lib/python3.12/site-packages/airflow/example_dags/example_skip_dag.py
[2025-08-17T21:46:10.103+0000] {processor.py:914} INFO - Processing file /home/airflow/.local/lib/python3.12/site-packages/airflow/example_dags/example_skip_dag.py for tasks to queue
[2025-08-17T21:46:10.105+0000] {logging_mixin.py:190} INFO - [2025-08-17T21:46:10.104+0000] {dagbag.py:588} INFO - Filling up the DagBag from /home/airflow/.local/lib/python3.12/site-packages/airflow/example_dags/example_skip_dag.py
[2025-08-17T21:46:10.111+0000] {processor.py:925} INFO - DAG(s) 'example_skip_dag' retrieved from /home/airflow/.local/lib/python3.12/site-packages/airflow/example_dags/example_skip_dag.py
[2025-08-17T21:46:10.130+0000] {logging_mixin.py:190} INFO - [2025-08-17T21:46:10.129+0000] {dag.py:3239} INFO - Sync 1 DAGs
[2025-08-17T21:46:10.148+0000] {logging_mixin.py:190} INFO - [2025-08-17T21:46:10.148+0000] {dag.py:4180} INFO - Setting next_dagrun for example_skip_dag to 2025-08-16 00:00:00+00:00, run_after=2025-08-17 00:00:00+00:00
[2025-08-17T21:46:10.166+0000] {processor.py:208} INFO - Processing /home/airflow/.local/lib/python3.12/site-packages/airflow/example_dags/example_skip_dag.py took 0.070 seconds
[2025-08-17T21:46:40.893+0000] {processor.py:186} INFO - Started process (PID=866) to work on /home/airflow/.local/lib/python3.12/site-packages/airflow/example_dags/example_skip_dag.py
[2025-08-17T21:46:40.894+0000] {processor.py:914} INFO - Processing file /home/airflow/.local/lib/python3.12/site-packages/airflow/example_dags/example_skip_dag.py for tasks to queue
[2025-08-17T21:46:40.897+0000] {logging_mixin.py:190} INFO - [2025-08-17T21:46:40.896+0000] {dagbag.py:588} INFO - Filling up the DagBag from /home/airflow/.local/lib/python3.12/site-packages/airflow/example_dags/example_skip_dag.py
[2025-08-17T21:46:40.904+0000] {processor.py:925} INFO - DAG(s) 'example_skip_dag' retrieved from /home/airflow/.local/lib/python3.12/site-packages/airflow/example_dags/example_skip_dag.py
[2025-08-17T21:46:40.925+0000] {logging_mixin.py:190} INFO - [2025-08-17T21:46:40.924+0000] {dag.py:3239} INFO - Sync 1 DAGs
[2025-08-17T21:46:40.945+0000] {logging_mixin.py:190} INFO - [2025-08-17T21:46:40.944+0000] {dag.py:4180} INFO - Setting next_dagrun for example_skip_dag to 2025-08-16 00:00:00+00:00, run_after=2025-08-17 00:00:00+00:00
[2025-08-17T21:46:40.960+0000] {processor.py:208} INFO - Processing /home/airflow/.local/lib/python3.12/site-packages/airflow/example_dags/example_skip_dag.py took 0.073 seconds
[2025-08-17T21:47:11.663+0000] {processor.py:186} INFO - Started process (PID=929) to work on /home/airflow/.local/lib/python3.12/site-packages/airflow/example_dags/example_skip_dag.py
[2025-08-17T21:47:11.664+0000] {processor.py:914} INFO - Processing file /home/airflow/.local/lib/python3.12/site-packages/airflow/example_dags/example_skip_dag.py for tasks to queue
[2025-08-17T21:47:11.666+0000] {logging_mixin.py:190} INFO - [2025-08-17T21:47:11.666+0000] {dagbag.py:588} INFO - Filling up the DagBag from /home/airflow/.local/lib/python3.12/site-packages/airflow/example_dags/example_skip_dag.py
[2025-08-17T21:47:11.674+0000] {processor.py:925} INFO - DAG(s) 'example_skip_dag' retrieved from /home/airflow/.local/lib/python3.12/site-packages/airflow/example_dags/example_skip_dag.py
[2025-08-17T21:47:11.694+0000] {logging_mixin.py:190} INFO - [2025-08-17T21:47:11.694+0000] {dag.py:3239} INFO - Sync 1 DAGs
[2025-08-17T21:47:11.715+0000] {logging_mixin.py:190} INFO - [2025-08-17T21:47:11.715+0000] {dag.py:4180} INFO - Setting next_dagrun for example_skip_dag to 2025-08-16 00:00:00+00:00, run_after=2025-08-17 00:00:00+00:00
[2025-08-17T21:47:11.736+0000] {processor.py:208} INFO - Processing /home/airflow/.local/lib/python3.12/site-packages/airflow/example_dags/example_skip_dag.py took 0.080 seconds
[2025-08-17T21:47:41.982+0000] {processor.py:186} INFO - Started process (PID=992) to work on /home/airflow/.local/lib/python3.12/site-packages/airflow/example_dags/example_skip_dag.py
[2025-08-17T21:47:41.984+0000] {processor.py:914} INFO - Processing file /home/airflow/.local/lib/python3.12/site-packages/airflow/example_dags/example_skip_dag.py for tasks to queue
[2025-08-17T21:47:41.986+0000] {logging_mixin.py:190} INFO - [2025-08-17T21:47:41.985+0000] {dagbag.py:588} INFO - Filling up the DagBag from /home/airflow/.local/lib/python3.12/site-packages/airflow/example_dags/example_skip_dag.py
[2025-08-17T21:47:41.993+0000] {processor.py:925} INFO - DAG(s) 'example_skip_dag' retrieved from /home/airflow/.local/lib/python3.12/site-packages/airflow/example_dags/example_skip_dag.py
[2025-08-17T21:47:42.013+0000] {logging_mixin.py:190} INFO - [2025-08-17T21:47:42.012+0000] {dag.py:3239} INFO - Sync 1 DAGs
[2025-08-17T21:47:42.033+0000] {logging_mixin.py:190} INFO - [2025-08-17T21:47:42.032+0000] {dag.py:4180} INFO - Setting next_dagrun for example_skip_dag to 2025-08-16 00:00:00+00:00, run_after=2025-08-17 00:00:00+00:00
[2025-08-17T21:47:42.047+0000] {processor.py:208} INFO - Processing /home/airflow/.local/lib/python3.12/site-packages/airflow/example_dags/example_skip_dag.py took 0.069 seconds
