[2025-08-17T21:40:32.968+0000] {processor.py:186} INFO - Started process (PID=104) to work on /home/airflow/.local/lib/python3.12/site-packages/airflow/example_dags/example_setup_teardown.py
[2025-08-17T21:40:32.969+0000] {processor.py:914} INFO - Processing file /home/airflow/.local/lib/python3.12/site-packages/airflow/example_dags/example_setup_teardown.py for tasks to queue
[2025-08-17T21:40:32.971+0000] {logging_mixin.py:190} INFO - [2025-08-17T21:40:32.971+0000] {dagbag.py:588} INFO - Filling up the DagBag from /home/airflow/.local/lib/python3.12/site-packages/airflow/example_dags/example_setup_teardown.py
[2025-08-17T21:40:32.981+0000] {processor.py:925} INFO - DAG(s) 'example_setup_teardown' retrieved from /home/airflow/.local/lib/python3.12/site-packages/airflow/example_dags/example_setup_teardown.py
[2025-08-17T21:40:33.073+0000] {logging_mixin.py:190} INFO - [2025-08-17T21:40:33.072+0000] {override.py:1930} INFO - Created Permission View: can read on DAG:example_setup_teardown
[2025-08-17T21:40:33.081+0000] {logging_mixin.py:190} INFO - [2025-08-17T21:40:33.081+0000] {override.py:1930} INFO - Created Permission View: can edit on DAG:example_setup_teardown
[2025-08-17T21:40:33.086+0000] {logging_mixin.py:190} INFO - [2025-08-17T21:40:33.086+0000] {override.py:1930} INFO - Created Permission View: can delete on DAG:example_setup_teardown
[2025-08-17T21:40:33.092+0000] {logging_mixin.py:190} INFO - [2025-08-17T21:40:33.092+0000] {override.py:1930} INFO - Created Permission View: can read on DAG Run:example_setup_teardown
[2025-08-17T21:40:33.098+0000] {logging_mixin.py:190} INFO - [2025-08-17T21:40:33.098+0000] {override.py:1930} INFO - Created Permission View: can create on DAG Run:example_setup_teardown
[2025-08-17T21:40:33.103+0000] {logging_mixin.py:190} INFO - [2025-08-17T21:40:33.103+0000] {override.py:1930} INFO - Created Permission View: can delete on DAG Run:example_setup_teardown
[2025-08-17T21:40:33.108+0000] {logging_mixin.py:190} INFO - [2025-08-17T21:40:33.108+0000] {override.py:1930} INFO - Created Permission View: menu access on DAG Run:example_setup_teardown
[2025-08-17T21:40:33.109+0000] {logging_mixin.py:190} INFO - [2025-08-17T21:40:33.109+0000] {dag.py:3239} INFO - Sync 1 DAGs
[2025-08-17T21:40:33.119+0000] {logging_mixin.py:190} INFO - [2025-08-17T21:40:33.119+0000] {dag.py:3262} INFO - Creating ORM DAG for example_setup_teardown
[2025-08-17T21:40:33.120+0000] {logging_mixin.py:190} INFO - [2025-08-17T21:40:33.119+0000] {dag.py:4180} INFO - Setting next_dagrun for example_setup_teardown to None, run_after=None
[2025-08-17T21:40:33.135+0000] {processor.py:208} INFO - Processing /home/airflow/.local/lib/python3.12/site-packages/airflow/example_dags/example_setup_teardown.py took 0.172 seconds
[2025-08-17T21:41:04.062+0000] {processor.py:186} INFO - Started process (PID=167) to work on /home/airflow/.local/lib/python3.12/site-packages/airflow/example_dags/example_setup_teardown.py
[2025-08-17T21:41:04.063+0000] {processor.py:914} INFO - Processing file /home/airflow/.local/lib/python3.12/site-packages/airflow/example_dags/example_setup_teardown.py for tasks to queue
[2025-08-17T21:41:04.066+0000] {logging_mixin.py:190} INFO - [2025-08-17T21:41:04.065+0000] {dagbag.py:588} INFO - Filling up the DagBag from /home/airflow/.local/lib/python3.12/site-packages/airflow/example_dags/example_setup_teardown.py
[2025-08-17T21:41:04.073+0000] {processor.py:925} INFO - DAG(s) 'example_setup_teardown' retrieved from /home/airflow/.local/lib/python3.12/site-packages/airflow/example_dags/example_setup_teardown.py
[2025-08-17T21:41:04.091+0000] {logging_mixin.py:190} INFO - [2025-08-17T21:41:04.091+0000] {dag.py:3239} INFO - Sync 1 DAGs
[2025-08-17T21:41:04.103+0000] {logging_mixin.py:190} INFO - [2025-08-17T21:41:04.103+0000] {dag.py:4180} INFO - Setting next_dagrun for example_setup_teardown to None, run_after=None
[2025-08-17T21:41:04.117+0000] {processor.py:208} INFO - Processing /home/airflow/.local/lib/python3.12/site-packages/airflow/example_dags/example_setup_teardown.py took 0.059 seconds
[2025-08-17T21:41:34.573+0000] {processor.py:186} INFO - Started process (PID=229) to work on /home/airflow/.local/lib/python3.12/site-packages/airflow/example_dags/example_setup_teardown.py
[2025-08-17T21:41:34.574+0000] {processor.py:914} INFO - Processing file /home/airflow/.local/lib/python3.12/site-packages/airflow/example_dags/example_setup_teardown.py for tasks to queue
[2025-08-17T21:41:34.576+0000] {logging_mixin.py:190} INFO - [2025-08-17T21:41:34.576+0000] {dagbag.py:588} INFO - Filling up the DagBag from /home/airflow/.local/lib/python3.12/site-packages/airflow/example_dags/example_setup_teardown.py
[2025-08-17T21:41:34.583+0000] {processor.py:925} INFO - DAG(s) 'example_setup_teardown' retrieved from /home/airflow/.local/lib/python3.12/site-packages/airflow/example_dags/example_setup_teardown.py
[2025-08-17T21:41:34.604+0000] {logging_mixin.py:190} INFO - [2025-08-17T21:41:34.603+0000] {dag.py:3239} INFO - Sync 1 DAGs
[2025-08-17T21:41:34.615+0000] {logging_mixin.py:190} INFO - [2025-08-17T21:41:34.615+0000] {dag.py:4180} INFO - Setting next_dagrun for example_setup_teardown to None, run_after=None
[2025-08-17T21:41:34.637+0000] {processor.py:208} INFO - Processing /home/airflow/.local/lib/python3.12/site-packages/airflow/example_dags/example_setup_teardown.py took 0.069 seconds
[2025-08-17T21:42:05.159+0000] {processor.py:186} INFO - Started process (PID=292) to work on /home/airflow/.local/lib/python3.12/site-packages/airflow/example_dags/example_setup_teardown.py
[2025-08-17T21:42:05.160+0000] {processor.py:914} INFO - Processing file /home/airflow/.local/lib/python3.12/site-packages/airflow/example_dags/example_setup_teardown.py for tasks to queue
[2025-08-17T21:42:05.163+0000] {logging_mixin.py:190} INFO - [2025-08-17T21:42:05.163+0000] {dagbag.py:588} INFO - Filling up the DagBag from /home/airflow/.local/lib/python3.12/site-packages/airflow/example_dags/example_setup_teardown.py
[2025-08-17T21:42:05.170+0000] {processor.py:925} INFO - DAG(s) 'example_setup_teardown' retrieved from /home/airflow/.local/lib/python3.12/site-packages/airflow/example_dags/example_setup_teardown.py
[2025-08-17T21:42:05.189+0000] {logging_mixin.py:190} INFO - [2025-08-17T21:42:05.189+0000] {dag.py:3239} INFO - Sync 1 DAGs
[2025-08-17T21:42:05.202+0000] {logging_mixin.py:190} INFO - [2025-08-17T21:42:05.201+0000] {dag.py:4180} INFO - Setting next_dagrun for example_setup_teardown to None, run_after=None
[2025-08-17T21:42:05.218+0000] {processor.py:208} INFO - Processing /home/airflow/.local/lib/python3.12/site-packages/airflow/example_dags/example_setup_teardown.py took 0.065 seconds
[2025-08-17T21:42:35.301+0000] {processor.py:186} INFO - Started process (PID=355) to work on /home/airflow/.local/lib/python3.12/site-packages/airflow/example_dags/example_setup_teardown.py
[2025-08-17T21:42:35.302+0000] {processor.py:914} INFO - Processing file /home/airflow/.local/lib/python3.12/site-packages/airflow/example_dags/example_setup_teardown.py for tasks to queue
[2025-08-17T21:42:35.305+0000] {logging_mixin.py:190} INFO - [2025-08-17T21:42:35.304+0000] {dagbag.py:588} INFO - Filling up the DagBag from /home/airflow/.local/lib/python3.12/site-packages/airflow/example_dags/example_setup_teardown.py
[2025-08-17T21:42:35.313+0000] {processor.py:925} INFO - DAG(s) 'example_setup_teardown' retrieved from /home/airflow/.local/lib/python3.12/site-packages/airflow/example_dags/example_setup_teardown.py
[2025-08-17T21:42:35.334+0000] {logging_mixin.py:190} INFO - [2025-08-17T21:42:35.334+0000] {dag.py:3239} INFO - Sync 1 DAGs
[2025-08-17T21:42:35.348+0000] {logging_mixin.py:190} INFO - [2025-08-17T21:42:35.348+0000] {dag.py:4180} INFO - Setting next_dagrun for example_setup_teardown to None, run_after=None
[2025-08-17T21:42:35.370+0000] {processor.py:208} INFO - Processing /home/airflow/.local/lib/python3.12/site-packages/airflow/example_dags/example_setup_teardown.py took 0.075 seconds
[2025-08-17T21:43:05.702+0000] {processor.py:186} INFO - Started process (PID=418) to work on /home/airflow/.local/lib/python3.12/site-packages/airflow/example_dags/example_setup_teardown.py
[2025-08-17T21:43:05.703+0000] {processor.py:914} INFO - Processing file /home/airflow/.local/lib/python3.12/site-packages/airflow/example_dags/example_setup_teardown.py for tasks to queue
[2025-08-17T21:43:05.707+0000] {logging_mixin.py:190} INFO - [2025-08-17T21:43:05.706+0000] {dagbag.py:588} INFO - Filling up the DagBag from /home/airflow/.local/lib/python3.12/site-packages/airflow/example_dags/example_setup_teardown.py
[2025-08-17T21:43:05.716+0000] {processor.py:925} INFO - DAG(s) 'example_setup_teardown' retrieved from /home/airflow/.local/lib/python3.12/site-packages/airflow/example_dags/example_setup_teardown.py
[2025-08-17T21:43:05.737+0000] {logging_mixin.py:190} INFO - [2025-08-17T21:43:05.736+0000] {dag.py:3239} INFO - Sync 1 DAGs
[2025-08-17T21:43:05.750+0000] {logging_mixin.py:190} INFO - [2025-08-17T21:43:05.750+0000] {dag.py:4180} INFO - Setting next_dagrun for example_setup_teardown to None, run_after=None
[2025-08-17T21:43:05.766+0000] {processor.py:208} INFO - Processing /home/airflow/.local/lib/python3.12/site-packages/airflow/example_dags/example_setup_teardown.py took 0.071 seconds
[2025-08-17T21:43:36.767+0000] {processor.py:186} INFO - Started process (PID=481) to work on /home/airflow/.local/lib/python3.12/site-packages/airflow/example_dags/example_setup_teardown.py
[2025-08-17T21:43:36.768+0000] {processor.py:914} INFO - Processing file /home/airflow/.local/lib/python3.12/site-packages/airflow/example_dags/example_setup_teardown.py for tasks to queue
[2025-08-17T21:43:36.773+0000] {logging_mixin.py:190} INFO - [2025-08-17T21:43:36.773+0000] {dagbag.py:588} INFO - Filling up the DagBag from /home/airflow/.local/lib/python3.12/site-packages/airflow/example_dags/example_setup_teardown.py
[2025-08-17T21:43:36.782+0000] {processor.py:925} INFO - DAG(s) 'example_setup_teardown' retrieved from /home/airflow/.local/lib/python3.12/site-packages/airflow/example_dags/example_setup_teardown.py
[2025-08-17T21:43:36.801+0000] {logging_mixin.py:190} INFO - [2025-08-17T21:43:36.801+0000] {dag.py:3239} INFO - Sync 1 DAGs
[2025-08-17T21:43:36.814+0000] {logging_mixin.py:190} INFO - [2025-08-17T21:43:36.813+0000] {dag.py:4180} INFO - Setting next_dagrun for example_setup_teardown to None, run_after=None
[2025-08-17T21:43:36.835+0000] {processor.py:208} INFO - Processing /home/airflow/.local/lib/python3.12/site-packages/airflow/example_dags/example_setup_teardown.py took 0.074 seconds
[2025-08-17T21:44:07.269+0000] {processor.py:186} INFO - Started process (PID=544) to work on /home/airflow/.local/lib/python3.12/site-packages/airflow/example_dags/example_setup_teardown.py
[2025-08-17T21:44:07.270+0000] {processor.py:914} INFO - Processing file /home/airflow/.local/lib/python3.12/site-packages/airflow/example_dags/example_setup_teardown.py for tasks to queue
[2025-08-17T21:44:07.273+0000] {logging_mixin.py:190} INFO - [2025-08-17T21:44:07.272+0000] {dagbag.py:588} INFO - Filling up the DagBag from /home/airflow/.local/lib/python3.12/site-packages/airflow/example_dags/example_setup_teardown.py
[2025-08-17T21:44:07.281+0000] {processor.py:925} INFO - DAG(s) 'example_setup_teardown' retrieved from /home/airflow/.local/lib/python3.12/site-packages/airflow/example_dags/example_setup_teardown.py
[2025-08-17T21:44:07.301+0000] {logging_mixin.py:190} INFO - [2025-08-17T21:44:07.301+0000] {dag.py:3239} INFO - Sync 1 DAGs
[2025-08-17T21:44:07.315+0000] {logging_mixin.py:190} INFO - [2025-08-17T21:44:07.314+0000] {dag.py:4180} INFO - Setting next_dagrun for example_setup_teardown to None, run_after=None
[2025-08-17T21:44:07.344+0000] {processor.py:208} INFO - Processing /home/airflow/.local/lib/python3.12/site-packages/airflow/example_dags/example_setup_teardown.py took 0.081 seconds
[2025-08-17T21:44:37.401+0000] {processor.py:186} INFO - Started process (PID=606) to work on /home/airflow/.local/lib/python3.12/site-packages/airflow/example_dags/example_setup_teardown.py
[2025-08-17T21:44:37.402+0000] {processor.py:914} INFO - Processing file /home/airflow/.local/lib/python3.12/site-packages/airflow/example_dags/example_setup_teardown.py for tasks to queue
[2025-08-17T21:44:37.405+0000] {logging_mixin.py:190} INFO - [2025-08-17T21:44:37.405+0000] {dagbag.py:588} INFO - Filling up the DagBag from /home/airflow/.local/lib/python3.12/site-packages/airflow/example_dags/example_setup_teardown.py
[2025-08-17T21:44:37.413+0000] {processor.py:925} INFO - DAG(s) 'example_setup_teardown' retrieved from /home/airflow/.local/lib/python3.12/site-packages/airflow/example_dags/example_setup_teardown.py
[2025-08-17T21:44:37.432+0000] {logging_mixin.py:190} INFO - [2025-08-17T21:44:37.431+0000] {dag.py:3239} INFO - Sync 1 DAGs
[2025-08-17T21:44:37.444+0000] {logging_mixin.py:190} INFO - [2025-08-17T21:44:37.444+0000] {dag.py:4180} INFO - Setting next_dagrun for example_setup_teardown to None, run_after=None
[2025-08-17T21:44:37.460+0000] {processor.py:208} INFO - Processing /home/airflow/.local/lib/python3.12/site-packages/airflow/example_dags/example_setup_teardown.py took 0.065 seconds
[2025-08-17T21:45:07.661+0000] {processor.py:186} INFO - Started process (PID=669) to work on /home/airflow/.local/lib/python3.12/site-packages/airflow/example_dags/example_setup_teardown.py
[2025-08-17T21:45:07.662+0000] {processor.py:914} INFO - Processing file /home/airflow/.local/lib/python3.12/site-packages/airflow/example_dags/example_setup_teardown.py for tasks to queue
[2025-08-17T21:45:07.665+0000] {logging_mixin.py:190} INFO - [2025-08-17T21:45:07.664+0000] {dagbag.py:588} INFO - Filling up the DagBag from /home/airflow/.local/lib/python3.12/site-packages/airflow/example_dags/example_setup_teardown.py
[2025-08-17T21:45:07.672+0000] {processor.py:925} INFO - DAG(s) 'example_setup_teardown' retrieved from /home/airflow/.local/lib/python3.12/site-packages/airflow/example_dags/example_setup_teardown.py
[2025-08-17T21:45:07.689+0000] {logging_mixin.py:190} INFO - [2025-08-17T21:45:07.689+0000] {dag.py:3239} INFO - Sync 1 DAGs
[2025-08-17T21:45:07.701+0000] {logging_mixin.py:190} INFO - [2025-08-17T21:45:07.701+0000] {dag.py:4180} INFO - Setting next_dagrun for example_setup_teardown to None, run_after=None
[2025-08-17T21:45:07.720+0000] {processor.py:208} INFO - Processing /home/airflow/.local/lib/python3.12/site-packages/airflow/example_dags/example_setup_teardown.py took 0.064 seconds
[2025-08-17T21:45:37.891+0000] {processor.py:186} INFO - Started process (PID=732) to work on /home/airflow/.local/lib/python3.12/site-packages/airflow/example_dags/example_setup_teardown.py
[2025-08-17T21:45:37.893+0000] {processor.py:914} INFO - Processing file /home/airflow/.local/lib/python3.12/site-packages/airflow/example_dags/example_setup_teardown.py for tasks to queue
[2025-08-17T21:45:37.896+0000] {logging_mixin.py:190} INFO - [2025-08-17T21:45:37.896+0000] {dagbag.py:588} INFO - Filling up the DagBag from /home/airflow/.local/lib/python3.12/site-packages/airflow/example_dags/example_setup_teardown.py
[2025-08-17T21:45:37.906+0000] {processor.py:925} INFO - DAG(s) 'example_setup_teardown' retrieved from /home/airflow/.local/lib/python3.12/site-packages/airflow/example_dags/example_setup_teardown.py
[2025-08-17T21:45:37.927+0000] {logging_mixin.py:190} INFO - [2025-08-17T21:45:37.926+0000] {dag.py:3239} INFO - Sync 1 DAGs
[2025-08-17T21:45:37.940+0000] {logging_mixin.py:190} INFO - [2025-08-17T21:45:37.940+0000] {dag.py:4180} INFO - Setting next_dagrun for example_setup_teardown to None, run_after=None
[2025-08-17T21:45:37.961+0000] {processor.py:208} INFO - Processing /home/airflow/.local/lib/python3.12/site-packages/airflow/example_dags/example_setup_teardown.py took 0.076 seconds
[2025-08-17T21:46:09.540+0000] {processor.py:186} INFO - Started process (PID=795) to work on /home/airflow/.local/lib/python3.12/site-packages/airflow/example_dags/example_setup_teardown.py
[2025-08-17T21:46:09.541+0000] {processor.py:914} INFO - Processing file /home/airflow/.local/lib/python3.12/site-packages/airflow/example_dags/example_setup_teardown.py for tasks to queue
[2025-08-17T21:46:09.543+0000] {logging_mixin.py:190} INFO - [2025-08-17T21:46:09.543+0000] {dagbag.py:588} INFO - Filling up the DagBag from /home/airflow/.local/lib/python3.12/site-packages/airflow/example_dags/example_setup_teardown.py
[2025-08-17T21:46:09.551+0000] {processor.py:925} INFO - DAG(s) 'example_setup_teardown' retrieved from /home/airflow/.local/lib/python3.12/site-packages/airflow/example_dags/example_setup_teardown.py
[2025-08-17T21:46:09.571+0000] {logging_mixin.py:190} INFO - [2025-08-17T21:46:09.571+0000] {dag.py:3239} INFO - Sync 1 DAGs
[2025-08-17T21:46:09.584+0000] {logging_mixin.py:190} INFO - [2025-08-17T21:46:09.583+0000] {dag.py:4180} INFO - Setting next_dagrun for example_setup_teardown to None, run_after=None
[2025-08-17T21:46:09.604+0000] {processor.py:208} INFO - Processing /home/airflow/.local/lib/python3.12/site-packages/airflow/example_dags/example_setup_teardown.py took 0.070 seconds
[2025-08-17T21:46:40.248+0000] {processor.py:186} INFO - Started process (PID=858) to work on /home/airflow/.local/lib/python3.12/site-packages/airflow/example_dags/example_setup_teardown.py
[2025-08-17T21:46:40.249+0000] {processor.py:914} INFO - Processing file /home/airflow/.local/lib/python3.12/site-packages/airflow/example_dags/example_setup_teardown.py for tasks to queue
[2025-08-17T21:46:40.252+0000] {logging_mixin.py:190} INFO - [2025-08-17T21:46:40.252+0000] {dagbag.py:588} INFO - Filling up the DagBag from /home/airflow/.local/lib/python3.12/site-packages/airflow/example_dags/example_setup_teardown.py
[2025-08-17T21:46:40.258+0000] {processor.py:925} INFO - DAG(s) 'example_setup_teardown' retrieved from /home/airflow/.local/lib/python3.12/site-packages/airflow/example_dags/example_setup_teardown.py
[2025-08-17T21:46:40.278+0000] {logging_mixin.py:190} INFO - [2025-08-17T21:46:40.277+0000] {dag.py:3239} INFO - Sync 1 DAGs
[2025-08-17T21:46:40.290+0000] {logging_mixin.py:190} INFO - [2025-08-17T21:46:40.289+0000] {dag.py:4180} INFO - Setting next_dagrun for example_setup_teardown to None, run_after=None
[2025-08-17T21:46:40.308+0000] {processor.py:208} INFO - Processing /home/airflow/.local/lib/python3.12/site-packages/airflow/example_dags/example_setup_teardown.py took 0.065 seconds
[2025-08-17T21:47:11.153+0000] {processor.py:186} INFO - Started process (PID=921) to work on /home/airflow/.local/lib/python3.12/site-packages/airflow/example_dags/example_setup_teardown.py
[2025-08-17T21:47:11.154+0000] {processor.py:914} INFO - Processing file /home/airflow/.local/lib/python3.12/site-packages/airflow/example_dags/example_setup_teardown.py for tasks to queue
[2025-08-17T21:47:11.156+0000] {logging_mixin.py:190} INFO - [2025-08-17T21:47:11.156+0000] {dagbag.py:588} INFO - Filling up the DagBag from /home/airflow/.local/lib/python3.12/site-packages/airflow/example_dags/example_setup_teardown.py
[2025-08-17T21:47:11.164+0000] {processor.py:925} INFO - DAG(s) 'example_setup_teardown' retrieved from /home/airflow/.local/lib/python3.12/site-packages/airflow/example_dags/example_setup_teardown.py
[2025-08-17T21:47:11.183+0000] {logging_mixin.py:190} INFO - [2025-08-17T21:47:11.183+0000] {dag.py:3239} INFO - Sync 1 DAGs
[2025-08-17T21:47:11.195+0000] {logging_mixin.py:190} INFO - [2025-08-17T21:47:11.195+0000] {dag.py:4180} INFO - Setting next_dagrun for example_setup_teardown to None, run_after=None
[2025-08-17T21:47:11.210+0000] {processor.py:208} INFO - Processing /home/airflow/.local/lib/python3.12/site-packages/airflow/example_dags/example_setup_teardown.py took 0.063 seconds
[2025-08-17T21:47:41.363+0000] {processor.py:186} INFO - Started process (PID=984) to work on /home/airflow/.local/lib/python3.12/site-packages/airflow/example_dags/example_setup_teardown.py
[2025-08-17T21:47:41.364+0000] {processor.py:914} INFO - Processing file /home/airflow/.local/lib/python3.12/site-packages/airflow/example_dags/example_setup_teardown.py for tasks to queue
[2025-08-17T21:47:41.366+0000] {logging_mixin.py:190} INFO - [2025-08-17T21:47:41.366+0000] {dagbag.py:588} INFO - Filling up the DagBag from /home/airflow/.local/lib/python3.12/site-packages/airflow/example_dags/example_setup_teardown.py
[2025-08-17T21:47:41.374+0000] {processor.py:925} INFO - DAG(s) 'example_setup_teardown' retrieved from /home/airflow/.local/lib/python3.12/site-packages/airflow/example_dags/example_setup_teardown.py
[2025-08-17T21:47:41.393+0000] {logging_mixin.py:190} INFO - [2025-08-17T21:47:41.392+0000] {dag.py:3239} INFO - Sync 1 DAGs
[2025-08-17T21:47:41.405+0000] {logging_mixin.py:190} INFO - [2025-08-17T21:47:41.405+0000] {dag.py:4180} INFO - Setting next_dagrun for example_setup_teardown to None, run_after=None
[2025-08-17T21:47:41.425+0000] {processor.py:208} INFO - Processing /home/airflow/.local/lib/python3.12/site-packages/airflow/example_dags/example_setup_teardown.py took 0.067 seconds
