[2025-08-17T21:40:33.599+0000] {processor.py:186} INFO - Started process (PID=108) to work on /home/airflow/.local/lib/python3.12/site-packages/airflow/example_dags/example_complex.py
[2025-08-17T21:40:33.600+0000] {processor.py:914} INFO - Processing file /home/airflow/.local/lib/python3.12/site-packages/airflow/example_dags/example_complex.py for tasks to queue
[2025-08-17T21:40:33.603+0000] {logging_mixin.py:190} INFO - [2025-08-17T21:40:33.602+0000] {dagbag.py:588} INFO - Filling up the DagBag from /home/airflow/.local/lib/python3.12/site-packages/airflow/example_dags/example_complex.py
[2025-08-17T21:40:33.616+0000] {processor.py:925} INFO - DAG(s) 'example_complex' retrieved from /home/airflow/.local/lib/python3.12/site-packages/airflow/example_dags/example_complex.py
[2025-08-17T21:40:33.739+0000] {logging_mixin.py:190} INFO - [2025-08-17T21:40:33.739+0000] {override.py:1930} INFO - Created Permission View: can read on DAG:example_complex
[2025-08-17T21:40:33.748+0000] {logging_mixin.py:190} INFO - [2025-08-17T21:40:33.747+0000] {override.py:1930} INFO - Created Permission View: can edit on DAG:example_complex
[2025-08-17T21:40:33.752+0000] {logging_mixin.py:190} INFO - [2025-08-17T21:40:33.752+0000] {override.py:1930} INFO - Created Permission View: can delete on DAG:example_complex
[2025-08-17T21:40:33.758+0000] {logging_mixin.py:190} INFO - [2025-08-17T21:40:33.758+0000] {override.py:1930} INFO - Created Permission View: can read on DAG Run:example_complex
[2025-08-17T21:40:33.763+0000] {logging_mixin.py:190} INFO - [2025-08-17T21:40:33.763+0000] {override.py:1930} INFO - Created Permission View: can create on DAG Run:example_complex
[2025-08-17T21:40:33.768+0000] {logging_mixin.py:190} INFO - [2025-08-17T21:40:33.768+0000] {override.py:1930} INFO - Created Permission View: can delete on DAG Run:example_complex
[2025-08-17T21:40:33.773+0000] {logging_mixin.py:190} INFO - [2025-08-17T21:40:33.772+0000] {override.py:1930} INFO - Created Permission View: menu access on DAG Run:example_complex
[2025-08-17T21:40:33.773+0000] {logging_mixin.py:190} INFO - [2025-08-17T21:40:33.773+0000] {dag.py:3239} INFO - Sync 1 DAGs
[2025-08-17T21:40:33.783+0000] {logging_mixin.py:190} INFO - [2025-08-17T21:40:33.783+0000] {dag.py:3262} INFO - Creating ORM DAG for example_complex
[2025-08-17T21:40:33.784+0000] {logging_mixin.py:190} INFO - [2025-08-17T21:40:33.784+0000] {dag.py:4180} INFO - Setting next_dagrun for example_complex to None, run_after=None
[2025-08-17T21:40:33.800+0000] {processor.py:208} INFO - Processing /home/airflow/.local/lib/python3.12/site-packages/airflow/example_dags/example_complex.py took 0.206 seconds
[2025-08-17T21:41:04.436+0000] {processor.py:186} INFO - Started process (PID=171) to work on /home/airflow/.local/lib/python3.12/site-packages/airflow/example_dags/example_complex.py
[2025-08-17T21:41:04.437+0000] {processor.py:914} INFO - Processing file /home/airflow/.local/lib/python3.12/site-packages/airflow/example_dags/example_complex.py for tasks to queue
[2025-08-17T21:41:04.439+0000] {logging_mixin.py:190} INFO - [2025-08-17T21:41:04.439+0000] {dagbag.py:588} INFO - Filling up the DagBag from /home/airflow/.local/lib/python3.12/site-packages/airflow/example_dags/example_complex.py
[2025-08-17T21:41:04.454+0000] {processor.py:925} INFO - DAG(s) 'example_complex' retrieved from /home/airflow/.local/lib/python3.12/site-packages/airflow/example_dags/example_complex.py
[2025-08-17T21:41:04.483+0000] {logging_mixin.py:190} INFO - [2025-08-17T21:41:04.483+0000] {dag.py:3239} INFO - Sync 1 DAGs
[2025-08-17T21:41:04.498+0000] {logging_mixin.py:190} INFO - [2025-08-17T21:41:04.497+0000] {dag.py:4180} INFO - Setting next_dagrun for example_complex to None, run_after=None
[2025-08-17T21:41:04.514+0000] {processor.py:208} INFO - Processing /home/airflow/.local/lib/python3.12/site-packages/airflow/example_dags/example_complex.py took 0.084 seconds
[2025-08-17T21:41:34.771+0000] {processor.py:186} INFO - Started process (PID=233) to work on /home/airflow/.local/lib/python3.12/site-packages/airflow/example_dags/example_complex.py
[2025-08-17T21:41:34.772+0000] {processor.py:914} INFO - Processing file /home/airflow/.local/lib/python3.12/site-packages/airflow/example_dags/example_complex.py for tasks to queue
[2025-08-17T21:41:34.774+0000] {logging_mixin.py:190} INFO - [2025-08-17T21:41:34.774+0000] {dagbag.py:588} INFO - Filling up the DagBag from /home/airflow/.local/lib/python3.12/site-packages/airflow/example_dags/example_complex.py
[2025-08-17T21:41:34.784+0000] {processor.py:925} INFO - DAG(s) 'example_complex' retrieved from /home/airflow/.local/lib/python3.12/site-packages/airflow/example_dags/example_complex.py
[2025-08-17T21:41:34.809+0000] {logging_mixin.py:190} INFO - [2025-08-17T21:41:34.809+0000] {dag.py:3239} INFO - Sync 1 DAGs
[2025-08-17T21:41:34.821+0000] {logging_mixin.py:190} INFO - [2025-08-17T21:41:34.821+0000] {dag.py:4180} INFO - Setting next_dagrun for example_complex to None, run_after=None
[2025-08-17T21:41:34.835+0000] {processor.py:208} INFO - Processing /home/airflow/.local/lib/python3.12/site-packages/airflow/example_dags/example_complex.py took 0.070 seconds
[2025-08-17T21:42:05.373+0000] {processor.py:186} INFO - Started process (PID=296) to work on /home/airflow/.local/lib/python3.12/site-packages/airflow/example_dags/example_complex.py
[2025-08-17T21:42:05.374+0000] {processor.py:914} INFO - Processing file /home/airflow/.local/lib/python3.12/site-packages/airflow/example_dags/example_complex.py for tasks to queue
[2025-08-17T21:42:05.377+0000] {logging_mixin.py:190} INFO - [2025-08-17T21:42:05.377+0000] {dagbag.py:588} INFO - Filling up the DagBag from /home/airflow/.local/lib/python3.12/site-packages/airflow/example_dags/example_complex.py
[2025-08-17T21:42:05.388+0000] {processor.py:925} INFO - DAG(s) 'example_complex' retrieved from /home/airflow/.local/lib/python3.12/site-packages/airflow/example_dags/example_complex.py
[2025-08-17T21:42:05.417+0000] {logging_mixin.py:190} INFO - [2025-08-17T21:42:05.417+0000] {dag.py:3239} INFO - Sync 1 DAGs
[2025-08-17T21:42:05.431+0000] {logging_mixin.py:190} INFO - [2025-08-17T21:42:05.431+0000] {dag.py:4180} INFO - Setting next_dagrun for example_complex to None, run_after=None
[2025-08-17T21:42:05.450+0000] {processor.py:208} INFO - Processing /home/airflow/.local/lib/python3.12/site-packages/airflow/example_dags/example_complex.py took 0.084 seconds
[2025-08-17T21:42:35.622+0000] {processor.py:186} INFO - Started process (PID=359) to work on /home/airflow/.local/lib/python3.12/site-packages/airflow/example_dags/example_complex.py
[2025-08-17T21:42:35.623+0000] {processor.py:914} INFO - Processing file /home/airflow/.local/lib/python3.12/site-packages/airflow/example_dags/example_complex.py for tasks to queue
[2025-08-17T21:42:35.626+0000] {logging_mixin.py:190} INFO - [2025-08-17T21:42:35.626+0000] {dagbag.py:588} INFO - Filling up the DagBag from /home/airflow/.local/lib/python3.12/site-packages/airflow/example_dags/example_complex.py
[2025-08-17T21:42:35.636+0000] {processor.py:925} INFO - DAG(s) 'example_complex' retrieved from /home/airflow/.local/lib/python3.12/site-packages/airflow/example_dags/example_complex.py
[2025-08-17T21:42:35.662+0000] {logging_mixin.py:190} INFO - [2025-08-17T21:42:35.662+0000] {dag.py:3239} INFO - Sync 1 DAGs
[2025-08-17T21:42:35.676+0000] {logging_mixin.py:190} INFO - [2025-08-17T21:42:35.676+0000] {dag.py:4180} INFO - Setting next_dagrun for example_complex to None, run_after=None
[2025-08-17T21:42:35.691+0000] {processor.py:208} INFO - Processing /home/airflow/.local/lib/python3.12/site-packages/airflow/example_dags/example_complex.py took 0.074 seconds
[2025-08-17T21:43:06.019+0000] {processor.py:186} INFO - Started process (PID=422) to work on /home/airflow/.local/lib/python3.12/site-packages/airflow/example_dags/example_complex.py
[2025-08-17T21:43:06.019+0000] {processor.py:914} INFO - Processing file /home/airflow/.local/lib/python3.12/site-packages/airflow/example_dags/example_complex.py for tasks to queue
[2025-08-17T21:43:06.022+0000] {logging_mixin.py:190} INFO - [2025-08-17T21:43:06.022+0000] {dagbag.py:588} INFO - Filling up the DagBag from /home/airflow/.local/lib/python3.12/site-packages/airflow/example_dags/example_complex.py
[2025-08-17T21:43:06.033+0000] {processor.py:925} INFO - DAG(s) 'example_complex' retrieved from /home/airflow/.local/lib/python3.12/site-packages/airflow/example_dags/example_complex.py
[2025-08-17T21:43:06.060+0000] {logging_mixin.py:190} INFO - [2025-08-17T21:43:06.060+0000] {dag.py:3239} INFO - Sync 1 DAGs
[2025-08-17T21:43:06.073+0000] {logging_mixin.py:190} INFO - [2025-08-17T21:43:06.073+0000] {dag.py:4180} INFO - Setting next_dagrun for example_complex to None, run_after=None
[2025-08-17T21:43:06.094+0000] {processor.py:208} INFO - Processing /home/airflow/.local/lib/python3.12/site-packages/airflow/example_dags/example_complex.py took 0.081 seconds
[2025-08-17T21:43:37.108+0000] {processor.py:186} INFO - Started process (PID=485) to work on /home/airflow/.local/lib/python3.12/site-packages/airflow/example_dags/example_complex.py
[2025-08-17T21:43:37.109+0000] {processor.py:914} INFO - Processing file /home/airflow/.local/lib/python3.12/site-packages/airflow/example_dags/example_complex.py for tasks to queue
[2025-08-17T21:43:37.111+0000] {logging_mixin.py:190} INFO - [2025-08-17T21:43:37.110+0000] {dagbag.py:588} INFO - Filling up the DagBag from /home/airflow/.local/lib/python3.12/site-packages/airflow/example_dags/example_complex.py
[2025-08-17T21:43:37.120+0000] {processor.py:925} INFO - DAG(s) 'example_complex' retrieved from /home/airflow/.local/lib/python3.12/site-packages/airflow/example_dags/example_complex.py
[2025-08-17T21:43:37.147+0000] {logging_mixin.py:190} INFO - [2025-08-17T21:43:37.146+0000] {dag.py:3239} INFO - Sync 1 DAGs
[2025-08-17T21:43:37.160+0000] {logging_mixin.py:190} INFO - [2025-08-17T21:43:37.159+0000] {dag.py:4180} INFO - Setting next_dagrun for example_complex to None, run_after=None
[2025-08-17T21:43:37.182+0000] {processor.py:208} INFO - Processing /home/airflow/.local/lib/python3.12/site-packages/airflow/example_dags/example_complex.py took 0.081 seconds
[2025-08-17T21:44:07.700+0000] {processor.py:186} INFO - Started process (PID=548) to work on /home/airflow/.local/lib/python3.12/site-packages/airflow/example_dags/example_complex.py
[2025-08-17T21:44:07.701+0000] {processor.py:914} INFO - Processing file /home/airflow/.local/lib/python3.12/site-packages/airflow/example_dags/example_complex.py for tasks to queue
[2025-08-17T21:44:07.704+0000] {logging_mixin.py:190} INFO - [2025-08-17T21:44:07.704+0000] {dagbag.py:588} INFO - Filling up the DagBag from /home/airflow/.local/lib/python3.12/site-packages/airflow/example_dags/example_complex.py
[2025-08-17T21:44:07.715+0000] {processor.py:925} INFO - DAG(s) 'example_complex' retrieved from /home/airflow/.local/lib/python3.12/site-packages/airflow/example_dags/example_complex.py
[2025-08-17T21:44:07.743+0000] {logging_mixin.py:190} INFO - [2025-08-17T21:44:07.742+0000] {dag.py:3239} INFO - Sync 1 DAGs
[2025-08-17T21:44:07.757+0000] {logging_mixin.py:190} INFO - [2025-08-17T21:44:07.757+0000] {dag.py:4180} INFO - Setting next_dagrun for example_complex to None, run_after=None
[2025-08-17T21:44:07.782+0000] {processor.py:208} INFO - Processing /home/airflow/.local/lib/python3.12/site-packages/airflow/example_dags/example_complex.py took 0.088 seconds
[2025-08-17T21:44:38.461+0000] {processor.py:186} INFO - Started process (PID=611) to work on /home/airflow/.local/lib/python3.12/site-packages/airflow/example_dags/example_complex.py
[2025-08-17T21:44:38.462+0000] {processor.py:914} INFO - Processing file /home/airflow/.local/lib/python3.12/site-packages/airflow/example_dags/example_complex.py for tasks to queue
[2025-08-17T21:44:38.464+0000] {logging_mixin.py:190} INFO - [2025-08-17T21:44:38.464+0000] {dagbag.py:588} INFO - Filling up the DagBag from /home/airflow/.local/lib/python3.12/site-packages/airflow/example_dags/example_complex.py
[2025-08-17T21:44:38.475+0000] {processor.py:925} INFO - DAG(s) 'example_complex' retrieved from /home/airflow/.local/lib/python3.12/site-packages/airflow/example_dags/example_complex.py
[2025-08-17T21:44:38.503+0000] {logging_mixin.py:190} INFO - [2025-08-17T21:44:38.503+0000] {dag.py:3239} INFO - Sync 1 DAGs
[2025-08-17T21:44:38.516+0000] {logging_mixin.py:190} INFO - [2025-08-17T21:44:38.515+0000] {dag.py:4180} INFO - Setting next_dagrun for example_complex to None, run_after=None
[2025-08-17T21:44:38.535+0000] {processor.py:208} INFO - Processing /home/airflow/.local/lib/python3.12/site-packages/airflow/example_dags/example_complex.py took 0.079 seconds
[2025-08-17T21:45:08.891+0000] {processor.py:186} INFO - Started process (PID=674) to work on /home/airflow/.local/lib/python3.12/site-packages/airflow/example_dags/example_complex.py
[2025-08-17T21:45:08.892+0000] {processor.py:914} INFO - Processing file /home/airflow/.local/lib/python3.12/site-packages/airflow/example_dags/example_complex.py for tasks to queue
[2025-08-17T21:45:08.894+0000] {logging_mixin.py:190} INFO - [2025-08-17T21:45:08.894+0000] {dagbag.py:588} INFO - Filling up the DagBag from /home/airflow/.local/lib/python3.12/site-packages/airflow/example_dags/example_complex.py
[2025-08-17T21:45:08.905+0000] {processor.py:925} INFO - DAG(s) 'example_complex' retrieved from /home/airflow/.local/lib/python3.12/site-packages/airflow/example_dags/example_complex.py
[2025-08-17T21:45:08.933+0000] {logging_mixin.py:190} INFO - [2025-08-17T21:45:08.933+0000] {dag.py:3239} INFO - Sync 1 DAGs
[2025-08-17T21:45:08.945+0000] {logging_mixin.py:190} INFO - [2025-08-17T21:45:08.945+0000] {dag.py:4180} INFO - Setting next_dagrun for example_complex to None, run_after=None
[2025-08-17T21:45:08.967+0000] {processor.py:208} INFO - Processing /home/airflow/.local/lib/python3.12/site-packages/airflow/example_dags/example_complex.py took 0.081 seconds
[2025-08-17T21:45:39.243+0000] {processor.py:186} INFO - Started process (PID=736) to work on /home/airflow/.local/lib/python3.12/site-packages/airflow/example_dags/example_complex.py
[2025-08-17T21:45:39.244+0000] {processor.py:914} INFO - Processing file /home/airflow/.local/lib/python3.12/site-packages/airflow/example_dags/example_complex.py for tasks to queue
[2025-08-17T21:45:39.247+0000] {logging_mixin.py:190} INFO - [2025-08-17T21:45:39.246+0000] {dagbag.py:588} INFO - Filling up the DagBag from /home/airflow/.local/lib/python3.12/site-packages/airflow/example_dags/example_complex.py
[2025-08-17T21:45:39.257+0000] {processor.py:925} INFO - DAG(s) 'example_complex' retrieved from /home/airflow/.local/lib/python3.12/site-packages/airflow/example_dags/example_complex.py
[2025-08-17T21:45:39.284+0000] {logging_mixin.py:190} INFO - [2025-08-17T21:45:39.284+0000] {dag.py:3239} INFO - Sync 1 DAGs
[2025-08-17T21:45:39.296+0000] {logging_mixin.py:190} INFO - [2025-08-17T21:45:39.296+0000] {dag.py:4180} INFO - Setting next_dagrun for example_complex to None, run_after=None
[2025-08-17T21:45:39.317+0000] {processor.py:208} INFO - Processing /home/airflow/.local/lib/python3.12/site-packages/airflow/example_dags/example_complex.py took 0.079 seconds
[2025-08-17T21:46:09.869+0000] {processor.py:186} INFO - Started process (PID=799) to work on /home/airflow/.local/lib/python3.12/site-packages/airflow/example_dags/example_complex.py
[2025-08-17T21:46:09.870+0000] {processor.py:914} INFO - Processing file /home/airflow/.local/lib/python3.12/site-packages/airflow/example_dags/example_complex.py for tasks to queue
[2025-08-17T21:46:09.872+0000] {logging_mixin.py:190} INFO - [2025-08-17T21:46:09.872+0000] {dagbag.py:588} INFO - Filling up the DagBag from /home/airflow/.local/lib/python3.12/site-packages/airflow/example_dags/example_complex.py
[2025-08-17T21:46:09.887+0000] {processor.py:925} INFO - DAG(s) 'example_complex' retrieved from /home/airflow/.local/lib/python3.12/site-packages/airflow/example_dags/example_complex.py
[2025-08-17T21:46:09.913+0000] {logging_mixin.py:190} INFO - [2025-08-17T21:46:09.913+0000] {dag.py:3239} INFO - Sync 1 DAGs
[2025-08-17T21:46:09.925+0000] {logging_mixin.py:190} INFO - [2025-08-17T21:46:09.925+0000] {dag.py:4180} INFO - Setting next_dagrun for example_complex to None, run_after=None
[2025-08-17T21:46:09.945+0000] {processor.py:208} INFO - Processing /home/airflow/.local/lib/python3.12/site-packages/airflow/example_dags/example_complex.py took 0.081 seconds
[2025-08-17T21:46:40.558+0000] {processor.py:186} INFO - Started process (PID=862) to work on /home/airflow/.local/lib/python3.12/site-packages/airflow/example_dags/example_complex.py
[2025-08-17T21:46:40.559+0000] {processor.py:914} INFO - Processing file /home/airflow/.local/lib/python3.12/site-packages/airflow/example_dags/example_complex.py for tasks to queue
[2025-08-17T21:46:40.561+0000] {logging_mixin.py:190} INFO - [2025-08-17T21:46:40.561+0000] {dagbag.py:588} INFO - Filling up the DagBag from /home/airflow/.local/lib/python3.12/site-packages/airflow/example_dags/example_complex.py
[2025-08-17T21:46:40.572+0000] {processor.py:925} INFO - DAG(s) 'example_complex' retrieved from /home/airflow/.local/lib/python3.12/site-packages/airflow/example_dags/example_complex.py
[2025-08-17T21:46:40.598+0000] {logging_mixin.py:190} INFO - [2025-08-17T21:46:40.598+0000] {dag.py:3239} INFO - Sync 1 DAGs
[2025-08-17T21:46:40.610+0000] {logging_mixin.py:190} INFO - [2025-08-17T21:46:40.609+0000] {dag.py:4180} INFO - Setting next_dagrun for example_complex to None, run_after=None
[2025-08-17T21:46:40.625+0000] {processor.py:208} INFO - Processing /home/airflow/.local/lib/python3.12/site-packages/airflow/example_dags/example_complex.py took 0.072 seconds
[2025-08-17T21:47:11.461+0000] {processor.py:186} INFO - Started process (PID=925) to work on /home/airflow/.local/lib/python3.12/site-packages/airflow/example_dags/example_complex.py
[2025-08-17T21:47:11.462+0000] {processor.py:914} INFO - Processing file /home/airflow/.local/lib/python3.12/site-packages/airflow/example_dags/example_complex.py for tasks to queue
[2025-08-17T21:47:11.464+0000] {logging_mixin.py:190} INFO - [2025-08-17T21:47:11.464+0000] {dagbag.py:588} INFO - Filling up the DagBag from /home/airflow/.local/lib/python3.12/site-packages/airflow/example_dags/example_complex.py
[2025-08-17T21:47:11.474+0000] {processor.py:925} INFO - DAG(s) 'example_complex' retrieved from /home/airflow/.local/lib/python3.12/site-packages/airflow/example_dags/example_complex.py
[2025-08-17T21:47:11.502+0000] {logging_mixin.py:190} INFO - [2025-08-17T21:47:11.502+0000] {dag.py:3239} INFO - Sync 1 DAGs
[2025-08-17T21:47:11.514+0000] {logging_mixin.py:190} INFO - [2025-08-17T21:47:11.514+0000] {dag.py:4180} INFO - Setting next_dagrun for example_complex to None, run_after=None
[2025-08-17T21:47:11.529+0000] {processor.py:208} INFO - Processing /home/airflow/.local/lib/python3.12/site-packages/airflow/example_dags/example_complex.py took 0.074 seconds
[2025-08-17T21:47:41.771+0000] {processor.py:186} INFO - Started process (PID=988) to work on /home/airflow/.local/lib/python3.12/site-packages/airflow/example_dags/example_complex.py
[2025-08-17T21:47:41.772+0000] {processor.py:914} INFO - Processing file /home/airflow/.local/lib/python3.12/site-packages/airflow/example_dags/example_complex.py for tasks to queue
[2025-08-17T21:47:41.774+0000] {logging_mixin.py:190} INFO - [2025-08-17T21:47:41.774+0000] {dagbag.py:588} INFO - Filling up the DagBag from /home/airflow/.local/lib/python3.12/site-packages/airflow/example_dags/example_complex.py
[2025-08-17T21:47:41.784+0000] {processor.py:925} INFO - DAG(s) 'example_complex' retrieved from /home/airflow/.local/lib/python3.12/site-packages/airflow/example_dags/example_complex.py
[2025-08-17T21:47:41.810+0000] {logging_mixin.py:190} INFO - [2025-08-17T21:47:41.810+0000] {dag.py:3239} INFO - Sync 1 DAGs
[2025-08-17T21:47:41.822+0000] {logging_mixin.py:190} INFO - [2025-08-17T21:47:41.822+0000] {dag.py:4180} INFO - Setting next_dagrun for example_complex to None, run_after=None
[2025-08-17T21:47:41.851+0000] {processor.py:208} INFO - Processing /home/airflow/.local/lib/python3.12/site-packages/airflow/example_dags/example_complex.py took 0.086 seconds
