[2025-08-17T21:40:28.743+0000] {processor.py:186} INFO - Started process (PID=79) to work on /home/airflow/.local/lib/python3.12/site-packages/airflow/example_dags/example_branch_operator.py
[2025-08-17T21:40:28.744+0000] {processor.py:914} INFO - Processing file /home/airflow/.local/lib/python3.12/site-packages/airflow/example_dags/example_branch_operator.py for tasks to queue
[2025-08-17T21:40:28.746+0000] {logging_mixin.py:190} INFO - [2025-08-17T21:40:28.746+0000] {dagbag.py:588} INFO - Filling up the DagBag from /home/airflow/.local/lib/python3.12/site-packages/airflow/example_dags/example_branch_operator.py
[2025-08-17T21:40:28.762+0000] {processor.py:925} INFO - DAG(s) 'example_branch_operator' retrieved from /home/airflow/.local/lib/python3.12/site-packages/airflow/example_dags/example_branch_operator.py
[2025-08-17T21:40:28.872+0000] {logging_mixin.py:190} INFO - [2025-08-17T21:40:28.871+0000] {override.py:1930} INFO - Created Permission View: can read on DAG:example_branch_operator
[2025-08-17T21:40:28.880+0000] {logging_mixin.py:190} INFO - [2025-08-17T21:40:28.879+0000] {override.py:1930} INFO - Created Permission View: can edit on DAG:example_branch_operator
[2025-08-17T21:40:28.885+0000] {logging_mixin.py:190} INFO - [2025-08-17T21:40:28.884+0000] {override.py:1930} INFO - Created Permission View: can delete on DAG:example_branch_operator
[2025-08-17T21:40:28.890+0000] {logging_mixin.py:190} INFO - [2025-08-17T21:40:28.890+0000] {override.py:1930} INFO - Created Permission View: can read on DAG Run:example_branch_operator
[2025-08-17T21:40:28.895+0000] {logging_mixin.py:190} INFO - [2025-08-17T21:40:28.894+0000] {override.py:1930} INFO - Created Permission View: can create on DAG Run:example_branch_operator
[2025-08-17T21:40:28.900+0000] {logging_mixin.py:190} INFO - [2025-08-17T21:40:28.899+0000] {override.py:1930} INFO - Created Permission View: can delete on DAG Run:example_branch_operator
[2025-08-17T21:40:28.904+0000] {logging_mixin.py:190} INFO - [2025-08-17T21:40:28.904+0000] {override.py:1930} INFO - Created Permission View: menu access on DAG Run:example_branch_operator
[2025-08-17T21:40:28.905+0000] {logging_mixin.py:190} INFO - [2025-08-17T21:40:28.905+0000] {dag.py:3239} INFO - Sync 1 DAGs
[2025-08-17T21:40:28.916+0000] {logging_mixin.py:190} INFO - [2025-08-17T21:40:28.916+0000] {dag.py:3262} INFO - Creating ORM DAG for example_branch_operator
[2025-08-17T21:40:28.925+0000] {logging_mixin.py:190} INFO - [2025-08-17T21:40:28.925+0000] {dag.py:4180} INFO - Setting next_dagrun for example_branch_operator to 2025-08-16 00:00:00+00:00, run_after=2025-08-17 00:00:00+00:00
[2025-08-17T21:40:28.938+0000] {processor.py:208} INFO - Processing /home/airflow/.local/lib/python3.12/site-packages/airflow/example_dags/example_branch_operator.py took 0.200 seconds
[2025-08-17T21:40:59.494+0000] {processor.py:186} INFO - Started process (PID=142) to work on /home/airflow/.local/lib/python3.12/site-packages/airflow/example_dags/example_branch_operator.py
[2025-08-17T21:40:59.495+0000] {processor.py:914} INFO - Processing file /home/airflow/.local/lib/python3.12/site-packages/airflow/example_dags/example_branch_operator.py for tasks to queue
[2025-08-17T21:40:59.497+0000] {logging_mixin.py:190} INFO - [2025-08-17T21:40:59.497+0000] {dagbag.py:588} INFO - Filling up the DagBag from /home/airflow/.local/lib/python3.12/site-packages/airflow/example_dags/example_branch_operator.py
[2025-08-17T21:40:59.514+0000] {processor.py:925} INFO - DAG(s) 'example_branch_operator' retrieved from /home/airflow/.local/lib/python3.12/site-packages/airflow/example_dags/example_branch_operator.py
[2025-08-17T21:40:59.539+0000] {logging_mixin.py:190} INFO - [2025-08-17T21:40:59.539+0000] {dag.py:3239} INFO - Sync 1 DAGs
[2025-08-17T21:40:59.559+0000] {logging_mixin.py:190} INFO - [2025-08-17T21:40:59.559+0000] {dag.py:4180} INFO - Setting next_dagrun for example_branch_operator to 2025-08-16 00:00:00+00:00, run_after=2025-08-17 00:00:00+00:00
[2025-08-17T21:40:59.575+0000] {processor.py:208} INFO - Processing /home/airflow/.local/lib/python3.12/site-packages/airflow/example_dags/example_branch_operator.py took 0.086 seconds
[2025-08-17T21:41:29.707+0000] {processor.py:186} INFO - Started process (PID=205) to work on /home/airflow/.local/lib/python3.12/site-packages/airflow/example_dags/example_branch_operator.py
[2025-08-17T21:41:29.708+0000] {processor.py:914} INFO - Processing file /home/airflow/.local/lib/python3.12/site-packages/airflow/example_dags/example_branch_operator.py for tasks to queue
[2025-08-17T21:41:29.709+0000] {logging_mixin.py:190} INFO - [2025-08-17T21:41:29.709+0000] {dagbag.py:588} INFO - Filling up the DagBag from /home/airflow/.local/lib/python3.12/site-packages/airflow/example_dags/example_branch_operator.py
[2025-08-17T21:41:29.724+0000] {processor.py:925} INFO - DAG(s) 'example_branch_operator' retrieved from /home/airflow/.local/lib/python3.12/site-packages/airflow/example_dags/example_branch_operator.py
[2025-08-17T21:41:29.747+0000] {logging_mixin.py:190} INFO - [2025-08-17T21:41:29.746+0000] {dag.py:3239} INFO - Sync 1 DAGs
[2025-08-17T21:41:29.764+0000] {logging_mixin.py:190} INFO - [2025-08-17T21:41:29.764+0000] {dag.py:4180} INFO - Setting next_dagrun for example_branch_operator to 2025-08-16 00:00:00+00:00, run_after=2025-08-17 00:00:00+00:00
[2025-08-17T21:41:29.796+0000] {processor.py:208} INFO - Processing /home/airflow/.local/lib/python3.12/site-packages/airflow/example_dags/example_branch_operator.py took 0.094 seconds
[2025-08-17T21:42:00.242+0000] {processor.py:186} INFO - Started process (PID=267) to work on /home/airflow/.local/lib/python3.12/site-packages/airflow/example_dags/example_branch_operator.py
[2025-08-17T21:42:00.244+0000] {processor.py:914} INFO - Processing file /home/airflow/.local/lib/python3.12/site-packages/airflow/example_dags/example_branch_operator.py for tasks to queue
[2025-08-17T21:42:00.246+0000] {logging_mixin.py:190} INFO - [2025-08-17T21:42:00.245+0000] {dagbag.py:588} INFO - Filling up the DagBag from /home/airflow/.local/lib/python3.12/site-packages/airflow/example_dags/example_branch_operator.py
[2025-08-17T21:42:00.261+0000] {processor.py:925} INFO - DAG(s) 'example_branch_operator' retrieved from /home/airflow/.local/lib/python3.12/site-packages/airflow/example_dags/example_branch_operator.py
[2025-08-17T21:42:00.285+0000] {logging_mixin.py:190} INFO - [2025-08-17T21:42:00.285+0000] {dag.py:3239} INFO - Sync 1 DAGs
[2025-08-17T21:42:00.306+0000] {logging_mixin.py:190} INFO - [2025-08-17T21:42:00.306+0000] {dag.py:4180} INFO - Setting next_dagrun for example_branch_operator to 2025-08-16 00:00:00+00:00, run_after=2025-08-17 00:00:00+00:00
[2025-08-17T21:42:00.321+0000] {processor.py:208} INFO - Processing /home/airflow/.local/lib/python3.12/site-packages/airflow/example_dags/example_branch_operator.py took 0.084 seconds
[2025-08-17T21:42:31.298+0000] {processor.py:186} INFO - Started process (PID=330) to work on /home/airflow/.local/lib/python3.12/site-packages/airflow/example_dags/example_branch_operator.py
[2025-08-17T21:42:31.299+0000] {processor.py:914} INFO - Processing file /home/airflow/.local/lib/python3.12/site-packages/airflow/example_dags/example_branch_operator.py for tasks to queue
[2025-08-17T21:42:31.301+0000] {logging_mixin.py:190} INFO - [2025-08-17T21:42:31.300+0000] {dagbag.py:588} INFO - Filling up the DagBag from /home/airflow/.local/lib/python3.12/site-packages/airflow/example_dags/example_branch_operator.py
[2025-08-17T21:42:31.318+0000] {processor.py:925} INFO - DAG(s) 'example_branch_operator' retrieved from /home/airflow/.local/lib/python3.12/site-packages/airflow/example_dags/example_branch_operator.py
[2025-08-17T21:42:31.342+0000] {logging_mixin.py:190} INFO - [2025-08-17T21:42:31.342+0000] {dag.py:3239} INFO - Sync 1 DAGs
[2025-08-17T21:42:31.364+0000] {logging_mixin.py:190} INFO - [2025-08-17T21:42:31.364+0000] {dag.py:4180} INFO - Setting next_dagrun for example_branch_operator to 2025-08-16 00:00:00+00:00, run_after=2025-08-17 00:00:00+00:00
[2025-08-17T21:42:31.383+0000] {processor.py:208} INFO - Processing /home/airflow/.local/lib/python3.12/site-packages/airflow/example_dags/example_branch_operator.py took 0.091 seconds
[2025-08-17T21:43:01.572+0000] {processor.py:186} INFO - Started process (PID=393) to work on /home/airflow/.local/lib/python3.12/site-packages/airflow/example_dags/example_branch_operator.py
[2025-08-17T21:43:01.573+0000] {processor.py:914} INFO - Processing file /home/airflow/.local/lib/python3.12/site-packages/airflow/example_dags/example_branch_operator.py for tasks to queue
[2025-08-17T21:43:01.575+0000] {logging_mixin.py:190} INFO - [2025-08-17T21:43:01.575+0000] {dagbag.py:588} INFO - Filling up the DagBag from /home/airflow/.local/lib/python3.12/site-packages/airflow/example_dags/example_branch_operator.py
[2025-08-17T21:43:01.593+0000] {processor.py:925} INFO - DAG(s) 'example_branch_operator' retrieved from /home/airflow/.local/lib/python3.12/site-packages/airflow/example_dags/example_branch_operator.py
[2025-08-17T21:43:01.620+0000] {logging_mixin.py:190} INFO - [2025-08-17T21:43:01.619+0000] {dag.py:3239} INFO - Sync 1 DAGs
[2025-08-17T21:43:01.642+0000] {logging_mixin.py:190} INFO - [2025-08-17T21:43:01.641+0000] {dag.py:4180} INFO - Setting next_dagrun for example_branch_operator to 2025-08-16 00:00:00+00:00, run_after=2025-08-17 00:00:00+00:00
[2025-08-17T21:43:01.657+0000] {processor.py:208} INFO - Processing /home/airflow/.local/lib/python3.12/site-packages/airflow/example_dags/example_branch_operator.py took 0.092 seconds
[2025-08-17T21:43:31.751+0000] {processor.py:186} INFO - Started process (PID=456) to work on /home/airflow/.local/lib/python3.12/site-packages/airflow/example_dags/example_branch_operator.py
[2025-08-17T21:43:31.752+0000] {processor.py:914} INFO - Processing file /home/airflow/.local/lib/python3.12/site-packages/airflow/example_dags/example_branch_operator.py for tasks to queue
[2025-08-17T21:43:31.755+0000] {logging_mixin.py:190} INFO - [2025-08-17T21:43:31.755+0000] {dagbag.py:588} INFO - Filling up the DagBag from /home/airflow/.local/lib/python3.12/site-packages/airflow/example_dags/example_branch_operator.py
[2025-08-17T21:43:31.773+0000] {processor.py:925} INFO - DAG(s) 'example_branch_operator' retrieved from /home/airflow/.local/lib/python3.12/site-packages/airflow/example_dags/example_branch_operator.py
[2025-08-17T21:43:31.797+0000] {logging_mixin.py:190} INFO - [2025-08-17T21:43:31.797+0000] {dag.py:3239} INFO - Sync 1 DAGs
[2025-08-17T21:43:31.816+0000] {logging_mixin.py:190} INFO - [2025-08-17T21:43:31.816+0000] {dag.py:4180} INFO - Setting next_dagrun for example_branch_operator to 2025-08-16 00:00:00+00:00, run_after=2025-08-17 00:00:00+00:00
[2025-08-17T21:43:31.833+0000] {processor.py:208} INFO - Processing /home/airflow/.local/lib/python3.12/site-packages/airflow/example_dags/example_branch_operator.py took 0.088 seconds
[2025-08-17T21:44:02.055+0000] {processor.py:186} INFO - Started process (PID=519) to work on /home/airflow/.local/lib/python3.12/site-packages/airflow/example_dags/example_branch_operator.py
[2025-08-17T21:44:02.056+0000] {processor.py:914} INFO - Processing file /home/airflow/.local/lib/python3.12/site-packages/airflow/example_dags/example_branch_operator.py for tasks to queue
[2025-08-17T21:44:02.058+0000] {logging_mixin.py:190} INFO - [2025-08-17T21:44:02.058+0000] {dagbag.py:588} INFO - Filling up the DagBag from /home/airflow/.local/lib/python3.12/site-packages/airflow/example_dags/example_branch_operator.py
[2025-08-17T21:44:02.076+0000] {processor.py:925} INFO - DAG(s) 'example_branch_operator' retrieved from /home/airflow/.local/lib/python3.12/site-packages/airflow/example_dags/example_branch_operator.py
[2025-08-17T21:44:02.100+0000] {logging_mixin.py:190} INFO - [2025-08-17T21:44:02.100+0000] {dag.py:3239} INFO - Sync 1 DAGs
[2025-08-17T21:44:02.120+0000] {logging_mixin.py:190} INFO - [2025-08-17T21:44:02.120+0000] {dag.py:4180} INFO - Setting next_dagrun for example_branch_operator to 2025-08-16 00:00:00+00:00, run_after=2025-08-17 00:00:00+00:00
[2025-08-17T21:44:02.135+0000] {processor.py:208} INFO - Processing /home/airflow/.local/lib/python3.12/site-packages/airflow/example_dags/example_branch_operator.py took 0.085 seconds
[2025-08-17T21:44:32.703+0000] {processor.py:186} INFO - Started process (PID=582) to work on /home/airflow/.local/lib/python3.12/site-packages/airflow/example_dags/example_branch_operator.py
[2025-08-17T21:44:32.704+0000] {processor.py:914} INFO - Processing file /home/airflow/.local/lib/python3.12/site-packages/airflow/example_dags/example_branch_operator.py for tasks to queue
[2025-08-17T21:44:32.706+0000] {logging_mixin.py:190} INFO - [2025-08-17T21:44:32.705+0000] {dagbag.py:588} INFO - Filling up the DagBag from /home/airflow/.local/lib/python3.12/site-packages/airflow/example_dags/example_branch_operator.py
[2025-08-17T21:44:32.722+0000] {processor.py:925} INFO - DAG(s) 'example_branch_operator' retrieved from /home/airflow/.local/lib/python3.12/site-packages/airflow/example_dags/example_branch_operator.py
[2025-08-17T21:44:32.745+0000] {logging_mixin.py:190} INFO - [2025-08-17T21:44:32.745+0000] {dag.py:3239} INFO - Sync 1 DAGs
[2025-08-17T21:44:32.766+0000] {logging_mixin.py:190} INFO - [2025-08-17T21:44:32.766+0000] {dag.py:4180} INFO - Setting next_dagrun for example_branch_operator to 2025-08-16 00:00:00+00:00, run_after=2025-08-17 00:00:00+00:00
[2025-08-17T21:44:32.784+0000] {processor.py:208} INFO - Processing /home/airflow/.local/lib/python3.12/site-packages/airflow/example_dags/example_branch_operator.py took 0.087 seconds
[2025-08-17T21:45:02.956+0000] {processor.py:186} INFO - Started process (PID=645) to work on /home/airflow/.local/lib/python3.12/site-packages/airflow/example_dags/example_branch_operator.py
[2025-08-17T21:45:02.957+0000] {processor.py:914} INFO - Processing file /home/airflow/.local/lib/python3.12/site-packages/airflow/example_dags/example_branch_operator.py for tasks to queue
[2025-08-17T21:45:02.959+0000] {logging_mixin.py:190} INFO - [2025-08-17T21:45:02.959+0000] {dagbag.py:588} INFO - Filling up the DagBag from /home/airflow/.local/lib/python3.12/site-packages/airflow/example_dags/example_branch_operator.py
[2025-08-17T21:45:02.974+0000] {processor.py:925} INFO - DAG(s) 'example_branch_operator' retrieved from /home/airflow/.local/lib/python3.12/site-packages/airflow/example_dags/example_branch_operator.py
[2025-08-17T21:45:02.998+0000] {logging_mixin.py:190} INFO - [2025-08-17T21:45:02.998+0000] {dag.py:3239} INFO - Sync 1 DAGs
[2025-08-17T21:45:03.020+0000] {logging_mixin.py:190} INFO - [2025-08-17T21:45:03.020+0000] {dag.py:4180} INFO - Setting next_dagrun for example_branch_operator to 2025-08-16 00:00:00+00:00, run_after=2025-08-17 00:00:00+00:00
[2025-08-17T21:45:03.036+0000] {processor.py:208} INFO - Processing /home/airflow/.local/lib/python3.12/site-packages/airflow/example_dags/example_branch_operator.py took 0.085 seconds
[2025-08-17T21:45:33.209+0000] {processor.py:186} INFO - Started process (PID=708) to work on /home/airflow/.local/lib/python3.12/site-packages/airflow/example_dags/example_branch_operator.py
[2025-08-17T21:45:33.210+0000] {processor.py:914} INFO - Processing file /home/airflow/.local/lib/python3.12/site-packages/airflow/example_dags/example_branch_operator.py for tasks to queue
[2025-08-17T21:45:33.212+0000] {logging_mixin.py:190} INFO - [2025-08-17T21:45:33.212+0000] {dagbag.py:588} INFO - Filling up the DagBag from /home/airflow/.local/lib/python3.12/site-packages/airflow/example_dags/example_branch_operator.py
[2025-08-17T21:45:33.228+0000] {processor.py:925} INFO - DAG(s) 'example_branch_operator' retrieved from /home/airflow/.local/lib/python3.12/site-packages/airflow/example_dags/example_branch_operator.py
[2025-08-17T21:45:33.251+0000] {logging_mixin.py:190} INFO - [2025-08-17T21:45:33.251+0000] {dag.py:3239} INFO - Sync 1 DAGs
[2025-08-17T21:45:33.271+0000] {logging_mixin.py:190} INFO - [2025-08-17T21:45:33.271+0000] {dag.py:4180} INFO - Setting next_dagrun for example_branch_operator to 2025-08-16 00:00:00+00:00, run_after=2025-08-17 00:00:00+00:00
[2025-08-17T21:45:33.292+0000] {processor.py:208} INFO - Processing /home/airflow/.local/lib/python3.12/site-packages/airflow/example_dags/example_branch_operator.py took 0.088 seconds
[2025-08-17T21:46:03.689+0000] {processor.py:186} INFO - Started process (PID=771) to work on /home/airflow/.local/lib/python3.12/site-packages/airflow/example_dags/example_branch_operator.py
[2025-08-17T21:46:03.690+0000] {processor.py:914} INFO - Processing file /home/airflow/.local/lib/python3.12/site-packages/airflow/example_dags/example_branch_operator.py for tasks to queue
[2025-08-17T21:46:03.693+0000] {logging_mixin.py:190} INFO - [2025-08-17T21:46:03.692+0000] {dagbag.py:588} INFO - Filling up the DagBag from /home/airflow/.local/lib/python3.12/site-packages/airflow/example_dags/example_branch_operator.py
[2025-08-17T21:46:03.709+0000] {processor.py:925} INFO - DAG(s) 'example_branch_operator' retrieved from /home/airflow/.local/lib/python3.12/site-packages/airflow/example_dags/example_branch_operator.py
[2025-08-17T21:46:03.733+0000] {logging_mixin.py:190} INFO - [2025-08-17T21:46:03.733+0000] {dag.py:3239} INFO - Sync 1 DAGs
[2025-08-17T21:46:03.755+0000] {logging_mixin.py:190} INFO - [2025-08-17T21:46:03.755+0000] {dag.py:4180} INFO - Setting next_dagrun for example_branch_operator to 2025-08-16 00:00:00+00:00, run_after=2025-08-17 00:00:00+00:00
[2025-08-17T21:46:03.769+0000] {processor.py:208} INFO - Processing /home/airflow/.local/lib/python3.12/site-packages/airflow/example_dags/example_branch_operator.py took 0.085 seconds
[2025-08-17T21:46:34.242+0000] {processor.py:186} INFO - Started process (PID=834) to work on /home/airflow/.local/lib/python3.12/site-packages/airflow/example_dags/example_branch_operator.py
[2025-08-17T21:46:34.242+0000] {processor.py:914} INFO - Processing file /home/airflow/.local/lib/python3.12/site-packages/airflow/example_dags/example_branch_operator.py for tasks to queue
[2025-08-17T21:46:34.244+0000] {logging_mixin.py:190} INFO - [2025-08-17T21:46:34.244+0000] {dagbag.py:588} INFO - Filling up the DagBag from /home/airflow/.local/lib/python3.12/site-packages/airflow/example_dags/example_branch_operator.py
[2025-08-17T21:46:34.261+0000] {processor.py:925} INFO - DAG(s) 'example_branch_operator' retrieved from /home/airflow/.local/lib/python3.12/site-packages/airflow/example_dags/example_branch_operator.py
[2025-08-17T21:46:34.283+0000] {logging_mixin.py:190} INFO - [2025-08-17T21:46:34.283+0000] {dag.py:3239} INFO - Sync 1 DAGs
[2025-08-17T21:46:34.304+0000] {logging_mixin.py:190} INFO - [2025-08-17T21:46:34.303+0000] {dag.py:4180} INFO - Setting next_dagrun for example_branch_operator to 2025-08-16 00:00:00+00:00, run_after=2025-08-17 00:00:00+00:00
[2025-08-17T21:46:34.319+0000] {processor.py:208} INFO - Processing /home/airflow/.local/lib/python3.12/site-packages/airflow/example_dags/example_branch_operator.py took 0.083 seconds
[2025-08-17T21:47:04.558+0000] {processor.py:186} INFO - Started process (PID=897) to work on /home/airflow/.local/lib/python3.12/site-packages/airflow/example_dags/example_branch_operator.py
[2025-08-17T21:47:04.559+0000] {processor.py:914} INFO - Processing file /home/airflow/.local/lib/python3.12/site-packages/airflow/example_dags/example_branch_operator.py for tasks to queue
[2025-08-17T21:47:04.561+0000] {logging_mixin.py:190} INFO - [2025-08-17T21:47:04.561+0000] {dagbag.py:588} INFO - Filling up the DagBag from /home/airflow/.local/lib/python3.12/site-packages/airflow/example_dags/example_branch_operator.py
[2025-08-17T21:47:04.576+0000] {processor.py:925} INFO - DAG(s) 'example_branch_operator' retrieved from /home/airflow/.local/lib/python3.12/site-packages/airflow/example_dags/example_branch_operator.py
[2025-08-17T21:47:04.599+0000] {logging_mixin.py:190} INFO - [2025-08-17T21:47:04.599+0000] {dag.py:3239} INFO - Sync 1 DAGs
[2025-08-17T21:47:04.619+0000] {logging_mixin.py:190} INFO - [2025-08-17T21:47:04.619+0000] {dag.py:4180} INFO - Setting next_dagrun for example_branch_operator to 2025-08-16 00:00:00+00:00, run_after=2025-08-17 00:00:00+00:00
[2025-08-17T21:47:04.633+0000] {processor.py:208} INFO - Processing /home/airflow/.local/lib/python3.12/site-packages/airflow/example_dags/example_branch_operator.py took 0.080 seconds
[2025-08-17T21:47:34.773+0000] {processor.py:186} INFO - Started process (PID=960) to work on /home/airflow/.local/lib/python3.12/site-packages/airflow/example_dags/example_branch_operator.py
[2025-08-17T21:47:34.774+0000] {processor.py:914} INFO - Processing file /home/airflow/.local/lib/python3.12/site-packages/airflow/example_dags/example_branch_operator.py for tasks to queue
[2025-08-17T21:47:34.776+0000] {logging_mixin.py:190} INFO - [2025-08-17T21:47:34.776+0000] {dagbag.py:588} INFO - Filling up the DagBag from /home/airflow/.local/lib/python3.12/site-packages/airflow/example_dags/example_branch_operator.py
[2025-08-17T21:47:34.792+0000] {processor.py:925} INFO - DAG(s) 'example_branch_operator' retrieved from /home/airflow/.local/lib/python3.12/site-packages/airflow/example_dags/example_branch_operator.py
[2025-08-17T21:47:34.817+0000] {logging_mixin.py:190} INFO - [2025-08-17T21:47:34.817+0000] {dag.py:3239} INFO - Sync 1 DAGs
[2025-08-17T21:47:34.845+0000] {logging_mixin.py:190} INFO - [2025-08-17T21:47:34.844+0000] {dag.py:4180} INFO - Setting next_dagrun for example_branch_operator to 2025-08-16 00:00:00+00:00, run_after=2025-08-17 00:00:00+00:00
[2025-08-17T21:47:34.862+0000] {processor.py:208} INFO - Processing /home/airflow/.local/lib/python3.12/site-packages/airflow/example_dags/example_branch_operator.py took 0.094 seconds
[2025-08-17T21:48:04.962+0000] {processor.py:186} INFO - Started process (PID=1023) to work on /home/airflow/.local/lib/python3.12/site-packages/airflow/example_dags/example_branch_operator.py
[2025-08-17T21:48:04.963+0000] {processor.py:914} INFO - Processing file /home/airflow/.local/lib/python3.12/site-packages/airflow/example_dags/example_branch_operator.py for tasks to queue
[2025-08-17T21:48:04.966+0000] {logging_mixin.py:190} INFO - [2025-08-17T21:48:04.966+0000] {dagbag.py:588} INFO - Filling up the DagBag from /home/airflow/.local/lib/python3.12/site-packages/airflow/example_dags/example_branch_operator.py
[2025-08-17T21:48:04.982+0000] {processor.py:925} INFO - DAG(s) 'example_branch_operator' retrieved from /home/airflow/.local/lib/python3.12/site-packages/airflow/example_dags/example_branch_operator.py
[2025-08-17T21:48:05.006+0000] {logging_mixin.py:190} INFO - [2025-08-17T21:48:05.006+0000] {dag.py:3239} INFO - Sync 1 DAGs
[2025-08-17T21:48:05.025+0000] {logging_mixin.py:190} INFO - [2025-08-17T21:48:05.025+0000] {dag.py:4180} INFO - Setting next_dagrun for example_branch_operator to 2025-08-16 00:00:00+00:00, run_after=2025-08-17 00:00:00+00:00
[2025-08-17T21:48:05.043+0000] {processor.py:208} INFO - Processing /home/airflow/.local/lib/python3.12/site-packages/airflow/example_dags/example_branch_operator.py took 0.087 seconds
