[2025-08-17T21:40:28.483+0000] {processor.py:186} INFO - Started process (PID=78) to work on /home/airflow/.local/lib/python3.12/site-packages/airflow/example_dags/example_bash_decorator.py
[2025-08-17T21:40:28.484+0000] {processor.py:914} INFO - Processing file /home/airflow/.local/lib/python3.12/site-packages/airflow/example_dags/example_bash_decorator.py for tasks to queue
[2025-08-17T21:40:28.487+0000] {logging_mixin.py:190} INFO - [2025-08-17T21:40:28.486+0000] {dagbag.py:588} INFO - Filling up the DagBag from /home/airflow/.local/lib/python3.12/site-packages/airflow/example_dags/example_bash_decorator.py
[2025-08-17T21:40:28.502+0000] {processor.py:925} INFO - DAG(s) 'example_bash_decorator' retrieved from /home/airflow/.local/lib/python3.12/site-packages/airflow/example_dags/example_bash_decorator.py
[2025-08-17T21:40:28.622+0000] {logging_mixin.py:190} INFO - [2025-08-17T21:40:28.621+0000] {override.py:1930} INFO - Created Permission View: can read on DAG:example_bash_decorator
[2025-08-17T21:40:28.630+0000] {logging_mixin.py:190} INFO - [2025-08-17T21:40:28.630+0000] {override.py:1930} INFO - Created Permission View: can edit on DAG:example_bash_decorator
[2025-08-17T21:40:28.635+0000] {logging_mixin.py:190} INFO - [2025-08-17T21:40:28.635+0000] {override.py:1930} INFO - Created Permission View: can delete on DAG:example_bash_decorator
[2025-08-17T21:40:28.640+0000] {logging_mixin.py:190} INFO - [2025-08-17T21:40:28.639+0000] {override.py:1930} INFO - Created Permission View: can read on DAG Run:example_bash_decorator
[2025-08-17T21:40:28.644+0000] {logging_mixin.py:190} INFO - [2025-08-17T21:40:28.644+0000] {override.py:1930} INFO - Created Permission View: can create on DAG Run:example_bash_decorator
[2025-08-17T21:40:28.649+0000] {logging_mixin.py:190} INFO - [2025-08-17T21:40:28.649+0000] {override.py:1930} INFO - Created Permission View: can delete on DAG Run:example_bash_decorator
[2025-08-17T21:40:28.653+0000] {logging_mixin.py:190} INFO - [2025-08-17T21:40:28.653+0000] {override.py:1930} INFO - Created Permission View: menu access on DAG Run:example_bash_decorator
[2025-08-17T21:40:28.654+0000] {logging_mixin.py:190} INFO - [2025-08-17T21:40:28.654+0000] {dag.py:3239} INFO - Sync 1 DAGs
[2025-08-17T21:40:28.665+0000] {logging_mixin.py:190} INFO - [2025-08-17T21:40:28.665+0000] {dag.py:3262} INFO - Creating ORM DAG for example_bash_decorator
[2025-08-17T21:40:28.666+0000] {logging_mixin.py:190} INFO - [2025-08-17T21:40:28.666+0000] {dag.py:4180} INFO - Setting next_dagrun for example_bash_decorator to None, run_after=None
[2025-08-17T21:40:28.701+0000] {processor.py:208} INFO - Processing /home/airflow/.local/lib/python3.12/site-packages/airflow/example_dags/example_bash_decorator.py took 0.223 seconds
[2025-08-17T21:40:59.385+0000] {processor.py:186} INFO - Started process (PID=141) to work on /home/airflow/.local/lib/python3.12/site-packages/airflow/example_dags/example_bash_decorator.py
[2025-08-17T21:40:59.386+0000] {processor.py:914} INFO - Processing file /home/airflow/.local/lib/python3.12/site-packages/airflow/example_dags/example_bash_decorator.py for tasks to queue
[2025-08-17T21:40:59.389+0000] {logging_mixin.py:190} INFO - [2025-08-17T21:40:59.388+0000] {dagbag.py:588} INFO - Filling up the DagBag from /home/airflow/.local/lib/python3.12/site-packages/airflow/example_dags/example_bash_decorator.py
[2025-08-17T21:40:59.402+0000] {processor.py:925} INFO - DAG(s) 'example_bash_decorator' retrieved from /home/airflow/.local/lib/python3.12/site-packages/airflow/example_dags/example_bash_decorator.py
[2025-08-17T21:40:59.424+0000] {logging_mixin.py:190} INFO - [2025-08-17T21:40:59.424+0000] {dag.py:3239} INFO - Sync 1 DAGs
[2025-08-17T21:40:59.437+0000] {logging_mixin.py:190} INFO - [2025-08-17T21:40:59.437+0000] {dag.py:4180} INFO - Setting next_dagrun for example_bash_decorator to None, run_after=None
[2025-08-17T21:40:59.454+0000] {processor.py:208} INFO - Processing /home/airflow/.local/lib/python3.12/site-packages/airflow/example_dags/example_bash_decorator.py took 0.074 seconds
[2025-08-17T21:41:29.592+0000] {processor.py:186} INFO - Started process (PID=203) to work on /home/airflow/.local/lib/python3.12/site-packages/airflow/example_dags/example_bash_decorator.py
[2025-08-17T21:41:29.594+0000] {processor.py:914} INFO - Processing file /home/airflow/.local/lib/python3.12/site-packages/airflow/example_dags/example_bash_decorator.py for tasks to queue
[2025-08-17T21:41:29.596+0000] {logging_mixin.py:190} INFO - [2025-08-17T21:41:29.595+0000] {dagbag.py:588} INFO - Filling up the DagBag from /home/airflow/.local/lib/python3.12/site-packages/airflow/example_dags/example_bash_decorator.py
[2025-08-17T21:41:29.609+0000] {processor.py:925} INFO - DAG(s) 'example_bash_decorator' retrieved from /home/airflow/.local/lib/python3.12/site-packages/airflow/example_dags/example_bash_decorator.py
[2025-08-17T21:41:29.628+0000] {logging_mixin.py:190} INFO - [2025-08-17T21:41:29.628+0000] {dag.py:3239} INFO - Sync 1 DAGs
[2025-08-17T21:41:29.639+0000] {logging_mixin.py:190} INFO - [2025-08-17T21:41:29.639+0000] {dag.py:4180} INFO - Setting next_dagrun for example_bash_decorator to None, run_after=None
[2025-08-17T21:41:29.670+0000] {processor.py:208} INFO - Processing /home/airflow/.local/lib/python3.12/site-packages/airflow/example_dags/example_bash_decorator.py took 0.083 seconds
[2025-08-17T21:42:00.212+0000] {processor.py:186} INFO - Started process (PID=266) to work on /home/airflow/.local/lib/python3.12/site-packages/airflow/example_dags/example_bash_decorator.py
[2025-08-17T21:42:00.213+0000] {processor.py:914} INFO - Processing file /home/airflow/.local/lib/python3.12/site-packages/airflow/example_dags/example_bash_decorator.py for tasks to queue
[2025-08-17T21:42:00.216+0000] {logging_mixin.py:190} INFO - [2025-08-17T21:42:00.215+0000] {dagbag.py:588} INFO - Filling up the DagBag from /home/airflow/.local/lib/python3.12/site-packages/airflow/example_dags/example_bash_decorator.py
[2025-08-17T21:42:00.231+0000] {processor.py:925} INFO - DAG(s) 'example_bash_decorator' retrieved from /home/airflow/.local/lib/python3.12/site-packages/airflow/example_dags/example_bash_decorator.py
[2025-08-17T21:42:00.252+0000] {logging_mixin.py:190} INFO - [2025-08-17T21:42:00.252+0000] {dag.py:3239} INFO - Sync 1 DAGs
[2025-08-17T21:42:00.264+0000] {logging_mixin.py:190} INFO - [2025-08-17T21:42:00.264+0000] {dag.py:4180} INFO - Setting next_dagrun for example_bash_decorator to None, run_after=None
[2025-08-17T21:42:00.278+0000] {processor.py:208} INFO - Processing /home/airflow/.local/lib/python3.12/site-packages/airflow/example_dags/example_bash_decorator.py took 0.072 seconds
[2025-08-17T21:42:31.292+0000] {processor.py:186} INFO - Started process (PID=329) to work on /home/airflow/.local/lib/python3.12/site-packages/airflow/example_dags/example_bash_decorator.py
[2025-08-17T21:42:31.293+0000] {processor.py:914} INFO - Processing file /home/airflow/.local/lib/python3.12/site-packages/airflow/example_dags/example_bash_decorator.py for tasks to queue
[2025-08-17T21:42:31.295+0000] {logging_mixin.py:190} INFO - [2025-08-17T21:42:31.295+0000] {dagbag.py:588} INFO - Filling up the DagBag from /home/airflow/.local/lib/python3.12/site-packages/airflow/example_dags/example_bash_decorator.py
[2025-08-17T21:42:31.310+0000] {processor.py:925} INFO - DAG(s) 'example_bash_decorator' retrieved from /home/airflow/.local/lib/python3.12/site-packages/airflow/example_dags/example_bash_decorator.py
[2025-08-17T21:42:31.331+0000] {logging_mixin.py:190} INFO - [2025-08-17T21:42:31.331+0000] {dag.py:3239} INFO - Sync 1 DAGs
[2025-08-17T21:42:31.348+0000] {logging_mixin.py:190} INFO - [2025-08-17T21:42:31.348+0000] {dag.py:4180} INFO - Setting next_dagrun for example_bash_decorator to None, run_after=None
[2025-08-17T21:42:31.373+0000] {processor.py:208} INFO - Processing /home/airflow/.local/lib/python3.12/site-packages/airflow/example_dags/example_bash_decorator.py took 0.089 seconds
[2025-08-17T21:43:01.513+0000] {processor.py:186} INFO - Started process (PID=392) to work on /home/airflow/.local/lib/python3.12/site-packages/airflow/example_dags/example_bash_decorator.py
[2025-08-17T21:43:01.514+0000] {processor.py:914} INFO - Processing file /home/airflow/.local/lib/python3.12/site-packages/airflow/example_dags/example_bash_decorator.py for tasks to queue
[2025-08-17T21:43:01.517+0000] {logging_mixin.py:190} INFO - [2025-08-17T21:43:01.516+0000] {dagbag.py:588} INFO - Filling up the DagBag from /home/airflow/.local/lib/python3.12/site-packages/airflow/example_dags/example_bash_decorator.py
[2025-08-17T21:43:01.530+0000] {processor.py:925} INFO - DAG(s) 'example_bash_decorator' retrieved from /home/airflow/.local/lib/python3.12/site-packages/airflow/example_dags/example_bash_decorator.py
[2025-08-17T21:43:01.555+0000] {logging_mixin.py:190} INFO - [2025-08-17T21:43:01.554+0000] {dag.py:3239} INFO - Sync 1 DAGs
[2025-08-17T21:43:01.567+0000] {logging_mixin.py:190} INFO - [2025-08-17T21:43:01.567+0000] {dag.py:4180} INFO - Setting next_dagrun for example_bash_decorator to None, run_after=None
[2025-08-17T21:43:01.582+0000] {processor.py:208} INFO - Processing /home/airflow/.local/lib/python3.12/site-packages/airflow/example_dags/example_bash_decorator.py took 0.075 seconds
[2025-08-17T21:43:31.644+0000] {processor.py:186} INFO - Started process (PID=455) to work on /home/airflow/.local/lib/python3.12/site-packages/airflow/example_dags/example_bash_decorator.py
[2025-08-17T21:43:31.645+0000] {processor.py:914} INFO - Processing file /home/airflow/.local/lib/python3.12/site-packages/airflow/example_dags/example_bash_decorator.py for tasks to queue
[2025-08-17T21:43:31.647+0000] {logging_mixin.py:190} INFO - [2025-08-17T21:43:31.647+0000] {dagbag.py:588} INFO - Filling up the DagBag from /home/airflow/.local/lib/python3.12/site-packages/airflow/example_dags/example_bash_decorator.py
[2025-08-17T21:43:31.660+0000] {processor.py:925} INFO - DAG(s) 'example_bash_decorator' retrieved from /home/airflow/.local/lib/python3.12/site-packages/airflow/example_dags/example_bash_decorator.py
[2025-08-17T21:43:31.681+0000] {logging_mixin.py:190} INFO - [2025-08-17T21:43:31.681+0000] {dag.py:3239} INFO - Sync 1 DAGs
[2025-08-17T21:43:31.694+0000] {logging_mixin.py:190} INFO - [2025-08-17T21:43:31.694+0000] {dag.py:4180} INFO - Setting next_dagrun for example_bash_decorator to None, run_after=None
[2025-08-17T21:43:31.710+0000] {processor.py:208} INFO - Processing /home/airflow/.local/lib/python3.12/site-packages/airflow/example_dags/example_bash_decorator.py took 0.072 seconds
[2025-08-17T21:44:02.020+0000] {processor.py:186} INFO - Started process (PID=518) to work on /home/airflow/.local/lib/python3.12/site-packages/airflow/example_dags/example_bash_decorator.py
[2025-08-17T21:44:02.021+0000] {processor.py:914} INFO - Processing file /home/airflow/.local/lib/python3.12/site-packages/airflow/example_dags/example_bash_decorator.py for tasks to queue
[2025-08-17T21:44:02.023+0000] {logging_mixin.py:190} INFO - [2025-08-17T21:44:02.023+0000] {dagbag.py:588} INFO - Filling up the DagBag from /home/airflow/.local/lib/python3.12/site-packages/airflow/example_dags/example_bash_decorator.py
[2025-08-17T21:44:02.037+0000] {processor.py:925} INFO - DAG(s) 'example_bash_decorator' retrieved from /home/airflow/.local/lib/python3.12/site-packages/airflow/example_dags/example_bash_decorator.py
[2025-08-17T21:44:02.059+0000] {logging_mixin.py:190} INFO - [2025-08-17T21:44:02.058+0000] {dag.py:3239} INFO - Sync 1 DAGs
[2025-08-17T21:44:02.073+0000] {logging_mixin.py:190} INFO - [2025-08-17T21:44:02.073+0000] {dag.py:4180} INFO - Setting next_dagrun for example_bash_decorator to None, run_after=None
[2025-08-17T21:44:02.092+0000] {processor.py:208} INFO - Processing /home/airflow/.local/lib/python3.12/site-packages/airflow/example_dags/example_bash_decorator.py took 0.078 seconds
[2025-08-17T21:44:32.636+0000] {processor.py:186} INFO - Started process (PID=581) to work on /home/airflow/.local/lib/python3.12/site-packages/airflow/example_dags/example_bash_decorator.py
[2025-08-17T21:44:32.637+0000] {processor.py:914} INFO - Processing file /home/airflow/.local/lib/python3.12/site-packages/airflow/example_dags/example_bash_decorator.py for tasks to queue
[2025-08-17T21:44:32.639+0000] {logging_mixin.py:190} INFO - [2025-08-17T21:44:32.638+0000] {dagbag.py:588} INFO - Filling up the DagBag from /home/airflow/.local/lib/python3.12/site-packages/airflow/example_dags/example_bash_decorator.py
[2025-08-17T21:44:32.652+0000] {processor.py:925} INFO - DAG(s) 'example_bash_decorator' retrieved from /home/airflow/.local/lib/python3.12/site-packages/airflow/example_dags/example_bash_decorator.py
[2025-08-17T21:44:32.672+0000] {logging_mixin.py:190} INFO - [2025-08-17T21:44:32.672+0000] {dag.py:3239} INFO - Sync 1 DAGs
[2025-08-17T21:44:32.684+0000] {logging_mixin.py:190} INFO - [2025-08-17T21:44:32.684+0000] {dag.py:4180} INFO - Setting next_dagrun for example_bash_decorator to None, run_after=None
[2025-08-17T21:44:32.699+0000] {processor.py:208} INFO - Processing /home/airflow/.local/lib/python3.12/site-packages/airflow/example_dags/example_bash_decorator.py took 0.069 seconds
[2025-08-17T21:45:02.933+0000] {processor.py:186} INFO - Started process (PID=644) to work on /home/airflow/.local/lib/python3.12/site-packages/airflow/example_dags/example_bash_decorator.py
[2025-08-17T21:45:02.934+0000] {processor.py:914} INFO - Processing file /home/airflow/.local/lib/python3.12/site-packages/airflow/example_dags/example_bash_decorator.py for tasks to queue
[2025-08-17T21:45:02.936+0000] {logging_mixin.py:190} INFO - [2025-08-17T21:45:02.936+0000] {dagbag.py:588} INFO - Filling up the DagBag from /home/airflow/.local/lib/python3.12/site-packages/airflow/example_dags/example_bash_decorator.py
[2025-08-17T21:45:02.949+0000] {processor.py:925} INFO - DAG(s) 'example_bash_decorator' retrieved from /home/airflow/.local/lib/python3.12/site-packages/airflow/example_dags/example_bash_decorator.py
[2025-08-17T21:45:02.968+0000] {logging_mixin.py:190} INFO - [2025-08-17T21:45:02.968+0000] {dag.py:3239} INFO - Sync 1 DAGs
[2025-08-17T21:45:02.980+0000] {logging_mixin.py:190} INFO - [2025-08-17T21:45:02.980+0000] {dag.py:4180} INFO - Setting next_dagrun for example_bash_decorator to None, run_after=None
[2025-08-17T21:45:02.999+0000] {processor.py:208} INFO - Processing /home/airflow/.local/lib/python3.12/site-packages/airflow/example_dags/example_bash_decorator.py took 0.072 seconds
[2025-08-17T21:45:33.158+0000] {processor.py:186} INFO - Started process (PID=707) to work on /home/airflow/.local/lib/python3.12/site-packages/airflow/example_dags/example_bash_decorator.py
[2025-08-17T21:45:33.158+0000] {processor.py:914} INFO - Processing file /home/airflow/.local/lib/python3.12/site-packages/airflow/example_dags/example_bash_decorator.py for tasks to queue
[2025-08-17T21:45:33.161+0000] {logging_mixin.py:190} INFO - [2025-08-17T21:45:33.160+0000] {dagbag.py:588} INFO - Filling up the DagBag from /home/airflow/.local/lib/python3.12/site-packages/airflow/example_dags/example_bash_decorator.py
[2025-08-17T21:45:33.173+0000] {processor.py:925} INFO - DAG(s) 'example_bash_decorator' retrieved from /home/airflow/.local/lib/python3.12/site-packages/airflow/example_dags/example_bash_decorator.py
[2025-08-17T21:45:33.195+0000] {logging_mixin.py:190} INFO - [2025-08-17T21:45:33.195+0000] {dag.py:3239} INFO - Sync 1 DAGs
[2025-08-17T21:45:33.207+0000] {logging_mixin.py:190} INFO - [2025-08-17T21:45:33.207+0000] {dag.py:4180} INFO - Setting next_dagrun for example_bash_decorator to None, run_after=None
[2025-08-17T21:45:33.221+0000] {processor.py:208} INFO - Processing /home/airflow/.local/lib/python3.12/site-packages/airflow/example_dags/example_bash_decorator.py took 0.069 seconds
[2025-08-17T21:46:03.603+0000] {processor.py:186} INFO - Started process (PID=770) to work on /home/airflow/.local/lib/python3.12/site-packages/airflow/example_dags/example_bash_decorator.py
[2025-08-17T21:46:03.604+0000] {processor.py:914} INFO - Processing file /home/airflow/.local/lib/python3.12/site-packages/airflow/example_dags/example_bash_decorator.py for tasks to queue
[2025-08-17T21:46:03.607+0000] {logging_mixin.py:190} INFO - [2025-08-17T21:46:03.607+0000] {dagbag.py:588} INFO - Filling up the DagBag from /home/airflow/.local/lib/python3.12/site-packages/airflow/example_dags/example_bash_decorator.py
[2025-08-17T21:46:03.620+0000] {processor.py:925} INFO - DAG(s) 'example_bash_decorator' retrieved from /home/airflow/.local/lib/python3.12/site-packages/airflow/example_dags/example_bash_decorator.py
[2025-08-17T21:46:03.642+0000] {logging_mixin.py:190} INFO - [2025-08-17T21:46:03.641+0000] {dag.py:3239} INFO - Sync 1 DAGs
[2025-08-17T21:46:03.654+0000] {logging_mixin.py:190} INFO - [2025-08-17T21:46:03.653+0000] {dag.py:4180} INFO - Setting next_dagrun for example_bash_decorator to None, run_after=None
[2025-08-17T21:46:03.669+0000] {processor.py:208} INFO - Processing /home/airflow/.local/lib/python3.12/site-packages/airflow/example_dags/example_bash_decorator.py took 0.071 seconds
[2025-08-17T21:46:34.132+0000] {processor.py:186} INFO - Started process (PID=833) to work on /home/airflow/.local/lib/python3.12/site-packages/airflow/example_dags/example_bash_decorator.py
[2025-08-17T21:46:34.133+0000] {processor.py:914} INFO - Processing file /home/airflow/.local/lib/python3.12/site-packages/airflow/example_dags/example_bash_decorator.py for tasks to queue
[2025-08-17T21:46:34.135+0000] {logging_mixin.py:190} INFO - [2025-08-17T21:46:34.134+0000] {dagbag.py:588} INFO - Filling up the DagBag from /home/airflow/.local/lib/python3.12/site-packages/airflow/example_dags/example_bash_decorator.py
[2025-08-17T21:46:34.149+0000] {processor.py:925} INFO - DAG(s) 'example_bash_decorator' retrieved from /home/airflow/.local/lib/python3.12/site-packages/airflow/example_dags/example_bash_decorator.py
[2025-08-17T21:46:34.171+0000] {logging_mixin.py:190} INFO - [2025-08-17T21:46:34.170+0000] {dag.py:3239} INFO - Sync 1 DAGs
[2025-08-17T21:46:34.183+0000] {logging_mixin.py:190} INFO - [2025-08-17T21:46:34.183+0000] {dag.py:4180} INFO - Setting next_dagrun for example_bash_decorator to None, run_after=None
[2025-08-17T21:46:34.201+0000] {processor.py:208} INFO - Processing /home/airflow/.local/lib/python3.12/site-packages/airflow/example_dags/example_bash_decorator.py took 0.074 seconds
[2025-08-17T21:47:04.556+0000] {processor.py:186} INFO - Started process (PID=896) to work on /home/airflow/.local/lib/python3.12/site-packages/airflow/example_dags/example_bash_decorator.py
[2025-08-17T21:47:04.556+0000] {processor.py:914} INFO - Processing file /home/airflow/.local/lib/python3.12/site-packages/airflow/example_dags/example_bash_decorator.py for tasks to queue
[2025-08-17T21:47:04.558+0000] {logging_mixin.py:190} INFO - [2025-08-17T21:47:04.558+0000] {dagbag.py:588} INFO - Filling up the DagBag from /home/airflow/.local/lib/python3.12/site-packages/airflow/example_dags/example_bash_decorator.py
[2025-08-17T21:47:04.572+0000] {processor.py:925} INFO - DAG(s) 'example_bash_decorator' retrieved from /home/airflow/.local/lib/python3.12/site-packages/airflow/example_dags/example_bash_decorator.py
[2025-08-17T21:47:04.593+0000] {logging_mixin.py:190} INFO - [2025-08-17T21:47:04.593+0000] {dag.py:3239} INFO - Sync 1 DAGs
[2025-08-17T21:47:04.605+0000] {logging_mixin.py:190} INFO - [2025-08-17T21:47:04.605+0000] {dag.py:4180} INFO - Setting next_dagrun for example_bash_decorator to None, run_after=None
[2025-08-17T21:47:04.623+0000] {processor.py:208} INFO - Processing /home/airflow/.local/lib/python3.12/site-packages/airflow/example_dags/example_bash_decorator.py took 0.075 seconds
[2025-08-17T21:47:34.745+0000] {processor.py:186} INFO - Started process (PID=959) to work on /home/airflow/.local/lib/python3.12/site-packages/airflow/example_dags/example_bash_decorator.py
[2025-08-17T21:47:34.746+0000] {processor.py:914} INFO - Processing file /home/airflow/.local/lib/python3.12/site-packages/airflow/example_dags/example_bash_decorator.py for tasks to queue
[2025-08-17T21:47:34.749+0000] {logging_mixin.py:190} INFO - [2025-08-17T21:47:34.748+0000] {dagbag.py:588} INFO - Filling up the DagBag from /home/airflow/.local/lib/python3.12/site-packages/airflow/example_dags/example_bash_decorator.py
[2025-08-17T21:47:34.764+0000] {processor.py:925} INFO - DAG(s) 'example_bash_decorator' retrieved from /home/airflow/.local/lib/python3.12/site-packages/airflow/example_dags/example_bash_decorator.py
[2025-08-17T21:47:34.783+0000] {logging_mixin.py:190} INFO - [2025-08-17T21:47:34.783+0000] {dag.py:3239} INFO - Sync 1 DAGs
[2025-08-17T21:47:34.795+0000] {logging_mixin.py:190} INFO - [2025-08-17T21:47:34.795+0000] {dag.py:4180} INFO - Setting next_dagrun for example_bash_decorator to None, run_after=None
[2025-08-17T21:47:34.817+0000] {processor.py:208} INFO - Processing /home/airflow/.local/lib/python3.12/site-packages/airflow/example_dags/example_bash_decorator.py took 0.077 seconds
[2025-08-17T21:48:04.946+0000] {processor.py:186} INFO - Started process (PID=1022) to work on /home/airflow/.local/lib/python3.12/site-packages/airflow/example_dags/example_bash_decorator.py
[2025-08-17T21:48:04.947+0000] {processor.py:914} INFO - Processing file /home/airflow/.local/lib/python3.12/site-packages/airflow/example_dags/example_bash_decorator.py for tasks to queue
[2025-08-17T21:48:04.950+0000] {logging_mixin.py:190} INFO - [2025-08-17T21:48:04.949+0000] {dagbag.py:588} INFO - Filling up the DagBag from /home/airflow/.local/lib/python3.12/site-packages/airflow/example_dags/example_bash_decorator.py
[2025-08-17T21:48:04.963+0000] {processor.py:925} INFO - DAG(s) 'example_bash_decorator' retrieved from /home/airflow/.local/lib/python3.12/site-packages/airflow/example_dags/example_bash_decorator.py
[2025-08-17T21:48:04.982+0000] {logging_mixin.py:190} INFO - [2025-08-17T21:48:04.982+0000] {dag.py:3239} INFO - Sync 1 DAGs
[2025-08-17T21:48:04.995+0000] {logging_mixin.py:190} INFO - [2025-08-17T21:48:04.994+0000] {dag.py:4180} INFO - Setting next_dagrun for example_bash_decorator to None, run_after=None
[2025-08-17T21:48:05.015+0000] {processor.py:208} INFO - Processing /home/airflow/.local/lib/python3.12/site-packages/airflow/example_dags/example_bash_decorator.py took 0.075 seconds
