[2025-08-17T21:40:25.326+0000] {processor.py:186} INFO - Started process (PID=57) to work on /home/airflow/.local/lib/python3.12/site-packages/airflow/example_dags/example_python_operator.py
[2025-08-17T21:40:25.327+0000] {processor.py:914} INFO - Processing file /home/airflow/.local/lib/python3.12/site-packages/airflow/example_dags/example_python_operator.py for tasks to queue
[2025-08-17T21:40:25.330+0000] {logging_mixin.py:190} INFO - [2025-08-17T21:40:25.329+0000] {dagbag.py:588} INFO - Filling up the DagBag from /home/airflow/.local/lib/python3.12/site-packages/airflow/example_dags/example_python_operator.py
[2025-08-17T21:40:25.357+0000] {processor.py:925} INFO - DAG(s) 'example_python_operator' retrieved from /home/airflow/.local/lib/python3.12/site-packages/airflow/example_dags/example_python_operator.py
[2025-08-17T21:40:25.595+0000] {logging_mixin.py:190} INFO - [2025-08-17T21:40:25.594+0000] {override.py:1930} INFO - Created Permission View: can read on DAG:example_python_operator
[2025-08-17T21:40:25.603+0000] {logging_mixin.py:190} INFO - [2025-08-17T21:40:25.603+0000] {override.py:1930} INFO - Created Permission View: can edit on DAG:example_python_operator
[2025-08-17T21:40:25.609+0000] {logging_mixin.py:190} INFO - [2025-08-17T21:40:25.609+0000] {override.py:1930} INFO - Created Permission View: can delete on DAG:example_python_operator
[2025-08-17T21:40:25.616+0000] {logging_mixin.py:190} INFO - [2025-08-17T21:40:25.616+0000] {override.py:1930} INFO - Created Permission View: can read on DAG Run:example_python_operator
[2025-08-17T21:40:25.621+0000] {logging_mixin.py:190} INFO - [2025-08-17T21:40:25.621+0000] {override.py:1930} INFO - Created Permission View: can create on DAG Run:example_python_operator
[2025-08-17T21:40:25.627+0000] {logging_mixin.py:190} INFO - [2025-08-17T21:40:25.627+0000] {override.py:1930} INFO - Created Permission View: can delete on DAG Run:example_python_operator
[2025-08-17T21:40:25.632+0000] {logging_mixin.py:190} INFO - [2025-08-17T21:40:25.632+0000] {override.py:1930} INFO - Created Permission View: menu access on DAG Run:example_python_operator
[2025-08-17T21:40:25.633+0000] {logging_mixin.py:190} INFO - [2025-08-17T21:40:25.633+0000] {dag.py:3239} INFO - Sync 1 DAGs
[2025-08-17T21:40:25.644+0000] {logging_mixin.py:190} INFO - [2025-08-17T21:40:25.644+0000] {dag.py:3262} INFO - Creating ORM DAG for example_python_operator
[2025-08-17T21:40:25.645+0000] {logging_mixin.py:190} INFO - [2025-08-17T21:40:25.645+0000] {dag.py:4180} INFO - Setting next_dagrun for example_python_operator to None, run_after=None
[2025-08-17T21:40:25.682+0000] {processor.py:208} INFO - Processing /home/airflow/.local/lib/python3.12/site-packages/airflow/example_dags/example_python_operator.py took 0.362 seconds
[2025-08-17T21:40:56.268+0000] {processor.py:186} INFO - Started process (PID=120) to work on /home/airflow/.local/lib/python3.12/site-packages/airflow/example_dags/example_python_operator.py
[2025-08-17T21:40:56.269+0000] {processor.py:914} INFO - Processing file /home/airflow/.local/lib/python3.12/site-packages/airflow/example_dags/example_python_operator.py for tasks to queue
[2025-08-17T21:40:56.271+0000] {logging_mixin.py:190} INFO - [2025-08-17T21:40:56.271+0000] {dagbag.py:588} INFO - Filling up the DagBag from /home/airflow/.local/lib/python3.12/site-packages/airflow/example_dags/example_python_operator.py
[2025-08-17T21:40:56.282+0000] {processor.py:925} INFO - DAG(s) 'example_python_operator' retrieved from /home/airflow/.local/lib/python3.12/site-packages/airflow/example_dags/example_python_operator.py
[2025-08-17T21:40:56.302+0000] {logging_mixin.py:190} INFO - [2025-08-17T21:40:56.302+0000] {dag.py:3239} INFO - Sync 1 DAGs
[2025-08-17T21:40:56.314+0000] {logging_mixin.py:190} INFO - [2025-08-17T21:40:56.314+0000] {dag.py:4180} INFO - Setting next_dagrun for example_python_operator to None, run_after=None
[2025-08-17T21:40:56.332+0000] {processor.py:208} INFO - Processing /home/airflow/.local/lib/python3.12/site-packages/airflow/example_dags/example_python_operator.py took 0.071 seconds
[2025-08-17T21:41:26.684+0000] {processor.py:186} INFO - Started process (PID=183) to work on /home/airflow/.local/lib/python3.12/site-packages/airflow/example_dags/example_python_operator.py
[2025-08-17T21:41:26.684+0000] {processor.py:914} INFO - Processing file /home/airflow/.local/lib/python3.12/site-packages/airflow/example_dags/example_python_operator.py for tasks to queue
[2025-08-17T21:41:26.686+0000] {logging_mixin.py:190} INFO - [2025-08-17T21:41:26.686+0000] {dagbag.py:588} INFO - Filling up the DagBag from /home/airflow/.local/lib/python3.12/site-packages/airflow/example_dags/example_python_operator.py
[2025-08-17T21:41:26.697+0000] {processor.py:925} INFO - DAG(s) 'example_python_operator' retrieved from /home/airflow/.local/lib/python3.12/site-packages/airflow/example_dags/example_python_operator.py
[2025-08-17T21:41:26.716+0000] {logging_mixin.py:190} INFO - [2025-08-17T21:41:26.716+0000] {dag.py:3239} INFO - Sync 1 DAGs
[2025-08-17T21:41:26.726+0000] {logging_mixin.py:190} INFO - [2025-08-17T21:41:26.726+0000] {dag.py:4180} INFO - Setting next_dagrun for example_python_operator to None, run_after=None
[2025-08-17T21:41:26.745+0000] {processor.py:208} INFO - Processing /home/airflow/.local/lib/python3.12/site-packages/airflow/example_dags/example_python_operator.py took 0.066 seconds
[2025-08-17T21:41:57.297+0000] {processor.py:186} INFO - Started process (PID=246) to work on /home/airflow/.local/lib/python3.12/site-packages/airflow/example_dags/example_python_operator.py
[2025-08-17T21:41:57.298+0000] {processor.py:914} INFO - Processing file /home/airflow/.local/lib/python3.12/site-packages/airflow/example_dags/example_python_operator.py for tasks to queue
[2025-08-17T21:41:57.300+0000] {logging_mixin.py:190} INFO - [2025-08-17T21:41:57.300+0000] {dagbag.py:588} INFO - Filling up the DagBag from /home/airflow/.local/lib/python3.12/site-packages/airflow/example_dags/example_python_operator.py
[2025-08-17T21:41:57.314+0000] {processor.py:925} INFO - DAG(s) 'example_python_operator' retrieved from /home/airflow/.local/lib/python3.12/site-packages/airflow/example_dags/example_python_operator.py
[2025-08-17T21:41:57.335+0000] {logging_mixin.py:190} INFO - [2025-08-17T21:41:57.335+0000] {dag.py:3239} INFO - Sync 1 DAGs
[2025-08-17T21:41:57.348+0000] {logging_mixin.py:190} INFO - [2025-08-17T21:41:57.348+0000] {dag.py:4180} INFO - Setting next_dagrun for example_python_operator to None, run_after=None
[2025-08-17T21:41:57.363+0000] {processor.py:208} INFO - Processing /home/airflow/.local/lib/python3.12/site-packages/airflow/example_dags/example_python_operator.py took 0.072 seconds
[2025-08-17T21:42:28.082+0000] {processor.py:186} INFO - Started process (PID=315) to work on /home/airflow/.local/lib/python3.12/site-packages/airflow/example_dags/example_python_operator.py
[2025-08-17T21:42:28.083+0000] {processor.py:914} INFO - Processing file /home/airflow/.local/lib/python3.12/site-packages/airflow/example_dags/example_python_operator.py for tasks to queue
[2025-08-17T21:42:28.085+0000] {logging_mixin.py:190} INFO - [2025-08-17T21:42:28.085+0000] {dagbag.py:588} INFO - Filling up the DagBag from /home/airflow/.local/lib/python3.12/site-packages/airflow/example_dags/example_python_operator.py
[2025-08-17T21:42:28.096+0000] {processor.py:925} INFO - DAG(s) 'example_python_operator' retrieved from /home/airflow/.local/lib/python3.12/site-packages/airflow/example_dags/example_python_operator.py
[2025-08-17T21:42:28.120+0000] {logging_mixin.py:190} INFO - [2025-08-17T21:42:28.119+0000] {dag.py:3239} INFO - Sync 1 DAGs
[2025-08-17T21:42:28.132+0000] {logging_mixin.py:190} INFO - [2025-08-17T21:42:28.132+0000] {dag.py:4180} INFO - Setting next_dagrun for example_python_operator to None, run_after=None
[2025-08-17T21:42:28.149+0000] {processor.py:208} INFO - Processing /home/airflow/.local/lib/python3.12/site-packages/airflow/example_dags/example_python_operator.py took 0.074 seconds
[2025-08-17T21:42:58.664+0000] {processor.py:186} INFO - Started process (PID=378) to work on /home/airflow/.local/lib/python3.12/site-packages/airflow/example_dags/example_python_operator.py
[2025-08-17T21:42:58.666+0000] {processor.py:914} INFO - Processing file /home/airflow/.local/lib/python3.12/site-packages/airflow/example_dags/example_python_operator.py for tasks to queue
[2025-08-17T21:42:58.669+0000] {logging_mixin.py:190} INFO - [2025-08-17T21:42:58.669+0000] {dagbag.py:588} INFO - Filling up the DagBag from /home/airflow/.local/lib/python3.12/site-packages/airflow/example_dags/example_python_operator.py
[2025-08-17T21:42:58.680+0000] {processor.py:925} INFO - DAG(s) 'example_python_operator' retrieved from /home/airflow/.local/lib/python3.12/site-packages/airflow/example_dags/example_python_operator.py
[2025-08-17T21:42:58.702+0000] {logging_mixin.py:190} INFO - [2025-08-17T21:42:58.701+0000] {dag.py:3239} INFO - Sync 1 DAGs
[2025-08-17T21:42:58.715+0000] {logging_mixin.py:190} INFO - [2025-08-17T21:42:58.715+0000] {dag.py:4180} INFO - Setting next_dagrun for example_python_operator to None, run_after=None
[2025-08-17T21:42:58.739+0000] {processor.py:208} INFO - Processing /home/airflow/.local/lib/python3.12/site-packages/airflow/example_dags/example_python_operator.py took 0.082 seconds
[2025-08-17T21:43:28.858+0000] {processor.py:186} INFO - Started process (PID=441) to work on /home/airflow/.local/lib/python3.12/site-packages/airflow/example_dags/example_python_operator.py
[2025-08-17T21:43:28.859+0000] {processor.py:914} INFO - Processing file /home/airflow/.local/lib/python3.12/site-packages/airflow/example_dags/example_python_operator.py for tasks to queue
[2025-08-17T21:43:28.861+0000] {logging_mixin.py:190} INFO - [2025-08-17T21:43:28.861+0000] {dagbag.py:588} INFO - Filling up the DagBag from /home/airflow/.local/lib/python3.12/site-packages/airflow/example_dags/example_python_operator.py
[2025-08-17T21:43:28.872+0000] {processor.py:925} INFO - DAG(s) 'example_python_operator' retrieved from /home/airflow/.local/lib/python3.12/site-packages/airflow/example_dags/example_python_operator.py
[2025-08-17T21:43:28.892+0000] {logging_mixin.py:190} INFO - [2025-08-17T21:43:28.891+0000] {dag.py:3239} INFO - Sync 1 DAGs
[2025-08-17T21:43:28.903+0000] {logging_mixin.py:190} INFO - [2025-08-17T21:43:28.903+0000] {dag.py:4180} INFO - Setting next_dagrun for example_python_operator to None, run_after=None
[2025-08-17T21:43:28.918+0000] {processor.py:208} INFO - Processing /home/airflow/.local/lib/python3.12/site-packages/airflow/example_dags/example_python_operator.py took 0.066 seconds
[2025-08-17T21:43:59.133+0000] {processor.py:186} INFO - Started process (PID=504) to work on /home/airflow/.local/lib/python3.12/site-packages/airflow/example_dags/example_python_operator.py
[2025-08-17T21:43:59.134+0000] {processor.py:914} INFO - Processing file /home/airflow/.local/lib/python3.12/site-packages/airflow/example_dags/example_python_operator.py for tasks to queue
[2025-08-17T21:43:59.136+0000] {logging_mixin.py:190} INFO - [2025-08-17T21:43:59.136+0000] {dagbag.py:588} INFO - Filling up the DagBag from /home/airflow/.local/lib/python3.12/site-packages/airflow/example_dags/example_python_operator.py
[2025-08-17T21:43:59.149+0000] {processor.py:925} INFO - DAG(s) 'example_python_operator' retrieved from /home/airflow/.local/lib/python3.12/site-packages/airflow/example_dags/example_python_operator.py
[2025-08-17T21:43:59.170+0000] {logging_mixin.py:190} INFO - [2025-08-17T21:43:59.170+0000] {dag.py:3239} INFO - Sync 1 DAGs
[2025-08-17T21:43:59.184+0000] {logging_mixin.py:190} INFO - [2025-08-17T21:43:59.184+0000] {dag.py:4180} INFO - Setting next_dagrun for example_python_operator to None, run_after=None
[2025-08-17T21:43:59.202+0000] {processor.py:208} INFO - Processing /home/airflow/.local/lib/python3.12/site-packages/airflow/example_dags/example_python_operator.py took 0.076 seconds
[2025-08-17T21:44:29.911+0000] {processor.py:186} INFO - Started process (PID=567) to work on /home/airflow/.local/lib/python3.12/site-packages/airflow/example_dags/example_python_operator.py
[2025-08-17T21:44:29.912+0000] {processor.py:914} INFO - Processing file /home/airflow/.local/lib/python3.12/site-packages/airflow/example_dags/example_python_operator.py for tasks to queue
[2025-08-17T21:44:29.915+0000] {logging_mixin.py:190} INFO - [2025-08-17T21:44:29.915+0000] {dagbag.py:588} INFO - Filling up the DagBag from /home/airflow/.local/lib/python3.12/site-packages/airflow/example_dags/example_python_operator.py
[2025-08-17T21:44:29.929+0000] {processor.py:925} INFO - DAG(s) 'example_python_operator' retrieved from /home/airflow/.local/lib/python3.12/site-packages/airflow/example_dags/example_python_operator.py
[2025-08-17T21:44:29.952+0000] {logging_mixin.py:190} INFO - [2025-08-17T21:44:29.952+0000] {dag.py:3239} INFO - Sync 1 DAGs
[2025-08-17T21:44:29.965+0000] {logging_mixin.py:190} INFO - [2025-08-17T21:44:29.965+0000] {dag.py:4180} INFO - Setting next_dagrun for example_python_operator to None, run_after=None
[2025-08-17T21:44:29.986+0000] {processor.py:208} INFO - Processing /home/airflow/.local/lib/python3.12/site-packages/airflow/example_dags/example_python_operator.py took 0.082 seconds
[2025-08-17T21:45:00.136+0000] {processor.py:186} INFO - Started process (PID=630) to work on /home/airflow/.local/lib/python3.12/site-packages/airflow/example_dags/example_python_operator.py
[2025-08-17T21:45:00.137+0000] {processor.py:914} INFO - Processing file /home/airflow/.local/lib/python3.12/site-packages/airflow/example_dags/example_python_operator.py for tasks to queue
[2025-08-17T21:45:00.139+0000] {logging_mixin.py:190} INFO - [2025-08-17T21:45:00.139+0000] {dagbag.py:588} INFO - Filling up the DagBag from /home/airflow/.local/lib/python3.12/site-packages/airflow/example_dags/example_python_operator.py
[2025-08-17T21:45:00.151+0000] {processor.py:925} INFO - DAG(s) 'example_python_operator' retrieved from /home/airflow/.local/lib/python3.12/site-packages/airflow/example_dags/example_python_operator.py
[2025-08-17T21:45:00.171+0000] {logging_mixin.py:190} INFO - [2025-08-17T21:45:00.170+0000] {dag.py:3239} INFO - Sync 1 DAGs
[2025-08-17T21:45:00.183+0000] {logging_mixin.py:190} INFO - [2025-08-17T21:45:00.183+0000] {dag.py:4180} INFO - Setting next_dagrun for example_python_operator to None, run_after=None
[2025-08-17T21:45:00.205+0000] {processor.py:208} INFO - Processing /home/airflow/.local/lib/python3.12/site-packages/airflow/example_dags/example_python_operator.py took 0.074 seconds
[2025-08-17T21:45:30.432+0000] {processor.py:186} INFO - Started process (PID=693) to work on /home/airflow/.local/lib/python3.12/site-packages/airflow/example_dags/example_python_operator.py
[2025-08-17T21:45:30.433+0000] {processor.py:914} INFO - Processing file /home/airflow/.local/lib/python3.12/site-packages/airflow/example_dags/example_python_operator.py for tasks to queue
[2025-08-17T21:45:30.435+0000] {logging_mixin.py:190} INFO - [2025-08-17T21:45:30.435+0000] {dagbag.py:588} INFO - Filling up the DagBag from /home/airflow/.local/lib/python3.12/site-packages/airflow/example_dags/example_python_operator.py
[2025-08-17T21:45:30.447+0000] {processor.py:925} INFO - DAG(s) 'example_python_operator' retrieved from /home/airflow/.local/lib/python3.12/site-packages/airflow/example_dags/example_python_operator.py
[2025-08-17T21:45:30.467+0000] {logging_mixin.py:190} INFO - [2025-08-17T21:45:30.466+0000] {dag.py:3239} INFO - Sync 1 DAGs
[2025-08-17T21:45:30.480+0000] {logging_mixin.py:190} INFO - [2025-08-17T21:45:30.480+0000] {dag.py:4180} INFO - Setting next_dagrun for example_python_operator to None, run_after=None
[2025-08-17T21:45:30.497+0000] {processor.py:208} INFO - Processing /home/airflow/.local/lib/python3.12/site-packages/airflow/example_dags/example_python_operator.py took 0.071 seconds
[2025-08-17T21:46:00.742+0000] {processor.py:186} INFO - Started process (PID=756) to work on /home/airflow/.local/lib/python3.12/site-packages/airflow/example_dags/example_python_operator.py
[2025-08-17T21:46:00.743+0000] {processor.py:914} INFO - Processing file /home/airflow/.local/lib/python3.12/site-packages/airflow/example_dags/example_python_operator.py for tasks to queue
[2025-08-17T21:46:00.745+0000] {logging_mixin.py:190} INFO - [2025-08-17T21:46:00.745+0000] {dagbag.py:588} INFO - Filling up the DagBag from /home/airflow/.local/lib/python3.12/site-packages/airflow/example_dags/example_python_operator.py
[2025-08-17T21:46:00.757+0000] {processor.py:925} INFO - DAG(s) 'example_python_operator' retrieved from /home/airflow/.local/lib/python3.12/site-packages/airflow/example_dags/example_python_operator.py
[2025-08-17T21:46:00.779+0000] {logging_mixin.py:190} INFO - [2025-08-17T21:46:00.779+0000] {dag.py:3239} INFO - Sync 1 DAGs
[2025-08-17T21:46:00.794+0000] {logging_mixin.py:190} INFO - [2025-08-17T21:46:00.793+0000] {dag.py:4180} INFO - Setting next_dagrun for example_python_operator to None, run_after=None
[2025-08-17T21:46:00.813+0000] {processor.py:208} INFO - Processing /home/airflow/.local/lib/python3.12/site-packages/airflow/example_dags/example_python_operator.py took 0.077 seconds
[2025-08-17T21:46:31.435+0000] {processor.py:186} INFO - Started process (PID=819) to work on /home/airflow/.local/lib/python3.12/site-packages/airflow/example_dags/example_python_operator.py
[2025-08-17T21:46:31.436+0000] {processor.py:914} INFO - Processing file /home/airflow/.local/lib/python3.12/site-packages/airflow/example_dags/example_python_operator.py for tasks to queue
[2025-08-17T21:46:31.439+0000] {logging_mixin.py:190} INFO - [2025-08-17T21:46:31.439+0000] {dagbag.py:588} INFO - Filling up the DagBag from /home/airflow/.local/lib/python3.12/site-packages/airflow/example_dags/example_python_operator.py
[2025-08-17T21:46:31.452+0000] {processor.py:925} INFO - DAG(s) 'example_python_operator' retrieved from /home/airflow/.local/lib/python3.12/site-packages/airflow/example_dags/example_python_operator.py
[2025-08-17T21:46:31.475+0000] {logging_mixin.py:190} INFO - [2025-08-17T21:46:31.474+0000] {dag.py:3239} INFO - Sync 1 DAGs
[2025-08-17T21:46:31.488+0000] {logging_mixin.py:190} INFO - [2025-08-17T21:46:31.488+0000] {dag.py:4180} INFO - Setting next_dagrun for example_python_operator to None, run_after=None
[2025-08-17T21:46:31.508+0000] {processor.py:208} INFO - Processing /home/airflow/.local/lib/python3.12/site-packages/airflow/example_dags/example_python_operator.py took 0.079 seconds
[2025-08-17T21:47:01.608+0000] {processor.py:186} INFO - Started process (PID=882) to work on /home/airflow/.local/lib/python3.12/site-packages/airflow/example_dags/example_python_operator.py
[2025-08-17T21:47:01.609+0000] {processor.py:914} INFO - Processing file /home/airflow/.local/lib/python3.12/site-packages/airflow/example_dags/example_python_operator.py for tasks to queue
[2025-08-17T21:47:01.612+0000] {logging_mixin.py:190} INFO - [2025-08-17T21:47:01.611+0000] {dagbag.py:588} INFO - Filling up the DagBag from /home/airflow/.local/lib/python3.12/site-packages/airflow/example_dags/example_python_operator.py
[2025-08-17T21:47:01.624+0000] {processor.py:925} INFO - DAG(s) 'example_python_operator' retrieved from /home/airflow/.local/lib/python3.12/site-packages/airflow/example_dags/example_python_operator.py
[2025-08-17T21:47:01.645+0000] {logging_mixin.py:190} INFO - [2025-08-17T21:47:01.644+0000] {dag.py:3239} INFO - Sync 1 DAGs
[2025-08-17T21:47:01.657+0000] {logging_mixin.py:190} INFO - [2025-08-17T21:47:01.657+0000] {dag.py:4180} INFO - Setting next_dagrun for example_python_operator to None, run_after=None
[2025-08-17T21:47:01.676+0000] {processor.py:208} INFO - Processing /home/airflow/.local/lib/python3.12/site-packages/airflow/example_dags/example_python_operator.py took 0.073 seconds
[2025-08-17T21:47:31.921+0000] {processor.py:186} INFO - Started process (PID=945) to work on /home/airflow/.local/lib/python3.12/site-packages/airflow/example_dags/example_python_operator.py
[2025-08-17T21:47:31.922+0000] {processor.py:914} INFO - Processing file /home/airflow/.local/lib/python3.12/site-packages/airflow/example_dags/example_python_operator.py for tasks to queue
[2025-08-17T21:47:31.924+0000] {logging_mixin.py:190} INFO - [2025-08-17T21:47:31.924+0000] {dagbag.py:588} INFO - Filling up the DagBag from /home/airflow/.local/lib/python3.12/site-packages/airflow/example_dags/example_python_operator.py
[2025-08-17T21:47:31.938+0000] {processor.py:925} INFO - DAG(s) 'example_python_operator' retrieved from /home/airflow/.local/lib/python3.12/site-packages/airflow/example_dags/example_python_operator.py
[2025-08-17T21:47:31.959+0000] {logging_mixin.py:190} INFO - [2025-08-17T21:47:31.959+0000] {dag.py:3239} INFO - Sync 1 DAGs
[2025-08-17T21:47:31.972+0000] {logging_mixin.py:190} INFO - [2025-08-17T21:47:31.972+0000] {dag.py:4180} INFO - Setting next_dagrun for example_python_operator to None, run_after=None
[2025-08-17T21:47:31.992+0000] {processor.py:208} INFO - Processing /home/airflow/.local/lib/python3.12/site-packages/airflow/example_dags/example_python_operator.py took 0.077 seconds
[2025-08-17T21:48:02.121+0000] {processor.py:186} INFO - Started process (PID=1008) to work on /home/airflow/.local/lib/python3.12/site-packages/airflow/example_dags/example_python_operator.py
[2025-08-17T21:48:02.123+0000] {processor.py:914} INFO - Processing file /home/airflow/.local/lib/python3.12/site-packages/airflow/example_dags/example_python_operator.py for tasks to queue
[2025-08-17T21:48:02.125+0000] {logging_mixin.py:190} INFO - [2025-08-17T21:48:02.125+0000] {dagbag.py:588} INFO - Filling up the DagBag from /home/airflow/.local/lib/python3.12/site-packages/airflow/example_dags/example_python_operator.py
[2025-08-17T21:48:02.138+0000] {processor.py:925} INFO - DAG(s) 'example_python_operator' retrieved from /home/airflow/.local/lib/python3.12/site-packages/airflow/example_dags/example_python_operator.py
[2025-08-17T21:48:02.158+0000] {logging_mixin.py:190} INFO - [2025-08-17T21:48:02.158+0000] {dag.py:3239} INFO - Sync 1 DAGs
[2025-08-17T21:48:02.171+0000] {logging_mixin.py:190} INFO - [2025-08-17T21:48:02.171+0000] {dag.py:4180} INFO - Setting next_dagrun for example_python_operator to None, run_after=None
[2025-08-17T21:48:02.189+0000] {processor.py:208} INFO - Processing /home/airflow/.local/lib/python3.12/site-packages/airflow/example_dags/example_python_operator.py took 0.073 seconds
