[2025-08-17T21:40:29.257+0000] {processor.py:186} INFO - Started process (PID=83) to work on /home/airflow/.local/lib/python3.12/site-packages/airflow/example_dags/example_sensors.py
[2025-08-17T21:40:29.258+0000] {processor.py:914} INFO - Processing file /home/airflow/.local/lib/python3.12/site-packages/airflow/example_dags/example_sensors.py for tasks to queue
[2025-08-17T21:40:29.260+0000] {logging_mixin.py:190} INFO - [2025-08-17T21:40:29.260+0000] {dagbag.py:588} INFO - Filling up the DagBag from /home/airflow/.local/lib/python3.12/site-packages/airflow/example_dags/example_sensors.py
[2025-08-17T21:40:29.272+0000] {processor.py:925} INFO - DAG(s) 'example_sensors' retrieved from /home/airflow/.local/lib/python3.12/site-packages/airflow/example_dags/example_sensors.py
[2025-08-17T21:40:29.387+0000] {logging_mixin.py:190} INFO - [2025-08-17T21:40:29.386+0000] {override.py:1930} INFO - Created Permission View: can read on DAG:example_sensors
[2025-08-17T21:40:29.396+0000] {logging_mixin.py:190} INFO - [2025-08-17T21:40:29.396+0000] {override.py:1930} INFO - Created Permission View: can edit on DAG:example_sensors
[2025-08-17T21:40:29.401+0000] {logging_mixin.py:190} INFO - [2025-08-17T21:40:29.401+0000] {override.py:1930} INFO - Created Permission View: can delete on DAG:example_sensors
[2025-08-17T21:40:29.406+0000] {logging_mixin.py:190} INFO - [2025-08-17T21:40:29.406+0000] {override.py:1930} INFO - Created Permission View: can read on DAG Run:example_sensors
[2025-08-17T21:40:29.412+0000] {logging_mixin.py:190} INFO - [2025-08-17T21:40:29.411+0000] {override.py:1930} INFO - Created Permission View: can create on DAG Run:example_sensors
[2025-08-17T21:40:29.417+0000] {logging_mixin.py:190} INFO - [2025-08-17T21:40:29.417+0000] {override.py:1930} INFO - Created Permission View: can delete on DAG Run:example_sensors
[2025-08-17T21:40:29.422+0000] {logging_mixin.py:190} INFO - [2025-08-17T21:40:29.422+0000] {override.py:1930} INFO - Created Permission View: menu access on DAG Run:example_sensors
[2025-08-17T21:40:29.422+0000] {logging_mixin.py:190} INFO - [2025-08-17T21:40:29.422+0000] {dag.py:3239} INFO - Sync 1 DAGs
[2025-08-17T21:40:29.432+0000] {logging_mixin.py:190} INFO - [2025-08-17T21:40:29.432+0000] {dag.py:3262} INFO - Creating ORM DAG for example_sensors
[2025-08-17T21:40:29.433+0000] {logging_mixin.py:190} INFO - [2025-08-17T21:40:29.433+0000] {dag.py:4180} INFO - Setting next_dagrun for example_sensors to None, run_after=None
[2025-08-17T21:40:29.446+0000] {processor.py:208} INFO - Processing /home/airflow/.local/lib/python3.12/site-packages/airflow/example_dags/example_sensors.py took 0.194 seconds
[2025-08-17T21:40:59.748+0000] {processor.py:186} INFO - Started process (PID=146) to work on /home/airflow/.local/lib/python3.12/site-packages/airflow/example_dags/example_sensors.py
[2025-08-17T21:40:59.749+0000] {processor.py:914} INFO - Processing file /home/airflow/.local/lib/python3.12/site-packages/airflow/example_dags/example_sensors.py for tasks to queue
[2025-08-17T21:40:59.751+0000] {logging_mixin.py:190} INFO - [2025-08-17T21:40:59.751+0000] {dagbag.py:588} INFO - Filling up the DagBag from /home/airflow/.local/lib/python3.12/site-packages/airflow/example_dags/example_sensors.py
[2025-08-17T21:40:59.761+0000] {processor.py:925} INFO - DAG(s) 'example_sensors' retrieved from /home/airflow/.local/lib/python3.12/site-packages/airflow/example_dags/example_sensors.py
[2025-08-17T21:40:59.785+0000] {logging_mixin.py:190} INFO - [2025-08-17T21:40:59.785+0000] {dag.py:3239} INFO - Sync 1 DAGs
[2025-08-17T21:40:59.797+0000] {logging_mixin.py:190} INFO - [2025-08-17T21:40:59.797+0000] {dag.py:4180} INFO - Setting next_dagrun for example_sensors to None, run_after=None
[2025-08-17T21:40:59.812+0000] {processor.py:208} INFO - Processing /home/airflow/.local/lib/python3.12/site-packages/airflow/example_dags/example_sensors.py took 0.069 seconds
[2025-08-17T21:41:30.239+0000] {processor.py:186} INFO - Started process (PID=209) to work on /home/airflow/.local/lib/python3.12/site-packages/airflow/example_dags/example_sensors.py
[2025-08-17T21:41:30.240+0000] {processor.py:914} INFO - Processing file /home/airflow/.local/lib/python3.12/site-packages/airflow/example_dags/example_sensors.py for tasks to queue
[2025-08-17T21:41:30.243+0000] {logging_mixin.py:190} INFO - [2025-08-17T21:41:30.243+0000] {dagbag.py:588} INFO - Filling up the DagBag from /home/airflow/.local/lib/python3.12/site-packages/airflow/example_dags/example_sensors.py
[2025-08-17T21:41:30.254+0000] {processor.py:925} INFO - DAG(s) 'example_sensors' retrieved from /home/airflow/.local/lib/python3.12/site-packages/airflow/example_dags/example_sensors.py
[2025-08-17T21:41:30.278+0000] {logging_mixin.py:190} INFO - [2025-08-17T21:41:30.278+0000] {dag.py:3239} INFO - Sync 1 DAGs
[2025-08-17T21:41:30.291+0000] {logging_mixin.py:190} INFO - [2025-08-17T21:41:30.291+0000] {dag.py:4180} INFO - Setting next_dagrun for example_sensors to None, run_after=None
[2025-08-17T21:41:30.316+0000] {processor.py:208} INFO - Processing /home/airflow/.local/lib/python3.12/site-packages/airflow/example_dags/example_sensors.py took 0.083 seconds
[2025-08-17T21:42:00.846+0000] {processor.py:186} INFO - Started process (PID=272) to work on /home/airflow/.local/lib/python3.12/site-packages/airflow/example_dags/example_sensors.py
[2025-08-17T21:42:00.847+0000] {processor.py:914} INFO - Processing file /home/airflow/.local/lib/python3.12/site-packages/airflow/example_dags/example_sensors.py for tasks to queue
[2025-08-17T21:42:00.849+0000] {logging_mixin.py:190} INFO - [2025-08-17T21:42:00.849+0000] {dagbag.py:588} INFO - Filling up the DagBag from /home/airflow/.local/lib/python3.12/site-packages/airflow/example_dags/example_sensors.py
[2025-08-17T21:42:00.859+0000] {processor.py:925} INFO - DAG(s) 'example_sensors' retrieved from /home/airflow/.local/lib/python3.12/site-packages/airflow/example_dags/example_sensors.py
[2025-08-17T21:42:00.882+0000] {logging_mixin.py:190} INFO - [2025-08-17T21:42:00.882+0000] {dag.py:3239} INFO - Sync 1 DAGs
[2025-08-17T21:42:00.895+0000] {logging_mixin.py:190} INFO - [2025-08-17T21:42:00.895+0000] {dag.py:4180} INFO - Setting next_dagrun for example_sensors to None, run_after=None
[2025-08-17T21:42:00.910+0000] {processor.py:208} INFO - Processing /home/airflow/.local/lib/python3.12/site-packages/airflow/example_dags/example_sensors.py took 0.070 seconds
[2025-08-17T21:42:31.809+0000] {processor.py:186} INFO - Started process (PID=335) to work on /home/airflow/.local/lib/python3.12/site-packages/airflow/example_dags/example_sensors.py
[2025-08-17T21:42:31.846+0000] {processor.py:914} INFO - Processing file /home/airflow/.local/lib/python3.12/site-packages/airflow/example_dags/example_sensors.py for tasks to queue
[2025-08-17T21:42:31.848+0000] {logging_mixin.py:190} INFO - [2025-08-17T21:42:31.848+0000] {dagbag.py:588} INFO - Filling up the DagBag from /home/airflow/.local/lib/python3.12/site-packages/airflow/example_dags/example_sensors.py
[2025-08-17T21:42:31.859+0000] {processor.py:925} INFO - DAG(s) 'example_sensors' retrieved from /home/airflow/.local/lib/python3.12/site-packages/airflow/example_dags/example_sensors.py
[2025-08-17T21:42:31.883+0000] {logging_mixin.py:190} INFO - [2025-08-17T21:42:31.883+0000] {dag.py:3239} INFO - Sync 1 DAGs
[2025-08-17T21:42:31.901+0000] {logging_mixin.py:190} INFO - [2025-08-17T21:42:31.900+0000] {dag.py:4180} INFO - Setting next_dagrun for example_sensors to None, run_after=None
[2025-08-17T21:42:31.947+0000] {processor.py:208} INFO - Processing /home/airflow/.local/lib/python3.12/site-packages/airflow/example_dags/example_sensors.py took 0.147 seconds
[2025-08-17T21:43:02.072+0000] {processor.py:186} INFO - Started process (PID=397) to work on /home/airflow/.local/lib/python3.12/site-packages/airflow/example_dags/example_sensors.py
[2025-08-17T21:43:02.074+0000] {processor.py:914} INFO - Processing file /home/airflow/.local/lib/python3.12/site-packages/airflow/example_dags/example_sensors.py for tasks to queue
[2025-08-17T21:43:02.076+0000] {logging_mixin.py:190} INFO - [2025-08-17T21:43:02.076+0000] {dagbag.py:588} INFO - Filling up the DagBag from /home/airflow/.local/lib/python3.12/site-packages/airflow/example_dags/example_sensors.py
[2025-08-17T21:43:02.087+0000] {processor.py:925} INFO - DAG(s) 'example_sensors' retrieved from /home/airflow/.local/lib/python3.12/site-packages/airflow/example_dags/example_sensors.py
[2025-08-17T21:43:02.111+0000] {logging_mixin.py:190} INFO - [2025-08-17T21:43:02.111+0000] {dag.py:3239} INFO - Sync 1 DAGs
[2025-08-17T21:43:02.124+0000] {logging_mixin.py:190} INFO - [2025-08-17T21:43:02.123+0000] {dag.py:4180} INFO - Setting next_dagrun for example_sensors to None, run_after=None
[2025-08-17T21:43:02.140+0000] {processor.py:208} INFO - Processing /home/airflow/.local/lib/python3.12/site-packages/airflow/example_dags/example_sensors.py took 0.074 seconds
[2025-08-17T21:43:32.891+0000] {processor.py:186} INFO - Started process (PID=460) to work on /home/airflow/.local/lib/python3.12/site-packages/airflow/example_dags/example_sensors.py
[2025-08-17T21:43:32.892+0000] {processor.py:914} INFO - Processing file /home/airflow/.local/lib/python3.12/site-packages/airflow/example_dags/example_sensors.py for tasks to queue
[2025-08-17T21:43:32.894+0000] {logging_mixin.py:190} INFO - [2025-08-17T21:43:32.893+0000] {dagbag.py:588} INFO - Filling up the DagBag from /home/airflow/.local/lib/python3.12/site-packages/airflow/example_dags/example_sensors.py
[2025-08-17T21:43:32.904+0000] {processor.py:925} INFO - DAG(s) 'example_sensors' retrieved from /home/airflow/.local/lib/python3.12/site-packages/airflow/example_dags/example_sensors.py
[2025-08-17T21:43:32.928+0000] {logging_mixin.py:190} INFO - [2025-08-17T21:43:32.928+0000] {dag.py:3239} INFO - Sync 1 DAGs
[2025-08-17T21:43:32.941+0000] {logging_mixin.py:190} INFO - [2025-08-17T21:43:32.940+0000] {dag.py:4180} INFO - Setting next_dagrun for example_sensors to None, run_after=None
[2025-08-17T21:43:32.957+0000] {processor.py:208} INFO - Processing /home/airflow/.local/lib/python3.12/site-packages/airflow/example_dags/example_sensors.py took 0.071 seconds
[2025-08-17T21:44:03.253+0000] {processor.py:186} INFO - Started process (PID=523) to work on /home/airflow/.local/lib/python3.12/site-packages/airflow/example_dags/example_sensors.py
[2025-08-17T21:44:03.254+0000] {processor.py:914} INFO - Processing file /home/airflow/.local/lib/python3.12/site-packages/airflow/example_dags/example_sensors.py for tasks to queue
[2025-08-17T21:44:03.256+0000] {logging_mixin.py:190} INFO - [2025-08-17T21:44:03.256+0000] {dagbag.py:588} INFO - Filling up the DagBag from /home/airflow/.local/lib/python3.12/site-packages/airflow/example_dags/example_sensors.py
[2025-08-17T21:44:03.266+0000] {processor.py:925} INFO - DAG(s) 'example_sensors' retrieved from /home/airflow/.local/lib/python3.12/site-packages/airflow/example_dags/example_sensors.py
[2025-08-17T21:44:03.289+0000] {logging_mixin.py:190} INFO - [2025-08-17T21:44:03.289+0000] {dag.py:3239} INFO - Sync 1 DAGs
[2025-08-17T21:44:03.301+0000] {logging_mixin.py:190} INFO - [2025-08-17T21:44:03.301+0000] {dag.py:4180} INFO - Setting next_dagrun for example_sensors to None, run_after=None
[2025-08-17T21:44:03.322+0000] {processor.py:208} INFO - Processing /home/airflow/.local/lib/python3.12/site-packages/airflow/example_dags/example_sensors.py took 0.074 seconds
[2025-08-17T21:44:33.852+0000] {processor.py:186} INFO - Started process (PID=586) to work on /home/airflow/.local/lib/python3.12/site-packages/airflow/example_dags/example_sensors.py
[2025-08-17T21:44:33.853+0000] {processor.py:914} INFO - Processing file /home/airflow/.local/lib/python3.12/site-packages/airflow/example_dags/example_sensors.py for tasks to queue
[2025-08-17T21:44:33.855+0000] {logging_mixin.py:190} INFO - [2025-08-17T21:44:33.855+0000] {dagbag.py:588} INFO - Filling up the DagBag from /home/airflow/.local/lib/python3.12/site-packages/airflow/example_dags/example_sensors.py
[2025-08-17T21:44:33.866+0000] {processor.py:925} INFO - DAG(s) 'example_sensors' retrieved from /home/airflow/.local/lib/python3.12/site-packages/airflow/example_dags/example_sensors.py
[2025-08-17T21:44:33.890+0000] {logging_mixin.py:190} INFO - [2025-08-17T21:44:33.890+0000] {dag.py:3239} INFO - Sync 1 DAGs
[2025-08-17T21:44:33.903+0000] {logging_mixin.py:190} INFO - [2025-08-17T21:44:33.903+0000] {dag.py:4180} INFO - Setting next_dagrun for example_sensors to None, run_after=None
[2025-08-17T21:44:33.923+0000] {processor.py:208} INFO - Processing /home/airflow/.local/lib/python3.12/site-packages/airflow/example_dags/example_sensors.py took 0.077 seconds
[2025-08-17T21:45:04.154+0000] {processor.py:186} INFO - Started process (PID=649) to work on /home/airflow/.local/lib/python3.12/site-packages/airflow/example_dags/example_sensors.py
[2025-08-17T21:45:04.155+0000] {processor.py:914} INFO - Processing file /home/airflow/.local/lib/python3.12/site-packages/airflow/example_dags/example_sensors.py for tasks to queue
[2025-08-17T21:45:04.157+0000] {logging_mixin.py:190} INFO - [2025-08-17T21:45:04.157+0000] {dagbag.py:588} INFO - Filling up the DagBag from /home/airflow/.local/lib/python3.12/site-packages/airflow/example_dags/example_sensors.py
[2025-08-17T21:45:04.167+0000] {processor.py:925} INFO - DAG(s) 'example_sensors' retrieved from /home/airflow/.local/lib/python3.12/site-packages/airflow/example_dags/example_sensors.py
[2025-08-17T21:45:04.189+0000] {logging_mixin.py:190} INFO - [2025-08-17T21:45:04.189+0000] {dag.py:3239} INFO - Sync 1 DAGs
[2025-08-17T21:45:04.201+0000] {logging_mixin.py:190} INFO - [2025-08-17T21:45:04.201+0000] {dag.py:4180} INFO - Setting next_dagrun for example_sensors to None, run_after=None
[2025-08-17T21:45:04.221+0000] {processor.py:208} INFO - Processing /home/airflow/.local/lib/python3.12/site-packages/airflow/example_dags/example_sensors.py took 0.072 seconds
[2025-08-17T21:45:34.367+0000] {processor.py:186} INFO - Started process (PID=711) to work on /home/airflow/.local/lib/python3.12/site-packages/airflow/example_dags/example_sensors.py
[2025-08-17T21:45:34.368+0000] {processor.py:914} INFO - Processing file /home/airflow/.local/lib/python3.12/site-packages/airflow/example_dags/example_sensors.py for tasks to queue
[2025-08-17T21:45:34.371+0000] {logging_mixin.py:190} INFO - [2025-08-17T21:45:34.370+0000] {dagbag.py:588} INFO - Filling up the DagBag from /home/airflow/.local/lib/python3.12/site-packages/airflow/example_dags/example_sensors.py
[2025-08-17T21:45:34.381+0000] {processor.py:925} INFO - DAG(s) 'example_sensors' retrieved from /home/airflow/.local/lib/python3.12/site-packages/airflow/example_dags/example_sensors.py
[2025-08-17T21:45:34.405+0000] {logging_mixin.py:190} INFO - [2025-08-17T21:45:34.405+0000] {dag.py:3239} INFO - Sync 1 DAGs
[2025-08-17T21:45:34.418+0000] {logging_mixin.py:190} INFO - [2025-08-17T21:45:34.417+0000] {dag.py:4180} INFO - Setting next_dagrun for example_sensors to None, run_after=None
[2025-08-17T21:45:34.433+0000] {processor.py:208} INFO - Processing /home/airflow/.local/lib/python3.12/site-packages/airflow/example_dags/example_sensors.py took 0.072 seconds
[2025-08-17T21:46:04.828+0000] {processor.py:186} INFO - Started process (PID=775) to work on /home/airflow/.local/lib/python3.12/site-packages/airflow/example_dags/example_sensors.py
[2025-08-17T21:46:04.829+0000] {processor.py:914} INFO - Processing file /home/airflow/.local/lib/python3.12/site-packages/airflow/example_dags/example_sensors.py for tasks to queue
[2025-08-17T21:46:04.831+0000] {logging_mixin.py:190} INFO - [2025-08-17T21:46:04.831+0000] {dagbag.py:588} INFO - Filling up the DagBag from /home/airflow/.local/lib/python3.12/site-packages/airflow/example_dags/example_sensors.py
[2025-08-17T21:46:04.842+0000] {processor.py:925} INFO - DAG(s) 'example_sensors' retrieved from /home/airflow/.local/lib/python3.12/site-packages/airflow/example_dags/example_sensors.py
[2025-08-17T21:46:04.867+0000] {logging_mixin.py:190} INFO - [2025-08-17T21:46:04.866+0000] {dag.py:3239} INFO - Sync 1 DAGs
[2025-08-17T21:46:04.879+0000] {logging_mixin.py:190} INFO - [2025-08-17T21:46:04.879+0000] {dag.py:4180} INFO - Setting next_dagrun for example_sensors to None, run_after=None
[2025-08-17T21:46:04.900+0000] {processor.py:208} INFO - Processing /home/airflow/.local/lib/python3.12/site-packages/airflow/example_dags/example_sensors.py took 0.078 seconds
[2025-08-17T21:46:35.372+0000] {processor.py:186} INFO - Started process (PID=838) to work on /home/airflow/.local/lib/python3.12/site-packages/airflow/example_dags/example_sensors.py
[2025-08-17T21:46:35.373+0000] {processor.py:914} INFO - Processing file /home/airflow/.local/lib/python3.12/site-packages/airflow/example_dags/example_sensors.py for tasks to queue
[2025-08-17T21:46:35.375+0000] {logging_mixin.py:190} INFO - [2025-08-17T21:46:35.375+0000] {dagbag.py:588} INFO - Filling up the DagBag from /home/airflow/.local/lib/python3.12/site-packages/airflow/example_dags/example_sensors.py
[2025-08-17T21:46:35.384+0000] {processor.py:925} INFO - DAG(s) 'example_sensors' retrieved from /home/airflow/.local/lib/python3.12/site-packages/airflow/example_dags/example_sensors.py
[2025-08-17T21:46:35.407+0000] {logging_mixin.py:190} INFO - [2025-08-17T21:46:35.407+0000] {dag.py:3239} INFO - Sync 1 DAGs
[2025-08-17T21:46:35.419+0000] {logging_mixin.py:190} INFO - [2025-08-17T21:46:35.418+0000] {dag.py:4180} INFO - Setting next_dagrun for example_sensors to None, run_after=None
[2025-08-17T21:46:35.439+0000] {processor.py:208} INFO - Processing /home/airflow/.local/lib/python3.12/site-packages/airflow/example_dags/example_sensors.py took 0.072 seconds
[2025-08-17T21:47:05.791+0000] {processor.py:186} INFO - Started process (PID=901) to work on /home/airflow/.local/lib/python3.12/site-packages/airflow/example_dags/example_sensors.py
[2025-08-17T21:47:05.792+0000] {processor.py:914} INFO - Processing file /home/airflow/.local/lib/python3.12/site-packages/airflow/example_dags/example_sensors.py for tasks to queue
[2025-08-17T21:47:05.794+0000] {logging_mixin.py:190} INFO - [2025-08-17T21:47:05.793+0000] {dagbag.py:588} INFO - Filling up the DagBag from /home/airflow/.local/lib/python3.12/site-packages/airflow/example_dags/example_sensors.py
[2025-08-17T21:47:05.804+0000] {processor.py:925} INFO - DAG(s) 'example_sensors' retrieved from /home/airflow/.local/lib/python3.12/site-packages/airflow/example_dags/example_sensors.py
[2025-08-17T21:47:05.827+0000] {logging_mixin.py:190} INFO - [2025-08-17T21:47:05.827+0000] {dag.py:3239} INFO - Sync 1 DAGs
[2025-08-17T21:47:05.840+0000] {logging_mixin.py:190} INFO - [2025-08-17T21:47:05.839+0000] {dag.py:4180} INFO - Setting next_dagrun for example_sensors to None, run_after=None
[2025-08-17T21:47:05.859+0000] {processor.py:208} INFO - Processing /home/airflow/.local/lib/python3.12/site-packages/airflow/example_dags/example_sensors.py took 0.075 seconds
[2025-08-17T21:47:35.978+0000] {processor.py:186} INFO - Started process (PID=963) to work on /home/airflow/.local/lib/python3.12/site-packages/airflow/example_dags/example_sensors.py
[2025-08-17T21:47:35.979+0000] {processor.py:914} INFO - Processing file /home/airflow/.local/lib/python3.12/site-packages/airflow/example_dags/example_sensors.py for tasks to queue
[2025-08-17T21:47:35.981+0000] {logging_mixin.py:190} INFO - [2025-08-17T21:47:35.981+0000] {dagbag.py:588} INFO - Filling up the DagBag from /home/airflow/.local/lib/python3.12/site-packages/airflow/example_dags/example_sensors.py
[2025-08-17T21:47:35.992+0000] {processor.py:925} INFO - DAG(s) 'example_sensors' retrieved from /home/airflow/.local/lib/python3.12/site-packages/airflow/example_dags/example_sensors.py
[2025-08-17T21:47:36.015+0000] {logging_mixin.py:190} INFO - [2025-08-17T21:47:36.014+0000] {dag.py:3239} INFO - Sync 1 DAGs
[2025-08-17T21:47:36.027+0000] {logging_mixin.py:190} INFO - [2025-08-17T21:47:36.027+0000] {dag.py:4180} INFO - Setting next_dagrun for example_sensors to None, run_after=None
[2025-08-17T21:47:36.047+0000] {processor.py:208} INFO - Processing /home/airflow/.local/lib/python3.12/site-packages/airflow/example_dags/example_sensors.py took 0.077 seconds
[2025-08-17T21:48:06.166+0000] {processor.py:186} INFO - Started process (PID=1026) to work on /home/airflow/.local/lib/python3.12/site-packages/airflow/example_dags/example_sensors.py
[2025-08-17T21:48:06.167+0000] {processor.py:914} INFO - Processing file /home/airflow/.local/lib/python3.12/site-packages/airflow/example_dags/example_sensors.py for tasks to queue
[2025-08-17T21:48:06.170+0000] {logging_mixin.py:190} INFO - [2025-08-17T21:48:06.170+0000] {dagbag.py:588} INFO - Filling up the DagBag from /home/airflow/.local/lib/python3.12/site-packages/airflow/example_dags/example_sensors.py
[2025-08-17T21:48:06.181+0000] {processor.py:925} INFO - DAG(s) 'example_sensors' retrieved from /home/airflow/.local/lib/python3.12/site-packages/airflow/example_dags/example_sensors.py
[2025-08-17T21:48:06.205+0000] {logging_mixin.py:190} INFO - [2025-08-17T21:48:06.204+0000] {dag.py:3239} INFO - Sync 1 DAGs
[2025-08-17T21:48:06.218+0000] {logging_mixin.py:190} INFO - [2025-08-17T21:48:06.218+0000] {dag.py:4180} INFO - Setting next_dagrun for example_sensors to None, run_after=None
[2025-08-17T21:48:06.238+0000] {processor.py:208} INFO - Processing /home/airflow/.local/lib/python3.12/site-packages/airflow/example_dags/example_sensors.py took 0.079 seconds
