[2025-08-17T21:40:31.843+0000] {processor.py:186} INFO - Started process (PID=97) to work on /home/airflow/.local/lib/python3.12/site-packages/airflow/example_dags/example_branch_python_dop_operator_3.py
[2025-08-17T21:40:31.844+0000] {processor.py:914} INFO - Processing file /home/airflow/.local/lib/python3.12/site-packages/airflow/example_dags/example_branch_python_dop_operator_3.py for tasks to queue
[2025-08-17T21:40:31.846+0000] {logging_mixin.py:190} INFO - [2025-08-17T21:40:31.846+0000] {dagbag.py:588} INFO - Filling up the DagBag from /home/airflow/.local/lib/python3.12/site-packages/airflow/example_dags/example_branch_python_dop_operator_3.py
[2025-08-17T21:40:31.857+0000] {processor.py:925} INFO - DAG(s) 'example_branch_dop_operator_v3' retrieved from /home/airflow/.local/lib/python3.12/site-packages/airflow/example_dags/example_branch_python_dop_operator_3.py
[2025-08-17T21:40:31.946+0000] {logging_mixin.py:190} INFO - [2025-08-17T21:40:31.946+0000] {override.py:1930} INFO - Created Permission View: can read on DAG:example_branch_dop_operator_v3
[2025-08-17T21:40:31.966+0000] {logging_mixin.py:190} INFO - [2025-08-17T21:40:31.966+0000] {override.py:1930} INFO - Created Permission View: can edit on DAG:example_branch_dop_operator_v3
[2025-08-17T21:40:31.972+0000] {logging_mixin.py:190} INFO - [2025-08-17T21:40:31.971+0000] {override.py:1930} INFO - Created Permission View: can delete on DAG:example_branch_dop_operator_v3
[2025-08-17T21:40:31.979+0000] {logging_mixin.py:190} INFO - [2025-08-17T21:40:31.978+0000] {override.py:1930} INFO - Created Permission View: can read on DAG Run:example_branch_dop_operator_v3
[2025-08-17T21:40:31.984+0000] {logging_mixin.py:190} INFO - [2025-08-17T21:40:31.984+0000] {override.py:1930} INFO - Created Permission View: can create on DAG Run:example_branch_dop_operator_v3
[2025-08-17T21:40:31.989+0000] {logging_mixin.py:190} INFO - [2025-08-17T21:40:31.988+0000] {override.py:1930} INFO - Created Permission View: can delete on DAG Run:example_branch_dop_operator_v3
[2025-08-17T21:40:31.994+0000] {logging_mixin.py:190} INFO - [2025-08-17T21:40:31.994+0000] {override.py:1930} INFO - Created Permission View: menu access on DAG Run:example_branch_dop_operator_v3
[2025-08-17T21:40:31.995+0000] {logging_mixin.py:190} INFO - [2025-08-17T21:40:31.994+0000] {dag.py:3239} INFO - Sync 1 DAGs
[2025-08-17T21:40:32.004+0000] {logging_mixin.py:190} INFO - [2025-08-17T21:40:32.004+0000] {dag.py:3262} INFO - Creating ORM DAG for example_branch_dop_operator_v3
[2025-08-17T21:40:32.014+0000] {logging_mixin.py:190} INFO - [2025-08-17T21:40:32.014+0000] {dag.py:4180} INFO - Setting next_dagrun for example_branch_dop_operator_v3 to 2025-08-17 21:39:00+00:00, run_after=2025-08-17 21:40:00+00:00
[2025-08-17T21:40:32.027+0000] {processor.py:208} INFO - Processing /home/airflow/.local/lib/python3.12/site-packages/airflow/example_dags/example_branch_python_dop_operator_3.py took 0.189 seconds
[2025-08-17T21:41:02.746+0000] {processor.py:186} INFO - Started process (PID=160) to work on /home/airflow/.local/lib/python3.12/site-packages/airflow/example_dags/example_branch_python_dop_operator_3.py
[2025-08-17T21:41:02.747+0000] {processor.py:914} INFO - Processing file /home/airflow/.local/lib/python3.12/site-packages/airflow/example_dags/example_branch_python_dop_operator_3.py for tasks to queue
[2025-08-17T21:41:02.750+0000] {logging_mixin.py:190} INFO - [2025-08-17T21:41:02.749+0000] {dagbag.py:588} INFO - Filling up the DagBag from /home/airflow/.local/lib/python3.12/site-packages/airflow/example_dags/example_branch_python_dop_operator_3.py
[2025-08-17T21:41:02.759+0000] {processor.py:925} INFO - DAG(s) 'example_branch_dop_operator_v3' retrieved from /home/airflow/.local/lib/python3.12/site-packages/airflow/example_dags/example_branch_python_dop_operator_3.py
[2025-08-17T21:41:02.777+0000] {logging_mixin.py:190} INFO - [2025-08-17T21:41:02.777+0000] {dag.py:3239} INFO - Sync 1 DAGs
[2025-08-17T21:41:02.799+0000] {logging_mixin.py:190} INFO - [2025-08-17T21:41:02.798+0000] {dag.py:4180} INFO - Setting next_dagrun for example_branch_dop_operator_v3 to 2025-08-17 21:40:00+00:00, run_after=2025-08-17 21:41:00+00:00
[2025-08-17T21:41:02.813+0000] {processor.py:208} INFO - Processing /home/airflow/.local/lib/python3.12/site-packages/airflow/example_dags/example_branch_python_dop_operator_3.py took 0.071 seconds
[2025-08-17T21:41:33.230+0000] {processor.py:186} INFO - Started process (PID=223) to work on /home/airflow/.local/lib/python3.12/site-packages/airflow/example_dags/example_branch_python_dop_operator_3.py
[2025-08-17T21:41:33.231+0000] {processor.py:914} INFO - Processing file /home/airflow/.local/lib/python3.12/site-packages/airflow/example_dags/example_branch_python_dop_operator_3.py for tasks to queue
[2025-08-17T21:41:33.233+0000] {logging_mixin.py:190} INFO - [2025-08-17T21:41:33.233+0000] {dagbag.py:588} INFO - Filling up the DagBag from /home/airflow/.local/lib/python3.12/site-packages/airflow/example_dags/example_branch_python_dop_operator_3.py
[2025-08-17T21:41:33.243+0000] {processor.py:925} INFO - DAG(s) 'example_branch_dop_operator_v3' retrieved from /home/airflow/.local/lib/python3.12/site-packages/airflow/example_dags/example_branch_python_dop_operator_3.py
[2025-08-17T21:41:33.260+0000] {logging_mixin.py:190} INFO - [2025-08-17T21:41:33.260+0000] {dag.py:3239} INFO - Sync 1 DAGs
[2025-08-17T21:41:33.280+0000] {logging_mixin.py:190} INFO - [2025-08-17T21:41:33.280+0000] {dag.py:4180} INFO - Setting next_dagrun for example_branch_dop_operator_v3 to 2025-08-17 21:40:00+00:00, run_after=2025-08-17 21:41:00+00:00
[2025-08-17T21:41:33.301+0000] {processor.py:208} INFO - Processing /home/airflow/.local/lib/python3.12/site-packages/airflow/example_dags/example_branch_python_dop_operator_3.py took 0.076 seconds
[2025-08-17T21:42:03.720+0000] {processor.py:186} INFO - Started process (PID=286) to work on /home/airflow/.local/lib/python3.12/site-packages/airflow/example_dags/example_branch_python_dop_operator_3.py
[2025-08-17T21:42:03.721+0000] {processor.py:914} INFO - Processing file /home/airflow/.local/lib/python3.12/site-packages/airflow/example_dags/example_branch_python_dop_operator_3.py for tasks to queue
[2025-08-17T21:42:03.724+0000] {logging_mixin.py:190} INFO - [2025-08-17T21:42:03.724+0000] {dagbag.py:588} INFO - Filling up the DagBag from /home/airflow/.local/lib/python3.12/site-packages/airflow/example_dags/example_branch_python_dop_operator_3.py
[2025-08-17T21:42:03.735+0000] {processor.py:925} INFO - DAG(s) 'example_branch_dop_operator_v3' retrieved from /home/airflow/.local/lib/python3.12/site-packages/airflow/example_dags/example_branch_python_dop_operator_3.py
[2025-08-17T21:42:03.755+0000] {logging_mixin.py:190} INFO - [2025-08-17T21:42:03.754+0000] {dag.py:3239} INFO - Sync 1 DAGs
[2025-08-17T21:42:03.778+0000] {logging_mixin.py:190} INFO - [2025-08-17T21:42:03.778+0000] {dag.py:4180} INFO - Setting next_dagrun for example_branch_dop_operator_v3 to 2025-08-17 21:41:00+00:00, run_after=2025-08-17 21:42:00+00:00
[2025-08-17T21:42:03.794+0000] {processor.py:208} INFO - Processing /home/airflow/.local/lib/python3.12/site-packages/airflow/example_dags/example_branch_python_dop_operator_3.py took 0.080 seconds
[2025-08-17T21:42:33.928+0000] {processor.py:186} INFO - Started process (PID=349) to work on /home/airflow/.local/lib/python3.12/site-packages/airflow/example_dags/example_branch_python_dop_operator_3.py
[2025-08-17T21:42:33.929+0000] {processor.py:914} INFO - Processing file /home/airflow/.local/lib/python3.12/site-packages/airflow/example_dags/example_branch_python_dop_operator_3.py for tasks to queue
[2025-08-17T21:42:33.931+0000] {logging_mixin.py:190} INFO - [2025-08-17T21:42:33.930+0000] {dagbag.py:588} INFO - Filling up the DagBag from /home/airflow/.local/lib/python3.12/site-packages/airflow/example_dags/example_branch_python_dop_operator_3.py
[2025-08-17T21:42:33.942+0000] {processor.py:925} INFO - DAG(s) 'example_branch_dop_operator_v3' retrieved from /home/airflow/.local/lib/python3.12/site-packages/airflow/example_dags/example_branch_python_dop_operator_3.py
[2025-08-17T21:42:33.963+0000] {logging_mixin.py:190} INFO - [2025-08-17T21:42:33.963+0000] {dag.py:3239} INFO - Sync 1 DAGs
[2025-08-17T21:42:33.985+0000] {logging_mixin.py:190} INFO - [2025-08-17T21:42:33.984+0000] {dag.py:4180} INFO - Setting next_dagrun for example_branch_dop_operator_v3 to 2025-08-17 21:41:00+00:00, run_after=2025-08-17 21:42:00+00:00
[2025-08-17T21:42:34.002+0000] {processor.py:208} INFO - Processing /home/airflow/.local/lib/python3.12/site-packages/airflow/example_dags/example_branch_python_dop_operator_3.py took 0.080 seconds
[2025-08-17T21:43:05.269+0000] {processor.py:186} INFO - Started process (PID=412) to work on /home/airflow/.local/lib/python3.12/site-packages/airflow/example_dags/example_branch_python_dop_operator_3.py
[2025-08-17T21:43:05.270+0000] {processor.py:914} INFO - Processing file /home/airflow/.local/lib/python3.12/site-packages/airflow/example_dags/example_branch_python_dop_operator_3.py for tasks to queue
[2025-08-17T21:43:05.273+0000] {logging_mixin.py:190} INFO - [2025-08-17T21:43:05.272+0000] {dagbag.py:588} INFO - Filling up the DagBag from /home/airflow/.local/lib/python3.12/site-packages/airflow/example_dags/example_branch_python_dop_operator_3.py
[2025-08-17T21:43:05.282+0000] {processor.py:925} INFO - DAG(s) 'example_branch_dop_operator_v3' retrieved from /home/airflow/.local/lib/python3.12/site-packages/airflow/example_dags/example_branch_python_dop_operator_3.py
[2025-08-17T21:43:05.301+0000] {logging_mixin.py:190} INFO - [2025-08-17T21:43:05.300+0000] {dag.py:3239} INFO - Sync 1 DAGs
[2025-08-17T21:43:05.325+0000] {logging_mixin.py:190} INFO - [2025-08-17T21:43:05.325+0000] {dag.py:4180} INFO - Setting next_dagrun for example_branch_dop_operator_v3 to 2025-08-17 21:42:00+00:00, run_after=2025-08-17 21:43:00+00:00
[2025-08-17T21:43:05.343+0000] {processor.py:208} INFO - Processing /home/airflow/.local/lib/python3.12/site-packages/airflow/example_dags/example_branch_python_dop_operator_3.py took 0.080 seconds
[2025-08-17T21:43:36.165+0000] {processor.py:186} INFO - Started process (PID=475) to work on /home/airflow/.local/lib/python3.12/site-packages/airflow/example_dags/example_branch_python_dop_operator_3.py
[2025-08-17T21:43:36.166+0000] {processor.py:914} INFO - Processing file /home/airflow/.local/lib/python3.12/site-packages/airflow/example_dags/example_branch_python_dop_operator_3.py for tasks to queue
[2025-08-17T21:43:36.168+0000] {logging_mixin.py:190} INFO - [2025-08-17T21:43:36.168+0000] {dagbag.py:588} INFO - Filling up the DagBag from /home/airflow/.local/lib/python3.12/site-packages/airflow/example_dags/example_branch_python_dop_operator_3.py
[2025-08-17T21:43:36.178+0000] {processor.py:925} INFO - DAG(s) 'example_branch_dop_operator_v3' retrieved from /home/airflow/.local/lib/python3.12/site-packages/airflow/example_dags/example_branch_python_dop_operator_3.py
[2025-08-17T21:43:36.196+0000] {logging_mixin.py:190} INFO - [2025-08-17T21:43:36.196+0000] {dag.py:3239} INFO - Sync 1 DAGs
[2025-08-17T21:43:36.218+0000] {logging_mixin.py:190} INFO - [2025-08-17T21:43:36.218+0000] {dag.py:4180} INFO - Setting next_dagrun for example_branch_dop_operator_v3 to 2025-08-17 21:42:00+00:00, run_after=2025-08-17 21:43:00+00:00
[2025-08-17T21:43:36.243+0000] {processor.py:208} INFO - Processing /home/airflow/.local/lib/python3.12/site-packages/airflow/example_dags/example_branch_python_dop_operator_3.py took 0.083 seconds
[2025-08-17T21:44:06.730+0000] {processor.py:186} INFO - Started process (PID=537) to work on /home/airflow/.local/lib/python3.12/site-packages/airflow/example_dags/example_branch_python_dop_operator_3.py
[2025-08-17T21:44:06.731+0000] {processor.py:914} INFO - Processing file /home/airflow/.local/lib/python3.12/site-packages/airflow/example_dags/example_branch_python_dop_operator_3.py for tasks to queue
[2025-08-17T21:44:06.733+0000] {logging_mixin.py:190} INFO - [2025-08-17T21:44:06.733+0000] {dagbag.py:588} INFO - Filling up the DagBag from /home/airflow/.local/lib/python3.12/site-packages/airflow/example_dags/example_branch_python_dop_operator_3.py
[2025-08-17T21:44:06.743+0000] {processor.py:925} INFO - DAG(s) 'example_branch_dop_operator_v3' retrieved from /home/airflow/.local/lib/python3.12/site-packages/airflow/example_dags/example_branch_python_dop_operator_3.py
[2025-08-17T21:44:06.762+0000] {logging_mixin.py:190} INFO - [2025-08-17T21:44:06.762+0000] {dag.py:3239} INFO - Sync 1 DAGs
[2025-08-17T21:44:06.784+0000] {logging_mixin.py:190} INFO - [2025-08-17T21:44:06.783+0000] {dag.py:4180} INFO - Setting next_dagrun for example_branch_dop_operator_v3 to 2025-08-17 21:43:00+00:00, run_after=2025-08-17 21:44:00+00:00
[2025-08-17T21:44:06.804+0000] {processor.py:208} INFO - Processing /home/airflow/.local/lib/python3.12/site-packages/airflow/example_dags/example_branch_python_dop_operator_3.py took 0.079 seconds
[2025-08-17T21:44:36.959+0000] {processor.py:186} INFO - Started process (PID=600) to work on /home/airflow/.local/lib/python3.12/site-packages/airflow/example_dags/example_branch_python_dop_operator_3.py
[2025-08-17T21:44:36.960+0000] {processor.py:914} INFO - Processing file /home/airflow/.local/lib/python3.12/site-packages/airflow/example_dags/example_branch_python_dop_operator_3.py for tasks to queue
[2025-08-17T21:44:36.962+0000] {logging_mixin.py:190} INFO - [2025-08-17T21:44:36.962+0000] {dagbag.py:588} INFO - Filling up the DagBag from /home/airflow/.local/lib/python3.12/site-packages/airflow/example_dags/example_branch_python_dop_operator_3.py
[2025-08-17T21:44:36.972+0000] {processor.py:925} INFO - DAG(s) 'example_branch_dop_operator_v3' retrieved from /home/airflow/.local/lib/python3.12/site-packages/airflow/example_dags/example_branch_python_dop_operator_3.py
[2025-08-17T21:44:36.991+0000] {logging_mixin.py:190} INFO - [2025-08-17T21:44:36.990+0000] {dag.py:3239} INFO - Sync 1 DAGs
[2025-08-17T21:44:37.011+0000] {logging_mixin.py:190} INFO - [2025-08-17T21:44:37.011+0000] {dag.py:4180} INFO - Setting next_dagrun for example_branch_dop_operator_v3 to 2025-08-17 21:43:00+00:00, run_after=2025-08-17 21:44:00+00:00
[2025-08-17T21:44:37.025+0000] {processor.py:208} INFO - Processing /home/airflow/.local/lib/python3.12/site-packages/airflow/example_dags/example_branch_python_dop_operator_3.py took 0.071 seconds
[2025-08-17T21:45:07.129+0000] {processor.py:186} INFO - Started process (PID=663) to work on /home/airflow/.local/lib/python3.12/site-packages/airflow/example_dags/example_branch_python_dop_operator_3.py
[2025-08-17T21:45:07.130+0000] {processor.py:914} INFO - Processing file /home/airflow/.local/lib/python3.12/site-packages/airflow/example_dags/example_branch_python_dop_operator_3.py for tasks to queue
[2025-08-17T21:45:07.132+0000] {logging_mixin.py:190} INFO - [2025-08-17T21:45:07.132+0000] {dagbag.py:588} INFO - Filling up the DagBag from /home/airflow/.local/lib/python3.12/site-packages/airflow/example_dags/example_branch_python_dop_operator_3.py
[2025-08-17T21:45:07.142+0000] {processor.py:925} INFO - DAG(s) 'example_branch_dop_operator_v3' retrieved from /home/airflow/.local/lib/python3.12/site-packages/airflow/example_dags/example_branch_python_dop_operator_3.py
[2025-08-17T21:45:07.161+0000] {logging_mixin.py:190} INFO - [2025-08-17T21:45:07.161+0000] {dag.py:3239} INFO - Sync 1 DAGs
[2025-08-17T21:45:07.185+0000] {logging_mixin.py:190} INFO - [2025-08-17T21:45:07.185+0000] {dag.py:4180} INFO - Setting next_dagrun for example_branch_dop_operator_v3 to 2025-08-17 21:44:00+00:00, run_after=2025-08-17 21:45:00+00:00
[2025-08-17T21:45:07.206+0000] {processor.py:208} INFO - Processing /home/airflow/.local/lib/python3.12/site-packages/airflow/example_dags/example_branch_python_dop_operator_3.py took 0.082 seconds
[2025-08-17T21:45:37.264+0000] {processor.py:186} INFO - Started process (PID=725) to work on /home/airflow/.local/lib/python3.12/site-packages/airflow/example_dags/example_branch_python_dop_operator_3.py
[2025-08-17T21:45:37.265+0000] {processor.py:914} INFO - Processing file /home/airflow/.local/lib/python3.12/site-packages/airflow/example_dags/example_branch_python_dop_operator_3.py for tasks to queue
[2025-08-17T21:45:37.267+0000] {logging_mixin.py:190} INFO - [2025-08-17T21:45:37.267+0000] {dagbag.py:588} INFO - Filling up the DagBag from /home/airflow/.local/lib/python3.12/site-packages/airflow/example_dags/example_branch_python_dop_operator_3.py
[2025-08-17T21:45:37.277+0000] {processor.py:925} INFO - DAG(s) 'example_branch_dop_operator_v3' retrieved from /home/airflow/.local/lib/python3.12/site-packages/airflow/example_dags/example_branch_python_dop_operator_3.py
[2025-08-17T21:45:37.296+0000] {logging_mixin.py:190} INFO - [2025-08-17T21:45:37.296+0000] {dag.py:3239} INFO - Sync 1 DAGs
[2025-08-17T21:45:37.316+0000] {logging_mixin.py:190} INFO - [2025-08-17T21:45:37.316+0000] {dag.py:4180} INFO - Setting next_dagrun for example_branch_dop_operator_v3 to 2025-08-17 21:44:00+00:00, run_after=2025-08-17 21:45:00+00:00
[2025-08-17T21:45:37.336+0000] {processor.py:208} INFO - Processing /home/airflow/.local/lib/python3.12/site-packages/airflow/example_dags/example_branch_python_dop_operator_3.py took 0.078 seconds
[2025-08-17T21:46:09.078+0000] {processor.py:186} INFO - Started process (PID=789) to work on /home/airflow/.local/lib/python3.12/site-packages/airflow/example_dags/example_branch_python_dop_operator_3.py
[2025-08-17T21:46:09.080+0000] {processor.py:914} INFO - Processing file /home/airflow/.local/lib/python3.12/site-packages/airflow/example_dags/example_branch_python_dop_operator_3.py for tasks to queue
[2025-08-17T21:46:09.082+0000] {logging_mixin.py:190} INFO - [2025-08-17T21:46:09.081+0000] {dagbag.py:588} INFO - Filling up the DagBag from /home/airflow/.local/lib/python3.12/site-packages/airflow/example_dags/example_branch_python_dop_operator_3.py
[2025-08-17T21:46:09.091+0000] {processor.py:925} INFO - DAG(s) 'example_branch_dop_operator_v3' retrieved from /home/airflow/.local/lib/python3.12/site-packages/airflow/example_dags/example_branch_python_dop_operator_3.py
[2025-08-17T21:46:09.110+0000] {logging_mixin.py:190} INFO - [2025-08-17T21:46:09.110+0000] {dag.py:3239} INFO - Sync 1 DAGs
[2025-08-17T21:46:09.135+0000] {logging_mixin.py:190} INFO - [2025-08-17T21:46:09.135+0000] {dag.py:4180} INFO - Setting next_dagrun for example_branch_dop_operator_v3 to 2025-08-17 21:45:00+00:00, run_after=2025-08-17 21:46:00+00:00
[2025-08-17T21:46:09.151+0000] {processor.py:208} INFO - Processing /home/airflow/.local/lib/python3.12/site-packages/airflow/example_dags/example_branch_python_dop_operator_3.py took 0.079 seconds
[2025-08-17T21:46:39.821+0000] {processor.py:186} INFO - Started process (PID=852) to work on /home/airflow/.local/lib/python3.12/site-packages/airflow/example_dags/example_branch_python_dop_operator_3.py
[2025-08-17T21:46:39.822+0000] {processor.py:914} INFO - Processing file /home/airflow/.local/lib/python3.12/site-packages/airflow/example_dags/example_branch_python_dop_operator_3.py for tasks to queue
[2025-08-17T21:46:39.824+0000] {logging_mixin.py:190} INFO - [2025-08-17T21:46:39.823+0000] {dagbag.py:588} INFO - Filling up the DagBag from /home/airflow/.local/lib/python3.12/site-packages/airflow/example_dags/example_branch_python_dop_operator_3.py
[2025-08-17T21:46:39.834+0000] {processor.py:925} INFO - DAG(s) 'example_branch_dop_operator_v3' retrieved from /home/airflow/.local/lib/python3.12/site-packages/airflow/example_dags/example_branch_python_dop_operator_3.py
[2025-08-17T21:46:39.851+0000] {logging_mixin.py:190} INFO - [2025-08-17T21:46:39.851+0000] {dag.py:3239} INFO - Sync 1 DAGs
[2025-08-17T21:46:39.872+0000] {logging_mixin.py:190} INFO - [2025-08-17T21:46:39.872+0000] {dag.py:4180} INFO - Setting next_dagrun for example_branch_dop_operator_v3 to 2025-08-17 21:45:00+00:00, run_after=2025-08-17 21:46:00+00:00
[2025-08-17T21:46:39.888+0000] {processor.py:208} INFO - Processing /home/airflow/.local/lib/python3.12/site-packages/airflow/example_dags/example_branch_python_dop_operator_3.py took 0.072 seconds
[2025-08-17T21:47:10.568+0000] {processor.py:186} INFO - Started process (PID=915) to work on /home/airflow/.local/lib/python3.12/site-packages/airflow/example_dags/example_branch_python_dop_operator_3.py
[2025-08-17T21:47:10.569+0000] {processor.py:914} INFO - Processing file /home/airflow/.local/lib/python3.12/site-packages/airflow/example_dags/example_branch_python_dop_operator_3.py for tasks to queue
[2025-08-17T21:47:10.572+0000] {logging_mixin.py:190} INFO - [2025-08-17T21:47:10.571+0000] {dagbag.py:588} INFO - Filling up the DagBag from /home/airflow/.local/lib/python3.12/site-packages/airflow/example_dags/example_branch_python_dop_operator_3.py
[2025-08-17T21:47:10.582+0000] {processor.py:925} INFO - DAG(s) 'example_branch_dop_operator_v3' retrieved from /home/airflow/.local/lib/python3.12/site-packages/airflow/example_dags/example_branch_python_dop_operator_3.py
[2025-08-17T21:47:10.604+0000] {logging_mixin.py:190} INFO - [2025-08-17T21:47:10.603+0000] {dag.py:3239} INFO - Sync 1 DAGs
[2025-08-17T21:47:10.632+0000] {logging_mixin.py:190} INFO - [2025-08-17T21:47:10.632+0000] {dag.py:4180} INFO - Setting next_dagrun for example_branch_dop_operator_v3 to 2025-08-17 21:46:00+00:00, run_after=2025-08-17 21:47:00+00:00
[2025-08-17T21:47:10.654+0000] {processor.py:208} INFO - Processing /home/airflow/.local/lib/python3.12/site-packages/airflow/example_dags/example_branch_python_dop_operator_3.py took 0.092 seconds
[2025-08-17T21:47:40.758+0000] {processor.py:186} INFO - Started process (PID=977) to work on /home/airflow/.local/lib/python3.12/site-packages/airflow/example_dags/example_branch_python_dop_operator_3.py
[2025-08-17T21:47:40.759+0000] {processor.py:914} INFO - Processing file /home/airflow/.local/lib/python3.12/site-packages/airflow/example_dags/example_branch_python_dop_operator_3.py for tasks to queue
[2025-08-17T21:47:40.761+0000] {logging_mixin.py:190} INFO - [2025-08-17T21:47:40.761+0000] {dagbag.py:588} INFO - Filling up the DagBag from /home/airflow/.local/lib/python3.12/site-packages/airflow/example_dags/example_branch_python_dop_operator_3.py
[2025-08-17T21:47:40.771+0000] {processor.py:925} INFO - DAG(s) 'example_branch_dop_operator_v3' retrieved from /home/airflow/.local/lib/python3.12/site-packages/airflow/example_dags/example_branch_python_dop_operator_3.py
[2025-08-17T21:47:40.789+0000] {logging_mixin.py:190} INFO - [2025-08-17T21:47:40.789+0000] {dag.py:3239} INFO - Sync 1 DAGs
[2025-08-17T21:47:40.808+0000] {logging_mixin.py:190} INFO - [2025-08-17T21:47:40.808+0000] {dag.py:4180} INFO - Setting next_dagrun for example_branch_dop_operator_v3 to 2025-08-17 21:46:00+00:00, run_after=2025-08-17 21:47:00+00:00
[2025-08-17T21:47:40.827+0000] {processor.py:208} INFO - Processing /home/airflow/.local/lib/python3.12/site-packages/airflow/example_dags/example_branch_python_dop_operator_3.py took 0.074 seconds
