[2025-08-17T21:40:30.619+0000] {processor.py:186} INFO - Started process (PID=87) to work on /home/airflow/.local/lib/python3.12/site-packages/airflow/example_dags/example_latest_only.py
[2025-08-17T21:40:30.620+0000] {processor.py:914} INFO - Processing file /home/airflow/.local/lib/python3.12/site-packages/airflow/example_dags/example_latest_only.py for tasks to queue
[2025-08-17T21:40:30.623+0000] {logging_mixin.py:190} INFO - [2025-08-17T21:40:30.622+0000] {dagbag.py:588} INFO - Filling up the DagBag from /home/airflow/.local/lib/python3.12/site-packages/airflow/example_dags/example_latest_only.py
[2025-08-17T21:40:30.631+0000] {processor.py:925} INFO - DAG(s) 'latest_only' retrieved from /home/airflow/.local/lib/python3.12/site-packages/airflow/example_dags/example_latest_only.py
[2025-08-17T21:40:30.726+0000] {logging_mixin.py:190} INFO - [2025-08-17T21:40:30.725+0000] {override.py:1930} INFO - Created Permission View: can read on DAG:latest_only
[2025-08-17T21:40:30.741+0000] {logging_mixin.py:190} INFO - [2025-08-17T21:40:30.740+0000] {override.py:1930} INFO - Created Permission View: can edit on DAG:latest_only
[2025-08-17T21:40:30.748+0000] {logging_mixin.py:190} INFO - [2025-08-17T21:40:30.747+0000] {override.py:1930} INFO - Created Permission View: can delete on DAG:latest_only
[2025-08-17T21:40:30.756+0000] {logging_mixin.py:190} INFO - [2025-08-17T21:40:30.755+0000] {override.py:1930} INFO - Created Permission View: can read on DAG Run:latest_only
[2025-08-17T21:40:30.762+0000] {logging_mixin.py:190} INFO - [2025-08-17T21:40:30.762+0000] {override.py:1930} INFO - Created Permission View: can create on DAG Run:latest_only
[2025-08-17T21:40:30.769+0000] {logging_mixin.py:190} INFO - [2025-08-17T21:40:30.768+0000] {override.py:1930} INFO - Created Permission View: can delete on DAG Run:latest_only
[2025-08-17T21:40:30.776+0000] {logging_mixin.py:190} INFO - [2025-08-17T21:40:30.776+0000] {override.py:1930} INFO - Created Permission View: menu access on DAG Run:latest_only
[2025-08-17T21:40:30.776+0000] {logging_mixin.py:190} INFO - [2025-08-17T21:40:30.776+0000] {dag.py:3239} INFO - Sync 1 DAGs
[2025-08-17T21:40:30.788+0000] {logging_mixin.py:190} INFO - [2025-08-17T21:40:30.788+0000] {dag.py:3262} INFO - Creating ORM DAG for latest_only
[2025-08-17T21:40:30.796+0000] {logging_mixin.py:190} INFO - [2025-08-17T21:40:30.796+0000] {dag.py:4180} INFO - Setting next_dagrun for latest_only to 2025-08-17 16:00:00+00:00, run_after=2025-08-17 20:00:00+00:00
[2025-08-17T21:40:30.834+0000] {processor.py:208} INFO - Processing /home/airflow/.local/lib/python3.12/site-packages/airflow/example_dags/example_latest_only.py took 0.220 seconds
[2025-08-17T21:41:01.065+0000] {processor.py:186} INFO - Started process (PID=150) to work on /home/airflow/.local/lib/python3.12/site-packages/airflow/example_dags/example_latest_only.py
[2025-08-17T21:41:01.066+0000] {processor.py:914} INFO - Processing file /home/airflow/.local/lib/python3.12/site-packages/airflow/example_dags/example_latest_only.py for tasks to queue
[2025-08-17T21:41:01.068+0000] {logging_mixin.py:190} INFO - [2025-08-17T21:41:01.068+0000] {dagbag.py:588} INFO - Filling up the DagBag from /home/airflow/.local/lib/python3.12/site-packages/airflow/example_dags/example_latest_only.py
[2025-08-17T21:41:01.076+0000] {processor.py:925} INFO - DAG(s) 'latest_only' retrieved from /home/airflow/.local/lib/python3.12/site-packages/airflow/example_dags/example_latest_only.py
[2025-08-17T21:41:01.094+0000] {logging_mixin.py:190} INFO - [2025-08-17T21:41:01.094+0000] {dag.py:3239} INFO - Sync 1 DAGs
[2025-08-17T21:41:01.114+0000] {logging_mixin.py:190} INFO - [2025-08-17T21:41:01.113+0000] {dag.py:4180} INFO - Setting next_dagrun for latest_only to 2025-08-17 16:00:00+00:00, run_after=2025-08-17 20:00:00+00:00
[2025-08-17T21:41:01.129+0000] {processor.py:208} INFO - Processing /home/airflow/.local/lib/python3.12/site-packages/airflow/example_dags/example_latest_only.py took 0.069 seconds
[2025-08-17T21:41:31.392+0000] {processor.py:186} INFO - Started process (PID=212) to work on /home/airflow/.local/lib/python3.12/site-packages/airflow/example_dags/example_latest_only.py
[2025-08-17T21:41:31.393+0000] {processor.py:914} INFO - Processing file /home/airflow/.local/lib/python3.12/site-packages/airflow/example_dags/example_latest_only.py for tasks to queue
[2025-08-17T21:41:31.395+0000] {logging_mixin.py:190} INFO - [2025-08-17T21:41:31.394+0000] {dagbag.py:588} INFO - Filling up the DagBag from /home/airflow/.local/lib/python3.12/site-packages/airflow/example_dags/example_latest_only.py
[2025-08-17T21:41:31.402+0000] {processor.py:925} INFO - DAG(s) 'latest_only' retrieved from /home/airflow/.local/lib/python3.12/site-packages/airflow/example_dags/example_latest_only.py
[2025-08-17T21:41:31.419+0000] {logging_mixin.py:190} INFO - [2025-08-17T21:41:31.419+0000] {dag.py:3239} INFO - Sync 1 DAGs
[2025-08-17T21:41:31.438+0000] {logging_mixin.py:190} INFO - [2025-08-17T21:41:31.438+0000] {dag.py:4180} INFO - Setting next_dagrun for latest_only to 2025-08-17 16:00:00+00:00, run_after=2025-08-17 20:00:00+00:00
[2025-08-17T21:41:31.454+0000] {processor.py:208} INFO - Processing /home/airflow/.local/lib/python3.12/site-packages/airflow/example_dags/example_latest_only.py took 0.068 seconds
[2025-08-17T21:42:02.055+0000] {processor.py:186} INFO - Started process (PID=275) to work on /home/airflow/.local/lib/python3.12/site-packages/airflow/example_dags/example_latest_only.py
[2025-08-17T21:42:02.057+0000] {processor.py:914} INFO - Processing file /home/airflow/.local/lib/python3.12/site-packages/airflow/example_dags/example_latest_only.py for tasks to queue
[2025-08-17T21:42:02.060+0000] {logging_mixin.py:190} INFO - [2025-08-17T21:42:02.060+0000] {dagbag.py:588} INFO - Filling up the DagBag from /home/airflow/.local/lib/python3.12/site-packages/airflow/example_dags/example_latest_only.py
[2025-08-17T21:42:02.071+0000] {processor.py:925} INFO - DAG(s) 'latest_only' retrieved from /home/airflow/.local/lib/python3.12/site-packages/airflow/example_dags/example_latest_only.py
[2025-08-17T21:42:02.094+0000] {logging_mixin.py:190} INFO - [2025-08-17T21:42:02.093+0000] {dag.py:3239} INFO - Sync 1 DAGs
[2025-08-17T21:42:02.120+0000] {logging_mixin.py:190} INFO - [2025-08-17T21:42:02.120+0000] {dag.py:4180} INFO - Setting next_dagrun for latest_only to 2025-08-17 16:00:00+00:00, run_after=2025-08-17 20:00:00+00:00
[2025-08-17T21:42:02.136+0000] {processor.py:208} INFO - Processing /home/airflow/.local/lib/python3.12/site-packages/airflow/example_dags/example_latest_only.py took 0.088 seconds
[2025-08-17T21:42:32.543+0000] {processor.py:186} INFO - Started process (PID=338) to work on /home/airflow/.local/lib/python3.12/site-packages/airflow/example_dags/example_latest_only.py
[2025-08-17T21:42:32.544+0000] {processor.py:914} INFO - Processing file /home/airflow/.local/lib/python3.12/site-packages/airflow/example_dags/example_latest_only.py for tasks to queue
[2025-08-17T21:42:32.546+0000] {logging_mixin.py:190} INFO - [2025-08-17T21:42:32.546+0000] {dagbag.py:588} INFO - Filling up the DagBag from /home/airflow/.local/lib/python3.12/site-packages/airflow/example_dags/example_latest_only.py
[2025-08-17T21:42:32.554+0000] {processor.py:925} INFO - DAG(s) 'latest_only' retrieved from /home/airflow/.local/lib/python3.12/site-packages/airflow/example_dags/example_latest_only.py
[2025-08-17T21:42:32.572+0000] {logging_mixin.py:190} INFO - [2025-08-17T21:42:32.572+0000] {dag.py:3239} INFO - Sync 1 DAGs
[2025-08-17T21:42:32.596+0000] {logging_mixin.py:190} INFO - [2025-08-17T21:42:32.596+0000] {dag.py:4180} INFO - Setting next_dagrun for latest_only to 2025-08-17 16:00:00+00:00, run_after=2025-08-17 20:00:00+00:00
[2025-08-17T21:42:32.618+0000] {processor.py:208} INFO - Processing /home/airflow/.local/lib/python3.12/site-packages/airflow/example_dags/example_latest_only.py took 0.081 seconds
[2025-08-17T21:43:03.831+0000] {processor.py:186} INFO - Started process (PID=401) to work on /home/airflow/.local/lib/python3.12/site-packages/airflow/example_dags/example_latest_only.py
[2025-08-17T21:43:03.832+0000] {processor.py:914} INFO - Processing file /home/airflow/.local/lib/python3.12/site-packages/airflow/example_dags/example_latest_only.py for tasks to queue
[2025-08-17T21:43:03.834+0000] {logging_mixin.py:190} INFO - [2025-08-17T21:43:03.834+0000] {dagbag.py:588} INFO - Filling up the DagBag from /home/airflow/.local/lib/python3.12/site-packages/airflow/example_dags/example_latest_only.py
[2025-08-17T21:43:03.842+0000] {processor.py:925} INFO - DAG(s) 'latest_only' retrieved from /home/airflow/.local/lib/python3.12/site-packages/airflow/example_dags/example_latest_only.py
[2025-08-17T21:43:03.861+0000] {logging_mixin.py:190} INFO - [2025-08-17T21:43:03.861+0000] {dag.py:3239} INFO - Sync 1 DAGs
[2025-08-17T21:43:03.882+0000] {logging_mixin.py:190} INFO - [2025-08-17T21:43:03.882+0000] {dag.py:4180} INFO - Setting next_dagrun for latest_only to 2025-08-17 16:00:00+00:00, run_after=2025-08-17 20:00:00+00:00
[2025-08-17T21:43:03.897+0000] {processor.py:208} INFO - Processing /home/airflow/.local/lib/python3.12/site-packages/airflow/example_dags/example_latest_only.py took 0.071 seconds
[2025-08-17T21:43:34.226+0000] {processor.py:186} INFO - Started process (PID=464) to work on /home/airflow/.local/lib/python3.12/site-packages/airflow/example_dags/example_latest_only.py
[2025-08-17T21:43:34.227+0000] {processor.py:914} INFO - Processing file /home/airflow/.local/lib/python3.12/site-packages/airflow/example_dags/example_latest_only.py for tasks to queue
[2025-08-17T21:43:34.229+0000] {logging_mixin.py:190} INFO - [2025-08-17T21:43:34.228+0000] {dagbag.py:588} INFO - Filling up the DagBag from /home/airflow/.local/lib/python3.12/site-packages/airflow/example_dags/example_latest_only.py
[2025-08-17T21:43:34.235+0000] {processor.py:925} INFO - DAG(s) 'latest_only' retrieved from /home/airflow/.local/lib/python3.12/site-packages/airflow/example_dags/example_latest_only.py
[2025-08-17T21:43:34.255+0000] {logging_mixin.py:190} INFO - [2025-08-17T21:43:34.254+0000] {dag.py:3239} INFO - Sync 1 DAGs
[2025-08-17T21:43:34.274+0000] {logging_mixin.py:190} INFO - [2025-08-17T21:43:34.274+0000] {dag.py:4180} INFO - Setting next_dagrun for latest_only to 2025-08-17 16:00:00+00:00, run_after=2025-08-17 20:00:00+00:00
[2025-08-17T21:43:34.292+0000] {processor.py:208} INFO - Processing /home/airflow/.local/lib/python3.12/site-packages/airflow/example_dags/example_latest_only.py took 0.071 seconds
[2025-08-17T21:44:04.456+0000] {processor.py:186} INFO - Started process (PID=526) to work on /home/airflow/.local/lib/python3.12/site-packages/airflow/example_dags/example_latest_only.py
[2025-08-17T21:44:04.457+0000] {processor.py:914} INFO - Processing file /home/airflow/.local/lib/python3.12/site-packages/airflow/example_dags/example_latest_only.py for tasks to queue
[2025-08-17T21:44:04.459+0000] {logging_mixin.py:190} INFO - [2025-08-17T21:44:04.459+0000] {dagbag.py:588} INFO - Filling up the DagBag from /home/airflow/.local/lib/python3.12/site-packages/airflow/example_dags/example_latest_only.py
[2025-08-17T21:44:04.466+0000] {processor.py:925} INFO - DAG(s) 'latest_only' retrieved from /home/airflow/.local/lib/python3.12/site-packages/airflow/example_dags/example_latest_only.py
[2025-08-17T21:44:04.483+0000] {logging_mixin.py:190} INFO - [2025-08-17T21:44:04.483+0000] {dag.py:3239} INFO - Sync 1 DAGs
[2025-08-17T21:44:04.502+0000] {logging_mixin.py:190} INFO - [2025-08-17T21:44:04.502+0000] {dag.py:4180} INFO - Setting next_dagrun for latest_only to 2025-08-17 16:00:00+00:00, run_after=2025-08-17 20:00:00+00:00
[2025-08-17T21:44:04.522+0000] {processor.py:208} INFO - Processing /home/airflow/.local/lib/python3.12/site-packages/airflow/example_dags/example_latest_only.py took 0.070 seconds
[2025-08-17T21:44:35.063+0000] {processor.py:186} INFO - Started process (PID=589) to work on /home/airflow/.local/lib/python3.12/site-packages/airflow/example_dags/example_latest_only.py
[2025-08-17T21:44:35.064+0000] {processor.py:914} INFO - Processing file /home/airflow/.local/lib/python3.12/site-packages/airflow/example_dags/example_latest_only.py for tasks to queue
[2025-08-17T21:44:35.066+0000] {logging_mixin.py:190} INFO - [2025-08-17T21:44:35.066+0000] {dagbag.py:588} INFO - Filling up the DagBag from /home/airflow/.local/lib/python3.12/site-packages/airflow/example_dags/example_latest_only.py
[2025-08-17T21:44:35.073+0000] {processor.py:925} INFO - DAG(s) 'latest_only' retrieved from /home/airflow/.local/lib/python3.12/site-packages/airflow/example_dags/example_latest_only.py
[2025-08-17T21:44:35.091+0000] {logging_mixin.py:190} INFO - [2025-08-17T21:44:35.090+0000] {dag.py:3239} INFO - Sync 1 DAGs
[2025-08-17T21:44:35.109+0000] {logging_mixin.py:190} INFO - [2025-08-17T21:44:35.109+0000] {dag.py:4180} INFO - Setting next_dagrun for latest_only to 2025-08-17 16:00:00+00:00, run_after=2025-08-17 20:00:00+00:00
[2025-08-17T21:44:35.124+0000] {processor.py:208} INFO - Processing /home/airflow/.local/lib/python3.12/site-packages/airflow/example_dags/example_latest_only.py took 0.066 seconds
[2025-08-17T21:45:05.359+0000] {processor.py:186} INFO - Started process (PID=652) to work on /home/airflow/.local/lib/python3.12/site-packages/airflow/example_dags/example_latest_only.py
[2025-08-17T21:45:05.359+0000] {processor.py:914} INFO - Processing file /home/airflow/.local/lib/python3.12/site-packages/airflow/example_dags/example_latest_only.py for tasks to queue
[2025-08-17T21:45:05.362+0000] {logging_mixin.py:190} INFO - [2025-08-17T21:45:05.361+0000] {dagbag.py:588} INFO - Filling up the DagBag from /home/airflow/.local/lib/python3.12/site-packages/airflow/example_dags/example_latest_only.py
[2025-08-17T21:45:05.369+0000] {processor.py:925} INFO - DAG(s) 'latest_only' retrieved from /home/airflow/.local/lib/python3.12/site-packages/airflow/example_dags/example_latest_only.py
[2025-08-17T21:45:05.386+0000] {logging_mixin.py:190} INFO - [2025-08-17T21:45:05.386+0000] {dag.py:3239} INFO - Sync 1 DAGs
[2025-08-17T21:45:05.405+0000] {logging_mixin.py:190} INFO - [2025-08-17T21:45:05.404+0000] {dag.py:4180} INFO - Setting next_dagrun for latest_only to 2025-08-17 16:00:00+00:00, run_after=2025-08-17 20:00:00+00:00
[2025-08-17T21:45:05.424+0000] {processor.py:208} INFO - Processing /home/airflow/.local/lib/python3.12/site-packages/airflow/example_dags/example_latest_only.py took 0.071 seconds
[2025-08-17T21:45:35.572+0000] {processor.py:186} INFO - Started process (PID=715) to work on /home/airflow/.local/lib/python3.12/site-packages/airflow/example_dags/example_latest_only.py
[2025-08-17T21:45:35.573+0000] {processor.py:914} INFO - Processing file /home/airflow/.local/lib/python3.12/site-packages/airflow/example_dags/example_latest_only.py for tasks to queue
[2025-08-17T21:45:35.575+0000] {logging_mixin.py:190} INFO - [2025-08-17T21:45:35.575+0000] {dagbag.py:588} INFO - Filling up the DagBag from /home/airflow/.local/lib/python3.12/site-packages/airflow/example_dags/example_latest_only.py
[2025-08-17T21:45:35.583+0000] {processor.py:925} INFO - DAG(s) 'latest_only' retrieved from /home/airflow/.local/lib/python3.12/site-packages/airflow/example_dags/example_latest_only.py
[2025-08-17T21:45:35.601+0000] {logging_mixin.py:190} INFO - [2025-08-17T21:45:35.601+0000] {dag.py:3239} INFO - Sync 1 DAGs
[2025-08-17T21:45:35.620+0000] {logging_mixin.py:190} INFO - [2025-08-17T21:45:35.620+0000] {dag.py:4180} INFO - Setting next_dagrun for latest_only to 2025-08-17 16:00:00+00:00, run_after=2025-08-17 20:00:00+00:00
[2025-08-17T21:45:35.637+0000] {processor.py:208} INFO - Processing /home/airflow/.local/lib/python3.12/site-packages/airflow/example_dags/example_latest_only.py took 0.071 seconds
[2025-08-17T21:46:06.047+0000] {processor.py:186} INFO - Started process (PID=778) to work on /home/airflow/.local/lib/python3.12/site-packages/airflow/example_dags/example_latest_only.py
[2025-08-17T21:46:06.048+0000] {processor.py:914} INFO - Processing file /home/airflow/.local/lib/python3.12/site-packages/airflow/example_dags/example_latest_only.py for tasks to queue
[2025-08-17T21:46:06.050+0000] {logging_mixin.py:190} INFO - [2025-08-17T21:46:06.050+0000] {dagbag.py:588} INFO - Filling up the DagBag from /home/airflow/.local/lib/python3.12/site-packages/airflow/example_dags/example_latest_only.py
[2025-08-17T21:46:06.057+0000] {processor.py:925} INFO - DAG(s) 'latest_only' retrieved from /home/airflow/.local/lib/python3.12/site-packages/airflow/example_dags/example_latest_only.py
[2025-08-17T21:46:06.074+0000] {logging_mixin.py:190} INFO - [2025-08-17T21:46:06.074+0000] {dag.py:3239} INFO - Sync 1 DAGs
[2025-08-17T21:46:06.095+0000] {logging_mixin.py:190} INFO - [2025-08-17T21:46:06.094+0000] {dag.py:4180} INFO - Setting next_dagrun for latest_only to 2025-08-17 16:00:00+00:00, run_after=2025-08-17 20:00:00+00:00
[2025-08-17T21:46:06.118+0000] {processor.py:208} INFO - Processing /home/airflow/.local/lib/python3.12/site-packages/airflow/example_dags/example_latest_only.py took 0.077 seconds
[2025-08-17T21:46:36.581+0000] {processor.py:186} INFO - Started process (PID=841) to work on /home/airflow/.local/lib/python3.12/site-packages/airflow/example_dags/example_latest_only.py
[2025-08-17T21:46:36.582+0000] {processor.py:914} INFO - Processing file /home/airflow/.local/lib/python3.12/site-packages/airflow/example_dags/example_latest_only.py for tasks to queue
[2025-08-17T21:46:36.584+0000] {logging_mixin.py:190} INFO - [2025-08-17T21:46:36.584+0000] {dagbag.py:588} INFO - Filling up the DagBag from /home/airflow/.local/lib/python3.12/site-packages/airflow/example_dags/example_latest_only.py
[2025-08-17T21:46:36.592+0000] {processor.py:925} INFO - DAG(s) 'latest_only' retrieved from /home/airflow/.local/lib/python3.12/site-packages/airflow/example_dags/example_latest_only.py
[2025-08-17T21:46:36.609+0000] {logging_mixin.py:190} INFO - [2025-08-17T21:46:36.609+0000] {dag.py:3239} INFO - Sync 1 DAGs
[2025-08-17T21:46:36.628+0000] {logging_mixin.py:190} INFO - [2025-08-17T21:46:36.628+0000] {dag.py:4180} INFO - Setting next_dagrun for latest_only to 2025-08-17 16:00:00+00:00, run_after=2025-08-17 20:00:00+00:00
[2025-08-17T21:46:36.646+0000] {processor.py:208} INFO - Processing /home/airflow/.local/lib/python3.12/site-packages/airflow/example_dags/example_latest_only.py took 0.070 seconds
[2025-08-17T21:47:07.000+0000] {processor.py:186} INFO - Started process (PID=904) to work on /home/airflow/.local/lib/python3.12/site-packages/airflow/example_dags/example_latest_only.py
[2025-08-17T21:47:07.001+0000] {processor.py:914} INFO - Processing file /home/airflow/.local/lib/python3.12/site-packages/airflow/example_dags/example_latest_only.py for tasks to queue
[2025-08-17T21:47:07.003+0000] {logging_mixin.py:190} INFO - [2025-08-17T21:47:07.003+0000] {dagbag.py:588} INFO - Filling up the DagBag from /home/airflow/.local/lib/python3.12/site-packages/airflow/example_dags/example_latest_only.py
[2025-08-17T21:47:07.011+0000] {processor.py:925} INFO - DAG(s) 'latest_only' retrieved from /home/airflow/.local/lib/python3.12/site-packages/airflow/example_dags/example_latest_only.py
[2025-08-17T21:47:07.029+0000] {logging_mixin.py:190} INFO - [2025-08-17T21:47:07.028+0000] {dag.py:3239} INFO - Sync 1 DAGs
[2025-08-17T21:47:07.047+0000] {logging_mixin.py:190} INFO - [2025-08-17T21:47:07.047+0000] {dag.py:4180} INFO - Setting next_dagrun for latest_only to 2025-08-17 16:00:00+00:00, run_after=2025-08-17 20:00:00+00:00
[2025-08-17T21:47:07.066+0000] {processor.py:208} INFO - Processing /home/airflow/.local/lib/python3.12/site-packages/airflow/example_dags/example_latest_only.py took 0.071 seconds
[2025-08-17T21:47:37.197+0000] {processor.py:186} INFO - Started process (PID=967) to work on /home/airflow/.local/lib/python3.12/site-packages/airflow/example_dags/example_latest_only.py
[2025-08-17T21:47:37.197+0000] {processor.py:914} INFO - Processing file /home/airflow/.local/lib/python3.12/site-packages/airflow/example_dags/example_latest_only.py for tasks to queue
[2025-08-17T21:47:37.200+0000] {logging_mixin.py:190} INFO - [2025-08-17T21:47:37.199+0000] {dagbag.py:588} INFO - Filling up the DagBag from /home/airflow/.local/lib/python3.12/site-packages/airflow/example_dags/example_latest_only.py
[2025-08-17T21:47:37.207+0000] {processor.py:925} INFO - DAG(s) 'latest_only' retrieved from /home/airflow/.local/lib/python3.12/site-packages/airflow/example_dags/example_latest_only.py
[2025-08-17T21:47:37.224+0000] {logging_mixin.py:190} INFO - [2025-08-17T21:47:37.224+0000] {dag.py:3239} INFO - Sync 1 DAGs
[2025-08-17T21:47:37.243+0000] {logging_mixin.py:190} INFO - [2025-08-17T21:47:37.243+0000] {dag.py:4180} INFO - Setting next_dagrun for latest_only to 2025-08-17 16:00:00+00:00, run_after=2025-08-17 20:00:00+00:00
[2025-08-17T21:47:37.262+0000] {processor.py:208} INFO - Processing /home/airflow/.local/lib/python3.12/site-packages/airflow/example_dags/example_latest_only.py took 0.071 seconds
[2025-08-17T21:48:07.425+0000] {processor.py:186} INFO - Started process (PID=1030) to work on /home/airflow/.local/lib/python3.12/site-packages/airflow/example_dags/example_latest_only.py
[2025-08-17T21:48:07.426+0000] {processor.py:914} INFO - Processing file /home/airflow/.local/lib/python3.12/site-packages/airflow/example_dags/example_latest_only.py for tasks to queue
[2025-08-17T21:48:07.428+0000] {logging_mixin.py:190} INFO - [2025-08-17T21:48:07.428+0000] {dagbag.py:588} INFO - Filling up the DagBag from /home/airflow/.local/lib/python3.12/site-packages/airflow/example_dags/example_latest_only.py
[2025-08-17T21:48:07.436+0000] {processor.py:925} INFO - DAG(s) 'latest_only' retrieved from /home/airflow/.local/lib/python3.12/site-packages/airflow/example_dags/example_latest_only.py
[2025-08-17T21:48:07.454+0000] {logging_mixin.py:190} INFO - [2025-08-17T21:48:07.454+0000] {dag.py:3239} INFO - Sync 1 DAGs
[2025-08-17T21:48:07.472+0000] {logging_mixin.py:190} INFO - [2025-08-17T21:48:07.472+0000] {dag.py:4180} INFO - Setting next_dagrun for latest_only to 2025-08-17 16:00:00+00:00, run_after=2025-08-17 20:00:00+00:00
[2025-08-17T21:48:07.490+0000] {processor.py:208} INFO - Processing /home/airflow/.local/lib/python3.12/site-packages/airflow/example_dags/example_latest_only.py took 0.070 seconds
