[2025-08-17T21:40:31.609+0000] {processor.py:186} INFO - Started process (PID=95) to work on /home/airflow/.local/lib/python3.12/site-packages/airflow/example_dags/example_python_decorator.py
[2025-08-17T21:40:31.610+0000] {processor.py:914} INFO - Processing file /home/airflow/.local/lib/python3.12/site-packages/airflow/example_dags/example_python_decorator.py for tasks to queue
[2025-08-17T21:40:31.612+0000] {logging_mixin.py:190} INFO - [2025-08-17T21:40:31.612+0000] {dagbag.py:588} INFO - Filling up the DagBag from /home/airflow/.local/lib/python3.12/site-packages/airflow/example_dags/example_python_decorator.py
[2025-08-17T21:40:31.627+0000] {processor.py:925} INFO - DAG(s) 'example_python_decorator' retrieved from /home/airflow/.local/lib/python3.12/site-packages/airflow/example_dags/example_python_decorator.py
[2025-08-17T21:40:31.744+0000] {logging_mixin.py:190} INFO - [2025-08-17T21:40:31.743+0000] {override.py:1930} INFO - Created Permission View: can read on DAG:example_python_decorator
[2025-08-17T21:40:31.751+0000] {logging_mixin.py:190} INFO - [2025-08-17T21:40:31.750+0000] {override.py:1930} INFO - Created Permission View: can edit on DAG:example_python_decorator
[2025-08-17T21:40:31.755+0000] {logging_mixin.py:190} INFO - [2025-08-17T21:40:31.755+0000] {override.py:1930} INFO - Created Permission View: can delete on DAG:example_python_decorator
[2025-08-17T21:40:31.760+0000] {logging_mixin.py:190} INFO - [2025-08-17T21:40:31.760+0000] {override.py:1930} INFO - Created Permission View: can read on DAG Run:example_python_decorator
[2025-08-17T21:40:31.765+0000] {logging_mixin.py:190} INFO - [2025-08-17T21:40:31.765+0000] {override.py:1930} INFO - Created Permission View: can create on DAG Run:example_python_decorator
[2025-08-17T21:40:31.769+0000] {logging_mixin.py:190} INFO - [2025-08-17T21:40:31.769+0000] {override.py:1930} INFO - Created Permission View: can delete on DAG Run:example_python_decorator
[2025-08-17T21:40:31.775+0000] {logging_mixin.py:190} INFO - [2025-08-17T21:40:31.774+0000] {override.py:1930} INFO - Created Permission View: menu access on DAG Run:example_python_decorator
[2025-08-17T21:40:31.775+0000] {logging_mixin.py:190} INFO - [2025-08-17T21:40:31.775+0000] {dag.py:3239} INFO - Sync 1 DAGs
[2025-08-17T21:40:31.785+0000] {logging_mixin.py:190} INFO - [2025-08-17T21:40:31.784+0000] {dag.py:3262} INFO - Creating ORM DAG for example_python_decorator
[2025-08-17T21:40:31.785+0000] {logging_mixin.py:190} INFO - [2025-08-17T21:40:31.785+0000] {dag.py:4180} INFO - Setting next_dagrun for example_python_decorator to None, run_after=None
[2025-08-17T21:40:31.798+0000] {processor.py:208} INFO - Processing /home/airflow/.local/lib/python3.12/site-packages/airflow/example_dags/example_python_decorator.py took 0.195 seconds
[2025-08-17T21:41:02.648+0000] {processor.py:186} INFO - Started process (PID=158) to work on /home/airflow/.local/lib/python3.12/site-packages/airflow/example_dags/example_python_decorator.py
[2025-08-17T21:41:02.649+0000] {processor.py:914} INFO - Processing file /home/airflow/.local/lib/python3.12/site-packages/airflow/example_dags/example_python_decorator.py for tasks to queue
[2025-08-17T21:41:02.651+0000] {logging_mixin.py:190} INFO - [2025-08-17T21:41:02.651+0000] {dagbag.py:588} INFO - Filling up the DagBag from /home/airflow/.local/lib/python3.12/site-packages/airflow/example_dags/example_python_decorator.py
[2025-08-17T21:41:02.663+0000] {processor.py:925} INFO - DAG(s) 'example_python_decorator' retrieved from /home/airflow/.local/lib/python3.12/site-packages/airflow/example_dags/example_python_decorator.py
[2025-08-17T21:41:02.682+0000] {logging_mixin.py:190} INFO - [2025-08-17T21:41:02.681+0000] {dag.py:3239} INFO - Sync 1 DAGs
[2025-08-17T21:41:02.693+0000] {logging_mixin.py:190} INFO - [2025-08-17T21:41:02.693+0000] {dag.py:4180} INFO - Setting next_dagrun for example_python_decorator to None, run_after=None
[2025-08-17T21:41:02.707+0000] {processor.py:208} INFO - Processing /home/airflow/.local/lib/python3.12/site-packages/airflow/example_dags/example_python_decorator.py took 0.065 seconds
[2025-08-17T21:41:33.101+0000] {processor.py:186} INFO - Started process (PID=221) to work on /home/airflow/.local/lib/python3.12/site-packages/airflow/example_dags/example_python_decorator.py
[2025-08-17T21:41:33.102+0000] {processor.py:914} INFO - Processing file /home/airflow/.local/lib/python3.12/site-packages/airflow/example_dags/example_python_decorator.py for tasks to queue
[2025-08-17T21:41:33.104+0000] {logging_mixin.py:190} INFO - [2025-08-17T21:41:33.104+0000] {dagbag.py:588} INFO - Filling up the DagBag from /home/airflow/.local/lib/python3.12/site-packages/airflow/example_dags/example_python_decorator.py
[2025-08-17T21:41:33.116+0000] {processor.py:925} INFO - DAG(s) 'example_python_decorator' retrieved from /home/airflow/.local/lib/python3.12/site-packages/airflow/example_dags/example_python_decorator.py
[2025-08-17T21:41:33.134+0000] {logging_mixin.py:190} INFO - [2025-08-17T21:41:33.134+0000] {dag.py:3239} INFO - Sync 1 DAGs
[2025-08-17T21:41:33.145+0000] {logging_mixin.py:190} INFO - [2025-08-17T21:41:33.145+0000] {dag.py:4180} INFO - Setting next_dagrun for example_python_decorator to None, run_after=None
[2025-08-17T21:41:33.191+0000] {processor.py:208} INFO - Processing /home/airflow/.local/lib/python3.12/site-packages/airflow/example_dags/example_python_decorator.py took 0.095 seconds
[2025-08-17T21:42:03.615+0000] {processor.py:186} INFO - Started process (PID=284) to work on /home/airflow/.local/lib/python3.12/site-packages/airflow/example_dags/example_python_decorator.py
[2025-08-17T21:42:03.616+0000] {processor.py:914} INFO - Processing file /home/airflow/.local/lib/python3.12/site-packages/airflow/example_dags/example_python_decorator.py for tasks to queue
[2025-08-17T21:42:03.618+0000] {logging_mixin.py:190} INFO - [2025-08-17T21:42:03.618+0000] {dagbag.py:588} INFO - Filling up the DagBag from /home/airflow/.local/lib/python3.12/site-packages/airflow/example_dags/example_python_decorator.py
[2025-08-17T21:42:03.630+0000] {processor.py:925} INFO - DAG(s) 'example_python_decorator' retrieved from /home/airflow/.local/lib/python3.12/site-packages/airflow/example_dags/example_python_decorator.py
[2025-08-17T21:42:03.651+0000] {logging_mixin.py:190} INFO - [2025-08-17T21:42:03.651+0000] {dag.py:3239} INFO - Sync 1 DAGs
[2025-08-17T21:42:03.665+0000] {logging_mixin.py:190} INFO - [2025-08-17T21:42:03.665+0000] {dag.py:4180} INFO - Setting next_dagrun for example_python_decorator to None, run_after=None
[2025-08-17T21:42:03.680+0000] {processor.py:208} INFO - Processing /home/airflow/.local/lib/python3.12/site-packages/airflow/example_dags/example_python_decorator.py took 0.070 seconds
[2025-08-17T21:42:33.760+0000] {processor.py:186} INFO - Started process (PID=347) to work on /home/airflow/.local/lib/python3.12/site-packages/airflow/example_dags/example_python_decorator.py
[2025-08-17T21:42:33.761+0000] {processor.py:914} INFO - Processing file /home/airflow/.local/lib/python3.12/site-packages/airflow/example_dags/example_python_decorator.py for tasks to queue
[2025-08-17T21:42:33.763+0000] {logging_mixin.py:190} INFO - [2025-08-17T21:42:33.763+0000] {dagbag.py:588} INFO - Filling up the DagBag from /home/airflow/.local/lib/python3.12/site-packages/airflow/example_dags/example_python_decorator.py
[2025-08-17T21:42:33.777+0000] {processor.py:925} INFO - DAG(s) 'example_python_decorator' retrieved from /home/airflow/.local/lib/python3.12/site-packages/airflow/example_dags/example_python_decorator.py
[2025-08-17T21:42:33.798+0000] {logging_mixin.py:190} INFO - [2025-08-17T21:42:33.798+0000] {dag.py:3239} INFO - Sync 1 DAGs
[2025-08-17T21:42:33.811+0000] {logging_mixin.py:190} INFO - [2025-08-17T21:42:33.811+0000] {dag.py:4180} INFO - Setting next_dagrun for example_python_decorator to None, run_after=None
[2025-08-17T21:42:33.842+0000] {processor.py:208} INFO - Processing /home/airflow/.local/lib/python3.12/site-packages/airflow/example_dags/example_python_decorator.py took 0.088 seconds
[2025-08-17T21:43:05.159+0000] {processor.py:186} INFO - Started process (PID=410) to work on /home/airflow/.local/lib/python3.12/site-packages/airflow/example_dags/example_python_decorator.py
[2025-08-17T21:43:05.160+0000] {processor.py:914} INFO - Processing file /home/airflow/.local/lib/python3.12/site-packages/airflow/example_dags/example_python_decorator.py for tasks to queue
[2025-08-17T21:43:05.162+0000] {logging_mixin.py:190} INFO - [2025-08-17T21:43:05.162+0000] {dagbag.py:588} INFO - Filling up the DagBag from /home/airflow/.local/lib/python3.12/site-packages/airflow/example_dags/example_python_decorator.py
[2025-08-17T21:43:05.175+0000] {processor.py:925} INFO - DAG(s) 'example_python_decorator' retrieved from /home/airflow/.local/lib/python3.12/site-packages/airflow/example_dags/example_python_decorator.py
[2025-08-17T21:43:05.195+0000] {logging_mixin.py:190} INFO - [2025-08-17T21:43:05.195+0000] {dag.py:3239} INFO - Sync 1 DAGs
[2025-08-17T21:43:05.210+0000] {logging_mixin.py:190} INFO - [2025-08-17T21:43:05.210+0000] {dag.py:4180} INFO - Setting next_dagrun for example_python_decorator to None, run_after=None
[2025-08-17T21:43:05.227+0000] {processor.py:208} INFO - Processing /home/airflow/.local/lib/python3.12/site-packages/airflow/example_dags/example_python_decorator.py took 0.074 seconds
[2025-08-17T21:43:35.951+0000] {processor.py:186} INFO - Started process (PID=473) to work on /home/airflow/.local/lib/python3.12/site-packages/airflow/example_dags/example_python_decorator.py
[2025-08-17T21:43:35.952+0000] {processor.py:914} INFO - Processing file /home/airflow/.local/lib/python3.12/site-packages/airflow/example_dags/example_python_decorator.py for tasks to queue
[2025-08-17T21:43:35.955+0000] {logging_mixin.py:190} INFO - [2025-08-17T21:43:35.954+0000] {dagbag.py:588} INFO - Filling up the DagBag from /home/airflow/.local/lib/python3.12/site-packages/airflow/example_dags/example_python_decorator.py
[2025-08-17T21:43:35.966+0000] {processor.py:925} INFO - DAG(s) 'example_python_decorator' retrieved from /home/airflow/.local/lib/python3.12/site-packages/airflow/example_dags/example_python_decorator.py
[2025-08-17T21:43:35.986+0000] {logging_mixin.py:190} INFO - [2025-08-17T21:43:35.986+0000] {dag.py:3239} INFO - Sync 1 DAGs
[2025-08-17T21:43:35.999+0000] {logging_mixin.py:190} INFO - [2025-08-17T21:43:35.999+0000] {dag.py:4180} INFO - Setting next_dagrun for example_python_decorator to None, run_after=None
[2025-08-17T21:43:36.022+0000] {processor.py:208} INFO - Processing /home/airflow/.local/lib/python3.12/site-packages/airflow/example_dags/example_python_decorator.py took 0.075 seconds
[2025-08-17T21:44:06.621+0000] {processor.py:186} INFO - Started process (PID=535) to work on /home/airflow/.local/lib/python3.12/site-packages/airflow/example_dags/example_python_decorator.py
[2025-08-17T21:44:06.622+0000] {processor.py:914} INFO - Processing file /home/airflow/.local/lib/python3.12/site-packages/airflow/example_dags/example_python_decorator.py for tasks to queue
[2025-08-17T21:44:06.624+0000] {logging_mixin.py:190} INFO - [2025-08-17T21:44:06.624+0000] {dagbag.py:588} INFO - Filling up the DagBag from /home/airflow/.local/lib/python3.12/site-packages/airflow/example_dags/example_python_decorator.py
[2025-08-17T21:44:06.637+0000] {processor.py:925} INFO - DAG(s) 'example_python_decorator' retrieved from /home/airflow/.local/lib/python3.12/site-packages/airflow/example_dags/example_python_decorator.py
[2025-08-17T21:44:06.657+0000] {logging_mixin.py:190} INFO - [2025-08-17T21:44:06.656+0000] {dag.py:3239} INFO - Sync 1 DAGs
[2025-08-17T21:44:06.669+0000] {logging_mixin.py:190} INFO - [2025-08-17T21:44:06.668+0000] {dag.py:4180} INFO - Setting next_dagrun for example_python_decorator to None, run_after=None
[2025-08-17T21:44:06.690+0000] {processor.py:208} INFO - Processing /home/airflow/.local/lib/python3.12/site-packages/airflow/example_dags/example_python_decorator.py took 0.074 seconds
[2025-08-17T21:44:36.740+0000] {processor.py:186} INFO - Started process (PID=598) to work on /home/airflow/.local/lib/python3.12/site-packages/airflow/example_dags/example_python_decorator.py
[2025-08-17T21:44:36.740+0000] {processor.py:914} INFO - Processing file /home/airflow/.local/lib/python3.12/site-packages/airflow/example_dags/example_python_decorator.py for tasks to queue
[2025-08-17T21:44:36.742+0000] {logging_mixin.py:190} INFO - [2025-08-17T21:44:36.742+0000] {dagbag.py:588} INFO - Filling up the DagBag from /home/airflow/.local/lib/python3.12/site-packages/airflow/example_dags/example_python_decorator.py
[2025-08-17T21:44:36.755+0000] {processor.py:925} INFO - DAG(s) 'example_python_decorator' retrieved from /home/airflow/.local/lib/python3.12/site-packages/airflow/example_dags/example_python_decorator.py
[2025-08-17T21:44:36.776+0000] {logging_mixin.py:190} INFO - [2025-08-17T21:44:36.775+0000] {dag.py:3239} INFO - Sync 1 DAGs
[2025-08-17T21:44:36.789+0000] {logging_mixin.py:190} INFO - [2025-08-17T21:44:36.789+0000] {dag.py:4180} INFO - Setting next_dagrun for example_python_decorator to None, run_after=None
[2025-08-17T21:44:36.805+0000] {processor.py:208} INFO - Processing /home/airflow/.local/lib/python3.12/site-packages/airflow/example_dags/example_python_decorator.py took 0.071 seconds
[2025-08-17T21:45:06.919+0000] {processor.py:186} INFO - Started process (PID=661) to work on /home/airflow/.local/lib/python3.12/site-packages/airflow/example_dags/example_python_decorator.py
[2025-08-17T21:45:06.920+0000] {processor.py:914} INFO - Processing file /home/airflow/.local/lib/python3.12/site-packages/airflow/example_dags/example_python_decorator.py for tasks to queue
[2025-08-17T21:45:06.922+0000] {logging_mixin.py:190} INFO - [2025-08-17T21:45:06.921+0000] {dagbag.py:588} INFO - Filling up the DagBag from /home/airflow/.local/lib/python3.12/site-packages/airflow/example_dags/example_python_decorator.py
[2025-08-17T21:45:06.935+0000] {processor.py:925} INFO - DAG(s) 'example_python_decorator' retrieved from /home/airflow/.local/lib/python3.12/site-packages/airflow/example_dags/example_python_decorator.py
[2025-08-17T21:45:06.955+0000] {logging_mixin.py:190} INFO - [2025-08-17T21:45:06.954+0000] {dag.py:3239} INFO - Sync 1 DAGs
[2025-08-17T21:45:06.967+0000] {logging_mixin.py:190} INFO - [2025-08-17T21:45:06.967+0000] {dag.py:4180} INFO - Setting next_dagrun for example_python_decorator to None, run_after=None
[2025-08-17T21:45:06.987+0000] {processor.py:208} INFO - Processing /home/airflow/.local/lib/python3.12/site-packages/airflow/example_dags/example_python_decorator.py took 0.074 seconds
[2025-08-17T21:45:37.041+0000] {processor.py:186} INFO - Started process (PID=723) to work on /home/airflow/.local/lib/python3.12/site-packages/airflow/example_dags/example_python_decorator.py
[2025-08-17T21:45:37.042+0000] {processor.py:914} INFO - Processing file /home/airflow/.local/lib/python3.12/site-packages/airflow/example_dags/example_python_decorator.py for tasks to queue
[2025-08-17T21:45:37.044+0000] {logging_mixin.py:190} INFO - [2025-08-17T21:45:37.043+0000] {dagbag.py:588} INFO - Filling up the DagBag from /home/airflow/.local/lib/python3.12/site-packages/airflow/example_dags/example_python_decorator.py
[2025-08-17T21:45:37.057+0000] {processor.py:925} INFO - DAG(s) 'example_python_decorator' retrieved from /home/airflow/.local/lib/python3.12/site-packages/airflow/example_dags/example_python_decorator.py
[2025-08-17T21:45:37.078+0000] {logging_mixin.py:190} INFO - [2025-08-17T21:45:37.077+0000] {dag.py:3239} INFO - Sync 1 DAGs
[2025-08-17T21:45:37.091+0000] {logging_mixin.py:190} INFO - [2025-08-17T21:45:37.091+0000] {dag.py:4180} INFO - Setting next_dagrun for example_python_decorator to None, run_after=None
[2025-08-17T21:45:37.111+0000] {processor.py:208} INFO - Processing /home/airflow/.local/lib/python3.12/site-packages/airflow/example_dags/example_python_decorator.py took 0.076 seconds
[2025-08-17T21:46:08.310+0000] {processor.py:186} INFO - Started process (PID=786) to work on /home/airflow/.local/lib/python3.12/site-packages/airflow/example_dags/example_python_decorator.py
[2025-08-17T21:46:08.311+0000] {processor.py:914} INFO - Processing file /home/airflow/.local/lib/python3.12/site-packages/airflow/example_dags/example_python_decorator.py for tasks to queue
[2025-08-17T21:46:08.313+0000] {logging_mixin.py:190} INFO - [2025-08-17T21:46:08.313+0000] {dagbag.py:588} INFO - Filling up the DagBag from /home/airflow/.local/lib/python3.12/site-packages/airflow/example_dags/example_python_decorator.py
[2025-08-17T21:46:08.325+0000] {processor.py:925} INFO - DAG(s) 'example_python_decorator' retrieved from /home/airflow/.local/lib/python3.12/site-packages/airflow/example_dags/example_python_decorator.py
[2025-08-17T21:46:08.348+0000] {logging_mixin.py:190} INFO - [2025-08-17T21:46:08.348+0000] {dag.py:3239} INFO - Sync 1 DAGs
[2025-08-17T21:46:08.361+0000] {logging_mixin.py:190} INFO - [2025-08-17T21:46:08.361+0000] {dag.py:4180} INFO - Setting next_dagrun for example_python_decorator to None, run_after=None
[2025-08-17T21:46:08.376+0000] {processor.py:208} INFO - Processing /home/airflow/.local/lib/python3.12/site-packages/airflow/example_dags/example_python_decorator.py took 0.071 seconds
[2025-08-17T21:46:39.023+0000] {processor.py:186} INFO - Started process (PID=849) to work on /home/airflow/.local/lib/python3.12/site-packages/airflow/example_dags/example_python_decorator.py
[2025-08-17T21:46:39.024+0000] {processor.py:914} INFO - Processing file /home/airflow/.local/lib/python3.12/site-packages/airflow/example_dags/example_python_decorator.py for tasks to queue
[2025-08-17T21:46:39.027+0000] {logging_mixin.py:190} INFO - [2025-08-17T21:46:39.027+0000] {dagbag.py:588} INFO - Filling up the DagBag from /home/airflow/.local/lib/python3.12/site-packages/airflow/example_dags/example_python_decorator.py
[2025-08-17T21:46:39.040+0000] {processor.py:925} INFO - DAG(s) 'example_python_decorator' retrieved from /home/airflow/.local/lib/python3.12/site-packages/airflow/example_dags/example_python_decorator.py
[2025-08-17T21:46:39.061+0000] {logging_mixin.py:190} INFO - [2025-08-17T21:46:39.060+0000] {dag.py:3239} INFO - Sync 1 DAGs
[2025-08-17T21:46:39.072+0000] {logging_mixin.py:190} INFO - [2025-08-17T21:46:39.072+0000] {dag.py:4180} INFO - Setting next_dagrun for example_python_decorator to None, run_after=None
[2025-08-17T21:46:39.095+0000] {processor.py:208} INFO - Processing /home/airflow/.local/lib/python3.12/site-packages/airflow/example_dags/example_python_decorator.py took 0.077 seconds
[2025-08-17T21:47:09.438+0000] {processor.py:186} INFO - Started process (PID=912) to work on /home/airflow/.local/lib/python3.12/site-packages/airflow/example_dags/example_python_decorator.py
[2025-08-17T21:47:09.439+0000] {processor.py:914} INFO - Processing file /home/airflow/.local/lib/python3.12/site-packages/airflow/example_dags/example_python_decorator.py for tasks to queue
[2025-08-17T21:47:09.442+0000] {logging_mixin.py:190} INFO - [2025-08-17T21:47:09.441+0000] {dagbag.py:588} INFO - Filling up the DagBag from /home/airflow/.local/lib/python3.12/site-packages/airflow/example_dags/example_python_decorator.py
[2025-08-17T21:47:09.454+0000] {processor.py:925} INFO - DAG(s) 'example_python_decorator' retrieved from /home/airflow/.local/lib/python3.12/site-packages/airflow/example_dags/example_python_decorator.py
[2025-08-17T21:47:09.475+0000] {logging_mixin.py:190} INFO - [2025-08-17T21:47:09.475+0000] {dag.py:3239} INFO - Sync 1 DAGs
[2025-08-17T21:47:09.488+0000] {logging_mixin.py:190} INFO - [2025-08-17T21:47:09.487+0000] {dag.py:4180} INFO - Setting next_dagrun for example_python_decorator to None, run_after=None
[2025-08-17T21:47:09.509+0000] {processor.py:208} INFO - Processing /home/airflow/.local/lib/python3.12/site-packages/airflow/example_dags/example_python_decorator.py took 0.077 seconds
[2025-08-17T21:47:39.653+0000] {processor.py:186} INFO - Started process (PID=975) to work on /home/airflow/.local/lib/python3.12/site-packages/airflow/example_dags/example_python_decorator.py
[2025-08-17T21:47:39.654+0000] {processor.py:914} INFO - Processing file /home/airflow/.local/lib/python3.12/site-packages/airflow/example_dags/example_python_decorator.py for tasks to queue
[2025-08-17T21:47:39.656+0000] {logging_mixin.py:190} INFO - [2025-08-17T21:47:39.656+0000] {dagbag.py:588} INFO - Filling up the DagBag from /home/airflow/.local/lib/python3.12/site-packages/airflow/example_dags/example_python_decorator.py
[2025-08-17T21:47:39.669+0000] {processor.py:925} INFO - DAG(s) 'example_python_decorator' retrieved from /home/airflow/.local/lib/python3.12/site-packages/airflow/example_dags/example_python_decorator.py
[2025-08-17T21:47:39.688+0000] {logging_mixin.py:190} INFO - [2025-08-17T21:47:39.688+0000] {dag.py:3239} INFO - Sync 1 DAGs
[2025-08-17T21:47:39.699+0000] {logging_mixin.py:190} INFO - [2025-08-17T21:47:39.699+0000] {dag.py:4180} INFO - Setting next_dagrun for example_python_decorator to None, run_after=None
[2025-08-17T21:47:39.714+0000] {processor.py:208} INFO - Processing /home/airflow/.local/lib/python3.12/site-packages/airflow/example_dags/example_python_decorator.py took 0.067 seconds
[2025-08-17T21:48:09.927+0000] {processor.py:186} INFO - Started process (PID=1038) to work on /home/airflow/.local/lib/python3.12/site-packages/airflow/example_dags/example_python_decorator.py
[2025-08-17T21:48:09.928+0000] {processor.py:914} INFO - Processing file /home/airflow/.local/lib/python3.12/site-packages/airflow/example_dags/example_python_decorator.py for tasks to queue
[2025-08-17T21:48:09.931+0000] {logging_mixin.py:190} INFO - [2025-08-17T21:48:09.931+0000] {dagbag.py:588} INFO - Filling up the DagBag from /home/airflow/.local/lib/python3.12/site-packages/airflow/example_dags/example_python_decorator.py
[2025-08-17T21:48:09.950+0000] {processor.py:925} INFO - DAG(s) 'example_python_decorator' retrieved from /home/airflow/.local/lib/python3.12/site-packages/airflow/example_dags/example_python_decorator.py
[2025-08-17T21:48:09.973+0000] {logging_mixin.py:190} INFO - [2025-08-17T21:48:09.973+0000] {dag.py:3239} INFO - Sync 1 DAGs
[2025-08-17T21:48:09.988+0000] {logging_mixin.py:190} INFO - [2025-08-17T21:48:09.987+0000] {dag.py:4180} INFO - Setting next_dagrun for example_python_decorator to None, run_after=None
[2025-08-17T21:48:10.012+0000] {processor.py:208} INFO - Processing /home/airflow/.local/lib/python3.12/site-packages/airflow/example_dags/example_python_decorator.py took 0.091 seconds
