[2025-08-17T21:40:29.490+0000] {processor.py:186} INFO - Started process (PID=84) to work on /home/airflow/.local/lib/python3.12/site-packages/airflow/example_dags/example_datasets.py
[2025-08-17T21:40:29.491+0000] {processor.py:914} INFO - Processing file /home/airflow/.local/lib/python3.12/site-packages/airflow/example_dags/example_datasets.py for tasks to queue
[2025-08-17T21:40:29.493+0000] {logging_mixin.py:190} INFO - [2025-08-17T21:40:29.493+0000] {dagbag.py:588} INFO - Filling up the DagBag from /home/airflow/.local/lib/python3.12/site-packages/airflow/example_dags/example_datasets.py
[2025-08-17T21:40:30.016+0000] {processor.py:925} INFO - DAG(s) 'dataset_produces_2', 'dataset_consumes_1', 'dataset_produces_1', 'conditional_dataset_and_time_based_timetable', 'consume_1_or_2_with_dataset_expressions', 'consume_1_or_both_2_and_3_with_dataset_expressions', 'dataset_consumes_unknown_never_scheduled', 'consume_1_and_2_with_dataset_expressions', 'dataset_consumes_1_and_2', 'dataset_consumes_1_never_scheduled' retrieved from /home/airflow/.local/lib/python3.12/site-packages/airflow/example_dags/example_datasets.py
[2025-08-17T21:40:30.106+0000] {logging_mixin.py:190} INFO - [2025-08-17T21:40:30.105+0000] {override.py:1930} INFO - Created Permission View: can read on DAG:dataset_produces_2
[2025-08-17T21:40:30.116+0000] {logging_mixin.py:190} INFO - [2025-08-17T21:40:30.116+0000] {override.py:1930} INFO - Created Permission View: can edit on DAG:dataset_produces_2
[2025-08-17T21:40:30.121+0000] {logging_mixin.py:190} INFO - [2025-08-17T21:40:30.120+0000] {override.py:1930} INFO - Created Permission View: can delete on DAG:dataset_produces_2
[2025-08-17T21:40:30.126+0000] {logging_mixin.py:190} INFO - [2025-08-17T21:40:30.125+0000] {override.py:1930} INFO - Created Permission View: can read on DAG Run:dataset_produces_2
[2025-08-17T21:40:30.131+0000] {logging_mixin.py:190} INFO - [2025-08-17T21:40:30.130+0000] {override.py:1930} INFO - Created Permission View: can create on DAG Run:dataset_produces_2
[2025-08-17T21:40:30.136+0000] {logging_mixin.py:190} INFO - [2025-08-17T21:40:30.136+0000] {override.py:1930} INFO - Created Permission View: can delete on DAG Run:dataset_produces_2
[2025-08-17T21:40:30.141+0000] {logging_mixin.py:190} INFO - [2025-08-17T21:40:30.140+0000] {override.py:1930} INFO - Created Permission View: menu access on DAG Run:dataset_produces_2
[2025-08-17T21:40:30.150+0000] {logging_mixin.py:190} INFO - [2025-08-17T21:40:30.150+0000] {override.py:1930} INFO - Created Permission View: can read on DAG:dataset_consumes_1
[2025-08-17T21:40:30.154+0000] {logging_mixin.py:190} INFO - [2025-08-17T21:40:30.154+0000] {override.py:1930} INFO - Created Permission View: can edit on DAG:dataset_consumes_1
[2025-08-17T21:40:30.159+0000] {logging_mixin.py:190} INFO - [2025-08-17T21:40:30.159+0000] {override.py:1930} INFO - Created Permission View: can delete on DAG:dataset_consumes_1
[2025-08-17T21:40:30.165+0000] {logging_mixin.py:190} INFO - [2025-08-17T21:40:30.164+0000] {override.py:1930} INFO - Created Permission View: can read on DAG Run:dataset_consumes_1
[2025-08-17T21:40:30.169+0000] {logging_mixin.py:190} INFO - [2025-08-17T21:40:30.169+0000] {override.py:1930} INFO - Created Permission View: can create on DAG Run:dataset_consumes_1
[2025-08-17T21:40:30.173+0000] {logging_mixin.py:190} INFO - [2025-08-17T21:40:30.173+0000] {override.py:1930} INFO - Created Permission View: can delete on DAG Run:dataset_consumes_1
[2025-08-17T21:40:30.178+0000] {logging_mixin.py:190} INFO - [2025-08-17T21:40:30.178+0000] {override.py:1930} INFO - Created Permission View: menu access on DAG Run:dataset_consumes_1
[2025-08-17T21:40:30.187+0000] {logging_mixin.py:190} INFO - [2025-08-17T21:40:30.186+0000] {override.py:1930} INFO - Created Permission View: can read on DAG:dataset_produces_1
[2025-08-17T21:40:30.191+0000] {logging_mixin.py:190} INFO - [2025-08-17T21:40:30.191+0000] {override.py:1930} INFO - Created Permission View: can edit on DAG:dataset_produces_1
[2025-08-17T21:40:30.196+0000] {logging_mixin.py:190} INFO - [2025-08-17T21:40:30.196+0000] {override.py:1930} INFO - Created Permission View: can delete on DAG:dataset_produces_1
[2025-08-17T21:40:30.201+0000] {logging_mixin.py:190} INFO - [2025-08-17T21:40:30.201+0000] {override.py:1930} INFO - Created Permission View: can read on DAG Run:dataset_produces_1
[2025-08-17T21:40:30.206+0000] {logging_mixin.py:190} INFO - [2025-08-17T21:40:30.206+0000] {override.py:1930} INFO - Created Permission View: can create on DAG Run:dataset_produces_1
[2025-08-17T21:40:30.210+0000] {logging_mixin.py:190} INFO - [2025-08-17T21:40:30.210+0000] {override.py:1930} INFO - Created Permission View: can delete on DAG Run:dataset_produces_1
[2025-08-17T21:40:30.216+0000] {logging_mixin.py:190} INFO - [2025-08-17T21:40:30.216+0000] {override.py:1930} INFO - Created Permission View: menu access on DAG Run:dataset_produces_1
[2025-08-17T21:40:30.225+0000] {logging_mixin.py:190} INFO - [2025-08-17T21:40:30.225+0000] {override.py:1930} INFO - Created Permission View: can read on DAG:conditional_dataset_and_time_based_timetable
[2025-08-17T21:40:30.230+0000] {logging_mixin.py:190} INFO - [2025-08-17T21:40:30.230+0000] {override.py:1930} INFO - Created Permission View: can edit on DAG:conditional_dataset_and_time_based_timetable
[2025-08-17T21:40:30.235+0000] {logging_mixin.py:190} INFO - [2025-08-17T21:40:30.235+0000] {override.py:1930} INFO - Created Permission View: can delete on DAG:conditional_dataset_and_time_based_timetable
[2025-08-17T21:40:30.240+0000] {logging_mixin.py:190} INFO - [2025-08-17T21:40:30.240+0000] {override.py:1930} INFO - Created Permission View: can read on DAG Run:conditional_dataset_and_time_based_timetable
[2025-08-17T21:40:30.244+0000] {logging_mixin.py:190} INFO - [2025-08-17T21:40:30.244+0000] {override.py:1930} INFO - Created Permission View: can create on DAG Run:conditional_dataset_and_time_based_timetable
[2025-08-17T21:40:30.250+0000] {logging_mixin.py:190} INFO - [2025-08-17T21:40:30.249+0000] {override.py:1930} INFO - Created Permission View: can delete on DAG Run:conditional_dataset_and_time_based_timetable
[2025-08-17T21:40:30.254+0000] {logging_mixin.py:190} INFO - [2025-08-17T21:40:30.254+0000] {override.py:1930} INFO - Created Permission View: menu access on DAG Run:conditional_dataset_and_time_based_timetable
[2025-08-17T21:40:30.264+0000] {logging_mixin.py:190} INFO - [2025-08-17T21:40:30.264+0000] {override.py:1930} INFO - Created Permission View: can read on DAG:consume_1_or_2_with_dataset_expressions
[2025-08-17T21:40:30.269+0000] {logging_mixin.py:190} INFO - [2025-08-17T21:40:30.268+0000] {override.py:1930} INFO - Created Permission View: can edit on DAG:consume_1_or_2_with_dataset_expressions
[2025-08-17T21:40:30.273+0000] {logging_mixin.py:190} INFO - [2025-08-17T21:40:30.273+0000] {override.py:1930} INFO - Created Permission View: can delete on DAG:consume_1_or_2_with_dataset_expressions
[2025-08-17T21:40:30.279+0000] {logging_mixin.py:190} INFO - [2025-08-17T21:40:30.278+0000] {override.py:1930} INFO - Created Permission View: can read on DAG Run:consume_1_or_2_with_dataset_expressions
[2025-08-17T21:40:30.284+0000] {logging_mixin.py:190} INFO - [2025-08-17T21:40:30.284+0000] {override.py:1930} INFO - Created Permission View: can create on DAG Run:consume_1_or_2_with_dataset_expressions
[2025-08-17T21:40:30.289+0000] {logging_mixin.py:190} INFO - [2025-08-17T21:40:30.288+0000] {override.py:1930} INFO - Created Permission View: can delete on DAG Run:consume_1_or_2_with_dataset_expressions
[2025-08-17T21:40:30.293+0000] {logging_mixin.py:190} INFO - [2025-08-17T21:40:30.293+0000] {override.py:1930} INFO - Created Permission View: menu access on DAG Run:consume_1_or_2_with_dataset_expressions
[2025-08-17T21:40:30.302+0000] {logging_mixin.py:190} INFO - [2025-08-17T21:40:30.302+0000] {override.py:1930} INFO - Created Permission View: can read on DAG:consume_1_or_both_2_and_3_with_dataset_expressions
[2025-08-17T21:40:30.307+0000] {logging_mixin.py:190} INFO - [2025-08-17T21:40:30.307+0000] {override.py:1930} INFO - Created Permission View: can edit on DAG:consume_1_or_both_2_and_3_with_dataset_expressions
[2025-08-17T21:40:30.312+0000] {logging_mixin.py:190} INFO - [2025-08-17T21:40:30.312+0000] {override.py:1930} INFO - Created Permission View: can delete on DAG:consume_1_or_both_2_and_3_with_dataset_expressions
[2025-08-17T21:40:30.318+0000] {logging_mixin.py:190} INFO - [2025-08-17T21:40:30.317+0000] {override.py:1930} INFO - Created Permission View: can read on DAG Run:consume_1_or_both_2_and_3_with_dataset_expressions
[2025-08-17T21:40:30.322+0000] {logging_mixin.py:190} INFO - [2025-08-17T21:40:30.322+0000] {override.py:1930} INFO - Created Permission View: can create on DAG Run:consume_1_or_both_2_and_3_with_dataset_expressions
[2025-08-17T21:40:30.327+0000] {logging_mixin.py:190} INFO - [2025-08-17T21:40:30.327+0000] {override.py:1930} INFO - Created Permission View: can delete on DAG Run:consume_1_or_both_2_and_3_with_dataset_expressions
[2025-08-17T21:40:30.332+0000] {logging_mixin.py:190} INFO - [2025-08-17T21:40:30.332+0000] {override.py:1930} INFO - Created Permission View: menu access on DAG Run:consume_1_or_both_2_and_3_with_dataset_expressions
[2025-08-17T21:40:30.341+0000] {logging_mixin.py:190} INFO - [2025-08-17T21:40:30.341+0000] {override.py:1930} INFO - Created Permission View: can read on DAG:dataset_consumes_unknown_never_scheduled
[2025-08-17T21:40:30.346+0000] {logging_mixin.py:190} INFO - [2025-08-17T21:40:30.346+0000] {override.py:1930} INFO - Created Permission View: can edit on DAG:dataset_consumes_unknown_never_scheduled
[2025-08-17T21:40:30.352+0000] {logging_mixin.py:190} INFO - [2025-08-17T21:40:30.351+0000] {override.py:1930} INFO - Created Permission View: can delete on DAG:dataset_consumes_unknown_never_scheduled
[2025-08-17T21:40:30.358+0000] {logging_mixin.py:190} INFO - [2025-08-17T21:40:30.357+0000] {override.py:1930} INFO - Created Permission View: can read on DAG Run:dataset_consumes_unknown_never_scheduled
[2025-08-17T21:40:30.363+0000] {logging_mixin.py:190} INFO - [2025-08-17T21:40:30.362+0000] {override.py:1930} INFO - Created Permission View: can create on DAG Run:dataset_consumes_unknown_never_scheduled
[2025-08-17T21:40:30.368+0000] {logging_mixin.py:190} INFO - [2025-08-17T21:40:30.368+0000] {override.py:1930} INFO - Created Permission View: can delete on DAG Run:dataset_consumes_unknown_never_scheduled
[2025-08-17T21:40:30.373+0000] {logging_mixin.py:190} INFO - [2025-08-17T21:40:30.373+0000] {override.py:1930} INFO - Created Permission View: menu access on DAG Run:dataset_consumes_unknown_never_scheduled
[2025-08-17T21:40:30.383+0000] {logging_mixin.py:190} INFO - [2025-08-17T21:40:30.383+0000] {override.py:1930} INFO - Created Permission View: can read on DAG:consume_1_and_2_with_dataset_expressions
[2025-08-17T21:40:30.388+0000] {logging_mixin.py:190} INFO - [2025-08-17T21:40:30.388+0000] {override.py:1930} INFO - Created Permission View: can edit on DAG:consume_1_and_2_with_dataset_expressions
[2025-08-17T21:40:30.393+0000] {logging_mixin.py:190} INFO - [2025-08-17T21:40:30.392+0000] {override.py:1930} INFO - Created Permission View: can delete on DAG:consume_1_and_2_with_dataset_expressions
[2025-08-17T21:40:30.399+0000] {logging_mixin.py:190} INFO - [2025-08-17T21:40:30.399+0000] {override.py:1930} INFO - Created Permission View: can read on DAG Run:consume_1_and_2_with_dataset_expressions
[2025-08-17T21:40:30.404+0000] {logging_mixin.py:190} INFO - [2025-08-17T21:40:30.404+0000] {override.py:1930} INFO - Created Permission View: can create on DAG Run:consume_1_and_2_with_dataset_expressions
[2025-08-17T21:40:30.409+0000] {logging_mixin.py:190} INFO - [2025-08-17T21:40:30.409+0000] {override.py:1930} INFO - Created Permission View: can delete on DAG Run:consume_1_and_2_with_dataset_expressions
[2025-08-17T21:40:30.414+0000] {logging_mixin.py:190} INFO - [2025-08-17T21:40:30.414+0000] {override.py:1930} INFO - Created Permission View: menu access on DAG Run:consume_1_and_2_with_dataset_expressions
[2025-08-17T21:40:30.423+0000] {logging_mixin.py:190} INFO - [2025-08-17T21:40:30.423+0000] {override.py:1930} INFO - Created Permission View: can read on DAG:dataset_consumes_1_and_2
[2025-08-17T21:40:30.428+0000] {logging_mixin.py:190} INFO - [2025-08-17T21:40:30.427+0000] {override.py:1930} INFO - Created Permission View: can edit on DAG:dataset_consumes_1_and_2
[2025-08-17T21:40:30.433+0000] {logging_mixin.py:190} INFO - [2025-08-17T21:40:30.432+0000] {override.py:1930} INFO - Created Permission View: can delete on DAG:dataset_consumes_1_and_2
[2025-08-17T21:40:30.438+0000] {logging_mixin.py:190} INFO - [2025-08-17T21:40:30.438+0000] {override.py:1930} INFO - Created Permission View: can read on DAG Run:dataset_consumes_1_and_2
[2025-08-17T21:40:30.443+0000] {logging_mixin.py:190} INFO - [2025-08-17T21:40:30.443+0000] {override.py:1930} INFO - Created Permission View: can create on DAG Run:dataset_consumes_1_and_2
[2025-08-17T21:40:30.448+0000] {logging_mixin.py:190} INFO - [2025-08-17T21:40:30.448+0000] {override.py:1930} INFO - Created Permission View: can delete on DAG Run:dataset_consumes_1_and_2
[2025-08-17T21:40:30.453+0000] {logging_mixin.py:190} INFO - [2025-08-17T21:40:30.453+0000] {override.py:1930} INFO - Created Permission View: menu access on DAG Run:dataset_consumes_1_and_2
[2025-08-17T21:40:30.463+0000] {logging_mixin.py:190} INFO - [2025-08-17T21:40:30.463+0000] {override.py:1930} INFO - Created Permission View: can read on DAG:dataset_consumes_1_never_scheduled
[2025-08-17T21:40:30.468+0000] {logging_mixin.py:190} INFO - [2025-08-17T21:40:30.468+0000] {override.py:1930} INFO - Created Permission View: can edit on DAG:dataset_consumes_1_never_scheduled
[2025-08-17T21:40:30.465+0000] {logging_mixin.py:190} INFO - [2025-08-17T21:40:30.465+0000] {override.py:1930} INFO - Created Permission View: can delete on DAG:dataset_consumes_1_never_scheduled
[2025-08-17T21:40:30.471+0000] {logging_mixin.py:190} INFO - [2025-08-17T21:40:30.470+0000] {override.py:1930} INFO - Created Permission View: can read on DAG Run:dataset_consumes_1_never_scheduled
[2025-08-17T21:40:30.475+0000] {logging_mixin.py:190} INFO - [2025-08-17T21:40:30.475+0000] {override.py:1930} INFO - Created Permission View: can create on DAG Run:dataset_consumes_1_never_scheduled
[2025-08-17T21:40:30.480+0000] {logging_mixin.py:190} INFO - [2025-08-17T21:40:30.480+0000] {override.py:1930} INFO - Created Permission View: can delete on DAG Run:dataset_consumes_1_never_scheduled
[2025-08-17T21:40:30.485+0000] {logging_mixin.py:190} INFO - [2025-08-17T21:40:30.485+0000] {override.py:1930} INFO - Created Permission View: menu access on DAG Run:dataset_consumes_1_never_scheduled
[2025-08-17T21:40:30.485+0000] {logging_mixin.py:190} INFO - [2025-08-17T21:40:30.485+0000] {dag.py:3239} INFO - Sync 10 DAGs
[2025-08-17T21:40:30.495+0000] {logging_mixin.py:190} INFO - [2025-08-17T21:40:30.494+0000] {dag.py:3262} INFO - Creating ORM DAG for dataset_produces_1
[2025-08-17T21:40:30.495+0000] {logging_mixin.py:190} INFO - [2025-08-17T21:40:30.495+0000] {dag.py:3262} INFO - Creating ORM DAG for dataset_produces_2
[2025-08-17T21:40:30.496+0000] {logging_mixin.py:190} INFO - [2025-08-17T21:40:30.496+0000] {dag.py:3262} INFO - Creating ORM DAG for dataset_consumes_1_never_scheduled
[2025-08-17T21:40:30.496+0000] {logging_mixin.py:190} INFO - [2025-08-17T21:40:30.496+0000] {dag.py:3262} INFO - Creating ORM DAG for dataset_consumes_1_and_2
[2025-08-17T21:40:30.497+0000] {logging_mixin.py:190} INFO - [2025-08-17T21:40:30.497+0000] {dag.py:3262} INFO - Creating ORM DAG for consume_1_or_both_2_and_3_with_dataset_expressions
[2025-08-17T21:40:30.497+0000] {logging_mixin.py:190} INFO - [2025-08-17T21:40:30.497+0000] {dag.py:3262} INFO - Creating ORM DAG for conditional_dataset_and_time_based_timetable
[2025-08-17T21:40:30.498+0000] {logging_mixin.py:190} INFO - [2025-08-17T21:40:30.498+0000] {dag.py:3262} INFO - Creating ORM DAG for dataset_consumes_unknown_never_scheduled
[2025-08-17T21:40:30.498+0000] {logging_mixin.py:190} INFO - [2025-08-17T21:40:30.498+0000] {dag.py:3262} INFO - Creating ORM DAG for consume_1_and_2_with_dataset_expressions
[2025-08-17T21:40:30.499+0000] {logging_mixin.py:190} INFO - [2025-08-17T21:40:30.499+0000] {dag.py:3262} INFO - Creating ORM DAG for dataset_consumes_1
[2025-08-17T21:40:30.499+0000] {logging_mixin.py:190} INFO - [2025-08-17T21:40:30.499+0000] {dag.py:3262} INFO - Creating ORM DAG for consume_1_or_2_with_dataset_expressions
[2025-08-17T21:40:30.508+0000] {logging_mixin.py:190} INFO - [2025-08-17T21:40:30.507+0000] {dag.py:4180} INFO - Setting next_dagrun for conditional_dataset_and_time_based_timetable to 2025-08-13 01:00:00+00:00, run_after=2025-08-13 01:00:00+00:00
[2025-08-17T21:40:30.508+0000] {logging_mixin.py:190} INFO - [2025-08-17T21:40:30.508+0000] {dag.py:4180} INFO - Setting next_dagrun for consume_1_and_2_with_dataset_expressions to None, run_after=None
[2025-08-17T21:40:30.509+0000] {logging_mixin.py:190} INFO - [2025-08-17T21:40:30.509+0000] {dag.py:4180} INFO - Setting next_dagrun for consume_1_or_2_with_dataset_expressions to None, run_after=None
[2025-08-17T21:40:30.509+0000] {logging_mixin.py:190} INFO - [2025-08-17T21:40:30.509+0000] {dag.py:4180} INFO - Setting next_dagrun for consume_1_or_both_2_and_3_with_dataset_expressions to None, run_after=None
[2025-08-17T21:40:30.510+0000] {logging_mixin.py:190} INFO - [2025-08-17T21:40:30.510+0000] {dag.py:4180} INFO - Setting next_dagrun for dataset_consumes_1 to None, run_after=None
[2025-08-17T21:40:30.510+0000] {logging_mixin.py:190} INFO - [2025-08-17T21:40:30.510+0000] {dag.py:4180} INFO - Setting next_dagrun for dataset_consumes_1_and_2 to None, run_after=None
[2025-08-17T21:40:30.511+0000] {logging_mixin.py:190} INFO - [2025-08-17T21:40:30.511+0000] {dag.py:4180} INFO - Setting next_dagrun for dataset_consumes_1_never_scheduled to None, run_after=None
[2025-08-17T21:40:30.511+0000] {logging_mixin.py:190} INFO - [2025-08-17T21:40:30.511+0000] {dag.py:4180} INFO - Setting next_dagrun for dataset_consumes_unknown_never_scheduled to None, run_after=None
[2025-08-17T21:40:30.512+0000] {logging_mixin.py:190} INFO - [2025-08-17T21:40:30.512+0000] {dag.py:4180} INFO - Setting next_dagrun for dataset_produces_1 to 2025-08-16 00:00:00+00:00, run_after=2025-08-17 00:00:00+00:00
[2025-08-17T21:40:30.513+0000] {logging_mixin.py:190} INFO - [2025-08-17T21:40:30.513+0000] {dag.py:4180} INFO - Setting next_dagrun for dataset_produces_2 to None, run_after=None
[2025-08-17T21:40:30.567+0000] {processor.py:208} INFO - Processing /home/airflow/.local/lib/python3.12/site-packages/airflow/example_dags/example_datasets.py took 1.089 seconds
[2025-08-17T21:41:00.859+0000] {processor.py:186} INFO - Started process (PID=147) to work on /home/airflow/.local/lib/python3.12/site-packages/airflow/example_dags/example_datasets.py
[2025-08-17T21:41:00.860+0000] {processor.py:914} INFO - Processing file /home/airflow/.local/lib/python3.12/site-packages/airflow/example_dags/example_datasets.py for tasks to queue
[2025-08-17T21:41:00.862+0000] {logging_mixin.py:190} INFO - [2025-08-17T21:41:00.861+0000] {dagbag.py:588} INFO - Filling up the DagBag from /home/airflow/.local/lib/python3.12/site-packages/airflow/example_dags/example_datasets.py
[2025-08-17T21:41:01.397+0000] {processor.py:925} INFO - DAG(s) 'consume_1_or_2_with_dataset_expressions', 'consume_1_or_both_2_and_3_with_dataset_expressions', 'dataset_consumes_1_never_scheduled', 'dataset_consumes_1', 'dataset_produces_2', 'conditional_dataset_and_time_based_timetable', 'dataset_produces_1', 'consume_1_and_2_with_dataset_expressions', 'dataset_consumes_1_and_2', 'dataset_consumes_unknown_never_scheduled' retrieved from /home/airflow/.local/lib/python3.12/site-packages/airflow/example_dags/example_datasets.py
[2025-08-17T21:41:01.426+0000] {logging_mixin.py:190} INFO - [2025-08-17T21:41:01.426+0000] {dag.py:3239} INFO - Sync 10 DAGs
[2025-08-17T21:41:01.446+0000] {logging_mixin.py:190} INFO - [2025-08-17T21:41:01.446+0000] {dag.py:4180} INFO - Setting next_dagrun for conditional_dataset_and_time_based_timetable to 2025-08-13 01:00:00+00:00, run_after=2025-08-13 01:00:00+00:00
[2025-08-17T21:41:01.450+0000] {logging_mixin.py:190} INFO - [2025-08-17T21:41:01.449+0000] {dag.py:4180} INFO - Setting next_dagrun for consume_1_and_2_with_dataset_expressions to None, run_after=None
[2025-08-17T21:41:01.451+0000] {logging_mixin.py:190} INFO - [2025-08-17T21:41:01.450+0000] {dag.py:4180} INFO - Setting next_dagrun for consume_1_or_2_with_dataset_expressions to None, run_after=None
[2025-08-17T21:41:01.451+0000] {logging_mixin.py:190} INFO - [2025-08-17T21:41:01.451+0000] {dag.py:4180} INFO - Setting next_dagrun for consume_1_or_both_2_and_3_with_dataset_expressions to None, run_after=None
[2025-08-17T21:41:01.452+0000] {logging_mixin.py:190} INFO - [2025-08-17T21:41:01.452+0000] {dag.py:4180} INFO - Setting next_dagrun for dataset_consumes_1 to None, run_after=None
[2025-08-17T21:41:01.453+0000] {logging_mixin.py:190} INFO - [2025-08-17T21:41:01.453+0000] {dag.py:4180} INFO - Setting next_dagrun for dataset_consumes_1_and_2 to None, run_after=None
[2025-08-17T21:41:01.454+0000] {logging_mixin.py:190} INFO - [2025-08-17T21:41:01.454+0000] {dag.py:4180} INFO - Setting next_dagrun for dataset_consumes_1_never_scheduled to None, run_after=None
[2025-08-17T21:41:01.455+0000] {logging_mixin.py:190} INFO - [2025-08-17T21:41:01.455+0000] {dag.py:4180} INFO - Setting next_dagrun for dataset_consumes_unknown_never_scheduled to None, run_after=None
[2025-08-17T21:41:01.457+0000] {logging_mixin.py:190} INFO - [2025-08-17T21:41:01.456+0000] {dag.py:4180} INFO - Setting next_dagrun for dataset_produces_1 to 2025-08-16 00:00:00+00:00, run_after=2025-08-17 00:00:00+00:00
[2025-08-17T21:41:01.457+0000] {logging_mixin.py:190} INFO - [2025-08-17T21:41:01.457+0000] {dag.py:4180} INFO - Setting next_dagrun for dataset_produces_2 to None, run_after=None
[2025-08-17T21:41:01.479+0000] {processor.py:208} INFO - Processing /home/airflow/.local/lib/python3.12/site-packages/airflow/example_dags/example_datasets.py took 0.626 seconds
[2025-08-17T21:41:31.597+0000] {processor.py:186} INFO - Started process (PID=216) to work on /home/airflow/.local/lib/python3.12/site-packages/airflow/example_dags/example_datasets.py
[2025-08-17T21:41:31.598+0000] {processor.py:914} INFO - Processing file /home/airflow/.local/lib/python3.12/site-packages/airflow/example_dags/example_datasets.py for tasks to queue
[2025-08-17T21:41:31.600+0000] {logging_mixin.py:190} INFO - [2025-08-17T21:41:31.599+0000] {dagbag.py:588} INFO - Filling up the DagBag from /home/airflow/.local/lib/python3.12/site-packages/airflow/example_dags/example_datasets.py
[2025-08-17T21:41:32.112+0000] {processor.py:925} INFO - DAG(s) 'dataset_consumes_1', 'consume_1_or_both_2_and_3_with_dataset_expressions', 'dataset_consumes_1_never_scheduled', 'dataset_consumes_unknown_never_scheduled', 'consume_1_or_2_with_dataset_expressions', 'conditional_dataset_and_time_based_timetable', 'consume_1_and_2_with_dataset_expressions', 'dataset_produces_2', 'dataset_consumes_1_and_2', 'dataset_produces_1' retrieved from /home/airflow/.local/lib/python3.12/site-packages/airflow/example_dags/example_datasets.py
[2025-08-17T21:41:32.149+0000] {logging_mixin.py:190} INFO - [2025-08-17T21:41:32.149+0000] {dag.py:3239} INFO - Sync 10 DAGs
[2025-08-17T21:41:32.168+0000] {logging_mixin.py:190} INFO - [2025-08-17T21:41:32.167+0000] {dag.py:4180} INFO - Setting next_dagrun for conditional_dataset_and_time_based_timetable to 2025-08-13 01:00:00+00:00, run_after=2025-08-13 01:00:00+00:00
[2025-08-17T21:41:32.172+0000] {logging_mixin.py:190} INFO - [2025-08-17T21:41:32.171+0000] {dag.py:4180} INFO - Setting next_dagrun for consume_1_and_2_with_dataset_expressions to None, run_after=None
[2025-08-17T21:41:32.173+0000] {logging_mixin.py:190} INFO - [2025-08-17T21:41:32.172+0000] {dag.py:4180} INFO - Setting next_dagrun for consume_1_or_2_with_dataset_expressions to None, run_after=None
[2025-08-17T21:41:32.173+0000] {logging_mixin.py:190} INFO - [2025-08-17T21:41:32.173+0000] {dag.py:4180} INFO - Setting next_dagrun for consume_1_or_both_2_and_3_with_dataset_expressions to None, run_after=None
[2025-08-17T21:41:32.175+0000] {logging_mixin.py:190} INFO - [2025-08-17T21:41:32.175+0000] {dag.py:4180} INFO - Setting next_dagrun for dataset_consumes_1 to None, run_after=None
[2025-08-17T21:41:32.176+0000] {logging_mixin.py:190} INFO - [2025-08-17T21:41:32.176+0000] {dag.py:4180} INFO - Setting next_dagrun for dataset_consumes_1_and_2 to None, run_after=None
[2025-08-17T21:41:32.177+0000] {logging_mixin.py:190} INFO - [2025-08-17T21:41:32.177+0000] {dag.py:4180} INFO - Setting next_dagrun for dataset_consumes_1_never_scheduled to None, run_after=None
[2025-08-17T21:41:32.178+0000] {logging_mixin.py:190} INFO - [2025-08-17T21:41:32.178+0000] {dag.py:4180} INFO - Setting next_dagrun for dataset_consumes_unknown_never_scheduled to None, run_after=None
[2025-08-17T21:41:32.180+0000] {logging_mixin.py:190} INFO - [2025-08-17T21:41:32.180+0000] {dag.py:4180} INFO - Setting next_dagrun for dataset_produces_1 to 2025-08-16 00:00:00+00:00, run_after=2025-08-17 00:00:00+00:00
[2025-08-17T21:41:32.181+0000] {logging_mixin.py:190} INFO - [2025-08-17T21:41:32.181+0000] {dag.py:4180} INFO - Setting next_dagrun for dataset_produces_2 to None, run_after=None
[2025-08-17T21:41:32.205+0000] {processor.py:208} INFO - Processing /home/airflow/.local/lib/python3.12/site-packages/airflow/example_dags/example_datasets.py took 0.613 seconds
[2025-08-17T21:42:02.402+0000] {processor.py:186} INFO - Started process (PID=281) to work on /home/airflow/.local/lib/python3.12/site-packages/airflow/example_dags/example_datasets.py
[2025-08-17T21:42:02.403+0000] {processor.py:914} INFO - Processing file /home/airflow/.local/lib/python3.12/site-packages/airflow/example_dags/example_datasets.py for tasks to queue
[2025-08-17T21:42:02.405+0000] {logging_mixin.py:190} INFO - [2025-08-17T21:42:02.405+0000] {dagbag.py:588} INFO - Filling up the DagBag from /home/airflow/.local/lib/python3.12/site-packages/airflow/example_dags/example_datasets.py
[2025-08-17T21:42:02.917+0000] {processor.py:925} INFO - DAG(s) 'dataset_consumes_1_never_scheduled', 'dataset_produces_1', 'conditional_dataset_and_time_based_timetable', 'dataset_consumes_1', 'consume_1_and_2_with_dataset_expressions', 'dataset_consumes_unknown_never_scheduled', 'dataset_produces_2', 'consume_1_or_2_with_dataset_expressions', 'dataset_consumes_1_and_2', 'consume_1_or_both_2_and_3_with_dataset_expressions' retrieved from /home/airflow/.local/lib/python3.12/site-packages/airflow/example_dags/example_datasets.py
[2025-08-17T21:42:02.948+0000] {logging_mixin.py:190} INFO - [2025-08-17T21:42:02.948+0000] {dag.py:3239} INFO - Sync 10 DAGs
[2025-08-17T21:42:02.967+0000] {logging_mixin.py:190} INFO - [2025-08-17T21:42:02.967+0000] {dag.py:4180} INFO - Setting next_dagrun for conditional_dataset_and_time_based_timetable to 2025-08-13 01:00:00+00:00, run_after=2025-08-13 01:00:00+00:00
[2025-08-17T21:42:02.970+0000] {logging_mixin.py:190} INFO - [2025-08-17T21:42:02.970+0000] {dag.py:4180} INFO - Setting next_dagrun for consume_1_and_2_with_dataset_expressions to None, run_after=None
[2025-08-17T21:42:02.971+0000] {logging_mixin.py:190} INFO - [2025-08-17T21:42:02.971+0000] {dag.py:4180} INFO - Setting next_dagrun for consume_1_or_2_with_dataset_expressions to None, run_after=None
[2025-08-17T21:42:02.972+0000] {logging_mixin.py:190} INFO - [2025-08-17T21:42:02.972+0000] {dag.py:4180} INFO - Setting next_dagrun for consume_1_or_both_2_and_3_with_dataset_expressions to None, run_after=None
[2025-08-17T21:42:02.974+0000] {logging_mixin.py:190} INFO - [2025-08-17T21:42:02.973+0000] {dag.py:4180} INFO - Setting next_dagrun for dataset_consumes_1 to None, run_after=None
[2025-08-17T21:42:02.975+0000] {logging_mixin.py:190} INFO - [2025-08-17T21:42:02.975+0000] {dag.py:4180} INFO - Setting next_dagrun for dataset_consumes_1_and_2 to None, run_after=None
[2025-08-17T21:42:02.976+0000] {logging_mixin.py:190} INFO - [2025-08-17T21:42:02.976+0000] {dag.py:4180} INFO - Setting next_dagrun for dataset_consumes_1_never_scheduled to None, run_after=None
[2025-08-17T21:42:02.977+0000] {logging_mixin.py:190} INFO - [2025-08-17T21:42:02.976+0000] {dag.py:4180} INFO - Setting next_dagrun for dataset_consumes_unknown_never_scheduled to None, run_after=None
[2025-08-17T21:42:02.978+0000] {logging_mixin.py:190} INFO - [2025-08-17T21:42:02.978+0000] {dag.py:4180} INFO - Setting next_dagrun for dataset_produces_1 to 2025-08-16 00:00:00+00:00, run_after=2025-08-17 00:00:00+00:00
[2025-08-17T21:42:02.979+0000] {logging_mixin.py:190} INFO - [2025-08-17T21:42:02.979+0000] {dag.py:4180} INFO - Setting next_dagrun for dataset_produces_2 to None, run_after=None
[2025-08-17T21:42:03.004+0000] {processor.py:208} INFO - Processing /home/airflow/.local/lib/python3.12/site-packages/airflow/example_dags/example_datasets.py took 0.607 seconds
[2025-08-17T21:42:33.067+0000] {processor.py:186} INFO - Started process (PID=346) to work on /home/airflow/.local/lib/python3.12/site-packages/airflow/example_dags/example_datasets.py
[2025-08-17T21:42:33.068+0000] {processor.py:914} INFO - Processing file /home/airflow/.local/lib/python3.12/site-packages/airflow/example_dags/example_datasets.py for tasks to queue
[2025-08-17T21:42:33.071+0000] {logging_mixin.py:190} INFO - [2025-08-17T21:42:33.070+0000] {dagbag.py:588} INFO - Filling up the DagBag from /home/airflow/.local/lib/python3.12/site-packages/airflow/example_dags/example_datasets.py
[2025-08-17T21:42:33.603+0000] {processor.py:925} INFO - DAG(s) 'consume_1_and_2_with_dataset_expressions', 'dataset_consumes_1', 'dataset_consumes_unknown_never_scheduled', 'dataset_consumes_1_and_2', 'dataset_produces_2', 'consume_1_or_2_with_dataset_expressions', 'consume_1_or_both_2_and_3_with_dataset_expressions', 'dataset_produces_1', 'conditional_dataset_and_time_based_timetable', 'dataset_consumes_1_never_scheduled' retrieved from /home/airflow/.local/lib/python3.12/site-packages/airflow/example_dags/example_datasets.py
[2025-08-17T21:42:33.638+0000] {logging_mixin.py:190} INFO - [2025-08-17T21:42:33.637+0000] {dag.py:3239} INFO - Sync 10 DAGs
[2025-08-17T21:42:33.658+0000] {logging_mixin.py:190} INFO - [2025-08-17T21:42:33.658+0000] {dag.py:4180} INFO - Setting next_dagrun for conditional_dataset_and_time_based_timetable to 2025-08-13 01:00:00+00:00, run_after=2025-08-13 01:00:00+00:00
[2025-08-17T21:42:33.662+0000] {logging_mixin.py:190} INFO - [2025-08-17T21:42:33.661+0000] {dag.py:4180} INFO - Setting next_dagrun for consume_1_and_2_with_dataset_expressions to None, run_after=None
[2025-08-17T21:42:33.662+0000] {logging_mixin.py:190} INFO - [2025-08-17T21:42:33.662+0000] {dag.py:4180} INFO - Setting next_dagrun for consume_1_or_2_with_dataset_expressions to None, run_after=None
[2025-08-17T21:42:33.663+0000] {logging_mixin.py:190} INFO - [2025-08-17T21:42:33.663+0000] {dag.py:4180} INFO - Setting next_dagrun for consume_1_or_both_2_and_3_with_dataset_expressions to None, run_after=None
[2025-08-17T21:42:33.664+0000] {logging_mixin.py:190} INFO - [2025-08-17T21:42:33.664+0000] {dag.py:4180} INFO - Setting next_dagrun for dataset_consumes_1 to None, run_after=None
[2025-08-17T21:42:33.665+0000] {logging_mixin.py:190} INFO - [2025-08-17T21:42:33.665+0000] {dag.py:4180} INFO - Setting next_dagrun for dataset_consumes_1_and_2 to None, run_after=None
[2025-08-17T21:42:33.666+0000] {logging_mixin.py:190} INFO - [2025-08-17T21:42:33.666+0000] {dag.py:4180} INFO - Setting next_dagrun for dataset_consumes_1_never_scheduled to None, run_after=None
[2025-08-17T21:42:33.667+0000] {logging_mixin.py:190} INFO - [2025-08-17T21:42:33.667+0000] {dag.py:4180} INFO - Setting next_dagrun for dataset_consumes_unknown_never_scheduled to None, run_after=None
[2025-08-17T21:42:33.668+0000] {logging_mixin.py:190} INFO - [2025-08-17T21:42:33.668+0000] {dag.py:4180} INFO - Setting next_dagrun for dataset_produces_1 to 2025-08-16 00:00:00+00:00, run_after=2025-08-17 00:00:00+00:00
[2025-08-17T21:42:33.669+0000] {logging_mixin.py:190} INFO - [2025-08-17T21:42:33.669+0000] {dag.py:4180} INFO - Setting next_dagrun for dataset_produces_2 to None, run_after=None
[2025-08-17T21:42:33.705+0000] {processor.py:208} INFO - Processing /home/airflow/.local/lib/python3.12/site-packages/airflow/example_dags/example_datasets.py took 0.643 seconds
[2025-08-17T21:43:04.427+0000] {processor.py:186} INFO - Started process (PID=409) to work on /home/airflow/.local/lib/python3.12/site-packages/airflow/example_dags/example_datasets.py
[2025-08-17T21:43:04.428+0000] {processor.py:914} INFO - Processing file /home/airflow/.local/lib/python3.12/site-packages/airflow/example_dags/example_datasets.py for tasks to queue
[2025-08-17T21:43:04.431+0000] {logging_mixin.py:190} INFO - [2025-08-17T21:43:04.430+0000] {dagbag.py:588} INFO - Filling up the DagBag from /home/airflow/.local/lib/python3.12/site-packages/airflow/example_dags/example_datasets.py
[2025-08-17T21:43:05.010+0000] {processor.py:925} INFO - DAG(s) 'dataset_produces_1', 'dataset_consumes_1', 'dataset_produces_2', 'conditional_dataset_and_time_based_timetable', 'consume_1_and_2_with_dataset_expressions', 'dataset_consumes_1_and_2', 'dataset_consumes_unknown_never_scheduled', 'consume_1_or_2_with_dataset_expressions', 'dataset_consumes_1_never_scheduled', 'consume_1_or_both_2_and_3_with_dataset_expressions' retrieved from /home/airflow/.local/lib/python3.12/site-packages/airflow/example_dags/example_datasets.py
[2025-08-17T21:43:05.044+0000] {logging_mixin.py:190} INFO - [2025-08-17T21:43:05.044+0000] {dag.py:3239} INFO - Sync 10 DAGs
[2025-08-17T21:43:05.066+0000] {logging_mixin.py:190} INFO - [2025-08-17T21:43:05.065+0000] {dag.py:4180} INFO - Setting next_dagrun for conditional_dataset_and_time_based_timetable to 2025-08-13 01:00:00+00:00, run_after=2025-08-13 01:00:00+00:00
[2025-08-17T21:43:05.069+0000] {logging_mixin.py:190} INFO - [2025-08-17T21:43:05.069+0000] {dag.py:4180} INFO - Setting next_dagrun for consume_1_and_2_with_dataset_expressions to None, run_after=None
[2025-08-17T21:43:05.071+0000] {logging_mixin.py:190} INFO - [2025-08-17T21:43:05.070+0000] {dag.py:4180} INFO - Setting next_dagrun for consume_1_or_2_with_dataset_expressions to None, run_after=None
[2025-08-17T21:43:05.073+0000] {logging_mixin.py:190} INFO - [2025-08-17T21:43:05.073+0000] {dag.py:4180} INFO - Setting next_dagrun for consume_1_or_both_2_and_3_with_dataset_expressions to None, run_after=None
[2025-08-17T21:43:05.074+0000] {logging_mixin.py:190} INFO - [2025-08-17T21:43:05.074+0000] {dag.py:4180} INFO - Setting next_dagrun for dataset_consumes_1 to None, run_after=None
[2025-08-17T21:43:05.076+0000] {logging_mixin.py:190} INFO - [2025-08-17T21:43:05.075+0000] {dag.py:4180} INFO - Setting next_dagrun for dataset_consumes_1_and_2 to None, run_after=None
[2025-08-17T21:43:05.076+0000] {logging_mixin.py:190} INFO - [2025-08-17T21:43:05.076+0000] {dag.py:4180} INFO - Setting next_dagrun for dataset_consumes_1_never_scheduled to None, run_after=None
[2025-08-17T21:43:05.077+0000] {logging_mixin.py:190} INFO - [2025-08-17T21:43:05.077+0000] {dag.py:4180} INFO - Setting next_dagrun for dataset_consumes_unknown_never_scheduled to None, run_after=None
[2025-08-17T21:43:05.079+0000] {logging_mixin.py:190} INFO - [2025-08-17T21:43:05.079+0000] {dag.py:4180} INFO - Setting next_dagrun for dataset_produces_1 to 2025-08-16 00:00:00+00:00, run_after=2025-08-17 00:00:00+00:00
[2025-08-17T21:43:05.080+0000] {logging_mixin.py:190} INFO - [2025-08-17T21:43:05.080+0000] {dag.py:4180} INFO - Setting next_dagrun for dataset_produces_2 to None, run_after=None
[2025-08-17T21:43:05.103+0000] {processor.py:208} INFO - Processing /home/airflow/.local/lib/python3.12/site-packages/airflow/example_dags/example_datasets.py took 0.684 seconds
[2025-08-17T21:43:35.948+0000] {processor.py:186} INFO - Started process (PID=472) to work on /home/airflow/.local/lib/python3.12/site-packages/airflow/example_dags/example_datasets.py
[2025-08-17T21:43:35.949+0000] {processor.py:914} INFO - Processing file /home/airflow/.local/lib/python3.12/site-packages/airflow/example_dags/example_datasets.py for tasks to queue
[2025-08-17T21:43:35.951+0000] {logging_mixin.py:190} INFO - [2025-08-17T21:43:35.951+0000] {dagbag.py:588} INFO - Filling up the DagBag from /home/airflow/.local/lib/python3.12/site-packages/airflow/example_dags/example_datasets.py
[2025-08-17T21:43:36.482+0000] {processor.py:925} INFO - DAG(s) 'dataset_produces_2', 'consume_1_and_2_with_dataset_expressions', 'dataset_produces_1', 'consume_1_or_both_2_and_3_with_dataset_expressions', 'dataset_consumes_1', 'dataset_consumes_1_never_scheduled', 'consume_1_or_2_with_dataset_expressions', 'conditional_dataset_and_time_based_timetable', 'dataset_consumes_1_and_2', 'dataset_consumes_unknown_never_scheduled' retrieved from /home/airflow/.local/lib/python3.12/site-packages/airflow/example_dags/example_datasets.py
[2025-08-17T21:43:36.518+0000] {logging_mixin.py:190} INFO - [2025-08-17T21:43:36.517+0000] {dag.py:3239} INFO - Sync 10 DAGs
[2025-08-17T21:43:36.541+0000] {logging_mixin.py:190} INFO - [2025-08-17T21:43:36.540+0000] {dag.py:4180} INFO - Setting next_dagrun for conditional_dataset_and_time_based_timetable to 2025-08-13 01:00:00+00:00, run_after=2025-08-13 01:00:00+00:00
[2025-08-17T21:43:36.544+0000] {logging_mixin.py:190} INFO - [2025-08-17T21:43:36.544+0000] {dag.py:4180} INFO - Setting next_dagrun for consume_1_and_2_with_dataset_expressions to None, run_after=None
[2025-08-17T21:43:36.546+0000] {logging_mixin.py:190} INFO - [2025-08-17T21:43:36.545+0000] {dag.py:4180} INFO - Setting next_dagrun for consume_1_or_2_with_dataset_expressions to None, run_after=None
[2025-08-17T21:43:36.547+0000] {logging_mixin.py:190} INFO - [2025-08-17T21:43:36.546+0000] {dag.py:4180} INFO - Setting next_dagrun for consume_1_or_both_2_and_3_with_dataset_expressions to None, run_after=None
[2025-08-17T21:43:36.548+0000] {logging_mixin.py:190} INFO - [2025-08-17T21:43:36.548+0000] {dag.py:4180} INFO - Setting next_dagrun for dataset_consumes_1 to None, run_after=None
[2025-08-17T21:43:36.549+0000] {logging_mixin.py:190} INFO - [2025-08-17T21:43:36.549+0000] {dag.py:4180} INFO - Setting next_dagrun for dataset_consumes_1_and_2 to None, run_after=None
[2025-08-17T21:43:36.550+0000] {logging_mixin.py:190} INFO - [2025-08-17T21:43:36.550+0000] {dag.py:4180} INFO - Setting next_dagrun for dataset_consumes_1_never_scheduled to None, run_after=None
[2025-08-17T21:43:36.551+0000] {logging_mixin.py:190} INFO - [2025-08-17T21:43:36.551+0000] {dag.py:4180} INFO - Setting next_dagrun for dataset_consumes_unknown_never_scheduled to None, run_after=None
[2025-08-17T21:43:36.552+0000] {logging_mixin.py:190} INFO - [2025-08-17T21:43:36.552+0000] {dag.py:4180} INFO - Setting next_dagrun for dataset_produces_1 to 2025-08-16 00:00:00+00:00, run_after=2025-08-17 00:00:00+00:00
[2025-08-17T21:43:36.554+0000] {logging_mixin.py:190} INFO - [2025-08-17T21:43:36.554+0000] {dag.py:4180} INFO - Setting next_dagrun for dataset_produces_2 to None, run_after=None
[2025-08-17T21:43:36.582+0000] {processor.py:208} INFO - Processing /home/airflow/.local/lib/python3.12/site-packages/airflow/example_dags/example_datasets.py took 0.639 seconds
[2025-08-17T21:44:07.049+0000] {processor.py:186} INFO - Started process (PID=541) to work on /home/airflow/.local/lib/python3.12/site-packages/airflow/example_dags/example_datasets.py
[2025-08-17T21:44:07.050+0000] {processor.py:914} INFO - Processing file /home/airflow/.local/lib/python3.12/site-packages/airflow/example_dags/example_datasets.py for tasks to queue
[2025-08-17T21:44:07.052+0000] {logging_mixin.py:190} INFO - [2025-08-17T21:44:07.052+0000] {dagbag.py:588} INFO - Filling up the DagBag from /home/airflow/.local/lib/python3.12/site-packages/airflow/example_dags/example_datasets.py
[2025-08-17T21:44:07.613+0000] {processor.py:925} INFO - DAG(s) 'dataset_consumes_1', 'conditional_dataset_and_time_based_timetable', 'dataset_consumes_1_and_2', 'consume_1_or_2_with_dataset_expressions', 'consume_1_and_2_with_dataset_expressions', 'consume_1_or_both_2_and_3_with_dataset_expressions', 'dataset_consumes_1_never_scheduled', 'dataset_consumes_unknown_never_scheduled', 'dataset_produces_2', 'dataset_produces_1' retrieved from /home/airflow/.local/lib/python3.12/site-packages/airflow/example_dags/example_datasets.py
[2025-08-17T21:44:07.647+0000] {logging_mixin.py:190} INFO - [2025-08-17T21:44:07.647+0000] {dag.py:3239} INFO - Sync 10 DAGs
[2025-08-17T21:44:07.667+0000] {logging_mixin.py:190} INFO - [2025-08-17T21:44:07.667+0000] {dag.py:4180} INFO - Setting next_dagrun for conditional_dataset_and_time_based_timetable to 2025-08-13 01:00:00+00:00, run_after=2025-08-13 01:00:00+00:00
[2025-08-17T21:44:07.673+0000] {logging_mixin.py:190} INFO - [2025-08-17T21:44:07.673+0000] {dag.py:4180} INFO - Setting next_dagrun for consume_1_and_2_with_dataset_expressions to None, run_after=None
[2025-08-17T21:44:07.674+0000] {logging_mixin.py:190} INFO - [2025-08-17T21:44:07.674+0000] {dag.py:4180} INFO - Setting next_dagrun for consume_1_or_2_with_dataset_expressions to None, run_after=None
[2025-08-17T21:44:07.676+0000] {logging_mixin.py:190} INFO - [2025-08-17T21:44:07.675+0000] {dag.py:4180} INFO - Setting next_dagrun for consume_1_or_both_2_and_3_with_dataset_expressions to None, run_after=None
[2025-08-17T21:44:07.677+0000] {logging_mixin.py:190} INFO - [2025-08-17T21:44:07.677+0000] {dag.py:4180} INFO - Setting next_dagrun for dataset_consumes_1 to None, run_after=None
[2025-08-17T21:44:07.678+0000] {logging_mixin.py:190} INFO - [2025-08-17T21:44:07.678+0000] {dag.py:4180} INFO - Setting next_dagrun for dataset_consumes_1_and_2 to None, run_after=None
[2025-08-17T21:44:07.679+0000] {logging_mixin.py:190} INFO - [2025-08-17T21:44:07.679+0000] {dag.py:4180} INFO - Setting next_dagrun for dataset_consumes_1_never_scheduled to None, run_after=None
[2025-08-17T21:44:07.680+0000] {logging_mixin.py:190} INFO - [2025-08-17T21:44:07.680+0000] {dag.py:4180} INFO - Setting next_dagrun for dataset_consumes_unknown_never_scheduled to None, run_after=None
[2025-08-17T21:44:07.682+0000] {logging_mixin.py:190} INFO - [2025-08-17T21:44:07.682+0000] {dag.py:4180} INFO - Setting next_dagrun for dataset_produces_1 to 2025-08-16 00:00:00+00:00, run_after=2025-08-17 00:00:00+00:00
[2025-08-17T21:44:07.683+0000] {logging_mixin.py:190} INFO - [2025-08-17T21:44:07.683+0000] {dag.py:4180} INFO - Setting next_dagrun for dataset_produces_2 to None, run_after=None
[2025-08-17T21:44:07.711+0000] {processor.py:208} INFO - Processing /home/airflow/.local/lib/python3.12/site-packages/airflow/example_dags/example_datasets.py took 0.668 seconds
[2025-08-17T21:44:37.818+0000] {processor.py:186} INFO - Started process (PID=610) to work on /home/airflow/.local/lib/python3.12/site-packages/airflow/example_dags/example_datasets.py
[2025-08-17T21:44:37.819+0000] {processor.py:914} INFO - Processing file /home/airflow/.local/lib/python3.12/site-packages/airflow/example_dags/example_datasets.py for tasks to queue
[2025-08-17T21:44:37.821+0000] {logging_mixin.py:190} INFO - [2025-08-17T21:44:37.821+0000] {dagbag.py:588} INFO - Filling up the DagBag from /home/airflow/.local/lib/python3.12/site-packages/airflow/example_dags/example_datasets.py
[2025-08-17T21:44:38.318+0000] {processor.py:925} INFO - DAG(s) 'consume_1_or_both_2_and_3_with_dataset_expressions', 'dataset_produces_2', 'dataset_consumes_1_and_2', 'conditional_dataset_and_time_based_timetable', 'dataset_consumes_1_never_scheduled', 'consume_1_and_2_with_dataset_expressions', 'consume_1_or_2_with_dataset_expressions', 'dataset_consumes_unknown_never_scheduled', 'dataset_consumes_1', 'dataset_produces_1' retrieved from /home/airflow/.local/lib/python3.12/site-packages/airflow/example_dags/example_datasets.py
[2025-08-17T21:44:38.349+0000] {logging_mixin.py:190} INFO - [2025-08-17T21:44:38.348+0000] {dag.py:3239} INFO - Sync 10 DAGs
[2025-08-17T21:44:38.367+0000] {logging_mixin.py:190} INFO - [2025-08-17T21:44:38.367+0000] {dag.py:4180} INFO - Setting next_dagrun for conditional_dataset_and_time_based_timetable to 2025-08-13 01:00:00+00:00, run_after=2025-08-13 01:00:00+00:00
[2025-08-17T21:44:38.371+0000] {logging_mixin.py:190} INFO - [2025-08-17T21:44:38.371+0000] {dag.py:4180} INFO - Setting next_dagrun for consume_1_and_2_with_dataset_expressions to None, run_after=None
[2025-08-17T21:44:38.372+0000] {logging_mixin.py:190} INFO - [2025-08-17T21:44:38.372+0000] {dag.py:4180} INFO - Setting next_dagrun for consume_1_or_2_with_dataset_expressions to None, run_after=None
[2025-08-17T21:44:38.373+0000] {logging_mixin.py:190} INFO - [2025-08-17T21:44:38.373+0000] {dag.py:4180} INFO - Setting next_dagrun for consume_1_or_both_2_and_3_with_dataset_expressions to None, run_after=None
[2025-08-17T21:44:38.374+0000] {logging_mixin.py:190} INFO - [2025-08-17T21:44:38.374+0000] {dag.py:4180} INFO - Setting next_dagrun for dataset_consumes_1 to None, run_after=None
[2025-08-17T21:44:38.375+0000] {logging_mixin.py:190} INFO - [2025-08-17T21:44:38.375+0000] {dag.py:4180} INFO - Setting next_dagrun for dataset_consumes_1_and_2 to None, run_after=None
[2025-08-17T21:44:38.376+0000] {logging_mixin.py:190} INFO - [2025-08-17T21:44:38.376+0000] {dag.py:4180} INFO - Setting next_dagrun for dataset_consumes_1_never_scheduled to None, run_after=None
[2025-08-17T21:44:38.377+0000] {logging_mixin.py:190} INFO - [2025-08-17T21:44:38.377+0000] {dag.py:4180} INFO - Setting next_dagrun for dataset_consumes_unknown_never_scheduled to None, run_after=None
[2025-08-17T21:44:38.379+0000] {logging_mixin.py:190} INFO - [2025-08-17T21:44:38.379+0000] {dag.py:4180} INFO - Setting next_dagrun for dataset_produces_1 to 2025-08-16 00:00:00+00:00, run_after=2025-08-17 00:00:00+00:00
[2025-08-17T21:44:38.380+0000] {logging_mixin.py:190} INFO - [2025-08-17T21:44:38.379+0000] {dag.py:4180} INFO - Setting next_dagrun for dataset_produces_2 to None, run_after=None
[2025-08-17T21:44:38.407+0000] {processor.py:208} INFO - Processing /home/airflow/.local/lib/python3.12/site-packages/airflow/example_dags/example_datasets.py took 0.595 seconds
[2025-08-17T21:45:08.887+0000] {processor.py:186} INFO - Started process (PID=673) to work on /home/airflow/.local/lib/python3.12/site-packages/airflow/example_dags/example_datasets.py
[2025-08-17T21:45:08.888+0000] {processor.py:914} INFO - Processing file /home/airflow/.local/lib/python3.12/site-packages/airflow/example_dags/example_datasets.py for tasks to queue
[2025-08-17T21:45:08.891+0000] {logging_mixin.py:190} INFO - [2025-08-17T21:45:08.890+0000] {dagbag.py:588} INFO - Filling up the DagBag from /home/airflow/.local/lib/python3.12/site-packages/airflow/example_dags/example_datasets.py
[2025-08-17T21:45:09.412+0000] {processor.py:925} INFO - DAG(s) 'dataset_produces_1', 'dataset_consumes_1_never_scheduled', 'consume_1_or_2_with_dataset_expressions', 'consume_1_or_both_2_and_3_with_dataset_expressions', 'dataset_produces_2', 'consume_1_and_2_with_dataset_expressions', 'dataset_consumes_1_and_2', 'conditional_dataset_and_time_based_timetable', 'dataset_consumes_unknown_never_scheduled', 'dataset_consumes_1' retrieved from /home/airflow/.local/lib/python3.12/site-packages/airflow/example_dags/example_datasets.py
[2025-08-17T21:45:09.444+0000] {logging_mixin.py:190} INFO - [2025-08-17T21:45:09.444+0000] {dag.py:3239} INFO - Sync 10 DAGs
[2025-08-17T21:45:09.464+0000] {logging_mixin.py:190} INFO - [2025-08-17T21:45:09.463+0000] {dag.py:4180} INFO - Setting next_dagrun for conditional_dataset_and_time_based_timetable to 2025-08-13 01:00:00+00:00, run_after=2025-08-13 01:00:00+00:00
[2025-08-17T21:45:09.468+0000] {logging_mixin.py:190} INFO - [2025-08-17T21:45:09.468+0000] {dag.py:4180} INFO - Setting next_dagrun for consume_1_and_2_with_dataset_expressions to None, run_after=None
[2025-08-17T21:45:09.469+0000] {logging_mixin.py:190} INFO - [2025-08-17T21:45:09.469+0000] {dag.py:4180} INFO - Setting next_dagrun for consume_1_or_2_with_dataset_expressions to None, run_after=None
[2025-08-17T21:45:09.470+0000] {logging_mixin.py:190} INFO - [2025-08-17T21:45:09.470+0000] {dag.py:4180} INFO - Setting next_dagrun for consume_1_or_both_2_and_3_with_dataset_expressions to None, run_after=None
[2025-08-17T21:45:09.471+0000] {logging_mixin.py:190} INFO - [2025-08-17T21:45:09.471+0000] {dag.py:4180} INFO - Setting next_dagrun for dataset_consumes_1 to None, run_after=None
[2025-08-17T21:45:09.472+0000] {logging_mixin.py:190} INFO - [2025-08-17T21:45:09.472+0000] {dag.py:4180} INFO - Setting next_dagrun for dataset_consumes_1_and_2 to None, run_after=None
[2025-08-17T21:45:09.473+0000] {logging_mixin.py:190} INFO - [2025-08-17T21:45:09.473+0000] {dag.py:4180} INFO - Setting next_dagrun for dataset_consumes_1_never_scheduled to None, run_after=None
[2025-08-17T21:45:09.474+0000] {logging_mixin.py:190} INFO - [2025-08-17T21:45:09.474+0000] {dag.py:4180} INFO - Setting next_dagrun for dataset_consumes_unknown_never_scheduled to None, run_after=None
[2025-08-17T21:45:09.475+0000] {logging_mixin.py:190} INFO - [2025-08-17T21:45:09.475+0000] {dag.py:4180} INFO - Setting next_dagrun for dataset_produces_1 to 2025-08-16 00:00:00+00:00, run_after=2025-08-17 00:00:00+00:00
[2025-08-17T21:45:09.476+0000] {logging_mixin.py:190} INFO - [2025-08-17T21:45:09.476+0000] {dag.py:4180} INFO - Setting next_dagrun for dataset_produces_2 to None, run_after=None
[2025-08-17T21:45:09.505+0000] {processor.py:208} INFO - Processing /home/airflow/.local/lib/python3.12/site-packages/airflow/example_dags/example_datasets.py took 0.624 seconds
[2025-08-17T21:45:39.562+0000] {processor.py:186} INFO - Started process (PID=741) to work on /home/airflow/.local/lib/python3.12/site-packages/airflow/example_dags/example_datasets.py
[2025-08-17T21:45:39.563+0000] {processor.py:914} INFO - Processing file /home/airflow/.local/lib/python3.12/site-packages/airflow/example_dags/example_datasets.py for tasks to queue
[2025-08-17T21:45:39.566+0000] {logging_mixin.py:190} INFO - [2025-08-17T21:45:39.566+0000] {dagbag.py:588} INFO - Filling up the DagBag from /home/airflow/.local/lib/python3.12/site-packages/airflow/example_dags/example_datasets.py
[2025-08-17T21:45:40.096+0000] {processor.py:925} INFO - DAG(s) 'consume_1_and_2_with_dataset_expressions', 'dataset_consumes_1_never_scheduled', 'consume_1_or_2_with_dataset_expressions', 'conditional_dataset_and_time_based_timetable', 'dataset_produces_2', 'consume_1_or_both_2_and_3_with_dataset_expressions', 'dataset_consumes_1_and_2', 'dataset_produces_1', 'dataset_consumes_unknown_never_scheduled', 'dataset_consumes_1' retrieved from /home/airflow/.local/lib/python3.12/site-packages/airflow/example_dags/example_datasets.py
[2025-08-17T21:45:40.129+0000] {logging_mixin.py:190} INFO - [2025-08-17T21:45:40.129+0000] {dag.py:3239} INFO - Sync 10 DAGs
[2025-08-17T21:45:40.148+0000] {logging_mixin.py:190} INFO - [2025-08-17T21:45:40.148+0000] {dag.py:4180} INFO - Setting next_dagrun for conditional_dataset_and_time_based_timetable to 2025-08-13 01:00:00+00:00, run_after=2025-08-13 01:00:00+00:00
[2025-08-17T21:45:40.152+0000] {logging_mixin.py:190} INFO - [2025-08-17T21:45:40.152+0000] {dag.py:4180} INFO - Setting next_dagrun for consume_1_and_2_with_dataset_expressions to None, run_after=None
[2025-08-17T21:45:40.153+0000] {logging_mixin.py:190} INFO - [2025-08-17T21:45:40.153+0000] {dag.py:4180} INFO - Setting next_dagrun for consume_1_or_2_with_dataset_expressions to None, run_after=None
[2025-08-17T21:45:40.154+0000] {logging_mixin.py:190} INFO - [2025-08-17T21:45:40.154+0000] {dag.py:4180} INFO - Setting next_dagrun for consume_1_or_both_2_and_3_with_dataset_expressions to None, run_after=None
[2025-08-17T21:45:40.155+0000] {logging_mixin.py:190} INFO - [2025-08-17T21:45:40.155+0000] {dag.py:4180} INFO - Setting next_dagrun for dataset_consumes_1 to None, run_after=None
[2025-08-17T21:45:40.156+0000] {logging_mixin.py:190} INFO - [2025-08-17T21:45:40.156+0000] {dag.py:4180} INFO - Setting next_dagrun for dataset_consumes_1_and_2 to None, run_after=None
[2025-08-17T21:45:40.157+0000] {logging_mixin.py:190} INFO - [2025-08-17T21:45:40.157+0000] {dag.py:4180} INFO - Setting next_dagrun for dataset_consumes_1_never_scheduled to None, run_after=None
[2025-08-17T21:45:40.158+0000] {logging_mixin.py:190} INFO - [2025-08-17T21:45:40.157+0000] {dag.py:4180} INFO - Setting next_dagrun for dataset_consumes_unknown_never_scheduled to None, run_after=None
[2025-08-17T21:45:40.159+0000] {logging_mixin.py:190} INFO - [2025-08-17T21:45:40.159+0000] {dag.py:4180} INFO - Setting next_dagrun for dataset_produces_1 to 2025-08-16 00:00:00+00:00, run_after=2025-08-17 00:00:00+00:00
[2025-08-17T21:45:40.160+0000] {logging_mixin.py:190} INFO - [2025-08-17T21:45:40.160+0000] {dag.py:4180} INFO - Setting next_dagrun for dataset_produces_2 to None, run_after=None
[2025-08-17T21:45:40.188+0000] {processor.py:208} INFO - Processing /home/airflow/.local/lib/python3.12/site-packages/airflow/example_dags/example_datasets.py took 0.632 seconds
[2025-08-17T21:46:10.329+0000] {processor.py:186} INFO - Started process (PID=807) to work on /home/airflow/.local/lib/python3.12/site-packages/airflow/example_dags/example_datasets.py
[2025-08-17T21:46:10.330+0000] {processor.py:914} INFO - Processing file /home/airflow/.local/lib/python3.12/site-packages/airflow/example_dags/example_datasets.py for tasks to queue
[2025-08-17T21:46:10.332+0000] {logging_mixin.py:190} INFO - [2025-08-17T21:46:10.332+0000] {dagbag.py:588} INFO - Filling up the DagBag from /home/airflow/.local/lib/python3.12/site-packages/airflow/example_dags/example_datasets.py
[2025-08-17T21:46:10.868+0000] {processor.py:925} INFO - DAG(s) 'dataset_consumes_1_and_2', 'dataset_consumes_unknown_never_scheduled', 'consume_1_or_both_2_and_3_with_dataset_expressions', 'dataset_produces_2', 'consume_1_or_2_with_dataset_expressions', 'dataset_consumes_1', 'dataset_consumes_1_never_scheduled', 'conditional_dataset_and_time_based_timetable', 'consume_1_and_2_with_dataset_expressions', 'dataset_produces_1' retrieved from /home/airflow/.local/lib/python3.12/site-packages/airflow/example_dags/example_datasets.py
[2025-08-17T21:46:10.901+0000] {logging_mixin.py:190} INFO - [2025-08-17T21:46:10.901+0000] {dag.py:3239} INFO - Sync 10 DAGs
[2025-08-17T21:46:10.922+0000] {logging_mixin.py:190} INFO - [2025-08-17T21:46:10.922+0000] {dag.py:4180} INFO - Setting next_dagrun for conditional_dataset_and_time_based_timetable to 2025-08-13 01:00:00+00:00, run_after=2025-08-13 01:00:00+00:00
[2025-08-17T21:46:10.925+0000] {logging_mixin.py:190} INFO - [2025-08-17T21:46:10.924+0000] {dag.py:4180} INFO - Setting next_dagrun for consume_1_and_2_with_dataset_expressions to None, run_after=None
[2025-08-17T21:46:10.926+0000] {logging_mixin.py:190} INFO - [2025-08-17T21:46:10.925+0000] {dag.py:4180} INFO - Setting next_dagrun for consume_1_or_2_with_dataset_expressions to None, run_after=None
[2025-08-17T21:46:10.926+0000] {logging_mixin.py:190} INFO - [2025-08-17T21:46:10.926+0000] {dag.py:4180} INFO - Setting next_dagrun for consume_1_or_both_2_and_3_with_dataset_expressions to None, run_after=None
[2025-08-17T21:46:10.927+0000] {logging_mixin.py:190} INFO - [2025-08-17T21:46:10.927+0000] {dag.py:4180} INFO - Setting next_dagrun for dataset_consumes_1 to None, run_after=None
[2025-08-17T21:46:10.928+0000] {logging_mixin.py:190} INFO - [2025-08-17T21:46:10.928+0000] {dag.py:4180} INFO - Setting next_dagrun for dataset_consumes_1_and_2 to None, run_after=None
[2025-08-17T21:46:10.930+0000] {logging_mixin.py:190} INFO - [2025-08-17T21:46:10.929+0000] {dag.py:4180} INFO - Setting next_dagrun for dataset_consumes_1_never_scheduled to None, run_after=None
[2025-08-17T21:46:10.931+0000] {logging_mixin.py:190} INFO - [2025-08-17T21:46:10.931+0000] {dag.py:4180} INFO - Setting next_dagrun for dataset_consumes_unknown_never_scheduled to None, run_after=None
[2025-08-17T21:46:10.933+0000] {logging_mixin.py:190} INFO - [2025-08-17T21:46:10.933+0000] {dag.py:4180} INFO - Setting next_dagrun for dataset_produces_1 to 2025-08-16 00:00:00+00:00, run_after=2025-08-17 00:00:00+00:00
[2025-08-17T21:46:10.934+0000] {logging_mixin.py:190} INFO - [2025-08-17T21:46:10.934+0000] {dag.py:4180} INFO - Setting next_dagrun for dataset_produces_2 to None, run_after=None
[2025-08-17T21:46:10.964+0000] {processor.py:208} INFO - Processing /home/airflow/.local/lib/python3.12/site-packages/airflow/example_dags/example_datasets.py took 0.641 seconds
[2025-08-17T21:46:41.124+0000] {processor.py:186} INFO - Started process (PID=870) to work on /home/airflow/.local/lib/python3.12/site-packages/airflow/example_dags/example_datasets.py
[2025-08-17T21:46:41.125+0000] {processor.py:914} INFO - Processing file /home/airflow/.local/lib/python3.12/site-packages/airflow/example_dags/example_datasets.py for tasks to queue
[2025-08-17T21:46:41.127+0000] {logging_mixin.py:190} INFO - [2025-08-17T21:46:41.126+0000] {dagbag.py:588} INFO - Filling up the DagBag from /home/airflow/.local/lib/python3.12/site-packages/airflow/example_dags/example_datasets.py
[2025-08-17T21:46:41.671+0000] {processor.py:925} INFO - DAG(s) 'consume_1_and_2_with_dataset_expressions', 'consume_1_or_2_with_dataset_expressions', 'dataset_consumes_1_never_scheduled', 'conditional_dataset_and_time_based_timetable', 'dataset_consumes_unknown_never_scheduled', 'consume_1_or_both_2_and_3_with_dataset_expressions', 'dataset_consumes_1_and_2', 'dataset_produces_2', 'dataset_consumes_1', 'dataset_produces_1' retrieved from /home/airflow/.local/lib/python3.12/site-packages/airflow/example_dags/example_datasets.py
[2025-08-17T21:46:41.705+0000] {logging_mixin.py:190} INFO - [2025-08-17T21:46:41.704+0000] {dag.py:3239} INFO - Sync 10 DAGs
[2025-08-17T21:46:41.727+0000] {logging_mixin.py:190} INFO - [2025-08-17T21:46:41.726+0000] {dag.py:4180} INFO - Setting next_dagrun for conditional_dataset_and_time_based_timetable to 2025-08-13 01:00:00+00:00, run_after=2025-08-13 01:00:00+00:00
[2025-08-17T21:46:41.731+0000] {logging_mixin.py:190} INFO - [2025-08-17T21:46:41.731+0000] {dag.py:4180} INFO - Setting next_dagrun for consume_1_and_2_with_dataset_expressions to None, run_after=None
[2025-08-17T21:46:41.732+0000] {logging_mixin.py:190} INFO - [2025-08-17T21:46:41.732+0000] {dag.py:4180} INFO - Setting next_dagrun for consume_1_or_2_with_dataset_expressions to None, run_after=None
[2025-08-17T21:46:41.733+0000] {logging_mixin.py:190} INFO - [2025-08-17T21:46:41.733+0000] {dag.py:4180} INFO - Setting next_dagrun for consume_1_or_both_2_and_3_with_dataset_expressions to None, run_after=None
[2025-08-17T21:46:41.734+0000] {logging_mixin.py:190} INFO - [2025-08-17T21:46:41.734+0000] {dag.py:4180} INFO - Setting next_dagrun for dataset_consumes_1 to None, run_after=None
[2025-08-17T21:46:41.735+0000] {logging_mixin.py:190} INFO - [2025-08-17T21:46:41.735+0000] {dag.py:4180} INFO - Setting next_dagrun for dataset_consumes_1_and_2 to None, run_after=None
[2025-08-17T21:46:41.736+0000] {logging_mixin.py:190} INFO - [2025-08-17T21:46:41.736+0000] {dag.py:4180} INFO - Setting next_dagrun for dataset_consumes_1_never_scheduled to None, run_after=None
[2025-08-17T21:46:41.737+0000] {logging_mixin.py:190} INFO - [2025-08-17T21:46:41.737+0000] {dag.py:4180} INFO - Setting next_dagrun for dataset_consumes_unknown_never_scheduled to None, run_after=None
[2025-08-17T21:46:41.738+0000] {logging_mixin.py:190} INFO - [2025-08-17T21:46:41.738+0000] {dag.py:4180} INFO - Setting next_dagrun for dataset_produces_1 to 2025-08-16 00:00:00+00:00, run_after=2025-08-17 00:00:00+00:00
[2025-08-17T21:46:41.739+0000] {logging_mixin.py:190} INFO - [2025-08-17T21:46:41.739+0000] {dag.py:4180} INFO - Setting next_dagrun for dataset_produces_2 to None, run_after=None
[2025-08-17T21:46:41.769+0000] {processor.py:208} INFO - Processing /home/airflow/.local/lib/python3.12/site-packages/airflow/example_dags/example_datasets.py took 0.651 seconds
[2025-08-17T21:47:11.830+0000] {processor.py:186} INFO - Started process (PID=933) to work on /home/airflow/.local/lib/python3.12/site-packages/airflow/example_dags/example_datasets.py
[2025-08-17T21:47:11.831+0000] {processor.py:914} INFO - Processing file /home/airflow/.local/lib/python3.12/site-packages/airflow/example_dags/example_datasets.py for tasks to queue
[2025-08-17T21:47:11.833+0000] {logging_mixin.py:190} INFO - [2025-08-17T21:47:11.833+0000] {dagbag.py:588} INFO - Filling up the DagBag from /home/airflow/.local/lib/python3.12/site-packages/airflow/example_dags/example_datasets.py
[2025-08-17T21:47:12.358+0000] {processor.py:925} INFO - DAG(s) 'dataset_consumes_1_and_2', 'consume_1_or_2_with_dataset_expressions', 'consume_1_or_both_2_and_3_with_dataset_expressions', 'dataset_consumes_1_never_scheduled', 'conditional_dataset_and_time_based_timetable', 'dataset_produces_2', 'dataset_produces_1', 'dataset_consumes_unknown_never_scheduled', 'consume_1_and_2_with_dataset_expressions', 'dataset_consumes_1' retrieved from /home/airflow/.local/lib/python3.12/site-packages/airflow/example_dags/example_datasets.py
[2025-08-17T21:47:12.390+0000] {logging_mixin.py:190} INFO - [2025-08-17T21:47:12.390+0000] {dag.py:3239} INFO - Sync 10 DAGs
[2025-08-17T21:47:12.410+0000] {logging_mixin.py:190} INFO - [2025-08-17T21:47:12.410+0000] {dag.py:4180} INFO - Setting next_dagrun for conditional_dataset_and_time_based_timetable to 2025-08-13 01:00:00+00:00, run_after=2025-08-13 01:00:00+00:00
[2025-08-17T21:47:12.414+0000] {logging_mixin.py:190} INFO - [2025-08-17T21:47:12.414+0000] {dag.py:4180} INFO - Setting next_dagrun for consume_1_and_2_with_dataset_expressions to None, run_after=None
[2025-08-17T21:47:12.415+0000] {logging_mixin.py:190} INFO - [2025-08-17T21:47:12.415+0000] {dag.py:4180} INFO - Setting next_dagrun for consume_1_or_2_with_dataset_expressions to None, run_after=None
[2025-08-17T21:47:12.416+0000] {logging_mixin.py:190} INFO - [2025-08-17T21:47:12.416+0000] {dag.py:4180} INFO - Setting next_dagrun for consume_1_or_both_2_and_3_with_dataset_expressions to None, run_after=None
[2025-08-17T21:47:12.417+0000] {logging_mixin.py:190} INFO - [2025-08-17T21:47:12.417+0000] {dag.py:4180} INFO - Setting next_dagrun for dataset_consumes_1 to None, run_after=None
[2025-08-17T21:47:12.418+0000] {logging_mixin.py:190} INFO - [2025-08-17T21:47:12.418+0000] {dag.py:4180} INFO - Setting next_dagrun for dataset_consumes_1_and_2 to None, run_after=None
[2025-08-17T21:47:12.419+0000] {logging_mixin.py:190} INFO - [2025-08-17T21:47:12.418+0000] {dag.py:4180} INFO - Setting next_dagrun for dataset_consumes_1_never_scheduled to None, run_after=None
[2025-08-17T21:47:12.419+0000] {logging_mixin.py:190} INFO - [2025-08-17T21:47:12.419+0000] {dag.py:4180} INFO - Setting next_dagrun for dataset_consumes_unknown_never_scheduled to None, run_after=None
[2025-08-17T21:47:12.421+0000] {logging_mixin.py:190} INFO - [2025-08-17T21:47:12.421+0000] {dag.py:4180} INFO - Setting next_dagrun for dataset_produces_1 to 2025-08-16 00:00:00+00:00, run_after=2025-08-17 00:00:00+00:00
[2025-08-17T21:47:12.422+0000] {logging_mixin.py:190} INFO - [2025-08-17T21:47:12.422+0000] {dag.py:4180} INFO - Setting next_dagrun for dataset_produces_2 to None, run_after=None
[2025-08-17T21:47:12.449+0000] {processor.py:208} INFO - Processing /home/airflow/.local/lib/python3.12/site-packages/airflow/example_dags/example_datasets.py took 0.625 seconds
[2025-08-17T21:47:43.151+0000] {processor.py:186} INFO - Started process (PID=996) to work on /home/airflow/.local/lib/python3.12/site-packages/airflow/example_dags/example_datasets.py
[2025-08-17T21:47:43.152+0000] {processor.py:914} INFO - Processing file /home/airflow/.local/lib/python3.12/site-packages/airflow/example_dags/example_datasets.py for tasks to queue
[2025-08-17T21:47:43.154+0000] {logging_mixin.py:190} INFO - [2025-08-17T21:47:43.154+0000] {dagbag.py:588} INFO - Filling up the DagBag from /home/airflow/.local/lib/python3.12/site-packages/airflow/example_dags/example_datasets.py
[2025-08-17T21:47:43.640+0000] {processor.py:925} INFO - DAG(s) 'consume_1_and_2_with_dataset_expressions', 'dataset_consumes_1', 'dataset_consumes_1_never_scheduled', 'dataset_produces_1', 'consume_1_or_2_with_dataset_expressions', 'dataset_consumes_unknown_never_scheduled', 'conditional_dataset_and_time_based_timetable', 'dataset_produces_2', 'consume_1_or_both_2_and_3_with_dataset_expressions', 'dataset_consumes_1_and_2' retrieved from /home/airflow/.local/lib/python3.12/site-packages/airflow/example_dags/example_datasets.py
[2025-08-17T21:47:43.668+0000] {logging_mixin.py:190} INFO - [2025-08-17T21:47:43.668+0000] {dag.py:3239} INFO - Sync 10 DAGs
[2025-08-17T21:47:43.687+0000] {logging_mixin.py:190} INFO - [2025-08-17T21:47:43.686+0000] {dag.py:4180} INFO - Setting next_dagrun for conditional_dataset_and_time_based_timetable to 2025-08-13 01:00:00+00:00, run_after=2025-08-13 01:00:00+00:00
[2025-08-17T21:47:43.690+0000] {logging_mixin.py:190} INFO - [2025-08-17T21:47:43.689+0000] {dag.py:4180} INFO - Setting next_dagrun for consume_1_and_2_with_dataset_expressions to None, run_after=None
[2025-08-17T21:47:43.691+0000] {logging_mixin.py:190} INFO - [2025-08-17T21:47:43.691+0000] {dag.py:4180} INFO - Setting next_dagrun for consume_1_or_2_with_dataset_expressions to None, run_after=None
[2025-08-17T21:47:43.692+0000] {logging_mixin.py:190} INFO - [2025-08-17T21:47:43.692+0000] {dag.py:4180} INFO - Setting next_dagrun for consume_1_or_both_2_and_3_with_dataset_expressions to None, run_after=None
[2025-08-17T21:47:43.693+0000] {logging_mixin.py:190} INFO - [2025-08-17T21:47:43.693+0000] {dag.py:4180} INFO - Setting next_dagrun for dataset_consumes_1 to None, run_after=None
[2025-08-17T21:47:43.694+0000] {logging_mixin.py:190} INFO - [2025-08-17T21:47:43.694+0000] {dag.py:4180} INFO - Setting next_dagrun for dataset_consumes_1_and_2 to None, run_after=None
[2025-08-17T21:47:43.695+0000] {logging_mixin.py:190} INFO - [2025-08-17T21:47:43.694+0000] {dag.py:4180} INFO - Setting next_dagrun for dataset_consumes_1_never_scheduled to None, run_after=None
[2025-08-17T21:47:43.695+0000] {logging_mixin.py:190} INFO - [2025-08-17T21:47:43.695+0000] {dag.py:4180} INFO - Setting next_dagrun for dataset_consumes_unknown_never_scheduled to None, run_after=None
[2025-08-17T21:47:43.697+0000] {logging_mixin.py:190} INFO - [2025-08-17T21:47:43.697+0000] {dag.py:4180} INFO - Setting next_dagrun for dataset_produces_1 to 2025-08-16 00:00:00+00:00, run_after=2025-08-17 00:00:00+00:00
[2025-08-17T21:47:43.698+0000] {logging_mixin.py:190} INFO - [2025-08-17T21:47:43.698+0000] {dag.py:4180} INFO - Setting next_dagrun for dataset_produces_2 to None, run_after=None
[2025-08-17T21:47:43.724+0000] {processor.py:208} INFO - Processing /home/airflow/.local/lib/python3.12/site-packages/airflow/example_dags/example_datasets.py took 0.578 seconds
