[2025-08-17T21:40:30.873+0000] {processor.py:186} INFO - Started process (PID=89) to work on /home/airflow/.local/lib/python3.12/site-packages/airflow/example_dags/example_task_group_decorator.py
[2025-08-17T21:40:30.874+0000] {processor.py:914} INFO - Processing file /home/airflow/.local/lib/python3.12/site-packages/airflow/example_dags/example_task_group_decorator.py for tasks to queue
[2025-08-17T21:40:30.876+0000] {logging_mixin.py:190} INFO - [2025-08-17T21:40:30.876+0000] {dagbag.py:588} INFO - Filling up the DagBag from /home/airflow/.local/lib/python3.12/site-packages/airflow/example_dags/example_task_group_decorator.py
[2025-08-17T21:40:30.891+0000] {processor.py:925} INFO - DAG(s) 'example_task_group_decorator' retrieved from /home/airflow/.local/lib/python3.12/site-packages/airflow/example_dags/example_task_group_decorator.py
[2025-08-17T21:40:31.006+0000] {logging_mixin.py:190} INFO - [2025-08-17T21:40:31.006+0000] {override.py:1930} INFO - Created Permission View: can read on DAG:example_task_group_decorator
[2025-08-17T21:40:31.014+0000] {logging_mixin.py:190} INFO - [2025-08-17T21:40:31.014+0000] {override.py:1930} INFO - Created Permission View: can edit on DAG:example_task_group_decorator
[2025-08-17T21:40:31.019+0000] {logging_mixin.py:190} INFO - [2025-08-17T21:40:31.019+0000] {override.py:1930} INFO - Created Permission View: can delete on DAG:example_task_group_decorator
[2025-08-17T21:40:31.025+0000] {logging_mixin.py:190} INFO - [2025-08-17T21:40:31.025+0000] {override.py:1930} INFO - Created Permission View: can read on DAG Run:example_task_group_decorator
[2025-08-17T21:40:31.030+0000] {logging_mixin.py:190} INFO - [2025-08-17T21:40:31.030+0000] {override.py:1930} INFO - Created Permission View: can create on DAG Run:example_task_group_decorator
[2025-08-17T21:40:31.035+0000] {logging_mixin.py:190} INFO - [2025-08-17T21:40:31.035+0000] {override.py:1930} INFO - Created Permission View: can delete on DAG Run:example_task_group_decorator
[2025-08-17T21:40:31.040+0000] {logging_mixin.py:190} INFO - [2025-08-17T21:40:31.040+0000] {override.py:1930} INFO - Created Permission View: menu access on DAG Run:example_task_group_decorator
[2025-08-17T21:40:31.041+0000] {logging_mixin.py:190} INFO - [2025-08-17T21:40:31.041+0000] {dag.py:3239} INFO - Sync 1 DAGs
[2025-08-17T21:40:31.050+0000] {logging_mixin.py:190} INFO - [2025-08-17T21:40:31.050+0000] {dag.py:3262} INFO - Creating ORM DAG for example_task_group_decorator
[2025-08-17T21:40:31.051+0000] {logging_mixin.py:190} INFO - [2025-08-17T21:40:31.051+0000] {dag.py:4180} INFO - Setting next_dagrun for example_task_group_decorator to None, run_after=None
[2025-08-17T21:40:31.063+0000] {processor.py:208} INFO - Processing /home/airflow/.local/lib/python3.12/site-packages/airflow/example_dags/example_task_group_decorator.py took 0.197 seconds
[2025-08-17T21:41:01.254+0000] {processor.py:186} INFO - Started process (PID=152) to work on /home/airflow/.local/lib/python3.12/site-packages/airflow/example_dags/example_task_group_decorator.py
[2025-08-17T21:41:01.255+0000] {processor.py:914} INFO - Processing file /home/airflow/.local/lib/python3.12/site-packages/airflow/example_dags/example_task_group_decorator.py for tasks to queue
[2025-08-17T21:41:01.258+0000] {logging_mixin.py:190} INFO - [2025-08-17T21:41:01.257+0000] {dagbag.py:588} INFO - Filling up the DagBag from /home/airflow/.local/lib/python3.12/site-packages/airflow/example_dags/example_task_group_decorator.py
[2025-08-17T21:41:01.270+0000] {processor.py:925} INFO - DAG(s) 'example_task_group_decorator' retrieved from /home/airflow/.local/lib/python3.12/site-packages/airflow/example_dags/example_task_group_decorator.py
[2025-08-17T21:41:01.293+0000] {logging_mixin.py:190} INFO - [2025-08-17T21:41:01.292+0000] {dag.py:3239} INFO - Sync 1 DAGs
[2025-08-17T21:41:01.304+0000] {logging_mixin.py:190} INFO - [2025-08-17T21:41:01.304+0000] {dag.py:4180} INFO - Setting next_dagrun for example_task_group_decorator to None, run_after=None
[2025-08-17T21:41:01.320+0000] {processor.py:208} INFO - Processing /home/airflow/.local/lib/python3.12/site-packages/airflow/example_dags/example_task_group_decorator.py took 0.070 seconds
[2025-08-17T21:41:31.492+0000] {processor.py:186} INFO - Started process (PID=214) to work on /home/airflow/.local/lib/python3.12/site-packages/airflow/example_dags/example_task_group_decorator.py
[2025-08-17T21:41:31.493+0000] {processor.py:914} INFO - Processing file /home/airflow/.local/lib/python3.12/site-packages/airflow/example_dags/example_task_group_decorator.py for tasks to queue
[2025-08-17T21:41:31.495+0000] {logging_mixin.py:190} INFO - [2025-08-17T21:41:31.495+0000] {dagbag.py:588} INFO - Filling up the DagBag from /home/airflow/.local/lib/python3.12/site-packages/airflow/example_dags/example_task_group_decorator.py
[2025-08-17T21:41:31.508+0000] {processor.py:925} INFO - DAG(s) 'example_task_group_decorator' retrieved from /home/airflow/.local/lib/python3.12/site-packages/airflow/example_dags/example_task_group_decorator.py
[2025-08-17T21:41:31.531+0000] {logging_mixin.py:190} INFO - [2025-08-17T21:41:31.530+0000] {dag.py:3239} INFO - Sync 1 DAGs
[2025-08-17T21:41:31.542+0000] {logging_mixin.py:190} INFO - [2025-08-17T21:41:31.542+0000] {dag.py:4180} INFO - Setting next_dagrun for example_task_group_decorator to None, run_after=None
[2025-08-17T21:41:31.557+0000] {processor.py:208} INFO - Processing /home/airflow/.local/lib/python3.12/site-packages/airflow/example_dags/example_task_group_decorator.py took 0.071 seconds
[2025-08-17T21:42:02.173+0000] {processor.py:186} INFO - Started process (PID=277) to work on /home/airflow/.local/lib/python3.12/site-packages/airflow/example_dags/example_task_group_decorator.py
[2025-08-17T21:42:02.174+0000] {processor.py:914} INFO - Processing file /home/airflow/.local/lib/python3.12/site-packages/airflow/example_dags/example_task_group_decorator.py for tasks to queue
[2025-08-17T21:42:02.176+0000] {logging_mixin.py:190} INFO - [2025-08-17T21:42:02.176+0000] {dagbag.py:588} INFO - Filling up the DagBag from /home/airflow/.local/lib/python3.12/site-packages/airflow/example_dags/example_task_group_decorator.py
[2025-08-17T21:42:02.190+0000] {processor.py:925} INFO - DAG(s) 'example_task_group_decorator' retrieved from /home/airflow/.local/lib/python3.12/site-packages/airflow/example_dags/example_task_group_decorator.py
[2025-08-17T21:42:02.213+0000] {logging_mixin.py:190} INFO - [2025-08-17T21:42:02.213+0000] {dag.py:3239} INFO - Sync 1 DAGs
[2025-08-17T21:42:02.226+0000] {logging_mixin.py:190} INFO - [2025-08-17T21:42:02.226+0000] {dag.py:4180} INFO - Setting next_dagrun for example_task_group_decorator to None, run_after=None
[2025-08-17T21:42:02.241+0000] {processor.py:208} INFO - Processing /home/airflow/.local/lib/python3.12/site-packages/airflow/example_dags/example_task_group_decorator.py took 0.075 seconds
[2025-08-17T21:42:32.658+0000] {processor.py:186} INFO - Started process (PID=340) to work on /home/airflow/.local/lib/python3.12/site-packages/airflow/example_dags/example_task_group_decorator.py
[2025-08-17T21:42:32.659+0000] {processor.py:914} INFO - Processing file /home/airflow/.local/lib/python3.12/site-packages/airflow/example_dags/example_task_group_decorator.py for tasks to queue
[2025-08-17T21:42:32.661+0000] {logging_mixin.py:190} INFO - [2025-08-17T21:42:32.661+0000] {dagbag.py:588} INFO - Filling up the DagBag from /home/airflow/.local/lib/python3.12/site-packages/airflow/example_dags/example_task_group_decorator.py
[2025-08-17T21:42:32.676+0000] {processor.py:925} INFO - DAG(s) 'example_task_group_decorator' retrieved from /home/airflow/.local/lib/python3.12/site-packages/airflow/example_dags/example_task_group_decorator.py
[2025-08-17T21:42:32.699+0000] {logging_mixin.py:190} INFO - [2025-08-17T21:42:32.698+0000] {dag.py:3239} INFO - Sync 1 DAGs
[2025-08-17T21:42:32.712+0000] {logging_mixin.py:190} INFO - [2025-08-17T21:42:32.711+0000] {dag.py:4180} INFO - Setting next_dagrun for example_task_group_decorator to None, run_after=None
[2025-08-17T21:42:32.752+0000] {processor.py:208} INFO - Processing /home/airflow/.local/lib/python3.12/site-packages/airflow/example_dags/example_task_group_decorator.py took 0.101 seconds
[2025-08-17T21:43:04.085+0000] {processor.py:186} INFO - Started process (PID=403) to work on /home/airflow/.local/lib/python3.12/site-packages/airflow/example_dags/example_task_group_decorator.py
[2025-08-17T21:43:04.087+0000] {processor.py:914} INFO - Processing file /home/airflow/.local/lib/python3.12/site-packages/airflow/example_dags/example_task_group_decorator.py for tasks to queue
[2025-08-17T21:43:04.089+0000] {logging_mixin.py:190} INFO - [2025-08-17T21:43:04.089+0000] {dagbag.py:588} INFO - Filling up the DagBag from /home/airflow/.local/lib/python3.12/site-packages/airflow/example_dags/example_task_group_decorator.py
[2025-08-17T21:43:04.102+0000] {processor.py:925} INFO - DAG(s) 'example_task_group_decorator' retrieved from /home/airflow/.local/lib/python3.12/site-packages/airflow/example_dags/example_task_group_decorator.py
[2025-08-17T21:43:04.125+0000] {logging_mixin.py:190} INFO - [2025-08-17T21:43:04.124+0000] {dag.py:3239} INFO - Sync 1 DAGs
[2025-08-17T21:43:04.137+0000] {logging_mixin.py:190} INFO - [2025-08-17T21:43:04.137+0000] {dag.py:4180} INFO - Setting next_dagrun for example_task_group_decorator to None, run_after=None
[2025-08-17T21:43:04.151+0000] {processor.py:208} INFO - Processing /home/airflow/.local/lib/python3.12/site-packages/airflow/example_dags/example_task_group_decorator.py took 0.071 seconds
[2025-08-17T21:43:34.442+0000] {processor.py:186} INFO - Started process (PID=466) to work on /home/airflow/.local/lib/python3.12/site-packages/airflow/example_dags/example_task_group_decorator.py
[2025-08-17T21:43:34.443+0000] {processor.py:914} INFO - Processing file /home/airflow/.local/lib/python3.12/site-packages/airflow/example_dags/example_task_group_decorator.py for tasks to queue
[2025-08-17T21:43:34.445+0000] {logging_mixin.py:190} INFO - [2025-08-17T21:43:34.445+0000] {dagbag.py:588} INFO - Filling up the DagBag from /home/airflow/.local/lib/python3.12/site-packages/airflow/example_dags/example_task_group_decorator.py
[2025-08-17T21:43:34.459+0000] {processor.py:925} INFO - DAG(s) 'example_task_group_decorator' retrieved from /home/airflow/.local/lib/python3.12/site-packages/airflow/example_dags/example_task_group_decorator.py
[2025-08-17T21:43:34.481+0000] {logging_mixin.py:190} INFO - [2025-08-17T21:43:34.481+0000] {dag.py:3239} INFO - Sync 1 DAGs
[2025-08-17T21:43:34.494+0000] {logging_mixin.py:190} INFO - [2025-08-17T21:43:34.494+0000] {dag.py:4180} INFO - Setting next_dagrun for example_task_group_decorator to None, run_after=None
[2025-08-17T21:43:34.523+0000] {processor.py:208} INFO - Processing /home/airflow/.local/lib/python3.12/site-packages/airflow/example_dags/example_task_group_decorator.py took 0.086 seconds
[2025-08-17T21:44:04.560+0000] {processor.py:186} INFO - Started process (PID=528) to work on /home/airflow/.local/lib/python3.12/site-packages/airflow/example_dags/example_task_group_decorator.py
[2025-08-17T21:44:04.561+0000] {processor.py:914} INFO - Processing file /home/airflow/.local/lib/python3.12/site-packages/airflow/example_dags/example_task_group_decorator.py for tasks to queue
[2025-08-17T21:44:04.563+0000] {logging_mixin.py:190} INFO - [2025-08-17T21:44:04.563+0000] {dagbag.py:588} INFO - Filling up the DagBag from /home/airflow/.local/lib/python3.12/site-packages/airflow/example_dags/example_task_group_decorator.py
[2025-08-17T21:44:04.577+0000] {processor.py:925} INFO - DAG(s) 'example_task_group_decorator' retrieved from /home/airflow/.local/lib/python3.12/site-packages/airflow/example_dags/example_task_group_decorator.py
[2025-08-17T21:44:04.598+0000] {logging_mixin.py:190} INFO - [2025-08-17T21:44:04.598+0000] {dag.py:3239} INFO - Sync 1 DAGs
[2025-08-17T21:44:04.610+0000] {logging_mixin.py:190} INFO - [2025-08-17T21:44:04.610+0000] {dag.py:4180} INFO - Setting next_dagrun for example_task_group_decorator to None, run_after=None
[2025-08-17T21:44:04.627+0000] {processor.py:208} INFO - Processing /home/airflow/.local/lib/python3.12/site-packages/airflow/example_dags/example_task_group_decorator.py took 0.072 seconds
[2025-08-17T21:44:35.160+0000] {processor.py:186} INFO - Started process (PID=591) to work on /home/airflow/.local/lib/python3.12/site-packages/airflow/example_dags/example_task_group_decorator.py
[2025-08-17T21:44:35.161+0000] {processor.py:914} INFO - Processing file /home/airflow/.local/lib/python3.12/site-packages/airflow/example_dags/example_task_group_decorator.py for tasks to queue
[2025-08-17T21:44:35.163+0000] {logging_mixin.py:190} INFO - [2025-08-17T21:44:35.163+0000] {dagbag.py:588} INFO - Filling up the DagBag from /home/airflow/.local/lib/python3.12/site-packages/airflow/example_dags/example_task_group_decorator.py
[2025-08-17T21:44:35.176+0000] {processor.py:925} INFO - DAG(s) 'example_task_group_decorator' retrieved from /home/airflow/.local/lib/python3.12/site-packages/airflow/example_dags/example_task_group_decorator.py
[2025-08-17T21:44:35.197+0000] {logging_mixin.py:190} INFO - [2025-08-17T21:44:35.196+0000] {dag.py:3239} INFO - Sync 1 DAGs
[2025-08-17T21:44:35.209+0000] {logging_mixin.py:190} INFO - [2025-08-17T21:44:35.208+0000] {dag.py:4180} INFO - Setting next_dagrun for example_task_group_decorator to None, run_after=None
[2025-08-17T21:44:35.225+0000] {processor.py:208} INFO - Processing /home/airflow/.local/lib/python3.12/site-packages/airflow/example_dags/example_task_group_decorator.py took 0.070 seconds
[2025-08-17T21:45:05.459+0000] {processor.py:186} INFO - Started process (PID=654) to work on /home/airflow/.local/lib/python3.12/site-packages/airflow/example_dags/example_task_group_decorator.py
[2025-08-17T21:45:05.460+0000] {processor.py:914} INFO - Processing file /home/airflow/.local/lib/python3.12/site-packages/airflow/example_dags/example_task_group_decorator.py for tasks to queue
[2025-08-17T21:45:05.463+0000] {logging_mixin.py:190} INFO - [2025-08-17T21:45:05.462+0000] {dagbag.py:588} INFO - Filling up the DagBag from /home/airflow/.local/lib/python3.12/site-packages/airflow/example_dags/example_task_group_decorator.py
[2025-08-17T21:45:05.476+0000] {processor.py:925} INFO - DAG(s) 'example_task_group_decorator' retrieved from /home/airflow/.local/lib/python3.12/site-packages/airflow/example_dags/example_task_group_decorator.py
[2025-08-17T21:45:05.497+0000] {logging_mixin.py:190} INFO - [2025-08-17T21:45:05.497+0000] {dag.py:3239} INFO - Sync 1 DAGs
[2025-08-17T21:45:05.509+0000] {logging_mixin.py:190} INFO - [2025-08-17T21:45:05.508+0000] {dag.py:4180} INFO - Setting next_dagrun for example_task_group_decorator to None, run_after=None
[2025-08-17T21:45:05.522+0000] {processor.py:208} INFO - Processing /home/airflow/.local/lib/python3.12/site-packages/airflow/example_dags/example_task_group_decorator.py took 0.068 seconds
[2025-08-17T21:45:35.675+0000] {processor.py:186} INFO - Started process (PID=717) to work on /home/airflow/.local/lib/python3.12/site-packages/airflow/example_dags/example_task_group_decorator.py
[2025-08-17T21:45:35.676+0000] {processor.py:914} INFO - Processing file /home/airflow/.local/lib/python3.12/site-packages/airflow/example_dags/example_task_group_decorator.py for tasks to queue
[2025-08-17T21:45:35.679+0000] {logging_mixin.py:190} INFO - [2025-08-17T21:45:35.678+0000] {dagbag.py:588} INFO - Filling up the DagBag from /home/airflow/.local/lib/python3.12/site-packages/airflow/example_dags/example_task_group_decorator.py
[2025-08-17T21:45:35.691+0000] {processor.py:925} INFO - DAG(s) 'example_task_group_decorator' retrieved from /home/airflow/.local/lib/python3.12/site-packages/airflow/example_dags/example_task_group_decorator.py
[2025-08-17T21:45:35.713+0000] {logging_mixin.py:190} INFO - [2025-08-17T21:45:35.713+0000] {dag.py:3239} INFO - Sync 1 DAGs
[2025-08-17T21:45:35.725+0000] {logging_mixin.py:190} INFO - [2025-08-17T21:45:35.724+0000] {dag.py:4180} INFO - Setting next_dagrun for example_task_group_decorator to None, run_after=None
[2025-08-17T21:45:35.742+0000] {processor.py:208} INFO - Processing /home/airflow/.local/lib/python3.12/site-packages/airflow/example_dags/example_task_group_decorator.py took 0.073 seconds
[2025-08-17T21:46:06.170+0000] {processor.py:186} INFO - Started process (PID=780) to work on /home/airflow/.local/lib/python3.12/site-packages/airflow/example_dags/example_task_group_decorator.py
[2025-08-17T21:46:06.171+0000] {processor.py:914} INFO - Processing file /home/airflow/.local/lib/python3.12/site-packages/airflow/example_dags/example_task_group_decorator.py for tasks to queue
[2025-08-17T21:46:06.174+0000] {logging_mixin.py:190} INFO - [2025-08-17T21:46:06.174+0000] {dagbag.py:588} INFO - Filling up the DagBag from /home/airflow/.local/lib/python3.12/site-packages/airflow/example_dags/example_task_group_decorator.py
[2025-08-17T21:46:06.190+0000] {processor.py:925} INFO - DAG(s) 'example_task_group_decorator' retrieved from /home/airflow/.local/lib/python3.12/site-packages/airflow/example_dags/example_task_group_decorator.py
[2025-08-17T21:46:06.214+0000] {logging_mixin.py:190} INFO - [2025-08-17T21:46:06.214+0000] {dag.py:3239} INFO - Sync 1 DAGs
[2025-08-17T21:46:06.228+0000] {logging_mixin.py:190} INFO - [2025-08-17T21:46:06.228+0000] {dag.py:4180} INFO - Setting next_dagrun for example_task_group_decorator to None, run_after=None
[2025-08-17T21:46:06.259+0000] {processor.py:208} INFO - Processing /home/airflow/.local/lib/python3.12/site-packages/airflow/example_dags/example_task_group_decorator.py took 0.096 seconds
[2025-08-17T21:46:36.683+0000] {processor.py:186} INFO - Started process (PID=843) to work on /home/airflow/.local/lib/python3.12/site-packages/airflow/example_dags/example_task_group_decorator.py
[2025-08-17T21:46:36.684+0000] {processor.py:914} INFO - Processing file /home/airflow/.local/lib/python3.12/site-packages/airflow/example_dags/example_task_group_decorator.py for tasks to queue
[2025-08-17T21:46:36.686+0000] {logging_mixin.py:190} INFO - [2025-08-17T21:46:36.686+0000] {dagbag.py:588} INFO - Filling up the DagBag from /home/airflow/.local/lib/python3.12/site-packages/airflow/example_dags/example_task_group_decorator.py
[2025-08-17T21:46:36.699+0000] {processor.py:925} INFO - DAG(s) 'example_task_group_decorator' retrieved from /home/airflow/.local/lib/python3.12/site-packages/airflow/example_dags/example_task_group_decorator.py
[2025-08-17T21:46:36.721+0000] {logging_mixin.py:190} INFO - [2025-08-17T21:46:36.721+0000] {dag.py:3239} INFO - Sync 1 DAGs
[2025-08-17T21:46:36.734+0000] {logging_mixin.py:190} INFO - [2025-08-17T21:46:36.734+0000] {dag.py:4180} INFO - Setting next_dagrun for example_task_group_decorator to None, run_after=None
[2025-08-17T21:46:36.754+0000] {processor.py:208} INFO - Processing /home/airflow/.local/lib/python3.12/site-packages/airflow/example_dags/example_task_group_decorator.py took 0.076 seconds
[2025-08-17T21:47:07.102+0000] {processor.py:186} INFO - Started process (PID=906) to work on /home/airflow/.local/lib/python3.12/site-packages/airflow/example_dags/example_task_group_decorator.py
[2025-08-17T21:47:07.103+0000] {processor.py:914} INFO - Processing file /home/airflow/.local/lib/python3.12/site-packages/airflow/example_dags/example_task_group_decorator.py for tasks to queue
[2025-08-17T21:47:07.106+0000] {logging_mixin.py:190} INFO - [2025-08-17T21:47:07.106+0000] {dagbag.py:588} INFO - Filling up the DagBag from /home/airflow/.local/lib/python3.12/site-packages/airflow/example_dags/example_task_group_decorator.py
[2025-08-17T21:47:07.119+0000] {processor.py:925} INFO - DAG(s) 'example_task_group_decorator' retrieved from /home/airflow/.local/lib/python3.12/site-packages/airflow/example_dags/example_task_group_decorator.py
[2025-08-17T21:47:07.142+0000] {logging_mixin.py:190} INFO - [2025-08-17T21:47:07.142+0000] {dag.py:3239} INFO - Sync 1 DAGs
[2025-08-17T21:47:07.154+0000] {logging_mixin.py:190} INFO - [2025-08-17T21:47:07.153+0000] {dag.py:4180} INFO - Setting next_dagrun for example_task_group_decorator to None, run_after=None
[2025-08-17T21:47:07.176+0000] {processor.py:208} INFO - Processing /home/airflow/.local/lib/python3.12/site-packages/airflow/example_dags/example_task_group_decorator.py took 0.079 seconds
[2025-08-17T21:47:37.298+0000] {processor.py:186} INFO - Started process (PID=969) to work on /home/airflow/.local/lib/python3.12/site-packages/airflow/example_dags/example_task_group_decorator.py
[2025-08-17T21:47:37.299+0000] {processor.py:914} INFO - Processing file /home/airflow/.local/lib/python3.12/site-packages/airflow/example_dags/example_task_group_decorator.py for tasks to queue
[2025-08-17T21:47:37.301+0000] {logging_mixin.py:190} INFO - [2025-08-17T21:47:37.301+0000] {dagbag.py:588} INFO - Filling up the DagBag from /home/airflow/.local/lib/python3.12/site-packages/airflow/example_dags/example_task_group_decorator.py
[2025-08-17T21:47:37.315+0000] {processor.py:925} INFO - DAG(s) 'example_task_group_decorator' retrieved from /home/airflow/.local/lib/python3.12/site-packages/airflow/example_dags/example_task_group_decorator.py
[2025-08-17T21:47:37.338+0000] {logging_mixin.py:190} INFO - [2025-08-17T21:47:37.337+0000] {dag.py:3239} INFO - Sync 1 DAGs
[2025-08-17T21:47:37.351+0000] {logging_mixin.py:190} INFO - [2025-08-17T21:47:37.351+0000] {dag.py:4180} INFO - Setting next_dagrun for example_task_group_decorator to None, run_after=None
[2025-08-17T21:47:37.382+0000] {processor.py:208} INFO - Processing /home/airflow/.local/lib/python3.12/site-packages/airflow/example_dags/example_task_group_decorator.py took 0.089 seconds
[2025-08-17T21:48:07.526+0000] {processor.py:186} INFO - Started process (PID=1032) to work on /home/airflow/.local/lib/python3.12/site-packages/airflow/example_dags/example_task_group_decorator.py
[2025-08-17T21:48:07.526+0000] {processor.py:914} INFO - Processing file /home/airflow/.local/lib/python3.12/site-packages/airflow/example_dags/example_task_group_decorator.py for tasks to queue
[2025-08-17T21:48:07.530+0000] {logging_mixin.py:190} INFO - [2025-08-17T21:48:07.530+0000] {dagbag.py:588} INFO - Filling up the DagBag from /home/airflow/.local/lib/python3.12/site-packages/airflow/example_dags/example_task_group_decorator.py
[2025-08-17T21:48:07.544+0000] {processor.py:925} INFO - DAG(s) 'example_task_group_decorator' retrieved from /home/airflow/.local/lib/python3.12/site-packages/airflow/example_dags/example_task_group_decorator.py
[2025-08-17T21:48:07.565+0000] {logging_mixin.py:190} INFO - [2025-08-17T21:48:07.564+0000] {dag.py:3239} INFO - Sync 1 DAGs
[2025-08-17T21:48:07.576+0000] {logging_mixin.py:190} INFO - [2025-08-17T21:48:07.576+0000] {dag.py:4180} INFO - Setting next_dagrun for example_task_group_decorator to None, run_after=None
[2025-08-17T21:48:07.594+0000] {processor.py:208} INFO - Processing /home/airflow/.local/lib/python3.12/site-packages/airflow/example_dags/example_task_group_decorator.py took 0.074 seconds
