[2025-08-17T21:40:32.065+0000] {processor.py:186} INFO - Started process (PID=98) to work on /home/airflow/.local/lib/python3.12/site-packages/airflow/example_dags/example_setup_teardown_taskflow.py
[2025-08-17T21:40:32.066+0000] {processor.py:914} INFO - Processing file /home/airflow/.local/lib/python3.12/site-packages/airflow/example_dags/example_setup_teardown_taskflow.py for tasks to queue
[2025-08-17T21:40:32.068+0000] {logging_mixin.py:190} INFO - [2025-08-17T21:40:32.068+0000] {dagbag.py:588} INFO - Filling up the DagBag from /home/airflow/.local/lib/python3.12/site-packages/airflow/example_dags/example_setup_teardown_taskflow.py
[2025-08-17T21:40:32.080+0000] {processor.py:925} INFO - DAG(s) 'example_setup_teardown_taskflow' retrieved from /home/airflow/.local/lib/python3.12/site-packages/airflow/example_dags/example_setup_teardown_taskflow.py
[2025-08-17T21:40:32.186+0000] {logging_mixin.py:190} INFO - [2025-08-17T21:40:32.185+0000] {override.py:1930} INFO - Created Permission View: can read on DAG:example_setup_teardown_taskflow
[2025-08-17T21:40:32.199+0000] {logging_mixin.py:190} INFO - [2025-08-17T21:40:32.199+0000] {override.py:1930} INFO - Created Permission View: can edit on DAG:example_setup_teardown_taskflow
[2025-08-17T21:40:32.204+0000] {logging_mixin.py:190} INFO - [2025-08-17T21:40:32.204+0000] {override.py:1930} INFO - Created Permission View: can delete on DAG:example_setup_teardown_taskflow
[2025-08-17T21:40:32.211+0000] {logging_mixin.py:190} INFO - [2025-08-17T21:40:32.211+0000] {override.py:1930} INFO - Created Permission View: can read on DAG Run:example_setup_teardown_taskflow
[2025-08-17T21:40:32.216+0000] {logging_mixin.py:190} INFO - [2025-08-17T21:40:32.216+0000] {override.py:1930} INFO - Created Permission View: can create on DAG Run:example_setup_teardown_taskflow
[2025-08-17T21:40:32.221+0000] {logging_mixin.py:190} INFO - [2025-08-17T21:40:32.221+0000] {override.py:1930} INFO - Created Permission View: can delete on DAG Run:example_setup_teardown_taskflow
[2025-08-17T21:40:32.226+0000] {logging_mixin.py:190} INFO - [2025-08-17T21:40:32.226+0000] {override.py:1930} INFO - Created Permission View: menu access on DAG Run:example_setup_teardown_taskflow
[2025-08-17T21:40:32.227+0000] {logging_mixin.py:190} INFO - [2025-08-17T21:40:32.226+0000] {dag.py:3239} INFO - Sync 1 DAGs
[2025-08-17T21:40:32.237+0000] {logging_mixin.py:190} INFO - [2025-08-17T21:40:32.237+0000] {dag.py:3262} INFO - Creating ORM DAG for example_setup_teardown_taskflow
[2025-08-17T21:40:32.238+0000] {logging_mixin.py:190} INFO - [2025-08-17T21:40:32.237+0000] {dag.py:4180} INFO - Setting next_dagrun for example_setup_teardown_taskflow to None, run_after=None
[2025-08-17T21:40:32.250+0000] {processor.py:208} INFO - Processing /home/airflow/.local/lib/python3.12/site-packages/airflow/example_dags/example_setup_teardown_taskflow.py took 0.190 seconds
[2025-08-17T21:41:02.749+0000] {processor.py:186} INFO - Started process (PID=161) to work on /home/airflow/.local/lib/python3.12/site-packages/airflow/example_dags/example_setup_teardown_taskflow.py
[2025-08-17T21:41:02.750+0000] {processor.py:914} INFO - Processing file /home/airflow/.local/lib/python3.12/site-packages/airflow/example_dags/example_setup_teardown_taskflow.py for tasks to queue
[2025-08-17T21:41:02.752+0000] {logging_mixin.py:190} INFO - [2025-08-17T21:41:02.752+0000] {dagbag.py:588} INFO - Filling up the DagBag from /home/airflow/.local/lib/python3.12/site-packages/airflow/example_dags/example_setup_teardown_taskflow.py
[2025-08-17T21:41:02.761+0000] {processor.py:925} INFO - DAG(s) 'example_setup_teardown_taskflow' retrieved from /home/airflow/.local/lib/python3.12/site-packages/airflow/example_dags/example_setup_teardown_taskflow.py
[2025-08-17T21:41:02.779+0000] {logging_mixin.py:190} INFO - [2025-08-17T21:41:02.778+0000] {dag.py:3239} INFO - Sync 1 DAGs
[2025-08-17T21:41:02.790+0000] {logging_mixin.py:190} INFO - [2025-08-17T21:41:02.789+0000] {dag.py:4180} INFO - Setting next_dagrun for example_setup_teardown_taskflow to None, run_after=None
[2025-08-17T21:41:02.803+0000] {processor.py:208} INFO - Processing /home/airflow/.local/lib/python3.12/site-packages/airflow/example_dags/example_setup_teardown_taskflow.py took 0.059 seconds
[2025-08-17T21:41:33.340+0000] {processor.py:186} INFO - Started process (PID=224) to work on /home/airflow/.local/lib/python3.12/site-packages/airflow/example_dags/example_setup_teardown_taskflow.py
[2025-08-17T21:41:33.341+0000] {processor.py:914} INFO - Processing file /home/airflow/.local/lib/python3.12/site-packages/airflow/example_dags/example_setup_teardown_taskflow.py for tasks to queue
[2025-08-17T21:41:33.344+0000] {logging_mixin.py:190} INFO - [2025-08-17T21:41:33.343+0000] {dagbag.py:588} INFO - Filling up the DagBag from /home/airflow/.local/lib/python3.12/site-packages/airflow/example_dags/example_setup_teardown_taskflow.py
[2025-08-17T21:41:33.353+0000] {processor.py:925} INFO - DAG(s) 'example_setup_teardown_taskflow' retrieved from /home/airflow/.local/lib/python3.12/site-packages/airflow/example_dags/example_setup_teardown_taskflow.py
[2025-08-17T21:41:33.372+0000] {logging_mixin.py:190} INFO - [2025-08-17T21:41:33.372+0000] {dag.py:3239} INFO - Sync 1 DAGs
[2025-08-17T21:41:33.383+0000] {logging_mixin.py:190} INFO - [2025-08-17T21:41:33.383+0000] {dag.py:4180} INFO - Setting next_dagrun for example_setup_teardown_taskflow to None, run_after=None
[2025-08-17T21:41:33.405+0000] {processor.py:208} INFO - Processing /home/airflow/.local/lib/python3.12/site-packages/airflow/example_dags/example_setup_teardown_taskflow.py took 0.070 seconds
[2025-08-17T21:42:03.835+0000] {processor.py:186} INFO - Started process (PID=287) to work on /home/airflow/.local/lib/python3.12/site-packages/airflow/example_dags/example_setup_teardown_taskflow.py
[2025-08-17T21:42:03.836+0000] {processor.py:914} INFO - Processing file /home/airflow/.local/lib/python3.12/site-packages/airflow/example_dags/example_setup_teardown_taskflow.py for tasks to queue
[2025-08-17T21:42:03.838+0000] {logging_mixin.py:190} INFO - [2025-08-17T21:42:03.838+0000] {dagbag.py:588} INFO - Filling up the DagBag from /home/airflow/.local/lib/python3.12/site-packages/airflow/example_dags/example_setup_teardown_taskflow.py
[2025-08-17T21:42:03.849+0000] {processor.py:925} INFO - DAG(s) 'example_setup_teardown_taskflow' retrieved from /home/airflow/.local/lib/python3.12/site-packages/airflow/example_dags/example_setup_teardown_taskflow.py
[2025-08-17T21:42:03.869+0000] {logging_mixin.py:190} INFO - [2025-08-17T21:42:03.869+0000] {dag.py:3239} INFO - Sync 1 DAGs
[2025-08-17T21:42:03.882+0000] {logging_mixin.py:190} INFO - [2025-08-17T21:42:03.882+0000] {dag.py:4180} INFO - Setting next_dagrun for example_setup_teardown_taskflow to None, run_after=None
[2025-08-17T21:42:03.898+0000] {processor.py:208} INFO - Processing /home/airflow/.local/lib/python3.12/site-packages/airflow/example_dags/example_setup_teardown_taskflow.py took 0.068 seconds
[2025-08-17T21:42:34.043+0000] {processor.py:186} INFO - Started process (PID=350) to work on /home/airflow/.local/lib/python3.12/site-packages/airflow/example_dags/example_setup_teardown_taskflow.py
[2025-08-17T21:42:34.044+0000] {processor.py:914} INFO - Processing file /home/airflow/.local/lib/python3.12/site-packages/airflow/example_dags/example_setup_teardown_taskflow.py for tasks to queue
[2025-08-17T21:42:34.047+0000] {logging_mixin.py:190} INFO - [2025-08-17T21:42:34.046+0000] {dagbag.py:588} INFO - Filling up the DagBag from /home/airflow/.local/lib/python3.12/site-packages/airflow/example_dags/example_setup_teardown_taskflow.py
[2025-08-17T21:42:34.056+0000] {processor.py:925} INFO - DAG(s) 'example_setup_teardown_taskflow' retrieved from /home/airflow/.local/lib/python3.12/site-packages/airflow/example_dags/example_setup_teardown_taskflow.py
[2025-08-17T21:42:34.077+0000] {logging_mixin.py:190} INFO - [2025-08-17T21:42:34.077+0000] {dag.py:3239} INFO - Sync 1 DAGs
[2025-08-17T21:42:34.089+0000] {logging_mixin.py:190} INFO - [2025-08-17T21:42:34.088+0000] {dag.py:4180} INFO - Setting next_dagrun for example_setup_teardown_taskflow to None, run_after=None
[2025-08-17T21:42:34.131+0000] {processor.py:208} INFO - Processing /home/airflow/.local/lib/python3.12/site-packages/airflow/example_dags/example_setup_teardown_taskflow.py took 0.093 seconds
[2025-08-17T21:43:05.386+0000] {processor.py:186} INFO - Started process (PID=413) to work on /home/airflow/.local/lib/python3.12/site-packages/airflow/example_dags/example_setup_teardown_taskflow.py
[2025-08-17T21:43:05.387+0000] {processor.py:914} INFO - Processing file /home/airflow/.local/lib/python3.12/site-packages/airflow/example_dags/example_setup_teardown_taskflow.py for tasks to queue
[2025-08-17T21:43:05.390+0000] {logging_mixin.py:190} INFO - [2025-08-17T21:43:05.389+0000] {dagbag.py:588} INFO - Filling up the DagBag from /home/airflow/.local/lib/python3.12/site-packages/airflow/example_dags/example_setup_teardown_taskflow.py
[2025-08-17T21:43:05.399+0000] {processor.py:925} INFO - DAG(s) 'example_setup_teardown_taskflow' retrieved from /home/airflow/.local/lib/python3.12/site-packages/airflow/example_dags/example_setup_teardown_taskflow.py
[2025-08-17T21:43:05.420+0000] {logging_mixin.py:190} INFO - [2025-08-17T21:43:05.419+0000] {dag.py:3239} INFO - Sync 1 DAGs
[2025-08-17T21:43:05.432+0000] {logging_mixin.py:190} INFO - [2025-08-17T21:43:05.432+0000] {dag.py:4180} INFO - Setting next_dagrun for example_setup_teardown_taskflow to None, run_after=None
[2025-08-17T21:43:05.449+0000] {processor.py:208} INFO - Processing /home/airflow/.local/lib/python3.12/site-packages/airflow/example_dags/example_setup_teardown_taskflow.py took 0.068 seconds
[2025-08-17T21:43:36.280+0000] {processor.py:186} INFO - Started process (PID=476) to work on /home/airflow/.local/lib/python3.12/site-packages/airflow/example_dags/example_setup_teardown_taskflow.py
[2025-08-17T21:43:36.281+0000] {processor.py:914} INFO - Processing file /home/airflow/.local/lib/python3.12/site-packages/airflow/example_dags/example_setup_teardown_taskflow.py for tasks to queue
[2025-08-17T21:43:36.284+0000] {logging_mixin.py:190} INFO - [2025-08-17T21:43:36.283+0000] {dagbag.py:588} INFO - Filling up the DagBag from /home/airflow/.local/lib/python3.12/site-packages/airflow/example_dags/example_setup_teardown_taskflow.py
[2025-08-17T21:43:36.294+0000] {processor.py:925} INFO - DAG(s) 'example_setup_teardown_taskflow' retrieved from /home/airflow/.local/lib/python3.12/site-packages/airflow/example_dags/example_setup_teardown_taskflow.py
[2025-08-17T21:43:36.314+0000] {logging_mixin.py:190} INFO - [2025-08-17T21:43:36.314+0000] {dag.py:3239} INFO - Sync 1 DAGs
[2025-08-17T21:43:36.328+0000] {logging_mixin.py:190} INFO - [2025-08-17T21:43:36.327+0000] {dag.py:4180} INFO - Setting next_dagrun for example_setup_teardown_taskflow to None, run_after=None
[2025-08-17T21:43:36.356+0000] {processor.py:208} INFO - Processing /home/airflow/.local/lib/python3.12/site-packages/airflow/example_dags/example_setup_teardown_taskflow.py took 0.080 seconds
[2025-08-17T21:44:06.849+0000] {processor.py:186} INFO - Started process (PID=538) to work on /home/airflow/.local/lib/python3.12/site-packages/airflow/example_dags/example_setup_teardown_taskflow.py
[2025-08-17T21:44:06.850+0000] {processor.py:914} INFO - Processing file /home/airflow/.local/lib/python3.12/site-packages/airflow/example_dags/example_setup_teardown_taskflow.py for tasks to queue
[2025-08-17T21:44:06.853+0000] {logging_mixin.py:190} INFO - [2025-08-17T21:44:06.852+0000] {dagbag.py:588} INFO - Filling up the DagBag from /home/airflow/.local/lib/python3.12/site-packages/airflow/example_dags/example_setup_teardown_taskflow.py
[2025-08-17T21:44:06.861+0000] {processor.py:925} INFO - DAG(s) 'example_setup_teardown_taskflow' retrieved from /home/airflow/.local/lib/python3.12/site-packages/airflow/example_dags/example_setup_teardown_taskflow.py
[2025-08-17T21:44:06.880+0000] {logging_mixin.py:190} INFO - [2025-08-17T21:44:06.880+0000] {dag.py:3239} INFO - Sync 1 DAGs
[2025-08-17T21:44:06.892+0000] {logging_mixin.py:190} INFO - [2025-08-17T21:44:06.892+0000] {dag.py:4180} INFO - Setting next_dagrun for example_setup_teardown_taskflow to None, run_after=None
[2025-08-17T21:44:06.907+0000] {processor.py:208} INFO - Processing /home/airflow/.local/lib/python3.12/site-packages/airflow/example_dags/example_setup_teardown_taskflow.py took 0.063 seconds
[2025-08-17T21:44:36.962+0000] {processor.py:186} INFO - Started process (PID=601) to work on /home/airflow/.local/lib/python3.12/site-packages/airflow/example_dags/example_setup_teardown_taskflow.py
[2025-08-17T21:44:36.963+0000] {processor.py:914} INFO - Processing file /home/airflow/.local/lib/python3.12/site-packages/airflow/example_dags/example_setup_teardown_taskflow.py for tasks to queue
[2025-08-17T21:44:36.965+0000] {logging_mixin.py:190} INFO - [2025-08-17T21:44:36.964+0000] {dagbag.py:588} INFO - Filling up the DagBag from /home/airflow/.local/lib/python3.12/site-packages/airflow/example_dags/example_setup_teardown_taskflow.py
[2025-08-17T21:44:36.974+0000] {processor.py:925} INFO - DAG(s) 'example_setup_teardown_taskflow' retrieved from /home/airflow/.local/lib/python3.12/site-packages/airflow/example_dags/example_setup_teardown_taskflow.py
[2025-08-17T21:44:36.992+0000] {logging_mixin.py:190} INFO - [2025-08-17T21:44:36.992+0000] {dag.py:3239} INFO - Sync 1 DAGs
[2025-08-17T21:44:37.004+0000] {logging_mixin.py:190} INFO - [2025-08-17T21:44:37.004+0000] {dag.py:4180} INFO - Setting next_dagrun for example_setup_teardown_taskflow to None, run_after=None
[2025-08-17T21:44:37.023+0000] {processor.py:208} INFO - Processing /home/airflow/.local/lib/python3.12/site-packages/airflow/example_dags/example_setup_teardown_taskflow.py took 0.066 seconds
[2025-08-17T21:45:07.242+0000] {processor.py:186} INFO - Started process (PID=664) to work on /home/airflow/.local/lib/python3.12/site-packages/airflow/example_dags/example_setup_teardown_taskflow.py
[2025-08-17T21:45:07.243+0000] {processor.py:914} INFO - Processing file /home/airflow/.local/lib/python3.12/site-packages/airflow/example_dags/example_setup_teardown_taskflow.py for tasks to queue
[2025-08-17T21:45:07.246+0000] {logging_mixin.py:190} INFO - [2025-08-17T21:45:07.246+0000] {dagbag.py:588} INFO - Filling up the DagBag from /home/airflow/.local/lib/python3.12/site-packages/airflow/example_dags/example_setup_teardown_taskflow.py
[2025-08-17T21:45:07.260+0000] {processor.py:925} INFO - DAG(s) 'example_setup_teardown_taskflow' retrieved from /home/airflow/.local/lib/python3.12/site-packages/airflow/example_dags/example_setup_teardown_taskflow.py
[2025-08-17T21:45:07.282+0000] {logging_mixin.py:190} INFO - [2025-08-17T21:45:07.282+0000] {dag.py:3239} INFO - Sync 1 DAGs
[2025-08-17T21:45:07.296+0000] {logging_mixin.py:190} INFO - [2025-08-17T21:45:07.295+0000] {dag.py:4180} INFO - Setting next_dagrun for example_setup_teardown_taskflow to None, run_after=None
[2025-08-17T21:45:07.312+0000] {processor.py:208} INFO - Processing /home/airflow/.local/lib/python3.12/site-packages/airflow/example_dags/example_setup_teardown_taskflow.py took 0.077 seconds
[2025-08-17T21:45:37.376+0000] {processor.py:186} INFO - Started process (PID=726) to work on /home/airflow/.local/lib/python3.12/site-packages/airflow/example_dags/example_setup_teardown_taskflow.py
[2025-08-17T21:45:37.377+0000] {processor.py:914} INFO - Processing file /home/airflow/.local/lib/python3.12/site-packages/airflow/example_dags/example_setup_teardown_taskflow.py for tasks to queue
[2025-08-17T21:45:37.380+0000] {logging_mixin.py:190} INFO - [2025-08-17T21:45:37.379+0000] {dagbag.py:588} INFO - Filling up the DagBag from /home/airflow/.local/lib/python3.12/site-packages/airflow/example_dags/example_setup_teardown_taskflow.py
[2025-08-17T21:45:37.389+0000] {processor.py:925} INFO - DAG(s) 'example_setup_teardown_taskflow' retrieved from /home/airflow/.local/lib/python3.12/site-packages/airflow/example_dags/example_setup_teardown_taskflow.py
[2025-08-17T21:45:37.409+0000] {logging_mixin.py:190} INFO - [2025-08-17T21:45:37.409+0000] {dag.py:3239} INFO - Sync 1 DAGs
[2025-08-17T21:45:37.421+0000] {logging_mixin.py:190} INFO - [2025-08-17T21:45:37.421+0000] {dag.py:4180} INFO - Setting next_dagrun for example_setup_teardown_taskflow to None, run_after=None
[2025-08-17T21:45:37.436+0000] {processor.py:208} INFO - Processing /home/airflow/.local/lib/python3.12/site-packages/airflow/example_dags/example_setup_teardown_taskflow.py took 0.065 seconds
[2025-08-17T21:46:09.193+0000] {processor.py:186} INFO - Started process (PID=790) to work on /home/airflow/.local/lib/python3.12/site-packages/airflow/example_dags/example_setup_teardown_taskflow.py
[2025-08-17T21:46:09.194+0000] {processor.py:914} INFO - Processing file /home/airflow/.local/lib/python3.12/site-packages/airflow/example_dags/example_setup_teardown_taskflow.py for tasks to queue
[2025-08-17T21:46:09.198+0000] {logging_mixin.py:190} INFO - [2025-08-17T21:46:09.197+0000] {dagbag.py:588} INFO - Filling up the DagBag from /home/airflow/.local/lib/python3.12/site-packages/airflow/example_dags/example_setup_teardown_taskflow.py
[2025-08-17T21:46:09.207+0000] {processor.py:925} INFO - DAG(s) 'example_setup_teardown_taskflow' retrieved from /home/airflow/.local/lib/python3.12/site-packages/airflow/example_dags/example_setup_teardown_taskflow.py
[2025-08-17T21:46:09.228+0000] {logging_mixin.py:190} INFO - [2025-08-17T21:46:09.228+0000] {dag.py:3239} INFO - Sync 1 DAGs
[2025-08-17T21:46:09.240+0000] {logging_mixin.py:190} INFO - [2025-08-17T21:46:09.240+0000] {dag.py:4180} INFO - Setting next_dagrun for example_setup_teardown_taskflow to None, run_after=None
[2025-08-17T21:46:09.271+0000] {processor.py:208} INFO - Processing /home/airflow/.local/lib/python3.12/site-packages/airflow/example_dags/example_setup_teardown_taskflow.py took 0.083 seconds
[2025-08-17T21:46:39.928+0000] {processor.py:186} INFO - Started process (PID=853) to work on /home/airflow/.local/lib/python3.12/site-packages/airflow/example_dags/example_setup_teardown_taskflow.py
[2025-08-17T21:46:39.930+0000] {processor.py:914} INFO - Processing file /home/airflow/.local/lib/python3.12/site-packages/airflow/example_dags/example_setup_teardown_taskflow.py for tasks to queue
[2025-08-17T21:46:39.932+0000] {logging_mixin.py:190} INFO - [2025-08-17T21:46:39.931+0000] {dagbag.py:588} INFO - Filling up the DagBag from /home/airflow/.local/lib/python3.12/site-packages/airflow/example_dags/example_setup_teardown_taskflow.py
[2025-08-17T21:46:39.941+0000] {processor.py:925} INFO - DAG(s) 'example_setup_teardown_taskflow' retrieved from /home/airflow/.local/lib/python3.12/site-packages/airflow/example_dags/example_setup_teardown_taskflow.py
[2025-08-17T21:46:39.964+0000] {logging_mixin.py:190} INFO - [2025-08-17T21:46:39.964+0000] {dag.py:3239} INFO - Sync 1 DAGs
[2025-08-17T21:46:39.976+0000] {logging_mixin.py:190} INFO - [2025-08-17T21:46:39.976+0000] {dag.py:4180} INFO - Setting next_dagrun for example_setup_teardown_taskflow to None, run_after=None
[2025-08-17T21:46:39.998+0000] {processor.py:208} INFO - Processing /home/airflow/.local/lib/python3.12/site-packages/airflow/example_dags/example_setup_teardown_taskflow.py took 0.076 seconds
[2025-08-17T21:47:10.693+0000] {processor.py:186} INFO - Started process (PID=916) to work on /home/airflow/.local/lib/python3.12/site-packages/airflow/example_dags/example_setup_teardown_taskflow.py
[2025-08-17T21:47:10.694+0000] {processor.py:914} INFO - Processing file /home/airflow/.local/lib/python3.12/site-packages/airflow/example_dags/example_setup_teardown_taskflow.py for tasks to queue
[2025-08-17T21:47:10.697+0000] {logging_mixin.py:190} INFO - [2025-08-17T21:47:10.697+0000] {dagbag.py:588} INFO - Filling up the DagBag from /home/airflow/.local/lib/python3.12/site-packages/airflow/example_dags/example_setup_teardown_taskflow.py
[2025-08-17T21:47:10.706+0000] {processor.py:925} INFO - DAG(s) 'example_setup_teardown_taskflow' retrieved from /home/airflow/.local/lib/python3.12/site-packages/airflow/example_dags/example_setup_teardown_taskflow.py
[2025-08-17T21:47:10.728+0000] {logging_mixin.py:190} INFO - [2025-08-17T21:47:10.728+0000] {dag.py:3239} INFO - Sync 1 DAGs
[2025-08-17T21:47:10.743+0000] {logging_mixin.py:190} INFO - [2025-08-17T21:47:10.742+0000] {dag.py:4180} INFO - Setting next_dagrun for example_setup_teardown_taskflow to None, run_after=None
[2025-08-17T21:47:10.766+0000] {processor.py:208} INFO - Processing /home/airflow/.local/lib/python3.12/site-packages/airflow/example_dags/example_setup_teardown_taskflow.py took 0.081 seconds
[2025-08-17T21:47:40.867+0000] {processor.py:186} INFO - Started process (PID=978) to work on /home/airflow/.local/lib/python3.12/site-packages/airflow/example_dags/example_setup_teardown_taskflow.py
[2025-08-17T21:47:40.868+0000] {processor.py:914} INFO - Processing file /home/airflow/.local/lib/python3.12/site-packages/airflow/example_dags/example_setup_teardown_taskflow.py for tasks to queue
[2025-08-17T21:47:40.870+0000] {logging_mixin.py:190} INFO - [2025-08-17T21:47:40.870+0000] {dagbag.py:588} INFO - Filling up the DagBag from /home/airflow/.local/lib/python3.12/site-packages/airflow/example_dags/example_setup_teardown_taskflow.py
[2025-08-17T21:47:40.880+0000] {processor.py:925} INFO - DAG(s) 'example_setup_teardown_taskflow' retrieved from /home/airflow/.local/lib/python3.12/site-packages/airflow/example_dags/example_setup_teardown_taskflow.py
[2025-08-17T21:47:40.899+0000] {logging_mixin.py:190} INFO - [2025-08-17T21:47:40.899+0000] {dag.py:3239} INFO - Sync 1 DAGs
[2025-08-17T21:47:40.910+0000] {logging_mixin.py:190} INFO - [2025-08-17T21:47:40.910+0000] {dag.py:4180} INFO - Setting next_dagrun for example_setup_teardown_taskflow to None, run_after=None
[2025-08-17T21:47:40.929+0000] {processor.py:208} INFO - Processing /home/airflow/.local/lib/python3.12/site-packages/airflow/example_dags/example_setup_teardown_taskflow.py took 0.067 seconds
