[2025-08-17T21:40:32.315+0000] {processor.py:186} INFO - Started process (PID=101) to work on /home/airflow/.local/lib/python3.12/site-packages/airflow/example_dags/example_dataset_alias_with_no_taskflow.py
[2025-08-17T21:40:32.316+0000] {processor.py:914} INFO - Processing file /home/airflow/.local/lib/python3.12/site-packages/airflow/example_dags/example_dataset_alias_with_no_taskflow.py for tasks to queue
[2025-08-17T21:40:32.319+0000] {logging_mixin.py:190} INFO - [2025-08-17T21:40:32.318+0000] {dagbag.py:588} INFO - Filling up the DagBag from /home/airflow/.local/lib/python3.12/site-packages/airflow/example_dags/example_dataset_alias_with_no_taskflow.py
[2025-08-17T21:40:32.839+0000] {processor.py:925} INFO - DAG(s) 'dataset_alias_example_alias_consumer_with_no_taskflow', 'dataset_alias_example_alias_producer_with_no_taskflow', 'dataset_s3_bucket_producer_with_no_taskflow', 'dataset_s3_bucket_consumer_with_no_taskflow' retrieved from /home/airflow/.local/lib/python3.12/site-packages/airflow/example_dags/example_dataset_alias_with_no_taskflow.py
[2025-08-17T21:40:32.913+0000] {logging_mixin.py:190} INFO - [2025-08-17T21:40:32.912+0000] {override.py:1930} INFO - Created Permission View: can read on DAG:dataset_alias_example_alias_consumer_with_no_taskflow
[2025-08-17T21:40:32.920+0000] {logging_mixin.py:190} INFO - [2025-08-17T21:40:32.920+0000] {override.py:1930} INFO - Created Permission View: can edit on DAG:dataset_alias_example_alias_consumer_with_no_taskflow
[2025-08-17T21:40:32.925+0000] {logging_mixin.py:190} INFO - [2025-08-17T21:40:32.925+0000] {override.py:1930} INFO - Created Permission View: can delete on DAG:dataset_alias_example_alias_consumer_with_no_taskflow
[2025-08-17T21:40:32.931+0000] {logging_mixin.py:190} INFO - [2025-08-17T21:40:32.931+0000] {override.py:1930} INFO - Created Permission View: can read on DAG Run:dataset_alias_example_alias_consumer_with_no_taskflow
[2025-08-17T21:40:32.936+0000] {logging_mixin.py:190} INFO - [2025-08-17T21:40:32.936+0000] {override.py:1930} INFO - Created Permission View: can create on DAG Run:dataset_alias_example_alias_consumer_with_no_taskflow
[2025-08-17T21:40:32.941+0000] {logging_mixin.py:190} INFO - [2025-08-17T21:40:32.941+0000] {override.py:1930} INFO - Created Permission View: can delete on DAG Run:dataset_alias_example_alias_consumer_with_no_taskflow
[2025-08-17T21:40:32.947+0000] {logging_mixin.py:190} INFO - [2025-08-17T21:40:32.946+0000] {override.py:1930} INFO - Created Permission View: menu access on DAG Run:dataset_alias_example_alias_consumer_with_no_taskflow
[2025-08-17T21:40:32.957+0000] {logging_mixin.py:190} INFO - [2025-08-17T21:40:32.957+0000] {override.py:1930} INFO - Created Permission View: can read on DAG:dataset_alias_example_alias_producer_with_no_taskflow
[2025-08-17T21:40:32.963+0000] {logging_mixin.py:190} INFO - [2025-08-17T21:40:32.963+0000] {override.py:1930} INFO - Created Permission View: can edit on DAG:dataset_alias_example_alias_producer_with_no_taskflow
[2025-08-17T21:40:32.967+0000] {logging_mixin.py:190} INFO - [2025-08-17T21:40:32.967+0000] {override.py:1930} INFO - Created Permission View: can delete on DAG:dataset_alias_example_alias_producer_with_no_taskflow
[2025-08-17T21:40:32.973+0000] {logging_mixin.py:190} INFO - [2025-08-17T21:40:32.973+0000] {override.py:1930} INFO - Created Permission View: can read on DAG Run:dataset_alias_example_alias_producer_with_no_taskflow
[2025-08-17T21:40:32.978+0000] {logging_mixin.py:190} INFO - [2025-08-17T21:40:32.978+0000] {override.py:1930} INFO - Created Permission View: can create on DAG Run:dataset_alias_example_alias_producer_with_no_taskflow
[2025-08-17T21:40:32.983+0000] {logging_mixin.py:190} INFO - [2025-08-17T21:40:32.983+0000] {override.py:1930} INFO - Created Permission View: can delete on DAG Run:dataset_alias_example_alias_producer_with_no_taskflow
[2025-08-17T21:40:32.988+0000] {logging_mixin.py:190} INFO - [2025-08-17T21:40:32.988+0000] {override.py:1930} INFO - Created Permission View: menu access on DAG Run:dataset_alias_example_alias_producer_with_no_taskflow
[2025-08-17T21:40:32.997+0000] {logging_mixin.py:190} INFO - [2025-08-17T21:40:32.997+0000] {override.py:1930} INFO - Created Permission View: can read on DAG:dataset_s3_bucket_producer_with_no_taskflow
[2025-08-17T21:40:33.002+0000] {logging_mixin.py:190} INFO - [2025-08-17T21:40:33.002+0000] {override.py:1930} INFO - Created Permission View: can edit on DAG:dataset_s3_bucket_producer_with_no_taskflow
[2025-08-17T21:40:33.007+0000] {logging_mixin.py:190} INFO - [2025-08-17T21:40:33.006+0000] {override.py:1930} INFO - Created Permission View: can delete on DAG:dataset_s3_bucket_producer_with_no_taskflow
[2025-08-17T21:40:33.013+0000] {logging_mixin.py:190} INFO - [2025-08-17T21:40:33.013+0000] {override.py:1930} INFO - Created Permission View: can read on DAG Run:dataset_s3_bucket_producer_with_no_taskflow
[2025-08-17T21:40:33.018+0000] {logging_mixin.py:190} INFO - [2025-08-17T21:40:33.018+0000] {override.py:1930} INFO - Created Permission View: can create on DAG Run:dataset_s3_bucket_producer_with_no_taskflow
[2025-08-17T21:40:33.022+0000] {logging_mixin.py:190} INFO - [2025-08-17T21:40:33.022+0000] {override.py:1930} INFO - Created Permission View: can delete on DAG Run:dataset_s3_bucket_producer_with_no_taskflow
[2025-08-17T21:40:33.027+0000] {logging_mixin.py:190} INFO - [2025-08-17T21:40:33.027+0000] {override.py:1930} INFO - Created Permission View: menu access on DAG Run:dataset_s3_bucket_producer_with_no_taskflow
[2025-08-17T21:40:33.036+0000] {logging_mixin.py:190} INFO - [2025-08-17T21:40:33.036+0000] {override.py:1930} INFO - Created Permission View: can read on DAG:dataset_s3_bucket_consumer_with_no_taskflow
[2025-08-17T21:40:33.041+0000] {logging_mixin.py:190} INFO - [2025-08-17T21:40:33.040+0000] {override.py:1930} INFO - Created Permission View: can edit on DAG:dataset_s3_bucket_consumer_with_no_taskflow
[2025-08-17T21:40:33.046+0000] {logging_mixin.py:190} INFO - [2025-08-17T21:40:33.045+0000] {override.py:1930} INFO - Created Permission View: can delete on DAG:dataset_s3_bucket_consumer_with_no_taskflow
[2025-08-17T21:40:33.051+0000] {logging_mixin.py:190} INFO - [2025-08-17T21:40:33.051+0000] {override.py:1930} INFO - Created Permission View: can read on DAG Run:dataset_s3_bucket_consumer_with_no_taskflow
[2025-08-17T21:40:33.055+0000] {logging_mixin.py:190} INFO - [2025-08-17T21:40:33.055+0000] {override.py:1930} INFO - Created Permission View: can create on DAG Run:dataset_s3_bucket_consumer_with_no_taskflow
[2025-08-17T21:40:33.060+0000] {logging_mixin.py:190} INFO - [2025-08-17T21:40:33.060+0000] {override.py:1930} INFO - Created Permission View: can delete on DAG Run:dataset_s3_bucket_consumer_with_no_taskflow
[2025-08-17T21:40:33.065+0000] {logging_mixin.py:190} INFO - [2025-08-17T21:40:33.065+0000] {override.py:1930} INFO - Created Permission View: menu access on DAG Run:dataset_s3_bucket_consumer_with_no_taskflow
[2025-08-17T21:40:33.066+0000] {logging_mixin.py:190} INFO - [2025-08-17T21:40:33.066+0000] {dag.py:3239} INFO - Sync 4 DAGs
[2025-08-17T21:40:33.075+0000] {logging_mixin.py:190} INFO - [2025-08-17T21:40:33.074+0000] {dag.py:3262} INFO - Creating ORM DAG for dataset_alias_example_alias_consumer_with_no_taskflow
[2025-08-17T21:40:33.075+0000] {logging_mixin.py:190} INFO - [2025-08-17T21:40:33.075+0000] {dag.py:3262} INFO - Creating ORM DAG for dataset_s3_bucket_consumer_with_no_taskflow
[2025-08-17T21:40:33.076+0000] {logging_mixin.py:190} INFO - [2025-08-17T21:40:33.076+0000] {dag.py:3262} INFO - Creating ORM DAG for dataset_s3_bucket_producer_with_no_taskflow
[2025-08-17T21:40:33.076+0000] {logging_mixin.py:190} INFO - [2025-08-17T21:40:33.076+0000] {dag.py:3262} INFO - Creating ORM DAG for dataset_alias_example_alias_producer_with_no_taskflow
[2025-08-17T21:40:33.083+0000] {logging_mixin.py:190} INFO - [2025-08-17T21:40:33.083+0000] {dag.py:4180} INFO - Setting next_dagrun for dataset_alias_example_alias_consumer_with_no_taskflow to None, run_after=None
[2025-08-17T21:40:33.084+0000] {logging_mixin.py:190} INFO - [2025-08-17T21:40:33.084+0000] {dag.py:4180} INFO - Setting next_dagrun for dataset_alias_example_alias_producer_with_no_taskflow to None, run_after=None
[2025-08-17T21:40:33.085+0000] {logging_mixin.py:190} INFO - [2025-08-17T21:40:33.084+0000] {dag.py:4180} INFO - Setting next_dagrun for dataset_s3_bucket_consumer_with_no_taskflow to None, run_after=None
[2025-08-17T21:40:33.085+0000] {logging_mixin.py:190} INFO - [2025-08-17T21:40:33.085+0000] {dag.py:4180} INFO - Setting next_dagrun for dataset_s3_bucket_producer_with_no_taskflow to None, run_after=None
[2025-08-17T21:40:33.107+0000] {processor.py:208} INFO - Processing /home/airflow/.local/lib/python3.12/site-packages/airflow/example_dags/example_dataset_alias_with_no_taskflow.py took 0.797 seconds
[2025-08-17T21:41:04.062+0000] {processor.py:186} INFO - Started process (PID=166) to work on /home/airflow/.local/lib/python3.12/site-packages/airflow/example_dags/example_dataset_alias_with_no_taskflow.py
[2025-08-17T21:41:04.063+0000] {processor.py:914} INFO - Processing file /home/airflow/.local/lib/python3.12/site-packages/airflow/example_dags/example_dataset_alias_with_no_taskflow.py for tasks to queue
[2025-08-17T21:41:04.066+0000] {logging_mixin.py:190} INFO - [2025-08-17T21:41:04.065+0000] {dagbag.py:588} INFO - Filling up the DagBag from /home/airflow/.local/lib/python3.12/site-packages/airflow/example_dags/example_dataset_alias_with_no_taskflow.py
[2025-08-17T21:41:04.641+0000] {processor.py:925} INFO - DAG(s) 'dataset_alias_example_alias_consumer_with_no_taskflow', 'dataset_s3_bucket_consumer_with_no_taskflow', 'dataset_s3_bucket_producer_with_no_taskflow', 'dataset_alias_example_alias_producer_with_no_taskflow' retrieved from /home/airflow/.local/lib/python3.12/site-packages/airflow/example_dags/example_dataset_alias_with_no_taskflow.py
[2025-08-17T21:41:04.658+0000] {logging_mixin.py:190} INFO - [2025-08-17T21:41:04.657+0000] {dag.py:3239} INFO - Sync 4 DAGs
[2025-08-17T21:41:04.676+0000] {logging_mixin.py:190} INFO - [2025-08-17T21:41:04.676+0000] {dag.py:4180} INFO - Setting next_dagrun for dataset_alias_example_alias_consumer_with_no_taskflow to None, run_after=None
[2025-08-17T21:41:04.678+0000] {logging_mixin.py:190} INFO - [2025-08-17T21:41:04.678+0000] {dag.py:4180} INFO - Setting next_dagrun for dataset_alias_example_alias_producer_with_no_taskflow to None, run_after=None
[2025-08-17T21:41:04.680+0000] {logging_mixin.py:190} INFO - [2025-08-17T21:41:04.680+0000] {dag.py:4180} INFO - Setting next_dagrun for dataset_s3_bucket_consumer_with_no_taskflow to None, run_after=None
[2025-08-17T21:41:04.683+0000] {logging_mixin.py:190} INFO - [2025-08-17T21:41:04.683+0000] {dag.py:4180} INFO - Setting next_dagrun for dataset_s3_bucket_producer_with_no_taskflow to None, run_after=None
[2025-08-17T21:41:04.700+0000] {processor.py:208} INFO - Processing /home/airflow/.local/lib/python3.12/site-packages/airflow/example_dags/example_dataset_alias_with_no_taskflow.py took 0.642 seconds
[2025-08-17T21:41:34.875+0000] {processor.py:186} INFO - Started process (PID=234) to work on /home/airflow/.local/lib/python3.12/site-packages/airflow/example_dags/example_dataset_alias_with_no_taskflow.py
[2025-08-17T21:41:34.876+0000] {processor.py:914} INFO - Processing file /home/airflow/.local/lib/python3.12/site-packages/airflow/example_dags/example_dataset_alias_with_no_taskflow.py for tasks to queue
[2025-08-17T21:41:34.878+0000] {logging_mixin.py:190} INFO - [2025-08-17T21:41:34.877+0000] {dagbag.py:588} INFO - Filling up the DagBag from /home/airflow/.local/lib/python3.12/site-packages/airflow/example_dags/example_dataset_alias_with_no_taskflow.py
[2025-08-17T21:41:35.382+0000] {processor.py:925} INFO - DAG(s) 'dataset_alias_example_alias_producer_with_no_taskflow', 'dataset_s3_bucket_consumer_with_no_taskflow', 'dataset_alias_example_alias_consumer_with_no_taskflow', 'dataset_s3_bucket_producer_with_no_taskflow' retrieved from /home/airflow/.local/lib/python3.12/site-packages/airflow/example_dags/example_dataset_alias_with_no_taskflow.py
[2025-08-17T21:41:35.395+0000] {logging_mixin.py:190} INFO - [2025-08-17T21:41:35.394+0000] {dag.py:3239} INFO - Sync 4 DAGs
[2025-08-17T21:41:35.411+0000] {logging_mixin.py:190} INFO - [2025-08-17T21:41:35.410+0000] {dag.py:4180} INFO - Setting next_dagrun for dataset_alias_example_alias_consumer_with_no_taskflow to None, run_after=None
[2025-08-17T21:41:35.413+0000] {logging_mixin.py:190} INFO - [2025-08-17T21:41:35.413+0000] {dag.py:4180} INFO - Setting next_dagrun for dataset_alias_example_alias_producer_with_no_taskflow to None, run_after=None
[2025-08-17T21:41:35.414+0000] {logging_mixin.py:190} INFO - [2025-08-17T21:41:35.414+0000] {dag.py:4180} INFO - Setting next_dagrun for dataset_s3_bucket_consumer_with_no_taskflow to None, run_after=None
[2025-08-17T21:41:35.415+0000] {logging_mixin.py:190} INFO - [2025-08-17T21:41:35.415+0000] {dag.py:4180} INFO - Setting next_dagrun for dataset_s3_bucket_producer_with_no_taskflow to None, run_after=None
[2025-08-17T21:41:35.428+0000] {processor.py:208} INFO - Processing /home/airflow/.local/lib/python3.12/site-packages/airflow/example_dags/example_dataset_alias_with_no_taskflow.py took 0.559 seconds
[2025-08-17T21:42:05.617+0000] {processor.py:186} INFO - Started process (PID=299) to work on /home/airflow/.local/lib/python3.12/site-packages/airflow/example_dags/example_dataset_alias_with_no_taskflow.py
[2025-08-17T21:42:05.618+0000] {processor.py:914} INFO - Processing file /home/airflow/.local/lib/python3.12/site-packages/airflow/example_dags/example_dataset_alias_with_no_taskflow.py for tasks to queue
[2025-08-17T21:42:05.620+0000] {logging_mixin.py:190} INFO - [2025-08-17T21:42:05.620+0000] {dagbag.py:588} INFO - Filling up the DagBag from /home/airflow/.local/lib/python3.12/site-packages/airflow/example_dags/example_dataset_alias_with_no_taskflow.py
[2025-08-17T21:42:06.206+0000] {processor.py:925} INFO - DAG(s) 'dataset_alias_example_alias_producer_with_no_taskflow', 'dataset_alias_example_alias_consumer_with_no_taskflow', 'dataset_s3_bucket_producer_with_no_taskflow', 'dataset_s3_bucket_consumer_with_no_taskflow' retrieved from /home/airflow/.local/lib/python3.12/site-packages/airflow/example_dags/example_dataset_alias_with_no_taskflow.py
[2025-08-17T21:42:06.226+0000] {logging_mixin.py:190} INFO - [2025-08-17T21:42:06.225+0000] {dag.py:3239} INFO - Sync 4 DAGs
[2025-08-17T21:42:06.244+0000] {logging_mixin.py:190} INFO - [2025-08-17T21:42:06.243+0000] {dag.py:4180} INFO - Setting next_dagrun for dataset_alias_example_alias_consumer_with_no_taskflow to None, run_after=None
[2025-08-17T21:42:06.247+0000] {logging_mixin.py:190} INFO - [2025-08-17T21:42:06.246+0000] {dag.py:4180} INFO - Setting next_dagrun for dataset_alias_example_alias_producer_with_no_taskflow to None, run_after=None
[2025-08-17T21:42:06.248+0000] {logging_mixin.py:190} INFO - [2025-08-17T21:42:06.248+0000] {dag.py:4180} INFO - Setting next_dagrun for dataset_s3_bucket_consumer_with_no_taskflow to None, run_after=None
[2025-08-17T21:42:06.249+0000] {logging_mixin.py:190} INFO - [2025-08-17T21:42:06.249+0000] {dag.py:4180} INFO - Setting next_dagrun for dataset_s3_bucket_producer_with_no_taskflow to None, run_after=None
[2025-08-17T21:42:06.267+0000] {processor.py:208} INFO - Processing /home/airflow/.local/lib/python3.12/site-packages/airflow/example_dags/example_dataset_alias_with_no_taskflow.py took 0.655 seconds
[2025-08-17T21:42:37.142+0000] {processor.py:186} INFO - Started process (PID=367) to work on /home/airflow/.local/lib/python3.12/site-packages/airflow/example_dags/example_dataset_alias_with_no_taskflow.py
[2025-08-17T21:42:37.144+0000] {processor.py:914} INFO - Processing file /home/airflow/.local/lib/python3.12/site-packages/airflow/example_dags/example_dataset_alias_with_no_taskflow.py for tasks to queue
[2025-08-17T21:42:37.146+0000] {logging_mixin.py:190} INFO - [2025-08-17T21:42:37.146+0000] {dagbag.py:588} INFO - Filling up the DagBag from /home/airflow/.local/lib/python3.12/site-packages/airflow/example_dags/example_dataset_alias_with_no_taskflow.py
[2025-08-17T21:42:37.775+0000] {processor.py:925} INFO - DAG(s) 'dataset_alias_example_alias_producer_with_no_taskflow', 'dataset_s3_bucket_consumer_with_no_taskflow', 'dataset_s3_bucket_producer_with_no_taskflow', 'dataset_alias_example_alias_consumer_with_no_taskflow' retrieved from /home/airflow/.local/lib/python3.12/site-packages/airflow/example_dags/example_dataset_alias_with_no_taskflow.py
[2025-08-17T21:42:37.791+0000] {logging_mixin.py:190} INFO - [2025-08-17T21:42:37.791+0000] {dag.py:3239} INFO - Sync 4 DAGs
[2025-08-17T21:42:37.811+0000] {logging_mixin.py:190} INFO - [2025-08-17T21:42:37.811+0000] {dag.py:4180} INFO - Setting next_dagrun for dataset_alias_example_alias_consumer_with_no_taskflow to None, run_after=None
[2025-08-17T21:42:37.814+0000] {logging_mixin.py:190} INFO - [2025-08-17T21:42:37.813+0000] {dag.py:4180} INFO - Setting next_dagrun for dataset_alias_example_alias_producer_with_no_taskflow to None, run_after=None
[2025-08-17T21:42:37.815+0000] {logging_mixin.py:190} INFO - [2025-08-17T21:42:37.815+0000] {dag.py:4180} INFO - Setting next_dagrun for dataset_s3_bucket_consumer_with_no_taskflow to None, run_after=None
[2025-08-17T21:42:37.816+0000] {logging_mixin.py:190} INFO - [2025-08-17T21:42:37.815+0000] {dag.py:4180} INFO - Setting next_dagrun for dataset_s3_bucket_producer_with_no_taskflow to None, run_after=None
[2025-08-17T21:42:37.846+0000] {processor.py:208} INFO - Processing /home/airflow/.local/lib/python3.12/site-packages/airflow/example_dags/example_dataset_alias_with_no_taskflow.py took 0.710 seconds
[2025-08-17T21:43:08.389+0000] {processor.py:186} INFO - Started process (PID=430) to work on /home/airflow/.local/lib/python3.12/site-packages/airflow/example_dags/example_dataset_alias_with_no_taskflow.py
[2025-08-17T21:43:08.390+0000] {processor.py:914} INFO - Processing file /home/airflow/.local/lib/python3.12/site-packages/airflow/example_dags/example_dataset_alias_with_no_taskflow.py for tasks to queue
[2025-08-17T21:43:08.393+0000] {logging_mixin.py:190} INFO - [2025-08-17T21:43:08.393+0000] {dagbag.py:588} INFO - Filling up the DagBag from /home/airflow/.local/lib/python3.12/site-packages/airflow/example_dags/example_dataset_alias_with_no_taskflow.py
[2025-08-17T21:43:08.937+0000] {processor.py:925} INFO - DAG(s) 'dataset_s3_bucket_consumer_with_no_taskflow', 'dataset_alias_example_alias_consumer_with_no_taskflow', 'dataset_s3_bucket_producer_with_no_taskflow', 'dataset_alias_example_alias_producer_with_no_taskflow' retrieved from /home/airflow/.local/lib/python3.12/site-packages/airflow/example_dags/example_dataset_alias_with_no_taskflow.py
[2025-08-17T21:43:08.955+0000] {logging_mixin.py:190} INFO - [2025-08-17T21:43:08.955+0000] {dag.py:3239} INFO - Sync 4 DAGs
[2025-08-17T21:43:08.972+0000] {logging_mixin.py:190} INFO - [2025-08-17T21:43:08.972+0000] {dag.py:4180} INFO - Setting next_dagrun for dataset_alias_example_alias_consumer_with_no_taskflow to None, run_after=None
[2025-08-17T21:43:08.974+0000] {logging_mixin.py:190} INFO - [2025-08-17T21:43:08.974+0000] {dag.py:4180} INFO - Setting next_dagrun for dataset_alias_example_alias_producer_with_no_taskflow to None, run_after=None
[2025-08-17T21:43:08.977+0000] {logging_mixin.py:190} INFO - [2025-08-17T21:43:08.976+0000] {dag.py:4180} INFO - Setting next_dagrun for dataset_s3_bucket_consumer_with_no_taskflow to None, run_after=None
[2025-08-17T21:43:08.978+0000] {logging_mixin.py:190} INFO - [2025-08-17T21:43:08.978+0000] {dag.py:4180} INFO - Setting next_dagrun for dataset_s3_bucket_producer_with_no_taskflow to None, run_after=None
[2025-08-17T21:43:08.995+0000] {processor.py:208} INFO - Processing /home/airflow/.local/lib/python3.12/site-packages/airflow/example_dags/example_dataset_alias_with_no_taskflow.py took 0.611 seconds
[2025-08-17T21:43:39.538+0000] {processor.py:186} INFO - Started process (PID=493) to work on /home/airflow/.local/lib/python3.12/site-packages/airflow/example_dags/example_dataset_alias_with_no_taskflow.py
[2025-08-17T21:43:39.539+0000] {processor.py:914} INFO - Processing file /home/airflow/.local/lib/python3.12/site-packages/airflow/example_dags/example_dataset_alias_with_no_taskflow.py for tasks to queue
[2025-08-17T21:43:39.542+0000] {logging_mixin.py:190} INFO - [2025-08-17T21:43:39.542+0000] {dagbag.py:588} INFO - Filling up the DagBag from /home/airflow/.local/lib/python3.12/site-packages/airflow/example_dags/example_dataset_alias_with_no_taskflow.py
[2025-08-17T21:43:40.156+0000] {processor.py:925} INFO - DAG(s) 'dataset_s3_bucket_consumer_with_no_taskflow', 'dataset_s3_bucket_producer_with_no_taskflow', 'dataset_alias_example_alias_consumer_with_no_taskflow', 'dataset_alias_example_alias_producer_with_no_taskflow' retrieved from /home/airflow/.local/lib/python3.12/site-packages/airflow/example_dags/example_dataset_alias_with_no_taskflow.py
[2025-08-17T21:43:40.175+0000] {logging_mixin.py:190} INFO - [2025-08-17T21:43:40.174+0000] {dag.py:3239} INFO - Sync 4 DAGs
[2025-08-17T21:43:40.196+0000] {logging_mixin.py:190} INFO - [2025-08-17T21:43:40.196+0000] {dag.py:4180} INFO - Setting next_dagrun for dataset_alias_example_alias_consumer_with_no_taskflow to None, run_after=None
[2025-08-17T21:43:40.198+0000] {logging_mixin.py:190} INFO - [2025-08-17T21:43:40.198+0000] {dag.py:4180} INFO - Setting next_dagrun for dataset_alias_example_alias_producer_with_no_taskflow to None, run_after=None
[2025-08-17T21:43:40.200+0000] {logging_mixin.py:190} INFO - [2025-08-17T21:43:40.200+0000] {dag.py:4180} INFO - Setting next_dagrun for dataset_s3_bucket_consumer_with_no_taskflow to None, run_after=None
[2025-08-17T21:43:40.201+0000] {logging_mixin.py:190} INFO - [2025-08-17T21:43:40.200+0000] {dag.py:4180} INFO - Setting next_dagrun for dataset_s3_bucket_producer_with_no_taskflow to None, run_after=None
[2025-08-17T21:43:40.224+0000] {processor.py:208} INFO - Processing /home/airflow/.local/lib/python3.12/site-packages/airflow/example_dags/example_dataset_alias_with_no_taskflow.py took 0.692 seconds
[2025-08-17T21:44:10.355+0000] {processor.py:186} INFO - Started process (PID=556) to work on /home/airflow/.local/lib/python3.12/site-packages/airflow/example_dags/example_dataset_alias_with_no_taskflow.py
[2025-08-17T21:44:10.357+0000] {processor.py:914} INFO - Processing file /home/airflow/.local/lib/python3.12/site-packages/airflow/example_dags/example_dataset_alias_with_no_taskflow.py for tasks to queue
[2025-08-17T21:44:10.360+0000] {logging_mixin.py:190} INFO - [2025-08-17T21:44:10.360+0000] {dagbag.py:588} INFO - Filling up the DagBag from /home/airflow/.local/lib/python3.12/site-packages/airflow/example_dags/example_dataset_alias_with_no_taskflow.py
[2025-08-17T21:44:10.930+0000] {processor.py:925} INFO - DAG(s) 'dataset_s3_bucket_producer_with_no_taskflow', 'dataset_s3_bucket_consumer_with_no_taskflow', 'dataset_alias_example_alias_consumer_with_no_taskflow', 'dataset_alias_example_alias_producer_with_no_taskflow' retrieved from /home/airflow/.local/lib/python3.12/site-packages/airflow/example_dags/example_dataset_alias_with_no_taskflow.py
[2025-08-17T21:44:10.946+0000] {logging_mixin.py:190} INFO - [2025-08-17T21:44:10.945+0000] {dag.py:3239} INFO - Sync 4 DAGs
[2025-08-17T21:44:10.965+0000] {logging_mixin.py:190} INFO - [2025-08-17T21:44:10.965+0000] {dag.py:4180} INFO - Setting next_dagrun for dataset_alias_example_alias_consumer_with_no_taskflow to None, run_after=None
[2025-08-17T21:44:10.967+0000] {logging_mixin.py:190} INFO - [2025-08-17T21:44:10.967+0000] {dag.py:4180} INFO - Setting next_dagrun for dataset_alias_example_alias_producer_with_no_taskflow to None, run_after=None
[2025-08-17T21:44:10.968+0000] {logging_mixin.py:190} INFO - [2025-08-17T21:44:10.968+0000] {dag.py:4180} INFO - Setting next_dagrun for dataset_s3_bucket_consumer_with_no_taskflow to None, run_after=None
[2025-08-17T21:44:10.969+0000] {logging_mixin.py:190} INFO - [2025-08-17T21:44:10.969+0000] {dag.py:4180} INFO - Setting next_dagrun for dataset_s3_bucket_producer_with_no_taskflow to None, run_after=None
[2025-08-17T21:44:10.985+0000] {processor.py:208} INFO - Processing /home/airflow/.local/lib/python3.12/site-packages/airflow/example_dags/example_dataset_alias_with_no_taskflow.py took 0.636 seconds
[2025-08-17T21:44:41.888+0000] {processor.py:186} INFO - Started process (PID=619) to work on /home/airflow/.local/lib/python3.12/site-packages/airflow/example_dags/example_dataset_alias_with_no_taskflow.py
[2025-08-17T21:44:41.889+0000] {processor.py:914} INFO - Processing file /home/airflow/.local/lib/python3.12/site-packages/airflow/example_dags/example_dataset_alias_with_no_taskflow.py for tasks to queue
[2025-08-17T21:44:41.891+0000] {logging_mixin.py:190} INFO - [2025-08-17T21:44:41.891+0000] {dagbag.py:588} INFO - Filling up the DagBag from /home/airflow/.local/lib/python3.12/site-packages/airflow/example_dags/example_dataset_alias_with_no_taskflow.py
[2025-08-17T21:44:42.476+0000] {processor.py:925} INFO - DAG(s) 'dataset_alias_example_alias_producer_with_no_taskflow', 'dataset_alias_example_alias_consumer_with_no_taskflow', 'dataset_s3_bucket_producer_with_no_taskflow', 'dataset_s3_bucket_consumer_with_no_taskflow' retrieved from /home/airflow/.local/lib/python3.12/site-packages/airflow/example_dags/example_dataset_alias_with_no_taskflow.py
[2025-08-17T21:44:42.492+0000] {logging_mixin.py:190} INFO - [2025-08-17T21:44:42.491+0000] {dag.py:3239} INFO - Sync 4 DAGs
[2025-08-17T21:44:42.509+0000] {logging_mixin.py:190} INFO - [2025-08-17T21:44:42.508+0000] {dag.py:4180} INFO - Setting next_dagrun for dataset_alias_example_alias_consumer_with_no_taskflow to None, run_after=None
[2025-08-17T21:44:42.512+0000] {logging_mixin.py:190} INFO - [2025-08-17T21:44:42.512+0000] {dag.py:4180} INFO - Setting next_dagrun for dataset_alias_example_alias_producer_with_no_taskflow to None, run_after=None
[2025-08-17T21:44:42.513+0000] {logging_mixin.py:190} INFO - [2025-08-17T21:44:42.513+0000] {dag.py:4180} INFO - Setting next_dagrun for dataset_s3_bucket_consumer_with_no_taskflow to None, run_after=None
[2025-08-17T21:44:42.514+0000] {logging_mixin.py:190} INFO - [2025-08-17T21:44:42.514+0000] {dag.py:4180} INFO - Setting next_dagrun for dataset_s3_bucket_producer_with_no_taskflow to None, run_after=None
[2025-08-17T21:44:42.530+0000] {processor.py:208} INFO - Processing /home/airflow/.local/lib/python3.12/site-packages/airflow/example_dags/example_dataset_alias_with_no_taskflow.py took 0.650 seconds
[2025-08-17T21:45:12.604+0000] {processor.py:186} INFO - Started process (PID=683) to work on /home/airflow/.local/lib/python3.12/site-packages/airflow/example_dags/example_dataset_alias_with_no_taskflow.py
[2025-08-17T21:45:12.605+0000] {processor.py:914} INFO - Processing file /home/airflow/.local/lib/python3.12/site-packages/airflow/example_dags/example_dataset_alias_with_no_taskflow.py for tasks to queue
[2025-08-17T21:45:12.607+0000] {logging_mixin.py:190} INFO - [2025-08-17T21:45:12.607+0000] {dagbag.py:588} INFO - Filling up the DagBag from /home/airflow/.local/lib/python3.12/site-packages/airflow/example_dags/example_dataset_alias_with_no_taskflow.py
[2025-08-17T21:45:13.152+0000] {processor.py:925} INFO - DAG(s) 'dataset_s3_bucket_consumer_with_no_taskflow', 'dataset_alias_example_alias_consumer_with_no_taskflow', 'dataset_alias_example_alias_producer_with_no_taskflow', 'dataset_s3_bucket_producer_with_no_taskflow' retrieved from /home/airflow/.local/lib/python3.12/site-packages/airflow/example_dags/example_dataset_alias_with_no_taskflow.py
[2025-08-17T21:45:13.167+0000] {logging_mixin.py:190} INFO - [2025-08-17T21:45:13.167+0000] {dag.py:3239} INFO - Sync 4 DAGs
[2025-08-17T21:45:13.185+0000] {logging_mixin.py:190} INFO - [2025-08-17T21:45:13.185+0000] {dag.py:4180} INFO - Setting next_dagrun for dataset_alias_example_alias_consumer_with_no_taskflow to None, run_after=None
[2025-08-17T21:45:13.189+0000] {logging_mixin.py:190} INFO - [2025-08-17T21:45:13.188+0000] {dag.py:4180} INFO - Setting next_dagrun for dataset_alias_example_alias_producer_with_no_taskflow to None, run_after=None
[2025-08-17T21:45:13.190+0000] {logging_mixin.py:190} INFO - [2025-08-17T21:45:13.190+0000] {dag.py:4180} INFO - Setting next_dagrun for dataset_s3_bucket_consumer_with_no_taskflow to None, run_after=None
[2025-08-17T21:45:13.191+0000] {logging_mixin.py:190} INFO - [2025-08-17T21:45:13.191+0000] {dag.py:4180} INFO - Setting next_dagrun for dataset_s3_bucket_producer_with_no_taskflow to None, run_after=None
[2025-08-17T21:45:13.223+0000] {processor.py:208} INFO - Processing /home/airflow/.local/lib/python3.12/site-packages/airflow/example_dags/example_dataset_alias_with_no_taskflow.py took 0.625 seconds
[2025-08-17T21:45:43.764+0000] {processor.py:186} INFO - Started process (PID=746) to work on /home/airflow/.local/lib/python3.12/site-packages/airflow/example_dags/example_dataset_alias_with_no_taskflow.py
[2025-08-17T21:45:43.765+0000] {processor.py:914} INFO - Processing file /home/airflow/.local/lib/python3.12/site-packages/airflow/example_dags/example_dataset_alias_with_no_taskflow.py for tasks to queue
[2025-08-17T21:45:43.768+0000] {logging_mixin.py:190} INFO - [2025-08-17T21:45:43.768+0000] {dagbag.py:588} INFO - Filling up the DagBag from /home/airflow/.local/lib/python3.12/site-packages/airflow/example_dags/example_dataset_alias_with_no_taskflow.py
[2025-08-17T21:45:44.333+0000] {processor.py:925} INFO - DAG(s) 'dataset_alias_example_alias_consumer_with_no_taskflow', 'dataset_s3_bucket_producer_with_no_taskflow', 'dataset_alias_example_alias_producer_with_no_taskflow', 'dataset_s3_bucket_consumer_with_no_taskflow' retrieved from /home/airflow/.local/lib/python3.12/site-packages/airflow/example_dags/example_dataset_alias_with_no_taskflow.py
[2025-08-17T21:45:44.349+0000] {logging_mixin.py:190} INFO - [2025-08-17T21:45:44.348+0000] {dag.py:3239} INFO - Sync 4 DAGs
[2025-08-17T21:45:44.366+0000] {logging_mixin.py:190} INFO - [2025-08-17T21:45:44.366+0000] {dag.py:4180} INFO - Setting next_dagrun for dataset_alias_example_alias_consumer_with_no_taskflow to None, run_after=None
[2025-08-17T21:45:44.368+0000] {logging_mixin.py:190} INFO - [2025-08-17T21:45:44.368+0000] {dag.py:4180} INFO - Setting next_dagrun for dataset_alias_example_alias_producer_with_no_taskflow to None, run_after=None
[2025-08-17T21:45:44.369+0000] {logging_mixin.py:190} INFO - [2025-08-17T21:45:44.369+0000] {dag.py:4180} INFO - Setting next_dagrun for dataset_s3_bucket_consumer_with_no_taskflow to None, run_after=None
[2025-08-17T21:45:44.371+0000] {logging_mixin.py:190} INFO - [2025-08-17T21:45:44.371+0000] {dag.py:4180} INFO - Setting next_dagrun for dataset_s3_bucket_producer_with_no_taskflow to None, run_after=None
[2025-08-17T21:45:44.394+0000] {processor.py:208} INFO - Processing /home/airflow/.local/lib/python3.12/site-packages/airflow/example_dags/example_dataset_alias_with_no_taskflow.py took 0.636 seconds
[2025-08-17T21:46:14.698+0000] {processor.py:186} INFO - Started process (PID=811) to work on /home/airflow/.local/lib/python3.12/site-packages/airflow/example_dags/example_dataset_alias_with_no_taskflow.py
[2025-08-17T21:46:14.699+0000] {processor.py:914} INFO - Processing file /home/airflow/.local/lib/python3.12/site-packages/airflow/example_dags/example_dataset_alias_with_no_taskflow.py for tasks to queue
[2025-08-17T21:46:14.702+0000] {logging_mixin.py:190} INFO - [2025-08-17T21:46:14.701+0000] {dagbag.py:588} INFO - Filling up the DagBag from /home/airflow/.local/lib/python3.12/site-packages/airflow/example_dags/example_dataset_alias_with_no_taskflow.py
[2025-08-17T21:46:15.253+0000] {processor.py:925} INFO - DAG(s) 'dataset_alias_example_alias_producer_with_no_taskflow', 'dataset_s3_bucket_consumer_with_no_taskflow', 'dataset_s3_bucket_producer_with_no_taskflow', 'dataset_alias_example_alias_consumer_with_no_taskflow' retrieved from /home/airflow/.local/lib/python3.12/site-packages/airflow/example_dags/example_dataset_alias_with_no_taskflow.py
[2025-08-17T21:46:15.270+0000] {logging_mixin.py:190} INFO - [2025-08-17T21:46:15.270+0000] {dag.py:3239} INFO - Sync 4 DAGs
[2025-08-17T21:46:15.288+0000] {logging_mixin.py:190} INFO - [2025-08-17T21:46:15.287+0000] {dag.py:4180} INFO - Setting next_dagrun for dataset_alias_example_alias_consumer_with_no_taskflow to None, run_after=None
[2025-08-17T21:46:15.290+0000] {logging_mixin.py:190} INFO - [2025-08-17T21:46:15.290+0000] {dag.py:4180} INFO - Setting next_dagrun for dataset_alias_example_alias_producer_with_no_taskflow to None, run_after=None
[2025-08-17T21:46:15.291+0000] {logging_mixin.py:190} INFO - [2025-08-17T21:46:15.291+0000] {dag.py:4180} INFO - Setting next_dagrun for dataset_s3_bucket_consumer_with_no_taskflow to None, run_after=None
[2025-08-17T21:46:15.292+0000] {logging_mixin.py:190} INFO - [2025-08-17T21:46:15.292+0000] {dag.py:4180} INFO - Setting next_dagrun for dataset_s3_bucket_producer_with_no_taskflow to None, run_after=None
[2025-08-17T21:46:15.307+0000] {processor.py:208} INFO - Processing /home/airflow/.local/lib/python3.12/site-packages/airflow/example_dags/example_dataset_alias_with_no_taskflow.py took 0.614 seconds
[2025-08-17T21:46:45.876+0000] {processor.py:186} INFO - Started process (PID=874) to work on /home/airflow/.local/lib/python3.12/site-packages/airflow/example_dags/example_dataset_alias_with_no_taskflow.py
[2025-08-17T21:46:45.877+0000] {processor.py:914} INFO - Processing file /home/airflow/.local/lib/python3.12/site-packages/airflow/example_dags/example_dataset_alias_with_no_taskflow.py for tasks to queue
[2025-08-17T21:46:45.881+0000] {logging_mixin.py:190} INFO - [2025-08-17T21:46:45.881+0000] {dagbag.py:588} INFO - Filling up the DagBag from /home/airflow/.local/lib/python3.12/site-packages/airflow/example_dags/example_dataset_alias_with_no_taskflow.py
[2025-08-17T21:46:46.419+0000] {processor.py:925} INFO - DAG(s) 'dataset_s3_bucket_producer_with_no_taskflow', 'dataset_alias_example_alias_consumer_with_no_taskflow', 'dataset_alias_example_alias_producer_with_no_taskflow', 'dataset_s3_bucket_consumer_with_no_taskflow' retrieved from /home/airflow/.local/lib/python3.12/site-packages/airflow/example_dags/example_dataset_alias_with_no_taskflow.py
[2025-08-17T21:46:46.435+0000] {logging_mixin.py:190} INFO - [2025-08-17T21:46:46.434+0000] {dag.py:3239} INFO - Sync 4 DAGs
[2025-08-17T21:46:46.459+0000] {logging_mixin.py:190} INFO - [2025-08-17T21:46:46.459+0000] {dag.py:4180} INFO - Setting next_dagrun for dataset_alias_example_alias_consumer_with_no_taskflow to None, run_after=None
[2025-08-17T21:46:46.462+0000] {logging_mixin.py:190} INFO - [2025-08-17T21:46:46.461+0000] {dag.py:4180} INFO - Setting next_dagrun for dataset_alias_example_alias_producer_with_no_taskflow to None, run_after=None
[2025-08-17T21:46:46.463+0000] {logging_mixin.py:190} INFO - [2025-08-17T21:46:46.463+0000] {dag.py:4180} INFO - Setting next_dagrun for dataset_s3_bucket_consumer_with_no_taskflow to None, run_after=None
[2025-08-17T21:46:46.465+0000] {logging_mixin.py:190} INFO - [2025-08-17T21:46:46.465+0000] {dag.py:4180} INFO - Setting next_dagrun for dataset_s3_bucket_producer_with_no_taskflow to None, run_after=None
[2025-08-17T21:46:46.484+0000] {processor.py:208} INFO - Processing /home/airflow/.local/lib/python3.12/site-packages/airflow/example_dags/example_dataset_alias_with_no_taskflow.py took 0.613 seconds
[2025-08-17T21:47:16.542+0000] {processor.py:186} INFO - Started process (PID=936) to work on /home/airflow/.local/lib/python3.12/site-packages/airflow/example_dags/example_dataset_alias_with_no_taskflow.py
[2025-08-17T21:47:16.543+0000] {processor.py:914} INFO - Processing file /home/airflow/.local/lib/python3.12/site-packages/airflow/example_dags/example_dataset_alias_with_no_taskflow.py for tasks to queue
[2025-08-17T21:47:16.545+0000] {logging_mixin.py:190} INFO - [2025-08-17T21:47:16.545+0000] {dagbag.py:588} INFO - Filling up the DagBag from /home/airflow/.local/lib/python3.12/site-packages/airflow/example_dags/example_dataset_alias_with_no_taskflow.py
[2025-08-17T21:47:17.123+0000] {processor.py:925} INFO - DAG(s) 'dataset_alias_example_alias_producer_with_no_taskflow', 'dataset_s3_bucket_consumer_with_no_taskflow', 'dataset_s3_bucket_producer_with_no_taskflow', 'dataset_alias_example_alias_consumer_with_no_taskflow' retrieved from /home/airflow/.local/lib/python3.12/site-packages/airflow/example_dags/example_dataset_alias_with_no_taskflow.py
[2025-08-17T21:47:17.139+0000] {logging_mixin.py:190} INFO - [2025-08-17T21:47:17.139+0000] {dag.py:3239} INFO - Sync 4 DAGs
[2025-08-17T21:47:17.158+0000] {logging_mixin.py:190} INFO - [2025-08-17T21:47:17.157+0000] {dag.py:4180} INFO - Setting next_dagrun for dataset_alias_example_alias_consumer_with_no_taskflow to None, run_after=None
[2025-08-17T21:47:17.160+0000] {logging_mixin.py:190} INFO - [2025-08-17T21:47:17.159+0000] {dag.py:4180} INFO - Setting next_dagrun for dataset_alias_example_alias_producer_with_no_taskflow to None, run_after=None
[2025-08-17T21:47:17.161+0000] {logging_mixin.py:190} INFO - [2025-08-17T21:47:17.160+0000] {dag.py:4180} INFO - Setting next_dagrun for dataset_s3_bucket_consumer_with_no_taskflow to None, run_after=None
[2025-08-17T21:47:17.161+0000] {logging_mixin.py:190} INFO - [2025-08-17T21:47:17.161+0000] {dag.py:4180} INFO - Setting next_dagrun for dataset_s3_bucket_producer_with_no_taskflow to None, run_after=None
[2025-08-17T21:47:17.177+0000] {processor.py:208} INFO - Processing /home/airflow/.local/lib/python3.12/site-packages/airflow/example_dags/example_dataset_alias_with_no_taskflow.py took 0.640 seconds
[2025-08-17T21:47:47.813+0000] {processor.py:186} INFO - Started process (PID=999) to work on /home/airflow/.local/lib/python3.12/site-packages/airflow/example_dags/example_dataset_alias_with_no_taskflow.py
[2025-08-17T21:47:47.814+0000] {processor.py:914} INFO - Processing file /home/airflow/.local/lib/python3.12/site-packages/airflow/example_dags/example_dataset_alias_with_no_taskflow.py for tasks to queue
[2025-08-17T21:47:47.816+0000] {logging_mixin.py:190} INFO - [2025-08-17T21:47:47.816+0000] {dagbag.py:588} INFO - Filling up the DagBag from /home/airflow/.local/lib/python3.12/site-packages/airflow/example_dags/example_dataset_alias_with_no_taskflow.py
[2025-08-17T21:47:48.343+0000] {processor.py:925} INFO - DAG(s) 'dataset_alias_example_alias_producer_with_no_taskflow', 'dataset_s3_bucket_consumer_with_no_taskflow', 'dataset_alias_example_alias_consumer_with_no_taskflow', 'dataset_s3_bucket_producer_with_no_taskflow' retrieved from /home/airflow/.local/lib/python3.12/site-packages/airflow/example_dags/example_dataset_alias_with_no_taskflow.py
[2025-08-17T21:47:48.358+0000] {logging_mixin.py:190} INFO - [2025-08-17T21:47:48.358+0000] {dag.py:3239} INFO - Sync 4 DAGs
[2025-08-17T21:47:48.374+0000] {logging_mixin.py:190} INFO - [2025-08-17T21:47:48.374+0000] {dag.py:4180} INFO - Setting next_dagrun for dataset_alias_example_alias_consumer_with_no_taskflow to None, run_after=None
[2025-08-17T21:47:48.377+0000] {logging_mixin.py:190} INFO - [2025-08-17T21:47:48.376+0000] {dag.py:4180} INFO - Setting next_dagrun for dataset_alias_example_alias_producer_with_no_taskflow to None, run_after=None
[2025-08-17T21:47:48.378+0000] {logging_mixin.py:190} INFO - [2025-08-17T21:47:48.377+0000] {dag.py:4180} INFO - Setting next_dagrun for dataset_s3_bucket_consumer_with_no_taskflow to None, run_after=None
[2025-08-17T21:47:48.379+0000] {logging_mixin.py:190} INFO - [2025-08-17T21:47:48.378+0000] {dag.py:4180} INFO - Setting next_dagrun for dataset_s3_bucket_producer_with_no_taskflow to None, run_after=None
[2025-08-17T21:47:48.394+0000] {processor.py:208} INFO - Processing /home/airflow/.local/lib/python3.12/site-packages/airflow/example_dags/example_dataset_alias_with_no_taskflow.py took 0.587 seconds
