[2025-08-17T21:40:29.012+0000] {processor.py:186} INFO - Started process (PID=82) to work on /home/airflow/.local/lib/python3.12/site-packages/airflow/example_dags/example_kubernetes_executor.py
[2025-08-17T21:40:29.013+0000] {processor.py:914} INFO - Processing file /home/airflow/.local/lib/python3.12/site-packages/airflow/example_dags/example_kubernetes_executor.py for tasks to queue
[2025-08-17T21:40:29.015+0000] {logging_mixin.py:190} INFO - [2025-08-17T21:40:29.014+0000] {dagbag.py:588} INFO - Filling up the DagBag from /home/airflow/.local/lib/python3.12/site-packages/airflow/example_dags/example_kubernetes_executor.py
[2025-08-17T21:40:29.029+0000] {processor.py:925} INFO - DAG(s) 'example_kubernetes_executor' retrieved from /home/airflow/.local/lib/python3.12/site-packages/airflow/example_dags/example_kubernetes_executor.py
[2025-08-17T21:40:29.149+0000] {logging_mixin.py:190} INFO - [2025-08-17T21:40:29.148+0000] {override.py:1930} INFO - Created Permission View: can read on DAG:example_kubernetes_executor
[2025-08-17T21:40:29.157+0000] {logging_mixin.py:190} INFO - [2025-08-17T21:40:29.156+0000] {override.py:1930} INFO - Created Permission View: can edit on DAG:example_kubernetes_executor
[2025-08-17T21:40:29.166+0000] {logging_mixin.py:190} INFO - [2025-08-17T21:40:29.166+0000] {override.py:1930} INFO - Created Permission View: can delete on DAG:example_kubernetes_executor
[2025-08-17T21:40:29.172+0000] {logging_mixin.py:190} INFO - [2025-08-17T21:40:29.171+0000] {override.py:1930} INFO - Created Permission View: can read on DAG Run:example_kubernetes_executor
[2025-08-17T21:40:29.176+0000] {logging_mixin.py:190} INFO - [2025-08-17T21:40:29.176+0000] {override.py:1930} INFO - Created Permission View: can create on DAG Run:example_kubernetes_executor
[2025-08-17T21:40:29.182+0000] {logging_mixin.py:190} INFO - [2025-08-17T21:40:29.181+0000] {override.py:1930} INFO - Created Permission View: can delete on DAG Run:example_kubernetes_executor
[2025-08-17T21:40:29.187+0000] {logging_mixin.py:190} INFO - [2025-08-17T21:40:29.186+0000] {override.py:1930} INFO - Created Permission View: menu access on DAG Run:example_kubernetes_executor
[2025-08-17T21:40:29.187+0000] {logging_mixin.py:190} INFO - [2025-08-17T21:40:29.187+0000] {dag.py:3239} INFO - Sync 1 DAGs
[2025-08-17T21:40:29.198+0000] {logging_mixin.py:190} INFO - [2025-08-17T21:40:29.198+0000] {dag.py:3262} INFO - Creating ORM DAG for example_kubernetes_executor
[2025-08-17T21:40:29.199+0000] {logging_mixin.py:190} INFO - [2025-08-17T21:40:29.199+0000] {dag.py:4180} INFO - Setting next_dagrun for example_kubernetes_executor to None, run_after=None
[2025-08-17T21:40:29.213+0000] {processor.py:208} INFO - Processing /home/airflow/.local/lib/python3.12/site-packages/airflow/example_dags/example_kubernetes_executor.py took 0.207 seconds
[2025-08-17T21:40:59.623+0000] {processor.py:186} INFO - Started process (PID=145) to work on /home/airflow/.local/lib/python3.12/site-packages/airflow/example_dags/example_kubernetes_executor.py
[2025-08-17T21:40:59.624+0000] {processor.py:914} INFO - Processing file /home/airflow/.local/lib/python3.12/site-packages/airflow/example_dags/example_kubernetes_executor.py for tasks to queue
[2025-08-17T21:40:59.625+0000] {logging_mixin.py:190} INFO - [2025-08-17T21:40:59.625+0000] {dagbag.py:588} INFO - Filling up the DagBag from /home/airflow/.local/lib/python3.12/site-packages/airflow/example_dags/example_kubernetes_executor.py
[2025-08-17T21:40:59.638+0000] {processor.py:925} INFO - DAG(s) 'example_kubernetes_executor' retrieved from /home/airflow/.local/lib/python3.12/site-packages/airflow/example_dags/example_kubernetes_executor.py
[2025-08-17T21:40:59.666+0000] {logging_mixin.py:190} INFO - [2025-08-17T21:40:59.666+0000] {dag.py:3239} INFO - Sync 1 DAGs
[2025-08-17T21:40:59.687+0000] {logging_mixin.py:190} INFO - [2025-08-17T21:40:59.686+0000] {dag.py:4180} INFO - Setting next_dagrun for example_kubernetes_executor to None, run_after=None
[2025-08-17T21:40:59.707+0000] {processor.py:208} INFO - Processing /home/airflow/.local/lib/python3.12/site-packages/airflow/example_dags/example_kubernetes_executor.py took 0.089 seconds
[2025-08-17T21:41:30.169+0000] {processor.py:186} INFO - Started process (PID=208) to work on /home/airflow/.local/lib/python3.12/site-packages/airflow/example_dags/example_kubernetes_executor.py
[2025-08-17T21:41:30.170+0000] {processor.py:914} INFO - Processing file /home/airflow/.local/lib/python3.12/site-packages/airflow/example_dags/example_kubernetes_executor.py for tasks to queue
[2025-08-17T21:41:30.172+0000] {logging_mixin.py:190} INFO - [2025-08-17T21:41:30.172+0000] {dagbag.py:588} INFO - Filling up the DagBag from /home/airflow/.local/lib/python3.12/site-packages/airflow/example_dags/example_kubernetes_executor.py
[2025-08-17T21:41:30.184+0000] {processor.py:925} INFO - DAG(s) 'example_kubernetes_executor' retrieved from /home/airflow/.local/lib/python3.12/site-packages/airflow/example_dags/example_kubernetes_executor.py
[2025-08-17T21:41:30.208+0000] {logging_mixin.py:190} INFO - [2025-08-17T21:41:30.207+0000] {dag.py:3239} INFO - Sync 1 DAGs
[2025-08-17T21:41:30.219+0000] {logging_mixin.py:190} INFO - [2025-08-17T21:41:30.219+0000] {dag.py:4180} INFO - Setting next_dagrun for example_kubernetes_executor to None, run_after=None
[2025-08-17T21:41:30.246+0000] {processor.py:208} INFO - Processing /home/airflow/.local/lib/python3.12/site-packages/airflow/example_dags/example_kubernetes_executor.py took 0.082 seconds
[2025-08-17T21:42:00.733+0000] {processor.py:186} INFO - Started process (PID=271) to work on /home/airflow/.local/lib/python3.12/site-packages/airflow/example_dags/example_kubernetes_executor.py
[2025-08-17T21:42:00.734+0000] {processor.py:914} INFO - Processing file /home/airflow/.local/lib/python3.12/site-packages/airflow/example_dags/example_kubernetes_executor.py for tasks to queue
[2025-08-17T21:42:00.736+0000] {logging_mixin.py:190} INFO - [2025-08-17T21:42:00.736+0000] {dagbag.py:588} INFO - Filling up the DagBag from /home/airflow/.local/lib/python3.12/site-packages/airflow/example_dags/example_kubernetes_executor.py
[2025-08-17T21:42:00.750+0000] {processor.py:925} INFO - DAG(s) 'example_kubernetes_executor' retrieved from /home/airflow/.local/lib/python3.12/site-packages/airflow/example_dags/example_kubernetes_executor.py
[2025-08-17T21:42:00.778+0000] {logging_mixin.py:190} INFO - [2025-08-17T21:42:00.778+0000] {dag.py:3239} INFO - Sync 1 DAGs
[2025-08-17T21:42:00.793+0000] {logging_mixin.py:190} INFO - [2025-08-17T21:42:00.793+0000] {dag.py:4180} INFO - Setting next_dagrun for example_kubernetes_executor to None, run_after=None
[2025-08-17T21:42:00.809+0000] {processor.py:208} INFO - Processing /home/airflow/.local/lib/python3.12/site-packages/airflow/example_dags/example_kubernetes_executor.py took 0.082 seconds
[2025-08-17T21:42:31.529+0000] {processor.py:186} INFO - Started process (PID=333) to work on /home/airflow/.local/lib/python3.12/site-packages/airflow/example_dags/example_kubernetes_executor.py
[2025-08-17T21:42:31.530+0000] {processor.py:914} INFO - Processing file /home/airflow/.local/lib/python3.12/site-packages/airflow/example_dags/example_kubernetes_executor.py for tasks to queue
[2025-08-17T21:42:31.532+0000] {logging_mixin.py:190} INFO - [2025-08-17T21:42:31.531+0000] {dagbag.py:588} INFO - Filling up the DagBag from /home/airflow/.local/lib/python3.12/site-packages/airflow/example_dags/example_kubernetes_executor.py
[2025-08-17T21:42:31.545+0000] {processor.py:925} INFO - DAG(s) 'example_kubernetes_executor' retrieved from /home/airflow/.local/lib/python3.12/site-packages/airflow/example_dags/example_kubernetes_executor.py
[2025-08-17T21:42:31.569+0000] {logging_mixin.py:190} INFO - [2025-08-17T21:42:31.568+0000] {dag.py:3239} INFO - Sync 1 DAGs
[2025-08-17T21:42:31.583+0000] {logging_mixin.py:190} INFO - [2025-08-17T21:42:31.583+0000] {dag.py:4180} INFO - Setting next_dagrun for example_kubernetes_executor to None, run_after=None
[2025-08-17T21:42:31.601+0000] {processor.py:208} INFO - Processing /home/airflow/.local/lib/python3.12/site-packages/airflow/example_dags/example_kubernetes_executor.py took 0.078 seconds
[2025-08-17T21:43:01.697+0000] {processor.py:186} INFO - Started process (PID=395) to work on /home/airflow/.local/lib/python3.12/site-packages/airflow/example_dags/example_kubernetes_executor.py
[2025-08-17T21:43:01.698+0000] {processor.py:914} INFO - Processing file /home/airflow/.local/lib/python3.12/site-packages/airflow/example_dags/example_kubernetes_executor.py for tasks to queue
[2025-08-17T21:43:01.701+0000] {logging_mixin.py:190} INFO - [2025-08-17T21:43:01.701+0000] {dagbag.py:588} INFO - Filling up the DagBag from /home/airflow/.local/lib/python3.12/site-packages/airflow/example_dags/example_kubernetes_executor.py
[2025-08-17T21:43:01.715+0000] {processor.py:925} INFO - DAG(s) 'example_kubernetes_executor' retrieved from /home/airflow/.local/lib/python3.12/site-packages/airflow/example_dags/example_kubernetes_executor.py
[2025-08-17T21:43:01.738+0000] {logging_mixin.py:190} INFO - [2025-08-17T21:43:01.738+0000] {dag.py:3239} INFO - Sync 1 DAGs
[2025-08-17T21:43:01.750+0000] {logging_mixin.py:190} INFO - [2025-08-17T21:43:01.749+0000] {dag.py:4180} INFO - Setting next_dagrun for example_kubernetes_executor to None, run_after=None
[2025-08-17T21:43:01.767+0000] {processor.py:208} INFO - Processing /home/airflow/.local/lib/python3.12/site-packages/airflow/example_dags/example_kubernetes_executor.py took 0.076 seconds
[2025-08-17T21:43:31.851+0000] {processor.py:186} INFO - Started process (PID=458) to work on /home/airflow/.local/lib/python3.12/site-packages/airflow/example_dags/example_kubernetes_executor.py
[2025-08-17T21:43:31.852+0000] {processor.py:914} INFO - Processing file /home/airflow/.local/lib/python3.12/site-packages/airflow/example_dags/example_kubernetes_executor.py for tasks to queue
[2025-08-17T21:43:31.854+0000] {logging_mixin.py:190} INFO - [2025-08-17T21:43:31.854+0000] {dagbag.py:588} INFO - Filling up the DagBag from /home/airflow/.local/lib/python3.12/site-packages/airflow/example_dags/example_kubernetes_executor.py
[2025-08-17T21:43:31.867+0000] {processor.py:925} INFO - DAG(s) 'example_kubernetes_executor' retrieved from /home/airflow/.local/lib/python3.12/site-packages/airflow/example_dags/example_kubernetes_executor.py
[2025-08-17T21:43:31.889+0000] {logging_mixin.py:190} INFO - [2025-08-17T21:43:31.888+0000] {dag.py:3239} INFO - Sync 1 DAGs
[2025-08-17T21:43:31.900+0000] {logging_mixin.py:190} INFO - [2025-08-17T21:43:31.900+0000] {dag.py:4180} INFO - Setting next_dagrun for example_kubernetes_executor to None, run_after=None
[2025-08-17T21:43:31.915+0000] {processor.py:208} INFO - Processing /home/airflow/.local/lib/python3.12/site-packages/airflow/example_dags/example_kubernetes_executor.py took 0.070 seconds
[2025-08-17T21:44:02.171+0000] {processor.py:186} INFO - Started process (PID=521) to work on /home/airflow/.local/lib/python3.12/site-packages/airflow/example_dags/example_kubernetes_executor.py
[2025-08-17T21:44:02.172+0000] {processor.py:914} INFO - Processing file /home/airflow/.local/lib/python3.12/site-packages/airflow/example_dags/example_kubernetes_executor.py for tasks to queue
[2025-08-17T21:44:02.174+0000] {logging_mixin.py:190} INFO - [2025-08-17T21:44:02.174+0000] {dagbag.py:588} INFO - Filling up the DagBag from /home/airflow/.local/lib/python3.12/site-packages/airflow/example_dags/example_kubernetes_executor.py
[2025-08-17T21:44:02.188+0000] {processor.py:925} INFO - DAG(s) 'example_kubernetes_executor' retrieved from /home/airflow/.local/lib/python3.12/site-packages/airflow/example_dags/example_kubernetes_executor.py
[2025-08-17T21:44:02.210+0000] {logging_mixin.py:190} INFO - [2025-08-17T21:44:02.210+0000] {dag.py:3239} INFO - Sync 1 DAGs
[2025-08-17T21:44:02.223+0000] {logging_mixin.py:190} INFO - [2025-08-17T21:44:02.223+0000] {dag.py:4180} INFO - Setting next_dagrun for example_kubernetes_executor to None, run_after=None
[2025-08-17T21:44:02.238+0000] {processor.py:208} INFO - Processing /home/airflow/.local/lib/python3.12/site-packages/airflow/example_dags/example_kubernetes_executor.py took 0.072 seconds
[2025-08-17T21:44:32.825+0000] {processor.py:186} INFO - Started process (PID=584) to work on /home/airflow/.local/lib/python3.12/site-packages/airflow/example_dags/example_kubernetes_executor.py
[2025-08-17T21:44:32.826+0000] {processor.py:914} INFO - Processing file /home/airflow/.local/lib/python3.12/site-packages/airflow/example_dags/example_kubernetes_executor.py for tasks to queue
[2025-08-17T21:44:32.828+0000] {logging_mixin.py:190} INFO - [2025-08-17T21:44:32.828+0000] {dagbag.py:588} INFO - Filling up the DagBag from /home/airflow/.local/lib/python3.12/site-packages/airflow/example_dags/example_kubernetes_executor.py
[2025-08-17T21:44:32.841+0000] {processor.py:925} INFO - DAG(s) 'example_kubernetes_executor' retrieved from /home/airflow/.local/lib/python3.12/site-packages/airflow/example_dags/example_kubernetes_executor.py
[2025-08-17T21:44:32.864+0000] {logging_mixin.py:190} INFO - [2025-08-17T21:44:32.863+0000] {dag.py:3239} INFO - Sync 1 DAGs
[2025-08-17T21:44:32.877+0000] {logging_mixin.py:190} INFO - [2025-08-17T21:44:32.877+0000] {dag.py:4180} INFO - Setting next_dagrun for example_kubernetes_executor to None, run_after=None
[2025-08-17T21:44:32.900+0000] {processor.py:208} INFO - Processing /home/airflow/.local/lib/python3.12/site-packages/airflow/example_dags/example_kubernetes_executor.py took 0.080 seconds
[2025-08-17T21:45:03.073+0000] {processor.py:186} INFO - Started process (PID=647) to work on /home/airflow/.local/lib/python3.12/site-packages/airflow/example_dags/example_kubernetes_executor.py
[2025-08-17T21:45:03.073+0000] {processor.py:914} INFO - Processing file /home/airflow/.local/lib/python3.12/site-packages/airflow/example_dags/example_kubernetes_executor.py for tasks to queue
[2025-08-17T21:45:03.076+0000] {logging_mixin.py:190} INFO - [2025-08-17T21:45:03.076+0000] {dagbag.py:588} INFO - Filling up the DagBag from /home/airflow/.local/lib/python3.12/site-packages/airflow/example_dags/example_kubernetes_executor.py
[2025-08-17T21:45:03.089+0000] {processor.py:925} INFO - DAG(s) 'example_kubernetes_executor' retrieved from /home/airflow/.local/lib/python3.12/site-packages/airflow/example_dags/example_kubernetes_executor.py
[2025-08-17T21:45:03.112+0000] {logging_mixin.py:190} INFO - [2025-08-17T21:45:03.112+0000] {dag.py:3239} INFO - Sync 1 DAGs
[2025-08-17T21:45:03.124+0000] {logging_mixin.py:190} INFO - [2025-08-17T21:45:03.123+0000] {dag.py:4180} INFO - Setting next_dagrun for example_kubernetes_executor to None, run_after=None
[2025-08-17T21:45:03.137+0000] {processor.py:208} INFO - Processing /home/airflow/.local/lib/python3.12/site-packages/airflow/example_dags/example_kubernetes_executor.py took 0.070 seconds
[2025-08-17T21:45:33.329+0000] {processor.py:186} INFO - Started process (PID=710) to work on /home/airflow/.local/lib/python3.12/site-packages/airflow/example_dags/example_kubernetes_executor.py
[2025-08-17T21:45:33.330+0000] {processor.py:914} INFO - Processing file /home/airflow/.local/lib/python3.12/site-packages/airflow/example_dags/example_kubernetes_executor.py for tasks to queue
[2025-08-17T21:45:33.332+0000] {logging_mixin.py:190} INFO - [2025-08-17T21:45:33.332+0000] {dagbag.py:588} INFO - Filling up the DagBag from /home/airflow/.local/lib/python3.12/site-packages/airflow/example_dags/example_kubernetes_executor.py
[2025-08-17T21:45:33.345+0000] {processor.py:925} INFO - DAG(s) 'example_kubernetes_executor' retrieved from /home/airflow/.local/lib/python3.12/site-packages/airflow/example_dags/example_kubernetes_executor.py
[2025-08-17T21:45:33.367+0000] {logging_mixin.py:190} INFO - [2025-08-17T21:45:33.367+0000] {dag.py:3239} INFO - Sync 1 DAGs
[2025-08-17T21:45:33.379+0000] {logging_mixin.py:190} INFO - [2025-08-17T21:45:33.379+0000] {dag.py:4180} INFO - Setting next_dagrun for example_kubernetes_executor to None, run_after=None
[2025-08-17T21:45:33.396+0000] {processor.py:208} INFO - Processing /home/airflow/.local/lib/python3.12/site-packages/airflow/example_dags/example_kubernetes_executor.py took 0.073 seconds
[2025-08-17T21:46:03.810+0000] {processor.py:186} INFO - Started process (PID=773) to work on /home/airflow/.local/lib/python3.12/site-packages/airflow/example_dags/example_kubernetes_executor.py
[2025-08-17T21:46:03.811+0000] {processor.py:914} INFO - Processing file /home/airflow/.local/lib/python3.12/site-packages/airflow/example_dags/example_kubernetes_executor.py for tasks to queue
[2025-08-17T21:46:03.813+0000] {logging_mixin.py:190} INFO - [2025-08-17T21:46:03.813+0000] {dagbag.py:588} INFO - Filling up the DagBag from /home/airflow/.local/lib/python3.12/site-packages/airflow/example_dags/example_kubernetes_executor.py
[2025-08-17T21:46:03.828+0000] {processor.py:925} INFO - DAG(s) 'example_kubernetes_executor' retrieved from /home/airflow/.local/lib/python3.12/site-packages/airflow/example_dags/example_kubernetes_executor.py
[2025-08-17T21:46:03.851+0000] {logging_mixin.py:190} INFO - [2025-08-17T21:46:03.851+0000] {dag.py:3239} INFO - Sync 1 DAGs
[2025-08-17T21:46:03.863+0000] {logging_mixin.py:190} INFO - [2025-08-17T21:46:03.863+0000] {dag.py:4180} INFO - Setting next_dagrun for example_kubernetes_executor to None, run_after=None
[2025-08-17T21:46:03.880+0000] {processor.py:208} INFO - Processing /home/airflow/.local/lib/python3.12/site-packages/airflow/example_dags/example_kubernetes_executor.py took 0.077 seconds
[2025-08-17T21:46:34.342+0000] {processor.py:186} INFO - Started process (PID=836) to work on /home/airflow/.local/lib/python3.12/site-packages/airflow/example_dags/example_kubernetes_executor.py
[2025-08-17T21:46:34.342+0000] {processor.py:914} INFO - Processing file /home/airflow/.local/lib/python3.12/site-packages/airflow/example_dags/example_kubernetes_executor.py for tasks to queue
[2025-08-17T21:46:34.345+0000] {logging_mixin.py:190} INFO - [2025-08-17T21:46:34.344+0000] {dagbag.py:588} INFO - Filling up the DagBag from /home/airflow/.local/lib/python3.12/site-packages/airflow/example_dags/example_kubernetes_executor.py
[2025-08-17T21:46:34.357+0000] {processor.py:925} INFO - DAG(s) 'example_kubernetes_executor' retrieved from /home/airflow/.local/lib/python3.12/site-packages/airflow/example_dags/example_kubernetes_executor.py
[2025-08-17T21:46:34.379+0000] {logging_mixin.py:190} INFO - [2025-08-17T21:46:34.379+0000] {dag.py:3239} INFO - Sync 1 DAGs
[2025-08-17T21:46:34.391+0000] {logging_mixin.py:190} INFO - [2025-08-17T21:46:34.391+0000] {dag.py:4180} INFO - Setting next_dagrun for example_kubernetes_executor to None, run_after=None
[2025-08-17T21:46:34.411+0000] {processor.py:208} INFO - Processing /home/airflow/.local/lib/python3.12/site-packages/airflow/example_dags/example_kubernetes_executor.py took 0.075 seconds
[2025-08-17T21:47:04.773+0000] {processor.py:186} INFO - Started process (PID=899) to work on /home/airflow/.local/lib/python3.12/site-packages/airflow/example_dags/example_kubernetes_executor.py
[2025-08-17T21:47:04.774+0000] {processor.py:914} INFO - Processing file /home/airflow/.local/lib/python3.12/site-packages/airflow/example_dags/example_kubernetes_executor.py for tasks to queue
[2025-08-17T21:47:04.776+0000] {logging_mixin.py:190} INFO - [2025-08-17T21:47:04.776+0000] {dagbag.py:588} INFO - Filling up the DagBag from /home/airflow/.local/lib/python3.12/site-packages/airflow/example_dags/example_kubernetes_executor.py
[2025-08-17T21:47:04.789+0000] {processor.py:925} INFO - DAG(s) 'example_kubernetes_executor' retrieved from /home/airflow/.local/lib/python3.12/site-packages/airflow/example_dags/example_kubernetes_executor.py
[2025-08-17T21:47:04.812+0000] {logging_mixin.py:190} INFO - [2025-08-17T21:47:04.811+0000] {dag.py:3239} INFO - Sync 1 DAGs
[2025-08-17T21:47:04.824+0000] {logging_mixin.py:190} INFO - [2025-08-17T21:47:04.824+0000] {dag.py:4180} INFO - Setting next_dagrun for example_kubernetes_executor to None, run_after=None
[2025-08-17T21:47:04.841+0000] {processor.py:208} INFO - Processing /home/airflow/.local/lib/python3.12/site-packages/airflow/example_dags/example_kubernetes_executor.py took 0.075 seconds
[2025-08-17T21:47:34.900+0000] {processor.py:186} INFO - Started process (PID=962) to work on /home/airflow/.local/lib/python3.12/site-packages/airflow/example_dags/example_kubernetes_executor.py
[2025-08-17T21:47:34.901+0000] {processor.py:914} INFO - Processing file /home/airflow/.local/lib/python3.12/site-packages/airflow/example_dags/example_kubernetes_executor.py for tasks to queue
[2025-08-17T21:47:34.903+0000] {logging_mixin.py:190} INFO - [2025-08-17T21:47:34.903+0000] {dagbag.py:588} INFO - Filling up the DagBag from /home/airflow/.local/lib/python3.12/site-packages/airflow/example_dags/example_kubernetes_executor.py
[2025-08-17T21:47:34.916+0000] {processor.py:925} INFO - DAG(s) 'example_kubernetes_executor' retrieved from /home/airflow/.local/lib/python3.12/site-packages/airflow/example_dags/example_kubernetes_executor.py
[2025-08-17T21:47:34.938+0000] {logging_mixin.py:190} INFO - [2025-08-17T21:47:34.938+0000] {dag.py:3239} INFO - Sync 1 DAGs
[2025-08-17T21:47:34.951+0000] {logging_mixin.py:190} INFO - [2025-08-17T21:47:34.950+0000] {dag.py:4180} INFO - Setting next_dagrun for example_kubernetes_executor to None, run_after=None
[2025-08-17T21:47:34.964+0000] {processor.py:208} INFO - Processing /home/airflow/.local/lib/python3.12/site-packages/airflow/example_dags/example_kubernetes_executor.py took 0.070 seconds
[2025-08-17T21:48:05.090+0000] {processor.py:186} INFO - Started process (PID=1025) to work on /home/airflow/.local/lib/python3.12/site-packages/airflow/example_dags/example_kubernetes_executor.py
[2025-08-17T21:48:05.091+0000] {processor.py:914} INFO - Processing file /home/airflow/.local/lib/python3.12/site-packages/airflow/example_dags/example_kubernetes_executor.py for tasks to queue
[2025-08-17T21:48:05.093+0000] {logging_mixin.py:190} INFO - [2025-08-17T21:48:05.093+0000] {dagbag.py:588} INFO - Filling up the DagBag from /home/airflow/.local/lib/python3.12/site-packages/airflow/example_dags/example_kubernetes_executor.py
[2025-08-17T21:48:05.107+0000] {processor.py:925} INFO - DAG(s) 'example_kubernetes_executor' retrieved from /home/airflow/.local/lib/python3.12/site-packages/airflow/example_dags/example_kubernetes_executor.py
[2025-08-17T21:48:05.130+0000] {logging_mixin.py:190} INFO - [2025-08-17T21:48:05.129+0000] {dag.py:3239} INFO - Sync 1 DAGs
[2025-08-17T21:48:05.143+0000] {logging_mixin.py:190} INFO - [2025-08-17T21:48:05.143+0000] {dag.py:4180} INFO - Setting next_dagrun for example_kubernetes_executor to None, run_after=None
[2025-08-17T21:48:05.158+0000] {processor.py:208} INFO - Processing /home/airflow/.local/lib/python3.12/site-packages/airflow/example_dags/example_kubernetes_executor.py took 0.074 seconds
