[2025-08-17T21:40:28.753+0000] {processor.py:186} INFO - Started process (PID=80) to work on /home/airflow/.local/lib/python3.12/site-packages/airflow/example_dags/example_external_task_marker_dag.py
[2025-08-17T21:40:28.754+0000] {processor.py:914} INFO - Processing file /home/airflow/.local/lib/python3.12/site-packages/airflow/example_dags/example_external_task_marker_dag.py for tasks to queue
[2025-08-17T21:40:28.756+0000] {logging_mixin.py:190} INFO - [2025-08-17T21:40:28.756+0000] {dagbag.py:588} INFO - Filling up the DagBag from /home/airflow/.local/lib/python3.12/site-packages/airflow/example_dags/example_external_task_marker_dag.py
[2025-08-17T21:40:28.765+0000] {processor.py:925} INFO - DAG(s) 'example_external_task_marker_parent', 'example_external_task_marker_child' retrieved from /home/airflow/.local/lib/python3.12/site-packages/airflow/example_dags/example_external_task_marker_dag.py
[2025-08-17T21:40:28.867+0000] {logging_mixin.py:190} INFO - [2025-08-17T21:40:28.867+0000] {override.py:1930} INFO - Created Permission View: can read on DAG:example_external_task_marker_parent
[2025-08-17T21:40:28.875+0000] {logging_mixin.py:190} INFO - [2025-08-17T21:40:28.875+0000] {override.py:1930} INFO - Created Permission View: can edit on DAG:example_external_task_marker_parent
[2025-08-17T21:40:28.881+0000] {logging_mixin.py:190} INFO - [2025-08-17T21:40:28.880+0000] {override.py:1930} INFO - Created Permission View: can delete on DAG:example_external_task_marker_parent
[2025-08-17T21:40:28.886+0000] {logging_mixin.py:190} INFO - [2025-08-17T21:40:28.886+0000] {override.py:1930} INFO - Created Permission View: can read on DAG Run:example_external_task_marker_parent
[2025-08-17T21:40:28.890+0000] {logging_mixin.py:190} INFO - [2025-08-17T21:40:28.890+0000] {override.py:1930} INFO - Created Permission View: can create on DAG Run:example_external_task_marker_parent
[2025-08-17T21:40:28.895+0000] {logging_mixin.py:190} INFO - [2025-08-17T21:40:28.895+0000] {override.py:1930} INFO - Created Permission View: can delete on DAG Run:example_external_task_marker_parent
[2025-08-17T21:40:28.900+0000] {logging_mixin.py:190} INFO - [2025-08-17T21:40:28.900+0000] {override.py:1930} INFO - Created Permission View: menu access on DAG Run:example_external_task_marker_parent
[2025-08-17T21:40:28.911+0000] {logging_mixin.py:190} INFO - [2025-08-17T21:40:28.911+0000] {override.py:1930} INFO - Created Permission View: can read on DAG:example_external_task_marker_child
[2025-08-17T21:40:28.916+0000] {logging_mixin.py:190} INFO - [2025-08-17T21:40:28.916+0000] {override.py:1930} INFO - Created Permission View: can edit on DAG:example_external_task_marker_child
[2025-08-17T21:40:28.920+0000] {logging_mixin.py:190} INFO - [2025-08-17T21:40:28.920+0000] {override.py:1930} INFO - Created Permission View: can delete on DAG:example_external_task_marker_child
[2025-08-17T21:40:28.926+0000] {logging_mixin.py:190} INFO - [2025-08-17T21:40:28.925+0000] {override.py:1930} INFO - Created Permission View: can read on DAG Run:example_external_task_marker_child
[2025-08-17T21:40:28.930+0000] {logging_mixin.py:190} INFO - [2025-08-17T21:40:28.930+0000] {override.py:1930} INFO - Created Permission View: can create on DAG Run:example_external_task_marker_child
[2025-08-17T21:40:28.935+0000] {logging_mixin.py:190} INFO - [2025-08-17T21:40:28.935+0000] {override.py:1930} INFO - Created Permission View: can delete on DAG Run:example_external_task_marker_child
[2025-08-17T21:40:28.940+0000] {logging_mixin.py:190} INFO - [2025-08-17T21:40:28.940+0000] {override.py:1930} INFO - Created Permission View: menu access on DAG Run:example_external_task_marker_child
[2025-08-17T21:40:28.940+0000] {logging_mixin.py:190} INFO - [2025-08-17T21:40:28.940+0000] {dag.py:3239} INFO - Sync 2 DAGs
[2025-08-17T21:40:28.952+0000] {logging_mixin.py:190} INFO - [2025-08-17T21:40:28.952+0000] {dag.py:3262} INFO - Creating ORM DAG for example_external_task_marker_parent
[2025-08-17T21:40:28.953+0000] {logging_mixin.py:190} INFO - [2025-08-17T21:40:28.952+0000] {dag.py:3262} INFO - Creating ORM DAG for example_external_task_marker_child
[2025-08-17T21:40:28.953+0000] {logging_mixin.py:190} INFO - [2025-08-17T21:40:28.953+0000] {dag.py:4180} INFO - Setting next_dagrun for example_external_task_marker_child to None, run_after=None
[2025-08-17T21:40:28.954+0000] {logging_mixin.py:190} INFO - [2025-08-17T21:40:28.954+0000] {dag.py:4180} INFO - Setting next_dagrun for example_external_task_marker_parent to None, run_after=None
[2025-08-17T21:40:28.970+0000] {processor.py:208} INFO - Processing /home/airflow/.local/lib/python3.12/site-packages/airflow/example_dags/example_external_task_marker_dag.py took 0.223 seconds
[2025-08-17T21:40:59.514+0000] {processor.py:186} INFO - Started process (PID=143) to work on /home/airflow/.local/lib/python3.12/site-packages/airflow/example_dags/example_external_task_marker_dag.py
[2025-08-17T21:40:59.515+0000] {processor.py:914} INFO - Processing file /home/airflow/.local/lib/python3.12/site-packages/airflow/example_dags/example_external_task_marker_dag.py for tasks to queue
[2025-08-17T21:40:59.518+0000] {logging_mixin.py:190} INFO - [2025-08-17T21:40:59.517+0000] {dagbag.py:588} INFO - Filling up the DagBag from /home/airflow/.local/lib/python3.12/site-packages/airflow/example_dags/example_external_task_marker_dag.py
[2025-08-17T21:40:59.526+0000] {processor.py:925} INFO - DAG(s) 'example_external_task_marker_parent', 'example_external_task_marker_child' retrieved from /home/airflow/.local/lib/python3.12/site-packages/airflow/example_dags/example_external_task_marker_dag.py
[2025-08-17T21:40:59.547+0000] {logging_mixin.py:190} INFO - [2025-08-17T21:40:59.546+0000] {dag.py:3239} INFO - Sync 2 DAGs
[2025-08-17T21:40:59.559+0000] {logging_mixin.py:190} INFO - [2025-08-17T21:40:59.559+0000] {dag.py:4180} INFO - Setting next_dagrun for example_external_task_marker_child to None, run_after=None
[2025-08-17T21:40:59.562+0000] {logging_mixin.py:190} INFO - [2025-08-17T21:40:59.562+0000] {dag.py:4180} INFO - Setting next_dagrun for example_external_task_marker_parent to None, run_after=None
[2025-08-17T21:40:59.574+0000] {processor.py:208} INFO - Processing /home/airflow/.local/lib/python3.12/site-packages/airflow/example_dags/example_external_task_marker_dag.py took 0.066 seconds
[2025-08-17T21:41:29.830+0000] {processor.py:186} INFO - Started process (PID=206) to work on /home/airflow/.local/lib/python3.12/site-packages/airflow/example_dags/example_external_task_marker_dag.py
[2025-08-17T21:41:29.831+0000] {processor.py:914} INFO - Processing file /home/airflow/.local/lib/python3.12/site-packages/airflow/example_dags/example_external_task_marker_dag.py for tasks to queue
[2025-08-17T21:41:29.833+0000] {logging_mixin.py:190} INFO - [2025-08-17T21:41:29.832+0000] {dagbag.py:588} INFO - Filling up the DagBag from /home/airflow/.local/lib/python3.12/site-packages/airflow/example_dags/example_external_task_marker_dag.py
[2025-08-17T21:41:29.840+0000] {processor.py:925} INFO - DAG(s) 'example_external_task_marker_parent', 'example_external_task_marker_child' retrieved from /home/airflow/.local/lib/python3.12/site-packages/airflow/example_dags/example_external_task_marker_dag.py
[2025-08-17T21:41:29.859+0000] {logging_mixin.py:190} INFO - [2025-08-17T21:41:29.859+0000] {dag.py:3239} INFO - Sync 2 DAGs
[2025-08-17T21:41:29.871+0000] {logging_mixin.py:190} INFO - [2025-08-17T21:41:29.871+0000] {dag.py:4180} INFO - Setting next_dagrun for example_external_task_marker_child to None, run_after=None
[2025-08-17T21:41:29.874+0000] {logging_mixin.py:190} INFO - [2025-08-17T21:41:29.874+0000] {dag.py:4180} INFO - Setting next_dagrun for example_external_task_marker_parent to None, run_after=None
[2025-08-17T21:41:29.887+0000] {processor.py:208} INFO - Processing /home/airflow/.local/lib/python3.12/site-packages/airflow/example_dags/example_external_task_marker_dag.py took 0.063 seconds
[2025-08-17T21:42:00.363+0000] {processor.py:186} INFO - Started process (PID=269) to work on /home/airflow/.local/lib/python3.12/site-packages/airflow/example_dags/example_external_task_marker_dag.py
[2025-08-17T21:42:00.364+0000] {processor.py:914} INFO - Processing file /home/airflow/.local/lib/python3.12/site-packages/airflow/example_dags/example_external_task_marker_dag.py for tasks to queue
[2025-08-17T21:42:00.367+0000] {logging_mixin.py:190} INFO - [2025-08-17T21:42:00.366+0000] {dagbag.py:588} INFO - Filling up the DagBag from /home/airflow/.local/lib/python3.12/site-packages/airflow/example_dags/example_external_task_marker_dag.py
[2025-08-17T21:42:00.375+0000] {processor.py:925} INFO - DAG(s) 'example_external_task_marker_parent', 'example_external_task_marker_child' retrieved from /home/airflow/.local/lib/python3.12/site-packages/airflow/example_dags/example_external_task_marker_dag.py
[2025-08-17T21:42:00.397+0000] {logging_mixin.py:190} INFO - [2025-08-17T21:42:00.397+0000] {dag.py:3239} INFO - Sync 2 DAGs
[2025-08-17T21:42:00.411+0000] {logging_mixin.py:190} INFO - [2025-08-17T21:42:00.410+0000] {dag.py:4180} INFO - Setting next_dagrun for example_external_task_marker_child to None, run_after=None
[2025-08-17T21:42:00.414+0000] {logging_mixin.py:190} INFO - [2025-08-17T21:42:00.414+0000] {dag.py:4180} INFO - Setting next_dagrun for example_external_task_marker_parent to None, run_after=None
[2025-08-17T21:42:00.427+0000] {processor.py:208} INFO - Processing /home/airflow/.local/lib/python3.12/site-packages/airflow/example_dags/example_external_task_marker_dag.py took 0.070 seconds
[2025-08-17T21:42:31.415+0000] {processor.py:186} INFO - Started process (PID=331) to work on /home/airflow/.local/lib/python3.12/site-packages/airflow/example_dags/example_external_task_marker_dag.py
[2025-08-17T21:42:31.416+0000] {processor.py:914} INFO - Processing file /home/airflow/.local/lib/python3.12/site-packages/airflow/example_dags/example_external_task_marker_dag.py for tasks to queue
[2025-08-17T21:42:31.418+0000] {logging_mixin.py:190} INFO - [2025-08-17T21:42:31.418+0000] {dagbag.py:588} INFO - Filling up the DagBag from /home/airflow/.local/lib/python3.12/site-packages/airflow/example_dags/example_external_task_marker_dag.py
[2025-08-17T21:42:31.427+0000] {processor.py:925} INFO - DAG(s) 'example_external_task_marker_parent', 'example_external_task_marker_child' retrieved from /home/airflow/.local/lib/python3.12/site-packages/airflow/example_dags/example_external_task_marker_dag.py
[2025-08-17T21:42:31.449+0000] {logging_mixin.py:190} INFO - [2025-08-17T21:42:31.448+0000] {dag.py:3239} INFO - Sync 2 DAGs
[2025-08-17T21:42:31.462+0000] {logging_mixin.py:190} INFO - [2025-08-17T21:42:31.462+0000] {dag.py:4180} INFO - Setting next_dagrun for example_external_task_marker_child to None, run_after=None
[2025-08-17T21:42:31.466+0000] {logging_mixin.py:190} INFO - [2025-08-17T21:42:31.466+0000] {dag.py:4180} INFO - Setting next_dagrun for example_external_task_marker_parent to None, run_after=None
[2025-08-17T21:42:31.483+0000] {processor.py:208} INFO - Processing /home/airflow/.local/lib/python3.12/site-packages/airflow/example_dags/example_external_task_marker_dag.py took 0.074 seconds
[2025-08-17T21:43:01.622+0000] {processor.py:186} INFO - Started process (PID=394) to work on /home/airflow/.local/lib/python3.12/site-packages/airflow/example_dags/example_external_task_marker_dag.py
[2025-08-17T21:43:01.623+0000] {processor.py:914} INFO - Processing file /home/airflow/.local/lib/python3.12/site-packages/airflow/example_dags/example_external_task_marker_dag.py for tasks to queue
[2025-08-17T21:43:01.625+0000] {logging_mixin.py:190} INFO - [2025-08-17T21:43:01.625+0000] {dagbag.py:588} INFO - Filling up the DagBag from /home/airflow/.local/lib/python3.12/site-packages/airflow/example_dags/example_external_task_marker_dag.py
[2025-08-17T21:43:01.632+0000] {processor.py:925} INFO - DAG(s) 'example_external_task_marker_parent', 'example_external_task_marker_child' retrieved from /home/airflow/.local/lib/python3.12/site-packages/airflow/example_dags/example_external_task_marker_dag.py
[2025-08-17T21:43:01.655+0000] {logging_mixin.py:190} INFO - [2025-08-17T21:43:01.654+0000] {dag.py:3239} INFO - Sync 2 DAGs
[2025-08-17T21:43:01.667+0000] {logging_mixin.py:190} INFO - [2025-08-17T21:43:01.667+0000] {dag.py:4180} INFO - Setting next_dagrun for example_external_task_marker_child to None, run_after=None
[2025-08-17T21:43:01.672+0000] {logging_mixin.py:190} INFO - [2025-08-17T21:43:01.671+0000] {dag.py:4180} INFO - Setting next_dagrun for example_external_task_marker_parent to None, run_after=None
[2025-08-17T21:43:01.686+0000] {processor.py:208} INFO - Processing /home/airflow/.local/lib/python3.12/site-packages/airflow/example_dags/example_external_task_marker_dag.py took 0.071 seconds
[2025-08-17T21:43:31.753+0000] {processor.py:186} INFO - Started process (PID=457) to work on /home/airflow/.local/lib/python3.12/site-packages/airflow/example_dags/example_external_task_marker_dag.py
[2025-08-17T21:43:31.754+0000] {processor.py:914} INFO - Processing file /home/airflow/.local/lib/python3.12/site-packages/airflow/example_dags/example_external_task_marker_dag.py for tasks to queue
[2025-08-17T21:43:31.756+0000] {logging_mixin.py:190} INFO - [2025-08-17T21:43:31.756+0000] {dagbag.py:588} INFO - Filling up the DagBag from /home/airflow/.local/lib/python3.12/site-packages/airflow/example_dags/example_external_task_marker_dag.py
[2025-08-17T21:43:31.763+0000] {processor.py:925} INFO - DAG(s) 'example_external_task_marker_child', 'example_external_task_marker_parent' retrieved from /home/airflow/.local/lib/python3.12/site-packages/airflow/example_dags/example_external_task_marker_dag.py
[2025-08-17T21:43:31.785+0000] {logging_mixin.py:190} INFO - [2025-08-17T21:43:31.785+0000] {dag.py:3239} INFO - Sync 2 DAGs
[2025-08-17T21:43:31.797+0000] {logging_mixin.py:190} INFO - [2025-08-17T21:43:31.797+0000] {dag.py:4180} INFO - Setting next_dagrun for example_external_task_marker_child to None, run_after=None
[2025-08-17T21:43:31.801+0000] {logging_mixin.py:190} INFO - [2025-08-17T21:43:31.801+0000] {dag.py:4180} INFO - Setting next_dagrun for example_external_task_marker_parent to None, run_after=None
[2025-08-17T21:43:31.813+0000] {processor.py:208} INFO - Processing /home/airflow/.local/lib/python3.12/site-packages/airflow/example_dags/example_external_task_marker_dag.py took 0.066 seconds
[2025-08-17T21:44:02.128+0000] {processor.py:186} INFO - Started process (PID=520) to work on /home/airflow/.local/lib/python3.12/site-packages/airflow/example_dags/example_external_task_marker_dag.py
[2025-08-17T21:44:02.129+0000] {processor.py:914} INFO - Processing file /home/airflow/.local/lib/python3.12/site-packages/airflow/example_dags/example_external_task_marker_dag.py for tasks to queue
[2025-08-17T21:44:02.131+0000] {logging_mixin.py:190} INFO - [2025-08-17T21:44:02.131+0000] {dagbag.py:588} INFO - Filling up the DagBag from /home/airflow/.local/lib/python3.12/site-packages/airflow/example_dags/example_external_task_marker_dag.py
[2025-08-17T21:44:02.139+0000] {processor.py:925} INFO - DAG(s) 'example_external_task_marker_parent', 'example_external_task_marker_child' retrieved from /home/airflow/.local/lib/python3.12/site-packages/airflow/example_dags/example_external_task_marker_dag.py
[2025-08-17T21:44:02.159+0000] {logging_mixin.py:190} INFO - [2025-08-17T21:44:02.159+0000] {dag.py:3239} INFO - Sync 2 DAGs
[2025-08-17T21:44:02.172+0000] {logging_mixin.py:190} INFO - [2025-08-17T21:44:02.172+0000] {dag.py:4180} INFO - Setting next_dagrun for example_external_task_marker_child to None, run_after=None
[2025-08-17T21:44:02.175+0000] {logging_mixin.py:190} INFO - [2025-08-17T21:44:02.175+0000] {dag.py:4180} INFO - Setting next_dagrun for example_external_task_marker_parent to None, run_after=None
[2025-08-17T21:44:02.203+0000] {processor.py:208} INFO - Processing /home/airflow/.local/lib/python3.12/site-packages/airflow/example_dags/example_external_task_marker_dag.py took 0.081 seconds
[2025-08-17T21:44:32.736+0000] {processor.py:186} INFO - Started process (PID=583) to work on /home/airflow/.local/lib/python3.12/site-packages/airflow/example_dags/example_external_task_marker_dag.py
[2025-08-17T21:44:32.737+0000] {processor.py:914} INFO - Processing file /home/airflow/.local/lib/python3.12/site-packages/airflow/example_dags/example_external_task_marker_dag.py for tasks to queue
[2025-08-17T21:44:32.739+0000] {logging_mixin.py:190} INFO - [2025-08-17T21:44:32.739+0000] {dagbag.py:588} INFO - Filling up the DagBag from /home/airflow/.local/lib/python3.12/site-packages/airflow/example_dags/example_external_task_marker_dag.py
[2025-08-17T21:44:32.747+0000] {processor.py:925} INFO - DAG(s) 'example_external_task_marker_parent', 'example_external_task_marker_child' retrieved from /home/airflow/.local/lib/python3.12/site-packages/airflow/example_dags/example_external_task_marker_dag.py
[2025-08-17T21:44:32.769+0000] {logging_mixin.py:190} INFO - [2025-08-17T21:44:32.768+0000] {dag.py:3239} INFO - Sync 2 DAGs
[2025-08-17T21:44:32.781+0000] {logging_mixin.py:190} INFO - [2025-08-17T21:44:32.781+0000] {dag.py:4180} INFO - Setting next_dagrun for example_external_task_marker_child to None, run_after=None
[2025-08-17T21:44:32.784+0000] {logging_mixin.py:190} INFO - [2025-08-17T21:44:32.784+0000] {dag.py:4180} INFO - Setting next_dagrun for example_external_task_marker_parent to None, run_after=None
[2025-08-17T21:44:32.798+0000] {processor.py:208} INFO - Processing /home/airflow/.local/lib/python3.12/site-packages/airflow/example_dags/example_external_task_marker_dag.py took 0.067 seconds
[2025-08-17T21:45:03.035+0000] {processor.py:186} INFO - Started process (PID=646) to work on /home/airflow/.local/lib/python3.12/site-packages/airflow/example_dags/example_external_task_marker_dag.py
[2025-08-17T21:45:03.036+0000] {processor.py:914} INFO - Processing file /home/airflow/.local/lib/python3.12/site-packages/airflow/example_dags/example_external_task_marker_dag.py for tasks to queue
[2025-08-17T21:45:03.039+0000] {logging_mixin.py:190} INFO - [2025-08-17T21:45:03.038+0000] {dagbag.py:588} INFO - Filling up the DagBag from /home/airflow/.local/lib/python3.12/site-packages/airflow/example_dags/example_external_task_marker_dag.py
[2025-08-17T21:45:03.047+0000] {processor.py:925} INFO - DAG(s) 'example_external_task_marker_parent', 'example_external_task_marker_child' retrieved from /home/airflow/.local/lib/python3.12/site-packages/airflow/example_dags/example_external_task_marker_dag.py
[2025-08-17T21:45:03.067+0000] {logging_mixin.py:190} INFO - [2025-08-17T21:45:03.067+0000] {dag.py:3239} INFO - Sync 2 DAGs
[2025-08-17T21:45:03.080+0000] {logging_mixin.py:190} INFO - [2025-08-17T21:45:03.080+0000] {dag.py:4180} INFO - Setting next_dagrun for example_external_task_marker_child to None, run_after=None
[2025-08-17T21:45:03.083+0000] {logging_mixin.py:190} INFO - [2025-08-17T21:45:03.083+0000] {dag.py:4180} INFO - Setting next_dagrun for example_external_task_marker_parent to None, run_after=None
[2025-08-17T21:45:03.104+0000] {processor.py:208} INFO - Processing /home/airflow/.local/lib/python3.12/site-packages/airflow/example_dags/example_external_task_marker_dag.py took 0.075 seconds
[2025-08-17T21:45:33.257+0000] {processor.py:186} INFO - Started process (PID=709) to work on /home/airflow/.local/lib/python3.12/site-packages/airflow/example_dags/example_external_task_marker_dag.py
[2025-08-17T21:45:33.258+0000] {processor.py:914} INFO - Processing file /home/airflow/.local/lib/python3.12/site-packages/airflow/example_dags/example_external_task_marker_dag.py for tasks to queue
[2025-08-17T21:45:33.261+0000] {logging_mixin.py:190} INFO - [2025-08-17T21:45:33.260+0000] {dagbag.py:588} INFO - Filling up the DagBag from /home/airflow/.local/lib/python3.12/site-packages/airflow/example_dags/example_external_task_marker_dag.py
[2025-08-17T21:45:33.268+0000] {processor.py:925} INFO - DAG(s) 'example_external_task_marker_parent', 'example_external_task_marker_child' retrieved from /home/airflow/.local/lib/python3.12/site-packages/airflow/example_dags/example_external_task_marker_dag.py
[2025-08-17T21:45:33.288+0000] {logging_mixin.py:190} INFO - [2025-08-17T21:45:33.288+0000] {dag.py:3239} INFO - Sync 2 DAGs
[2025-08-17T21:45:33.302+0000] {logging_mixin.py:190} INFO - [2025-08-17T21:45:33.302+0000] {dag.py:4180} INFO - Setting next_dagrun for example_external_task_marker_child to None, run_after=None
[2025-08-17T21:45:33.305+0000] {logging_mixin.py:190} INFO - [2025-08-17T21:45:33.305+0000] {dag.py:4180} INFO - Setting next_dagrun for example_external_task_marker_parent to None, run_after=None
[2025-08-17T21:45:33.318+0000] {processor.py:208} INFO - Processing /home/airflow/.local/lib/python3.12/site-packages/airflow/example_dags/example_external_task_marker_dag.py took 0.067 seconds
[2025-08-17T21:46:03.708+0000] {processor.py:186} INFO - Started process (PID=772) to work on /home/airflow/.local/lib/python3.12/site-packages/airflow/example_dags/example_external_task_marker_dag.py
[2025-08-17T21:46:03.709+0000] {processor.py:914} INFO - Processing file /home/airflow/.local/lib/python3.12/site-packages/airflow/example_dags/example_external_task_marker_dag.py for tasks to queue
[2025-08-17T21:46:03.711+0000] {logging_mixin.py:190} INFO - [2025-08-17T21:46:03.711+0000] {dagbag.py:588} INFO - Filling up the DagBag from /home/airflow/.local/lib/python3.12/site-packages/airflow/example_dags/example_external_task_marker_dag.py
[2025-08-17T21:46:03.719+0000] {processor.py:925} INFO - DAG(s) 'example_external_task_marker_child', 'example_external_task_marker_parent' retrieved from /home/airflow/.local/lib/python3.12/site-packages/airflow/example_dags/example_external_task_marker_dag.py
[2025-08-17T21:46:03.740+0000] {logging_mixin.py:190} INFO - [2025-08-17T21:46:03.740+0000] {dag.py:3239} INFO - Sync 2 DAGs
[2025-08-17T21:46:03.752+0000] {logging_mixin.py:190} INFO - [2025-08-17T21:46:03.752+0000] {dag.py:4180} INFO - Setting next_dagrun for example_external_task_marker_child to None, run_after=None
[2025-08-17T21:46:03.756+0000] {logging_mixin.py:190} INFO - [2025-08-17T21:46:03.756+0000] {dag.py:4180} INFO - Setting next_dagrun for example_external_task_marker_parent to None, run_after=None
[2025-08-17T21:46:03.769+0000] {processor.py:208} INFO - Processing /home/airflow/.local/lib/python3.12/site-packages/airflow/example_dags/example_external_task_marker_dag.py took 0.066 seconds
[2025-08-17T21:46:34.244+0000] {processor.py:186} INFO - Started process (PID=835) to work on /home/airflow/.local/lib/python3.12/site-packages/airflow/example_dags/example_external_task_marker_dag.py
[2025-08-17T21:46:34.245+0000] {processor.py:914} INFO - Processing file /home/airflow/.local/lib/python3.12/site-packages/airflow/example_dags/example_external_task_marker_dag.py for tasks to queue
[2025-08-17T21:46:34.247+0000] {logging_mixin.py:190} INFO - [2025-08-17T21:46:34.247+0000] {dagbag.py:588} INFO - Filling up the DagBag from /home/airflow/.local/lib/python3.12/site-packages/airflow/example_dags/example_external_task_marker_dag.py
[2025-08-17T21:46:34.254+0000] {processor.py:925} INFO - DAG(s) 'example_external_task_marker_child', 'example_external_task_marker_parent' retrieved from /home/airflow/.local/lib/python3.12/site-packages/airflow/example_dags/example_external_task_marker_dag.py
[2025-08-17T21:46:34.275+0000] {logging_mixin.py:190} INFO - [2025-08-17T21:46:34.275+0000] {dag.py:3239} INFO - Sync 2 DAGs
[2025-08-17T21:46:34.288+0000] {logging_mixin.py:190} INFO - [2025-08-17T21:46:34.287+0000] {dag.py:4180} INFO - Setting next_dagrun for example_external_task_marker_child to None, run_after=None
[2025-08-17T21:46:34.291+0000] {logging_mixin.py:190} INFO - [2025-08-17T21:46:34.291+0000] {dag.py:4180} INFO - Setting next_dagrun for example_external_task_marker_parent to None, run_after=None
[2025-08-17T21:46:34.304+0000] {processor.py:208} INFO - Processing /home/airflow/.local/lib/python3.12/site-packages/airflow/example_dags/example_external_task_marker_dag.py took 0.065 seconds
[2025-08-17T21:47:04.662+0000] {processor.py:186} INFO - Started process (PID=898) to work on /home/airflow/.local/lib/python3.12/site-packages/airflow/example_dags/example_external_task_marker_dag.py
[2025-08-17T21:47:04.663+0000] {processor.py:914} INFO - Processing file /home/airflow/.local/lib/python3.12/site-packages/airflow/example_dags/example_external_task_marker_dag.py for tasks to queue
[2025-08-17T21:47:04.665+0000] {logging_mixin.py:190} INFO - [2025-08-17T21:47:04.665+0000] {dagbag.py:588} INFO - Filling up the DagBag from /home/airflow/.local/lib/python3.12/site-packages/airflow/example_dags/example_external_task_marker_dag.py
[2025-08-17T21:47:04.675+0000] {processor.py:925} INFO - DAG(s) 'example_external_task_marker_child', 'example_external_task_marker_parent' retrieved from /home/airflow/.local/lib/python3.12/site-packages/airflow/example_dags/example_external_task_marker_dag.py
[2025-08-17T21:47:04.696+0000] {logging_mixin.py:190} INFO - [2025-08-17T21:47:04.696+0000] {dag.py:3239} INFO - Sync 2 DAGs
[2025-08-17T21:47:04.710+0000] {logging_mixin.py:190} INFO - [2025-08-17T21:47:04.710+0000] {dag.py:4180} INFO - Setting next_dagrun for example_external_task_marker_child to None, run_after=None
[2025-08-17T21:47:04.714+0000] {logging_mixin.py:190} INFO - [2025-08-17T21:47:04.714+0000] {dag.py:4180} INFO - Setting next_dagrun for example_external_task_marker_parent to None, run_after=None
[2025-08-17T21:47:04.731+0000] {processor.py:208} INFO - Processing /home/airflow/.local/lib/python3.12/site-packages/airflow/example_dags/example_external_task_marker_dag.py took 0.074 seconds
[2025-08-17T21:47:34.861+0000] {processor.py:186} INFO - Started process (PID=961) to work on /home/airflow/.local/lib/python3.12/site-packages/airflow/example_dags/example_external_task_marker_dag.py
[2025-08-17T21:47:34.862+0000] {processor.py:914} INFO - Processing file /home/airflow/.local/lib/python3.12/site-packages/airflow/example_dags/example_external_task_marker_dag.py for tasks to queue
[2025-08-17T21:47:34.864+0000] {logging_mixin.py:190} INFO - [2025-08-17T21:47:34.864+0000] {dagbag.py:588} INFO - Filling up the DagBag from /home/airflow/.local/lib/python3.12/site-packages/airflow/example_dags/example_external_task_marker_dag.py
[2025-08-17T21:47:34.873+0000] {processor.py:925} INFO - DAG(s) 'example_external_task_marker_parent', 'example_external_task_marker_child' retrieved from /home/airflow/.local/lib/python3.12/site-packages/airflow/example_dags/example_external_task_marker_dag.py
[2025-08-17T21:47:34.894+0000] {logging_mixin.py:190} INFO - [2025-08-17T21:47:34.894+0000] {dag.py:3239} INFO - Sync 2 DAGs
[2025-08-17T21:47:34.907+0000] {logging_mixin.py:190} INFO - [2025-08-17T21:47:34.907+0000] {dag.py:4180} INFO - Setting next_dagrun for example_external_task_marker_child to None, run_after=None
[2025-08-17T21:47:34.910+0000] {logging_mixin.py:190} INFO - [2025-08-17T21:47:34.910+0000] {dag.py:4180} INFO - Setting next_dagrun for example_external_task_marker_parent to None, run_after=None
[2025-08-17T21:47:34.930+0000] {processor.py:208} INFO - Processing /home/airflow/.local/lib/python3.12/site-packages/airflow/example_dags/example_external_task_marker_dag.py took 0.075 seconds
[2025-08-17T21:48:05.054+0000] {processor.py:186} INFO - Started process (PID=1024) to work on /home/airflow/.local/lib/python3.12/site-packages/airflow/example_dags/example_external_task_marker_dag.py
[2025-08-17T21:48:05.055+0000] {processor.py:914} INFO - Processing file /home/airflow/.local/lib/python3.12/site-packages/airflow/example_dags/example_external_task_marker_dag.py for tasks to queue
[2025-08-17T21:48:05.057+0000] {logging_mixin.py:190} INFO - [2025-08-17T21:48:05.057+0000] {dagbag.py:588} INFO - Filling up the DagBag from /home/airflow/.local/lib/python3.12/site-packages/airflow/example_dags/example_external_task_marker_dag.py
[2025-08-17T21:48:05.065+0000] {processor.py:925} INFO - DAG(s) 'example_external_task_marker_child', 'example_external_task_marker_parent' retrieved from /home/airflow/.local/lib/python3.12/site-packages/airflow/example_dags/example_external_task_marker_dag.py
[2025-08-17T21:48:05.087+0000] {logging_mixin.py:190} INFO - [2025-08-17T21:48:05.086+0000] {dag.py:3239} INFO - Sync 2 DAGs
[2025-08-17T21:48:05.101+0000] {logging_mixin.py:190} INFO - [2025-08-17T21:48:05.101+0000] {dag.py:4180} INFO - Setting next_dagrun for example_external_task_marker_child to None, run_after=None
[2025-08-17T21:48:05.104+0000] {logging_mixin.py:190} INFO - [2025-08-17T21:48:05.104+0000] {dag.py:4180} INFO - Setting next_dagrun for example_external_task_marker_parent to None, run_after=None
[2025-08-17T21:48:05.118+0000] {processor.py:208} INFO - Processing /home/airflow/.local/lib/python3.12/site-packages/airflow/example_dags/example_external_task_marker_dag.py took 0.070 seconds
