[2025-08-17T21:40:30.469+0000] {processor.py:186} INFO - Started process (PID=86) to work on /home/airflow/.local/lib/python3.12/site-packages/airflow/example_dags/example_params_trigger_ui.py
[2025-08-17T21:40:30.462+0000] {processor.py:914} INFO - Processing file /home/airflow/.local/lib/python3.12/site-packages/airflow/example_dags/example_params_trigger_ui.py for tasks to queue
[2025-08-17T21:40:30.464+0000] {logging_mixin.py:190} INFO - [2025-08-17T21:40:30.464+0000] {dagbag.py:588} INFO - Filling up the DagBag from /home/airflow/.local/lib/python3.12/site-packages/airflow/example_dags/example_params_trigger_ui.py
[2025-08-17T21:40:30.477+0000] {processor.py:925} INFO - DAG(s) 'example_params_trigger_ui' retrieved from /home/airflow/.local/lib/python3.12/site-packages/airflow/example_dags/example_params_trigger_ui.py
[2025-08-17T21:40:30.609+0000] {logging_mixin.py:190} INFO - [2025-08-17T21:40:30.608+0000] {override.py:1930} INFO - Created Permission View: can read on DAG:example_params_trigger_ui
[2025-08-17T21:40:30.617+0000] {logging_mixin.py:190} INFO - [2025-08-17T21:40:30.616+0000] {override.py:1930} INFO - Created Permission View: can edit on DAG:example_params_trigger_ui
[2025-08-17T21:40:30.621+0000] {logging_mixin.py:190} INFO - [2025-08-17T21:40:30.621+0000] {override.py:1930} INFO - Created Permission View: can delete on DAG:example_params_trigger_ui
[2025-08-17T21:40:30.627+0000] {logging_mixin.py:190} INFO - [2025-08-17T21:40:30.627+0000] {override.py:1930} INFO - Created Permission View: can read on DAG Run:example_params_trigger_ui
[2025-08-17T21:40:30.632+0000] {logging_mixin.py:190} INFO - [2025-08-17T21:40:30.632+0000] {override.py:1930} INFO - Created Permission View: can create on DAG Run:example_params_trigger_ui
[2025-08-17T21:40:30.637+0000] {logging_mixin.py:190} INFO - [2025-08-17T21:40:30.636+0000] {override.py:1930} INFO - Created Permission View: can delete on DAG Run:example_params_trigger_ui
[2025-08-17T21:40:30.642+0000] {logging_mixin.py:190} INFO - [2025-08-17T21:40:30.641+0000] {override.py:1930} INFO - Created Permission View: menu access on DAG Run:example_params_trigger_ui
[2025-08-17T21:40:30.642+0000] {logging_mixin.py:190} INFO - [2025-08-17T21:40:30.642+0000] {dag.py:3239} INFO - Sync 1 DAGs
[2025-08-17T21:40:30.652+0000] {logging_mixin.py:190} INFO - [2025-08-17T21:40:30.652+0000] {dag.py:3262} INFO - Creating ORM DAG for example_params_trigger_ui
[2025-08-17T21:40:30.653+0000] {logging_mixin.py:190} INFO - [2025-08-17T21:40:30.653+0000] {dag.py:4180} INFO - Setting next_dagrun for example_params_trigger_ui to None, run_after=None
[2025-08-17T21:40:30.668+0000] {processor.py:208} INFO - Processing /home/airflow/.local/lib/python3.12/site-packages/airflow/example_dags/example_params_trigger_ui.py took 0.212 seconds
[2025-08-17T21:41:00.952+0000] {processor.py:186} INFO - Started process (PID=149) to work on /home/airflow/.local/lib/python3.12/site-packages/airflow/example_dags/example_params_trigger_ui.py
[2025-08-17T21:41:00.953+0000] {processor.py:914} INFO - Processing file /home/airflow/.local/lib/python3.12/site-packages/airflow/example_dags/example_params_trigger_ui.py for tasks to queue
[2025-08-17T21:41:00.955+0000] {logging_mixin.py:190} INFO - [2025-08-17T21:41:00.955+0000] {dagbag.py:588} INFO - Filling up the DagBag from /home/airflow/.local/lib/python3.12/site-packages/airflow/example_dags/example_params_trigger_ui.py
[2025-08-17T21:41:00.965+0000] {processor.py:925} INFO - DAG(s) 'example_params_trigger_ui' retrieved from /home/airflow/.local/lib/python3.12/site-packages/airflow/example_dags/example_params_trigger_ui.py
[2025-08-17T21:41:01.000+0000] {logging_mixin.py:190} INFO - [2025-08-17T21:41:01.000+0000] {dag.py:3239} INFO - Sync 1 DAGs
[2025-08-17T21:41:01.012+0000] {logging_mixin.py:190} INFO - [2025-08-17T21:41:01.012+0000] {dag.py:4180} INFO - Setting next_dagrun for example_params_trigger_ui to None, run_after=None
[2025-08-17T21:41:01.028+0000] {processor.py:208} INFO - Processing /home/airflow/.local/lib/python3.12/site-packages/airflow/example_dags/example_params_trigger_ui.py took 0.081 seconds
[2025-08-17T21:41:31.300+0000] {processor.py:186} INFO - Started process (PID=211) to work on /home/airflow/.local/lib/python3.12/site-packages/airflow/example_dags/example_params_trigger_ui.py
[2025-08-17T21:41:31.301+0000] {processor.py:914} INFO - Processing file /home/airflow/.local/lib/python3.12/site-packages/airflow/example_dags/example_params_trigger_ui.py for tasks to queue
[2025-08-17T21:41:31.303+0000] {logging_mixin.py:190} INFO - [2025-08-17T21:41:31.303+0000] {dagbag.py:588} INFO - Filling up the DagBag from /home/airflow/.local/lib/python3.12/site-packages/airflow/example_dags/example_params_trigger_ui.py
[2025-08-17T21:41:31.314+0000] {processor.py:925} INFO - DAG(s) 'example_params_trigger_ui' retrieved from /home/airflow/.local/lib/python3.12/site-packages/airflow/example_dags/example_params_trigger_ui.py
[2025-08-17T21:41:31.351+0000] {logging_mixin.py:190} INFO - [2025-08-17T21:41:31.351+0000] {dag.py:3239} INFO - Sync 1 DAGs
[2025-08-17T21:41:31.363+0000] {logging_mixin.py:190} INFO - [2025-08-17T21:41:31.363+0000] {dag.py:4180} INFO - Setting next_dagrun for example_params_trigger_ui to None, run_after=None
[2025-08-17T21:41:31.381+0000] {processor.py:208} INFO - Processing /home/airflow/.local/lib/python3.12/site-packages/airflow/example_dags/example_params_trigger_ui.py took 0.087 seconds
[2025-08-17T21:42:01.959+0000] {processor.py:186} INFO - Started process (PID=274) to work on /home/airflow/.local/lib/python3.12/site-packages/airflow/example_dags/example_params_trigger_ui.py
[2025-08-17T21:42:01.960+0000] {processor.py:914} INFO - Processing file /home/airflow/.local/lib/python3.12/site-packages/airflow/example_dags/example_params_trigger_ui.py for tasks to queue
[2025-08-17T21:42:01.962+0000] {logging_mixin.py:190} INFO - [2025-08-17T21:42:01.962+0000] {dagbag.py:588} INFO - Filling up the DagBag from /home/airflow/.local/lib/python3.12/site-packages/airflow/example_dags/example_params_trigger_ui.py
[2025-08-17T21:42:01.974+0000] {processor.py:925} INFO - DAG(s) 'example_params_trigger_ui' retrieved from /home/airflow/.local/lib/python3.12/site-packages/airflow/example_dags/example_params_trigger_ui.py
[2025-08-17T21:42:02.009+0000] {logging_mixin.py:190} INFO - [2025-08-17T21:42:02.009+0000] {dag.py:3239} INFO - Sync 1 DAGs
[2025-08-17T21:42:02.021+0000] {logging_mixin.py:190} INFO - [2025-08-17T21:42:02.020+0000] {dag.py:4180} INFO - Setting next_dagrun for example_params_trigger_ui to None, run_after=None
[2025-08-17T21:42:02.041+0000] {processor.py:208} INFO - Processing /home/airflow/.local/lib/python3.12/site-packages/airflow/example_dags/example_params_trigger_ui.py took 0.088 seconds
[2025-08-17T21:42:32.447+0000] {processor.py:186} INFO - Started process (PID=337) to work on /home/airflow/.local/lib/python3.12/site-packages/airflow/example_dags/example_params_trigger_ui.py
[2025-08-17T21:42:32.448+0000] {processor.py:914} INFO - Processing file /home/airflow/.local/lib/python3.12/site-packages/airflow/example_dags/example_params_trigger_ui.py for tasks to queue
[2025-08-17T21:42:32.451+0000] {logging_mixin.py:190} INFO - [2025-08-17T21:42:32.450+0000] {dagbag.py:588} INFO - Filling up the DagBag from /home/airflow/.local/lib/python3.12/site-packages/airflow/example_dags/example_params_trigger_ui.py
[2025-08-17T21:42:32.461+0000] {processor.py:925} INFO - DAG(s) 'example_params_trigger_ui' retrieved from /home/airflow/.local/lib/python3.12/site-packages/airflow/example_dags/example_params_trigger_ui.py
[2025-08-17T21:42:32.500+0000] {logging_mixin.py:190} INFO - [2025-08-17T21:42:32.500+0000] {dag.py:3239} INFO - Sync 1 DAGs
[2025-08-17T21:42:32.513+0000] {logging_mixin.py:190} INFO - [2025-08-17T21:42:32.513+0000] {dag.py:4180} INFO - Setting next_dagrun for example_params_trigger_ui to None, run_after=None
[2025-08-17T21:42:32.534+0000] {processor.py:208} INFO - Processing /home/airflow/.local/lib/python3.12/site-packages/airflow/example_dags/example_params_trigger_ui.py took 0.092 seconds
[2025-08-17T21:43:03.828+0000] {processor.py:186} INFO - Started process (PID=400) to work on /home/airflow/.local/lib/python3.12/site-packages/airflow/example_dags/example_params_trigger_ui.py
[2025-08-17T21:43:03.829+0000] {processor.py:914} INFO - Processing file /home/airflow/.local/lib/python3.12/site-packages/airflow/example_dags/example_params_trigger_ui.py for tasks to queue
[2025-08-17T21:43:03.831+0000] {logging_mixin.py:190} INFO - [2025-08-17T21:43:03.831+0000] {dagbag.py:588} INFO - Filling up the DagBag from /home/airflow/.local/lib/python3.12/site-packages/airflow/example_dags/example_params_trigger_ui.py
[2025-08-17T21:43:03.842+0000] {processor.py:925} INFO - DAG(s) 'example_params_trigger_ui' retrieved from /home/airflow/.local/lib/python3.12/site-packages/airflow/example_dags/example_params_trigger_ui.py
[2025-08-17T21:43:03.877+0000] {logging_mixin.py:190} INFO - [2025-08-17T21:43:03.877+0000] {dag.py:3239} INFO - Sync 1 DAGs
[2025-08-17T21:43:03.890+0000] {logging_mixin.py:190} INFO - [2025-08-17T21:43:03.890+0000] {dag.py:4180} INFO - Setting next_dagrun for example_params_trigger_ui to None, run_after=None
[2025-08-17T21:43:03.905+0000] {processor.py:208} INFO - Processing /home/airflow/.local/lib/python3.12/site-packages/airflow/example_dags/example_params_trigger_ui.py took 0.083 seconds
[2025-08-17T21:43:34.102+0000] {processor.py:186} INFO - Started process (PID=463) to work on /home/airflow/.local/lib/python3.12/site-packages/airflow/example_dags/example_params_trigger_ui.py
[2025-08-17T21:43:34.103+0000] {processor.py:914} INFO - Processing file /home/airflow/.local/lib/python3.12/site-packages/airflow/example_dags/example_params_trigger_ui.py for tasks to queue
[2025-08-17T21:43:34.105+0000] {logging_mixin.py:190} INFO - [2025-08-17T21:43:34.105+0000] {dagbag.py:588} INFO - Filling up the DagBag from /home/airflow/.local/lib/python3.12/site-packages/airflow/example_dags/example_params_trigger_ui.py
[2025-08-17T21:43:34.115+0000] {processor.py:925} INFO - DAG(s) 'example_params_trigger_ui' retrieved from /home/airflow/.local/lib/python3.12/site-packages/airflow/example_dags/example_params_trigger_ui.py
[2025-08-17T21:43:34.152+0000] {logging_mixin.py:190} INFO - [2025-08-17T21:43:34.152+0000] {dag.py:3239} INFO - Sync 1 DAGs
[2025-08-17T21:43:34.167+0000] {logging_mixin.py:190} INFO - [2025-08-17T21:43:34.166+0000] {dag.py:4180} INFO - Setting next_dagrun for example_params_trigger_ui to None, run_after=None
[2025-08-17T21:43:34.190+0000] {processor.py:208} INFO - Processing /home/airflow/.local/lib/python3.12/site-packages/airflow/example_dags/example_params_trigger_ui.py took 0.094 seconds
[2025-08-17T21:44:04.371+0000] {processor.py:186} INFO - Started process (PID=525) to work on /home/airflow/.local/lib/python3.12/site-packages/airflow/example_dags/example_params_trigger_ui.py
[2025-08-17T21:44:04.372+0000] {processor.py:914} INFO - Processing file /home/airflow/.local/lib/python3.12/site-packages/airflow/example_dags/example_params_trigger_ui.py for tasks to queue
[2025-08-17T21:44:04.374+0000] {logging_mixin.py:190} INFO - [2025-08-17T21:44:04.373+0000] {dagbag.py:588} INFO - Filling up the DagBag from /home/airflow/.local/lib/python3.12/site-packages/airflow/example_dags/example_params_trigger_ui.py
[2025-08-17T21:44:04.384+0000] {processor.py:925} INFO - DAG(s) 'example_params_trigger_ui' retrieved from /home/airflow/.local/lib/python3.12/site-packages/airflow/example_dags/example_params_trigger_ui.py
[2025-08-17T21:44:04.418+0000] {logging_mixin.py:190} INFO - [2025-08-17T21:44:04.417+0000] {dag.py:3239} INFO - Sync 1 DAGs
[2025-08-17T21:44:04.429+0000] {logging_mixin.py:190} INFO - [2025-08-17T21:44:04.429+0000] {dag.py:4180} INFO - Setting next_dagrun for example_params_trigger_ui to None, run_after=None
[2025-08-17T21:44:04.444+0000] {processor.py:208} INFO - Processing /home/airflow/.local/lib/python3.12/site-packages/airflow/example_dags/example_params_trigger_ui.py took 0.078 seconds
[2025-08-17T21:44:34.971+0000] {processor.py:186} INFO - Started process (PID=588) to work on /home/airflow/.local/lib/python3.12/site-packages/airflow/example_dags/example_params_trigger_ui.py
[2025-08-17T21:44:34.972+0000] {processor.py:914} INFO - Processing file /home/airflow/.local/lib/python3.12/site-packages/airflow/example_dags/example_params_trigger_ui.py for tasks to queue
[2025-08-17T21:44:34.974+0000] {logging_mixin.py:190} INFO - [2025-08-17T21:44:34.974+0000] {dagbag.py:588} INFO - Filling up the DagBag from /home/airflow/.local/lib/python3.12/site-packages/airflow/example_dags/example_params_trigger_ui.py
[2025-08-17T21:44:34.984+0000] {processor.py:925} INFO - DAG(s) 'example_params_trigger_ui' retrieved from /home/airflow/.local/lib/python3.12/site-packages/airflow/example_dags/example_params_trigger_ui.py
[2025-08-17T21:44:35.017+0000] {logging_mixin.py:190} INFO - [2025-08-17T21:44:35.016+0000] {dag.py:3239} INFO - Sync 1 DAGs
[2025-08-17T21:44:35.029+0000] {logging_mixin.py:190} INFO - [2025-08-17T21:44:35.029+0000] {dag.py:4180} INFO - Setting next_dagrun for example_params_trigger_ui to None, run_after=None
[2025-08-17T21:44:35.044+0000] {processor.py:208} INFO - Processing /home/airflow/.local/lib/python3.12/site-packages/airflow/example_dags/example_params_trigger_ui.py took 0.079 seconds
[2025-08-17T21:45:05.268+0000] {processor.py:186} INFO - Started process (PID=651) to work on /home/airflow/.local/lib/python3.12/site-packages/airflow/example_dags/example_params_trigger_ui.py
[2025-08-17T21:45:05.269+0000] {processor.py:914} INFO - Processing file /home/airflow/.local/lib/python3.12/site-packages/airflow/example_dags/example_params_trigger_ui.py for tasks to queue
[2025-08-17T21:45:05.271+0000] {logging_mixin.py:190} INFO - [2025-08-17T21:45:05.271+0000] {dagbag.py:588} INFO - Filling up the DagBag from /home/airflow/.local/lib/python3.12/site-packages/airflow/example_dags/example_params_trigger_ui.py
[2025-08-17T21:45:05.281+0000] {processor.py:925} INFO - DAG(s) 'example_params_trigger_ui' retrieved from /home/airflow/.local/lib/python3.12/site-packages/airflow/example_dags/example_params_trigger_ui.py
[2025-08-17T21:45:05.317+0000] {logging_mixin.py:190} INFO - [2025-08-17T21:45:05.317+0000] {dag.py:3239} INFO - Sync 1 DAGs
[2025-08-17T21:45:05.330+0000] {logging_mixin.py:190} INFO - [2025-08-17T21:45:05.330+0000] {dag.py:4180} INFO - Setting next_dagrun for example_params_trigger_ui to None, run_after=None
[2025-08-17T21:45:05.345+0000] {processor.py:208} INFO - Processing /home/airflow/.local/lib/python3.12/site-packages/airflow/example_dags/example_params_trigger_ui.py took 0.082 seconds
[2025-08-17T21:45:35.486+0000] {processor.py:186} INFO - Started process (PID=714) to work on /home/airflow/.local/lib/python3.12/site-packages/airflow/example_dags/example_params_trigger_ui.py
[2025-08-17T21:45:35.487+0000] {processor.py:914} INFO - Processing file /home/airflow/.local/lib/python3.12/site-packages/airflow/example_dags/example_params_trigger_ui.py for tasks to queue
[2025-08-17T21:45:35.489+0000] {logging_mixin.py:190} INFO - [2025-08-17T21:45:35.488+0000] {dagbag.py:588} INFO - Filling up the DagBag from /home/airflow/.local/lib/python3.12/site-packages/airflow/example_dags/example_params_trigger_ui.py
[2025-08-17T21:45:35.499+0000] {processor.py:925} INFO - DAG(s) 'example_params_trigger_ui' retrieved from /home/airflow/.local/lib/python3.12/site-packages/airflow/example_dags/example_params_trigger_ui.py
[2025-08-17T21:45:35.533+0000] {logging_mixin.py:190} INFO - [2025-08-17T21:45:35.533+0000] {dag.py:3239} INFO - Sync 1 DAGs
[2025-08-17T21:45:35.546+0000] {logging_mixin.py:190} INFO - [2025-08-17T21:45:35.546+0000] {dag.py:4180} INFO - Setting next_dagrun for example_params_trigger_ui to None, run_after=None
[2025-08-17T21:45:35.562+0000] {processor.py:208} INFO - Processing /home/airflow/.local/lib/python3.12/site-packages/airflow/example_dags/example_params_trigger_ui.py took 0.081 seconds
[2025-08-17T21:46:05.948+0000] {processor.py:186} INFO - Started process (PID=777) to work on /home/airflow/.local/lib/python3.12/site-packages/airflow/example_dags/example_params_trigger_ui.py
[2025-08-17T21:46:05.949+0000] {processor.py:914} INFO - Processing file /home/airflow/.local/lib/python3.12/site-packages/airflow/example_dags/example_params_trigger_ui.py for tasks to queue
[2025-08-17T21:46:05.951+0000] {logging_mixin.py:190} INFO - [2025-08-17T21:46:05.951+0000] {dagbag.py:588} INFO - Filling up the DagBag from /home/airflow/.local/lib/python3.12/site-packages/airflow/example_dags/example_params_trigger_ui.py
[2025-08-17T21:46:05.962+0000] {processor.py:925} INFO - DAG(s) 'example_params_trigger_ui' retrieved from /home/airflow/.local/lib/python3.12/site-packages/airflow/example_dags/example_params_trigger_ui.py
[2025-08-17T21:46:05.998+0000] {logging_mixin.py:190} INFO - [2025-08-17T21:46:05.998+0000] {dag.py:3239} INFO - Sync 1 DAGs
[2025-08-17T21:46:06.011+0000] {logging_mixin.py:190} INFO - [2025-08-17T21:46:06.011+0000] {dag.py:4180} INFO - Setting next_dagrun for example_params_trigger_ui to None, run_after=None
[2025-08-17T21:46:06.026+0000] {processor.py:208} INFO - Processing /home/airflow/.local/lib/python3.12/site-packages/airflow/example_dags/example_params_trigger_ui.py took 0.083 seconds
[2025-08-17T21:46:36.486+0000] {processor.py:186} INFO - Started process (PID=840) to work on /home/airflow/.local/lib/python3.12/site-packages/airflow/example_dags/example_params_trigger_ui.py
[2025-08-17T21:46:36.487+0000] {processor.py:914} INFO - Processing file /home/airflow/.local/lib/python3.12/site-packages/airflow/example_dags/example_params_trigger_ui.py for tasks to queue
[2025-08-17T21:46:36.490+0000] {logging_mixin.py:190} INFO - [2025-08-17T21:46:36.489+0000] {dagbag.py:588} INFO - Filling up the DagBag from /home/airflow/.local/lib/python3.12/site-packages/airflow/example_dags/example_params_trigger_ui.py
[2025-08-17T21:46:36.500+0000] {processor.py:925} INFO - DAG(s) 'example_params_trigger_ui' retrieved from /home/airflow/.local/lib/python3.12/site-packages/airflow/example_dags/example_params_trigger_ui.py
[2025-08-17T21:46:36.534+0000] {logging_mixin.py:190} INFO - [2025-08-17T21:46:36.533+0000] {dag.py:3239} INFO - Sync 1 DAGs
[2025-08-17T21:46:36.546+0000] {logging_mixin.py:190} INFO - [2025-08-17T21:46:36.546+0000] {dag.py:4180} INFO - Setting next_dagrun for example_params_trigger_ui to None, run_after=None
[2025-08-17T21:46:36.564+0000] {processor.py:208} INFO - Processing /home/airflow/.local/lib/python3.12/site-packages/airflow/example_dags/example_params_trigger_ui.py took 0.083 seconds
[2025-08-17T21:47:06.910+0000] {processor.py:186} INFO - Started process (PID=903) to work on /home/airflow/.local/lib/python3.12/site-packages/airflow/example_dags/example_params_trigger_ui.py
[2025-08-17T21:47:06.911+0000] {processor.py:914} INFO - Processing file /home/airflow/.local/lib/python3.12/site-packages/airflow/example_dags/example_params_trigger_ui.py for tasks to queue
[2025-08-17T21:47:06.913+0000] {logging_mixin.py:190} INFO - [2025-08-17T21:47:06.913+0000] {dagbag.py:588} INFO - Filling up the DagBag from /home/airflow/.local/lib/python3.12/site-packages/airflow/example_dags/example_params_trigger_ui.py
[2025-08-17T21:47:06.924+0000] {processor.py:925} INFO - DAG(s) 'example_params_trigger_ui' retrieved from /home/airflow/.local/lib/python3.12/site-packages/airflow/example_dags/example_params_trigger_ui.py
[2025-08-17T21:47:06.958+0000] {logging_mixin.py:190} INFO - [2025-08-17T21:47:06.958+0000] {dag.py:3239} INFO - Sync 1 DAGs
[2025-08-17T21:47:06.969+0000] {logging_mixin.py:190} INFO - [2025-08-17T21:47:06.969+0000] {dag.py:4180} INFO - Setting next_dagrun for example_params_trigger_ui to None, run_after=None
[2025-08-17T21:47:06.985+0000] {processor.py:208} INFO - Processing /home/airflow/.local/lib/python3.12/site-packages/airflow/example_dags/example_params_trigger_ui.py took 0.080 seconds
[2025-08-17T21:47:37.103+0000] {processor.py:186} INFO - Started process (PID=966) to work on /home/airflow/.local/lib/python3.12/site-packages/airflow/example_dags/example_params_trigger_ui.py
[2025-08-17T21:47:37.104+0000] {processor.py:914} INFO - Processing file /home/airflow/.local/lib/python3.12/site-packages/airflow/example_dags/example_params_trigger_ui.py for tasks to queue
[2025-08-17T21:47:37.106+0000] {logging_mixin.py:190} INFO - [2025-08-17T21:47:37.106+0000] {dagbag.py:588} INFO - Filling up the DagBag from /home/airflow/.local/lib/python3.12/site-packages/airflow/example_dags/example_params_trigger_ui.py
[2025-08-17T21:47:37.115+0000] {processor.py:925} INFO - DAG(s) 'example_params_trigger_ui' retrieved from /home/airflow/.local/lib/python3.12/site-packages/airflow/example_dags/example_params_trigger_ui.py
[2025-08-17T21:47:37.150+0000] {logging_mixin.py:190} INFO - [2025-08-17T21:47:37.150+0000] {dag.py:3239} INFO - Sync 1 DAGs
[2025-08-17T21:47:37.164+0000] {logging_mixin.py:190} INFO - [2025-08-17T21:47:37.164+0000] {dag.py:4180} INFO - Setting next_dagrun for example_params_trigger_ui to None, run_after=None
[2025-08-17T21:47:37.179+0000] {processor.py:208} INFO - Processing /home/airflow/.local/lib/python3.12/site-packages/airflow/example_dags/example_params_trigger_ui.py took 0.082 seconds
[2025-08-17T21:48:07.312+0000] {processor.py:186} INFO - Started process (PID=1029) to work on /home/airflow/.local/lib/python3.12/site-packages/airflow/example_dags/example_params_trigger_ui.py
[2025-08-17T21:48:07.313+0000] {processor.py:914} INFO - Processing file /home/airflow/.local/lib/python3.12/site-packages/airflow/example_dags/example_params_trigger_ui.py for tasks to queue
[2025-08-17T21:48:07.315+0000] {logging_mixin.py:190} INFO - [2025-08-17T21:48:07.315+0000] {dagbag.py:588} INFO - Filling up the DagBag from /home/airflow/.local/lib/python3.12/site-packages/airflow/example_dags/example_params_trigger_ui.py
[2025-08-17T21:48:07.325+0000] {processor.py:925} INFO - DAG(s) 'example_params_trigger_ui' retrieved from /home/airflow/.local/lib/python3.12/site-packages/airflow/example_dags/example_params_trigger_ui.py
[2025-08-17T21:48:07.359+0000] {logging_mixin.py:190} INFO - [2025-08-17T21:48:07.359+0000] {dag.py:3239} INFO - Sync 1 DAGs
[2025-08-17T21:48:07.371+0000] {logging_mixin.py:190} INFO - [2025-08-17T21:48:07.371+0000] {dag.py:4180} INFO - Setting next_dagrun for example_params_trigger_ui to None, run_after=None
[2025-08-17T21:48:07.386+0000] {processor.py:208} INFO - Processing /home/airflow/.local/lib/python3.12/site-packages/airflow/example_dags/example_params_trigger_ui.py took 0.079 seconds
