[2025-08-17T21:40:33.602+0000] {processor.py:186} INFO - Started process (PID=109) to work on /home/airflow/.local/lib/python3.12/site-packages/airflow/example_dags/example_inlet_event_extra.py
[2025-08-17T21:40:33.603+0000] {processor.py:914} INFO - Processing file /home/airflow/.local/lib/python3.12/site-packages/airflow/example_dags/example_inlet_event_extra.py for tasks to queue
[2025-08-17T21:40:33.605+0000] {logging_mixin.py:190} INFO - [2025-08-17T21:40:33.605+0000] {dagbag.py:588} INFO - Filling up the DagBag from /home/airflow/.local/lib/python3.12/site-packages/airflow/example_dags/example_inlet_event_extra.py
[2025-08-17T21:40:34.110+0000] {processor.py:925} INFO - DAG(s) 'read_dataset_event', 'read_dataset_event_from_classic' retrieved from /home/airflow/.local/lib/python3.12/site-packages/airflow/example_dags/example_inlet_event_extra.py
[2025-08-17T21:40:34.209+0000] {logging_mixin.py:190} INFO - [2025-08-17T21:40:34.208+0000] {override.py:1930} INFO - Created Permission View: can read on DAG:read_dataset_event
[2025-08-17T21:40:34.217+0000] {logging_mixin.py:190} INFO - [2025-08-17T21:40:34.217+0000] {override.py:1930} INFO - Created Permission View: can edit on DAG:read_dataset_event
[2025-08-17T21:40:34.222+0000] {logging_mixin.py:190} INFO - [2025-08-17T21:40:34.221+0000] {override.py:1930} INFO - Created Permission View: can delete on DAG:read_dataset_event
[2025-08-17T21:40:34.228+0000] {logging_mixin.py:190} INFO - [2025-08-17T21:40:34.227+0000] {override.py:1930} INFO - Created Permission View: can read on DAG Run:read_dataset_event
[2025-08-17T21:40:34.233+0000] {logging_mixin.py:190} INFO - [2025-08-17T21:40:34.232+0000] {override.py:1930} INFO - Created Permission View: can create on DAG Run:read_dataset_event
[2025-08-17T21:40:34.237+0000] {logging_mixin.py:190} INFO - [2025-08-17T21:40:34.237+0000] {override.py:1930} INFO - Created Permission View: can delete on DAG Run:read_dataset_event
[2025-08-17T21:40:34.243+0000] {logging_mixin.py:190} INFO - [2025-08-17T21:40:34.242+0000] {override.py:1930} INFO - Created Permission View: menu access on DAG Run:read_dataset_event
[2025-08-17T21:40:34.252+0000] {logging_mixin.py:190} INFO - [2025-08-17T21:40:34.252+0000] {override.py:1930} INFO - Created Permission View: can read on DAG:read_dataset_event_from_classic
[2025-08-17T21:40:34.256+0000] {logging_mixin.py:190} INFO - [2025-08-17T21:40:34.256+0000] {override.py:1930} INFO - Created Permission View: can edit on DAG:read_dataset_event_from_classic
[2025-08-17T21:40:34.261+0000] {logging_mixin.py:190} INFO - [2025-08-17T21:40:34.261+0000] {override.py:1930} INFO - Created Permission View: can delete on DAG:read_dataset_event_from_classic
[2025-08-17T21:40:34.267+0000] {logging_mixin.py:190} INFO - [2025-08-17T21:40:34.266+0000] {override.py:1930} INFO - Created Permission View: can read on DAG Run:read_dataset_event_from_classic
[2025-08-17T21:40:34.271+0000] {logging_mixin.py:190} INFO - [2025-08-17T21:40:34.271+0000] {override.py:1930} INFO - Created Permission View: can create on DAG Run:read_dataset_event_from_classic
[2025-08-17T21:40:34.276+0000] {logging_mixin.py:190} INFO - [2025-08-17T21:40:34.276+0000] {override.py:1930} INFO - Created Permission View: can delete on DAG Run:read_dataset_event_from_classic
[2025-08-17T21:40:34.281+0000] {logging_mixin.py:190} INFO - [2025-08-17T21:40:34.281+0000] {override.py:1930} INFO - Created Permission View: menu access on DAG Run:read_dataset_event_from_classic
[2025-08-17T21:40:34.281+0000] {logging_mixin.py:190} INFO - [2025-08-17T21:40:34.281+0000] {dag.py:3239} INFO - Sync 2 DAGs
[2025-08-17T21:40:34.290+0000] {logging_mixin.py:190} INFO - [2025-08-17T21:40:34.290+0000] {dag.py:3262} INFO - Creating ORM DAG for read_dataset_event
[2025-08-17T21:40:34.291+0000] {logging_mixin.py:190} INFO - [2025-08-17T21:40:34.291+0000] {dag.py:3262} INFO - Creating ORM DAG for read_dataset_event_from_classic
[2025-08-17T21:40:34.299+0000] {logging_mixin.py:190} INFO - [2025-08-17T21:40:34.299+0000] {dag.py:4180} INFO - Setting next_dagrun for read_dataset_event to 2025-08-16 00:00:00+00:00, run_after=2025-08-17 00:00:00+00:00
[2025-08-17T21:40:34.301+0000] {logging_mixin.py:190} INFO - [2025-08-17T21:40:34.301+0000] {dag.py:4180} INFO - Setting next_dagrun for read_dataset_event_from_classic to 2025-08-16 00:00:00+00:00, run_after=2025-08-17 00:00:00+00:00
[2025-08-17T21:40:34.334+0000] {processor.py:208} INFO - Processing /home/airflow/.local/lib/python3.12/site-packages/airflow/example_dags/example_inlet_event_extra.py took 0.737 seconds
[2025-08-17T21:41:04.552+0000] {processor.py:186} INFO - Started process (PID=172) to work on /home/airflow/.local/lib/python3.12/site-packages/airflow/example_dags/example_inlet_event_extra.py
[2025-08-17T21:41:04.553+0000] {processor.py:914} INFO - Processing file /home/airflow/.local/lib/python3.12/site-packages/airflow/example_dags/example_inlet_event_extra.py for tasks to queue
[2025-08-17T21:41:04.555+0000] {logging_mixin.py:190} INFO - [2025-08-17T21:41:04.555+0000] {dagbag.py:588} INFO - Filling up the DagBag from /home/airflow/.local/lib/python3.12/site-packages/airflow/example_dags/example_inlet_event_extra.py
[2025-08-17T21:41:05.095+0000] {processor.py:925} INFO - DAG(s) 'read_dataset_event_from_classic', 'read_dataset_event' retrieved from /home/airflow/.local/lib/python3.12/site-packages/airflow/example_dags/example_inlet_event_extra.py
[2025-08-17T21:41:05.113+0000] {logging_mixin.py:190} INFO - [2025-08-17T21:41:05.113+0000] {dag.py:3239} INFO - Sync 2 DAGs
[2025-08-17T21:41:05.134+0000] {logging_mixin.py:190} INFO - [2025-08-17T21:41:05.133+0000] {dag.py:4180} INFO - Setting next_dagrun for read_dataset_event to 2025-08-16 00:00:00+00:00, run_after=2025-08-17 00:00:00+00:00
[2025-08-17T21:41:05.138+0000] {logging_mixin.py:190} INFO - [2025-08-17T21:41:05.138+0000] {dag.py:4180} INFO - Setting next_dagrun for read_dataset_event_from_classic to 2025-08-16 00:00:00+00:00, run_after=2025-08-17 00:00:00+00:00
[2025-08-17T21:41:05.150+0000] {processor.py:208} INFO - Processing /home/airflow/.local/lib/python3.12/site-packages/airflow/example_dags/example_inlet_event_extra.py took 0.603 seconds
[2025-08-17T21:41:35.480+0000] {processor.py:186} INFO - Started process (PID=237) to work on /home/airflow/.local/lib/python3.12/site-packages/airflow/example_dags/example_inlet_event_extra.py
[2025-08-17T21:41:35.481+0000] {processor.py:914} INFO - Processing file /home/airflow/.local/lib/python3.12/site-packages/airflow/example_dags/example_inlet_event_extra.py for tasks to queue
[2025-08-17T21:41:35.483+0000] {logging_mixin.py:190} INFO - [2025-08-17T21:41:35.483+0000] {dagbag.py:588} INFO - Filling up the DagBag from /home/airflow/.local/lib/python3.12/site-packages/airflow/example_dags/example_inlet_event_extra.py
[2025-08-17T21:41:35.977+0000] {processor.py:925} INFO - DAG(s) 'read_dataset_event', 'read_dataset_event_from_classic' retrieved from /home/airflow/.local/lib/python3.12/site-packages/airflow/example_dags/example_inlet_event_extra.py
[2025-08-17T21:41:35.993+0000] {logging_mixin.py:190} INFO - [2025-08-17T21:41:35.993+0000] {dag.py:3239} INFO - Sync 2 DAGs
[2025-08-17T21:41:36.010+0000] {logging_mixin.py:190} INFO - [2025-08-17T21:41:36.010+0000] {dag.py:4180} INFO - Setting next_dagrun for read_dataset_event to 2025-08-16 00:00:00+00:00, run_after=2025-08-17 00:00:00+00:00
[2025-08-17T21:41:36.014+0000] {logging_mixin.py:190} INFO - [2025-08-17T21:41:36.014+0000] {dag.py:4180} INFO - Setting next_dagrun for read_dataset_event_from_classic to 2025-08-16 00:00:00+00:00, run_after=2025-08-17 00:00:00+00:00
[2025-08-17T21:41:36.024+0000] {processor.py:208} INFO - Processing /home/airflow/.local/lib/python3.12/site-packages/airflow/example_dags/example_inlet_event_extra.py took 0.550 seconds
[2025-08-17T21:42:06.323+0000] {processor.py:186} INFO - Started process (PID=305) to work on /home/airflow/.local/lib/python3.12/site-packages/airflow/example_dags/example_inlet_event_extra.py
[2025-08-17T21:42:06.324+0000] {processor.py:914} INFO - Processing file /home/airflow/.local/lib/python3.12/site-packages/airflow/example_dags/example_inlet_event_extra.py for tasks to queue
[2025-08-17T21:42:06.327+0000] {logging_mixin.py:190} INFO - [2025-08-17T21:42:06.326+0000] {dagbag.py:588} INFO - Filling up the DagBag from /home/airflow/.local/lib/python3.12/site-packages/airflow/example_dags/example_inlet_event_extra.py
[2025-08-17T21:42:06.859+0000] {processor.py:925} INFO - DAG(s) 'read_dataset_event_from_classic', 'read_dataset_event' retrieved from /home/airflow/.local/lib/python3.12/site-packages/airflow/example_dags/example_inlet_event_extra.py
[2025-08-17T21:42:06.877+0000] {logging_mixin.py:190} INFO - [2025-08-17T21:42:06.877+0000] {dag.py:3239} INFO - Sync 2 DAGs
[2025-08-17T21:42:06.896+0000] {logging_mixin.py:190} INFO - [2025-08-17T21:42:06.895+0000] {dag.py:4180} INFO - Setting next_dagrun for read_dataset_event to 2025-08-16 00:00:00+00:00, run_after=2025-08-17 00:00:00+00:00
[2025-08-17T21:42:06.900+0000] {logging_mixin.py:190} INFO - [2025-08-17T21:42:06.899+0000] {dag.py:4180} INFO - Setting next_dagrun for read_dataset_event_from_classic to 2025-08-16 00:00:00+00:00, run_after=2025-08-17 00:00:00+00:00
[2025-08-17T21:42:06.913+0000] {processor.py:208} INFO - Processing /home/airflow/.local/lib/python3.12/site-packages/airflow/example_dags/example_inlet_event_extra.py took 0.596 seconds
[2025-08-17T21:42:37.146+0000] {processor.py:186} INFO - Started process (PID=368) to work on /home/airflow/.local/lib/python3.12/site-packages/airflow/example_dags/example_inlet_event_extra.py
[2025-08-17T21:42:37.147+0000] {processor.py:914} INFO - Processing file /home/airflow/.local/lib/python3.12/site-packages/airflow/example_dags/example_inlet_event_extra.py for tasks to queue
[2025-08-17T21:42:37.149+0000] {logging_mixin.py:190} INFO - [2025-08-17T21:42:37.148+0000] {dagbag.py:588} INFO - Filling up the DagBag from /home/airflow/.local/lib/python3.12/site-packages/airflow/example_dags/example_inlet_event_extra.py
[2025-08-17T21:42:37.760+0000] {processor.py:925} INFO - DAG(s) 'read_dataset_event_from_classic', 'read_dataset_event' retrieved from /home/airflow/.local/lib/python3.12/site-packages/airflow/example_dags/example_inlet_event_extra.py
[2025-08-17T21:42:37.781+0000] {logging_mixin.py:190} INFO - [2025-08-17T21:42:37.781+0000] {dag.py:3239} INFO - Sync 2 DAGs
[2025-08-17T21:42:37.802+0000] {logging_mixin.py:190} INFO - [2025-08-17T21:42:37.802+0000] {dag.py:4180} INFO - Setting next_dagrun for read_dataset_event to 2025-08-16 00:00:00+00:00, run_after=2025-08-17 00:00:00+00:00
[2025-08-17T21:42:37.806+0000] {logging_mixin.py:190} INFO - [2025-08-17T21:42:37.806+0000] {dag.py:4180} INFO - Setting next_dagrun for read_dataset_event_from_classic to 2025-08-16 00:00:00+00:00, run_after=2025-08-17 00:00:00+00:00
[2025-08-17T21:42:37.829+0000] {processor.py:208} INFO - Processing /home/airflow/.local/lib/python3.12/site-packages/airflow/example_dags/example_inlet_event_extra.py took 0.689 seconds
[2025-08-17T21:43:08.393+0000] {processor.py:186} INFO - Started process (PID=431) to work on /home/airflow/.local/lib/python3.12/site-packages/airflow/example_dags/example_inlet_event_extra.py
[2025-08-17T21:43:08.394+0000] {processor.py:914} INFO - Processing file /home/airflow/.local/lib/python3.12/site-packages/airflow/example_dags/example_inlet_event_extra.py for tasks to queue
[2025-08-17T21:43:08.396+0000] {logging_mixin.py:190} INFO - [2025-08-17T21:43:08.396+0000] {dagbag.py:588} INFO - Filling up the DagBag from /home/airflow/.local/lib/python3.12/site-packages/airflow/example_dags/example_inlet_event_extra.py
[2025-08-17T21:43:08.924+0000] {processor.py:925} INFO - DAG(s) 'read_dataset_event', 'read_dataset_event_from_classic' retrieved from /home/airflow/.local/lib/python3.12/site-packages/airflow/example_dags/example_inlet_event_extra.py
[2025-08-17T21:43:08.943+0000] {logging_mixin.py:190} INFO - [2025-08-17T21:43:08.943+0000] {dag.py:3239} INFO - Sync 2 DAGs
[2025-08-17T21:43:08.964+0000] {logging_mixin.py:190} INFO - [2025-08-17T21:43:08.964+0000] {dag.py:4180} INFO - Setting next_dagrun for read_dataset_event to 2025-08-16 00:00:00+00:00, run_after=2025-08-17 00:00:00+00:00
[2025-08-17T21:43:08.968+0000] {logging_mixin.py:190} INFO - [2025-08-17T21:43:08.968+0000] {dag.py:4180} INFO - Setting next_dagrun for read_dataset_event_from_classic to 2025-08-16 00:00:00+00:00, run_after=2025-08-17 00:00:00+00:00
[2025-08-17T21:43:08.981+0000] {processor.py:208} INFO - Processing /home/airflow/.local/lib/python3.12/site-packages/airflow/example_dags/example_inlet_event_extra.py took 0.594 seconds
[2025-08-17T21:43:39.542+0000] {processor.py:186} INFO - Started process (PID=494) to work on /home/airflow/.local/lib/python3.12/site-packages/airflow/example_dags/example_inlet_event_extra.py
[2025-08-17T21:43:39.543+0000] {processor.py:914} INFO - Processing file /home/airflow/.local/lib/python3.12/site-packages/airflow/example_dags/example_inlet_event_extra.py for tasks to queue
[2025-08-17T21:43:39.545+0000] {logging_mixin.py:190} INFO - [2025-08-17T21:43:39.544+0000] {dagbag.py:588} INFO - Filling up the DagBag from /home/airflow/.local/lib/python3.12/site-packages/airflow/example_dags/example_inlet_event_extra.py
[2025-08-17T21:43:40.117+0000] {processor.py:925} INFO - DAG(s) 'read_dataset_event', 'read_dataset_event_from_classic' retrieved from /home/airflow/.local/lib/python3.12/site-packages/airflow/example_dags/example_inlet_event_extra.py
[2025-08-17T21:43:40.138+0000] {logging_mixin.py:190} INFO - [2025-08-17T21:43:40.138+0000] {dag.py:3239} INFO - Sync 2 DAGs
[2025-08-17T21:43:40.161+0000] {logging_mixin.py:190} INFO - [2025-08-17T21:43:40.160+0000] {dag.py:4180} INFO - Setting next_dagrun for read_dataset_event to 2025-08-16 00:00:00+00:00, run_after=2025-08-17 00:00:00+00:00
[2025-08-17T21:43:40.165+0000] {logging_mixin.py:190} INFO - [2025-08-17T21:43:40.164+0000] {dag.py:4180} INFO - Setting next_dagrun for read_dataset_event_from_classic to 2025-08-16 00:00:00+00:00, run_after=2025-08-17 00:00:00+00:00
[2025-08-17T21:43:40.187+0000] {processor.py:208} INFO - Processing /home/airflow/.local/lib/python3.12/site-packages/airflow/example_dags/example_inlet_event_extra.py took 0.651 seconds
[2025-08-17T21:44:10.361+0000] {processor.py:186} INFO - Started process (PID=557) to work on /home/airflow/.local/lib/python3.12/site-packages/airflow/example_dags/example_inlet_event_extra.py
[2025-08-17T21:44:10.362+0000] {processor.py:914} INFO - Processing file /home/airflow/.local/lib/python3.12/site-packages/airflow/example_dags/example_inlet_event_extra.py for tasks to queue
[2025-08-17T21:44:10.364+0000] {logging_mixin.py:190} INFO - [2025-08-17T21:44:10.364+0000] {dagbag.py:588} INFO - Filling up the DagBag from /home/airflow/.local/lib/python3.12/site-packages/airflow/example_dags/example_inlet_event_extra.py
[2025-08-17T21:44:10.920+0000] {processor.py:925} INFO - DAG(s) 'read_dataset_event_from_classic', 'read_dataset_event' retrieved from /home/airflow/.local/lib/python3.12/site-packages/airflow/example_dags/example_inlet_event_extra.py
[2025-08-17T21:44:10.937+0000] {logging_mixin.py:190} INFO - [2025-08-17T21:44:10.937+0000] {dag.py:3239} INFO - Sync 2 DAGs
[2025-08-17T21:44:10.958+0000] {logging_mixin.py:190} INFO - [2025-08-17T21:44:10.957+0000] {dag.py:4180} INFO - Setting next_dagrun for read_dataset_event to 2025-08-16 00:00:00+00:00, run_after=2025-08-17 00:00:00+00:00
[2025-08-17T21:44:10.962+0000] {logging_mixin.py:190} INFO - [2025-08-17T21:44:10.962+0000] {dag.py:4180} INFO - Setting next_dagrun for read_dataset_event_from_classic to 2025-08-16 00:00:00+00:00, run_after=2025-08-17 00:00:00+00:00
[2025-08-17T21:44:10.979+0000] {processor.py:208} INFO - Processing /home/airflow/.local/lib/python3.12/site-packages/airflow/example_dags/example_inlet_event_extra.py took 0.627 seconds
[2025-08-17T21:44:41.889+0000] {processor.py:186} INFO - Started process (PID=620) to work on /home/airflow/.local/lib/python3.12/site-packages/airflow/example_dags/example_inlet_event_extra.py
[2025-08-17T21:44:41.890+0000] {processor.py:914} INFO - Processing file /home/airflow/.local/lib/python3.12/site-packages/airflow/example_dags/example_inlet_event_extra.py for tasks to queue
[2025-08-17T21:44:41.891+0000] {logging_mixin.py:190} INFO - [2025-08-17T21:44:41.891+0000] {dagbag.py:588} INFO - Filling up the DagBag from /home/airflow/.local/lib/python3.12/site-packages/airflow/example_dags/example_inlet_event_extra.py
[2025-08-17T21:44:42.462+0000] {processor.py:925} INFO - DAG(s) 'read_dataset_event', 'read_dataset_event_from_classic' retrieved from /home/airflow/.local/lib/python3.12/site-packages/airflow/example_dags/example_inlet_event_extra.py
[2025-08-17T21:44:42.480+0000] {logging_mixin.py:190} INFO - [2025-08-17T21:44:42.480+0000] {dag.py:3239} INFO - Sync 2 DAGs
[2025-08-17T21:44:42.501+0000] {logging_mixin.py:190} INFO - [2025-08-17T21:44:42.501+0000] {dag.py:4180} INFO - Setting next_dagrun for read_dataset_event to 2025-08-16 00:00:00+00:00, run_after=2025-08-17 00:00:00+00:00
[2025-08-17T21:44:42.505+0000] {logging_mixin.py:190} INFO - [2025-08-17T21:44:42.505+0000] {dag.py:4180} INFO - Setting next_dagrun for read_dataset_event_from_classic to 2025-08-16 00:00:00+00:00, run_after=2025-08-17 00:00:00+00:00
[2025-08-17T21:44:42.520+0000] {processor.py:208} INFO - Processing /home/airflow/.local/lib/python3.12/site-packages/airflow/example_dags/example_inlet_event_extra.py took 0.637 seconds
[2025-08-17T21:45:12.579+0000] {processor.py:186} INFO - Started process (PID=682) to work on /home/airflow/.local/lib/python3.12/site-packages/airflow/example_dags/example_inlet_event_extra.py
[2025-08-17T21:45:12.580+0000] {processor.py:914} INFO - Processing file /home/airflow/.local/lib/python3.12/site-packages/airflow/example_dags/example_inlet_event_extra.py for tasks to queue
[2025-08-17T21:45:12.582+0000] {logging_mixin.py:190} INFO - [2025-08-17T21:45:12.582+0000] {dagbag.py:588} INFO - Filling up the DagBag from /home/airflow/.local/lib/python3.12/site-packages/airflow/example_dags/example_inlet_event_extra.py
[2025-08-17T21:45:13.090+0000] {processor.py:925} INFO - DAG(s) 'read_dataset_event_from_classic', 'read_dataset_event' retrieved from /home/airflow/.local/lib/python3.12/site-packages/airflow/example_dags/example_inlet_event_extra.py
[2025-08-17T21:45:13.109+0000] {logging_mixin.py:190} INFO - [2025-08-17T21:45:13.109+0000] {dag.py:3239} INFO - Sync 2 DAGs
[2025-08-17T21:45:13.130+0000] {logging_mixin.py:190} INFO - [2025-08-17T21:45:13.130+0000] {dag.py:4180} INFO - Setting next_dagrun for read_dataset_event to 2025-08-16 00:00:00+00:00, run_after=2025-08-17 00:00:00+00:00
[2025-08-17T21:45:13.134+0000] {logging_mixin.py:190} INFO - [2025-08-17T21:45:13.134+0000] {dag.py:4180} INFO - Setting next_dagrun for read_dataset_event_from_classic to 2025-08-16 00:00:00+00:00, run_after=2025-08-17 00:00:00+00:00
[2025-08-17T21:45:13.152+0000] {processor.py:208} INFO - Processing /home/airflow/.local/lib/python3.12/site-packages/airflow/example_dags/example_inlet_event_extra.py took 0.579 seconds
[2025-08-17T21:45:43.254+0000] {processor.py:186} INFO - Started process (PID=745) to work on /home/airflow/.local/lib/python3.12/site-packages/airflow/example_dags/example_inlet_event_extra.py
[2025-08-17T21:45:43.255+0000] {processor.py:914} INFO - Processing file /home/airflow/.local/lib/python3.12/site-packages/airflow/example_dags/example_inlet_event_extra.py for tasks to queue
[2025-08-17T21:45:43.257+0000] {logging_mixin.py:190} INFO - [2025-08-17T21:45:43.257+0000] {dagbag.py:588} INFO - Filling up the DagBag from /home/airflow/.local/lib/python3.12/site-packages/airflow/example_dags/example_inlet_event_extra.py
[2025-08-17T21:45:43.803+0000] {processor.py:925} INFO - DAG(s) 'read_dataset_event_from_classic', 'read_dataset_event' retrieved from /home/airflow/.local/lib/python3.12/site-packages/airflow/example_dags/example_inlet_event_extra.py
[2025-08-17T21:45:43.823+0000] {logging_mixin.py:190} INFO - [2025-08-17T21:45:43.823+0000] {dag.py:3239} INFO - Sync 2 DAGs
[2025-08-17T21:45:43.842+0000] {logging_mixin.py:190} INFO - [2025-08-17T21:45:43.842+0000] {dag.py:4180} INFO - Setting next_dagrun for read_dataset_event to 2025-08-16 00:00:00+00:00, run_after=2025-08-17 00:00:00+00:00
[2025-08-17T21:45:43.846+0000] {logging_mixin.py:190} INFO - [2025-08-17T21:45:43.846+0000] {dag.py:4180} INFO - Setting next_dagrun for read_dataset_event_from_classic to 2025-08-16 00:00:00+00:00, run_after=2025-08-17 00:00:00+00:00
[2025-08-17T21:45:43.864+0000] {processor.py:208} INFO - Processing /home/airflow/.local/lib/python3.12/site-packages/airflow/example_dags/example_inlet_event_extra.py took 0.616 seconds
[2025-08-17T21:46:14.032+0000] {processor.py:186} INFO - Started process (PID=808) to work on /home/airflow/.local/lib/python3.12/site-packages/airflow/example_dags/example_inlet_event_extra.py
[2025-08-17T21:46:14.033+0000] {processor.py:914} INFO - Processing file /home/airflow/.local/lib/python3.12/site-packages/airflow/example_dags/example_inlet_event_extra.py for tasks to queue
[2025-08-17T21:46:14.036+0000] {logging_mixin.py:190} INFO - [2025-08-17T21:46:14.036+0000] {dagbag.py:588} INFO - Filling up the DagBag from /home/airflow/.local/lib/python3.12/site-packages/airflow/example_dags/example_inlet_event_extra.py
[2025-08-17T21:46:14.584+0000] {processor.py:925} INFO - DAG(s) 'read_dataset_event', 'read_dataset_event_from_classic' retrieved from /home/airflow/.local/lib/python3.12/site-packages/airflow/example_dags/example_inlet_event_extra.py
[2025-08-17T21:46:14.603+0000] {logging_mixin.py:190} INFO - [2025-08-17T21:46:14.603+0000] {dag.py:3239} INFO - Sync 2 DAGs
[2025-08-17T21:46:14.624+0000] {logging_mixin.py:190} INFO - [2025-08-17T21:46:14.623+0000] {dag.py:4180} INFO - Setting next_dagrun for read_dataset_event to 2025-08-16 00:00:00+00:00, run_after=2025-08-17 00:00:00+00:00
[2025-08-17T21:46:14.627+0000] {logging_mixin.py:190} INFO - [2025-08-17T21:46:14.627+0000] {dag.py:4180} INFO - Setting next_dagrun for read_dataset_event_from_classic to 2025-08-16 00:00:00+00:00, run_after=2025-08-17 00:00:00+00:00
[2025-08-17T21:46:14.645+0000] {processor.py:208} INFO - Processing /home/airflow/.local/lib/python3.12/site-packages/airflow/example_dags/example_inlet_event_extra.py took 0.617 seconds
[2025-08-17T21:46:45.225+0000] {processor.py:186} INFO - Started process (PID=873) to work on /home/airflow/.local/lib/python3.12/site-packages/airflow/example_dags/example_inlet_event_extra.py
[2025-08-17T21:46:45.226+0000] {processor.py:914} INFO - Processing file /home/airflow/.local/lib/python3.12/site-packages/airflow/example_dags/example_inlet_event_extra.py for tasks to queue
[2025-08-17T21:46:45.229+0000] {logging_mixin.py:190} INFO - [2025-08-17T21:46:45.228+0000] {dagbag.py:588} INFO - Filling up the DagBag from /home/airflow/.local/lib/python3.12/site-packages/airflow/example_dags/example_inlet_event_extra.py
[2025-08-17T21:46:45.759+0000] {processor.py:925} INFO - DAG(s) 'read_dataset_event', 'read_dataset_event_from_classic' retrieved from /home/airflow/.local/lib/python3.12/site-packages/airflow/example_dags/example_inlet_event_extra.py
[2025-08-17T21:46:45.777+0000] {logging_mixin.py:190} INFO - [2025-08-17T21:46:45.777+0000] {dag.py:3239} INFO - Sync 2 DAGs
[2025-08-17T21:46:45.797+0000] {logging_mixin.py:190} INFO - [2025-08-17T21:46:45.796+0000] {dag.py:4180} INFO - Setting next_dagrun for read_dataset_event to 2025-08-16 00:00:00+00:00, run_after=2025-08-17 00:00:00+00:00
[2025-08-17T21:46:45.801+0000] {logging_mixin.py:190} INFO - [2025-08-17T21:46:45.801+0000] {dag.py:4180} INFO - Setting next_dagrun for read_dataset_event_from_classic to 2025-08-16 00:00:00+00:00, run_after=2025-08-17 00:00:00+00:00
[2025-08-17T21:46:45.821+0000] {processor.py:208} INFO - Processing /home/airflow/.local/lib/python3.12/site-packages/airflow/example_dags/example_inlet_event_extra.py took 0.601 seconds
[2025-08-17T21:47:16.545+0000] {processor.py:186} INFO - Started process (PID=937) to work on /home/airflow/.local/lib/python3.12/site-packages/airflow/example_dags/example_inlet_event_extra.py
[2025-08-17T21:47:16.546+0000] {processor.py:914} INFO - Processing file /home/airflow/.local/lib/python3.12/site-packages/airflow/example_dags/example_inlet_event_extra.py for tasks to queue
[2025-08-17T21:47:16.548+0000] {logging_mixin.py:190} INFO - [2025-08-17T21:47:16.548+0000] {dagbag.py:588} INFO - Filling up the DagBag from /home/airflow/.local/lib/python3.12/site-packages/airflow/example_dags/example_inlet_event_extra.py
[2025-08-17T21:47:17.098+0000] {processor.py:925} INFO - DAG(s) 'read_dataset_event', 'read_dataset_event_from_classic' retrieved from /home/airflow/.local/lib/python3.12/site-packages/airflow/example_dags/example_inlet_event_extra.py
[2025-08-17T21:47:17.118+0000] {logging_mixin.py:190} INFO - [2025-08-17T21:47:17.118+0000] {dag.py:3239} INFO - Sync 2 DAGs
[2025-08-17T21:47:17.137+0000] {logging_mixin.py:190} INFO - [2025-08-17T21:47:17.137+0000] {dag.py:4180} INFO - Setting next_dagrun for read_dataset_event to 2025-08-16 00:00:00+00:00, run_after=2025-08-17 00:00:00+00:00
[2025-08-17T21:47:17.141+0000] {logging_mixin.py:190} INFO - [2025-08-17T21:47:17.141+0000] {dag.py:4180} INFO - Setting next_dagrun for read_dataset_event_from_classic to 2025-08-16 00:00:00+00:00, run_after=2025-08-17 00:00:00+00:00
[2025-08-17T21:47:17.158+0000] {processor.py:208} INFO - Processing /home/airflow/.local/lib/python3.12/site-packages/airflow/example_dags/example_inlet_event_extra.py took 0.618 seconds
[2025-08-17T21:47:47.815+0000] {processor.py:186} INFO - Started process (PID=1000) to work on /home/airflow/.local/lib/python3.12/site-packages/airflow/example_dags/example_inlet_event_extra.py
[2025-08-17T21:47:47.816+0000] {processor.py:914} INFO - Processing file /home/airflow/.local/lib/python3.12/site-packages/airflow/example_dags/example_inlet_event_extra.py for tasks to queue
[2025-08-17T21:47:47.818+0000] {logging_mixin.py:190} INFO - [2025-08-17T21:47:47.818+0000] {dagbag.py:588} INFO - Filling up the DagBag from /home/airflow/.local/lib/python3.12/site-packages/airflow/example_dags/example_inlet_event_extra.py
[2025-08-17T21:47:48.344+0000] {processor.py:925} INFO - DAG(s) 'read_dataset_event_from_classic', 'read_dataset_event' retrieved from /home/airflow/.local/lib/python3.12/site-packages/airflow/example_dags/example_inlet_event_extra.py
[2025-08-17T21:47:48.361+0000] {logging_mixin.py:190} INFO - [2025-08-17T21:47:48.361+0000] {dag.py:3239} INFO - Sync 2 DAGs
[2025-08-17T21:47:48.378+0000] {logging_mixin.py:190} INFO - [2025-08-17T21:47:48.377+0000] {dag.py:4180} INFO - Setting next_dagrun for read_dataset_event to 2025-08-16 00:00:00+00:00, run_after=2025-08-17 00:00:00+00:00
[2025-08-17T21:47:48.381+0000] {logging_mixin.py:190} INFO - [2025-08-17T21:47:48.381+0000] {dag.py:4180} INFO - Setting next_dagrun for read_dataset_event_from_classic to 2025-08-16 00:00:00+00:00, run_after=2025-08-17 00:00:00+00:00
[2025-08-17T21:47:48.392+0000] {processor.py:208} INFO - Processing /home/airflow/.local/lib/python3.12/site-packages/airflow/example_dags/example_inlet_event_extra.py took 0.582 seconds
