[2025-08-17T21:40:34.648+0000] {processor.py:186} INFO - Started process (PID=113) to work on /home/airflow/.local/lib/python3.12/site-packages/airflow/example_dags/example_sla_dag.py
[2025-08-17T21:40:34.649+0000] {processor.py:914} INFO - Processing file /home/airflow/.local/lib/python3.12/site-packages/airflow/example_dags/example_sla_dag.py for tasks to queue
[2025-08-17T21:40:34.654+0000] {logging_mixin.py:190} INFO - [2025-08-17T21:40:34.653+0000] {dagbag.py:588} INFO - Filling up the DagBag from /home/airflow/.local/lib/python3.12/site-packages/airflow/example_dags/example_sla_dag.py
[2025-08-17T21:40:34.663+0000] {processor.py:925} INFO - DAG(s) 'example_sla_dag' retrieved from /home/airflow/.local/lib/python3.12/site-packages/airflow/example_dags/example_sla_dag.py
[2025-08-17T21:40:34.749+0000] {logging_mixin.py:190} INFO - [2025-08-17T21:40:34.748+0000] {override.py:1930} INFO - Created Permission View: can read on DAG:example_sla_dag
[2025-08-17T21:40:34.756+0000] {logging_mixin.py:190} INFO - [2025-08-17T21:40:34.756+0000] {override.py:1930} INFO - Created Permission View: can edit on DAG:example_sla_dag
[2025-08-17T21:40:34.761+0000] {logging_mixin.py:190} INFO - [2025-08-17T21:40:34.760+0000] {override.py:1930} INFO - Created Permission View: can delete on DAG:example_sla_dag
[2025-08-17T21:40:34.767+0000] {logging_mixin.py:190} INFO - [2025-08-17T21:40:34.767+0000] {override.py:1930} INFO - Created Permission View: can read on DAG Run:example_sla_dag
[2025-08-17T21:40:34.771+0000] {logging_mixin.py:190} INFO - [2025-08-17T21:40:34.771+0000] {override.py:1930} INFO - Created Permission View: can create on DAG Run:example_sla_dag
[2025-08-17T21:40:34.777+0000] {logging_mixin.py:190} INFO - [2025-08-17T21:40:34.776+0000] {override.py:1930} INFO - Created Permission View: can delete on DAG Run:example_sla_dag
[2025-08-17T21:40:34.782+0000] {logging_mixin.py:190} INFO - [2025-08-17T21:40:34.781+0000] {override.py:1930} INFO - Created Permission View: menu access on DAG Run:example_sla_dag
[2025-08-17T21:40:34.782+0000] {logging_mixin.py:190} INFO - [2025-08-17T21:40:34.782+0000] {dag.py:3239} INFO - Sync 1 DAGs
[2025-08-17T21:40:34.792+0000] {logging_mixin.py:190} INFO - [2025-08-17T21:40:34.791+0000] {dag.py:3262} INFO - Creating ORM DAG for example_sla_dag
[2025-08-17T21:40:34.801+0000] {logging_mixin.py:190} INFO - [2025-08-17T21:40:34.801+0000] {dag.py:4180} INFO - Setting next_dagrun for example_sla_dag to 2025-08-17 21:38:00+00:00, run_after=2025-08-17 21:40:00+00:00
[2025-08-17T21:40:34.813+0000] {processor.py:208} INFO - Processing /home/airflow/.local/lib/python3.12/site-packages/airflow/example_dags/example_sla_dag.py took 0.172 seconds
[2025-08-17T21:41:04.970+0000] {processor.py:186} INFO - Started process (PID=175) to work on /home/airflow/.local/lib/python3.12/site-packages/airflow/example_dags/example_sla_dag.py
[2025-08-17T21:41:04.971+0000] {processor.py:914} INFO - Processing file /home/airflow/.local/lib/python3.12/site-packages/airflow/example_dags/example_sla_dag.py for tasks to queue
[2025-08-17T21:41:04.973+0000] {logging_mixin.py:190} INFO - [2025-08-17T21:41:04.973+0000] {dagbag.py:588} INFO - Filling up the DagBag from /home/airflow/.local/lib/python3.12/site-packages/airflow/example_dags/example_sla_dag.py
[2025-08-17T21:41:04.983+0000] {processor.py:925} INFO - DAG(s) 'example_sla_dag' retrieved from /home/airflow/.local/lib/python3.12/site-packages/airflow/example_dags/example_sla_dag.py
[2025-08-17T21:41:05.012+0000] {logging_mixin.py:190} INFO - [2025-08-17T21:41:05.012+0000] {dag.py:3239} INFO - Sync 1 DAGs
[2025-08-17T21:41:05.035+0000] {logging_mixin.py:190} INFO - [2025-08-17T21:41:05.035+0000] {dag.py:4180} INFO - Setting next_dagrun for example_sla_dag to 2025-08-17 21:38:00+00:00, run_after=2025-08-17 21:40:00+00:00
[2025-08-17T21:41:05.050+0000] {processor.py:208} INFO - Processing /home/airflow/.local/lib/python3.12/site-packages/airflow/example_dags/example_sla_dag.py took 0.086 seconds
[2025-08-17T21:41:35.482+0000] {processor.py:186} INFO - Started process (PID=238) to work on /home/airflow/.local/lib/python3.12/site-packages/airflow/example_dags/example_sla_dag.py
[2025-08-17T21:41:35.483+0000] {processor.py:914} INFO - Processing file /home/airflow/.local/lib/python3.12/site-packages/airflow/example_dags/example_sla_dag.py for tasks to queue
[2025-08-17T21:41:35.485+0000] {logging_mixin.py:190} INFO - [2025-08-17T21:41:35.485+0000] {dagbag.py:588} INFO - Filling up the DagBag from /home/airflow/.local/lib/python3.12/site-packages/airflow/example_dags/example_sla_dag.py
[2025-08-17T21:41:35.494+0000] {processor.py:925} INFO - DAG(s) 'example_sla_dag' retrieved from /home/airflow/.local/lib/python3.12/site-packages/airflow/example_dags/example_sla_dag.py
[2025-08-17T21:41:35.511+0000] {logging_mixin.py:190} INFO - [2025-08-17T21:41:35.510+0000] {dag.py:3239} INFO - Sync 1 DAGs
[2025-08-17T21:41:35.530+0000] {logging_mixin.py:190} INFO - [2025-08-17T21:41:35.530+0000] {dag.py:4180} INFO - Setting next_dagrun for example_sla_dag to 2025-08-17 21:38:00+00:00, run_after=2025-08-17 21:40:00+00:00
[2025-08-17T21:41:35.544+0000] {processor.py:208} INFO - Processing /home/airflow/.local/lib/python3.12/site-packages/airflow/example_dags/example_sla_dag.py took 0.066 seconds
[2025-08-17T21:42:05.634+0000] {processor.py:186} INFO - Started process (PID=300) to work on /home/airflow/.local/lib/python3.12/site-packages/airflow/example_dags/example_sla_dag.py
[2025-08-17T21:42:05.635+0000] {processor.py:914} INFO - Processing file /home/airflow/.local/lib/python3.12/site-packages/airflow/example_dags/example_sla_dag.py for tasks to queue
[2025-08-17T21:42:05.638+0000] {logging_mixin.py:190} INFO - [2025-08-17T21:42:05.637+0000] {dagbag.py:588} INFO - Filling up the DagBag from /home/airflow/.local/lib/python3.12/site-packages/airflow/example_dags/example_sla_dag.py
[2025-08-17T21:42:05.648+0000] {processor.py:925} INFO - DAG(s) 'example_sla_dag' retrieved from /home/airflow/.local/lib/python3.12/site-packages/airflow/example_dags/example_sla_dag.py
[2025-08-17T21:42:05.668+0000] {logging_mixin.py:190} INFO - [2025-08-17T21:42:05.667+0000] {dag.py:3239} INFO - Sync 1 DAGs
[2025-08-17T21:42:05.690+0000] {logging_mixin.py:190} INFO - [2025-08-17T21:42:05.690+0000] {dag.py:4180} INFO - Setting next_dagrun for example_sla_dag to 2025-08-17 21:40:00+00:00, run_after=2025-08-17 21:42:00+00:00
[2025-08-17T21:42:05.706+0000] {processor.py:208} INFO - Processing /home/airflow/.local/lib/python3.12/site-packages/airflow/example_dags/example_sla_dag.py took 0.077 seconds
[2025-08-17T21:42:35.854+0000] {processor.py:186} INFO - Started process (PID=362) to work on /home/airflow/.local/lib/python3.12/site-packages/airflow/example_dags/example_sla_dag.py
[2025-08-17T21:42:35.855+0000] {processor.py:914} INFO - Processing file /home/airflow/.local/lib/python3.12/site-packages/airflow/example_dags/example_sla_dag.py for tasks to queue
[2025-08-17T21:42:35.859+0000] {logging_mixin.py:190} INFO - [2025-08-17T21:42:35.859+0000] {dagbag.py:588} INFO - Filling up the DagBag from /home/airflow/.local/lib/python3.12/site-packages/airflow/example_dags/example_sla_dag.py
[2025-08-17T21:42:35.869+0000] {processor.py:925} INFO - DAG(s) 'example_sla_dag' retrieved from /home/airflow/.local/lib/python3.12/site-packages/airflow/example_dags/example_sla_dag.py
[2025-08-17T21:42:35.890+0000] {logging_mixin.py:190} INFO - [2025-08-17T21:42:35.890+0000] {dag.py:3239} INFO - Sync 1 DAGs
[2025-08-17T21:42:35.913+0000] {logging_mixin.py:190} INFO - [2025-08-17T21:42:35.913+0000] {dag.py:4180} INFO - Setting next_dagrun for example_sla_dag to 2025-08-17 21:40:00+00:00, run_after=2025-08-17 21:42:00+00:00
[2025-08-17T21:42:35.970+0000] {processor.py:208} INFO - Processing /home/airflow/.local/lib/python3.12/site-packages/airflow/example_dags/example_sla_dag.py took 0.121 seconds
[2025-08-17T21:43:06.151+0000] {processor.py:186} INFO - Started process (PID=425) to work on /home/airflow/.local/lib/python3.12/site-packages/airflow/example_dags/example_sla_dag.py
[2025-08-17T21:43:06.151+0000] {processor.py:914} INFO - Processing file /home/airflow/.local/lib/python3.12/site-packages/airflow/example_dags/example_sla_dag.py for tasks to queue
[2025-08-17T21:43:06.154+0000] {logging_mixin.py:190} INFO - [2025-08-17T21:43:06.153+0000] {dagbag.py:588} INFO - Filling up the DagBag from /home/airflow/.local/lib/python3.12/site-packages/airflow/example_dags/example_sla_dag.py
[2025-08-17T21:43:06.165+0000] {processor.py:925} INFO - DAG(s) 'example_sla_dag' retrieved from /home/airflow/.local/lib/python3.12/site-packages/airflow/example_dags/example_sla_dag.py
[2025-08-17T21:43:06.184+0000] {logging_mixin.py:190} INFO - [2025-08-17T21:43:06.183+0000] {dag.py:3239} INFO - Sync 1 DAGs
[2025-08-17T21:43:06.207+0000] {logging_mixin.py:190} INFO - [2025-08-17T21:43:06.207+0000] {dag.py:4180} INFO - Setting next_dagrun for example_sla_dag to 2025-08-17 21:40:00+00:00, run_after=2025-08-17 21:42:00+00:00
[2025-08-17T21:43:06.223+0000] {processor.py:208} INFO - Processing /home/airflow/.local/lib/python3.12/site-packages/airflow/example_dags/example_sla_dag.py took 0.078 seconds
[2025-08-17T21:43:37.242+0000] {processor.py:186} INFO - Started process (PID=488) to work on /home/airflow/.local/lib/python3.12/site-packages/airflow/example_dags/example_sla_dag.py
[2025-08-17T21:43:37.243+0000] {processor.py:914} INFO - Processing file /home/airflow/.local/lib/python3.12/site-packages/airflow/example_dags/example_sla_dag.py for tasks to queue
[2025-08-17T21:43:37.245+0000] {logging_mixin.py:190} INFO - [2025-08-17T21:43:37.245+0000] {dagbag.py:588} INFO - Filling up the DagBag from /home/airflow/.local/lib/python3.12/site-packages/airflow/example_dags/example_sla_dag.py
[2025-08-17T21:43:37.254+0000] {processor.py:925} INFO - DAG(s) 'example_sla_dag' retrieved from /home/airflow/.local/lib/python3.12/site-packages/airflow/example_dags/example_sla_dag.py
[2025-08-17T21:43:37.273+0000] {logging_mixin.py:190} INFO - [2025-08-17T21:43:37.273+0000] {dag.py:3239} INFO - Sync 1 DAGs
[2025-08-17T21:43:37.295+0000] {logging_mixin.py:190} INFO - [2025-08-17T21:43:37.295+0000] {dag.py:4180} INFO - Setting next_dagrun for example_sla_dag to 2025-08-17 21:40:00+00:00, run_after=2025-08-17 21:42:00+00:00
[2025-08-17T21:43:37.310+0000] {processor.py:208} INFO - Processing /home/airflow/.local/lib/python3.12/site-packages/airflow/example_dags/example_sla_dag.py took 0.075 seconds
[2025-08-17T21:44:07.899+0000] {processor.py:186} INFO - Started process (PID=551) to work on /home/airflow/.local/lib/python3.12/site-packages/airflow/example_dags/example_sla_dag.py
[2025-08-17T21:44:07.901+0000] {processor.py:914} INFO - Processing file /home/airflow/.local/lib/python3.12/site-packages/airflow/example_dags/example_sla_dag.py for tasks to queue
[2025-08-17T21:44:07.903+0000] {logging_mixin.py:190} INFO - [2025-08-17T21:44:07.903+0000] {dagbag.py:588} INFO - Filling up the DagBag from /home/airflow/.local/lib/python3.12/site-packages/airflow/example_dags/example_sla_dag.py
[2025-08-17T21:44:07.913+0000] {processor.py:925} INFO - DAG(s) 'example_sla_dag' retrieved from /home/airflow/.local/lib/python3.12/site-packages/airflow/example_dags/example_sla_dag.py
[2025-08-17T21:44:07.932+0000] {logging_mixin.py:190} INFO - [2025-08-17T21:44:07.931+0000] {dag.py:3239} INFO - Sync 1 DAGs
[2025-08-17T21:44:07.955+0000] {logging_mixin.py:190} INFO - [2025-08-17T21:44:07.955+0000] {dag.py:4180} INFO - Setting next_dagrun for example_sla_dag to 2025-08-17 21:42:00+00:00, run_after=2025-08-17 21:44:00+00:00
[2025-08-17T21:44:08.122+0000] {processor.py:208} INFO - Processing /home/airflow/.local/lib/python3.12/site-packages/airflow/example_dags/example_sla_dag.py took 0.228 seconds
[2025-08-17T21:44:38.686+0000] {processor.py:186} INFO - Started process (PID=614) to work on /home/airflow/.local/lib/python3.12/site-packages/airflow/example_dags/example_sla_dag.py
[2025-08-17T21:44:38.687+0000] {processor.py:914} INFO - Processing file /home/airflow/.local/lib/python3.12/site-packages/airflow/example_dags/example_sla_dag.py for tasks to queue
[2025-08-17T21:44:38.689+0000] {logging_mixin.py:190} INFO - [2025-08-17T21:44:38.688+0000] {dagbag.py:588} INFO - Filling up the DagBag from /home/airflow/.local/lib/python3.12/site-packages/airflow/example_dags/example_sla_dag.py
[2025-08-17T21:44:38.698+0000] {processor.py:925} INFO - DAG(s) 'example_sla_dag' retrieved from /home/airflow/.local/lib/python3.12/site-packages/airflow/example_dags/example_sla_dag.py
[2025-08-17T21:44:38.715+0000] {logging_mixin.py:190} INFO - [2025-08-17T21:44:38.715+0000] {dag.py:3239} INFO - Sync 1 DAGs
[2025-08-17T21:44:38.736+0000] {logging_mixin.py:190} INFO - [2025-08-17T21:44:38.736+0000] {dag.py:4180} INFO - Setting next_dagrun for example_sla_dag to 2025-08-17 21:42:00+00:00, run_after=2025-08-17 21:44:00+00:00
[2025-08-17T21:44:38.755+0000] {processor.py:208} INFO - Processing /home/airflow/.local/lib/python3.12/site-packages/airflow/example_dags/example_sla_dag.py took 0.075 seconds
[2025-08-17T21:45:09.217+0000] {processor.py:186} INFO - Started process (PID=677) to work on /home/airflow/.local/lib/python3.12/site-packages/airflow/example_dags/example_sla_dag.py
[2025-08-17T21:45:09.218+0000] {processor.py:914} INFO - Processing file /home/airflow/.local/lib/python3.12/site-packages/airflow/example_dags/example_sla_dag.py for tasks to queue
[2025-08-17T21:45:09.220+0000] {logging_mixin.py:190} INFO - [2025-08-17T21:45:09.220+0000] {dagbag.py:588} INFO - Filling up the DagBag from /home/airflow/.local/lib/python3.12/site-packages/airflow/example_dags/example_sla_dag.py
[2025-08-17T21:45:09.229+0000] {processor.py:925} INFO - DAG(s) 'example_sla_dag' retrieved from /home/airflow/.local/lib/python3.12/site-packages/airflow/example_dags/example_sla_dag.py
[2025-08-17T21:45:09.248+0000] {logging_mixin.py:190} INFO - [2025-08-17T21:45:09.247+0000] {dag.py:3239} INFO - Sync 1 DAGs
[2025-08-17T21:45:09.269+0000] {logging_mixin.py:190} INFO - [2025-08-17T21:45:09.269+0000] {dag.py:4180} INFO - Setting next_dagrun for example_sla_dag to 2025-08-17 21:42:00+00:00, run_after=2025-08-17 21:44:00+00:00
[2025-08-17T21:45:09.289+0000] {processor.py:208} INFO - Processing /home/airflow/.local/lib/python3.12/site-packages/airflow/example_dags/example_sla_dag.py took 0.078 seconds
[2025-08-17T21:45:39.454+0000] {processor.py:186} INFO - Started process (PID=739) to work on /home/airflow/.local/lib/python3.12/site-packages/airflow/example_dags/example_sla_dag.py
[2025-08-17T21:45:39.455+0000] {processor.py:914} INFO - Processing file /home/airflow/.local/lib/python3.12/site-packages/airflow/example_dags/example_sla_dag.py for tasks to queue
[2025-08-17T21:45:39.457+0000] {logging_mixin.py:190} INFO - [2025-08-17T21:45:39.457+0000] {dagbag.py:588} INFO - Filling up the DagBag from /home/airflow/.local/lib/python3.12/site-packages/airflow/example_dags/example_sla_dag.py
[2025-08-17T21:45:39.467+0000] {processor.py:925} INFO - DAG(s) 'example_sla_dag' retrieved from /home/airflow/.local/lib/python3.12/site-packages/airflow/example_dags/example_sla_dag.py
[2025-08-17T21:45:39.486+0000] {logging_mixin.py:190} INFO - [2025-08-17T21:45:39.486+0000] {dag.py:3239} INFO - Sync 1 DAGs
[2025-08-17T21:45:39.506+0000] {logging_mixin.py:190} INFO - [2025-08-17T21:45:39.506+0000] {dag.py:4180} INFO - Setting next_dagrun for example_sla_dag to 2025-08-17 21:42:00+00:00, run_after=2025-08-17 21:44:00+00:00
[2025-08-17T21:45:39.519+0000] {processor.py:208} INFO - Processing /home/airflow/.local/lib/python3.12/site-packages/airflow/example_dags/example_sla_dag.py took 0.070 seconds
[2025-08-17T21:46:10.098+0000] {processor.py:186} INFO - Started process (PID=802) to work on /home/airflow/.local/lib/python3.12/site-packages/airflow/example_dags/example_sla_dag.py
[2025-08-17T21:46:10.099+0000] {processor.py:914} INFO - Processing file /home/airflow/.local/lib/python3.12/site-packages/airflow/example_dags/example_sla_dag.py for tasks to queue
[2025-08-17T21:46:10.101+0000] {logging_mixin.py:190} INFO - [2025-08-17T21:46:10.101+0000] {dagbag.py:588} INFO - Filling up the DagBag from /home/airflow/.local/lib/python3.12/site-packages/airflow/example_dags/example_sla_dag.py
[2025-08-17T21:46:10.110+0000] {processor.py:925} INFO - DAG(s) 'example_sla_dag' retrieved from /home/airflow/.local/lib/python3.12/site-packages/airflow/example_dags/example_sla_dag.py
[2025-08-17T21:46:10.128+0000] {logging_mixin.py:190} INFO - [2025-08-17T21:46:10.128+0000] {dag.py:3239} INFO - Sync 1 DAGs
[2025-08-17T21:46:10.149+0000] {logging_mixin.py:190} INFO - [2025-08-17T21:46:10.149+0000] {dag.py:4180} INFO - Setting next_dagrun for example_sla_dag to 2025-08-17 21:44:00+00:00, run_after=2025-08-17 21:46:00+00:00
[2025-08-17T21:46:10.166+0000] {processor.py:208} INFO - Processing /home/airflow/.local/lib/python3.12/site-packages/airflow/example_dags/example_sla_dag.py took 0.074 seconds
[2025-08-17T21:46:40.788+0000] {processor.py:186} INFO - Started process (PID=865) to work on /home/airflow/.local/lib/python3.12/site-packages/airflow/example_dags/example_sla_dag.py
[2025-08-17T21:46:40.789+0000] {processor.py:914} INFO - Processing file /home/airflow/.local/lib/python3.12/site-packages/airflow/example_dags/example_sla_dag.py for tasks to queue
[2025-08-17T21:46:40.791+0000] {logging_mixin.py:190} INFO - [2025-08-17T21:46:40.791+0000] {dagbag.py:588} INFO - Filling up the DagBag from /home/airflow/.local/lib/python3.12/site-packages/airflow/example_dags/example_sla_dag.py
[2025-08-17T21:46:40.800+0000] {processor.py:925} INFO - DAG(s) 'example_sla_dag' retrieved from /home/airflow/.local/lib/python3.12/site-packages/airflow/example_dags/example_sla_dag.py
[2025-08-17T21:46:40.818+0000] {logging_mixin.py:190} INFO - [2025-08-17T21:46:40.818+0000] {dag.py:3239} INFO - Sync 1 DAGs
[2025-08-17T21:46:40.839+0000] {logging_mixin.py:190} INFO - [2025-08-17T21:46:40.838+0000] {dag.py:4180} INFO - Setting next_dagrun for example_sla_dag to 2025-08-17 21:44:00+00:00, run_after=2025-08-17 21:46:00+00:00
[2025-08-17T21:46:40.853+0000] {processor.py:208} INFO - Processing /home/airflow/.local/lib/python3.12/site-packages/airflow/example_dags/example_sla_dag.py took 0.070 seconds
[2025-08-17T21:47:11.585+0000] {processor.py:186} INFO - Started process (PID=928) to work on /home/airflow/.local/lib/python3.12/site-packages/airflow/example_dags/example_sla_dag.py
[2025-08-17T21:47:11.586+0000] {processor.py:914} INFO - Processing file /home/airflow/.local/lib/python3.12/site-packages/airflow/example_dags/example_sla_dag.py for tasks to queue
[2025-08-17T21:47:11.592+0000] {logging_mixin.py:190} INFO - [2025-08-17T21:47:11.592+0000] {dagbag.py:588} INFO - Filling up the DagBag from /home/airflow/.local/lib/python3.12/site-packages/airflow/example_dags/example_sla_dag.py
[2025-08-17T21:47:11.602+0000] {processor.py:925} INFO - DAG(s) 'example_sla_dag' retrieved from /home/airflow/.local/lib/python3.12/site-packages/airflow/example_dags/example_sla_dag.py
[2025-08-17T21:47:11.620+0000] {logging_mixin.py:190} INFO - [2025-08-17T21:47:11.620+0000] {dag.py:3239} INFO - Sync 1 DAGs
[2025-08-17T21:47:11.641+0000] {logging_mixin.py:190} INFO - [2025-08-17T21:47:11.641+0000] {dag.py:4180} INFO - Setting next_dagrun for example_sla_dag to 2025-08-17 21:44:00+00:00, run_after=2025-08-17 21:46:00+00:00
[2025-08-17T21:47:11.657+0000] {processor.py:208} INFO - Processing /home/airflow/.local/lib/python3.12/site-packages/airflow/example_dags/example_sla_dag.py took 0.078 seconds
[2025-08-17T21:47:41.940+0000] {processor.py:186} INFO - Started process (PID=991) to work on /home/airflow/.local/lib/python3.12/site-packages/airflow/example_dags/example_sla_dag.py
[2025-08-17T21:47:41.941+0000] {processor.py:914} INFO - Processing file /home/airflow/.local/lib/python3.12/site-packages/airflow/example_dags/example_sla_dag.py for tasks to queue
[2025-08-17T21:47:41.943+0000] {logging_mixin.py:190} INFO - [2025-08-17T21:47:41.943+0000] {dagbag.py:588} INFO - Filling up the DagBag from /home/airflow/.local/lib/python3.12/site-packages/airflow/example_dags/example_sla_dag.py
[2025-08-17T21:47:41.953+0000] {processor.py:925} INFO - DAG(s) 'example_sla_dag' retrieved from /home/airflow/.local/lib/python3.12/site-packages/airflow/example_dags/example_sla_dag.py
[2025-08-17T21:47:41.971+0000] {logging_mixin.py:190} INFO - [2025-08-17T21:47:41.971+0000] {dag.py:3239} INFO - Sync 1 DAGs
[2025-08-17T21:47:41.991+0000] {logging_mixin.py:190} INFO - [2025-08-17T21:47:41.991+0000] {dag.py:4180} INFO - Setting next_dagrun for example_sla_dag to 2025-08-17 21:44:00+00:00, run_after=2025-08-17 21:46:00+00:00
[2025-08-17T21:47:42.016+0000] {processor.py:208} INFO - Processing /home/airflow/.local/lib/python3.12/site-packages/airflow/example_dags/example_sla_dag.py took 0.081 seconds
