[2025-08-17T21:40:27.983+0000] {processor.py:186} INFO - Started process (PID=75) to work on /home/airflow/.local/lib/python3.12/site-packages/airflow/example_dags/example_short_circuit_operator.py
[2025-08-17T21:40:27.984+0000] {processor.py:914} INFO - Processing file /home/airflow/.local/lib/python3.12/site-packages/airflow/example_dags/example_short_circuit_operator.py for tasks to queue
[2025-08-17T21:40:27.986+0000] {logging_mixin.py:190} INFO - [2025-08-17T21:40:27.986+0000] {dagbag.py:588} INFO - Filling up the DagBag from /home/airflow/.local/lib/python3.12/site-packages/airflow/example_dags/example_short_circuit_operator.py
[2025-08-17T21:40:27.996+0000] {processor.py:925} INFO - DAG(s) 'example_short_circuit_operator' retrieved from /home/airflow/.local/lib/python3.12/site-packages/airflow/example_dags/example_short_circuit_operator.py
[2025-08-17T21:40:28.097+0000] {logging_mixin.py:190} INFO - [2025-08-17T21:40:28.096+0000] {override.py:1930} INFO - Created Permission View: can read on DAG:example_short_circuit_operator
[2025-08-17T21:40:28.104+0000] {logging_mixin.py:190} INFO - [2025-08-17T21:40:28.104+0000] {override.py:1930} INFO - Created Permission View: can edit on DAG:example_short_circuit_operator
[2025-08-17T21:40:28.109+0000] {logging_mixin.py:190} INFO - [2025-08-17T21:40:28.109+0000] {override.py:1930} INFO - Created Permission View: can delete on DAG:example_short_circuit_operator
[2025-08-17T21:40:28.116+0000] {logging_mixin.py:190} INFO - [2025-08-17T21:40:28.115+0000] {override.py:1930} INFO - Created Permission View: can read on DAG Run:example_short_circuit_operator
[2025-08-17T21:40:28.122+0000] {logging_mixin.py:190} INFO - [2025-08-17T21:40:28.121+0000] {override.py:1930} INFO - Created Permission View: can create on DAG Run:example_short_circuit_operator
[2025-08-17T21:40:28.127+0000] {logging_mixin.py:190} INFO - [2025-08-17T21:40:28.127+0000] {override.py:1930} INFO - Created Permission View: can delete on DAG Run:example_short_circuit_operator
[2025-08-17T21:40:28.133+0000] {logging_mixin.py:190} INFO - [2025-08-17T21:40:28.132+0000] {override.py:1930} INFO - Created Permission View: menu access on DAG Run:example_short_circuit_operator
[2025-08-17T21:40:28.133+0000] {logging_mixin.py:190} INFO - [2025-08-17T21:40:28.133+0000] {dag.py:3239} INFO - Sync 1 DAGs
[2025-08-17T21:40:28.145+0000] {logging_mixin.py:190} INFO - [2025-08-17T21:40:28.145+0000] {dag.py:3262} INFO - Creating ORM DAG for example_short_circuit_operator
[2025-08-17T21:40:28.146+0000] {logging_mixin.py:190} INFO - [2025-08-17T21:40:28.146+0000] {dag.py:4180} INFO - Setting next_dagrun for example_short_circuit_operator to None, run_after=None
[2025-08-17T21:40:28.160+0000] {processor.py:208} INFO - Processing /home/airflow/.local/lib/python3.12/site-packages/airflow/example_dags/example_short_circuit_operator.py took 0.183 seconds
[2025-08-17T21:40:59.043+0000] {processor.py:186} INFO - Started process (PID=138) to work on /home/airflow/.local/lib/python3.12/site-packages/airflow/example_dags/example_short_circuit_operator.py
[2025-08-17T21:40:59.044+0000] {processor.py:914} INFO - Processing file /home/airflow/.local/lib/python3.12/site-packages/airflow/example_dags/example_short_circuit_operator.py for tasks to queue
[2025-08-17T21:40:59.047+0000] {logging_mixin.py:190} INFO - [2025-08-17T21:40:59.046+0000] {dagbag.py:588} INFO - Filling up the DagBag from /home/airflow/.local/lib/python3.12/site-packages/airflow/example_dags/example_short_circuit_operator.py
[2025-08-17T21:40:59.054+0000] {processor.py:925} INFO - DAG(s) 'example_short_circuit_operator' retrieved from /home/airflow/.local/lib/python3.12/site-packages/airflow/example_dags/example_short_circuit_operator.py
[2025-08-17T21:40:59.074+0000] {logging_mixin.py:190} INFO - [2025-08-17T21:40:59.074+0000] {dag.py:3239} INFO - Sync 1 DAGs
[2025-08-17T21:40:59.087+0000] {logging_mixin.py:190} INFO - [2025-08-17T21:40:59.086+0000] {dag.py:4180} INFO - Setting next_dagrun for example_short_circuit_operator to None, run_after=None
[2025-08-17T21:40:59.102+0000] {processor.py:208} INFO - Processing /home/airflow/.local/lib/python3.12/site-packages/airflow/example_dags/example_short_circuit_operator.py took 0.064 seconds
[2025-08-17T21:41:29.397+0000] {processor.py:186} INFO - Started process (PID=200) to work on /home/airflow/.local/lib/python3.12/site-packages/airflow/example_dags/example_short_circuit_operator.py
[2025-08-17T21:41:29.398+0000] {processor.py:914} INFO - Processing file /home/airflow/.local/lib/python3.12/site-packages/airflow/example_dags/example_short_circuit_operator.py for tasks to queue
[2025-08-17T21:41:29.401+0000] {logging_mixin.py:190} INFO - [2025-08-17T21:41:29.400+0000] {dagbag.py:588} INFO - Filling up the DagBag from /home/airflow/.local/lib/python3.12/site-packages/airflow/example_dags/example_short_circuit_operator.py
[2025-08-17T21:41:29.408+0000] {processor.py:925} INFO - DAG(s) 'example_short_circuit_operator' retrieved from /home/airflow/.local/lib/python3.12/site-packages/airflow/example_dags/example_short_circuit_operator.py
[2025-08-17T21:41:29.427+0000] {logging_mixin.py:190} INFO - [2025-08-17T21:41:29.427+0000] {dag.py:3239} INFO - Sync 1 DAGs
[2025-08-17T21:41:29.439+0000] {logging_mixin.py:190} INFO - [2025-08-17T21:41:29.438+0000] {dag.py:4180} INFO - Setting next_dagrun for example_short_circuit_operator to None, run_after=None
[2025-08-17T21:41:29.456+0000] {processor.py:208} INFO - Processing /home/airflow/.local/lib/python3.12/site-packages/airflow/example_dags/example_short_circuit_operator.py took 0.064 seconds
[2025-08-17T21:42:00.010+0000] {processor.py:186} INFO - Started process (PID=263) to work on /home/airflow/.local/lib/python3.12/site-packages/airflow/example_dags/example_short_circuit_operator.py
[2025-08-17T21:42:00.011+0000] {processor.py:914} INFO - Processing file /home/airflow/.local/lib/python3.12/site-packages/airflow/example_dags/example_short_circuit_operator.py for tasks to queue
[2025-08-17T21:42:00.014+0000] {logging_mixin.py:190} INFO - [2025-08-17T21:42:00.014+0000] {dagbag.py:588} INFO - Filling up the DagBag from /home/airflow/.local/lib/python3.12/site-packages/airflow/example_dags/example_short_circuit_operator.py
[2025-08-17T21:42:00.023+0000] {processor.py:925} INFO - DAG(s) 'example_short_circuit_operator' retrieved from /home/airflow/.local/lib/python3.12/site-packages/airflow/example_dags/example_short_circuit_operator.py
[2025-08-17T21:42:00.044+0000] {logging_mixin.py:190} INFO - [2025-08-17T21:42:00.044+0000] {dag.py:3239} INFO - Sync 1 DAGs
[2025-08-17T21:42:00.057+0000] {logging_mixin.py:190} INFO - [2025-08-17T21:42:00.057+0000] {dag.py:4180} INFO - Setting next_dagrun for example_short_circuit_operator to None, run_after=None
[2025-08-17T21:42:00.071+0000] {processor.py:208} INFO - Processing /home/airflow/.local/lib/python3.12/site-packages/airflow/example_dags/example_short_circuit_operator.py took 0.067 seconds
[2025-08-17T21:42:30.999+0000] {processor.py:186} INFO - Started process (PID=326) to work on /home/airflow/.local/lib/python3.12/site-packages/airflow/example_dags/example_short_circuit_operator.py
[2025-08-17T21:42:31.000+0000] {processor.py:914} INFO - Processing file /home/airflow/.local/lib/python3.12/site-packages/airflow/example_dags/example_short_circuit_operator.py for tasks to queue
[2025-08-17T21:42:31.003+0000] {logging_mixin.py:190} INFO - [2025-08-17T21:42:31.003+0000] {dagbag.py:588} INFO - Filling up the DagBag from /home/airflow/.local/lib/python3.12/site-packages/airflow/example_dags/example_short_circuit_operator.py
[2025-08-17T21:42:31.010+0000] {processor.py:925} INFO - DAG(s) 'example_short_circuit_operator' retrieved from /home/airflow/.local/lib/python3.12/site-packages/airflow/example_dags/example_short_circuit_operator.py
[2025-08-17T21:42:31.030+0000] {logging_mixin.py:190} INFO - [2025-08-17T21:42:31.030+0000] {dag.py:3239} INFO - Sync 1 DAGs
[2025-08-17T21:42:31.042+0000] {logging_mixin.py:190} INFO - [2025-08-17T21:42:31.042+0000] {dag.py:4180} INFO - Setting next_dagrun for example_short_circuit_operator to None, run_after=None
[2025-08-17T21:42:31.091+0000] {processor.py:208} INFO - Processing /home/airflow/.local/lib/python3.12/site-packages/airflow/example_dags/example_short_circuit_operator.py took 0.097 seconds
[2025-08-17T21:43:01.357+0000] {processor.py:186} INFO - Started process (PID=389) to work on /home/airflow/.local/lib/python3.12/site-packages/airflow/example_dags/example_short_circuit_operator.py
[2025-08-17T21:43:01.358+0000] {processor.py:914} INFO - Processing file /home/airflow/.local/lib/python3.12/site-packages/airflow/example_dags/example_short_circuit_operator.py for tasks to queue
[2025-08-17T21:43:01.360+0000] {logging_mixin.py:190} INFO - [2025-08-17T21:43:01.360+0000] {dagbag.py:588} INFO - Filling up the DagBag from /home/airflow/.local/lib/python3.12/site-packages/airflow/example_dags/example_short_circuit_operator.py
[2025-08-17T21:43:01.368+0000] {processor.py:925} INFO - DAG(s) 'example_short_circuit_operator' retrieved from /home/airflow/.local/lib/python3.12/site-packages/airflow/example_dags/example_short_circuit_operator.py
[2025-08-17T21:43:01.389+0000] {logging_mixin.py:190} INFO - [2025-08-17T21:43:01.389+0000] {dag.py:3239} INFO - Sync 1 DAGs
[2025-08-17T21:43:01.403+0000] {logging_mixin.py:190} INFO - [2025-08-17T21:43:01.403+0000] {dag.py:4180} INFO - Setting next_dagrun for example_short_circuit_operator to None, run_after=None
[2025-08-17T21:43:01.419+0000] {processor.py:208} INFO - Processing /home/airflow/.local/lib/python3.12/site-packages/airflow/example_dags/example_short_circuit_operator.py took 0.067 seconds
[2025-08-17T21:43:31.496+0000] {processor.py:186} INFO - Started process (PID=452) to work on /home/airflow/.local/lib/python3.12/site-packages/airflow/example_dags/example_short_circuit_operator.py
[2025-08-17T21:43:31.497+0000] {processor.py:914} INFO - Processing file /home/airflow/.local/lib/python3.12/site-packages/airflow/example_dags/example_short_circuit_operator.py for tasks to queue
[2025-08-17T21:43:31.500+0000] {logging_mixin.py:190} INFO - [2025-08-17T21:43:31.499+0000] {dagbag.py:588} INFO - Filling up the DagBag from /home/airflow/.local/lib/python3.12/site-packages/airflow/example_dags/example_short_circuit_operator.py
[2025-08-17T21:43:31.507+0000] {processor.py:925} INFO - DAG(s) 'example_short_circuit_operator' retrieved from /home/airflow/.local/lib/python3.12/site-packages/airflow/example_dags/example_short_circuit_operator.py
[2025-08-17T21:43:31.527+0000] {logging_mixin.py:190} INFO - [2025-08-17T21:43:31.527+0000] {dag.py:3239} INFO - Sync 1 DAGs
[2025-08-17T21:43:31.539+0000] {logging_mixin.py:190} INFO - [2025-08-17T21:43:31.539+0000] {dag.py:4180} INFO - Setting next_dagrun for example_short_circuit_operator to None, run_after=None
[2025-08-17T21:43:31.554+0000] {processor.py:208} INFO - Processing /home/airflow/.local/lib/python3.12/site-packages/airflow/example_dags/example_short_circuit_operator.py took 0.063 seconds
[2025-08-17T21:44:01.815+0000] {processor.py:186} INFO - Started process (PID=515) to work on /home/airflow/.local/lib/python3.12/site-packages/airflow/example_dags/example_short_circuit_operator.py
[2025-08-17T21:44:01.816+0000] {processor.py:914} INFO - Processing file /home/airflow/.local/lib/python3.12/site-packages/airflow/example_dags/example_short_circuit_operator.py for tasks to queue
[2025-08-17T21:44:01.819+0000] {logging_mixin.py:190} INFO - [2025-08-17T21:44:01.818+0000] {dagbag.py:588} INFO - Filling up the DagBag from /home/airflow/.local/lib/python3.12/site-packages/airflow/example_dags/example_short_circuit_operator.py
[2025-08-17T21:44:01.826+0000] {processor.py:925} INFO - DAG(s) 'example_short_circuit_operator' retrieved from /home/airflow/.local/lib/python3.12/site-packages/airflow/example_dags/example_short_circuit_operator.py
[2025-08-17T21:44:01.846+0000] {logging_mixin.py:190} INFO - [2025-08-17T21:44:01.846+0000] {dag.py:3239} INFO - Sync 1 DAGs
[2025-08-17T21:44:01.858+0000] {logging_mixin.py:190} INFO - [2025-08-17T21:44:01.858+0000] {dag.py:4180} INFO - Setting next_dagrun for example_short_circuit_operator to None, run_after=None
[2025-08-17T21:44:01.873+0000] {processor.py:208} INFO - Processing /home/airflow/.local/lib/python3.12/site-packages/airflow/example_dags/example_short_circuit_operator.py took 0.063 seconds
[2025-08-17T21:44:32.499+0000] {processor.py:186} INFO - Started process (PID=578) to work on /home/airflow/.local/lib/python3.12/site-packages/airflow/example_dags/example_short_circuit_operator.py
[2025-08-17T21:44:32.499+0000] {processor.py:914} INFO - Processing file /home/airflow/.local/lib/python3.12/site-packages/airflow/example_dags/example_short_circuit_operator.py for tasks to queue
[2025-08-17T21:44:32.502+0000] {logging_mixin.py:190} INFO - [2025-08-17T21:44:32.501+0000] {dagbag.py:588} INFO - Filling up the DagBag from /home/airflow/.local/lib/python3.12/site-packages/airflow/example_dags/example_short_circuit_operator.py
[2025-08-17T21:44:32.509+0000] {processor.py:925} INFO - DAG(s) 'example_short_circuit_operator' retrieved from /home/airflow/.local/lib/python3.12/site-packages/airflow/example_dags/example_short_circuit_operator.py
[2025-08-17T21:44:32.530+0000] {logging_mixin.py:190} INFO - [2025-08-17T21:44:32.530+0000] {dag.py:3239} INFO - Sync 1 DAGs
[2025-08-17T21:44:32.541+0000] {logging_mixin.py:190} INFO - [2025-08-17T21:44:32.541+0000] {dag.py:4180} INFO - Setting next_dagrun for example_short_circuit_operator to None, run_after=None
[2025-08-17T21:44:32.561+0000] {processor.py:208} INFO - Processing /home/airflow/.local/lib/python3.12/site-packages/airflow/example_dags/example_short_circuit_operator.py took 0.069 seconds
[2025-08-17T21:45:02.718+0000] {processor.py:186} INFO - Started process (PID=641) to work on /home/airflow/.local/lib/python3.12/site-packages/airflow/example_dags/example_short_circuit_operator.py
[2025-08-17T21:45:02.719+0000] {processor.py:914} INFO - Processing file /home/airflow/.local/lib/python3.12/site-packages/airflow/example_dags/example_short_circuit_operator.py for tasks to queue
[2025-08-17T21:45:02.722+0000] {logging_mixin.py:190} INFO - [2025-08-17T21:45:02.721+0000] {dagbag.py:588} INFO - Filling up the DagBag from /home/airflow/.local/lib/python3.12/site-packages/airflow/example_dags/example_short_circuit_operator.py
[2025-08-17T21:45:02.732+0000] {processor.py:925} INFO - DAG(s) 'example_short_circuit_operator' retrieved from /home/airflow/.local/lib/python3.12/site-packages/airflow/example_dags/example_short_circuit_operator.py
[2025-08-17T21:45:02.755+0000] {logging_mixin.py:190} INFO - [2025-08-17T21:45:02.754+0000] {dag.py:3239} INFO - Sync 1 DAGs
[2025-08-17T21:45:02.768+0000] {logging_mixin.py:190} INFO - [2025-08-17T21:45:02.768+0000] {dag.py:4180} INFO - Setting next_dagrun for example_short_circuit_operator to None, run_after=None
[2025-08-17T21:45:02.788+0000] {processor.py:208} INFO - Processing /home/airflow/.local/lib/python3.12/site-packages/airflow/example_dags/example_short_circuit_operator.py took 0.077 seconds
[2025-08-17T21:45:33.009+0000] {processor.py:186} INFO - Started process (PID=704) to work on /home/airflow/.local/lib/python3.12/site-packages/airflow/example_dags/example_short_circuit_operator.py
[2025-08-17T21:45:33.010+0000] {processor.py:914} INFO - Processing file /home/airflow/.local/lib/python3.12/site-packages/airflow/example_dags/example_short_circuit_operator.py for tasks to queue
[2025-08-17T21:45:33.012+0000] {logging_mixin.py:190} INFO - [2025-08-17T21:45:33.011+0000] {dagbag.py:588} INFO - Filling up the DagBag from /home/airflow/.local/lib/python3.12/site-packages/airflow/example_dags/example_short_circuit_operator.py
[2025-08-17T21:45:33.019+0000] {processor.py:925} INFO - DAG(s) 'example_short_circuit_operator' retrieved from /home/airflow/.local/lib/python3.12/site-packages/airflow/example_dags/example_short_circuit_operator.py
[2025-08-17T21:45:33.039+0000] {logging_mixin.py:190} INFO - [2025-08-17T21:45:33.039+0000] {dag.py:3239} INFO - Sync 1 DAGs
[2025-08-17T21:45:33.051+0000] {logging_mixin.py:190} INFO - [2025-08-17T21:45:33.051+0000] {dag.py:4180} INFO - Setting next_dagrun for example_short_circuit_operator to None, run_after=None
[2025-08-17T21:45:33.072+0000] {processor.py:208} INFO - Processing /home/airflow/.local/lib/python3.12/site-packages/airflow/example_dags/example_short_circuit_operator.py took 0.068 seconds
[2025-08-17T21:46:03.464+0000] {processor.py:186} INFO - Started process (PID=767) to work on /home/airflow/.local/lib/python3.12/site-packages/airflow/example_dags/example_short_circuit_operator.py
[2025-08-17T21:46:03.465+0000] {processor.py:914} INFO - Processing file /home/airflow/.local/lib/python3.12/site-packages/airflow/example_dags/example_short_circuit_operator.py for tasks to queue
[2025-08-17T21:46:03.467+0000] {logging_mixin.py:190} INFO - [2025-08-17T21:46:03.467+0000] {dagbag.py:588} INFO - Filling up the DagBag from /home/airflow/.local/lib/python3.12/site-packages/airflow/example_dags/example_short_circuit_operator.py
[2025-08-17T21:46:03.475+0000] {processor.py:925} INFO - DAG(s) 'example_short_circuit_operator' retrieved from /home/airflow/.local/lib/python3.12/site-packages/airflow/example_dags/example_short_circuit_operator.py
[2025-08-17T21:46:03.497+0000] {logging_mixin.py:190} INFO - [2025-08-17T21:46:03.497+0000] {dag.py:3239} INFO - Sync 1 DAGs
[2025-08-17T21:46:03.509+0000] {logging_mixin.py:190} INFO - [2025-08-17T21:46:03.509+0000] {dag.py:4180} INFO - Setting next_dagrun for example_short_circuit_operator to None, run_after=None
[2025-08-17T21:46:03.532+0000] {processor.py:208} INFO - Processing /home/airflow/.local/lib/python3.12/site-packages/airflow/example_dags/example_short_circuit_operator.py took 0.073 seconds
[2025-08-17T21:46:33.917+0000] {processor.py:186} INFO - Started process (PID=830) to work on /home/airflow/.local/lib/python3.12/site-packages/airflow/example_dags/example_short_circuit_operator.py
[2025-08-17T21:46:33.918+0000] {processor.py:914} INFO - Processing file /home/airflow/.local/lib/python3.12/site-packages/airflow/example_dags/example_short_circuit_operator.py for tasks to queue
[2025-08-17T21:46:33.921+0000] {logging_mixin.py:190} INFO - [2025-08-17T21:46:33.921+0000] {dagbag.py:588} INFO - Filling up the DagBag from /home/airflow/.local/lib/python3.12/site-packages/airflow/example_dags/example_short_circuit_operator.py
[2025-08-17T21:46:33.929+0000] {processor.py:925} INFO - DAG(s) 'example_short_circuit_operator' retrieved from /home/airflow/.local/lib/python3.12/site-packages/airflow/example_dags/example_short_circuit_operator.py
[2025-08-17T21:46:33.950+0000] {logging_mixin.py:190} INFO - [2025-08-17T21:46:33.950+0000] {dag.py:3239} INFO - Sync 1 DAGs
[2025-08-17T21:46:33.964+0000] {logging_mixin.py:190} INFO - [2025-08-17T21:46:33.964+0000] {dag.py:4180} INFO - Setting next_dagrun for example_short_circuit_operator to None, run_after=None
[2025-08-17T21:46:33.979+0000] {processor.py:208} INFO - Processing /home/airflow/.local/lib/python3.12/site-packages/airflow/example_dags/example_short_circuit_operator.py took 0.067 seconds
[2025-08-17T21:47:04.195+0000] {processor.py:186} INFO - Started process (PID=893) to work on /home/airflow/.local/lib/python3.12/site-packages/airflow/example_dags/example_short_circuit_operator.py
[2025-08-17T21:47:04.195+0000] {processor.py:914} INFO - Processing file /home/airflow/.local/lib/python3.12/site-packages/airflow/example_dags/example_short_circuit_operator.py for tasks to queue
[2025-08-17T21:47:04.197+0000] {logging_mixin.py:190} INFO - [2025-08-17T21:47:04.197+0000] {dagbag.py:588} INFO - Filling up the DagBag from /home/airflow/.local/lib/python3.12/site-packages/airflow/example_dags/example_short_circuit_operator.py
[2025-08-17T21:47:04.205+0000] {processor.py:925} INFO - DAG(s) 'example_short_circuit_operator' retrieved from /home/airflow/.local/lib/python3.12/site-packages/airflow/example_dags/example_short_circuit_operator.py
[2025-08-17T21:47:04.227+0000] {logging_mixin.py:190} INFO - [2025-08-17T21:47:04.227+0000] {dag.py:3239} INFO - Sync 1 DAGs
[2025-08-17T21:47:04.239+0000] {logging_mixin.py:190} INFO - [2025-08-17T21:47:04.239+0000] {dag.py:4180} INFO - Setting next_dagrun for example_short_circuit_operator to None, run_after=None
[2025-08-17T21:47:04.258+0000] {processor.py:208} INFO - Processing /home/airflow/.local/lib/python3.12/site-packages/airflow/example_dags/example_short_circuit_operator.py took 0.069 seconds
[2025-08-17T21:47:34.531+0000] {processor.py:186} INFO - Started process (PID=956) to work on /home/airflow/.local/lib/python3.12/site-packages/airflow/example_dags/example_short_circuit_operator.py
[2025-08-17T21:47:34.532+0000] {processor.py:914} INFO - Processing file /home/airflow/.local/lib/python3.12/site-packages/airflow/example_dags/example_short_circuit_operator.py for tasks to queue
[2025-08-17T21:47:34.535+0000] {logging_mixin.py:190} INFO - [2025-08-17T21:47:34.535+0000] {dagbag.py:588} INFO - Filling up the DagBag from /home/airflow/.local/lib/python3.12/site-packages/airflow/example_dags/example_short_circuit_operator.py
[2025-08-17T21:47:34.543+0000] {processor.py:925} INFO - DAG(s) 'example_short_circuit_operator' retrieved from /home/airflow/.local/lib/python3.12/site-packages/airflow/example_dags/example_short_circuit_operator.py
[2025-08-17T21:47:34.564+0000] {logging_mixin.py:190} INFO - [2025-08-17T21:47:34.564+0000] {dag.py:3239} INFO - Sync 1 DAGs
[2025-08-17T21:47:34.577+0000] {logging_mixin.py:190} INFO - [2025-08-17T21:47:34.576+0000] {dag.py:4180} INFO - Setting next_dagrun for example_short_circuit_operator to None, run_after=None
[2025-08-17T21:47:34.596+0000] {processor.py:208} INFO - Processing /home/airflow/.local/lib/python3.12/site-packages/airflow/example_dags/example_short_circuit_operator.py took 0.070 seconds
[2025-08-17T21:48:04.699+0000] {processor.py:186} INFO - Started process (PID=1019) to work on /home/airflow/.local/lib/python3.12/site-packages/airflow/example_dags/example_short_circuit_operator.py
[2025-08-17T21:48:04.700+0000] {processor.py:914} INFO - Processing file /home/airflow/.local/lib/python3.12/site-packages/airflow/example_dags/example_short_circuit_operator.py for tasks to queue
[2025-08-17T21:48:04.702+0000] {logging_mixin.py:190} INFO - [2025-08-17T21:48:04.702+0000] {dagbag.py:588} INFO - Filling up the DagBag from /home/airflow/.local/lib/python3.12/site-packages/airflow/example_dags/example_short_circuit_operator.py
[2025-08-17T21:48:04.711+0000] {processor.py:925} INFO - DAG(s) 'example_short_circuit_operator' retrieved from /home/airflow/.local/lib/python3.12/site-packages/airflow/example_dags/example_short_circuit_operator.py
[2025-08-17T21:48:04.742+0000] {logging_mixin.py:190} INFO - [2025-08-17T21:48:04.741+0000] {dag.py:3239} INFO - Sync 1 DAGs
[2025-08-17T21:48:04.758+0000] {logging_mixin.py:190} INFO - [2025-08-17T21:48:04.757+0000] {dag.py:4180} INFO - Setting next_dagrun for example_short_circuit_operator to None, run_after=None
[2025-08-17T21:48:04.773+0000] {processor.py:208} INFO - Processing /home/airflow/.local/lib/python3.12/site-packages/airflow/example_dags/example_short_circuit_operator.py took 0.080 seconds
