[2025-08-17T21:40:30.932+0000] {processor.py:186} INFO - Started process (PID=90) to work on /home/airflow/.local/lib/python3.12/site-packages/airflow/example_dags/example_params_ui_tutorial.py
[2025-08-17T21:40:30.933+0000] {processor.py:914} INFO - Processing file /home/airflow/.local/lib/python3.12/site-packages/airflow/example_dags/example_params_ui_tutorial.py for tasks to queue
[2025-08-17T21:40:30.937+0000] {logging_mixin.py:190} INFO - [2025-08-17T21:40:30.937+0000] {dagbag.py:588} INFO - Filling up the DagBag from /home/airflow/.local/lib/python3.12/site-packages/airflow/example_dags/example_params_ui_tutorial.py
[2025-08-17T21:40:30.975+0000] {processor.py:925} INFO - DAG(s) 'example_params_ui_tutorial' retrieved from /home/airflow/.local/lib/python3.12/site-packages/airflow/example_dags/example_params_ui_tutorial.py
[2025-08-17T21:40:31.083+0000] {logging_mixin.py:190} INFO - [2025-08-17T21:40:31.083+0000] {override.py:1930} INFO - Created Permission View: can read on DAG:example_params_ui_tutorial
[2025-08-17T21:40:31.092+0000] {logging_mixin.py:190} INFO - [2025-08-17T21:40:31.092+0000] {override.py:1930} INFO - Created Permission View: can edit on DAG:example_params_ui_tutorial
[2025-08-17T21:40:31.100+0000] {logging_mixin.py:190} INFO - [2025-08-17T21:40:31.100+0000] {override.py:1930} INFO - Created Permission View: can delete on DAG:example_params_ui_tutorial
[2025-08-17T21:40:31.106+0000] {logging_mixin.py:190} INFO - [2025-08-17T21:40:31.106+0000] {override.py:1930} INFO - Created Permission View: can read on DAG Run:example_params_ui_tutorial
[2025-08-17T21:40:31.111+0000] {logging_mixin.py:190} INFO - [2025-08-17T21:40:31.111+0000] {override.py:1930} INFO - Created Permission View: can create on DAG Run:example_params_ui_tutorial
[2025-08-17T21:40:31.116+0000] {logging_mixin.py:190} INFO - [2025-08-17T21:40:31.115+0000] {override.py:1930} INFO - Created Permission View: can delete on DAG Run:example_params_ui_tutorial
[2025-08-17T21:40:31.121+0000] {logging_mixin.py:190} INFO - [2025-08-17T21:40:31.120+0000] {override.py:1930} INFO - Created Permission View: menu access on DAG Run:example_params_ui_tutorial
[2025-08-17T21:40:31.121+0000] {logging_mixin.py:190} INFO - [2025-08-17T21:40:31.121+0000] {dag.py:3239} INFO - Sync 1 DAGs
[2025-08-17T21:40:31.132+0000] {logging_mixin.py:190} INFO - [2025-08-17T21:40:31.132+0000] {dag.py:3262} INFO - Creating ORM DAG for example_params_ui_tutorial
[2025-08-17T21:40:31.133+0000] {logging_mixin.py:190} INFO - [2025-08-17T21:40:31.133+0000] {dag.py:4180} INFO - Setting next_dagrun for example_params_ui_tutorial to None, run_after=None
[2025-08-17T21:40:31.147+0000] {processor.py:208} INFO - Processing /home/airflow/.local/lib/python3.12/site-packages/airflow/example_dags/example_params_ui_tutorial.py took 0.221 seconds
[2025-08-17T21:41:01.354+0000] {processor.py:186} INFO - Started process (PID=153) to work on /home/airflow/.local/lib/python3.12/site-packages/airflow/example_dags/example_params_ui_tutorial.py
[2025-08-17T21:41:01.355+0000] {processor.py:914} INFO - Processing file /home/airflow/.local/lib/python3.12/site-packages/airflow/example_dags/example_params_ui_tutorial.py for tasks to queue
[2025-08-17T21:41:01.357+0000] {logging_mixin.py:190} INFO - [2025-08-17T21:41:01.356+0000] {dagbag.py:588} INFO - Filling up the DagBag from /home/airflow/.local/lib/python3.12/site-packages/airflow/example_dags/example_params_ui_tutorial.py
[2025-08-17T21:41:01.365+0000] {processor.py:925} INFO - DAG(s) 'example_params_ui_tutorial' retrieved from /home/airflow/.local/lib/python3.12/site-packages/airflow/example_dags/example_params_ui_tutorial.py
[2025-08-17T21:41:01.398+0000] {logging_mixin.py:190} INFO - [2025-08-17T21:41:01.397+0000] {dag.py:3239} INFO - Sync 1 DAGs
[2025-08-17T21:41:01.409+0000] {logging_mixin.py:190} INFO - [2025-08-17T21:41:01.409+0000] {dag.py:4180} INFO - Setting next_dagrun for example_params_ui_tutorial to None, run_after=None
[2025-08-17T21:41:01.423+0000] {processor.py:208} INFO - Processing /home/airflow/.local/lib/python3.12/site-packages/airflow/example_dags/example_params_ui_tutorial.py took 0.075 seconds
[2025-08-17T21:41:31.538+0000] {processor.py:186} INFO - Started process (PID=215) to work on /home/airflow/.local/lib/python3.12/site-packages/airflow/example_dags/example_params_ui_tutorial.py
[2025-08-17T21:41:31.539+0000] {processor.py:914} INFO - Processing file /home/airflow/.local/lib/python3.12/site-packages/airflow/example_dags/example_params_ui_tutorial.py for tasks to queue
[2025-08-17T21:41:31.541+0000] {logging_mixin.py:190} INFO - [2025-08-17T21:41:31.541+0000] {dagbag.py:588} INFO - Filling up the DagBag from /home/airflow/.local/lib/python3.12/site-packages/airflow/example_dags/example_params_ui_tutorial.py
[2025-08-17T21:41:31.549+0000] {processor.py:925} INFO - DAG(s) 'example_params_ui_tutorial' retrieved from /home/airflow/.local/lib/python3.12/site-packages/airflow/example_dags/example_params_ui_tutorial.py
[2025-08-17T21:41:31.585+0000] {logging_mixin.py:190} INFO - [2025-08-17T21:41:31.584+0000] {dag.py:3239} INFO - Sync 1 DAGs
[2025-08-17T21:41:31.597+0000] {logging_mixin.py:190} INFO - [2025-08-17T21:41:31.597+0000] {dag.py:4180} INFO - Setting next_dagrun for example_params_ui_tutorial to None, run_after=None
[2025-08-17T21:41:31.615+0000] {processor.py:208} INFO - Processing /home/airflow/.local/lib/python3.12/site-packages/airflow/example_dags/example_params_ui_tutorial.py took 0.082 seconds
[2025-08-17T21:42:02.193+0000] {processor.py:186} INFO - Started process (PID=278) to work on /home/airflow/.local/lib/python3.12/site-packages/airflow/example_dags/example_params_ui_tutorial.py
[2025-08-17T21:42:02.193+0000] {processor.py:914} INFO - Processing file /home/airflow/.local/lib/python3.12/site-packages/airflow/example_dags/example_params_ui_tutorial.py for tasks to queue
[2025-08-17T21:42:02.196+0000] {logging_mixin.py:190} INFO - [2025-08-17T21:42:02.195+0000] {dagbag.py:588} INFO - Filling up the DagBag from /home/airflow/.local/lib/python3.12/site-packages/airflow/example_dags/example_params_ui_tutorial.py
[2025-08-17T21:42:02.204+0000] {processor.py:925} INFO - DAG(s) 'example_params_ui_tutorial' retrieved from /home/airflow/.local/lib/python3.12/site-packages/airflow/example_dags/example_params_ui_tutorial.py
[2025-08-17T21:42:02.243+0000] {logging_mixin.py:190} INFO - [2025-08-17T21:42:02.243+0000] {dag.py:3239} INFO - Sync 1 DAGs
[2025-08-17T21:42:02.257+0000] {logging_mixin.py:190} INFO - [2025-08-17T21:42:02.257+0000] {dag.py:4180} INFO - Setting next_dagrun for example_params_ui_tutorial to None, run_after=None
[2025-08-17T21:42:02.274+0000] {processor.py:208} INFO - Processing /home/airflow/.local/lib/python3.12/site-packages/airflow/example_dags/example_params_ui_tutorial.py took 0.087 seconds
[2025-08-17T21:42:32.686+0000] {processor.py:186} INFO - Started process (PID=341) to work on /home/airflow/.local/lib/python3.12/site-packages/airflow/example_dags/example_params_ui_tutorial.py
[2025-08-17T21:42:32.687+0000] {processor.py:914} INFO - Processing file /home/airflow/.local/lib/python3.12/site-packages/airflow/example_dags/example_params_ui_tutorial.py for tasks to queue
[2025-08-17T21:42:32.690+0000] {logging_mixin.py:190} INFO - [2025-08-17T21:42:32.689+0000] {dagbag.py:588} INFO - Filling up the DagBag from /home/airflow/.local/lib/python3.12/site-packages/airflow/example_dags/example_params_ui_tutorial.py
[2025-08-17T21:42:32.698+0000] {processor.py:925} INFO - DAG(s) 'example_params_ui_tutorial' retrieved from /home/airflow/.local/lib/python3.12/site-packages/airflow/example_dags/example_params_ui_tutorial.py
[2025-08-17T21:42:32.735+0000] {logging_mixin.py:190} INFO - [2025-08-17T21:42:32.735+0000] {dag.py:3239} INFO - Sync 1 DAGs
[2025-08-17T21:42:32.749+0000] {logging_mixin.py:190} INFO - [2025-08-17T21:42:32.748+0000] {dag.py:4180} INFO - Setting next_dagrun for example_params_ui_tutorial to None, run_after=None
[2025-08-17T21:42:32.766+0000] {processor.py:208} INFO - Processing /home/airflow/.local/lib/python3.12/site-packages/airflow/example_dags/example_params_ui_tutorial.py took 0.085 seconds
[2025-08-17T21:43:04.092+0000] {processor.py:186} INFO - Started process (PID=404) to work on /home/airflow/.local/lib/python3.12/site-packages/airflow/example_dags/example_params_ui_tutorial.py
[2025-08-17T21:43:04.093+0000] {processor.py:914} INFO - Processing file /home/airflow/.local/lib/python3.12/site-packages/airflow/example_dags/example_params_ui_tutorial.py for tasks to queue
[2025-08-17T21:43:04.095+0000] {logging_mixin.py:190} INFO - [2025-08-17T21:43:04.095+0000] {dagbag.py:588} INFO - Filling up the DagBag from /home/airflow/.local/lib/python3.12/site-packages/airflow/example_dags/example_params_ui_tutorial.py
[2025-08-17T21:43:04.105+0000] {processor.py:925} INFO - DAG(s) 'example_params_ui_tutorial' retrieved from /home/airflow/.local/lib/python3.12/site-packages/airflow/example_dags/example_params_ui_tutorial.py
[2025-08-17T21:43:04.140+0000] {logging_mixin.py:190} INFO - [2025-08-17T21:43:04.140+0000] {dag.py:3239} INFO - Sync 1 DAGs
[2025-08-17T21:43:04.151+0000] {logging_mixin.py:190} INFO - [2025-08-17T21:43:04.151+0000] {dag.py:4180} INFO - Setting next_dagrun for example_params_ui_tutorial to None, run_after=None
[2025-08-17T21:43:04.168+0000] {processor.py:208} INFO - Processing /home/airflow/.local/lib/python3.12/site-packages/airflow/example_dags/example_params_ui_tutorial.py took 0.083 seconds
[2025-08-17T21:43:34.559+0000] {processor.py:186} INFO - Started process (PID=467) to work on /home/airflow/.local/lib/python3.12/site-packages/airflow/example_dags/example_params_ui_tutorial.py
[2025-08-17T21:43:34.560+0000] {processor.py:914} INFO - Processing file /home/airflow/.local/lib/python3.12/site-packages/airflow/example_dags/example_params_ui_tutorial.py for tasks to queue
[2025-08-17T21:43:34.562+0000] {logging_mixin.py:190} INFO - [2025-08-17T21:43:34.562+0000] {dagbag.py:588} INFO - Filling up the DagBag from /home/airflow/.local/lib/python3.12/site-packages/airflow/example_dags/example_params_ui_tutorial.py
[2025-08-17T21:43:34.571+0000] {processor.py:925} INFO - DAG(s) 'example_params_ui_tutorial' retrieved from /home/airflow/.local/lib/python3.12/site-packages/airflow/example_dags/example_params_ui_tutorial.py
[2025-08-17T21:43:34.607+0000] {logging_mixin.py:190} INFO - [2025-08-17T21:43:34.607+0000] {dag.py:3239} INFO - Sync 1 DAGs
[2025-08-17T21:43:34.620+0000] {logging_mixin.py:190} INFO - [2025-08-17T21:43:34.620+0000] {dag.py:4180} INFO - Setting next_dagrun for example_params_ui_tutorial to None, run_after=None
[2025-08-17T21:43:34.664+0000] {processor.py:208} INFO - Processing /home/airflow/.local/lib/python3.12/site-packages/airflow/example_dags/example_params_ui_tutorial.py took 0.110 seconds
[2025-08-17T21:44:05.352+0000] {processor.py:186} INFO - Started process (PID=530) to work on /home/airflow/.local/lib/python3.12/site-packages/airflow/example_dags/example_params_ui_tutorial.py
[2025-08-17T21:44:05.353+0000] {processor.py:914} INFO - Processing file /home/airflow/.local/lib/python3.12/site-packages/airflow/example_dags/example_params_ui_tutorial.py for tasks to queue
[2025-08-17T21:44:05.355+0000] {logging_mixin.py:190} INFO - [2025-08-17T21:44:05.355+0000] {dagbag.py:588} INFO - Filling up the DagBag from /home/airflow/.local/lib/python3.12/site-packages/airflow/example_dags/example_params_ui_tutorial.py
[2025-08-17T21:44:05.363+0000] {processor.py:925} INFO - DAG(s) 'example_params_ui_tutorial' retrieved from /home/airflow/.local/lib/python3.12/site-packages/airflow/example_dags/example_params_ui_tutorial.py
[2025-08-17T21:44:05.414+0000] {logging_mixin.py:190} INFO - [2025-08-17T21:44:05.413+0000] {dag.py:3239} INFO - Sync 1 DAGs
[2025-08-17T21:44:05.428+0000] {logging_mixin.py:190} INFO - [2025-08-17T21:44:05.427+0000] {dag.py:4180} INFO - Setting next_dagrun for example_params_ui_tutorial to None, run_after=None
[2025-08-17T21:44:05.453+0000] {processor.py:208} INFO - Processing /home/airflow/.local/lib/python3.12/site-packages/airflow/example_dags/example_params_ui_tutorial.py took 0.106 seconds
[2025-08-17T21:44:36.194+0000] {processor.py:186} INFO - Started process (PID=593) to work on /home/airflow/.local/lib/python3.12/site-packages/airflow/example_dags/example_params_ui_tutorial.py
[2025-08-17T21:44:36.194+0000] {processor.py:914} INFO - Processing file /home/airflow/.local/lib/python3.12/site-packages/airflow/example_dags/example_params_ui_tutorial.py for tasks to queue
[2025-08-17T21:44:36.196+0000] {logging_mixin.py:190} INFO - [2025-08-17T21:44:36.196+0000] {dagbag.py:588} INFO - Filling up the DagBag from /home/airflow/.local/lib/python3.12/site-packages/airflow/example_dags/example_params_ui_tutorial.py
[2025-08-17T21:44:36.205+0000] {processor.py:925} INFO - DAG(s) 'example_params_ui_tutorial' retrieved from /home/airflow/.local/lib/python3.12/site-packages/airflow/example_dags/example_params_ui_tutorial.py
[2025-08-17T21:44:36.239+0000] {logging_mixin.py:190} INFO - [2025-08-17T21:44:36.239+0000] {dag.py:3239} INFO - Sync 1 DAGs
[2025-08-17T21:44:36.251+0000] {logging_mixin.py:190} INFO - [2025-08-17T21:44:36.251+0000] {dag.py:4180} INFO - Setting next_dagrun for example_params_ui_tutorial to None, run_after=None
[2025-08-17T21:44:36.271+0000] {processor.py:208} INFO - Processing /home/airflow/.local/lib/python3.12/site-packages/airflow/example_dags/example_params_ui_tutorial.py took 0.083 seconds
[2025-08-17T21:45:06.491+0000] {processor.py:186} INFO - Started process (PID=655) to work on /home/airflow/.local/lib/python3.12/site-packages/airflow/example_dags/example_params_ui_tutorial.py
[2025-08-17T21:45:06.492+0000] {processor.py:914} INFO - Processing file /home/airflow/.local/lib/python3.12/site-packages/airflow/example_dags/example_params_ui_tutorial.py for tasks to queue
[2025-08-17T21:45:06.494+0000] {logging_mixin.py:190} INFO - [2025-08-17T21:45:06.493+0000] {dagbag.py:588} INFO - Filling up the DagBag from /home/airflow/.local/lib/python3.12/site-packages/airflow/example_dags/example_params_ui_tutorial.py
[2025-08-17T21:45:06.502+0000] {processor.py:925} INFO - DAG(s) 'example_params_ui_tutorial' retrieved from /home/airflow/.local/lib/python3.12/site-packages/airflow/example_dags/example_params_ui_tutorial.py
[2025-08-17T21:45:06.537+0000] {logging_mixin.py:190} INFO - [2025-08-17T21:45:06.536+0000] {dag.py:3239} INFO - Sync 1 DAGs
[2025-08-17T21:45:06.549+0000] {logging_mixin.py:190} INFO - [2025-08-17T21:45:06.549+0000] {dag.py:4180} INFO - Setting next_dagrun for example_params_ui_tutorial to None, run_after=None
[2025-08-17T21:45:06.567+0000] {processor.py:208} INFO - Processing /home/airflow/.local/lib/python3.12/site-packages/airflow/example_dags/example_params_ui_tutorial.py took 0.082 seconds
[2025-08-17T21:45:36.709+0000] {processor.py:186} INFO - Started process (PID=718) to work on /home/airflow/.local/lib/python3.12/site-packages/airflow/example_dags/example_params_ui_tutorial.py
[2025-08-17T21:45:36.710+0000] {processor.py:914} INFO - Processing file /home/airflow/.local/lib/python3.12/site-packages/airflow/example_dags/example_params_ui_tutorial.py for tasks to queue
[2025-08-17T21:45:36.713+0000] {logging_mixin.py:190} INFO - [2025-08-17T21:45:36.712+0000] {dagbag.py:588} INFO - Filling up the DagBag from /home/airflow/.local/lib/python3.12/site-packages/airflow/example_dags/example_params_ui_tutorial.py
[2025-08-17T21:45:36.721+0000] {processor.py:925} INFO - DAG(s) 'example_params_ui_tutorial' retrieved from /home/airflow/.local/lib/python3.12/site-packages/airflow/example_dags/example_params_ui_tutorial.py
[2025-08-17T21:45:36.757+0000] {logging_mixin.py:190} INFO - [2025-08-17T21:45:36.756+0000] {dag.py:3239} INFO - Sync 1 DAGs
[2025-08-17T21:45:36.769+0000] {logging_mixin.py:190} INFO - [2025-08-17T21:45:36.769+0000] {dag.py:4180} INFO - Setting next_dagrun for example_params_ui_tutorial to None, run_after=None
[2025-08-17T21:45:36.789+0000] {processor.py:208} INFO - Processing /home/airflow/.local/lib/python3.12/site-packages/airflow/example_dags/example_params_ui_tutorial.py took 0.085 seconds
[2025-08-17T21:46:07.182+0000] {processor.py:186} INFO - Started process (PID=781) to work on /home/airflow/.local/lib/python3.12/site-packages/airflow/example_dags/example_params_ui_tutorial.py
[2025-08-17T21:46:07.183+0000] {processor.py:914} INFO - Processing file /home/airflow/.local/lib/python3.12/site-packages/airflow/example_dags/example_params_ui_tutorial.py for tasks to queue
[2025-08-17T21:46:07.185+0000] {logging_mixin.py:190} INFO - [2025-08-17T21:46:07.185+0000] {dagbag.py:588} INFO - Filling up the DagBag from /home/airflow/.local/lib/python3.12/site-packages/airflow/example_dags/example_params_ui_tutorial.py
[2025-08-17T21:46:07.194+0000] {processor.py:925} INFO - DAG(s) 'example_params_ui_tutorial' retrieved from /home/airflow/.local/lib/python3.12/site-packages/airflow/example_dags/example_params_ui_tutorial.py
[2025-08-17T21:46:07.229+0000] {logging_mixin.py:190} INFO - [2025-08-17T21:46:07.229+0000] {dag.py:3239} INFO - Sync 1 DAGs
[2025-08-17T21:46:07.242+0000] {logging_mixin.py:190} INFO - [2025-08-17T21:46:07.242+0000] {dag.py:4180} INFO - Setting next_dagrun for example_params_ui_tutorial to None, run_after=None
[2025-08-17T21:46:07.266+0000] {processor.py:208} INFO - Processing /home/airflow/.local/lib/python3.12/site-packages/airflow/example_dags/example_params_ui_tutorial.py took 0.089 seconds
[2025-08-17T21:46:37.710+0000] {processor.py:186} INFO - Started process (PID=844) to work on /home/airflow/.local/lib/python3.12/site-packages/airflow/example_dags/example_params_ui_tutorial.py
[2025-08-17T21:46:37.712+0000] {processor.py:914} INFO - Processing file /home/airflow/.local/lib/python3.12/site-packages/airflow/example_dags/example_params_ui_tutorial.py for tasks to queue
[2025-08-17T21:46:37.714+0000] {logging_mixin.py:190} INFO - [2025-08-17T21:46:37.714+0000] {dagbag.py:588} INFO - Filling up the DagBag from /home/airflow/.local/lib/python3.12/site-packages/airflow/example_dags/example_params_ui_tutorial.py
[2025-08-17T21:46:37.723+0000] {processor.py:925} INFO - DAG(s) 'example_params_ui_tutorial' retrieved from /home/airflow/.local/lib/python3.12/site-packages/airflow/example_dags/example_params_ui_tutorial.py
[2025-08-17T21:46:37.760+0000] {logging_mixin.py:190} INFO - [2025-08-17T21:46:37.760+0000] {dag.py:3239} INFO - Sync 1 DAGs
[2025-08-17T21:46:37.773+0000] {logging_mixin.py:190} INFO - [2025-08-17T21:46:37.772+0000] {dag.py:4180} INFO - Setting next_dagrun for example_params_ui_tutorial to None, run_after=None
[2025-08-17T21:46:37.796+0000] {processor.py:208} INFO - Processing /home/airflow/.local/lib/python3.12/site-packages/airflow/example_dags/example_params_ui_tutorial.py took 0.093 seconds
[2025-08-17T21:47:08.133+0000] {processor.py:186} INFO - Started process (PID=907) to work on /home/airflow/.local/lib/python3.12/site-packages/airflow/example_dags/example_params_ui_tutorial.py
[2025-08-17T21:47:08.133+0000] {processor.py:914} INFO - Processing file /home/airflow/.local/lib/python3.12/site-packages/airflow/example_dags/example_params_ui_tutorial.py for tasks to queue
[2025-08-17T21:47:08.136+0000] {logging_mixin.py:190} INFO - [2025-08-17T21:47:08.135+0000] {dagbag.py:588} INFO - Filling up the DagBag from /home/airflow/.local/lib/python3.12/site-packages/airflow/example_dags/example_params_ui_tutorial.py
[2025-08-17T21:47:08.146+0000] {processor.py:925} INFO - DAG(s) 'example_params_ui_tutorial' retrieved from /home/airflow/.local/lib/python3.12/site-packages/airflow/example_dags/example_params_ui_tutorial.py
[2025-08-17T21:47:08.182+0000] {logging_mixin.py:190} INFO - [2025-08-17T21:47:08.181+0000] {dag.py:3239} INFO - Sync 1 DAGs
[2025-08-17T21:47:08.194+0000] {logging_mixin.py:190} INFO - [2025-08-17T21:47:08.194+0000] {dag.py:4180} INFO - Setting next_dagrun for example_params_ui_tutorial to None, run_after=None
[2025-08-17T21:47:08.215+0000] {processor.py:208} INFO - Processing /home/airflow/.local/lib/python3.12/site-packages/airflow/example_dags/example_params_ui_tutorial.py took 0.087 seconds
[2025-08-17T21:47:38.328+0000] {processor.py:186} INFO - Started process (PID=970) to work on /home/airflow/.local/lib/python3.12/site-packages/airflow/example_dags/example_params_ui_tutorial.py
[2025-08-17T21:47:38.329+0000] {processor.py:914} INFO - Processing file /home/airflow/.local/lib/python3.12/site-packages/airflow/example_dags/example_params_ui_tutorial.py for tasks to queue
[2025-08-17T21:47:38.332+0000] {logging_mixin.py:190} INFO - [2025-08-17T21:47:38.331+0000] {dagbag.py:588} INFO - Filling up the DagBag from /home/airflow/.local/lib/python3.12/site-packages/airflow/example_dags/example_params_ui_tutorial.py
[2025-08-17T21:47:38.340+0000] {processor.py:925} INFO - DAG(s) 'example_params_ui_tutorial' retrieved from /home/airflow/.local/lib/python3.12/site-packages/airflow/example_dags/example_params_ui_tutorial.py
[2025-08-17T21:47:38.374+0000] {logging_mixin.py:190} INFO - [2025-08-17T21:47:38.374+0000] {dag.py:3239} INFO - Sync 1 DAGs
[2025-08-17T21:47:38.385+0000] {logging_mixin.py:190} INFO - [2025-08-17T21:47:38.385+0000] {dag.py:4180} INFO - Setting next_dagrun for example_params_ui_tutorial to None, run_after=None
[2025-08-17T21:47:38.404+0000] {processor.py:208} INFO - Processing /home/airflow/.local/lib/python3.12/site-packages/airflow/example_dags/example_params_ui_tutorial.py took 0.081 seconds
[2025-08-17T21:48:08.565+0000] {processor.py:186} INFO - Started process (PID=1033) to work on /home/airflow/.local/lib/python3.12/site-packages/airflow/example_dags/example_params_ui_tutorial.py
[2025-08-17T21:48:08.565+0000] {processor.py:914} INFO - Processing file /home/airflow/.local/lib/python3.12/site-packages/airflow/example_dags/example_params_ui_tutorial.py for tasks to queue
[2025-08-17T21:48:08.568+0000] {logging_mixin.py:190} INFO - [2025-08-17T21:48:08.568+0000] {dagbag.py:588} INFO - Filling up the DagBag from /home/airflow/.local/lib/python3.12/site-packages/airflow/example_dags/example_params_ui_tutorial.py
[2025-08-17T21:48:08.576+0000] {processor.py:925} INFO - DAG(s) 'example_params_ui_tutorial' retrieved from /home/airflow/.local/lib/python3.12/site-packages/airflow/example_dags/example_params_ui_tutorial.py
[2025-08-17T21:48:08.613+0000] {logging_mixin.py:190} INFO - [2025-08-17T21:48:08.613+0000] {dag.py:3239} INFO - Sync 1 DAGs
[2025-08-17T21:48:08.625+0000] {logging_mixin.py:190} INFO - [2025-08-17T21:48:08.625+0000] {dag.py:4180} INFO - Setting next_dagrun for example_params_ui_tutorial to None, run_after=None
[2025-08-17T21:48:08.644+0000] {processor.py:208} INFO - Processing /home/airflow/.local/lib/python3.12/site-packages/airflow/example_dags/example_params_ui_tutorial.py took 0.084 seconds
