[2025-08-17T21:40:26.636+0000] {processor.py:186} INFO - Started process (PID=63) to work on /home/airflow/.local/lib/python3.12/site-packages/airflow/example_dags/example_branch_day_of_week_operator.py
[2025-08-17T21:40:26.637+0000] {processor.py:914} INFO - Processing file /home/airflow/.local/lib/python3.12/site-packages/airflow/example_dags/example_branch_day_of_week_operator.py for tasks to queue
[2025-08-17T21:40:26.640+0000] {logging_mixin.py:190} INFO - [2025-08-17T21:40:26.639+0000] {dagbag.py:588} INFO - Filling up the DagBag from /home/airflow/.local/lib/python3.12/site-packages/airflow/example_dags/example_branch_day_of_week_operator.py
[2025-08-17T21:40:26.652+0000] {processor.py:925} INFO - DAG(s) 'example_weekday_branch_operator' retrieved from /home/airflow/.local/lib/python3.12/site-packages/airflow/example_dags/example_branch_day_of_week_operator.py
[2025-08-17T21:40:26.783+0000] {logging_mixin.py:190} INFO - [2025-08-17T21:40:26.782+0000] {override.py:1930} INFO - Created Permission View: can read on DAG:example_weekday_branch_operator
[2025-08-17T21:40:26.792+0000] {logging_mixin.py:190} INFO - [2025-08-17T21:40:26.791+0000] {override.py:1930} INFO - Created Permission View: can edit on DAG:example_weekday_branch_operator
[2025-08-17T21:40:26.799+0000] {logging_mixin.py:190} INFO - [2025-08-17T21:40:26.798+0000] {override.py:1930} INFO - Created Permission View: can delete on DAG:example_weekday_branch_operator
[2025-08-17T21:40:26.805+0000] {logging_mixin.py:190} INFO - [2025-08-17T21:40:26.805+0000] {override.py:1930} INFO - Created Permission View: can read on DAG Run:example_weekday_branch_operator
[2025-08-17T21:40:26.811+0000] {logging_mixin.py:190} INFO - [2025-08-17T21:40:26.811+0000] {override.py:1930} INFO - Created Permission View: can create on DAG Run:example_weekday_branch_operator
[2025-08-17T21:40:26.817+0000] {logging_mixin.py:190} INFO - [2025-08-17T21:40:26.817+0000] {override.py:1930} INFO - Created Permission View: can delete on DAG Run:example_weekday_branch_operator
[2025-08-17T21:40:26.823+0000] {logging_mixin.py:190} INFO - [2025-08-17T21:40:26.822+0000] {override.py:1930} INFO - Created Permission View: menu access on DAG Run:example_weekday_branch_operator
[2025-08-17T21:40:26.823+0000] {logging_mixin.py:190} INFO - [2025-08-17T21:40:26.823+0000] {dag.py:3239} INFO - Sync 1 DAGs
[2025-08-17T21:40:26.834+0000] {logging_mixin.py:190} INFO - [2025-08-17T21:40:26.834+0000] {dag.py:3262} INFO - Creating ORM DAG for example_weekday_branch_operator
[2025-08-17T21:40:26.845+0000] {logging_mixin.py:190} INFO - [2025-08-17T21:40:26.845+0000] {dag.py:4180} INFO - Setting next_dagrun for example_weekday_branch_operator to 2025-08-16 00:00:00+00:00, run_after=2025-08-17 00:00:00+00:00
[2025-08-17T21:40:26.862+0000] {processor.py:208} INFO - Processing /home/airflow/.local/lib/python3.12/site-packages/airflow/example_dags/example_branch_day_of_week_operator.py took 0.232 seconds
[2025-08-17T21:40:57.507+0000] {processor.py:186} INFO - Started process (PID=125) to work on /home/airflow/.local/lib/python3.12/site-packages/airflow/example_dags/example_branch_day_of_week_operator.py
[2025-08-17T21:40:57.508+0000] {processor.py:914} INFO - Processing file /home/airflow/.local/lib/python3.12/site-packages/airflow/example_dags/example_branch_day_of_week_operator.py for tasks to queue
[2025-08-17T21:40:57.510+0000] {logging_mixin.py:190} INFO - [2025-08-17T21:40:57.510+0000] {dagbag.py:588} INFO - Filling up the DagBag from /home/airflow/.local/lib/python3.12/site-packages/airflow/example_dags/example_branch_day_of_week_operator.py
[2025-08-17T21:40:57.520+0000] {processor.py:925} INFO - DAG(s) 'example_weekday_branch_operator' retrieved from /home/airflow/.local/lib/python3.12/site-packages/airflow/example_dags/example_branch_day_of_week_operator.py
[2025-08-17T21:40:57.540+0000] {logging_mixin.py:190} INFO - [2025-08-17T21:40:57.540+0000] {dag.py:3239} INFO - Sync 1 DAGs
[2025-08-17T21:40:57.563+0000] {logging_mixin.py:190} INFO - [2025-08-17T21:40:57.563+0000] {dag.py:4180} INFO - Setting next_dagrun for example_weekday_branch_operator to 2025-08-16 00:00:00+00:00, run_after=2025-08-17 00:00:00+00:00
[2025-08-17T21:40:57.578+0000] {processor.py:208} INFO - Processing /home/airflow/.local/lib/python3.12/site-packages/airflow/example_dags/example_branch_day_of_week_operator.py took 0.078 seconds
[2025-08-17T21:41:27.907+0000] {processor.py:186} INFO - Started process (PID=194) to work on /home/airflow/.local/lib/python3.12/site-packages/airflow/example_dags/example_branch_day_of_week_operator.py
[2025-08-17T21:41:27.908+0000] {processor.py:914} INFO - Processing file /home/airflow/.local/lib/python3.12/site-packages/airflow/example_dags/example_branch_day_of_week_operator.py for tasks to queue
[2025-08-17T21:41:27.910+0000] {logging_mixin.py:190} INFO - [2025-08-17T21:41:27.910+0000] {dagbag.py:588} INFO - Filling up the DagBag from /home/airflow/.local/lib/python3.12/site-packages/airflow/example_dags/example_branch_day_of_week_operator.py
[2025-08-17T21:41:27.919+0000] {processor.py:925} INFO - DAG(s) 'example_weekday_branch_operator' retrieved from /home/airflow/.local/lib/python3.12/site-packages/airflow/example_dags/example_branch_day_of_week_operator.py
[2025-08-17T21:41:27.937+0000] {logging_mixin.py:190} INFO - [2025-08-17T21:41:27.937+0000] {dag.py:3239} INFO - Sync 1 DAGs
[2025-08-17T21:41:27.955+0000] {logging_mixin.py:190} INFO - [2025-08-17T21:41:27.955+0000] {dag.py:4180} INFO - Setting next_dagrun for example_weekday_branch_operator to 2025-08-16 00:00:00+00:00, run_after=2025-08-17 00:00:00+00:00
[2025-08-17T21:41:27.979+0000] {processor.py:208} INFO - Processing /home/airflow/.local/lib/python3.12/site-packages/airflow/example_dags/example_branch_day_of_week_operator.py took 0.077 seconds
[2025-08-17T21:41:58.533+0000] {processor.py:186} INFO - Started process (PID=257) to work on /home/airflow/.local/lib/python3.12/site-packages/airflow/example_dags/example_branch_day_of_week_operator.py
[2025-08-17T21:41:58.534+0000] {processor.py:914} INFO - Processing file /home/airflow/.local/lib/python3.12/site-packages/airflow/example_dags/example_branch_day_of_week_operator.py for tasks to queue
[2025-08-17T21:41:58.536+0000] {logging_mixin.py:190} INFO - [2025-08-17T21:41:58.536+0000] {dagbag.py:588} INFO - Filling up the DagBag from /home/airflow/.local/lib/python3.12/site-packages/airflow/example_dags/example_branch_day_of_week_operator.py
[2025-08-17T21:41:58.545+0000] {processor.py:925} INFO - DAG(s) 'example_weekday_branch_operator' retrieved from /home/airflow/.local/lib/python3.12/site-packages/airflow/example_dags/example_branch_day_of_week_operator.py
[2025-08-17T21:41:58.565+0000] {logging_mixin.py:190} INFO - [2025-08-17T21:41:58.564+0000] {dag.py:3239} INFO - Sync 1 DAGs
[2025-08-17T21:41:58.584+0000] {logging_mixin.py:190} INFO - [2025-08-17T21:41:58.584+0000] {dag.py:4180} INFO - Setting next_dagrun for example_weekday_branch_operator to 2025-08-16 00:00:00+00:00, run_after=2025-08-17 00:00:00+00:00
[2025-08-17T21:41:58.643+0000] {processor.py:208} INFO - Processing /home/airflow/.local/lib/python3.12/site-packages/airflow/example_dags/example_branch_day_of_week_operator.py took 0.114 seconds
[2025-08-17T21:42:29.352+0000] {processor.py:186} INFO - Started process (PID=320) to work on /home/airflow/.local/lib/python3.12/site-packages/airflow/example_dags/example_branch_day_of_week_operator.py
[2025-08-17T21:42:29.353+0000] {processor.py:914} INFO - Processing file /home/airflow/.local/lib/python3.12/site-packages/airflow/example_dags/example_branch_day_of_week_operator.py for tasks to queue
[2025-08-17T21:42:29.356+0000] {logging_mixin.py:190} INFO - [2025-08-17T21:42:29.356+0000] {dagbag.py:588} INFO - Filling up the DagBag from /home/airflow/.local/lib/python3.12/site-packages/airflow/example_dags/example_branch_day_of_week_operator.py
[2025-08-17T21:42:29.369+0000] {processor.py:925} INFO - DAG(s) 'example_weekday_branch_operator' retrieved from /home/airflow/.local/lib/python3.12/site-packages/airflow/example_dags/example_branch_day_of_week_operator.py
[2025-08-17T21:42:29.394+0000] {logging_mixin.py:190} INFO - [2025-08-17T21:42:29.394+0000] {dag.py:3239} INFO - Sync 1 DAGs
[2025-08-17T21:42:29.428+0000] {logging_mixin.py:190} INFO - [2025-08-17T21:42:29.428+0000] {dag.py:4180} INFO - Setting next_dagrun for example_weekday_branch_operator to 2025-08-16 00:00:00+00:00, run_after=2025-08-17 00:00:00+00:00
[2025-08-17T21:42:29.451+0000] {processor.py:208} INFO - Processing /home/airflow/.local/lib/python3.12/site-packages/airflow/example_dags/example_branch_day_of_week_operator.py took 0.106 seconds
[2025-08-17T21:42:59.924+0000] {processor.py:186} INFO - Started process (PID=383) to work on /home/airflow/.local/lib/python3.12/site-packages/airflow/example_dags/example_branch_day_of_week_operator.py
[2025-08-17T21:42:59.925+0000] {processor.py:914} INFO - Processing file /home/airflow/.local/lib/python3.12/site-packages/airflow/example_dags/example_branch_day_of_week_operator.py for tasks to queue
[2025-08-17T21:42:59.927+0000] {logging_mixin.py:190} INFO - [2025-08-17T21:42:59.926+0000] {dagbag.py:588} INFO - Filling up the DagBag from /home/airflow/.local/lib/python3.12/site-packages/airflow/example_dags/example_branch_day_of_week_operator.py
[2025-08-17T21:42:59.936+0000] {processor.py:925} INFO - DAG(s) 'example_weekday_branch_operator' retrieved from /home/airflow/.local/lib/python3.12/site-packages/airflow/example_dags/example_branch_day_of_week_operator.py
[2025-08-17T21:42:59.955+0000] {logging_mixin.py:190} INFO - [2025-08-17T21:42:59.955+0000] {dag.py:3239} INFO - Sync 1 DAGs
[2025-08-17T21:42:59.976+0000] {logging_mixin.py:190} INFO - [2025-08-17T21:42:59.976+0000] {dag.py:4180} INFO - Setting next_dagrun for example_weekday_branch_operator to 2025-08-16 00:00:00+00:00, run_after=2025-08-17 00:00:00+00:00
[2025-08-17T21:42:59.991+0000] {processor.py:208} INFO - Processing /home/airflow/.local/lib/python3.12/site-packages/airflow/example_dags/example_branch_day_of_week_operator.py took 0.073 seconds
[2025-08-17T21:43:30.088+0000] {processor.py:186} INFO - Started process (PID=446) to work on /home/airflow/.local/lib/python3.12/site-packages/airflow/example_dags/example_branch_day_of_week_operator.py
[2025-08-17T21:43:30.089+0000] {processor.py:914} INFO - Processing file /home/airflow/.local/lib/python3.12/site-packages/airflow/example_dags/example_branch_day_of_week_operator.py for tasks to queue
[2025-08-17T21:43:30.091+0000] {logging_mixin.py:190} INFO - [2025-08-17T21:43:30.091+0000] {dagbag.py:588} INFO - Filling up the DagBag from /home/airflow/.local/lib/python3.12/site-packages/airflow/example_dags/example_branch_day_of_week_operator.py
[2025-08-17T21:43:30.100+0000] {processor.py:925} INFO - DAG(s) 'example_weekday_branch_operator' retrieved from /home/airflow/.local/lib/python3.12/site-packages/airflow/example_dags/example_branch_day_of_week_operator.py
[2025-08-17T21:43:30.118+0000] {logging_mixin.py:190} INFO - [2025-08-17T21:43:30.117+0000] {dag.py:3239} INFO - Sync 1 DAGs
[2025-08-17T21:43:30.138+0000] {logging_mixin.py:190} INFO - [2025-08-17T21:43:30.137+0000] {dag.py:4180} INFO - Setting next_dagrun for example_weekday_branch_operator to 2025-08-16 00:00:00+00:00, run_after=2025-08-17 00:00:00+00:00
[2025-08-17T21:43:30.153+0000] {processor.py:208} INFO - Processing /home/airflow/.local/lib/python3.12/site-packages/airflow/example_dags/example_branch_day_of_week_operator.py took 0.072 seconds
[2025-08-17T21:44:00.374+0000] {processor.py:186} INFO - Started process (PID=509) to work on /home/airflow/.local/lib/python3.12/site-packages/airflow/example_dags/example_branch_day_of_week_operator.py
[2025-08-17T21:44:00.375+0000] {processor.py:914} INFO - Processing file /home/airflow/.local/lib/python3.12/site-packages/airflow/example_dags/example_branch_day_of_week_operator.py for tasks to queue
[2025-08-17T21:44:00.377+0000] {logging_mixin.py:190} INFO - [2025-08-17T21:44:00.377+0000] {dagbag.py:588} INFO - Filling up the DagBag from /home/airflow/.local/lib/python3.12/site-packages/airflow/example_dags/example_branch_day_of_week_operator.py
[2025-08-17T21:44:00.386+0000] {processor.py:925} INFO - DAG(s) 'example_weekday_branch_operator' retrieved from /home/airflow/.local/lib/python3.12/site-packages/airflow/example_dags/example_branch_day_of_week_operator.py
[2025-08-17T21:44:00.409+0000] {logging_mixin.py:190} INFO - [2025-08-17T21:44:00.409+0000] {dag.py:3239} INFO - Sync 1 DAGs
[2025-08-17T21:44:00.430+0000] {logging_mixin.py:190} INFO - [2025-08-17T21:44:00.430+0000] {dag.py:4180} INFO - Setting next_dagrun for example_weekday_branch_operator to 2025-08-16 00:00:00+00:00, run_after=2025-08-17 00:00:00+00:00
[2025-08-17T21:44:00.452+0000] {processor.py:208} INFO - Processing /home/airflow/.local/lib/python3.12/site-packages/airflow/example_dags/example_branch_day_of_week_operator.py took 0.083 seconds
[2025-08-17T21:44:31.155+0000] {processor.py:186} INFO - Started process (PID=572) to work on /home/airflow/.local/lib/python3.12/site-packages/airflow/example_dags/example_branch_day_of_week_operator.py
[2025-08-17T21:44:31.156+0000] {processor.py:914} INFO - Processing file /home/airflow/.local/lib/python3.12/site-packages/airflow/example_dags/example_branch_day_of_week_operator.py for tasks to queue
[2025-08-17T21:44:31.158+0000] {logging_mixin.py:190} INFO - [2025-08-17T21:44:31.158+0000] {dagbag.py:588} INFO - Filling up the DagBag from /home/airflow/.local/lib/python3.12/site-packages/airflow/example_dags/example_branch_day_of_week_operator.py
[2025-08-17T21:44:31.168+0000] {processor.py:925} INFO - DAG(s) 'example_weekday_branch_operator' retrieved from /home/airflow/.local/lib/python3.12/site-packages/airflow/example_dags/example_branch_day_of_week_operator.py
[2025-08-17T21:44:31.186+0000] {logging_mixin.py:190} INFO - [2025-08-17T21:44:31.185+0000] {dag.py:3239} INFO - Sync 1 DAGs
[2025-08-17T21:44:31.205+0000] {logging_mixin.py:190} INFO - [2025-08-17T21:44:31.205+0000] {dag.py:4180} INFO - Setting next_dagrun for example_weekday_branch_operator to 2025-08-16 00:00:00+00:00, run_after=2025-08-17 00:00:00+00:00
[2025-08-17T21:44:31.223+0000] {processor.py:208} INFO - Processing /home/airflow/.local/lib/python3.12/site-packages/airflow/example_dags/example_branch_day_of_week_operator.py took 0.072 seconds
[2025-08-17T21:45:01.374+0000] {processor.py:186} INFO - Started process (PID=635) to work on /home/airflow/.local/lib/python3.12/site-packages/airflow/example_dags/example_branch_day_of_week_operator.py
[2025-08-17T21:45:01.375+0000] {processor.py:914} INFO - Processing file /home/airflow/.local/lib/python3.12/site-packages/airflow/example_dags/example_branch_day_of_week_operator.py for tasks to queue
[2025-08-17T21:45:01.377+0000] {logging_mixin.py:190} INFO - [2025-08-17T21:45:01.377+0000] {dagbag.py:588} INFO - Filling up the DagBag from /home/airflow/.local/lib/python3.12/site-packages/airflow/example_dags/example_branch_day_of_week_operator.py
[2025-08-17T21:45:01.386+0000] {processor.py:925} INFO - DAG(s) 'example_weekday_branch_operator' retrieved from /home/airflow/.local/lib/python3.12/site-packages/airflow/example_dags/example_branch_day_of_week_operator.py
[2025-08-17T21:45:01.404+0000] {logging_mixin.py:190} INFO - [2025-08-17T21:45:01.404+0000] {dag.py:3239} INFO - Sync 1 DAGs
[2025-08-17T21:45:01.423+0000] {logging_mixin.py:190} INFO - [2025-08-17T21:45:01.423+0000] {dag.py:4180} INFO - Setting next_dagrun for example_weekday_branch_operator to 2025-08-16 00:00:00+00:00, run_after=2025-08-17 00:00:00+00:00
[2025-08-17T21:45:01.444+0000] {processor.py:208} INFO - Processing /home/airflow/.local/lib/python3.12/site-packages/airflow/example_dags/example_branch_day_of_week_operator.py took 0.075 seconds
[2025-08-17T21:45:31.670+0000] {processor.py:186} INFO - Started process (PID=698) to work on /home/airflow/.local/lib/python3.12/site-packages/airflow/example_dags/example_branch_day_of_week_operator.py
[2025-08-17T21:45:31.671+0000] {processor.py:914} INFO - Processing file /home/airflow/.local/lib/python3.12/site-packages/airflow/example_dags/example_branch_day_of_week_operator.py for tasks to queue
[2025-08-17T21:45:31.673+0000] {logging_mixin.py:190} INFO - [2025-08-17T21:45:31.673+0000] {dagbag.py:588} INFO - Filling up the DagBag from /home/airflow/.local/lib/python3.12/site-packages/airflow/example_dags/example_branch_day_of_week_operator.py
[2025-08-17T21:45:31.683+0000] {processor.py:925} INFO - DAG(s) 'example_weekday_branch_operator' retrieved from /home/airflow/.local/lib/python3.12/site-packages/airflow/example_dags/example_branch_day_of_week_operator.py
[2025-08-17T21:45:31.701+0000] {logging_mixin.py:190} INFO - [2025-08-17T21:45:31.701+0000] {dag.py:3239} INFO - Sync 1 DAGs
[2025-08-17T21:45:31.723+0000] {logging_mixin.py:190} INFO - [2025-08-17T21:45:31.722+0000] {dag.py:4180} INFO - Setting next_dagrun for example_weekday_branch_operator to 2025-08-16 00:00:00+00:00, run_after=2025-08-17 00:00:00+00:00
[2025-08-17T21:45:31.743+0000] {processor.py:208} INFO - Processing /home/airflow/.local/lib/python3.12/site-packages/airflow/example_dags/example_branch_day_of_week_operator.py took 0.078 seconds
[2025-08-17T21:46:01.989+0000] {processor.py:186} INFO - Started process (PID=761) to work on /home/airflow/.local/lib/python3.12/site-packages/airflow/example_dags/example_branch_day_of_week_operator.py
[2025-08-17T21:46:01.990+0000] {processor.py:914} INFO - Processing file /home/airflow/.local/lib/python3.12/site-packages/airflow/example_dags/example_branch_day_of_week_operator.py for tasks to queue
[2025-08-17T21:46:01.992+0000] {logging_mixin.py:190} INFO - [2025-08-17T21:46:01.992+0000] {dagbag.py:588} INFO - Filling up the DagBag from /home/airflow/.local/lib/python3.12/site-packages/airflow/example_dags/example_branch_day_of_week_operator.py
[2025-08-17T21:46:02.001+0000] {processor.py:925} INFO - DAG(s) 'example_weekday_branch_operator' retrieved from /home/airflow/.local/lib/python3.12/site-packages/airflow/example_dags/example_branch_day_of_week_operator.py
[2025-08-17T21:46:02.018+0000] {logging_mixin.py:190} INFO - [2025-08-17T21:46:02.018+0000] {dag.py:3239} INFO - Sync 1 DAGs
[2025-08-17T21:46:02.041+0000] {logging_mixin.py:190} INFO - [2025-08-17T21:46:02.041+0000] {dag.py:4180} INFO - Setting next_dagrun for example_weekday_branch_operator to 2025-08-16 00:00:00+00:00, run_after=2025-08-17 00:00:00+00:00
[2025-08-17T21:46:02.063+0000] {processor.py:208} INFO - Processing /home/airflow/.local/lib/python3.12/site-packages/airflow/example_dags/example_branch_day_of_week_operator.py took 0.080 seconds
[2025-08-17T21:46:32.672+0000] {processor.py:186} INFO - Started process (PID=824) to work on /home/airflow/.local/lib/python3.12/site-packages/airflow/example_dags/example_branch_day_of_week_operator.py
[2025-08-17T21:46:32.673+0000] {processor.py:914} INFO - Processing file /home/airflow/.local/lib/python3.12/site-packages/airflow/example_dags/example_branch_day_of_week_operator.py for tasks to queue
[2025-08-17T21:46:32.675+0000] {logging_mixin.py:190} INFO - [2025-08-17T21:46:32.675+0000] {dagbag.py:588} INFO - Filling up the DagBag from /home/airflow/.local/lib/python3.12/site-packages/airflow/example_dags/example_branch_day_of_week_operator.py
[2025-08-17T21:46:32.683+0000] {processor.py:925} INFO - DAG(s) 'example_weekday_branch_operator' retrieved from /home/airflow/.local/lib/python3.12/site-packages/airflow/example_dags/example_branch_day_of_week_operator.py
[2025-08-17T21:46:32.701+0000] {logging_mixin.py:190} INFO - [2025-08-17T21:46:32.700+0000] {dag.py:3239} INFO - Sync 1 DAGs
[2025-08-17T21:46:32.720+0000] {logging_mixin.py:190} INFO - [2025-08-17T21:46:32.720+0000] {dag.py:4180} INFO - Setting next_dagrun for example_weekday_branch_operator to 2025-08-16 00:00:00+00:00, run_after=2025-08-17 00:00:00+00:00
[2025-08-17T21:46:32.740+0000] {processor.py:208} INFO - Processing /home/airflow/.local/lib/python3.12/site-packages/airflow/example_dags/example_branch_day_of_week_operator.py took 0.073 seconds
[2025-08-17T21:47:02.854+0000] {processor.py:186} INFO - Started process (PID=887) to work on /home/airflow/.local/lib/python3.12/site-packages/airflow/example_dags/example_branch_day_of_week_operator.py
[2025-08-17T21:47:02.855+0000] {processor.py:914} INFO - Processing file /home/airflow/.local/lib/python3.12/site-packages/airflow/example_dags/example_branch_day_of_week_operator.py for tasks to queue
[2025-08-17T21:47:02.857+0000] {logging_mixin.py:190} INFO - [2025-08-17T21:47:02.857+0000] {dagbag.py:588} INFO - Filling up the DagBag from /home/airflow/.local/lib/python3.12/site-packages/airflow/example_dags/example_branch_day_of_week_operator.py
[2025-08-17T21:47:02.866+0000] {processor.py:925} INFO - DAG(s) 'example_weekday_branch_operator' retrieved from /home/airflow/.local/lib/python3.12/site-packages/airflow/example_dags/example_branch_day_of_week_operator.py
[2025-08-17T21:47:02.886+0000] {logging_mixin.py:190} INFO - [2025-08-17T21:47:02.886+0000] {dag.py:3239} INFO - Sync 1 DAGs
[2025-08-17T21:47:02.907+0000] {logging_mixin.py:190} INFO - [2025-08-17T21:47:02.907+0000] {dag.py:4180} INFO - Setting next_dagrun for example_weekday_branch_operator to 2025-08-16 00:00:00+00:00, run_after=2025-08-17 00:00:00+00:00
[2025-08-17T21:47:02.924+0000] {processor.py:208} INFO - Processing /home/airflow/.local/lib/python3.12/site-packages/airflow/example_dags/example_branch_day_of_week_operator.py took 0.076 seconds
[2025-08-17T21:47:33.188+0000] {processor.py:186} INFO - Started process (PID=950) to work on /home/airflow/.local/lib/python3.12/site-packages/airflow/example_dags/example_branch_day_of_week_operator.py
[2025-08-17T21:47:33.189+0000] {processor.py:914} INFO - Processing file /home/airflow/.local/lib/python3.12/site-packages/airflow/example_dags/example_branch_day_of_week_operator.py for tasks to queue
[2025-08-17T21:47:33.192+0000] {logging_mixin.py:190} INFO - [2025-08-17T21:47:33.192+0000] {dagbag.py:588} INFO - Filling up the DagBag from /home/airflow/.local/lib/python3.12/site-packages/airflow/example_dags/example_branch_day_of_week_operator.py
[2025-08-17T21:47:33.209+0000] {processor.py:925} INFO - DAG(s) 'example_weekday_branch_operator' retrieved from /home/airflow/.local/lib/python3.12/site-packages/airflow/example_dags/example_branch_day_of_week_operator.py
[2025-08-17T21:47:33.232+0000] {logging_mixin.py:190} INFO - [2025-08-17T21:47:33.231+0000] {dag.py:3239} INFO - Sync 1 DAGs
[2025-08-17T21:47:33.252+0000] {logging_mixin.py:190} INFO - [2025-08-17T21:47:33.252+0000] {dag.py:4180} INFO - Setting next_dagrun for example_weekday_branch_operator to 2025-08-16 00:00:00+00:00, run_after=2025-08-17 00:00:00+00:00
[2025-08-17T21:47:33.267+0000] {processor.py:208} INFO - Processing /home/airflow/.local/lib/python3.12/site-packages/airflow/example_dags/example_branch_day_of_week_operator.py took 0.085 seconds
[2025-08-17T21:48:03.360+0000] {processor.py:186} INFO - Started process (PID=1013) to work on /home/airflow/.local/lib/python3.12/site-packages/airflow/example_dags/example_branch_day_of_week_operator.py
[2025-08-17T21:48:03.361+0000] {processor.py:914} INFO - Processing file /home/airflow/.local/lib/python3.12/site-packages/airflow/example_dags/example_branch_day_of_week_operator.py for tasks to queue
[2025-08-17T21:48:03.364+0000] {logging_mixin.py:190} INFO - [2025-08-17T21:48:03.363+0000] {dagbag.py:588} INFO - Filling up the DagBag from /home/airflow/.local/lib/python3.12/site-packages/airflow/example_dags/example_branch_day_of_week_operator.py
[2025-08-17T21:48:03.373+0000] {processor.py:925} INFO - DAG(s) 'example_weekday_branch_operator' retrieved from /home/airflow/.local/lib/python3.12/site-packages/airflow/example_dags/example_branch_day_of_week_operator.py
[2025-08-17T21:48:03.391+0000] {logging_mixin.py:190} INFO - [2025-08-17T21:48:03.391+0000] {dag.py:3239} INFO - Sync 1 DAGs
[2025-08-17T21:48:03.411+0000] {logging_mixin.py:190} INFO - [2025-08-17T21:48:03.411+0000] {dag.py:4180} INFO - Setting next_dagrun for example_weekday_branch_operator to 2025-08-16 00:00:00+00:00, run_after=2025-08-17 00:00:00+00:00
[2025-08-17T21:48:03.425+0000] {processor.py:208} INFO - Processing /home/airflow/.local/lib/python3.12/site-packages/airflow/example_dags/example_branch_day_of_week_operator.py took 0.070 seconds
