[2025-08-17T21:40:26.905+0000] {processor.py:186} INFO - Started process (PID=64) to work on /home/airflow/.local/lib/python3.12/site-packages/airflow/example_dags/example_short_circuit_decorator.py
[2025-08-17T21:40:26.906+0000] {processor.py:914} INFO - Processing file /home/airflow/.local/lib/python3.12/site-packages/airflow/example_dags/example_short_circuit_decorator.py for tasks to queue
[2025-08-17T21:40:26.908+0000] {logging_mixin.py:190} INFO - [2025-08-17T21:40:26.908+0000] {dagbag.py:588} INFO - Filling up the DagBag from /home/airflow/.local/lib/python3.12/site-packages/airflow/example_dags/example_short_circuit_decorator.py
[2025-08-17T21:40:26.923+0000] {processor.py:925} INFO - DAG(s) 'example_short_circuit_decorator' retrieved from /home/airflow/.local/lib/python3.12/site-packages/airflow/example_dags/example_short_circuit_decorator.py
[2025-08-17T21:40:27.061+0000] {logging_mixin.py:190} INFO - [2025-08-17T21:40:27.061+0000] {override.py:1930} INFO - Created Permission View: can read on DAG:example_short_circuit_decorator
[2025-08-17T21:40:27.070+0000] {logging_mixin.py:190} INFO - [2025-08-17T21:40:27.069+0000] {override.py:1930} INFO - Created Permission View: can edit on DAG:example_short_circuit_decorator
[2025-08-17T21:40:27.074+0000] {logging_mixin.py:190} INFO - [2025-08-17T21:40:27.074+0000] {override.py:1930} INFO - Created Permission View: can delete on DAG:example_short_circuit_decorator
[2025-08-17T21:40:27.083+0000] {logging_mixin.py:190} INFO - [2025-08-17T21:40:27.083+0000] {override.py:1930} INFO - Created Permission View: can read on DAG Run:example_short_circuit_decorator
[2025-08-17T21:40:27.088+0000] {logging_mixin.py:190} INFO - [2025-08-17T21:40:27.088+0000] {override.py:1930} INFO - Created Permission View: can create on DAG Run:example_short_circuit_decorator
[2025-08-17T21:40:27.094+0000] {logging_mixin.py:190} INFO - [2025-08-17T21:40:27.094+0000] {override.py:1930} INFO - Created Permission View: can delete on DAG Run:example_short_circuit_decorator
[2025-08-17T21:40:27.100+0000] {logging_mixin.py:190} INFO - [2025-08-17T21:40:27.100+0000] {override.py:1930} INFO - Created Permission View: menu access on DAG Run:example_short_circuit_decorator
[2025-08-17T21:40:27.100+0000] {logging_mixin.py:190} INFO - [2025-08-17T21:40:27.100+0000] {dag.py:3239} INFO - Sync 1 DAGs
[2025-08-17T21:40:27.113+0000] {logging_mixin.py:190} INFO - [2025-08-17T21:40:27.113+0000] {dag.py:3262} INFO - Creating ORM DAG for example_short_circuit_decorator
[2025-08-17T21:40:27.114+0000] {logging_mixin.py:190} INFO - [2025-08-17T21:40:27.113+0000] {dag.py:4180} INFO - Setting next_dagrun for example_short_circuit_decorator to None, run_after=None
[2025-08-17T21:40:27.139+0000] {processor.py:208} INFO - Processing /home/airflow/.local/lib/python3.12/site-packages/airflow/example_dags/example_short_circuit_decorator.py took 0.240 seconds
[2025-08-17T21:40:57.619+0000] {processor.py:186} INFO - Started process (PID=132) to work on /home/airflow/.local/lib/python3.12/site-packages/airflow/example_dags/example_short_circuit_decorator.py
[2025-08-17T21:40:57.620+0000] {processor.py:914} INFO - Processing file /home/airflow/.local/lib/python3.12/site-packages/airflow/example_dags/example_short_circuit_decorator.py for tasks to queue
[2025-08-17T21:40:57.622+0000] {logging_mixin.py:190} INFO - [2025-08-17T21:40:57.622+0000] {dagbag.py:588} INFO - Filling up the DagBag from /home/airflow/.local/lib/python3.12/site-packages/airflow/example_dags/example_short_circuit_decorator.py
[2025-08-17T21:40:57.631+0000] {processor.py:925} INFO - DAG(s) 'example_short_circuit_decorator' retrieved from /home/airflow/.local/lib/python3.12/site-packages/airflow/example_dags/example_short_circuit_decorator.py
[2025-08-17T21:40:57.652+0000] {logging_mixin.py:190} INFO - [2025-08-17T21:40:57.651+0000] {dag.py:3239} INFO - Sync 1 DAGs
[2025-08-17T21:40:57.664+0000] {logging_mixin.py:190} INFO - [2025-08-17T21:40:57.664+0000] {dag.py:4180} INFO - Setting next_dagrun for example_short_circuit_decorator to None, run_after=None
[2025-08-17T21:40:57.680+0000] {processor.py:208} INFO - Processing /home/airflow/.local/lib/python3.12/site-packages/airflow/example_dags/example_short_circuit_decorator.py took 0.066 seconds
[2025-08-17T21:41:28.019+0000] {processor.py:186} INFO - Started process (PID=195) to work on /home/airflow/.local/lib/python3.12/site-packages/airflow/example_dags/example_short_circuit_decorator.py
[2025-08-17T21:41:28.020+0000] {processor.py:914} INFO - Processing file /home/airflow/.local/lib/python3.12/site-packages/airflow/example_dags/example_short_circuit_decorator.py for tasks to queue
[2025-08-17T21:41:28.022+0000] {logging_mixin.py:190} INFO - [2025-08-17T21:41:28.022+0000] {dagbag.py:588} INFO - Filling up the DagBag from /home/airflow/.local/lib/python3.12/site-packages/airflow/example_dags/example_short_circuit_decorator.py
[2025-08-17T21:41:28.032+0000] {processor.py:925} INFO - DAG(s) 'example_short_circuit_decorator' retrieved from /home/airflow/.local/lib/python3.12/site-packages/airflow/example_dags/example_short_circuit_decorator.py
[2025-08-17T21:41:28.052+0000] {logging_mixin.py:190} INFO - [2025-08-17T21:41:28.052+0000] {dag.py:3239} INFO - Sync 1 DAGs
[2025-08-17T21:41:28.064+0000] {logging_mixin.py:190} INFO - [2025-08-17T21:41:28.064+0000] {dag.py:4180} INFO - Setting next_dagrun for example_short_circuit_decorator to None, run_after=None
[2025-08-17T21:41:28.085+0000] {processor.py:208} INFO - Processing /home/airflow/.local/lib/python3.12/site-packages/airflow/example_dags/example_short_circuit_decorator.py took 0.071 seconds
[2025-08-17T21:41:58.684+0000] {processor.py:186} INFO - Started process (PID=258) to work on /home/airflow/.local/lib/python3.12/site-packages/airflow/example_dags/example_short_circuit_decorator.py
[2025-08-17T21:41:58.685+0000] {processor.py:914} INFO - Processing file /home/airflow/.local/lib/python3.12/site-packages/airflow/example_dags/example_short_circuit_decorator.py for tasks to queue
[2025-08-17T21:41:58.688+0000] {logging_mixin.py:190} INFO - [2025-08-17T21:41:58.687+0000] {dagbag.py:588} INFO - Filling up the DagBag from /home/airflow/.local/lib/python3.12/site-packages/airflow/example_dags/example_short_circuit_decorator.py
[2025-08-17T21:41:58.698+0000] {processor.py:925} INFO - DAG(s) 'example_short_circuit_decorator' retrieved from /home/airflow/.local/lib/python3.12/site-packages/airflow/example_dags/example_short_circuit_decorator.py
[2025-08-17T21:41:58.721+0000] {logging_mixin.py:190} INFO - [2025-08-17T21:41:58.721+0000] {dag.py:3239} INFO - Sync 1 DAGs
[2025-08-17T21:41:58.739+0000] {logging_mixin.py:190} INFO - [2025-08-17T21:41:58.738+0000] {dag.py:4180} INFO - Setting next_dagrun for example_short_circuit_decorator to None, run_after=None
[2025-08-17T21:41:58.753+0000] {processor.py:208} INFO - Processing /home/airflow/.local/lib/python3.12/site-packages/airflow/example_dags/example_short_circuit_decorator.py took 0.075 seconds
[2025-08-17T21:42:29.503+0000] {processor.py:186} INFO - Started process (PID=321) to work on /home/airflow/.local/lib/python3.12/site-packages/airflow/example_dags/example_short_circuit_decorator.py
[2025-08-17T21:42:29.505+0000] {processor.py:914} INFO - Processing file /home/airflow/.local/lib/python3.12/site-packages/airflow/example_dags/example_short_circuit_decorator.py for tasks to queue
[2025-08-17T21:42:29.508+0000] {logging_mixin.py:190} INFO - [2025-08-17T21:42:29.508+0000] {dagbag.py:588} INFO - Filling up the DagBag from /home/airflow/.local/lib/python3.12/site-packages/airflow/example_dags/example_short_circuit_decorator.py
[2025-08-17T21:42:29.522+0000] {processor.py:925} INFO - DAG(s) 'example_short_circuit_decorator' retrieved from /home/airflow/.local/lib/python3.12/site-packages/airflow/example_dags/example_short_circuit_decorator.py
[2025-08-17T21:42:29.553+0000] {logging_mixin.py:190} INFO - [2025-08-17T21:42:29.552+0000] {dag.py:3239} INFO - Sync 1 DAGs
[2025-08-17T21:42:29.570+0000] {logging_mixin.py:190} INFO - [2025-08-17T21:42:29.569+0000] {dag.py:4180} INFO - Setting next_dagrun for example_short_circuit_decorator to None, run_after=None
[2025-08-17T21:42:29.590+0000] {processor.py:208} INFO - Processing /home/airflow/.local/lib/python3.12/site-packages/airflow/example_dags/example_short_circuit_decorator.py took 0.096 seconds
[2025-08-17T21:43:00.034+0000] {processor.py:186} INFO - Started process (PID=384) to work on /home/airflow/.local/lib/python3.12/site-packages/airflow/example_dags/example_short_circuit_decorator.py
[2025-08-17T21:43:00.035+0000] {processor.py:914} INFO - Processing file /home/airflow/.local/lib/python3.12/site-packages/airflow/example_dags/example_short_circuit_decorator.py for tasks to queue
[2025-08-17T21:43:00.038+0000] {logging_mixin.py:190} INFO - [2025-08-17T21:43:00.038+0000] {dagbag.py:588} INFO - Filling up the DagBag from /home/airflow/.local/lib/python3.12/site-packages/airflow/example_dags/example_short_circuit_decorator.py
[2025-08-17T21:43:00.047+0000] {processor.py:925} INFO - DAG(s) 'example_short_circuit_decorator' retrieved from /home/airflow/.local/lib/python3.12/site-packages/airflow/example_dags/example_short_circuit_decorator.py
[2025-08-17T21:43:00.070+0000] {logging_mixin.py:190} INFO - [2025-08-17T21:43:00.070+0000] {dag.py:3239} INFO - Sync 1 DAGs
[2025-08-17T21:43:00.082+0000] {logging_mixin.py:190} INFO - [2025-08-17T21:43:00.082+0000] {dag.py:4180} INFO - Setting next_dagrun for example_short_circuit_decorator to None, run_after=None
[2025-08-17T21:43:00.097+0000] {processor.py:208} INFO - Processing /home/airflow/.local/lib/python3.12/site-packages/airflow/example_dags/example_short_circuit_decorator.py took 0.069 seconds
[2025-08-17T21:43:30.194+0000] {processor.py:186} INFO - Started process (PID=447) to work on /home/airflow/.local/lib/python3.12/site-packages/airflow/example_dags/example_short_circuit_decorator.py
[2025-08-17T21:43:30.195+0000] {processor.py:914} INFO - Processing file /home/airflow/.local/lib/python3.12/site-packages/airflow/example_dags/example_short_circuit_decorator.py for tasks to queue
[2025-08-17T21:43:30.197+0000] {logging_mixin.py:190} INFO - [2025-08-17T21:43:30.197+0000] {dagbag.py:588} INFO - Filling up the DagBag from /home/airflow/.local/lib/python3.12/site-packages/airflow/example_dags/example_short_circuit_decorator.py
[2025-08-17T21:43:30.206+0000] {processor.py:925} INFO - DAG(s) 'example_short_circuit_decorator' retrieved from /home/airflow/.local/lib/python3.12/site-packages/airflow/example_dags/example_short_circuit_decorator.py
[2025-08-17T21:43:30.227+0000] {logging_mixin.py:190} INFO - [2025-08-17T21:43:30.227+0000] {dag.py:3239} INFO - Sync 1 DAGs
[2025-08-17T21:43:30.241+0000] {logging_mixin.py:190} INFO - [2025-08-17T21:43:30.241+0000] {dag.py:4180} INFO - Setting next_dagrun for example_short_circuit_decorator to None, run_after=None
[2025-08-17T21:43:30.256+0000] {processor.py:208} INFO - Processing /home/airflow/.local/lib/python3.12/site-packages/airflow/example_dags/example_short_circuit_decorator.py took 0.068 seconds
[2025-08-17T21:44:00.490+0000] {processor.py:186} INFO - Started process (PID=510) to work on /home/airflow/.local/lib/python3.12/site-packages/airflow/example_dags/example_short_circuit_decorator.py
[2025-08-17T21:44:00.491+0000] {processor.py:914} INFO - Processing file /home/airflow/.local/lib/python3.12/site-packages/airflow/example_dags/example_short_circuit_decorator.py for tasks to queue
[2025-08-17T21:44:00.493+0000] {logging_mixin.py:190} INFO - [2025-08-17T21:44:00.493+0000] {dagbag.py:588} INFO - Filling up the DagBag from /home/airflow/.local/lib/python3.12/site-packages/airflow/example_dags/example_short_circuit_decorator.py
[2025-08-17T21:44:00.502+0000] {processor.py:925} INFO - DAG(s) 'example_short_circuit_decorator' retrieved from /home/airflow/.local/lib/python3.12/site-packages/airflow/example_dags/example_short_circuit_decorator.py
[2025-08-17T21:44:00.524+0000] {logging_mixin.py:190} INFO - [2025-08-17T21:44:00.524+0000] {dag.py:3239} INFO - Sync 1 DAGs
[2025-08-17T21:44:00.536+0000] {logging_mixin.py:190} INFO - [2025-08-17T21:44:00.536+0000] {dag.py:4180} INFO - Setting next_dagrun for example_short_circuit_decorator to None, run_after=None
[2025-08-17T21:44:00.550+0000] {processor.py:208} INFO - Processing /home/airflow/.local/lib/python3.12/site-packages/airflow/example_dags/example_short_circuit_decorator.py took 0.065 seconds
[2025-08-17T21:44:31.266+0000] {processor.py:186} INFO - Started process (PID=573) to work on /home/airflow/.local/lib/python3.12/site-packages/airflow/example_dags/example_short_circuit_decorator.py
[2025-08-17T21:44:31.267+0000] {processor.py:914} INFO - Processing file /home/airflow/.local/lib/python3.12/site-packages/airflow/example_dags/example_short_circuit_decorator.py for tasks to queue
[2025-08-17T21:44:31.269+0000] {logging_mixin.py:190} INFO - [2025-08-17T21:44:31.269+0000] {dagbag.py:588} INFO - Filling up the DagBag from /home/airflow/.local/lib/python3.12/site-packages/airflow/example_dags/example_short_circuit_decorator.py
[2025-08-17T21:44:31.279+0000] {processor.py:925} INFO - DAG(s) 'example_short_circuit_decorator' retrieved from /home/airflow/.local/lib/python3.12/site-packages/airflow/example_dags/example_short_circuit_decorator.py
[2025-08-17T21:44:31.300+0000] {logging_mixin.py:190} INFO - [2025-08-17T21:44:31.300+0000] {dag.py:3239} INFO - Sync 1 DAGs
[2025-08-17T21:44:31.312+0000] {logging_mixin.py:190} INFO - [2025-08-17T21:44:31.312+0000] {dag.py:4180} INFO - Setting next_dagrun for example_short_circuit_decorator to None, run_after=None
[2025-08-17T21:44:31.333+0000] {processor.py:208} INFO - Processing /home/airflow/.local/lib/python3.12/site-packages/airflow/example_dags/example_short_circuit_decorator.py took 0.072 seconds
[2025-08-17T21:45:01.485+0000] {processor.py:186} INFO - Started process (PID=636) to work on /home/airflow/.local/lib/python3.12/site-packages/airflow/example_dags/example_short_circuit_decorator.py
[2025-08-17T21:45:01.486+0000] {processor.py:914} INFO - Processing file /home/airflow/.local/lib/python3.12/site-packages/airflow/example_dags/example_short_circuit_decorator.py for tasks to queue
[2025-08-17T21:45:01.488+0000] {logging_mixin.py:190} INFO - [2025-08-17T21:45:01.488+0000] {dagbag.py:588} INFO - Filling up the DagBag from /home/airflow/.local/lib/python3.12/site-packages/airflow/example_dags/example_short_circuit_decorator.py
[2025-08-17T21:45:01.498+0000] {processor.py:925} INFO - DAG(s) 'example_short_circuit_decorator' retrieved from /home/airflow/.local/lib/python3.12/site-packages/airflow/example_dags/example_short_circuit_decorator.py
[2025-08-17T21:45:01.519+0000] {logging_mixin.py:190} INFO - [2025-08-17T21:45:01.519+0000] {dag.py:3239} INFO - Sync 1 DAGs
[2025-08-17T21:45:01.531+0000] {logging_mixin.py:190} INFO - [2025-08-17T21:45:01.531+0000] {dag.py:4180} INFO - Setting next_dagrun for example_short_circuit_decorator to None, run_after=None
[2025-08-17T21:45:01.550+0000] {processor.py:208} INFO - Processing /home/airflow/.local/lib/python3.12/site-packages/airflow/example_dags/example_short_circuit_decorator.py took 0.071 seconds
[2025-08-17T21:45:31.784+0000] {processor.py:186} INFO - Started process (PID=699) to work on /home/airflow/.local/lib/python3.12/site-packages/airflow/example_dags/example_short_circuit_decorator.py
[2025-08-17T21:45:31.785+0000] {processor.py:914} INFO - Processing file /home/airflow/.local/lib/python3.12/site-packages/airflow/example_dags/example_short_circuit_decorator.py for tasks to queue
[2025-08-17T21:45:31.787+0000] {logging_mixin.py:190} INFO - [2025-08-17T21:45:31.787+0000] {dagbag.py:588} INFO - Filling up the DagBag from /home/airflow/.local/lib/python3.12/site-packages/airflow/example_dags/example_short_circuit_decorator.py
[2025-08-17T21:45:31.797+0000] {processor.py:925} INFO - DAG(s) 'example_short_circuit_decorator' retrieved from /home/airflow/.local/lib/python3.12/site-packages/airflow/example_dags/example_short_circuit_decorator.py
[2025-08-17T21:45:31.818+0000] {logging_mixin.py:190} INFO - [2025-08-17T21:45:31.817+0000] {dag.py:3239} INFO - Sync 1 DAGs
[2025-08-17T21:45:31.830+0000] {logging_mixin.py:190} INFO - [2025-08-17T21:45:31.829+0000] {dag.py:4180} INFO - Setting next_dagrun for example_short_circuit_decorator to None, run_after=None
[2025-08-17T21:45:31.849+0000] {processor.py:208} INFO - Processing /home/airflow/.local/lib/python3.12/site-packages/airflow/example_dags/example_short_circuit_decorator.py took 0.071 seconds
[2025-08-17T21:46:03.007+0000] {processor.py:186} INFO - Started process (PID=762) to work on /home/airflow/.local/lib/python3.12/site-packages/airflow/example_dags/example_short_circuit_decorator.py
[2025-08-17T21:46:03.008+0000] {processor.py:914} INFO - Processing file /home/airflow/.local/lib/python3.12/site-packages/airflow/example_dags/example_short_circuit_decorator.py for tasks to queue
[2025-08-17T21:46:03.010+0000] {logging_mixin.py:190} INFO - [2025-08-17T21:46:03.010+0000] {dagbag.py:588} INFO - Filling up the DagBag from /home/airflow/.local/lib/python3.12/site-packages/airflow/example_dags/example_short_circuit_decorator.py
[2025-08-17T21:46:03.019+0000] {processor.py:925} INFO - DAG(s) 'example_short_circuit_decorator' retrieved from /home/airflow/.local/lib/python3.12/site-packages/airflow/example_dags/example_short_circuit_decorator.py
[2025-08-17T21:46:03.041+0000] {logging_mixin.py:190} INFO - [2025-08-17T21:46:03.041+0000] {dag.py:3239} INFO - Sync 1 DAGs
[2025-08-17T21:46:03.053+0000] {logging_mixin.py:190} INFO - [2025-08-17T21:46:03.053+0000] {dag.py:4180} INFO - Setting next_dagrun for example_short_circuit_decorator to None, run_after=None
[2025-08-17T21:46:03.074+0000] {processor.py:208} INFO - Processing /home/airflow/.local/lib/python3.12/site-packages/airflow/example_dags/example_short_circuit_decorator.py took 0.073 seconds
[2025-08-17T21:46:33.698+0000] {processor.py:186} INFO - Started process (PID=825) to work on /home/airflow/.local/lib/python3.12/site-packages/airflow/example_dags/example_short_circuit_decorator.py
[2025-08-17T21:46:33.699+0000] {processor.py:914} INFO - Processing file /home/airflow/.local/lib/python3.12/site-packages/airflow/example_dags/example_short_circuit_decorator.py for tasks to queue
[2025-08-17T21:46:33.701+0000] {logging_mixin.py:190} INFO - [2025-08-17T21:46:33.701+0000] {dagbag.py:588} INFO - Filling up the DagBag from /home/airflow/.local/lib/python3.12/site-packages/airflow/example_dags/example_short_circuit_decorator.py
[2025-08-17T21:46:33.710+0000] {processor.py:925} INFO - DAG(s) 'example_short_circuit_decorator' retrieved from /home/airflow/.local/lib/python3.12/site-packages/airflow/example_dags/example_short_circuit_decorator.py
[2025-08-17T21:46:33.731+0000] {logging_mixin.py:190} INFO - [2025-08-17T21:46:33.730+0000] {dag.py:3239} INFO - Sync 1 DAGs
[2025-08-17T21:46:33.744+0000] {logging_mixin.py:190} INFO - [2025-08-17T21:46:33.743+0000] {dag.py:4180} INFO - Setting next_dagrun for example_short_circuit_decorator to None, run_after=None
[2025-08-17T21:46:33.759+0000] {processor.py:208} INFO - Processing /home/airflow/.local/lib/python3.12/site-packages/airflow/example_dags/example_short_circuit_decorator.py took 0.067 seconds
[2025-08-17T21:47:03.872+0000] {processor.py:186} INFO - Started process (PID=888) to work on /home/airflow/.local/lib/python3.12/site-packages/airflow/example_dags/example_short_circuit_decorator.py
[2025-08-17T21:47:03.873+0000] {processor.py:914} INFO - Processing file /home/airflow/.local/lib/python3.12/site-packages/airflow/example_dags/example_short_circuit_decorator.py for tasks to queue
[2025-08-17T21:47:03.875+0000] {logging_mixin.py:190} INFO - [2025-08-17T21:47:03.875+0000] {dagbag.py:588} INFO - Filling up the DagBag from /home/airflow/.local/lib/python3.12/site-packages/airflow/example_dags/example_short_circuit_decorator.py
[2025-08-17T21:47:03.884+0000] {processor.py:925} INFO - DAG(s) 'example_short_circuit_decorator' retrieved from /home/airflow/.local/lib/python3.12/site-packages/airflow/example_dags/example_short_circuit_decorator.py
[2025-08-17T21:47:03.906+0000] {logging_mixin.py:190} INFO - [2025-08-17T21:47:03.906+0000] {dag.py:3239} INFO - Sync 1 DAGs
[2025-08-17T21:47:03.918+0000] {logging_mixin.py:190} INFO - [2025-08-17T21:47:03.918+0000] {dag.py:4180} INFO - Setting next_dagrun for example_short_circuit_decorator to None, run_after=None
[2025-08-17T21:47:03.937+0000] {processor.py:208} INFO - Processing /home/airflow/.local/lib/python3.12/site-packages/airflow/example_dags/example_short_circuit_decorator.py took 0.071 seconds
[2025-08-17T21:47:34.205+0000] {processor.py:186} INFO - Started process (PID=951) to work on /home/airflow/.local/lib/python3.12/site-packages/airflow/example_dags/example_short_circuit_decorator.py
[2025-08-17T21:47:34.206+0000] {processor.py:914} INFO - Processing file /home/airflow/.local/lib/python3.12/site-packages/airflow/example_dags/example_short_circuit_decorator.py for tasks to queue
[2025-08-17T21:47:34.208+0000] {logging_mixin.py:190} INFO - [2025-08-17T21:47:34.208+0000] {dagbag.py:588} INFO - Filling up the DagBag from /home/airflow/.local/lib/python3.12/site-packages/airflow/example_dags/example_short_circuit_decorator.py
[2025-08-17T21:47:34.217+0000] {processor.py:925} INFO - DAG(s) 'example_short_circuit_decorator' retrieved from /home/airflow/.local/lib/python3.12/site-packages/airflow/example_dags/example_short_circuit_decorator.py
[2025-08-17T21:47:34.239+0000] {logging_mixin.py:190} INFO - [2025-08-17T21:47:34.239+0000] {dag.py:3239} INFO - Sync 1 DAGs
[2025-08-17T21:47:34.254+0000] {logging_mixin.py:190} INFO - [2025-08-17T21:47:34.254+0000] {dag.py:4180} INFO - Setting next_dagrun for example_short_circuit_decorator to None, run_after=None
[2025-08-17T21:47:34.271+0000] {processor.py:208} INFO - Processing /home/airflow/.local/lib/python3.12/site-packages/airflow/example_dags/example_short_circuit_decorator.py took 0.072 seconds
[2025-08-17T21:48:04.380+0000] {processor.py:186} INFO - Started process (PID=1014) to work on /home/airflow/.local/lib/python3.12/site-packages/airflow/example_dags/example_short_circuit_decorator.py
[2025-08-17T21:48:04.380+0000] {processor.py:914} INFO - Processing file /home/airflow/.local/lib/python3.12/site-packages/airflow/example_dags/example_short_circuit_decorator.py for tasks to queue
[2025-08-17T21:48:04.383+0000] {logging_mixin.py:190} INFO - [2025-08-17T21:48:04.383+0000] {dagbag.py:588} INFO - Filling up the DagBag from /home/airflow/.local/lib/python3.12/site-packages/airflow/example_dags/example_short_circuit_decorator.py
[2025-08-17T21:48:04.392+0000] {processor.py:925} INFO - DAG(s) 'example_short_circuit_decorator' retrieved from /home/airflow/.local/lib/python3.12/site-packages/airflow/example_dags/example_short_circuit_decorator.py
[2025-08-17T21:48:04.414+0000] {logging_mixin.py:190} INFO - [2025-08-17T21:48:04.413+0000] {dag.py:3239} INFO - Sync 1 DAGs
[2025-08-17T21:48:04.425+0000] {logging_mixin.py:190} INFO - [2025-08-17T21:48:04.425+0000] {dag.py:4180} INFO - Setting next_dagrun for example_short_circuit_decorator to None, run_after=None
[2025-08-17T21:48:04.447+0000] {processor.py:208} INFO - Processing /home/airflow/.local/lib/python3.12/site-packages/airflow/example_dags/example_short_circuit_decorator.py took 0.074 seconds
