[2025-08-17T21:40:27.739+0000] {processor.py:186} INFO - Started process (PID=73) to work on /home/airflow/.local/lib/python3.12/site-packages/airflow/example_dags/example_xcom.py
[2025-08-17T21:40:27.740+0000] {processor.py:914} INFO - Processing file /home/airflow/.local/lib/python3.12/site-packages/airflow/example_dags/example_xcom.py for tasks to queue
[2025-08-17T21:40:27.742+0000] {logging_mixin.py:190} INFO - [2025-08-17T21:40:27.742+0000] {dagbag.py:588} INFO - Filling up the DagBag from /home/airflow/.local/lib/python3.12/site-packages/airflow/example_dags/example_xcom.py
[2025-08-17T21:40:27.753+0000] {processor.py:925} INFO - DAG(s) 'example_xcom' retrieved from /home/airflow/.local/lib/python3.12/site-packages/airflow/example_dags/example_xcom.py
[2025-08-17T21:40:27.868+0000] {logging_mixin.py:190} INFO - [2025-08-17T21:40:27.867+0000] {override.py:1930} INFO - Created Permission View: can read on DAG:example_xcom
[2025-08-17T21:40:27.876+0000] {logging_mixin.py:190} INFO - [2025-08-17T21:40:27.876+0000] {override.py:1930} INFO - Created Permission View: can edit on DAG:example_xcom
[2025-08-17T21:40:27.882+0000] {logging_mixin.py:190} INFO - [2025-08-17T21:40:27.882+0000] {override.py:1930} INFO - Created Permission View: can delete on DAG:example_xcom
[2025-08-17T21:40:27.889+0000] {logging_mixin.py:190} INFO - [2025-08-17T21:40:27.889+0000] {override.py:1930} INFO - Created Permission View: can read on DAG Run:example_xcom
[2025-08-17T21:40:27.895+0000] {logging_mixin.py:190} INFO - [2025-08-17T21:40:27.894+0000] {override.py:1930} INFO - Created Permission View: can create on DAG Run:example_xcom
[2025-08-17T21:40:27.900+0000] {logging_mixin.py:190} INFO - [2025-08-17T21:40:27.900+0000] {override.py:1930} INFO - Created Permission View: can delete on DAG Run:example_xcom
[2025-08-17T21:40:27.905+0000] {logging_mixin.py:190} INFO - [2025-08-17T21:40:27.905+0000] {override.py:1930} INFO - Created Permission View: menu access on DAG Run:example_xcom
[2025-08-17T21:40:27.906+0000] {logging_mixin.py:190} INFO - [2025-08-17T21:40:27.906+0000] {dag.py:3239} INFO - Sync 1 DAGs
[2025-08-17T21:40:27.918+0000] {logging_mixin.py:190} INFO - [2025-08-17T21:40:27.918+0000] {dag.py:3262} INFO - Creating ORM DAG for example_xcom
[2025-08-17T21:40:27.926+0000] {logging_mixin.py:190} INFO - [2025-08-17T21:40:27.926+0000] {dag.py:4180} INFO - Setting next_dagrun for example_xcom to 2021-01-01 00:00:00+00:00, run_after=2021-01-01 00:00:00+00:00
[2025-08-17T21:40:27.944+0000] {processor.py:208} INFO - Processing /home/airflow/.local/lib/python3.12/site-packages/airflow/example_dags/example_xcom.py took 0.212 seconds
[2025-08-17T21:40:58.843+0000] {processor.py:186} INFO - Started process (PID=136) to work on /home/airflow/.local/lib/python3.12/site-packages/airflow/example_dags/example_xcom.py
[2025-08-17T21:40:58.844+0000] {processor.py:914} INFO - Processing file /home/airflow/.local/lib/python3.12/site-packages/airflow/example_dags/example_xcom.py for tasks to queue
[2025-08-17T21:40:58.846+0000] {logging_mixin.py:190} INFO - [2025-08-17T21:40:58.846+0000] {dagbag.py:588} INFO - Filling up the DagBag from /home/airflow/.local/lib/python3.12/site-packages/airflow/example_dags/example_xcom.py
[2025-08-17T21:40:58.854+0000] {processor.py:925} INFO - DAG(s) 'example_xcom' retrieved from /home/airflow/.local/lib/python3.12/site-packages/airflow/example_dags/example_xcom.py
[2025-08-17T21:40:58.872+0000] {logging_mixin.py:190} INFO - [2025-08-17T21:40:58.872+0000] {dag.py:3239} INFO - Sync 1 DAGs
[2025-08-17T21:40:58.890+0000] {logging_mixin.py:190} INFO - [2025-08-17T21:40:58.890+0000] {dag.py:4180} INFO - Setting next_dagrun for example_xcom to 2021-01-01 00:00:00+00:00, run_after=2021-01-01 00:00:00+00:00
[2025-08-17T21:40:58.904+0000] {processor.py:208} INFO - Processing /home/airflow/.local/lib/python3.12/site-packages/airflow/example_dags/example_xcom.py took 0.066 seconds
[2025-08-17T21:41:29.276+0000] {processor.py:186} INFO - Started process (PID=198) to work on /home/airflow/.local/lib/python3.12/site-packages/airflow/example_dags/example_xcom.py
[2025-08-17T21:41:29.277+0000] {processor.py:914} INFO - Processing file /home/airflow/.local/lib/python3.12/site-packages/airflow/example_dags/example_xcom.py for tasks to queue
[2025-08-17T21:41:29.279+0000] {logging_mixin.py:190} INFO - [2025-08-17T21:41:29.279+0000] {dagbag.py:588} INFO - Filling up the DagBag from /home/airflow/.local/lib/python3.12/site-packages/airflow/example_dags/example_xcom.py
[2025-08-17T21:41:29.288+0000] {processor.py:925} INFO - DAG(s) 'example_xcom' retrieved from /home/airflow/.local/lib/python3.12/site-packages/airflow/example_dags/example_xcom.py
[2025-08-17T21:41:29.308+0000] {logging_mixin.py:190} INFO - [2025-08-17T21:41:29.307+0000] {dag.py:3239} INFO - Sync 1 DAGs
[2025-08-17T21:41:29.325+0000] {logging_mixin.py:190} INFO - [2025-08-17T21:41:29.325+0000] {dag.py:4180} INFO - Setting next_dagrun for example_xcom to 2021-01-01 00:00:00+00:00, run_after=2021-01-01 00:00:00+00:00
[2025-08-17T21:41:29.361+0000] {processor.py:208} INFO - Processing /home/airflow/.local/lib/python3.12/site-packages/airflow/example_dags/example_xcom.py took 0.091 seconds
[2025-08-17T21:41:59.902+0000] {processor.py:186} INFO - Started process (PID=261) to work on /home/airflow/.local/lib/python3.12/site-packages/airflow/example_dags/example_xcom.py
[2025-08-17T21:41:59.903+0000] {processor.py:914} INFO - Processing file /home/airflow/.local/lib/python3.12/site-packages/airflow/example_dags/example_xcom.py for tasks to queue
[2025-08-17T21:41:59.906+0000] {logging_mixin.py:190} INFO - [2025-08-17T21:41:59.905+0000] {dagbag.py:588} INFO - Filling up the DagBag from /home/airflow/.local/lib/python3.12/site-packages/airflow/example_dags/example_xcom.py
[2025-08-17T21:41:59.914+0000] {processor.py:925} INFO - DAG(s) 'example_xcom' retrieved from /home/airflow/.local/lib/python3.12/site-packages/airflow/example_dags/example_xcom.py
[2025-08-17T21:41:59.934+0000] {logging_mixin.py:190} INFO - [2025-08-17T21:41:59.934+0000] {dag.py:3239} INFO - Sync 1 DAGs
[2025-08-17T21:41:59.954+0000] {logging_mixin.py:190} INFO - [2025-08-17T21:41:59.954+0000] {dag.py:4180} INFO - Setting next_dagrun for example_xcom to 2021-01-01 00:00:00+00:00, run_after=2021-01-01 00:00:00+00:00
[2025-08-17T21:41:59.970+0000] {processor.py:208} INFO - Processing /home/airflow/.local/lib/python3.12/site-packages/airflow/example_dags/example_xcom.py took 0.073 seconds
[2025-08-17T21:42:30.853+0000] {processor.py:186} INFO - Started process (PID=324) to work on /home/airflow/.local/lib/python3.12/site-packages/airflow/example_dags/example_xcom.py
[2025-08-17T21:42:30.854+0000] {processor.py:914} INFO - Processing file /home/airflow/.local/lib/python3.12/site-packages/airflow/example_dags/example_xcom.py for tasks to queue
[2025-08-17T21:42:30.857+0000] {logging_mixin.py:190} INFO - [2025-08-17T21:42:30.856+0000] {dagbag.py:588} INFO - Filling up the DagBag from /home/airflow/.local/lib/python3.12/site-packages/airflow/example_dags/example_xcom.py
[2025-08-17T21:42:30.865+0000] {processor.py:925} INFO - DAG(s) 'example_xcom' retrieved from /home/airflow/.local/lib/python3.12/site-packages/airflow/example_dags/example_xcom.py
[2025-08-17T21:42:30.888+0000] {logging_mixin.py:190} INFO - [2025-08-17T21:42:30.887+0000] {dag.py:3239} INFO - Sync 1 DAGs
[2025-08-17T21:42:30.910+0000] {logging_mixin.py:190} INFO - [2025-08-17T21:42:30.910+0000] {dag.py:4180} INFO - Setting next_dagrun for example_xcom to 2021-01-01 00:00:00+00:00, run_after=2021-01-01 00:00:00+00:00
[2025-08-17T21:42:30.955+0000] {processor.py:208} INFO - Processing /home/airflow/.local/lib/python3.12/site-packages/airflow/example_dags/example_xcom.py took 0.109 seconds
[2025-08-17T21:43:01.253+0000] {processor.py:186} INFO - Started process (PID=387) to work on /home/airflow/.local/lib/python3.12/site-packages/airflow/example_dags/example_xcom.py
[2025-08-17T21:43:01.254+0000] {processor.py:914} INFO - Processing file /home/airflow/.local/lib/python3.12/site-packages/airflow/example_dags/example_xcom.py for tasks to queue
[2025-08-17T21:43:01.256+0000] {logging_mixin.py:190} INFO - [2025-08-17T21:43:01.256+0000] {dagbag.py:588} INFO - Filling up the DagBag from /home/airflow/.local/lib/python3.12/site-packages/airflow/example_dags/example_xcom.py
[2025-08-17T21:43:01.265+0000] {processor.py:925} INFO - DAG(s) 'example_xcom' retrieved from /home/airflow/.local/lib/python3.12/site-packages/airflow/example_dags/example_xcom.py
[2025-08-17T21:43:01.285+0000] {logging_mixin.py:190} INFO - [2025-08-17T21:43:01.285+0000] {dag.py:3239} INFO - Sync 1 DAGs
[2025-08-17T21:43:01.305+0000] {logging_mixin.py:190} INFO - [2025-08-17T21:43:01.304+0000] {dag.py:4180} INFO - Setting next_dagrun for example_xcom to 2021-01-01 00:00:00+00:00, run_after=2021-01-01 00:00:00+00:00
[2025-08-17T21:43:01.319+0000] {processor.py:208} INFO - Processing /home/airflow/.local/lib/python3.12/site-packages/airflow/example_dags/example_xcom.py took 0.074 seconds
[2025-08-17T21:43:31.400+0000] {processor.py:186} INFO - Started process (PID=450) to work on /home/airflow/.local/lib/python3.12/site-packages/airflow/example_dags/example_xcom.py
[2025-08-17T21:43:31.401+0000] {processor.py:914} INFO - Processing file /home/airflow/.local/lib/python3.12/site-packages/airflow/example_dags/example_xcom.py for tasks to queue
[2025-08-17T21:43:31.403+0000] {logging_mixin.py:190} INFO - [2025-08-17T21:43:31.402+0000] {dagbag.py:588} INFO - Filling up the DagBag from /home/airflow/.local/lib/python3.12/site-packages/airflow/example_dags/example_xcom.py
[2025-08-17T21:43:31.411+0000] {processor.py:925} INFO - DAG(s) 'example_xcom' retrieved from /home/airflow/.local/lib/python3.12/site-packages/airflow/example_dags/example_xcom.py
[2025-08-17T21:43:31.429+0000] {logging_mixin.py:190} INFO - [2025-08-17T21:43:31.429+0000] {dag.py:3239} INFO - Sync 1 DAGs
[2025-08-17T21:43:31.447+0000] {logging_mixin.py:190} INFO - [2025-08-17T21:43:31.447+0000] {dag.py:4180} INFO - Setting next_dagrun for example_xcom to 2021-01-01 00:00:00+00:00, run_after=2021-01-01 00:00:00+00:00
[2025-08-17T21:43:31.461+0000] {processor.py:208} INFO - Processing /home/airflow/.local/lib/python3.12/site-packages/airflow/example_dags/example_xcom.py took 0.067 seconds
[2025-08-17T21:44:01.701+0000] {processor.py:186} INFO - Started process (PID=513) to work on /home/airflow/.local/lib/python3.12/site-packages/airflow/example_dags/example_xcom.py
[2025-08-17T21:44:01.702+0000] {processor.py:914} INFO - Processing file /home/airflow/.local/lib/python3.12/site-packages/airflow/example_dags/example_xcom.py for tasks to queue
[2025-08-17T21:44:01.704+0000] {logging_mixin.py:190} INFO - [2025-08-17T21:44:01.704+0000] {dagbag.py:588} INFO - Filling up the DagBag from /home/airflow/.local/lib/python3.12/site-packages/airflow/example_dags/example_xcom.py
[2025-08-17T21:44:01.712+0000] {processor.py:925} INFO - DAG(s) 'example_xcom' retrieved from /home/airflow/.local/lib/python3.12/site-packages/airflow/example_dags/example_xcom.py
[2025-08-17T21:44:01.735+0000] {logging_mixin.py:190} INFO - [2025-08-17T21:44:01.735+0000] {dag.py:3239} INFO - Sync 1 DAGs
[2025-08-17T21:44:01.759+0000] {logging_mixin.py:190} INFO - [2025-08-17T21:44:01.759+0000] {dag.py:4180} INFO - Setting next_dagrun for example_xcom to 2021-01-01 00:00:00+00:00, run_after=2021-01-01 00:00:00+00:00
[2025-08-17T21:44:01.775+0000] {processor.py:208} INFO - Processing /home/airflow/.local/lib/python3.12/site-packages/airflow/example_dags/example_xcom.py took 0.080 seconds
[2025-08-17T21:44:32.388+0000] {processor.py:186} INFO - Started process (PID=576) to work on /home/airflow/.local/lib/python3.12/site-packages/airflow/example_dags/example_xcom.py
[2025-08-17T21:44:32.389+0000] {processor.py:914} INFO - Processing file /home/airflow/.local/lib/python3.12/site-packages/airflow/example_dags/example_xcom.py for tasks to queue
[2025-08-17T21:44:32.391+0000] {logging_mixin.py:190} INFO - [2025-08-17T21:44:32.391+0000] {dagbag.py:588} INFO - Filling up the DagBag from /home/airflow/.local/lib/python3.12/site-packages/airflow/example_dags/example_xcom.py
[2025-08-17T21:44:32.402+0000] {processor.py:925} INFO - DAG(s) 'example_xcom' retrieved from /home/airflow/.local/lib/python3.12/site-packages/airflow/example_dags/example_xcom.py
[2025-08-17T21:44:32.423+0000] {logging_mixin.py:190} INFO - [2025-08-17T21:44:32.423+0000] {dag.py:3239} INFO - Sync 1 DAGs
[2025-08-17T21:44:32.444+0000] {logging_mixin.py:190} INFO - [2025-08-17T21:44:32.443+0000] {dag.py:4180} INFO - Setting next_dagrun for example_xcom to 2021-01-01 00:00:00+00:00, run_after=2021-01-01 00:00:00+00:00
[2025-08-17T21:44:32.461+0000] {processor.py:208} INFO - Processing /home/airflow/.local/lib/python3.12/site-packages/airflow/example_dags/example_xcom.py took 0.078 seconds
[2025-08-17T21:45:02.612+0000] {processor.py:186} INFO - Started process (PID=639) to work on /home/airflow/.local/lib/python3.12/site-packages/airflow/example_dags/example_xcom.py
[2025-08-17T21:45:02.613+0000] {processor.py:914} INFO - Processing file /home/airflow/.local/lib/python3.12/site-packages/airflow/example_dags/example_xcom.py for tasks to queue
[2025-08-17T21:45:02.615+0000] {logging_mixin.py:190} INFO - [2025-08-17T21:45:02.615+0000] {dagbag.py:588} INFO - Filling up the DagBag from /home/airflow/.local/lib/python3.12/site-packages/airflow/example_dags/example_xcom.py
[2025-08-17T21:45:02.624+0000] {processor.py:925} INFO - DAG(s) 'example_xcom' retrieved from /home/airflow/.local/lib/python3.12/site-packages/airflow/example_dags/example_xcom.py
[2025-08-17T21:45:02.643+0000] {logging_mixin.py:190} INFO - [2025-08-17T21:45:02.643+0000] {dag.py:3239} INFO - Sync 1 DAGs
[2025-08-17T21:45:02.662+0000] {logging_mixin.py:190} INFO - [2025-08-17T21:45:02.661+0000] {dag.py:4180} INFO - Setting next_dagrun for example_xcom to 2021-01-01 00:00:00+00:00, run_after=2021-01-01 00:00:00+00:00
[2025-08-17T21:45:02.679+0000] {processor.py:208} INFO - Processing /home/airflow/.local/lib/python3.12/site-packages/airflow/example_dags/example_xcom.py took 0.072 seconds
[2025-08-17T21:45:32.911+0000] {processor.py:186} INFO - Started process (PID=702) to work on /home/airflow/.local/lib/python3.12/site-packages/airflow/example_dags/example_xcom.py
[2025-08-17T21:45:32.912+0000] {processor.py:914} INFO - Processing file /home/airflow/.local/lib/python3.12/site-packages/airflow/example_dags/example_xcom.py for tasks to queue
[2025-08-17T21:45:32.914+0000] {logging_mixin.py:190} INFO - [2025-08-17T21:45:32.914+0000] {dagbag.py:588} INFO - Filling up the DagBag from /home/airflow/.local/lib/python3.12/site-packages/airflow/example_dags/example_xcom.py
[2025-08-17T21:45:32.923+0000] {processor.py:925} INFO - DAG(s) 'example_xcom' retrieved from /home/airflow/.local/lib/python3.12/site-packages/airflow/example_dags/example_xcom.py
[2025-08-17T21:45:32.942+0000] {logging_mixin.py:190} INFO - [2025-08-17T21:45:32.942+0000] {dag.py:3239} INFO - Sync 1 DAGs
[2025-08-17T21:45:32.961+0000] {logging_mixin.py:190} INFO - [2025-08-17T21:45:32.960+0000] {dag.py:4180} INFO - Setting next_dagrun for example_xcom to 2021-01-01 00:00:00+00:00, run_after=2021-01-01 00:00:00+00:00
[2025-08-17T21:45:32.974+0000] {processor.py:208} INFO - Processing /home/airflow/.local/lib/python3.12/site-packages/airflow/example_dags/example_xcom.py took 0.069 seconds
[2025-08-17T21:46:03.234+0000] {processor.py:186} INFO - Started process (PID=765) to work on /home/airflow/.local/lib/python3.12/site-packages/airflow/example_dags/example_xcom.py
[2025-08-17T21:46:03.235+0000] {processor.py:914} INFO - Processing file /home/airflow/.local/lib/python3.12/site-packages/airflow/example_dags/example_xcom.py for tasks to queue
[2025-08-17T21:46:03.237+0000] {logging_mixin.py:190} INFO - [2025-08-17T21:46:03.237+0000] {dagbag.py:588} INFO - Filling up the DagBag from /home/airflow/.local/lib/python3.12/site-packages/airflow/example_dags/example_xcom.py
[2025-08-17T21:46:03.246+0000] {processor.py:925} INFO - DAG(s) 'example_xcom' retrieved from /home/airflow/.local/lib/python3.12/site-packages/airflow/example_dags/example_xcom.py
[2025-08-17T21:46:03.263+0000] {logging_mixin.py:190} INFO - [2025-08-17T21:46:03.263+0000] {dag.py:3239} INFO - Sync 1 DAGs
[2025-08-17T21:46:03.282+0000] {logging_mixin.py:190} INFO - [2025-08-17T21:46:03.281+0000] {dag.py:4180} INFO - Setting next_dagrun for example_xcom to 2021-01-01 00:00:00+00:00, run_after=2021-01-01 00:00:00+00:00
[2025-08-17T21:46:03.299+0000] {processor.py:208} INFO - Processing /home/airflow/.local/lib/python3.12/site-packages/airflow/example_dags/example_xcom.py took 0.069 seconds
[2025-08-17T21:46:33.809+0000] {processor.py:186} INFO - Started process (PID=828) to work on /home/airflow/.local/lib/python3.12/site-packages/airflow/example_dags/example_xcom.py
[2025-08-17T21:46:33.810+0000] {processor.py:914} INFO - Processing file /home/airflow/.local/lib/python3.12/site-packages/airflow/example_dags/example_xcom.py for tasks to queue
[2025-08-17T21:46:33.812+0000] {logging_mixin.py:190} INFO - [2025-08-17T21:46:33.812+0000] {dagbag.py:588} INFO - Filling up the DagBag from /home/airflow/.local/lib/python3.12/site-packages/airflow/example_dags/example_xcom.py
[2025-08-17T21:46:33.820+0000] {processor.py:925} INFO - DAG(s) 'example_xcom' retrieved from /home/airflow/.local/lib/python3.12/site-packages/airflow/example_dags/example_xcom.py
[2025-08-17T21:46:33.843+0000] {logging_mixin.py:190} INFO - [2025-08-17T21:46:33.842+0000] {dag.py:3239} INFO - Sync 1 DAGs
[2025-08-17T21:46:33.864+0000] {logging_mixin.py:190} INFO - [2025-08-17T21:46:33.864+0000] {dag.py:4180} INFO - Setting next_dagrun for example_xcom to 2021-01-01 00:00:00+00:00, run_after=2021-01-01 00:00:00+00:00
[2025-08-17T21:46:33.880+0000] {processor.py:208} INFO - Processing /home/airflow/.local/lib/python3.12/site-packages/airflow/example_dags/example_xcom.py took 0.077 seconds
[2025-08-17T21:47:04.081+0000] {processor.py:186} INFO - Started process (PID=891) to work on /home/airflow/.local/lib/python3.12/site-packages/airflow/example_dags/example_xcom.py
[2025-08-17T21:47:04.082+0000] {processor.py:914} INFO - Processing file /home/airflow/.local/lib/python3.12/site-packages/airflow/example_dags/example_xcom.py for tasks to queue
[2025-08-17T21:47:04.085+0000] {logging_mixin.py:190} INFO - [2025-08-17T21:47:04.084+0000] {dagbag.py:588} INFO - Filling up the DagBag from /home/airflow/.local/lib/python3.12/site-packages/airflow/example_dags/example_xcom.py
[2025-08-17T21:47:04.093+0000] {processor.py:925} INFO - DAG(s) 'example_xcom' retrieved from /home/airflow/.local/lib/python3.12/site-packages/airflow/example_dags/example_xcom.py
[2025-08-17T21:47:04.113+0000] {logging_mixin.py:190} INFO - [2025-08-17T21:47:04.113+0000] {dag.py:3239} INFO - Sync 1 DAGs
[2025-08-17T21:47:04.132+0000] {logging_mixin.py:190} INFO - [2025-08-17T21:47:04.132+0000] {dag.py:4180} INFO - Setting next_dagrun for example_xcom to 2021-01-01 00:00:00+00:00, run_after=2021-01-01 00:00:00+00:00
[2025-08-17T21:47:04.150+0000] {processor.py:208} INFO - Processing /home/airflow/.local/lib/python3.12/site-packages/airflow/example_dags/example_xcom.py took 0.074 seconds
[2025-08-17T21:47:34.321+0000] {processor.py:186} INFO - Started process (PID=954) to work on /home/airflow/.local/lib/python3.12/site-packages/airflow/example_dags/example_xcom.py
[2025-08-17T21:47:34.322+0000] {processor.py:914} INFO - Processing file /home/airflow/.local/lib/python3.12/site-packages/airflow/example_dags/example_xcom.py for tasks to queue
[2025-08-17T21:47:34.324+0000] {logging_mixin.py:190} INFO - [2025-08-17T21:47:34.324+0000] {dagbag.py:588} INFO - Filling up the DagBag from /home/airflow/.local/lib/python3.12/site-packages/airflow/example_dags/example_xcom.py
[2025-08-17T21:47:34.333+0000] {processor.py:925} INFO - DAG(s) 'example_xcom' retrieved from /home/airflow/.local/lib/python3.12/site-packages/airflow/example_dags/example_xcom.py
[2025-08-17T21:47:34.351+0000] {logging_mixin.py:190} INFO - [2025-08-17T21:47:34.351+0000] {dag.py:3239} INFO - Sync 1 DAGs
[2025-08-17T21:47:34.370+0000] {logging_mixin.py:190} INFO - [2025-08-17T21:47:34.369+0000] {dag.py:4180} INFO - Setting next_dagrun for example_xcom to 2021-01-01 00:00:00+00:00, run_after=2021-01-01 00:00:00+00:00
[2025-08-17T21:47:34.383+0000] {processor.py:208} INFO - Processing /home/airflow/.local/lib/python3.12/site-packages/airflow/example_dags/example_xcom.py took 0.067 seconds
[2025-08-17T21:48:04.586+0000] {processor.py:186} INFO - Started process (PID=1017) to work on /home/airflow/.local/lib/python3.12/site-packages/airflow/example_dags/example_xcom.py
[2025-08-17T21:48:04.587+0000] {processor.py:914} INFO - Processing file /home/airflow/.local/lib/python3.12/site-packages/airflow/example_dags/example_xcom.py for tasks to queue
[2025-08-17T21:48:04.589+0000] {logging_mixin.py:190} INFO - [2025-08-17T21:48:04.589+0000] {dagbag.py:588} INFO - Filling up the DagBag from /home/airflow/.local/lib/python3.12/site-packages/airflow/example_dags/example_xcom.py
[2025-08-17T21:48:04.599+0000] {processor.py:925} INFO - DAG(s) 'example_xcom' retrieved from /home/airflow/.local/lib/python3.12/site-packages/airflow/example_dags/example_xcom.py
[2025-08-17T21:48:04.619+0000] {logging_mixin.py:190} INFO - [2025-08-17T21:48:04.618+0000] {dag.py:3239} INFO - Sync 1 DAGs
[2025-08-17T21:48:04.637+0000] {logging_mixin.py:190} INFO - [2025-08-17T21:48:04.637+0000] {dag.py:4180} INFO - Setting next_dagrun for example_xcom to 2021-01-01 00:00:00+00:00, run_after=2021-01-01 00:00:00+00:00
[2025-08-17T21:48:04.655+0000] {processor.py:208} INFO - Processing /home/airflow/.local/lib/python3.12/site-packages/airflow/example_dags/example_xcom.py took 0.075 seconds
