[2025-08-17T21:40:27.931+0000] {processor.py:186} INFO - Started process (PID=74) to work on /home/airflow/.local/lib/python3.12/site-packages/airflow/example_dags/example_bash_operator.py
[2025-08-17T21:40:27.932+0000] {processor.py:914} INFO - Processing file /home/airflow/.local/lib/python3.12/site-packages/airflow/example_dags/example_bash_operator.py for tasks to queue
[2025-08-17T21:40:27.934+0000] {logging_mixin.py:190} INFO - [2025-08-17T21:40:27.934+0000] {dagbag.py:588} INFO - Filling up the DagBag from /home/airflow/.local/lib/python3.12/site-packages/airflow/example_dags/example_bash_operator.py
[2025-08-17T21:40:27.948+0000] {processor.py:925} INFO - DAG(s) 'example_bash_operator' retrieved from /home/airflow/.local/lib/python3.12/site-packages/airflow/example_dags/example_bash_operator.py
[2025-08-17T21:40:28.075+0000] {logging_mixin.py:190} INFO - [2025-08-17T21:40:28.074+0000] {override.py:1930} INFO - Created Permission View: can read on DAG:example_bash_operator
[2025-08-17T21:40:28.084+0000] {logging_mixin.py:190} INFO - [2025-08-17T21:40:28.083+0000] {override.py:1930} INFO - Created Permission View: can edit on DAG:example_bash_operator
[2025-08-17T21:40:28.089+0000] {logging_mixin.py:190} INFO - [2025-08-17T21:40:28.089+0000] {override.py:1930} INFO - Created Permission View: can delete on DAG:example_bash_operator
[2025-08-17T21:40:28.096+0000] {logging_mixin.py:190} INFO - [2025-08-17T21:40:28.095+0000] {override.py:1930} INFO - Created Permission View: can read on DAG Run:example_bash_operator
[2025-08-17T21:40:28.101+0000] {logging_mixin.py:190} INFO - [2025-08-17T21:40:28.100+0000] {override.py:1930} INFO - Created Permission View: can create on DAG Run:example_bash_operator
[2025-08-17T21:40:28.106+0000] {logging_mixin.py:190} INFO - [2025-08-17T21:40:28.106+0000] {override.py:1930} INFO - Created Permission View: can delete on DAG Run:example_bash_operator
[2025-08-17T21:40:28.111+0000] {logging_mixin.py:190} INFO - [2025-08-17T21:40:28.111+0000] {override.py:1930} INFO - Created Permission View: menu access on DAG Run:example_bash_operator
[2025-08-17T21:40:28.112+0000] {logging_mixin.py:190} INFO - [2025-08-17T21:40:28.112+0000] {dag.py:3239} INFO - Sync 1 DAGs
[2025-08-17T21:40:28.123+0000] {logging_mixin.py:190} INFO - [2025-08-17T21:40:28.122+0000] {dag.py:3262} INFO - Creating ORM DAG for example_bash_operator
[2025-08-17T21:40:28.132+0000] {logging_mixin.py:190} INFO - [2025-08-17T21:40:28.131+0000] {dag.py:4180} INFO - Setting next_dagrun for example_bash_operator to 2025-08-16 00:00:00+00:00, run_after=2025-08-17 00:00:00+00:00
[2025-08-17T21:40:28.145+0000] {processor.py:208} INFO - Processing /home/airflow/.local/lib/python3.12/site-packages/airflow/example_dags/example_bash_operator.py took 0.220 seconds
[2025-08-17T21:40:58.936+0000] {processor.py:186} INFO - Started process (PID=137) to work on /home/airflow/.local/lib/python3.12/site-packages/airflow/example_dags/example_bash_operator.py
[2025-08-17T21:40:58.937+0000] {processor.py:914} INFO - Processing file /home/airflow/.local/lib/python3.12/site-packages/airflow/example_dags/example_bash_operator.py for tasks to queue
[2025-08-17T21:40:58.940+0000] {logging_mixin.py:190} INFO - [2025-08-17T21:40:58.940+0000] {dagbag.py:588} INFO - Filling up the DagBag from /home/airflow/.local/lib/python3.12/site-packages/airflow/example_dags/example_bash_operator.py
[2025-08-17T21:40:58.951+0000] {processor.py:925} INFO - DAG(s) 'example_bash_operator' retrieved from /home/airflow/.local/lib/python3.12/site-packages/airflow/example_dags/example_bash_operator.py
[2025-08-17T21:40:58.974+0000] {logging_mixin.py:190} INFO - [2025-08-17T21:40:58.974+0000] {dag.py:3239} INFO - Sync 1 DAGs
[2025-08-17T21:40:58.993+0000] {logging_mixin.py:190} INFO - [2025-08-17T21:40:58.993+0000] {dag.py:4180} INFO - Setting next_dagrun for example_bash_operator to 2025-08-16 00:00:00+00:00, run_after=2025-08-17 00:00:00+00:00
[2025-08-17T21:40:59.007+0000] {processor.py:208} INFO - Processing /home/airflow/.local/lib/python3.12/site-packages/airflow/example_dags/example_bash_operator.py took 0.076 seconds
[2025-08-17T21:41:29.279+0000] {processor.py:186} INFO - Started process (PID=199) to work on /home/airflow/.local/lib/python3.12/site-packages/airflow/example_dags/example_bash_operator.py
[2025-08-17T21:41:29.279+0000] {processor.py:914} INFO - Processing file /home/airflow/.local/lib/python3.12/site-packages/airflow/example_dags/example_bash_operator.py for tasks to queue
[2025-08-17T21:41:29.281+0000] {logging_mixin.py:190} INFO - [2025-08-17T21:41:29.281+0000] {dagbag.py:588} INFO - Filling up the DagBag from /home/airflow/.local/lib/python3.12/site-packages/airflow/example_dags/example_bash_operator.py
[2025-08-17T21:41:29.293+0000] {processor.py:925} INFO - DAG(s) 'example_bash_operator' retrieved from /home/airflow/.local/lib/python3.12/site-packages/airflow/example_dags/example_bash_operator.py
[2025-08-17T21:41:29.315+0000] {logging_mixin.py:190} INFO - [2025-08-17T21:41:29.315+0000] {dag.py:3239} INFO - Sync 1 DAGs
[2025-08-17T21:41:29.334+0000] {logging_mixin.py:190} INFO - [2025-08-17T21:41:29.333+0000] {dag.py:4180} INFO - Setting next_dagrun for example_bash_operator to 2025-08-16 00:00:00+00:00, run_after=2025-08-17 00:00:00+00:00
[2025-08-17T21:41:29.361+0000] {processor.py:208} INFO - Processing /home/airflow/.local/lib/python3.12/site-packages/airflow/example_dags/example_bash_operator.py took 0.088 seconds
[2025-08-17T21:41:59.906+0000] {processor.py:186} INFO - Started process (PID=262) to work on /home/airflow/.local/lib/python3.12/site-packages/airflow/example_dags/example_bash_operator.py
[2025-08-17T21:41:59.907+0000] {processor.py:914} INFO - Processing file /home/airflow/.local/lib/python3.12/site-packages/airflow/example_dags/example_bash_operator.py for tasks to queue
[2025-08-17T21:41:59.909+0000] {logging_mixin.py:190} INFO - [2025-08-17T21:41:59.909+0000] {dagbag.py:588} INFO - Filling up the DagBag from /home/airflow/.local/lib/python3.12/site-packages/airflow/example_dags/example_bash_operator.py
[2025-08-17T21:41:59.920+0000] {processor.py:925} INFO - DAG(s) 'example_bash_operator' retrieved from /home/airflow/.local/lib/python3.12/site-packages/airflow/example_dags/example_bash_operator.py
[2025-08-17T21:41:59.942+0000] {logging_mixin.py:190} INFO - [2025-08-17T21:41:59.942+0000] {dag.py:3239} INFO - Sync 1 DAGs
[2025-08-17T21:41:59.963+0000] {logging_mixin.py:190} INFO - [2025-08-17T21:41:59.962+0000] {dag.py:4180} INFO - Setting next_dagrun for example_bash_operator to 2025-08-16 00:00:00+00:00, run_after=2025-08-17 00:00:00+00:00
[2025-08-17T21:41:59.977+0000] {processor.py:208} INFO - Processing /home/airflow/.local/lib/python3.12/site-packages/airflow/example_dags/example_bash_operator.py took 0.076 seconds
[2025-08-17T21:42:30.856+0000] {processor.py:186} INFO - Started process (PID=325) to work on /home/airflow/.local/lib/python3.12/site-packages/airflow/example_dags/example_bash_operator.py
[2025-08-17T21:42:30.857+0000] {processor.py:914} INFO - Processing file /home/airflow/.local/lib/python3.12/site-packages/airflow/example_dags/example_bash_operator.py for tasks to queue
[2025-08-17T21:42:30.859+0000] {logging_mixin.py:190} INFO - [2025-08-17T21:42:30.859+0000] {dagbag.py:588} INFO - Filling up the DagBag from /home/airflow/.local/lib/python3.12/site-packages/airflow/example_dags/example_bash_operator.py
[2025-08-17T21:42:30.872+0000] {processor.py:925} INFO - DAG(s) 'example_bash_operator' retrieved from /home/airflow/.local/lib/python3.12/site-packages/airflow/example_dags/example_bash_operator.py
[2025-08-17T21:42:30.897+0000] {logging_mixin.py:190} INFO - [2025-08-17T21:42:30.897+0000] {dag.py:3239} INFO - Sync 1 DAGs
[2025-08-17T21:42:30.921+0000] {logging_mixin.py:190} INFO - [2025-08-17T21:42:30.921+0000] {dag.py:4180} INFO - Setting next_dagrun for example_bash_operator to 2025-08-16 00:00:00+00:00, run_after=2025-08-17 00:00:00+00:00
[2025-08-17T21:42:30.956+0000] {processor.py:208} INFO - Processing /home/airflow/.local/lib/python3.12/site-packages/airflow/example_dags/example_bash_operator.py took 0.105 seconds
[2025-08-17T21:43:01.256+0000] {processor.py:186} INFO - Started process (PID=388) to work on /home/airflow/.local/lib/python3.12/site-packages/airflow/example_dags/example_bash_operator.py
[2025-08-17T21:43:01.257+0000] {processor.py:914} INFO - Processing file /home/airflow/.local/lib/python3.12/site-packages/airflow/example_dags/example_bash_operator.py for tasks to queue
[2025-08-17T21:43:01.259+0000] {logging_mixin.py:190} INFO - [2025-08-17T21:43:01.259+0000] {dagbag.py:588} INFO - Filling up the DagBag from /home/airflow/.local/lib/python3.12/site-packages/airflow/example_dags/example_bash_operator.py
[2025-08-17T21:43:01.272+0000] {processor.py:925} INFO - DAG(s) 'example_bash_operator' retrieved from /home/airflow/.local/lib/python3.12/site-packages/airflow/example_dags/example_bash_operator.py
[2025-08-17T21:43:01.295+0000] {logging_mixin.py:190} INFO - [2025-08-17T21:43:01.295+0000] {dag.py:3239} INFO - Sync 1 DAGs
[2025-08-17T21:43:01.315+0000] {logging_mixin.py:190} INFO - [2025-08-17T21:43:01.314+0000] {dag.py:4180} INFO - Setting next_dagrun for example_bash_operator to 2025-08-16 00:00:00+00:00, run_after=2025-08-17 00:00:00+00:00
[2025-08-17T21:43:01.333+0000] {processor.py:208} INFO - Processing /home/airflow/.local/lib/python3.12/site-packages/airflow/example_dags/example_bash_operator.py took 0.083 seconds
[2025-08-17T21:43:31.402+0000] {processor.py:186} INFO - Started process (PID=451) to work on /home/airflow/.local/lib/python3.12/site-packages/airflow/example_dags/example_bash_operator.py
[2025-08-17T21:43:31.403+0000] {processor.py:914} INFO - Processing file /home/airflow/.local/lib/python3.12/site-packages/airflow/example_dags/example_bash_operator.py for tasks to queue
[2025-08-17T21:43:31.405+0000] {logging_mixin.py:190} INFO - [2025-08-17T21:43:31.404+0000] {dagbag.py:588} INFO - Filling up the DagBag from /home/airflow/.local/lib/python3.12/site-packages/airflow/example_dags/example_bash_operator.py
[2025-08-17T21:43:31.416+0000] {processor.py:925} INFO - DAG(s) 'example_bash_operator' retrieved from /home/airflow/.local/lib/python3.12/site-packages/airflow/example_dags/example_bash_operator.py
[2025-08-17T21:43:31.438+0000] {logging_mixin.py:190} INFO - [2025-08-17T21:43:31.438+0000] {dag.py:3239} INFO - Sync 1 DAGs
[2025-08-17T21:43:31.459+0000] {logging_mixin.py:190} INFO - [2025-08-17T21:43:31.459+0000] {dag.py:4180} INFO - Setting next_dagrun for example_bash_operator to 2025-08-16 00:00:00+00:00, run_after=2025-08-17 00:00:00+00:00
[2025-08-17T21:43:31.475+0000] {processor.py:208} INFO - Processing /home/airflow/.local/lib/python3.12/site-packages/airflow/example_dags/example_bash_operator.py took 0.078 seconds
[2025-08-17T21:44:01.702+0000] {processor.py:186} INFO - Started process (PID=514) to work on /home/airflow/.local/lib/python3.12/site-packages/airflow/example_dags/example_bash_operator.py
[2025-08-17T21:44:01.703+0000] {processor.py:914} INFO - Processing file /home/airflow/.local/lib/python3.12/site-packages/airflow/example_dags/example_bash_operator.py for tasks to queue
[2025-08-17T21:44:01.705+0000] {logging_mixin.py:190} INFO - [2025-08-17T21:44:01.705+0000] {dagbag.py:588} INFO - Filling up the DagBag from /home/airflow/.local/lib/python3.12/site-packages/airflow/example_dags/example_bash_operator.py
[2025-08-17T21:44:01.716+0000] {processor.py:925} INFO - DAG(s) 'example_bash_operator' retrieved from /home/airflow/.local/lib/python3.12/site-packages/airflow/example_dags/example_bash_operator.py
[2025-08-17T21:44:01.743+0000] {logging_mixin.py:190} INFO - [2025-08-17T21:44:01.743+0000] {dag.py:3239} INFO - Sync 1 DAGs
[2025-08-17T21:44:01.765+0000] {logging_mixin.py:190} INFO - [2025-08-17T21:44:01.764+0000] {dag.py:4180} INFO - Setting next_dagrun for example_bash_operator to 2025-08-16 00:00:00+00:00, run_after=2025-08-17 00:00:00+00:00
[2025-08-17T21:44:01.780+0000] {processor.py:208} INFO - Processing /home/airflow/.local/lib/python3.12/site-packages/airflow/example_dags/example_bash_operator.py took 0.082 seconds
[2025-08-17T21:44:32.391+0000] {processor.py:186} INFO - Started process (PID=577) to work on /home/airflow/.local/lib/python3.12/site-packages/airflow/example_dags/example_bash_operator.py
[2025-08-17T21:44:32.391+0000] {processor.py:914} INFO - Processing file /home/airflow/.local/lib/python3.12/site-packages/airflow/example_dags/example_bash_operator.py for tasks to queue
[2025-08-17T21:44:32.393+0000] {logging_mixin.py:190} INFO - [2025-08-17T21:44:32.393+0000] {dagbag.py:588} INFO - Filling up the DagBag from /home/airflow/.local/lib/python3.12/site-packages/airflow/example_dags/example_bash_operator.py
[2025-08-17T21:44:32.408+0000] {processor.py:925} INFO - DAG(s) 'example_bash_operator' retrieved from /home/airflow/.local/lib/python3.12/site-packages/airflow/example_dags/example_bash_operator.py
[2025-08-17T21:44:32.434+0000] {logging_mixin.py:190} INFO - [2025-08-17T21:44:32.434+0000] {dag.py:3239} INFO - Sync 1 DAGs
[2025-08-17T21:44:32.455+0000] {logging_mixin.py:190} INFO - [2025-08-17T21:44:32.455+0000] {dag.py:4180} INFO - Setting next_dagrun for example_bash_operator to 2025-08-16 00:00:00+00:00, run_after=2025-08-17 00:00:00+00:00
[2025-08-17T21:44:32.470+0000] {processor.py:208} INFO - Processing /home/airflow/.local/lib/python3.12/site-packages/airflow/example_dags/example_bash_operator.py took 0.085 seconds
[2025-08-17T21:45:02.616+0000] {processor.py:186} INFO - Started process (PID=640) to work on /home/airflow/.local/lib/python3.12/site-packages/airflow/example_dags/example_bash_operator.py
[2025-08-17T21:45:02.617+0000] {processor.py:914} INFO - Processing file /home/airflow/.local/lib/python3.12/site-packages/airflow/example_dags/example_bash_operator.py for tasks to queue
[2025-08-17T21:45:02.619+0000] {logging_mixin.py:190} INFO - [2025-08-17T21:45:02.619+0000] {dagbag.py:588} INFO - Filling up the DagBag from /home/airflow/.local/lib/python3.12/site-packages/airflow/example_dags/example_bash_operator.py
[2025-08-17T21:45:02.631+0000] {processor.py:925} INFO - DAG(s) 'example_bash_operator' retrieved from /home/airflow/.local/lib/python3.12/site-packages/airflow/example_dags/example_bash_operator.py
[2025-08-17T21:45:02.653+0000] {logging_mixin.py:190} INFO - [2025-08-17T21:45:02.653+0000] {dag.py:3239} INFO - Sync 1 DAGs
[2025-08-17T21:45:02.672+0000] {logging_mixin.py:190} INFO - [2025-08-17T21:45:02.672+0000] {dag.py:4180} INFO - Setting next_dagrun for example_bash_operator to 2025-08-16 00:00:00+00:00, run_after=2025-08-17 00:00:00+00:00
[2025-08-17T21:45:02.687+0000] {processor.py:208} INFO - Processing /home/airflow/.local/lib/python3.12/site-packages/airflow/example_dags/example_bash_operator.py took 0.076 seconds
[2025-08-17T21:45:32.915+0000] {processor.py:186} INFO - Started process (PID=703) to work on /home/airflow/.local/lib/python3.12/site-packages/airflow/example_dags/example_bash_operator.py
[2025-08-17T21:45:32.916+0000] {processor.py:914} INFO - Processing file /home/airflow/.local/lib/python3.12/site-packages/airflow/example_dags/example_bash_operator.py for tasks to queue
[2025-08-17T21:45:32.917+0000] {logging_mixin.py:190} INFO - [2025-08-17T21:45:32.917+0000] {dagbag.py:588} INFO - Filling up the DagBag from /home/airflow/.local/lib/python3.12/site-packages/airflow/example_dags/example_bash_operator.py
[2025-08-17T21:45:32.931+0000] {processor.py:925} INFO - DAG(s) 'example_bash_operator' retrieved from /home/airflow/.local/lib/python3.12/site-packages/airflow/example_dags/example_bash_operator.py
[2025-08-17T21:45:32.953+0000] {logging_mixin.py:190} INFO - [2025-08-17T21:45:32.952+0000] {dag.py:3239} INFO - Sync 1 DAGs
[2025-08-17T21:45:32.972+0000] {logging_mixin.py:190} INFO - [2025-08-17T21:45:32.972+0000] {dag.py:4180} INFO - Setting next_dagrun for example_bash_operator to 2025-08-16 00:00:00+00:00, run_after=2025-08-17 00:00:00+00:00
[2025-08-17T21:45:32.987+0000] {processor.py:208} INFO - Processing /home/airflow/.local/lib/python3.12/site-packages/airflow/example_dags/example_bash_operator.py took 0.077 seconds
[2025-08-17T21:46:03.340+0000] {processor.py:186} INFO - Started process (PID=766) to work on /home/airflow/.local/lib/python3.12/site-packages/airflow/example_dags/example_bash_operator.py
[2025-08-17T21:46:03.341+0000] {processor.py:914} INFO - Processing file /home/airflow/.local/lib/python3.12/site-packages/airflow/example_dags/example_bash_operator.py for tasks to queue
[2025-08-17T21:46:03.344+0000] {logging_mixin.py:190} INFO - [2025-08-17T21:46:03.343+0000] {dagbag.py:588} INFO - Filling up the DagBag from /home/airflow/.local/lib/python3.12/site-packages/airflow/example_dags/example_bash_operator.py
[2025-08-17T21:46:03.358+0000] {processor.py:925} INFO - DAG(s) 'example_bash_operator' retrieved from /home/airflow/.local/lib/python3.12/site-packages/airflow/example_dags/example_bash_operator.py
[2025-08-17T21:46:03.382+0000] {logging_mixin.py:190} INFO - [2025-08-17T21:46:03.382+0000] {dag.py:3239} INFO - Sync 1 DAGs
[2025-08-17T21:46:03.402+0000] {logging_mixin.py:190} INFO - [2025-08-17T21:46:03.401+0000] {dag.py:4180} INFO - Setting next_dagrun for example_bash_operator to 2025-08-16 00:00:00+00:00, run_after=2025-08-17 00:00:00+00:00
[2025-08-17T21:46:03.421+0000] {processor.py:208} INFO - Processing /home/airflow/.local/lib/python3.12/site-packages/airflow/example_dags/example_bash_operator.py took 0.087 seconds
[2025-08-17T21:46:33.888+0000] {processor.py:186} INFO - Started process (PID=829) to work on /home/airflow/.local/lib/python3.12/site-packages/airflow/example_dags/example_bash_operator.py
[2025-08-17T21:46:33.890+0000] {processor.py:914} INFO - Processing file /home/airflow/.local/lib/python3.12/site-packages/airflow/example_dags/example_bash_operator.py for tasks to queue
[2025-08-17T21:46:33.892+0000] {logging_mixin.py:190} INFO - [2025-08-17T21:46:33.892+0000] {dagbag.py:588} INFO - Filling up the DagBag from /home/airflow/.local/lib/python3.12/site-packages/airflow/example_dags/example_bash_operator.py
[2025-08-17T21:46:33.905+0000] {processor.py:925} INFO - DAG(s) 'example_bash_operator' retrieved from /home/airflow/.local/lib/python3.12/site-packages/airflow/example_dags/example_bash_operator.py
[2025-08-17T21:46:33.927+0000] {logging_mixin.py:190} INFO - [2025-08-17T21:46:33.927+0000] {dag.py:3239} INFO - Sync 1 DAGs
[2025-08-17T21:46:33.946+0000] {logging_mixin.py:190} INFO - [2025-08-17T21:46:33.945+0000] {dag.py:4180} INFO - Setting next_dagrun for example_bash_operator to 2025-08-16 00:00:00+00:00, run_after=2025-08-17 00:00:00+00:00
[2025-08-17T21:46:33.965+0000] {processor.py:208} INFO - Processing /home/airflow/.local/lib/python3.12/site-packages/airflow/example_dags/example_bash_operator.py took 0.082 seconds
[2025-08-17T21:47:04.192+0000] {processor.py:186} INFO - Started process (PID=892) to work on /home/airflow/.local/lib/python3.12/site-packages/airflow/example_dags/example_bash_operator.py
[2025-08-17T21:47:04.193+0000] {processor.py:914} INFO - Processing file /home/airflow/.local/lib/python3.12/site-packages/airflow/example_dags/example_bash_operator.py for tasks to queue
[2025-08-17T21:47:04.195+0000] {logging_mixin.py:190} INFO - [2025-08-17T21:47:04.195+0000] {dagbag.py:588} INFO - Filling up the DagBag from /home/airflow/.local/lib/python3.12/site-packages/airflow/example_dags/example_bash_operator.py
[2025-08-17T21:47:04.208+0000] {processor.py:925} INFO - DAG(s) 'example_bash_operator' retrieved from /home/airflow/.local/lib/python3.12/site-packages/airflow/example_dags/example_bash_operator.py
[2025-08-17T21:47:04.231+0000] {logging_mixin.py:190} INFO - [2025-08-17T21:47:04.231+0000] {dag.py:3239} INFO - Sync 1 DAGs
[2025-08-17T21:47:04.252+0000] {logging_mixin.py:190} INFO - [2025-08-17T21:47:04.251+0000] {dag.py:4180} INFO - Setting next_dagrun for example_bash_operator to 2025-08-16 00:00:00+00:00, run_after=2025-08-17 00:00:00+00:00
[2025-08-17T21:47:04.266+0000] {processor.py:208} INFO - Processing /home/airflow/.local/lib/python3.12/site-packages/airflow/example_dags/example_bash_operator.py took 0.079 seconds
[2025-08-17T21:47:34.418+0000] {processor.py:186} INFO - Started process (PID=955) to work on /home/airflow/.local/lib/python3.12/site-packages/airflow/example_dags/example_bash_operator.py
[2025-08-17T21:47:34.419+0000] {processor.py:914} INFO - Processing file /home/airflow/.local/lib/python3.12/site-packages/airflow/example_dags/example_bash_operator.py for tasks to queue
[2025-08-17T21:47:34.422+0000] {logging_mixin.py:190} INFO - [2025-08-17T21:47:34.421+0000] {dagbag.py:588} INFO - Filling up the DagBag from /home/airflow/.local/lib/python3.12/site-packages/airflow/example_dags/example_bash_operator.py
[2025-08-17T21:47:34.435+0000] {processor.py:925} INFO - DAG(s) 'example_bash_operator' retrieved from /home/airflow/.local/lib/python3.12/site-packages/airflow/example_dags/example_bash_operator.py
[2025-08-17T21:47:34.459+0000] {logging_mixin.py:190} INFO - [2025-08-17T21:47:34.458+0000] {dag.py:3239} INFO - Sync 1 DAGs
[2025-08-17T21:47:34.478+0000] {logging_mixin.py:190} INFO - [2025-08-17T21:47:34.478+0000] {dag.py:4180} INFO - Setting next_dagrun for example_bash_operator to 2025-08-16 00:00:00+00:00, run_after=2025-08-17 00:00:00+00:00
[2025-08-17T21:47:34.492+0000] {processor.py:208} INFO - Processing /home/airflow/.local/lib/python3.12/site-packages/airflow/example_dags/example_bash_operator.py took 0.080 seconds
[2025-08-17T21:48:04.695+0000] {processor.py:186} INFO - Started process (PID=1018) to work on /home/airflow/.local/lib/python3.12/site-packages/airflow/example_dags/example_bash_operator.py
[2025-08-17T21:48:04.696+0000] {processor.py:914} INFO - Processing file /home/airflow/.local/lib/python3.12/site-packages/airflow/example_dags/example_bash_operator.py for tasks to queue
[2025-08-17T21:48:04.698+0000] {logging_mixin.py:190} INFO - [2025-08-17T21:48:04.698+0000] {dagbag.py:588} INFO - Filling up the DagBag from /home/airflow/.local/lib/python3.12/site-packages/airflow/example_dags/example_bash_operator.py
[2025-08-17T21:48:04.713+0000] {processor.py:925} INFO - DAG(s) 'example_bash_operator' retrieved from /home/airflow/.local/lib/python3.12/site-packages/airflow/example_dags/example_bash_operator.py
[2025-08-17T21:48:04.746+0000] {logging_mixin.py:190} INFO - [2025-08-17T21:48:04.745+0000] {dag.py:3239} INFO - Sync 1 DAGs
[2025-08-17T21:48:04.770+0000] {logging_mixin.py:190} INFO - [2025-08-17T21:48:04.770+0000] {dag.py:4180} INFO - Setting next_dagrun for example_bash_operator to 2025-08-16 00:00:00+00:00, run_after=2025-08-17 00:00:00+00:00
[2025-08-17T21:48:04.785+0000] {processor.py:208} INFO - Processing /home/airflow/.local/lib/python3.12/site-packages/airflow/example_dags/example_bash_operator.py took 0.096 seconds
