[2025-08-17T21:40:25.727+0000] {processor.py:186} INFO - Started process (PID=59) to work on /home/airflow/.local/lib/python3.12/site-packages/airflow/example_dags/tutorial_taskflow_templates.py
[2025-08-17T21:40:25.728+0000] {processor.py:914} INFO - Processing file /home/airflow/.local/lib/python3.12/site-packages/airflow/example_dags/tutorial_taskflow_templates.py for tasks to queue
[2025-08-17T21:40:25.731+0000] {logging_mixin.py:190} INFO - [2025-08-17T21:40:25.731+0000] {dagbag.py:588} INFO - Filling up the DagBag from /home/airflow/.local/lib/python3.12/site-packages/airflow/example_dags/tutorial_taskflow_templates.py
[2025-08-17T21:40:25.745+0000] {processor.py:925} INFO - DAG(s) 'tutorial_taskflow_templates' retrieved from /home/airflow/.local/lib/python3.12/site-packages/airflow/example_dags/tutorial_taskflow_templates.py
[2025-08-17T21:40:25.865+0000] {logging_mixin.py:190} INFO - [2025-08-17T21:40:25.864+0000] {override.py:1930} INFO - Created Permission View: can read on DAG:tutorial_taskflow_templates
[2025-08-17T21:40:25.874+0000] {logging_mixin.py:190} INFO - [2025-08-17T21:40:25.873+0000] {override.py:1930} INFO - Created Permission View: can edit on DAG:tutorial_taskflow_templates
[2025-08-17T21:40:25.882+0000] {logging_mixin.py:190} INFO - [2025-08-17T21:40:25.882+0000] {override.py:1930} INFO - Created Permission View: can delete on DAG:tutorial_taskflow_templates
[2025-08-17T21:40:25.889+0000] {logging_mixin.py:190} INFO - [2025-08-17T21:40:25.888+0000] {override.py:1930} INFO - Created Permission View: can read on DAG Run:tutorial_taskflow_templates
[2025-08-17T21:40:25.896+0000] {logging_mixin.py:190} INFO - [2025-08-17T21:40:25.895+0000] {override.py:1930} INFO - Created Permission View: can create on DAG Run:tutorial_taskflow_templates
[2025-08-17T21:40:25.901+0000] {logging_mixin.py:190} INFO - [2025-08-17T21:40:25.901+0000] {override.py:1930} INFO - Created Permission View: can delete on DAG Run:tutorial_taskflow_templates
[2025-08-17T21:40:25.906+0000] {logging_mixin.py:190} INFO - [2025-08-17T21:40:25.906+0000] {override.py:1930} INFO - Created Permission View: menu access on DAG Run:tutorial_taskflow_templates
[2025-08-17T21:40:25.907+0000] {logging_mixin.py:190} INFO - [2025-08-17T21:40:25.906+0000] {dag.py:3239} INFO - Sync 1 DAGs
[2025-08-17T21:40:25.919+0000] {logging_mixin.py:190} INFO - [2025-08-17T21:40:25.918+0000] {dag.py:3262} INFO - Creating ORM DAG for tutorial_taskflow_templates
[2025-08-17T21:40:25.930+0000] {logging_mixin.py:190} INFO - [2025-08-17T21:40:25.930+0000] {dag.py:4180} INFO - Setting next_dagrun for tutorial_taskflow_templates to 2025-08-16 00:00:00+00:00, run_after=2025-08-17 00:00:00+00:00
[2025-08-17T21:40:25.968+0000] {processor.py:208} INFO - Processing /home/airflow/.local/lib/python3.12/site-packages/airflow/example_dags/tutorial_taskflow_templates.py took 0.248 seconds
[2025-08-17T21:40:56.375+0000] {processor.py:186} INFO - Started process (PID=122) to work on /home/airflow/.local/lib/python3.12/site-packages/airflow/example_dags/tutorial_taskflow_templates.py
[2025-08-17T21:40:56.376+0000] {processor.py:914} INFO - Processing file /home/airflow/.local/lib/python3.12/site-packages/airflow/example_dags/tutorial_taskflow_templates.py for tasks to queue
[2025-08-17T21:40:56.378+0000] {logging_mixin.py:190} INFO - [2025-08-17T21:40:56.378+0000] {dagbag.py:588} INFO - Filling up the DagBag from /home/airflow/.local/lib/python3.12/site-packages/airflow/example_dags/tutorial_taskflow_templates.py
[2025-08-17T21:40:56.392+0000] {processor.py:925} INFO - DAG(s) 'tutorial_taskflow_templates' retrieved from /home/airflow/.local/lib/python3.12/site-packages/airflow/example_dags/tutorial_taskflow_templates.py
[2025-08-17T21:40:56.412+0000] {logging_mixin.py:190} INFO - [2025-08-17T21:40:56.411+0000] {dag.py:3239} INFO - Sync 1 DAGs
[2025-08-17T21:40:56.432+0000] {logging_mixin.py:190} INFO - [2025-08-17T21:40:56.432+0000] {dag.py:4180} INFO - Setting next_dagrun for tutorial_taskflow_templates to 2025-08-16 00:00:00+00:00, run_after=2025-08-17 00:00:00+00:00
[2025-08-17T21:40:56.447+0000] {processor.py:208} INFO - Processing /home/airflow/.local/lib/python3.12/site-packages/airflow/example_dags/tutorial_taskflow_templates.py took 0.079 seconds
[2025-08-17T21:41:26.782+0000] {processor.py:186} INFO - Started process (PID=185) to work on /home/airflow/.local/lib/python3.12/site-packages/airflow/example_dags/tutorial_taskflow_templates.py
[2025-08-17T21:41:26.783+0000] {processor.py:914} INFO - Processing file /home/airflow/.local/lib/python3.12/site-packages/airflow/example_dags/tutorial_taskflow_templates.py for tasks to queue
[2025-08-17T21:41:26.785+0000] {logging_mixin.py:190} INFO - [2025-08-17T21:41:26.785+0000] {dagbag.py:588} INFO - Filling up the DagBag from /home/airflow/.local/lib/python3.12/site-packages/airflow/example_dags/tutorial_taskflow_templates.py
[2025-08-17T21:41:26.797+0000] {processor.py:925} INFO - DAG(s) 'tutorial_taskflow_templates' retrieved from /home/airflow/.local/lib/python3.12/site-packages/airflow/example_dags/tutorial_taskflow_templates.py
[2025-08-17T21:41:26.816+0000] {logging_mixin.py:190} INFO - [2025-08-17T21:41:26.815+0000] {dag.py:3239} INFO - Sync 1 DAGs
[2025-08-17T21:41:26.835+0000] {logging_mixin.py:190} INFO - [2025-08-17T21:41:26.835+0000] {dag.py:4180} INFO - Setting next_dagrun for tutorial_taskflow_templates to 2025-08-16 00:00:00+00:00, run_after=2025-08-17 00:00:00+00:00
[2025-08-17T21:41:26.852+0000] {processor.py:208} INFO - Processing /home/airflow/.local/lib/python3.12/site-packages/airflow/example_dags/tutorial_taskflow_templates.py took 0.075 seconds
[2025-08-17T21:41:57.405+0000] {processor.py:186} INFO - Started process (PID=248) to work on /home/airflow/.local/lib/python3.12/site-packages/airflow/example_dags/tutorial_taskflow_templates.py
[2025-08-17T21:41:57.406+0000] {processor.py:914} INFO - Processing file /home/airflow/.local/lib/python3.12/site-packages/airflow/example_dags/tutorial_taskflow_templates.py for tasks to queue
[2025-08-17T21:41:57.408+0000] {logging_mixin.py:190} INFO - [2025-08-17T21:41:57.408+0000] {dagbag.py:588} INFO - Filling up the DagBag from /home/airflow/.local/lib/python3.12/site-packages/airflow/example_dags/tutorial_taskflow_templates.py
[2025-08-17T21:41:57.422+0000] {processor.py:925} INFO - DAG(s) 'tutorial_taskflow_templates' retrieved from /home/airflow/.local/lib/python3.12/site-packages/airflow/example_dags/tutorial_taskflow_templates.py
[2025-08-17T21:41:57.441+0000] {logging_mixin.py:190} INFO - [2025-08-17T21:41:57.441+0000] {dag.py:3239} INFO - Sync 1 DAGs
[2025-08-17T21:41:57.463+0000] {logging_mixin.py:190} INFO - [2025-08-17T21:41:57.463+0000] {dag.py:4180} INFO - Setting next_dagrun for tutorial_taskflow_templates to 2025-08-16 00:00:00+00:00, run_after=2025-08-17 00:00:00+00:00
[2025-08-17T21:41:57.478+0000] {processor.py:208} INFO - Processing /home/airflow/.local/lib/python3.12/site-packages/airflow/example_dags/tutorial_taskflow_templates.py took 0.080 seconds
[2025-08-17T21:42:28.192+0000] {processor.py:186} INFO - Started process (PID=317) to work on /home/airflow/.local/lib/python3.12/site-packages/airflow/example_dags/tutorial_taskflow_templates.py
[2025-08-17T21:42:28.193+0000] {processor.py:914} INFO - Processing file /home/airflow/.local/lib/python3.12/site-packages/airflow/example_dags/tutorial_taskflow_templates.py for tasks to queue
[2025-08-17T21:42:28.195+0000] {logging_mixin.py:190} INFO - [2025-08-17T21:42:28.195+0000] {dagbag.py:588} INFO - Filling up the DagBag from /home/airflow/.local/lib/python3.12/site-packages/airflow/example_dags/tutorial_taskflow_templates.py
[2025-08-17T21:42:28.217+0000] {processor.py:925} INFO - DAG(s) 'tutorial_taskflow_templates' retrieved from /home/airflow/.local/lib/python3.12/site-packages/airflow/example_dags/tutorial_taskflow_templates.py
[2025-08-17T21:42:28.239+0000] {logging_mixin.py:190} INFO - [2025-08-17T21:42:28.239+0000] {dag.py:3239} INFO - Sync 1 DAGs
[2025-08-17T21:42:28.263+0000] {logging_mixin.py:190} INFO - [2025-08-17T21:42:28.263+0000] {dag.py:4180} INFO - Setting next_dagrun for tutorial_taskflow_templates to 2025-08-16 00:00:00+00:00, run_after=2025-08-17 00:00:00+00:00
[2025-08-17T21:42:28.282+0000] {processor.py:208} INFO - Processing /home/airflow/.local/lib/python3.12/site-packages/airflow/example_dags/tutorial_taskflow_templates.py took 0.096 seconds
[2025-08-17T21:42:58.781+0000] {processor.py:186} INFO - Started process (PID=380) to work on /home/airflow/.local/lib/python3.12/site-packages/airflow/example_dags/tutorial_taskflow_templates.py
[2025-08-17T21:42:58.782+0000] {processor.py:914} INFO - Processing file /home/airflow/.local/lib/python3.12/site-packages/airflow/example_dags/tutorial_taskflow_templates.py for tasks to queue
[2025-08-17T21:42:58.785+0000] {logging_mixin.py:190} INFO - [2025-08-17T21:42:58.784+0000] {dagbag.py:588} INFO - Filling up the DagBag from /home/airflow/.local/lib/python3.12/site-packages/airflow/example_dags/tutorial_taskflow_templates.py
[2025-08-17T21:42:58.797+0000] {processor.py:925} INFO - DAG(s) 'tutorial_taskflow_templates' retrieved from /home/airflow/.local/lib/python3.12/site-packages/airflow/example_dags/tutorial_taskflow_templates.py
[2025-08-17T21:42:58.818+0000] {logging_mixin.py:190} INFO - [2025-08-17T21:42:58.818+0000] {dag.py:3239} INFO - Sync 1 DAGs
[2025-08-17T21:42:58.840+0000] {logging_mixin.py:190} INFO - [2025-08-17T21:42:58.840+0000] {dag.py:4180} INFO - Setting next_dagrun for tutorial_taskflow_templates to 2025-08-16 00:00:00+00:00, run_after=2025-08-17 00:00:00+00:00
[2025-08-17T21:42:58.865+0000] {processor.py:208} INFO - Processing /home/airflow/.local/lib/python3.12/site-packages/airflow/example_dags/tutorial_taskflow_templates.py took 0.089 seconds
[2025-08-17T21:43:28.960+0000] {processor.py:186} INFO - Started process (PID=443) to work on /home/airflow/.local/lib/python3.12/site-packages/airflow/example_dags/tutorial_taskflow_templates.py
[2025-08-17T21:43:28.961+0000] {processor.py:914} INFO - Processing file /home/airflow/.local/lib/python3.12/site-packages/airflow/example_dags/tutorial_taskflow_templates.py for tasks to queue
[2025-08-17T21:43:28.963+0000] {logging_mixin.py:190} INFO - [2025-08-17T21:43:28.963+0000] {dagbag.py:588} INFO - Filling up the DagBag from /home/airflow/.local/lib/python3.12/site-packages/airflow/example_dags/tutorial_taskflow_templates.py
[2025-08-17T21:43:28.975+0000] {processor.py:925} INFO - DAG(s) 'tutorial_taskflow_templates' retrieved from /home/airflow/.local/lib/python3.12/site-packages/airflow/example_dags/tutorial_taskflow_templates.py
[2025-08-17T21:43:28.995+0000] {logging_mixin.py:190} INFO - [2025-08-17T21:43:28.995+0000] {dag.py:3239} INFO - Sync 1 DAGs
[2025-08-17T21:43:29.014+0000] {logging_mixin.py:190} INFO - [2025-08-17T21:43:29.013+0000] {dag.py:4180} INFO - Setting next_dagrun for tutorial_taskflow_templates to 2025-08-16 00:00:00+00:00, run_after=2025-08-17 00:00:00+00:00
[2025-08-17T21:43:29.028+0000] {processor.py:208} INFO - Processing /home/airflow/.local/lib/python3.12/site-packages/airflow/example_dags/tutorial_taskflow_templates.py took 0.073 seconds
[2025-08-17T21:43:59.242+0000] {processor.py:186} INFO - Started process (PID=506) to work on /home/airflow/.local/lib/python3.12/site-packages/airflow/example_dags/tutorial_taskflow_templates.py
[2025-08-17T21:43:59.243+0000] {processor.py:914} INFO - Processing file /home/airflow/.local/lib/python3.12/site-packages/airflow/example_dags/tutorial_taskflow_templates.py for tasks to queue
[2025-08-17T21:43:59.246+0000] {logging_mixin.py:190} INFO - [2025-08-17T21:43:59.246+0000] {dagbag.py:588} INFO - Filling up the DagBag from /home/airflow/.local/lib/python3.12/site-packages/airflow/example_dags/tutorial_taskflow_templates.py
[2025-08-17T21:43:59.259+0000] {processor.py:925} INFO - DAG(s) 'tutorial_taskflow_templates' retrieved from /home/airflow/.local/lib/python3.12/site-packages/airflow/example_dags/tutorial_taskflow_templates.py
[2025-08-17T21:43:59.277+0000] {logging_mixin.py:190} INFO - [2025-08-17T21:43:59.277+0000] {dag.py:3239} INFO - Sync 1 DAGs
[2025-08-17T21:43:59.297+0000] {logging_mixin.py:190} INFO - [2025-08-17T21:43:59.297+0000] {dag.py:4180} INFO - Setting next_dagrun for tutorial_taskflow_templates to 2025-08-16 00:00:00+00:00, run_after=2025-08-17 00:00:00+00:00
[2025-08-17T21:43:59.317+0000] {processor.py:208} INFO - Processing /home/airflow/.local/lib/python3.12/site-packages/airflow/example_dags/tutorial_taskflow_templates.py took 0.080 seconds
[2025-08-17T21:44:30.028+0000] {processor.py:186} INFO - Started process (PID=569) to work on /home/airflow/.local/lib/python3.12/site-packages/airflow/example_dags/tutorial_taskflow_templates.py
[2025-08-17T21:44:30.029+0000] {processor.py:914} INFO - Processing file /home/airflow/.local/lib/python3.12/site-packages/airflow/example_dags/tutorial_taskflow_templates.py for tasks to queue
[2025-08-17T21:44:30.031+0000] {logging_mixin.py:190} INFO - [2025-08-17T21:44:30.031+0000] {dagbag.py:588} INFO - Filling up the DagBag from /home/airflow/.local/lib/python3.12/site-packages/airflow/example_dags/tutorial_taskflow_templates.py
[2025-08-17T21:44:30.042+0000] {processor.py:925} INFO - DAG(s) 'tutorial_taskflow_templates' retrieved from /home/airflow/.local/lib/python3.12/site-packages/airflow/example_dags/tutorial_taskflow_templates.py
[2025-08-17T21:44:30.063+0000] {logging_mixin.py:190} INFO - [2025-08-17T21:44:30.063+0000] {dag.py:3239} INFO - Sync 1 DAGs
[2025-08-17T21:44:30.085+0000] {logging_mixin.py:190} INFO - [2025-08-17T21:44:30.085+0000] {dag.py:4180} INFO - Setting next_dagrun for tutorial_taskflow_templates to 2025-08-16 00:00:00+00:00, run_after=2025-08-17 00:00:00+00:00
[2025-08-17T21:44:30.101+0000] {processor.py:208} INFO - Processing /home/airflow/.local/lib/python3.12/site-packages/airflow/example_dags/tutorial_taskflow_templates.py took 0.079 seconds
[2025-08-17T21:45:00.250+0000] {processor.py:186} INFO - Started process (PID=632) to work on /home/airflow/.local/lib/python3.12/site-packages/airflow/example_dags/tutorial_taskflow_templates.py
[2025-08-17T21:45:00.251+0000] {processor.py:914} INFO - Processing file /home/airflow/.local/lib/python3.12/site-packages/airflow/example_dags/tutorial_taskflow_templates.py for tasks to queue
[2025-08-17T21:45:00.253+0000] {logging_mixin.py:190} INFO - [2025-08-17T21:45:00.253+0000] {dagbag.py:588} INFO - Filling up the DagBag from /home/airflow/.local/lib/python3.12/site-packages/airflow/example_dags/tutorial_taskflow_templates.py
[2025-08-17T21:45:00.266+0000] {processor.py:925} INFO - DAG(s) 'tutorial_taskflow_templates' retrieved from /home/airflow/.local/lib/python3.12/site-packages/airflow/example_dags/tutorial_taskflow_templates.py
[2025-08-17T21:45:00.285+0000] {logging_mixin.py:190} INFO - [2025-08-17T21:45:00.285+0000] {dag.py:3239} INFO - Sync 1 DAGs
[2025-08-17T21:45:00.306+0000] {logging_mixin.py:190} INFO - [2025-08-17T21:45:00.306+0000] {dag.py:4180} INFO - Setting next_dagrun for tutorial_taskflow_templates to 2025-08-16 00:00:00+00:00, run_after=2025-08-17 00:00:00+00:00
[2025-08-17T21:45:00.320+0000] {processor.py:208} INFO - Processing /home/airflow/.local/lib/python3.12/site-packages/airflow/example_dags/tutorial_taskflow_templates.py took 0.076 seconds
[2025-08-17T21:45:30.542+0000] {processor.py:186} INFO - Started process (PID=695) to work on /home/airflow/.local/lib/python3.12/site-packages/airflow/example_dags/tutorial_taskflow_templates.py
[2025-08-17T21:45:30.542+0000] {processor.py:914} INFO - Processing file /home/airflow/.local/lib/python3.12/site-packages/airflow/example_dags/tutorial_taskflow_templates.py for tasks to queue
[2025-08-17T21:45:30.545+0000] {logging_mixin.py:190} INFO - [2025-08-17T21:45:30.544+0000] {dagbag.py:588} INFO - Filling up the DagBag from /home/airflow/.local/lib/python3.12/site-packages/airflow/example_dags/tutorial_taskflow_templates.py
[2025-08-17T21:45:30.557+0000] {processor.py:925} INFO - DAG(s) 'tutorial_taskflow_templates' retrieved from /home/airflow/.local/lib/python3.12/site-packages/airflow/example_dags/tutorial_taskflow_templates.py
[2025-08-17T21:45:30.576+0000] {logging_mixin.py:190} INFO - [2025-08-17T21:45:30.576+0000] {dag.py:3239} INFO - Sync 1 DAGs
[2025-08-17T21:45:30.595+0000] {logging_mixin.py:190} INFO - [2025-08-17T21:45:30.595+0000] {dag.py:4180} INFO - Setting next_dagrun for tutorial_taskflow_templates to 2025-08-16 00:00:00+00:00, run_after=2025-08-17 00:00:00+00:00
[2025-08-17T21:45:30.614+0000] {processor.py:208} INFO - Processing /home/airflow/.local/lib/python3.12/site-packages/airflow/example_dags/tutorial_taskflow_templates.py took 0.078 seconds
[2025-08-17T21:46:00.854+0000] {processor.py:186} INFO - Started process (PID=758) to work on /home/airflow/.local/lib/python3.12/site-packages/airflow/example_dags/tutorial_taskflow_templates.py
[2025-08-17T21:46:00.855+0000] {processor.py:914} INFO - Processing file /home/airflow/.local/lib/python3.12/site-packages/airflow/example_dags/tutorial_taskflow_templates.py for tasks to queue
[2025-08-17T21:46:00.858+0000] {logging_mixin.py:190} INFO - [2025-08-17T21:46:00.857+0000] {dagbag.py:588} INFO - Filling up the DagBag from /home/airflow/.local/lib/python3.12/site-packages/airflow/example_dags/tutorial_taskflow_templates.py
[2025-08-17T21:46:00.870+0000] {processor.py:925} INFO - DAG(s) 'tutorial_taskflow_templates' retrieved from /home/airflow/.local/lib/python3.12/site-packages/airflow/example_dags/tutorial_taskflow_templates.py
[2025-08-17T21:46:00.891+0000] {logging_mixin.py:190} INFO - [2025-08-17T21:46:00.891+0000] {dag.py:3239} INFO - Sync 1 DAGs
[2025-08-17T21:46:00.911+0000] {logging_mixin.py:190} INFO - [2025-08-17T21:46:00.910+0000] {dag.py:4180} INFO - Setting next_dagrun for tutorial_taskflow_templates to 2025-08-16 00:00:00+00:00, run_after=2025-08-17 00:00:00+00:00
[2025-08-17T21:46:00.930+0000] {processor.py:208} INFO - Processing /home/airflow/.local/lib/python3.12/site-packages/airflow/example_dags/tutorial_taskflow_templates.py took 0.082 seconds
[2025-08-17T21:46:31.549+0000] {processor.py:186} INFO - Started process (PID=821) to work on /home/airflow/.local/lib/python3.12/site-packages/airflow/example_dags/tutorial_taskflow_templates.py
[2025-08-17T21:46:31.550+0000] {processor.py:914} INFO - Processing file /home/airflow/.local/lib/python3.12/site-packages/airflow/example_dags/tutorial_taskflow_templates.py for tasks to queue
[2025-08-17T21:46:31.553+0000] {logging_mixin.py:190} INFO - [2025-08-17T21:46:31.553+0000] {dagbag.py:588} INFO - Filling up the DagBag from /home/airflow/.local/lib/python3.12/site-packages/airflow/example_dags/tutorial_taskflow_templates.py
[2025-08-17T21:46:31.564+0000] {processor.py:925} INFO - DAG(s) 'tutorial_taskflow_templates' retrieved from /home/airflow/.local/lib/python3.12/site-packages/airflow/example_dags/tutorial_taskflow_templates.py
[2025-08-17T21:46:31.582+0000] {logging_mixin.py:190} INFO - [2025-08-17T21:46:31.582+0000] {dag.py:3239} INFO - Sync 1 DAGs
[2025-08-17T21:46:31.600+0000] {logging_mixin.py:190} INFO - [2025-08-17T21:46:31.600+0000] {dag.py:4180} INFO - Setting next_dagrun for tutorial_taskflow_templates to 2025-08-16 00:00:00+00:00, run_after=2025-08-17 00:00:00+00:00
[2025-08-17T21:46:31.622+0000] {processor.py:208} INFO - Processing /home/airflow/.local/lib/python3.12/site-packages/airflow/example_dags/tutorial_taskflow_templates.py took 0.078 seconds
[2025-08-17T21:47:01.720+0000] {processor.py:186} INFO - Started process (PID=884) to work on /home/airflow/.local/lib/python3.12/site-packages/airflow/example_dags/tutorial_taskflow_templates.py
[2025-08-17T21:47:01.720+0000] {processor.py:914} INFO - Processing file /home/airflow/.local/lib/python3.12/site-packages/airflow/example_dags/tutorial_taskflow_templates.py for tasks to queue
[2025-08-17T21:47:01.723+0000] {logging_mixin.py:190} INFO - [2025-08-17T21:47:01.722+0000] {dagbag.py:588} INFO - Filling up the DagBag from /home/airflow/.local/lib/python3.12/site-packages/airflow/example_dags/tutorial_taskflow_templates.py
[2025-08-17T21:47:01.735+0000] {processor.py:925} INFO - DAG(s) 'tutorial_taskflow_templates' retrieved from /home/airflow/.local/lib/python3.12/site-packages/airflow/example_dags/tutorial_taskflow_templates.py
[2025-08-17T21:47:01.755+0000] {logging_mixin.py:190} INFO - [2025-08-17T21:47:01.755+0000] {dag.py:3239} INFO - Sync 1 DAGs
[2025-08-17T21:47:01.775+0000] {logging_mixin.py:190} INFO - [2025-08-17T21:47:01.775+0000] {dag.py:4180} INFO - Setting next_dagrun for tutorial_taskflow_templates to 2025-08-16 00:00:00+00:00, run_after=2025-08-17 00:00:00+00:00
[2025-08-17T21:47:01.794+0000] {processor.py:208} INFO - Processing /home/airflow/.local/lib/python3.12/site-packages/airflow/example_dags/tutorial_taskflow_templates.py took 0.081 seconds
[2025-08-17T21:47:32.037+0000] {processor.py:186} INFO - Started process (PID=947) to work on /home/airflow/.local/lib/python3.12/site-packages/airflow/example_dags/tutorial_taskflow_templates.py
[2025-08-17T21:47:32.038+0000] {processor.py:914} INFO - Processing file /home/airflow/.local/lib/python3.12/site-packages/airflow/example_dags/tutorial_taskflow_templates.py for tasks to queue
[2025-08-17T21:47:32.041+0000] {logging_mixin.py:190} INFO - [2025-08-17T21:47:32.040+0000] {dagbag.py:588} INFO - Filling up the DagBag from /home/airflow/.local/lib/python3.12/site-packages/airflow/example_dags/tutorial_taskflow_templates.py
[2025-08-17T21:47:32.057+0000] {processor.py:925} INFO - DAG(s) 'tutorial_taskflow_templates' retrieved from /home/airflow/.local/lib/python3.12/site-packages/airflow/example_dags/tutorial_taskflow_templates.py
[2025-08-17T21:47:32.079+0000] {logging_mixin.py:190} INFO - [2025-08-17T21:47:32.078+0000] {dag.py:3239} INFO - Sync 1 DAGs
[2025-08-17T21:47:32.107+0000] {logging_mixin.py:190} INFO - [2025-08-17T21:47:32.107+0000] {dag.py:4180} INFO - Setting next_dagrun for tutorial_taskflow_templates to 2025-08-16 00:00:00+00:00, run_after=2025-08-17 00:00:00+00:00
[2025-08-17T21:47:32.125+0000] {processor.py:208} INFO - Processing /home/airflow/.local/lib/python3.12/site-packages/airflow/example_dags/tutorial_taskflow_templates.py took 0.095 seconds
[2025-08-17T21:48:02.235+0000] {processor.py:186} INFO - Started process (PID=1010) to work on /home/airflow/.local/lib/python3.12/site-packages/airflow/example_dags/tutorial_taskflow_templates.py
[2025-08-17T21:48:02.236+0000] {processor.py:914} INFO - Processing file /home/airflow/.local/lib/python3.12/site-packages/airflow/example_dags/tutorial_taskflow_templates.py for tasks to queue
[2025-08-17T21:48:02.238+0000] {logging_mixin.py:190} INFO - [2025-08-17T21:48:02.238+0000] {dagbag.py:588} INFO - Filling up the DagBag from /home/airflow/.local/lib/python3.12/site-packages/airflow/example_dags/tutorial_taskflow_templates.py
[2025-08-17T21:48:02.250+0000] {processor.py:925} INFO - DAG(s) 'tutorial_taskflow_templates' retrieved from /home/airflow/.local/lib/python3.12/site-packages/airflow/example_dags/tutorial_taskflow_templates.py
[2025-08-17T21:48:02.269+0000] {logging_mixin.py:190} INFO - [2025-08-17T21:48:02.268+0000] {dag.py:3239} INFO - Sync 1 DAGs
[2025-08-17T21:48:02.288+0000] {logging_mixin.py:190} INFO - [2025-08-17T21:48:02.288+0000] {dag.py:4180} INFO - Setting next_dagrun for tutorial_taskflow_templates to 2025-08-16 00:00:00+00:00, run_after=2025-08-17 00:00:00+00:00
[2025-08-17T21:48:02.305+0000] {processor.py:208} INFO - Processing /home/airflow/.local/lib/python3.12/site-packages/airflow/example_dags/tutorial_taskflow_templates.py took 0.076 seconds
