[2025-08-17T21:40:31.355+0000] {processor.py:186} INFO - Started process (PID=93) to work on /home/airflow/.local/lib/python3.12/site-packages/airflow/example_dags/tutorial_dag.py
[2025-08-17T21:40:31.356+0000] {processor.py:914} INFO - Processing file /home/airflow/.local/lib/python3.12/site-packages/airflow/example_dags/tutorial_dag.py for tasks to queue
[2025-08-17T21:40:31.359+0000] {logging_mixin.py:190} INFO - [2025-08-17T21:40:31.358+0000] {dagbag.py:588} INFO - Filling up the DagBag from /home/airflow/.local/lib/python3.12/site-packages/airflow/example_dags/tutorial_dag.py
[2025-08-17T21:40:31.369+0000] {processor.py:925} INFO - DAG(s) 'tutorial_dag' retrieved from /home/airflow/.local/lib/python3.12/site-packages/airflow/example_dags/tutorial_dag.py
[2025-08-17T21:40:31.485+0000] {logging_mixin.py:190} INFO - [2025-08-17T21:40:31.485+0000] {override.py:1930} INFO - Created Permission View: can read on DAG:tutorial_dag
[2025-08-17T21:40:31.493+0000] {logging_mixin.py:190} INFO - [2025-08-17T21:40:31.493+0000] {override.py:1930} INFO - Created Permission View: can edit on DAG:tutorial_dag
[2025-08-17T21:40:31.498+0000] {logging_mixin.py:190} INFO - [2025-08-17T21:40:31.498+0000] {override.py:1930} INFO - Created Permission View: can delete on DAG:tutorial_dag
[2025-08-17T21:40:31.505+0000] {logging_mixin.py:190} INFO - [2025-08-17T21:40:31.504+0000] {override.py:1930} INFO - Created Permission View: can read on DAG Run:tutorial_dag
[2025-08-17T21:40:31.510+0000] {logging_mixin.py:190} INFO - [2025-08-17T21:40:31.509+0000] {override.py:1930} INFO - Created Permission View: can create on DAG Run:tutorial_dag
[2025-08-17T21:40:31.514+0000] {logging_mixin.py:190} INFO - [2025-08-17T21:40:31.514+0000] {override.py:1930} INFO - Created Permission View: can delete on DAG Run:tutorial_dag
[2025-08-17T21:40:31.519+0000] {logging_mixin.py:190} INFO - [2025-08-17T21:40:31.518+0000] {override.py:1930} INFO - Created Permission View: menu access on DAG Run:tutorial_dag
[2025-08-17T21:40:31.519+0000] {logging_mixin.py:190} INFO - [2025-08-17T21:40:31.519+0000] {dag.py:3239} INFO - Sync 1 DAGs
[2025-08-17T21:40:31.529+0000] {logging_mixin.py:190} INFO - [2025-08-17T21:40:31.529+0000] {dag.py:3262} INFO - Creating ORM DAG for tutorial_dag
[2025-08-17T21:40:31.529+0000] {logging_mixin.py:190} INFO - [2025-08-17T21:40:31.529+0000] {dag.py:4180} INFO - Setting next_dagrun for tutorial_dag to None, run_after=None
[2025-08-17T21:40:31.564+0000] {processor.py:208} INFO - Processing /home/airflow/.local/lib/python3.12/site-packages/airflow/example_dags/tutorial_dag.py took 0.214 seconds
[2025-08-17T21:41:01.628+0000] {processor.py:186} INFO - Started process (PID=156) to work on /home/airflow/.local/lib/python3.12/site-packages/airflow/example_dags/tutorial_dag.py
[2025-08-17T21:41:01.629+0000] {processor.py:914} INFO - Processing file /home/airflow/.local/lib/python3.12/site-packages/airflow/example_dags/tutorial_dag.py for tasks to queue
[2025-08-17T21:41:01.631+0000] {logging_mixin.py:190} INFO - [2025-08-17T21:41:01.631+0000] {dagbag.py:588} INFO - Filling up the DagBag from /home/airflow/.local/lib/python3.12/site-packages/airflow/example_dags/tutorial_dag.py
[2025-08-17T21:41:01.638+0000] {processor.py:925} INFO - DAG(s) 'tutorial_dag' retrieved from /home/airflow/.local/lib/python3.12/site-packages/airflow/example_dags/tutorial_dag.py
[2025-08-17T21:41:01.656+0000] {logging_mixin.py:190} INFO - [2025-08-17T21:41:01.655+0000] {dag.py:3239} INFO - Sync 1 DAGs
[2025-08-17T21:41:01.668+0000] {logging_mixin.py:190} INFO - [2025-08-17T21:41:01.668+0000] {dag.py:4180} INFO - Setting next_dagrun for tutorial_dag to None, run_after=None
[2025-08-17T21:41:01.684+0000] {processor.py:208} INFO - Processing /home/airflow/.local/lib/python3.12/site-packages/airflow/example_dags/tutorial_dag.py took 0.063 seconds
[2025-08-17T21:41:31.904+0000] {processor.py:186} INFO - Started process (PID=219) to work on /home/airflow/.local/lib/python3.12/site-packages/airflow/example_dags/tutorial_dag.py
[2025-08-17T21:41:31.905+0000] {processor.py:914} INFO - Processing file /home/airflow/.local/lib/python3.12/site-packages/airflow/example_dags/tutorial_dag.py for tasks to queue
[2025-08-17T21:41:31.908+0000] {logging_mixin.py:190} INFO - [2025-08-17T21:41:31.907+0000] {dagbag.py:588} INFO - Filling up the DagBag from /home/airflow/.local/lib/python3.12/site-packages/airflow/example_dags/tutorial_dag.py
[2025-08-17T21:41:31.915+0000] {processor.py:925} INFO - DAG(s) 'tutorial_dag' retrieved from /home/airflow/.local/lib/python3.12/site-packages/airflow/example_dags/tutorial_dag.py
[2025-08-17T21:41:31.933+0000] {logging_mixin.py:190} INFO - [2025-08-17T21:41:31.933+0000] {dag.py:3239} INFO - Sync 1 DAGs
[2025-08-17T21:41:31.946+0000] {logging_mixin.py:190} INFO - [2025-08-17T21:41:31.946+0000] {dag.py:4180} INFO - Setting next_dagrun for tutorial_dag to None, run_after=None
[2025-08-17T21:41:31.966+0000] {processor.py:208} INFO - Processing /home/airflow/.local/lib/python3.12/site-packages/airflow/example_dags/tutorial_dag.py took 0.067 seconds
[2025-08-17T21:42:02.417+0000] {processor.py:186} INFO - Started process (PID=282) to work on /home/airflow/.local/lib/python3.12/site-packages/airflow/example_dags/tutorial_dag.py
[2025-08-17T21:42:02.418+0000] {processor.py:914} INFO - Processing file /home/airflow/.local/lib/python3.12/site-packages/airflow/example_dags/tutorial_dag.py for tasks to queue
[2025-08-17T21:42:02.420+0000] {logging_mixin.py:190} INFO - [2025-08-17T21:42:02.419+0000] {dagbag.py:588} INFO - Filling up the DagBag from /home/airflow/.local/lib/python3.12/site-packages/airflow/example_dags/tutorial_dag.py
[2025-08-17T21:42:02.427+0000] {processor.py:925} INFO - DAG(s) 'tutorial_dag' retrieved from /home/airflow/.local/lib/python3.12/site-packages/airflow/example_dags/tutorial_dag.py
[2025-08-17T21:42:02.446+0000] {logging_mixin.py:190} INFO - [2025-08-17T21:42:02.446+0000] {dag.py:3239} INFO - Sync 1 DAGs
[2025-08-17T21:42:02.459+0000] {logging_mixin.py:190} INFO - [2025-08-17T21:42:02.459+0000] {dag.py:4180} INFO - Setting next_dagrun for tutorial_dag to None, run_after=None
[2025-08-17T21:42:02.473+0000] {processor.py:208} INFO - Processing /home/airflow/.local/lib/python3.12/site-packages/airflow/example_dags/tutorial_dag.py took 0.062 seconds
[2025-08-17T21:42:32.913+0000] {processor.py:186} INFO - Started process (PID=344) to work on /home/airflow/.local/lib/python3.12/site-packages/airflow/example_dags/tutorial_dag.py
[2025-08-17T21:42:32.914+0000] {processor.py:914} INFO - Processing file /home/airflow/.local/lib/python3.12/site-packages/airflow/example_dags/tutorial_dag.py for tasks to queue
[2025-08-17T21:42:32.917+0000] {logging_mixin.py:190} INFO - [2025-08-17T21:42:32.916+0000] {dagbag.py:588} INFO - Filling up the DagBag from /home/airflow/.local/lib/python3.12/site-packages/airflow/example_dags/tutorial_dag.py
[2025-08-17T21:42:32.925+0000] {processor.py:925} INFO - DAG(s) 'tutorial_dag' retrieved from /home/airflow/.local/lib/python3.12/site-packages/airflow/example_dags/tutorial_dag.py
[2025-08-17T21:42:32.943+0000] {logging_mixin.py:190} INFO - [2025-08-17T21:42:32.943+0000] {dag.py:3239} INFO - Sync 1 DAGs
[2025-08-17T21:42:32.957+0000] {logging_mixin.py:190} INFO - [2025-08-17T21:42:32.957+0000] {dag.py:4180} INFO - Setting next_dagrun for tutorial_dag to None, run_after=None
[2025-08-17T21:42:32.974+0000] {processor.py:208} INFO - Processing /home/airflow/.local/lib/python3.12/site-packages/airflow/example_dags/tutorial_dag.py took 0.066 seconds
[2025-08-17T21:43:04.314+0000] {processor.py:186} INFO - Started process (PID=407) to work on /home/airflow/.local/lib/python3.12/site-packages/airflow/example_dags/tutorial_dag.py
[2025-08-17T21:43:04.315+0000] {processor.py:914} INFO - Processing file /home/airflow/.local/lib/python3.12/site-packages/airflow/example_dags/tutorial_dag.py for tasks to queue
[2025-08-17T21:43:04.318+0000] {logging_mixin.py:190} INFO - [2025-08-17T21:43:04.317+0000] {dagbag.py:588} INFO - Filling up the DagBag from /home/airflow/.local/lib/python3.12/site-packages/airflow/example_dags/tutorial_dag.py
[2025-08-17T21:43:04.327+0000] {processor.py:925} INFO - DAG(s) 'tutorial_dag' retrieved from /home/airflow/.local/lib/python3.12/site-packages/airflow/example_dags/tutorial_dag.py
[2025-08-17T21:43:04.349+0000] {logging_mixin.py:190} INFO - [2025-08-17T21:43:04.349+0000] {dag.py:3239} INFO - Sync 1 DAGs
[2025-08-17T21:43:04.363+0000] {logging_mixin.py:190} INFO - [2025-08-17T21:43:04.363+0000] {dag.py:4180} INFO - Setting next_dagrun for tutorial_dag to None, run_after=None
[2025-08-17T21:43:04.380+0000] {processor.py:208} INFO - Processing /home/airflow/.local/lib/python3.12/site-packages/airflow/example_dags/tutorial_dag.py took 0.073 seconds
[2025-08-17T21:43:34.837+0000] {processor.py:186} INFO - Started process (PID=470) to work on /home/airflow/.local/lib/python3.12/site-packages/airflow/example_dags/tutorial_dag.py
[2025-08-17T21:43:34.838+0000] {processor.py:914} INFO - Processing file /home/airflow/.local/lib/python3.12/site-packages/airflow/example_dags/tutorial_dag.py for tasks to queue
[2025-08-17T21:43:34.840+0000] {logging_mixin.py:190} INFO - [2025-08-17T21:43:34.840+0000] {dagbag.py:588} INFO - Filling up the DagBag from /home/airflow/.local/lib/python3.12/site-packages/airflow/example_dags/tutorial_dag.py
[2025-08-17T21:43:34.847+0000] {processor.py:925} INFO - DAG(s) 'tutorial_dag' retrieved from /home/airflow/.local/lib/python3.12/site-packages/airflow/example_dags/tutorial_dag.py
[2025-08-17T21:43:34.865+0000] {logging_mixin.py:190} INFO - [2025-08-17T21:43:34.865+0000] {dag.py:3239} INFO - Sync 1 DAGs
[2025-08-17T21:43:34.878+0000] {logging_mixin.py:190} INFO - [2025-08-17T21:43:34.877+0000] {dag.py:4180} INFO - Setting next_dagrun for tutorial_dag to None, run_after=None
[2025-08-17T21:43:34.899+0000] {processor.py:208} INFO - Processing /home/airflow/.local/lib/python3.12/site-packages/airflow/example_dags/tutorial_dag.py took 0.068 seconds
[2025-08-17T21:44:05.599+0000] {processor.py:186} INFO - Started process (PID=533) to work on /home/airflow/.local/lib/python3.12/site-packages/airflow/example_dags/tutorial_dag.py
[2025-08-17T21:44:05.600+0000] {processor.py:914} INFO - Processing file /home/airflow/.local/lib/python3.12/site-packages/airflow/example_dags/tutorial_dag.py for tasks to queue
[2025-08-17T21:44:05.602+0000] {logging_mixin.py:190} INFO - [2025-08-17T21:44:05.602+0000] {dagbag.py:588} INFO - Filling up the DagBag from /home/airflow/.local/lib/python3.12/site-packages/airflow/example_dags/tutorial_dag.py
[2025-08-17T21:44:05.609+0000] {processor.py:925} INFO - DAG(s) 'tutorial_dag' retrieved from /home/airflow/.local/lib/python3.12/site-packages/airflow/example_dags/tutorial_dag.py
[2025-08-17T21:44:05.627+0000] {logging_mixin.py:190} INFO - [2025-08-17T21:44:05.627+0000] {dag.py:3239} INFO - Sync 1 DAGs
[2025-08-17T21:44:05.639+0000] {logging_mixin.py:190} INFO - [2025-08-17T21:44:05.639+0000] {dag.py:4180} INFO - Setting next_dagrun for tutorial_dag to None, run_after=None
[2025-08-17T21:44:05.658+0000] {processor.py:208} INFO - Processing /home/airflow/.local/lib/python3.12/site-packages/airflow/example_dags/tutorial_dag.py took 0.065 seconds
[2025-08-17T21:44:36.539+0000] {processor.py:186} INFO - Started process (PID=596) to work on /home/airflow/.local/lib/python3.12/site-packages/airflow/example_dags/tutorial_dag.py
[2025-08-17T21:44:36.541+0000] {processor.py:914} INFO - Processing file /home/airflow/.local/lib/python3.12/site-packages/airflow/example_dags/tutorial_dag.py for tasks to queue
[2025-08-17T21:44:36.543+0000] {logging_mixin.py:190} INFO - [2025-08-17T21:44:36.543+0000] {dagbag.py:588} INFO - Filling up the DagBag from /home/airflow/.local/lib/python3.12/site-packages/airflow/example_dags/tutorial_dag.py
[2025-08-17T21:44:36.552+0000] {processor.py:925} INFO - DAG(s) 'tutorial_dag' retrieved from /home/airflow/.local/lib/python3.12/site-packages/airflow/example_dags/tutorial_dag.py
[2025-08-17T21:44:36.573+0000] {logging_mixin.py:190} INFO - [2025-08-17T21:44:36.573+0000] {dag.py:3239} INFO - Sync 1 DAGs
[2025-08-17T21:44:36.587+0000] {logging_mixin.py:190} INFO - [2025-08-17T21:44:36.587+0000] {dag.py:4180} INFO - Setting next_dagrun for tutorial_dag to None, run_after=None
[2025-08-17T21:44:36.609+0000] {processor.py:208} INFO - Processing /home/airflow/.local/lib/python3.12/site-packages/airflow/example_dags/tutorial_dag.py took 0.076 seconds
[2025-08-17T21:45:06.713+0000] {processor.py:186} INFO - Started process (PID=658) to work on /home/airflow/.local/lib/python3.12/site-packages/airflow/example_dags/tutorial_dag.py
[2025-08-17T21:45:06.714+0000] {processor.py:914} INFO - Processing file /home/airflow/.local/lib/python3.12/site-packages/airflow/example_dags/tutorial_dag.py for tasks to queue
[2025-08-17T21:45:06.716+0000] {logging_mixin.py:190} INFO - [2025-08-17T21:45:06.716+0000] {dagbag.py:588} INFO - Filling up the DagBag from /home/airflow/.local/lib/python3.12/site-packages/airflow/example_dags/tutorial_dag.py
[2025-08-17T21:45:06.723+0000] {processor.py:925} INFO - DAG(s) 'tutorial_dag' retrieved from /home/airflow/.local/lib/python3.12/site-packages/airflow/example_dags/tutorial_dag.py
[2025-08-17T21:45:06.741+0000] {logging_mixin.py:190} INFO - [2025-08-17T21:45:06.741+0000] {dag.py:3239} INFO - Sync 1 DAGs
[2025-08-17T21:45:06.754+0000] {logging_mixin.py:190} INFO - [2025-08-17T21:45:06.754+0000] {dag.py:4180} INFO - Setting next_dagrun for tutorial_dag to None, run_after=None
[2025-08-17T21:45:06.773+0000] {processor.py:208} INFO - Processing /home/airflow/.local/lib/python3.12/site-packages/airflow/example_dags/tutorial_dag.py took 0.066 seconds
[2025-08-17T21:45:36.943+0000] {processor.py:186} INFO - Started process (PID=721) to work on /home/airflow/.local/lib/python3.12/site-packages/airflow/example_dags/tutorial_dag.py
[2025-08-17T21:45:36.945+0000] {processor.py:914} INFO - Processing file /home/airflow/.local/lib/python3.12/site-packages/airflow/example_dags/tutorial_dag.py for tasks to queue
[2025-08-17T21:45:36.947+0000] {logging_mixin.py:190} INFO - [2025-08-17T21:45:36.947+0000] {dagbag.py:588} INFO - Filling up the DagBag from /home/airflow/.local/lib/python3.12/site-packages/airflow/example_dags/tutorial_dag.py
[2025-08-17T21:45:36.955+0000] {processor.py:925} INFO - DAG(s) 'tutorial_dag' retrieved from /home/airflow/.local/lib/python3.12/site-packages/airflow/example_dags/tutorial_dag.py
[2025-08-17T21:45:36.973+0000] {logging_mixin.py:190} INFO - [2025-08-17T21:45:36.973+0000] {dag.py:3239} INFO - Sync 1 DAGs
[2025-08-17T21:45:36.985+0000] {logging_mixin.py:190} INFO - [2025-08-17T21:45:36.984+0000] {dag.py:4180} INFO - Setting next_dagrun for tutorial_dag to None, run_after=None
[2025-08-17T21:45:36.999+0000] {processor.py:208} INFO - Processing /home/airflow/.local/lib/python3.12/site-packages/airflow/example_dags/tutorial_dag.py took 0.062 seconds
[2025-08-17T21:46:08.208+0000] {processor.py:186} INFO - Started process (PID=784) to work on /home/airflow/.local/lib/python3.12/site-packages/airflow/example_dags/tutorial_dag.py
[2025-08-17T21:46:08.209+0000] {processor.py:914} INFO - Processing file /home/airflow/.local/lib/python3.12/site-packages/airflow/example_dags/tutorial_dag.py for tasks to queue
[2025-08-17T21:46:08.212+0000] {logging_mixin.py:190} INFO - [2025-08-17T21:46:08.212+0000] {dagbag.py:588} INFO - Filling up the DagBag from /home/airflow/.local/lib/python3.12/site-packages/airflow/example_dags/tutorial_dag.py
[2025-08-17T21:46:08.218+0000] {processor.py:925} INFO - DAG(s) 'tutorial_dag' retrieved from /home/airflow/.local/lib/python3.12/site-packages/airflow/example_dags/tutorial_dag.py
[2025-08-17T21:46:08.235+0000] {logging_mixin.py:190} INFO - [2025-08-17T21:46:08.234+0000] {dag.py:3239} INFO - Sync 1 DAGs
[2025-08-17T21:46:08.247+0000] {logging_mixin.py:190} INFO - [2025-08-17T21:46:08.246+0000] {dag.py:4180} INFO - Setting next_dagrun for tutorial_dag to None, run_after=None
[2025-08-17T21:46:08.266+0000] {processor.py:208} INFO - Processing /home/airflow/.local/lib/python3.12/site-packages/airflow/example_dags/tutorial_dag.py took 0.063 seconds
[2025-08-17T21:46:38.811+0000] {processor.py:186} INFO - Started process (PID=847) to work on /home/airflow/.local/lib/python3.12/site-packages/airflow/example_dags/tutorial_dag.py
[2025-08-17T21:46:38.812+0000] {processor.py:914} INFO - Processing file /home/airflow/.local/lib/python3.12/site-packages/airflow/example_dags/tutorial_dag.py for tasks to queue
[2025-08-17T21:46:38.815+0000] {logging_mixin.py:190} INFO - [2025-08-17T21:46:38.814+0000] {dagbag.py:588} INFO - Filling up the DagBag from /home/airflow/.local/lib/python3.12/site-packages/airflow/example_dags/tutorial_dag.py
[2025-08-17T21:46:38.821+0000] {processor.py:925} INFO - DAG(s) 'tutorial_dag' retrieved from /home/airflow/.local/lib/python3.12/site-packages/airflow/example_dags/tutorial_dag.py
[2025-08-17T21:46:38.839+0000] {logging_mixin.py:190} INFO - [2025-08-17T21:46:38.839+0000] {dag.py:3239} INFO - Sync 1 DAGs
[2025-08-17T21:46:38.852+0000] {logging_mixin.py:190} INFO - [2025-08-17T21:46:38.852+0000] {dag.py:4180} INFO - Setting next_dagrun for tutorial_dag to None, run_after=None
[2025-08-17T21:46:38.874+0000] {processor.py:208} INFO - Processing /home/airflow/.local/lib/python3.12/site-packages/airflow/example_dags/tutorial_dag.py took 0.069 seconds
[2025-08-17T21:47:09.232+0000] {processor.py:186} INFO - Started process (PID=910) to work on /home/airflow/.local/lib/python3.12/site-packages/airflow/example_dags/tutorial_dag.py
[2025-08-17T21:47:09.233+0000] {processor.py:914} INFO - Processing file /home/airflow/.local/lib/python3.12/site-packages/airflow/example_dags/tutorial_dag.py for tasks to queue
[2025-08-17T21:47:09.235+0000] {logging_mixin.py:190} INFO - [2025-08-17T21:47:09.234+0000] {dagbag.py:588} INFO - Filling up the DagBag from /home/airflow/.local/lib/python3.12/site-packages/airflow/example_dags/tutorial_dag.py
[2025-08-17T21:47:09.242+0000] {processor.py:925} INFO - DAG(s) 'tutorial_dag' retrieved from /home/airflow/.local/lib/python3.12/site-packages/airflow/example_dags/tutorial_dag.py
[2025-08-17T21:47:09.260+0000] {logging_mixin.py:190} INFO - [2025-08-17T21:47:09.260+0000] {dag.py:3239} INFO - Sync 1 DAGs
[2025-08-17T21:47:09.271+0000] {logging_mixin.py:190} INFO - [2025-08-17T21:47:09.270+0000] {dag.py:4180} INFO - Setting next_dagrun for tutorial_dag to None, run_after=None
[2025-08-17T21:47:09.289+0000] {processor.py:208} INFO - Processing /home/airflow/.local/lib/python3.12/site-packages/airflow/example_dags/tutorial_dag.py took 0.062 seconds
[2025-08-17T21:47:39.450+0000] {processor.py:186} INFO - Started process (PID=973) to work on /home/airflow/.local/lib/python3.12/site-packages/airflow/example_dags/tutorial_dag.py
[2025-08-17T21:47:39.450+0000] {processor.py:914} INFO - Processing file /home/airflow/.local/lib/python3.12/site-packages/airflow/example_dags/tutorial_dag.py for tasks to queue
[2025-08-17T21:47:39.452+0000] {logging_mixin.py:190} INFO - [2025-08-17T21:47:39.452+0000] {dagbag.py:588} INFO - Filling up the DagBag from /home/airflow/.local/lib/python3.12/site-packages/airflow/example_dags/tutorial_dag.py
[2025-08-17T21:47:39.460+0000] {processor.py:925} INFO - DAG(s) 'tutorial_dag' retrieved from /home/airflow/.local/lib/python3.12/site-packages/airflow/example_dags/tutorial_dag.py
[2025-08-17T21:47:39.477+0000] {logging_mixin.py:190} INFO - [2025-08-17T21:47:39.477+0000] {dag.py:3239} INFO - Sync 1 DAGs
[2025-08-17T21:47:39.489+0000] {logging_mixin.py:190} INFO - [2025-08-17T21:47:39.489+0000] {dag.py:4180} INFO - Setting next_dagrun for tutorial_dag to None, run_after=None
[2025-08-17T21:47:39.509+0000] {processor.py:208} INFO - Processing /home/airflow/.local/lib/python3.12/site-packages/airflow/example_dags/tutorial_dag.py took 0.063 seconds
[2025-08-17T21:48:09.661+0000] {processor.py:186} INFO - Started process (PID=1036) to work on /home/airflow/.local/lib/python3.12/site-packages/airflow/example_dags/tutorial_dag.py
[2025-08-17T21:48:09.662+0000] {processor.py:914} INFO - Processing file /home/airflow/.local/lib/python3.12/site-packages/airflow/example_dags/tutorial_dag.py for tasks to queue
[2025-08-17T21:48:09.666+0000] {logging_mixin.py:190} INFO - [2025-08-17T21:48:09.666+0000] {dagbag.py:588} INFO - Filling up the DagBag from /home/airflow/.local/lib/python3.12/site-packages/airflow/example_dags/tutorial_dag.py
[2025-08-17T21:48:09.678+0000] {processor.py:925} INFO - DAG(s) 'tutorial_dag' retrieved from /home/airflow/.local/lib/python3.12/site-packages/airflow/example_dags/tutorial_dag.py
[2025-08-17T21:48:09.705+0000] {logging_mixin.py:190} INFO - [2025-08-17T21:48:09.705+0000] {dag.py:3239} INFO - Sync 1 DAGs
[2025-08-17T21:48:09.721+0000] {logging_mixin.py:190} INFO - [2025-08-17T21:48:09.721+0000] {dag.py:4180} INFO - Setting next_dagrun for tutorial_dag to None, run_after=None
[2025-08-17T21:48:09.745+0000] {processor.py:208} INFO - Processing /home/airflow/.local/lib/python3.12/site-packages/airflow/example_dags/tutorial_dag.py took 0.092 seconds
