[2025-08-17T21:40:32.506+0000] {processor.py:186} INFO - Started process (PID=102) to work on /home/airflow/.local/lib/python3.12/site-packages/airflow/example_dags/tutorial_objectstorage.py
[2025-08-17T21:40:32.507+0000] {processor.py:914} INFO - Processing file /home/airflow/.local/lib/python3.12/site-packages/airflow/example_dags/tutorial_objectstorage.py for tasks to queue
[2025-08-17T21:40:32.509+0000] {logging_mixin.py:190} INFO - [2025-08-17T21:40:32.509+0000] {dagbag.py:588} INFO - Filling up the DagBag from /home/airflow/.local/lib/python3.12/site-packages/airflow/example_dags/tutorial_objectstorage.py
[2025-08-17T21:40:32.520+0000] {processor.py:925} INFO - DAG(s) 'tutorial_objectstorage' retrieved from /home/airflow/.local/lib/python3.12/site-packages/airflow/example_dags/tutorial_objectstorage.py
[2025-08-17T21:40:32.631+0000] {logging_mixin.py:190} INFO - [2025-08-17T21:40:32.630+0000] {override.py:1930} INFO - Created Permission View: can read on DAG:tutorial_objectstorage
[2025-08-17T21:40:32.646+0000] {logging_mixin.py:190} INFO - [2025-08-17T21:40:32.645+0000] {override.py:1930} INFO - Created Permission View: can edit on DAG:tutorial_objectstorage
[2025-08-17T21:40:32.651+0000] {logging_mixin.py:190} INFO - [2025-08-17T21:40:32.651+0000] {override.py:1930} INFO - Created Permission View: can delete on DAG:tutorial_objectstorage
[2025-08-17T21:40:32.658+0000] {logging_mixin.py:190} INFO - [2025-08-17T21:40:32.658+0000] {override.py:1930} INFO - Created Permission View: can read on DAG Run:tutorial_objectstorage
[2025-08-17T21:40:32.663+0000] {logging_mixin.py:190} INFO - [2025-08-17T21:40:32.663+0000] {override.py:1930} INFO - Created Permission View: can create on DAG Run:tutorial_objectstorage
[2025-08-17T21:40:32.668+0000] {logging_mixin.py:190} INFO - [2025-08-17T21:40:32.668+0000] {override.py:1930} INFO - Created Permission View: can delete on DAG Run:tutorial_objectstorage
[2025-08-17T21:40:32.673+0000] {logging_mixin.py:190} INFO - [2025-08-17T21:40:32.673+0000] {override.py:1930} INFO - Created Permission View: menu access on DAG Run:tutorial_objectstorage
[2025-08-17T21:40:32.674+0000] {logging_mixin.py:190} INFO - [2025-08-17T21:40:32.674+0000] {dag.py:3239} INFO - Sync 1 DAGs
[2025-08-17T21:40:32.685+0000] {logging_mixin.py:190} INFO - [2025-08-17T21:40:32.685+0000] {dag.py:3262} INFO - Creating ORM DAG for tutorial_objectstorage
[2025-08-17T21:40:32.686+0000] {logging_mixin.py:190} INFO - [2025-08-17T21:40:32.686+0000] {dag.py:4180} INFO - Setting next_dagrun for tutorial_objectstorage to None, run_after=None
[2025-08-17T21:40:32.705+0000] {processor.py:208} INFO - Processing /home/airflow/.local/lib/python3.12/site-packages/airflow/example_dags/tutorial_objectstorage.py took 0.204 seconds
[2025-08-17T21:41:03.039+0000] {processor.py:186} INFO - Started process (PID=164) to work on /home/airflow/.local/lib/python3.12/site-packages/airflow/example_dags/tutorial_objectstorage.py
[2025-08-17T21:41:03.041+0000] {processor.py:914} INFO - Processing file /home/airflow/.local/lib/python3.12/site-packages/airflow/example_dags/tutorial_objectstorage.py for tasks to queue
[2025-08-17T21:41:03.043+0000] {logging_mixin.py:190} INFO - [2025-08-17T21:41:03.043+0000] {dagbag.py:588} INFO - Filling up the DagBag from /home/airflow/.local/lib/python3.12/site-packages/airflow/example_dags/tutorial_objectstorage.py
[2025-08-17T21:41:03.050+0000] {processor.py:925} INFO - DAG(s) 'tutorial_objectstorage' retrieved from /home/airflow/.local/lib/python3.12/site-packages/airflow/example_dags/tutorial_objectstorage.py
[2025-08-17T21:41:03.067+0000] {logging_mixin.py:190} INFO - [2025-08-17T21:41:03.067+0000] {dag.py:3239} INFO - Sync 1 DAGs
[2025-08-17T21:41:03.079+0000] {logging_mixin.py:190} INFO - [2025-08-17T21:41:03.079+0000] {dag.py:4180} INFO - Setting next_dagrun for tutorial_objectstorage to None, run_after=None
[2025-08-17T21:41:03.093+0000] {processor.py:208} INFO - Processing /home/airflow/.local/lib/python3.12/site-packages/airflow/example_dags/tutorial_objectstorage.py took 0.059 seconds
[2025-08-17T21:41:33.456+0000] {processor.py:186} INFO - Started process (PID=227) to work on /home/airflow/.local/lib/python3.12/site-packages/airflow/example_dags/tutorial_objectstorage.py
[2025-08-17T21:41:33.458+0000] {processor.py:914} INFO - Processing file /home/airflow/.local/lib/python3.12/site-packages/airflow/example_dags/tutorial_objectstorage.py for tasks to queue
[2025-08-17T21:41:33.460+0000] {logging_mixin.py:190} INFO - [2025-08-17T21:41:33.460+0000] {dagbag.py:588} INFO - Filling up the DagBag from /home/airflow/.local/lib/python3.12/site-packages/airflow/example_dags/tutorial_objectstorage.py
[2025-08-17T21:41:33.469+0000] {processor.py:925} INFO - DAG(s) 'tutorial_objectstorage' retrieved from /home/airflow/.local/lib/python3.12/site-packages/airflow/example_dags/tutorial_objectstorage.py
[2025-08-17T21:41:33.488+0000] {logging_mixin.py:190} INFO - [2025-08-17T21:41:33.488+0000] {dag.py:3239} INFO - Sync 1 DAGs
[2025-08-17T21:41:33.501+0000] {logging_mixin.py:190} INFO - [2025-08-17T21:41:33.501+0000] {dag.py:4180} INFO - Setting next_dagrun for tutorial_objectstorage to None, run_after=None
[2025-08-17T21:41:33.524+0000] {processor.py:208} INFO - Processing /home/airflow/.local/lib/python3.12/site-packages/airflow/example_dags/tutorial_objectstorage.py took 0.073 seconds
[2025-08-17T21:42:04.040+0000] {processor.py:186} INFO - Started process (PID=290) to work on /home/airflow/.local/lib/python3.12/site-packages/airflow/example_dags/tutorial_objectstorage.py
[2025-08-17T21:42:04.041+0000] {processor.py:914} INFO - Processing file /home/airflow/.local/lib/python3.12/site-packages/airflow/example_dags/tutorial_objectstorage.py for tasks to queue
[2025-08-17T21:42:04.044+0000] {logging_mixin.py:190} INFO - [2025-08-17T21:42:04.043+0000] {dagbag.py:588} INFO - Filling up the DagBag from /home/airflow/.local/lib/python3.12/site-packages/airflow/example_dags/tutorial_objectstorage.py
[2025-08-17T21:42:04.054+0000] {processor.py:925} INFO - DAG(s) 'tutorial_objectstorage' retrieved from /home/airflow/.local/lib/python3.12/site-packages/airflow/example_dags/tutorial_objectstorage.py
[2025-08-17T21:42:04.074+0000] {logging_mixin.py:190} INFO - [2025-08-17T21:42:04.074+0000] {dag.py:3239} INFO - Sync 1 DAGs
[2025-08-17T21:42:04.088+0000] {logging_mixin.py:190} INFO - [2025-08-17T21:42:04.087+0000] {dag.py:4180} INFO - Setting next_dagrun for tutorial_objectstorage to None, run_after=None
[2025-08-17T21:42:04.103+0000] {processor.py:208} INFO - Processing /home/airflow/.local/lib/python3.12/site-packages/airflow/example_dags/tutorial_objectstorage.py took 0.070 seconds
[2025-08-17T21:42:34.278+0000] {processor.py:186} INFO - Started process (PID=353) to work on /home/airflow/.local/lib/python3.12/site-packages/airflow/example_dags/tutorial_objectstorage.py
[2025-08-17T21:42:34.279+0000] {processor.py:914} INFO - Processing file /home/airflow/.local/lib/python3.12/site-packages/airflow/example_dags/tutorial_objectstorage.py for tasks to queue
[2025-08-17T21:42:34.281+0000] {logging_mixin.py:190} INFO - [2025-08-17T21:42:34.281+0000] {dagbag.py:588} INFO - Filling up the DagBag from /home/airflow/.local/lib/python3.12/site-packages/airflow/example_dags/tutorial_objectstorage.py
[2025-08-17T21:42:34.290+0000] {processor.py:925} INFO - DAG(s) 'tutorial_objectstorage' retrieved from /home/airflow/.local/lib/python3.12/site-packages/airflow/example_dags/tutorial_objectstorage.py
[2025-08-17T21:42:34.309+0000] {logging_mixin.py:190} INFO - [2025-08-17T21:42:34.309+0000] {dag.py:3239} INFO - Sync 1 DAGs
[2025-08-17T21:42:34.323+0000] {logging_mixin.py:190} INFO - [2025-08-17T21:42:34.323+0000] {dag.py:4180} INFO - Setting next_dagrun for tutorial_objectstorage to None, run_after=None
[2025-08-17T21:42:34.340+0000] {processor.py:208} INFO - Processing /home/airflow/.local/lib/python3.12/site-packages/airflow/example_dags/tutorial_objectstorage.py took 0.068 seconds
[2025-08-17T21:43:05.596+0000] {processor.py:186} INFO - Started process (PID=416) to work on /home/airflow/.local/lib/python3.12/site-packages/airflow/example_dags/tutorial_objectstorage.py
[2025-08-17T21:43:05.598+0000] {processor.py:914} INFO - Processing file /home/airflow/.local/lib/python3.12/site-packages/airflow/example_dags/tutorial_objectstorage.py for tasks to queue
[2025-08-17T21:43:05.600+0000] {logging_mixin.py:190} INFO - [2025-08-17T21:43:05.599+0000] {dagbag.py:588} INFO - Filling up the DagBag from /home/airflow/.local/lib/python3.12/site-packages/airflow/example_dags/tutorial_objectstorage.py
[2025-08-17T21:43:05.609+0000] {processor.py:925} INFO - DAG(s) 'tutorial_objectstorage' retrieved from /home/airflow/.local/lib/python3.12/site-packages/airflow/example_dags/tutorial_objectstorage.py
[2025-08-17T21:43:05.627+0000] {logging_mixin.py:190} INFO - [2025-08-17T21:43:05.626+0000] {dag.py:3239} INFO - Sync 1 DAGs
[2025-08-17T21:43:05.641+0000] {logging_mixin.py:190} INFO - [2025-08-17T21:43:05.641+0000] {dag.py:4180} INFO - Setting next_dagrun for tutorial_objectstorage to None, run_after=None
[2025-08-17T21:43:05.658+0000] {processor.py:208} INFO - Processing /home/airflow/.local/lib/python3.12/site-packages/airflow/example_dags/tutorial_objectstorage.py took 0.066 seconds
[2025-08-17T21:43:36.611+0000] {processor.py:186} INFO - Started process (PID=479) to work on /home/airflow/.local/lib/python3.12/site-packages/airflow/example_dags/tutorial_objectstorage.py
[2025-08-17T21:43:36.612+0000] {processor.py:914} INFO - Processing file /home/airflow/.local/lib/python3.12/site-packages/airflow/example_dags/tutorial_objectstorage.py for tasks to queue
[2025-08-17T21:43:36.615+0000] {logging_mixin.py:190} INFO - [2025-08-17T21:43:36.614+0000] {dagbag.py:588} INFO - Filling up the DagBag from /home/airflow/.local/lib/python3.12/site-packages/airflow/example_dags/tutorial_objectstorage.py
[2025-08-17T21:43:36.626+0000] {processor.py:925} INFO - DAG(s) 'tutorial_objectstorage' retrieved from /home/airflow/.local/lib/python3.12/site-packages/airflow/example_dags/tutorial_objectstorage.py
[2025-08-17T21:43:36.645+0000] {logging_mixin.py:190} INFO - [2025-08-17T21:43:36.645+0000] {dag.py:3239} INFO - Sync 1 DAGs
[2025-08-17T21:43:36.660+0000] {logging_mixin.py:190} INFO - [2025-08-17T21:43:36.660+0000] {dag.py:4180} INFO - Setting next_dagrun for tutorial_objectstorage to None, run_after=None
[2025-08-17T21:43:36.717+0000] {processor.py:208} INFO - Processing /home/airflow/.local/lib/python3.12/site-packages/airflow/example_dags/tutorial_objectstorage.py took 0.112 seconds
[2025-08-17T21:44:07.053+0000] {processor.py:186} INFO - Started process (PID=542) to work on /home/airflow/.local/lib/python3.12/site-packages/airflow/example_dags/tutorial_objectstorage.py
[2025-08-17T21:44:07.054+0000] {processor.py:914} INFO - Processing file /home/airflow/.local/lib/python3.12/site-packages/airflow/example_dags/tutorial_objectstorage.py for tasks to queue
[2025-08-17T21:44:07.056+0000] {logging_mixin.py:190} INFO - [2025-08-17T21:44:07.056+0000] {dagbag.py:588} INFO - Filling up the DagBag from /home/airflow/.local/lib/python3.12/site-packages/airflow/example_dags/tutorial_objectstorage.py
[2025-08-17T21:44:07.064+0000] {processor.py:925} INFO - DAG(s) 'tutorial_objectstorage' retrieved from /home/airflow/.local/lib/python3.12/site-packages/airflow/example_dags/tutorial_objectstorage.py
[2025-08-17T21:44:07.082+0000] {logging_mixin.py:190} INFO - [2025-08-17T21:44:07.082+0000] {dag.py:3239} INFO - Sync 1 DAGs
[2025-08-17T21:44:07.095+0000] {logging_mixin.py:190} INFO - [2025-08-17T21:44:07.095+0000] {dag.py:4180} INFO - Setting next_dagrun for tutorial_objectstorage to None, run_after=None
[2025-08-17T21:44:07.116+0000] {processor.py:208} INFO - Processing /home/airflow/.local/lib/python3.12/site-packages/airflow/example_dags/tutorial_objectstorage.py took 0.069 seconds
[2025-08-17T21:44:37.200+0000] {processor.py:186} INFO - Started process (PID=604) to work on /home/airflow/.local/lib/python3.12/site-packages/airflow/example_dags/tutorial_objectstorage.py
[2025-08-17T21:44:37.201+0000] {processor.py:914} INFO - Processing file /home/airflow/.local/lib/python3.12/site-packages/airflow/example_dags/tutorial_objectstorage.py for tasks to queue
[2025-08-17T21:44:37.203+0000] {logging_mixin.py:190} INFO - [2025-08-17T21:44:37.203+0000] {dagbag.py:588} INFO - Filling up the DagBag from /home/airflow/.local/lib/python3.12/site-packages/airflow/example_dags/tutorial_objectstorage.py
[2025-08-17T21:44:37.211+0000] {processor.py:925} INFO - DAG(s) 'tutorial_objectstorage' retrieved from /home/airflow/.local/lib/python3.12/site-packages/airflow/example_dags/tutorial_objectstorage.py
[2025-08-17T21:44:37.228+0000] {logging_mixin.py:190} INFO - [2025-08-17T21:44:37.227+0000] {dag.py:3239} INFO - Sync 1 DAGs
[2025-08-17T21:44:37.239+0000] {logging_mixin.py:190} INFO - [2025-08-17T21:44:37.239+0000] {dag.py:4180} INFO - Setting next_dagrun for tutorial_objectstorage to None, run_after=None
[2025-08-17T21:44:37.259+0000] {processor.py:208} INFO - Processing /home/airflow/.local/lib/python3.12/site-packages/airflow/example_dags/tutorial_objectstorage.py took 0.064 seconds
[2025-08-17T21:45:07.554+0000] {processor.py:186} INFO - Started process (PID=667) to work on /home/airflow/.local/lib/python3.12/site-packages/airflow/example_dags/tutorial_objectstorage.py
[2025-08-17T21:45:07.555+0000] {processor.py:914} INFO - Processing file /home/airflow/.local/lib/python3.12/site-packages/airflow/example_dags/tutorial_objectstorage.py for tasks to queue
[2025-08-17T21:45:07.558+0000] {logging_mixin.py:190} INFO - [2025-08-17T21:45:07.557+0000] {dagbag.py:588} INFO - Filling up the DagBag from /home/airflow/.local/lib/python3.12/site-packages/airflow/example_dags/tutorial_objectstorage.py
[2025-08-17T21:45:07.567+0000] {processor.py:925} INFO - DAG(s) 'tutorial_objectstorage' retrieved from /home/airflow/.local/lib/python3.12/site-packages/airflow/example_dags/tutorial_objectstorage.py
[2025-08-17T21:45:07.586+0000] {logging_mixin.py:190} INFO - [2025-08-17T21:45:07.585+0000] {dag.py:3239} INFO - Sync 1 DAGs
[2025-08-17T21:45:07.597+0000] {logging_mixin.py:190} INFO - [2025-08-17T21:45:07.597+0000] {dag.py:4180} INFO - Setting next_dagrun for tutorial_objectstorage to None, run_after=None
[2025-08-17T21:45:07.617+0000] {processor.py:208} INFO - Processing /home/airflow/.local/lib/python3.12/site-packages/airflow/example_dags/tutorial_objectstorage.py took 0.069 seconds
[2025-08-17T21:45:37.685+0000] {processor.py:186} INFO - Started process (PID=730) to work on /home/airflow/.local/lib/python3.12/site-packages/airflow/example_dags/tutorial_objectstorage.py
[2025-08-17T21:45:37.686+0000] {processor.py:914} INFO - Processing file /home/airflow/.local/lib/python3.12/site-packages/airflow/example_dags/tutorial_objectstorage.py for tasks to queue
[2025-08-17T21:45:37.688+0000] {logging_mixin.py:190} INFO - [2025-08-17T21:45:37.687+0000] {dagbag.py:588} INFO - Filling up the DagBag from /home/airflow/.local/lib/python3.12/site-packages/airflow/example_dags/tutorial_objectstorage.py
[2025-08-17T21:45:37.697+0000] {processor.py:925} INFO - DAG(s) 'tutorial_objectstorage' retrieved from /home/airflow/.local/lib/python3.12/site-packages/airflow/example_dags/tutorial_objectstorage.py
[2025-08-17T21:45:37.717+0000] {logging_mixin.py:190} INFO - [2025-08-17T21:45:37.717+0000] {dag.py:3239} INFO - Sync 1 DAGs
[2025-08-17T21:45:37.731+0000] {logging_mixin.py:190} INFO - [2025-08-17T21:45:37.730+0000] {dag.py:4180} INFO - Setting next_dagrun for tutorial_objectstorage to None, run_after=None
[2025-08-17T21:45:37.752+0000] {processor.py:208} INFO - Processing /home/airflow/.local/lib/python3.12/site-packages/airflow/example_dags/tutorial_objectstorage.py took 0.072 seconds
[2025-08-17T21:46:09.320+0000] {processor.py:186} INFO - Started process (PID=793) to work on /home/airflow/.local/lib/python3.12/site-packages/airflow/example_dags/tutorial_objectstorage.py
[2025-08-17T21:46:09.321+0000] {processor.py:914} INFO - Processing file /home/airflow/.local/lib/python3.12/site-packages/airflow/example_dags/tutorial_objectstorage.py for tasks to queue
[2025-08-17T21:46:09.323+0000] {logging_mixin.py:190} INFO - [2025-08-17T21:46:09.323+0000] {dagbag.py:588} INFO - Filling up the DagBag from /home/airflow/.local/lib/python3.12/site-packages/airflow/example_dags/tutorial_objectstorage.py
[2025-08-17T21:46:09.333+0000] {processor.py:925} INFO - DAG(s) 'tutorial_objectstorage' retrieved from /home/airflow/.local/lib/python3.12/site-packages/airflow/example_dags/tutorial_objectstorage.py
[2025-08-17T21:46:09.351+0000] {logging_mixin.py:190} INFO - [2025-08-17T21:46:09.351+0000] {dag.py:3239} INFO - Sync 1 DAGs
[2025-08-17T21:46:09.364+0000] {logging_mixin.py:190} INFO - [2025-08-17T21:46:09.364+0000] {dag.py:4180} INFO - Setting next_dagrun for tutorial_objectstorage to None, run_after=None
[2025-08-17T21:46:09.384+0000] {processor.py:208} INFO - Processing /home/airflow/.local/lib/python3.12/site-packages/airflow/example_dags/tutorial_objectstorage.py took 0.069 seconds
[2025-08-17T21:46:40.138+0000] {processor.py:186} INFO - Started process (PID=856) to work on /home/airflow/.local/lib/python3.12/site-packages/airflow/example_dags/tutorial_objectstorage.py
[2025-08-17T21:46:40.139+0000] {processor.py:914} INFO - Processing file /home/airflow/.local/lib/python3.12/site-packages/airflow/example_dags/tutorial_objectstorage.py for tasks to queue
[2025-08-17T21:46:40.142+0000] {logging_mixin.py:190} INFO - [2025-08-17T21:46:40.142+0000] {dagbag.py:588} INFO - Filling up the DagBag from /home/airflow/.local/lib/python3.12/site-packages/airflow/example_dags/tutorial_objectstorage.py
[2025-08-17T21:46:40.153+0000] {processor.py:925} INFO - DAG(s) 'tutorial_objectstorage' retrieved from /home/airflow/.local/lib/python3.12/site-packages/airflow/example_dags/tutorial_objectstorage.py
[2025-08-17T21:46:40.172+0000] {logging_mixin.py:190} INFO - [2025-08-17T21:46:40.172+0000] {dag.py:3239} INFO - Sync 1 DAGs
[2025-08-17T21:46:40.186+0000] {logging_mixin.py:190} INFO - [2025-08-17T21:46:40.186+0000] {dag.py:4180} INFO - Setting next_dagrun for tutorial_objectstorage to None, run_after=None
[2025-08-17T21:46:40.205+0000] {processor.py:208} INFO - Processing /home/airflow/.local/lib/python3.12/site-packages/airflow/example_dags/tutorial_objectstorage.py took 0.074 seconds
[2025-08-17T21:47:11.036+0000] {processor.py:186} INFO - Started process (PID=919) to work on /home/airflow/.local/lib/python3.12/site-packages/airflow/example_dags/tutorial_objectstorage.py
[2025-08-17T21:47:11.037+0000] {processor.py:914} INFO - Processing file /home/airflow/.local/lib/python3.12/site-packages/airflow/example_dags/tutorial_objectstorage.py for tasks to queue
[2025-08-17T21:47:11.039+0000] {logging_mixin.py:190} INFO - [2025-08-17T21:47:11.039+0000] {dagbag.py:588} INFO - Filling up the DagBag from /home/airflow/.local/lib/python3.12/site-packages/airflow/example_dags/tutorial_objectstorage.py
[2025-08-17T21:47:11.048+0000] {processor.py:925} INFO - DAG(s) 'tutorial_objectstorage' retrieved from /home/airflow/.local/lib/python3.12/site-packages/airflow/example_dags/tutorial_objectstorage.py
[2025-08-17T21:47:11.066+0000] {logging_mixin.py:190} INFO - [2025-08-17T21:47:11.066+0000] {dag.py:3239} INFO - Sync 1 DAGs
[2025-08-17T21:47:11.081+0000] {logging_mixin.py:190} INFO - [2025-08-17T21:47:11.081+0000] {dag.py:4180} INFO - Setting next_dagrun for tutorial_objectstorage to None, run_after=None
[2025-08-17T21:47:11.099+0000] {processor.py:208} INFO - Processing /home/airflow/.local/lib/python3.12/site-packages/airflow/example_dags/tutorial_objectstorage.py took 0.069 seconds
[2025-08-17T21:47:41.171+0000] {processor.py:186} INFO - Started process (PID=982) to work on /home/airflow/.local/lib/python3.12/site-packages/airflow/example_dags/tutorial_objectstorage.py
[2025-08-17T21:47:41.172+0000] {processor.py:914} INFO - Processing file /home/airflow/.local/lib/python3.12/site-packages/airflow/example_dags/tutorial_objectstorage.py for tasks to queue
[2025-08-17T21:47:41.174+0000] {logging_mixin.py:190} INFO - [2025-08-17T21:47:41.174+0000] {dagbag.py:588} INFO - Filling up the DagBag from /home/airflow/.local/lib/python3.12/site-packages/airflow/example_dags/tutorial_objectstorage.py
[2025-08-17T21:47:41.183+0000] {processor.py:925} INFO - DAG(s) 'tutorial_objectstorage' retrieved from /home/airflow/.local/lib/python3.12/site-packages/airflow/example_dags/tutorial_objectstorage.py
[2025-08-17T21:47:41.201+0000] {logging_mixin.py:190} INFO - [2025-08-17T21:47:41.200+0000] {dag.py:3239} INFO - Sync 1 DAGs
[2025-08-17T21:47:41.212+0000] {logging_mixin.py:190} INFO - [2025-08-17T21:47:41.212+0000] {dag.py:4180} INFO - Setting next_dagrun for tutorial_objectstorage to None, run_after=None
[2025-08-17T21:47:41.231+0000] {processor.py:208} INFO - Processing /home/airflow/.local/lib/python3.12/site-packages/airflow/example_dags/tutorial_objectstorage.py took 0.066 seconds
