[2025-08-17T21:40:32.288+0000] {processor.py:186} INFO - Started process (PID=100) to work on /home/airflow/.local/lib/python3.12/site-packages/airflow/example_dags/tutorial_taskflow_api.py
[2025-08-17T21:40:32.289+0000] {processor.py:914} INFO - Processing file /home/airflow/.local/lib/python3.12/site-packages/airflow/example_dags/tutorial_taskflow_api.py for tasks to queue
[2025-08-17T21:40:32.291+0000] {logging_mixin.py:190} INFO - [2025-08-17T21:40:32.291+0000] {dagbag.py:588} INFO - Filling up the DagBag from /home/airflow/.local/lib/python3.12/site-packages/airflow/example_dags/tutorial_taskflow_api.py
[2025-08-17T21:40:32.301+0000] {processor.py:925} INFO - DAG(s) 'tutorial_taskflow_api' retrieved from /home/airflow/.local/lib/python3.12/site-packages/airflow/example_dags/tutorial_taskflow_api.py
[2025-08-17T21:40:32.404+0000] {logging_mixin.py:190} INFO - [2025-08-17T21:40:32.403+0000] {override.py:1930} INFO - Created Permission View: can read on DAG:tutorial_taskflow_api
[2025-08-17T21:40:32.413+0000] {logging_mixin.py:190} INFO - [2025-08-17T21:40:32.413+0000] {override.py:1930} INFO - Created Permission View: can edit on DAG:tutorial_taskflow_api
[2025-08-17T21:40:32.418+0000] {logging_mixin.py:190} INFO - [2025-08-17T21:40:32.418+0000] {override.py:1930} INFO - Created Permission View: can delete on DAG:tutorial_taskflow_api
[2025-08-17T21:40:32.423+0000] {logging_mixin.py:190} INFO - [2025-08-17T21:40:32.423+0000] {override.py:1930} INFO - Created Permission View: can read on DAG Run:tutorial_taskflow_api
[2025-08-17T21:40:32.429+0000] {logging_mixin.py:190} INFO - [2025-08-17T21:40:32.429+0000] {override.py:1930} INFO - Created Permission View: can create on DAG Run:tutorial_taskflow_api
[2025-08-17T21:40:32.434+0000] {logging_mixin.py:190} INFO - [2025-08-17T21:40:32.434+0000] {override.py:1930} INFO - Created Permission View: can delete on DAG Run:tutorial_taskflow_api
[2025-08-17T21:40:32.439+0000] {logging_mixin.py:190} INFO - [2025-08-17T21:40:32.438+0000] {override.py:1930} INFO - Created Permission View: menu access on DAG Run:tutorial_taskflow_api
[2025-08-17T21:40:32.439+0000] {logging_mixin.py:190} INFO - [2025-08-17T21:40:32.439+0000] {dag.py:3239} INFO - Sync 1 DAGs
[2025-08-17T21:40:32.450+0000] {logging_mixin.py:190} INFO - [2025-08-17T21:40:32.449+0000] {dag.py:3262} INFO - Creating ORM DAG for tutorial_taskflow_api
[2025-08-17T21:40:32.450+0000] {logging_mixin.py:190} INFO - [2025-08-17T21:40:32.450+0000] {dag.py:4180} INFO - Setting next_dagrun for tutorial_taskflow_api to None, run_after=None
[2025-08-17T21:40:32.466+0000] {processor.py:208} INFO - Processing /home/airflow/.local/lib/python3.12/site-packages/airflow/example_dags/tutorial_taskflow_api.py took 0.184 seconds
[2025-08-17T21:41:02.943+0000] {processor.py:186} INFO - Started process (PID=163) to work on /home/airflow/.local/lib/python3.12/site-packages/airflow/example_dags/tutorial_taskflow_api.py
[2025-08-17T21:41:02.944+0000] {processor.py:914} INFO - Processing file /home/airflow/.local/lib/python3.12/site-packages/airflow/example_dags/tutorial_taskflow_api.py for tasks to queue
[2025-08-17T21:41:02.946+0000] {logging_mixin.py:190} INFO - [2025-08-17T21:41:02.946+0000] {dagbag.py:588} INFO - Filling up the DagBag from /home/airflow/.local/lib/python3.12/site-packages/airflow/example_dags/tutorial_taskflow_api.py
[2025-08-17T21:41:02.954+0000] {processor.py:925} INFO - DAG(s) 'tutorial_taskflow_api' retrieved from /home/airflow/.local/lib/python3.12/site-packages/airflow/example_dags/tutorial_taskflow_api.py
[2025-08-17T21:41:02.971+0000] {logging_mixin.py:190} INFO - [2025-08-17T21:41:02.971+0000] {dag.py:3239} INFO - Sync 1 DAGs
[2025-08-17T21:41:02.983+0000] {logging_mixin.py:190} INFO - [2025-08-17T21:41:02.983+0000] {dag.py:4180} INFO - Setting next_dagrun for tutorial_taskflow_api to None, run_after=None
[2025-08-17T21:41:02.997+0000] {processor.py:208} INFO - Processing /home/airflow/.local/lib/python3.12/site-packages/airflow/example_dags/tutorial_taskflow_api.py took 0.059 seconds
[2025-08-17T21:41:33.441+0000] {processor.py:186} INFO - Started process (PID=226) to work on /home/airflow/.local/lib/python3.12/site-packages/airflow/example_dags/tutorial_taskflow_api.py
[2025-08-17T21:41:33.442+0000] {processor.py:914} INFO - Processing file /home/airflow/.local/lib/python3.12/site-packages/airflow/example_dags/tutorial_taskflow_api.py for tasks to queue
[2025-08-17T21:41:33.445+0000] {logging_mixin.py:190} INFO - [2025-08-17T21:41:33.445+0000] {dagbag.py:588} INFO - Filling up the DagBag from /home/airflow/.local/lib/python3.12/site-packages/airflow/example_dags/tutorial_taskflow_api.py
[2025-08-17T21:41:33.452+0000] {processor.py:925} INFO - DAG(s) 'tutorial_taskflow_api' retrieved from /home/airflow/.local/lib/python3.12/site-packages/airflow/example_dags/tutorial_taskflow_api.py
[2025-08-17T21:41:33.470+0000] {logging_mixin.py:190} INFO - [2025-08-17T21:41:33.470+0000] {dag.py:3239} INFO - Sync 1 DAGs
[2025-08-17T21:41:33.483+0000] {logging_mixin.py:190} INFO - [2025-08-17T21:41:33.482+0000] {dag.py:4180} INFO - Setting next_dagrun for tutorial_taskflow_api to None, run_after=None
[2025-08-17T21:41:33.505+0000] {processor.py:208} INFO - Processing /home/airflow/.local/lib/python3.12/site-packages/airflow/example_dags/tutorial_taskflow_api.py took 0.069 seconds
[2025-08-17T21:42:03.938+0000] {processor.py:186} INFO - Started process (PID=289) to work on /home/airflow/.local/lib/python3.12/site-packages/airflow/example_dags/tutorial_taskflow_api.py
[2025-08-17T21:42:03.939+0000] {processor.py:914} INFO - Processing file /home/airflow/.local/lib/python3.12/site-packages/airflow/example_dags/tutorial_taskflow_api.py for tasks to queue
[2025-08-17T21:42:03.942+0000] {logging_mixin.py:190} INFO - [2025-08-17T21:42:03.942+0000] {dagbag.py:588} INFO - Filling up the DagBag from /home/airflow/.local/lib/python3.12/site-packages/airflow/example_dags/tutorial_taskflow_api.py
[2025-08-17T21:42:03.951+0000] {processor.py:925} INFO - DAG(s) 'tutorial_taskflow_api' retrieved from /home/airflow/.local/lib/python3.12/site-packages/airflow/example_dags/tutorial_taskflow_api.py
[2025-08-17T21:42:03.970+0000] {logging_mixin.py:190} INFO - [2025-08-17T21:42:03.969+0000] {dag.py:3239} INFO - Sync 1 DAGs
[2025-08-17T21:42:03.982+0000] {logging_mixin.py:190} INFO - [2025-08-17T21:42:03.982+0000] {dag.py:4180} INFO - Setting next_dagrun for tutorial_taskflow_api to None, run_after=None
[2025-08-17T21:42:03.997+0000] {processor.py:208} INFO - Processing /home/airflow/.local/lib/python3.12/site-packages/airflow/example_dags/tutorial_taskflow_api.py took 0.065 seconds
[2025-08-17T21:42:34.173+0000] {processor.py:186} INFO - Started process (PID=352) to work on /home/airflow/.local/lib/python3.12/site-packages/airflow/example_dags/tutorial_taskflow_api.py
[2025-08-17T21:42:34.174+0000] {processor.py:914} INFO - Processing file /home/airflow/.local/lib/python3.12/site-packages/airflow/example_dags/tutorial_taskflow_api.py for tasks to queue
[2025-08-17T21:42:34.176+0000] {logging_mixin.py:190} INFO - [2025-08-17T21:42:34.176+0000] {dagbag.py:588} INFO - Filling up the DagBag from /home/airflow/.local/lib/python3.12/site-packages/airflow/example_dags/tutorial_taskflow_api.py
[2025-08-17T21:42:34.184+0000] {processor.py:925} INFO - DAG(s) 'tutorial_taskflow_api' retrieved from /home/airflow/.local/lib/python3.12/site-packages/airflow/example_dags/tutorial_taskflow_api.py
[2025-08-17T21:42:34.203+0000] {logging_mixin.py:190} INFO - [2025-08-17T21:42:34.203+0000] {dag.py:3239} INFO - Sync 1 DAGs
[2025-08-17T21:42:34.217+0000] {logging_mixin.py:190} INFO - [2025-08-17T21:42:34.217+0000] {dag.py:4180} INFO - Setting next_dagrun for tutorial_taskflow_api to None, run_after=None
[2025-08-17T21:42:34.237+0000] {processor.py:208} INFO - Processing /home/airflow/.local/lib/python3.12/site-packages/airflow/example_dags/tutorial_taskflow_api.py took 0.070 seconds
[2025-08-17T21:43:05.492+0000] {processor.py:186} INFO - Started process (PID=415) to work on /home/airflow/.local/lib/python3.12/site-packages/airflow/example_dags/tutorial_taskflow_api.py
[2025-08-17T21:43:05.493+0000] {processor.py:914} INFO - Processing file /home/airflow/.local/lib/python3.12/site-packages/airflow/example_dags/tutorial_taskflow_api.py for tasks to queue
[2025-08-17T21:43:05.495+0000] {logging_mixin.py:190} INFO - [2025-08-17T21:43:05.495+0000] {dagbag.py:588} INFO - Filling up the DagBag from /home/airflow/.local/lib/python3.12/site-packages/airflow/example_dags/tutorial_taskflow_api.py
[2025-08-17T21:43:05.503+0000] {processor.py:925} INFO - DAG(s) 'tutorial_taskflow_api' retrieved from /home/airflow/.local/lib/python3.12/site-packages/airflow/example_dags/tutorial_taskflow_api.py
[2025-08-17T21:43:05.522+0000] {logging_mixin.py:190} INFO - [2025-08-17T21:43:05.522+0000] {dag.py:3239} INFO - Sync 1 DAGs
[2025-08-17T21:43:05.535+0000] {logging_mixin.py:190} INFO - [2025-08-17T21:43:05.534+0000] {dag.py:4180} INFO - Setting next_dagrun for tutorial_taskflow_api to None, run_after=None
[2025-08-17T21:43:05.551+0000] {processor.py:208} INFO - Processing /home/airflow/.local/lib/python3.12/site-packages/airflow/example_dags/tutorial_taskflow_api.py took 0.066 seconds
[2025-08-17T21:43:36.505+0000] {processor.py:186} INFO - Started process (PID=478) to work on /home/airflow/.local/lib/python3.12/site-packages/airflow/example_dags/tutorial_taskflow_api.py
[2025-08-17T21:43:36.506+0000] {processor.py:914} INFO - Processing file /home/airflow/.local/lib/python3.12/site-packages/airflow/example_dags/tutorial_taskflow_api.py for tasks to queue
[2025-08-17T21:43:36.508+0000] {logging_mixin.py:190} INFO - [2025-08-17T21:43:36.508+0000] {dagbag.py:588} INFO - Filling up the DagBag from /home/airflow/.local/lib/python3.12/site-packages/airflow/example_dags/tutorial_taskflow_api.py
[2025-08-17T21:43:36.516+0000] {processor.py:925} INFO - DAG(s) 'tutorial_taskflow_api' retrieved from /home/airflow/.local/lib/python3.12/site-packages/airflow/example_dags/tutorial_taskflow_api.py
[2025-08-17T21:43:36.535+0000] {logging_mixin.py:190} INFO - [2025-08-17T21:43:36.535+0000] {dag.py:3239} INFO - Sync 1 DAGs
[2025-08-17T21:43:36.550+0000] {logging_mixin.py:190} INFO - [2025-08-17T21:43:36.550+0000] {dag.py:4180} INFO - Setting next_dagrun for tutorial_taskflow_api to None, run_after=None
[2025-08-17T21:43:36.574+0000] {processor.py:208} INFO - Processing /home/airflow/.local/lib/python3.12/site-packages/airflow/example_dags/tutorial_taskflow_api.py took 0.075 seconds
[2025-08-17T21:44:06.946+0000] {processor.py:186} INFO - Started process (PID=540) to work on /home/airflow/.local/lib/python3.12/site-packages/airflow/example_dags/tutorial_taskflow_api.py
[2025-08-17T21:44:06.947+0000] {processor.py:914} INFO - Processing file /home/airflow/.local/lib/python3.12/site-packages/airflow/example_dags/tutorial_taskflow_api.py for tasks to queue
[2025-08-17T21:44:06.949+0000] {logging_mixin.py:190} INFO - [2025-08-17T21:44:06.949+0000] {dagbag.py:588} INFO - Filling up the DagBag from /home/airflow/.local/lib/python3.12/site-packages/airflow/example_dags/tutorial_taskflow_api.py
[2025-08-17T21:44:06.957+0000] {processor.py:925} INFO - DAG(s) 'tutorial_taskflow_api' retrieved from /home/airflow/.local/lib/python3.12/site-packages/airflow/example_dags/tutorial_taskflow_api.py
[2025-08-17T21:44:06.976+0000] {logging_mixin.py:190} INFO - [2025-08-17T21:44:06.976+0000] {dag.py:3239} INFO - Sync 1 DAGs
[2025-08-17T21:44:06.988+0000] {logging_mixin.py:190} INFO - [2025-08-17T21:44:06.988+0000] {dag.py:4180} INFO - Setting next_dagrun for tutorial_taskflow_api to None, run_after=None
[2025-08-17T21:44:07.008+0000] {processor.py:208} INFO - Processing /home/airflow/.local/lib/python3.12/site-packages/airflow/example_dags/tutorial_taskflow_api.py took 0.068 seconds
[2025-08-17T21:44:37.196+0000] {processor.py:186} INFO - Started process (PID=603) to work on /home/airflow/.local/lib/python3.12/site-packages/airflow/example_dags/tutorial_taskflow_api.py
[2025-08-17T21:44:37.197+0000] {processor.py:914} INFO - Processing file /home/airflow/.local/lib/python3.12/site-packages/airflow/example_dags/tutorial_taskflow_api.py for tasks to queue
[2025-08-17T21:44:37.199+0000] {logging_mixin.py:190} INFO - [2025-08-17T21:44:37.199+0000] {dagbag.py:588} INFO - Filling up the DagBag from /home/airflow/.local/lib/python3.12/site-packages/airflow/example_dags/tutorial_taskflow_api.py
[2025-08-17T21:44:37.208+0000] {processor.py:925} INFO - DAG(s) 'tutorial_taskflow_api' retrieved from /home/airflow/.local/lib/python3.12/site-packages/airflow/example_dags/tutorial_taskflow_api.py
[2025-08-17T21:44:37.228+0000] {logging_mixin.py:190} INFO - [2025-08-17T21:44:37.227+0000] {dag.py:3239} INFO - Sync 1 DAGs
[2025-08-17T21:44:37.240+0000] {logging_mixin.py:190} INFO - [2025-08-17T21:44:37.239+0000] {dag.py:4180} INFO - Setting next_dagrun for tutorial_taskflow_api to None, run_after=None
[2025-08-17T21:44:37.259+0000] {processor.py:208} INFO - Processing /home/airflow/.local/lib/python3.12/site-packages/airflow/example_dags/tutorial_taskflow_api.py took 0.068 seconds
[2025-08-17T21:45:07.457+0000] {processor.py:186} INFO - Started process (PID=666) to work on /home/airflow/.local/lib/python3.12/site-packages/airflow/example_dags/tutorial_taskflow_api.py
[2025-08-17T21:45:07.457+0000] {processor.py:914} INFO - Processing file /home/airflow/.local/lib/python3.12/site-packages/airflow/example_dags/tutorial_taskflow_api.py for tasks to queue
[2025-08-17T21:45:07.460+0000] {logging_mixin.py:190} INFO - [2025-08-17T21:45:07.459+0000] {dagbag.py:588} INFO - Filling up the DagBag from /home/airflow/.local/lib/python3.12/site-packages/airflow/example_dags/tutorial_taskflow_api.py
[2025-08-17T21:45:07.467+0000] {processor.py:925} INFO - DAG(s) 'tutorial_taskflow_api' retrieved from /home/airflow/.local/lib/python3.12/site-packages/airflow/example_dags/tutorial_taskflow_api.py
[2025-08-17T21:45:07.486+0000] {logging_mixin.py:190} INFO - [2025-08-17T21:45:07.486+0000] {dag.py:3239} INFO - Sync 1 DAGs
[2025-08-17T21:45:07.500+0000] {logging_mixin.py:190} INFO - [2025-08-17T21:45:07.499+0000] {dag.py:4180} INFO - Setting next_dagrun for tutorial_taskflow_api to None, run_after=None
[2025-08-17T21:45:07.514+0000] {processor.py:208} INFO - Processing /home/airflow/.local/lib/python3.12/site-packages/airflow/example_dags/tutorial_taskflow_api.py took 0.063 seconds
[2025-08-17T21:45:37.587+0000] {processor.py:186} INFO - Started process (PID=729) to work on /home/airflow/.local/lib/python3.12/site-packages/airflow/example_dags/tutorial_taskflow_api.py
[2025-08-17T21:45:37.587+0000] {processor.py:914} INFO - Processing file /home/airflow/.local/lib/python3.12/site-packages/airflow/example_dags/tutorial_taskflow_api.py for tasks to queue
[2025-08-17T21:45:37.589+0000] {logging_mixin.py:190} INFO - [2025-08-17T21:45:37.589+0000] {dagbag.py:588} INFO - Filling up the DagBag from /home/airflow/.local/lib/python3.12/site-packages/airflow/example_dags/tutorial_taskflow_api.py
[2025-08-17T21:45:37.597+0000] {processor.py:925} INFO - DAG(s) 'tutorial_taskflow_api' retrieved from /home/airflow/.local/lib/python3.12/site-packages/airflow/example_dags/tutorial_taskflow_api.py
[2025-08-17T21:45:37.616+0000] {logging_mixin.py:190} INFO - [2025-08-17T21:45:37.615+0000] {dag.py:3239} INFO - Sync 1 DAGs
[2025-08-17T21:45:37.627+0000] {logging_mixin.py:190} INFO - [2025-08-17T21:45:37.627+0000] {dag.py:4180} INFO - Setting next_dagrun for tutorial_taskflow_api to None, run_after=None
[2025-08-17T21:45:37.648+0000] {processor.py:208} INFO - Processing /home/airflow/.local/lib/python3.12/site-packages/airflow/example_dags/tutorial_taskflow_api.py took 0.066 seconds
[2025-08-17T21:46:09.315+0000] {processor.py:186} INFO - Started process (PID=792) to work on /home/airflow/.local/lib/python3.12/site-packages/airflow/example_dags/tutorial_taskflow_api.py
[2025-08-17T21:46:09.316+0000] {processor.py:914} INFO - Processing file /home/airflow/.local/lib/python3.12/site-packages/airflow/example_dags/tutorial_taskflow_api.py for tasks to queue
[2025-08-17T21:46:09.318+0000] {logging_mixin.py:190} INFO - [2025-08-17T21:46:09.318+0000] {dagbag.py:588} INFO - Filling up the DagBag from /home/airflow/.local/lib/python3.12/site-packages/airflow/example_dags/tutorial_taskflow_api.py
[2025-08-17T21:46:09.326+0000] {processor.py:925} INFO - DAG(s) 'tutorial_taskflow_api' retrieved from /home/airflow/.local/lib/python3.12/site-packages/airflow/example_dags/tutorial_taskflow_api.py
[2025-08-17T21:46:09.346+0000] {logging_mixin.py:190} INFO - [2025-08-17T21:46:09.346+0000] {dag.py:3239} INFO - Sync 1 DAGs
[2025-08-17T21:46:09.360+0000] {logging_mixin.py:190} INFO - [2025-08-17T21:46:09.360+0000] {dag.py:4180} INFO - Setting next_dagrun for tutorial_taskflow_api to None, run_after=None
[2025-08-17T21:46:09.384+0000] {processor.py:208} INFO - Processing /home/airflow/.local/lib/python3.12/site-packages/airflow/example_dags/tutorial_taskflow_api.py took 0.074 seconds
[2025-08-17T21:46:40.041+0000] {processor.py:186} INFO - Started process (PID=855) to work on /home/airflow/.local/lib/python3.12/site-packages/airflow/example_dags/tutorial_taskflow_api.py
[2025-08-17T21:46:40.042+0000] {processor.py:914} INFO - Processing file /home/airflow/.local/lib/python3.12/site-packages/airflow/example_dags/tutorial_taskflow_api.py for tasks to queue
[2025-08-17T21:46:40.044+0000] {logging_mixin.py:190} INFO - [2025-08-17T21:46:40.044+0000] {dagbag.py:588} INFO - Filling up the DagBag from /home/airflow/.local/lib/python3.12/site-packages/airflow/example_dags/tutorial_taskflow_api.py
[2025-08-17T21:46:40.052+0000] {processor.py:925} INFO - DAG(s) 'tutorial_taskflow_api' retrieved from /home/airflow/.local/lib/python3.12/site-packages/airflow/example_dags/tutorial_taskflow_api.py
[2025-08-17T21:46:40.070+0000] {logging_mixin.py:190} INFO - [2025-08-17T21:46:40.069+0000] {dag.py:3239} INFO - Sync 1 DAGs
[2025-08-17T21:46:40.082+0000] {logging_mixin.py:190} INFO - [2025-08-17T21:46:40.082+0000] {dag.py:4180} INFO - Setting next_dagrun for tutorial_taskflow_api to None, run_after=None
[2025-08-17T21:46:40.098+0000] {processor.py:208} INFO - Processing /home/airflow/.local/lib/python3.12/site-packages/airflow/example_dags/tutorial_taskflow_api.py took 0.062 seconds
[2025-08-17T21:47:10.932+0000] {processor.py:186} INFO - Started process (PID=918) to work on /home/airflow/.local/lib/python3.12/site-packages/airflow/example_dags/tutorial_taskflow_api.py
[2025-08-17T21:47:10.933+0000] {processor.py:914} INFO - Processing file /home/airflow/.local/lib/python3.12/site-packages/airflow/example_dags/tutorial_taskflow_api.py for tasks to queue
[2025-08-17T21:47:10.935+0000] {logging_mixin.py:190} INFO - [2025-08-17T21:47:10.935+0000] {dagbag.py:588} INFO - Filling up the DagBag from /home/airflow/.local/lib/python3.12/site-packages/airflow/example_dags/tutorial_taskflow_api.py
[2025-08-17T21:47:10.943+0000] {processor.py:925} INFO - DAG(s) 'tutorial_taskflow_api' retrieved from /home/airflow/.local/lib/python3.12/site-packages/airflow/example_dags/tutorial_taskflow_api.py
[2025-08-17T21:47:10.963+0000] {logging_mixin.py:190} INFO - [2025-08-17T21:47:10.963+0000] {dag.py:3239} INFO - Sync 1 DAGs
[2025-08-17T21:47:10.976+0000] {logging_mixin.py:190} INFO - [2025-08-17T21:47:10.975+0000] {dag.py:4180} INFO - Setting next_dagrun for tutorial_taskflow_api to None, run_after=None
[2025-08-17T21:47:10.998+0000] {processor.py:208} INFO - Processing /home/airflow/.local/lib/python3.12/site-packages/airflow/example_dags/tutorial_taskflow_api.py took 0.073 seconds
[2025-08-17T21:47:41.069+0000] {processor.py:186} INFO - Started process (PID=980) to work on /home/airflow/.local/lib/python3.12/site-packages/airflow/example_dags/tutorial_taskflow_api.py
[2025-08-17T21:47:41.070+0000] {processor.py:914} INFO - Processing file /home/airflow/.local/lib/python3.12/site-packages/airflow/example_dags/tutorial_taskflow_api.py for tasks to queue
[2025-08-17T21:47:41.072+0000] {logging_mixin.py:190} INFO - [2025-08-17T21:47:41.072+0000] {dagbag.py:588} INFO - Filling up the DagBag from /home/airflow/.local/lib/python3.12/site-packages/airflow/example_dags/tutorial_taskflow_api.py
[2025-08-17T21:47:41.080+0000] {processor.py:925} INFO - DAG(s) 'tutorial_taskflow_api' retrieved from /home/airflow/.local/lib/python3.12/site-packages/airflow/example_dags/tutorial_taskflow_api.py
[2025-08-17T21:47:41.098+0000] {logging_mixin.py:190} INFO - [2025-08-17T21:47:41.098+0000] {dag.py:3239} INFO - Sync 1 DAGs
[2025-08-17T21:47:41.109+0000] {logging_mixin.py:190} INFO - [2025-08-17T21:47:41.109+0000] {dag.py:4180} INFO - Setting next_dagrun for tutorial_taskflow_api to None, run_after=None
[2025-08-17T21:47:41.127+0000] {processor.py:208} INFO - Processing /home/airflow/.local/lib/python3.12/site-packages/airflow/example_dags/tutorial_taskflow_api.py took 0.063 seconds
