[2025-08-17T21:54:35.677+0000] {processor.py:186} INFO - Started process (PID=116) to work on /opt/airflow/dags/Example.py
[2025-08-17T21:54:35.678+0000] {processor.py:914} INFO - Processing file /opt/airflow/dags/Example.py for tasks to queue
[2025-08-17T21:54:35.680+0000] {logging_mixin.py:190} INFO - [2025-08-17T21:54:35.679+0000] {dagbag.py:588} INFO - Filling up the DagBag from /opt/airflow/dags/Example.py
[2025-08-17T21:54:35.692+0000] {logging_mixin.py:190} INFO - [2025-08-17T21:54:35.689+0000] {dagbag.py:387} ERROR - Failed to import: /opt/airflow/dags/Example.py
Traceback (most recent call last):
  File "/home/airflow/.local/lib/python3.12/site-packages/airflow/models/dagbag.py", line 383, in parse
    loader.exec_module(new_module)
  File "<frozen importlib._bootstrap_external>", line 999, in exec_module
  File "<frozen importlib._bootstrap>", line 488, in _call_with_frames_removed
  File "/opt/airflow/dags/Example.py", line 5, in <module>
    from airflow.providers.standard.operators.bash import BashOperator
ModuleNotFoundError: No module named 'airflow.providers.standard'
[2025-08-17T21:54:35.694+0000] {processor.py:927} WARNING - No viable dags retrieved from /opt/airflow/dags/Example.py
[2025-08-17T21:54:35.711+0000] {processor.py:208} INFO - Processing /opt/airflow/dags/Example.py took 0.039 seconds
[2025-08-17T21:54:56.788+0000] {processor.py:186} INFO - Started process (PID=123) to work on /opt/airflow/dags/Example.py
[2025-08-17T21:54:56.790+0000] {processor.py:914} INFO - Processing file /opt/airflow/dags/Example.py for tasks to queue
[2025-08-17T21:54:56.793+0000] {logging_mixin.py:190} INFO - [2025-08-17T21:54:56.792+0000] {dagbag.py:588} INFO - Filling up the DagBag from /opt/airflow/dags/Example.py
[2025-08-17T21:54:56.819+0000] {processor.py:925} INFO - DAG(s) 'hello_world_minimal' retrieved from /opt/airflow/dags/Example.py
[2025-08-17T21:54:57.039+0000] {logging_mixin.py:190} INFO - [2025-08-17T21:54:57.038+0000] {override.py:1930} INFO - Created Permission View: can delete on DAG:hello_world_minimal
[2025-08-17T21:54:57.047+0000] {logging_mixin.py:190} INFO - [2025-08-17T21:54:57.047+0000] {override.py:1930} INFO - Created Permission View: can edit on DAG:hello_world_minimal
[2025-08-17T21:54:57.052+0000] {logging_mixin.py:190} INFO - [2025-08-17T21:54:57.051+0000] {override.py:1930} INFO - Created Permission View: can read on DAG:hello_world_minimal
[2025-08-17T21:54:57.057+0000] {logging_mixin.py:190} INFO - [2025-08-17T21:54:57.057+0000] {override.py:1930} INFO - Created Permission View: can delete on DAG Run:hello_world_minimal
[2025-08-17T21:54:57.063+0000] {logging_mixin.py:190} INFO - [2025-08-17T21:54:57.063+0000] {override.py:1930} INFO - Created Permission View: can read on DAG Run:hello_world_minimal
[2025-08-17T21:54:57.068+0000] {logging_mixin.py:190} INFO - [2025-08-17T21:54:57.068+0000] {override.py:1930} INFO - Created Permission View: can create on DAG Run:hello_world_minimal
[2025-08-17T21:54:57.074+0000] {logging_mixin.py:190} INFO - [2025-08-17T21:54:57.074+0000] {override.py:1930} INFO - Created Permission View: menu access on DAG Run:hello_world_minimal
[2025-08-17T21:54:57.075+0000] {logging_mixin.py:190} INFO - [2025-08-17T21:54:57.074+0000] {dag.py:3239} INFO - Sync 1 DAGs
[2025-08-17T21:54:57.086+0000] {logging_mixin.py:190} INFO - [2025-08-17T21:54:57.086+0000] {dag.py:3262} INFO - Creating ORM DAG for hello_world_minimal
[2025-08-17T21:54:57.087+0000] {logging_mixin.py:190} INFO - [2025-08-17T21:54:57.086+0000] {dag.py:4180} INFO - Setting next_dagrun for hello_world_minimal to None, run_after=None
[2025-08-17T21:54:57.104+0000] {processor.py:208} INFO - Processing /opt/airflow/dags/Example.py took 0.322 seconds
[2025-08-17T21:55:27.276+0000] {processor.py:186} INFO - Started process (PID=130) to work on /opt/airflow/dags/Example.py
[2025-08-17T21:55:27.277+0000] {processor.py:914} INFO - Processing file /opt/airflow/dags/Example.py for tasks to queue
[2025-08-17T21:55:27.279+0000] {logging_mixin.py:190} INFO - [2025-08-17T21:55:27.279+0000] {dagbag.py:588} INFO - Filling up the DagBag from /opt/airflow/dags/Example.py
[2025-08-17T21:55:27.292+0000] {processor.py:925} INFO - DAG(s) 'hello_world_minimal' retrieved from /opt/airflow/dags/Example.py
[2025-08-17T21:55:27.315+0000] {logging_mixin.py:190} INFO - [2025-08-17T21:55:27.315+0000] {dag.py:3239} INFO - Sync 1 DAGs
[2025-08-17T21:55:27.329+0000] {logging_mixin.py:190} INFO - [2025-08-17T21:55:27.329+0000] {dag.py:4180} INFO - Setting next_dagrun for hello_world_minimal to None, run_after=None
[2025-08-17T21:55:27.350+0000] {processor.py:208} INFO - Processing /opt/airflow/dags/Example.py took 0.080 seconds
[2025-08-17T21:55:57.448+0000] {processor.py:186} INFO - Started process (PID=137) to work on /opt/airflow/dags/Example.py
[2025-08-17T21:55:57.449+0000] {processor.py:914} INFO - Processing file /opt/airflow/dags/Example.py for tasks to queue
[2025-08-17T21:55:57.452+0000] {logging_mixin.py:190} INFO - [2025-08-17T21:55:57.451+0000] {dagbag.py:588} INFO - Filling up the DagBag from /opt/airflow/dags/Example.py
[2025-08-17T21:55:57.464+0000] {processor.py:925} INFO - DAG(s) 'hello_world_minimal' retrieved from /opt/airflow/dags/Example.py
[2025-08-17T21:55:57.488+0000] {logging_mixin.py:190} INFO - [2025-08-17T21:55:57.488+0000] {dag.py:3239} INFO - Sync 1 DAGs
[2025-08-17T21:55:57.500+0000] {logging_mixin.py:190} INFO - [2025-08-17T21:55:57.499+0000] {dag.py:4180} INFO - Setting next_dagrun for hello_world_minimal to None, run_after=None
[2025-08-17T21:55:57.521+0000] {processor.py:208} INFO - Processing /opt/airflow/dags/Example.py took 0.077 seconds
[2025-08-17T21:56:27.678+0000] {processor.py:186} INFO - Started process (PID=144) to work on /opt/airflow/dags/Example.py
[2025-08-17T21:56:27.679+0000] {processor.py:914} INFO - Processing file /opt/airflow/dags/Example.py for tasks to queue
[2025-08-17T21:56:27.682+0000] {logging_mixin.py:190} INFO - [2025-08-17T21:56:27.682+0000] {dagbag.py:588} INFO - Filling up the DagBag from /opt/airflow/dags/Example.py
[2025-08-17T21:56:27.705+0000] {processor.py:925} INFO - DAG(s) 'hello_world_minimal' retrieved from /opt/airflow/dags/Example.py
[2025-08-17T21:56:27.736+0000] {logging_mixin.py:190} INFO - [2025-08-17T21:56:27.735+0000] {dag.py:3239} INFO - Sync 1 DAGs
[2025-08-17T21:56:27.749+0000] {logging_mixin.py:190} INFO - [2025-08-17T21:56:27.749+0000] {dag.py:4180} INFO - Setting next_dagrun for hello_world_minimal to None, run_after=None
[2025-08-17T21:56:27.767+0000] {processor.py:208} INFO - Processing /opt/airflow/dags/Example.py took 0.095 seconds
[2025-08-17T21:56:57.849+0000] {processor.py:186} INFO - Started process (PID=151) to work on /opt/airflow/dags/Example.py
[2025-08-17T21:56:57.850+0000] {processor.py:914} INFO - Processing file /opt/airflow/dags/Example.py for tasks to queue
[2025-08-17T21:56:57.853+0000] {logging_mixin.py:190} INFO - [2025-08-17T21:56:57.852+0000] {dagbag.py:588} INFO - Filling up the DagBag from /opt/airflow/dags/Example.py
[2025-08-17T21:56:57.865+0000] {processor.py:925} INFO - DAG(s) 'hello_world_minimal' retrieved from /opt/airflow/dags/Example.py
[2025-08-17T21:56:57.890+0000] {logging_mixin.py:190} INFO - [2025-08-17T21:56:57.889+0000] {dag.py:3239} INFO - Sync 1 DAGs
[2025-08-17T21:56:57.903+0000] {logging_mixin.py:190} INFO - [2025-08-17T21:56:57.903+0000] {dag.py:4180} INFO - Setting next_dagrun for hello_world_minimal to None, run_after=None
[2025-08-17T21:56:57.922+0000] {processor.py:208} INFO - Processing /opt/airflow/dags/Example.py took 0.079 seconds
[2025-08-17T21:57:13.025+0000] {processor.py:186} INFO - Started process (PID=158) to work on /opt/airflow/dags/Example.py
[2025-08-17T21:57:13.026+0000] {processor.py:914} INFO - Processing file /opt/airflow/dags/Example.py for tasks to queue
[2025-08-17T21:57:13.028+0000] {logging_mixin.py:190} INFO - [2025-08-17T21:57:13.027+0000] {dagbag.py:588} INFO - Filling up the DagBag from /opt/airflow/dags/Example.py
[2025-08-17T21:57:13.046+0000] {processor.py:925} INFO - DAG(s) 'teste_basico' retrieved from /opt/airflow/dags/Example.py
[2025-08-17T21:57:13.158+0000] {logging_mixin.py:190} INFO - [2025-08-17T21:57:13.158+0000] {override.py:1930} INFO - Created Permission View: can delete on DAG:teste_basico
[2025-08-17T21:57:13.169+0000] {logging_mixin.py:190} INFO - [2025-08-17T21:57:13.169+0000] {override.py:1930} INFO - Created Permission View: can edit on DAG:teste_basico
[2025-08-17T21:57:13.174+0000] {logging_mixin.py:190} INFO - [2025-08-17T21:57:13.174+0000] {override.py:1930} INFO - Created Permission View: can read on DAG:teste_basico
[2025-08-17T21:57:13.181+0000] {logging_mixin.py:190} INFO - [2025-08-17T21:57:13.180+0000] {override.py:1930} INFO - Created Permission View: can delete on DAG Run:teste_basico
[2025-08-17T21:57:13.186+0000] {logging_mixin.py:190} INFO - [2025-08-17T21:57:13.186+0000] {override.py:1930} INFO - Created Permission View: can read on DAG Run:teste_basico
[2025-08-17T21:57:13.191+0000] {logging_mixin.py:190} INFO - [2025-08-17T21:57:13.190+0000] {override.py:1930} INFO - Created Permission View: can create on DAG Run:teste_basico
[2025-08-17T21:57:13.195+0000] {logging_mixin.py:190} INFO - [2025-08-17T21:57:13.195+0000] {override.py:1930} INFO - Created Permission View: menu access on DAG Run:teste_basico
[2025-08-17T21:57:13.195+0000] {logging_mixin.py:190} INFO - [2025-08-17T21:57:13.195+0000] {dag.py:3239} INFO - Sync 1 DAGs
[2025-08-17T21:57:13.208+0000] {logging_mixin.py:190} INFO - [2025-08-17T21:57:13.208+0000] {dag.py:3262} INFO - Creating ORM DAG for teste_basico
[2025-08-17T21:57:13.209+0000] {logging_mixin.py:190} INFO - [2025-08-17T21:57:13.209+0000] {dag.py:4180} INFO - Setting next_dagrun for teste_basico to None, run_after=None
[2025-08-17T21:57:13.229+0000] {processor.py:208} INFO - Processing /opt/airflow/dags/Example.py took 0.209 seconds
[2025-08-17T21:57:43.402+0000] {processor.py:186} INFO - Started process (PID=165) to work on /opt/airflow/dags/Example.py
[2025-08-17T21:57:43.404+0000] {processor.py:914} INFO - Processing file /opt/airflow/dags/Example.py for tasks to queue
[2025-08-17T21:57:43.406+0000] {logging_mixin.py:190} INFO - [2025-08-17T21:57:43.406+0000] {dagbag.py:588} INFO - Filling up the DagBag from /opt/airflow/dags/Example.py
[2025-08-17T21:57:43.421+0000] {processor.py:925} INFO - DAG(s) 'teste_basico' retrieved from /opt/airflow/dags/Example.py
[2025-08-17T21:57:43.445+0000] {logging_mixin.py:190} INFO - [2025-08-17T21:57:43.445+0000] {dag.py:3239} INFO - Sync 1 DAGs
[2025-08-17T21:57:43.457+0000] {logging_mixin.py:190} INFO - [2025-08-17T21:57:43.456+0000] {dag.py:4180} INFO - Setting next_dagrun for teste_basico to None, run_after=None
[2025-08-17T21:57:43.478+0000] {processor.py:208} INFO - Processing /opt/airflow/dags/Example.py took 0.082 seconds
[2025-08-17T21:58:13.570+0000] {processor.py:186} INFO - Started process (PID=172) to work on /opt/airflow/dags/Example.py
[2025-08-17T21:58:13.571+0000] {processor.py:914} INFO - Processing file /opt/airflow/dags/Example.py for tasks to queue
[2025-08-17T21:58:13.573+0000] {logging_mixin.py:190} INFO - [2025-08-17T21:58:13.573+0000] {dagbag.py:588} INFO - Filling up the DagBag from /opt/airflow/dags/Example.py
[2025-08-17T21:58:13.588+0000] {processor.py:925} INFO - DAG(s) 'teste_basico' retrieved from /opt/airflow/dags/Example.py
[2025-08-17T21:58:13.616+0000] {logging_mixin.py:190} INFO - [2025-08-17T21:58:13.616+0000] {dag.py:3239} INFO - Sync 1 DAGs
[2025-08-17T21:58:13.629+0000] {logging_mixin.py:190} INFO - [2025-08-17T21:58:13.629+0000] {dag.py:4180} INFO - Setting next_dagrun for teste_basico to None, run_after=None
[2025-08-17T21:58:13.645+0000] {processor.py:208} INFO - Processing /opt/airflow/dags/Example.py took 0.081 seconds
[2025-08-17T21:58:43.820+0000] {processor.py:186} INFO - Started process (PID=179) to work on /opt/airflow/dags/Example.py
[2025-08-17T21:58:43.820+0000] {processor.py:914} INFO - Processing file /opt/airflow/dags/Example.py for tasks to queue
[2025-08-17T21:58:43.822+0000] {logging_mixin.py:190} INFO - [2025-08-17T21:58:43.821+0000] {dagbag.py:588} INFO - Filling up the DagBag from /opt/airflow/dags/Example.py
[2025-08-17T21:58:43.836+0000] {processor.py:925} INFO - DAG(s) 'teste_basico' retrieved from /opt/airflow/dags/Example.py
[2025-08-17T21:58:43.860+0000] {logging_mixin.py:190} INFO - [2025-08-17T21:58:43.860+0000] {dag.py:3239} INFO - Sync 1 DAGs
[2025-08-17T21:58:43.874+0000] {logging_mixin.py:190} INFO - [2025-08-17T21:58:43.873+0000] {dag.py:4180} INFO - Setting next_dagrun for teste_basico to None, run_after=None
[2025-08-17T21:58:43.889+0000] {processor.py:208} INFO - Processing /opt/airflow/dags/Example.py took 0.074 seconds
[2025-08-17T21:59:13.990+0000] {processor.py:186} INFO - Started process (PID=186) to work on /opt/airflow/dags/Example.py
[2025-08-17T21:59:13.991+0000] {processor.py:914} INFO - Processing file /opt/airflow/dags/Example.py for tasks to queue
[2025-08-17T21:59:13.992+0000] {logging_mixin.py:190} INFO - [2025-08-17T21:59:13.991+0000] {dagbag.py:588} INFO - Filling up the DagBag from /opt/airflow/dags/Example.py
[2025-08-17T21:59:14.004+0000] {processor.py:925} INFO - DAG(s) 'teste_basico' retrieved from /opt/airflow/dags/Example.py
[2025-08-17T21:59:14.032+0000] {logging_mixin.py:190} INFO - [2025-08-17T21:59:14.032+0000] {dag.py:3239} INFO - Sync 1 DAGs
[2025-08-17T21:59:14.047+0000] {logging_mixin.py:190} INFO - [2025-08-17T21:59:14.046+0000] {dag.py:4180} INFO - Setting next_dagrun for teste_basico to None, run_after=None
[2025-08-17T21:59:14.067+0000] {processor.py:208} INFO - Processing /opt/airflow/dags/Example.py took 0.083 seconds
[2025-08-17T21:59:44.235+0000] {processor.py:186} INFO - Started process (PID=193) to work on /opt/airflow/dags/Example.py
[2025-08-17T21:59:44.235+0000] {processor.py:914} INFO - Processing file /opt/airflow/dags/Example.py for tasks to queue
[2025-08-17T21:59:44.237+0000] {logging_mixin.py:190} INFO - [2025-08-17T21:59:44.236+0000] {dagbag.py:588} INFO - Filling up the DagBag from /opt/airflow/dags/Example.py
[2025-08-17T21:59:44.252+0000] {processor.py:925} INFO - DAG(s) 'teste_basico' retrieved from /opt/airflow/dags/Example.py
[2025-08-17T21:59:44.281+0000] {logging_mixin.py:190} INFO - [2025-08-17T21:59:44.281+0000] {dag.py:3239} INFO - Sync 1 DAGs
[2025-08-17T21:59:44.297+0000] {logging_mixin.py:190} INFO - [2025-08-17T21:59:44.297+0000] {dag.py:4180} INFO - Setting next_dagrun for teste_basico to None, run_after=None
[2025-08-17T21:59:44.312+0000] {processor.py:208} INFO - Processing /opt/airflow/dags/Example.py took 0.083 seconds
[2025-08-17T22:00:14.406+0000] {processor.py:186} INFO - Started process (PID=200) to work on /opt/airflow/dags/Example.py
[2025-08-17T22:00:14.407+0000] {processor.py:914} INFO - Processing file /opt/airflow/dags/Example.py for tasks to queue
[2025-08-17T22:00:14.408+0000] {logging_mixin.py:190} INFO - [2025-08-17T22:00:14.408+0000] {dagbag.py:588} INFO - Filling up the DagBag from /opt/airflow/dags/Example.py
[2025-08-17T22:00:14.420+0000] {processor.py:925} INFO - DAG(s) 'teste_basico' retrieved from /opt/airflow/dags/Example.py
[2025-08-17T22:00:14.442+0000] {logging_mixin.py:190} INFO - [2025-08-17T22:00:14.442+0000] {dag.py:3239} INFO - Sync 1 DAGs
[2025-08-17T22:00:14.455+0000] {logging_mixin.py:190} INFO - [2025-08-17T22:00:14.455+0000] {dag.py:4180} INFO - Setting next_dagrun for teste_basico to None, run_after=None
[2025-08-17T22:00:14.472+0000] {processor.py:208} INFO - Processing /opt/airflow/dags/Example.py took 0.071 seconds
[2025-08-17T22:00:44.644+0000] {processor.py:186} INFO - Started process (PID=207) to work on /opt/airflow/dags/Example.py
[2025-08-17T22:00:44.645+0000] {processor.py:914} INFO - Processing file /opt/airflow/dags/Example.py for tasks to queue
[2025-08-17T22:00:44.646+0000] {logging_mixin.py:190} INFO - [2025-08-17T22:00:44.645+0000] {dagbag.py:588} INFO - Filling up the DagBag from /opt/airflow/dags/Example.py
[2025-08-17T22:00:44.660+0000] {processor.py:925} INFO - DAG(s) 'teste_basico' retrieved from /opt/airflow/dags/Example.py
[2025-08-17T22:00:44.687+0000] {logging_mixin.py:190} INFO - [2025-08-17T22:00:44.687+0000] {dag.py:3239} INFO - Sync 1 DAGs
[2025-08-17T22:00:44.701+0000] {logging_mixin.py:190} INFO - [2025-08-17T22:00:44.701+0000] {dag.py:4180} INFO - Setting next_dagrun for teste_basico to None, run_after=None
[2025-08-17T22:00:44.720+0000] {processor.py:208} INFO - Processing /opt/airflow/dags/Example.py took 0.081 seconds
[2025-08-17T22:01:14.820+0000] {processor.py:186} INFO - Started process (PID=214) to work on /opt/airflow/dags/Example.py
[2025-08-17T22:01:14.821+0000] {processor.py:914} INFO - Processing file /opt/airflow/dags/Example.py for tasks to queue
[2025-08-17T22:01:14.822+0000] {logging_mixin.py:190} INFO - [2025-08-17T22:01:14.821+0000] {dagbag.py:588} INFO - Filling up the DagBag from /opt/airflow/dags/Example.py
[2025-08-17T22:01:14.834+0000] {processor.py:925} INFO - DAG(s) 'teste_basico' retrieved from /opt/airflow/dags/Example.py
[2025-08-17T22:01:14.857+0000] {logging_mixin.py:190} INFO - [2025-08-17T22:01:14.857+0000] {dag.py:3239} INFO - Sync 1 DAGs
[2025-08-17T22:01:14.869+0000] {logging_mixin.py:190} INFO - [2025-08-17T22:01:14.869+0000] {dag.py:4180} INFO - Setting next_dagrun for teste_basico to None, run_after=None
[2025-08-17T22:01:14.889+0000] {processor.py:208} INFO - Processing /opt/airflow/dags/Example.py took 0.074 seconds
[2025-08-17T22:01:45.039+0000] {processor.py:186} INFO - Started process (PID=221) to work on /opt/airflow/dags/Example.py
[2025-08-17T22:01:45.040+0000] {processor.py:914} INFO - Processing file /opt/airflow/dags/Example.py for tasks to queue
[2025-08-17T22:01:45.041+0000] {logging_mixin.py:190} INFO - [2025-08-17T22:01:45.041+0000] {dagbag.py:588} INFO - Filling up the DagBag from /opt/airflow/dags/Example.py
[2025-08-17T22:01:45.055+0000] {processor.py:925} INFO - DAG(s) 'teste_basico' retrieved from /opt/airflow/dags/Example.py
[2025-08-17T22:01:45.078+0000] {logging_mixin.py:190} INFO - [2025-08-17T22:01:45.077+0000] {dag.py:3239} INFO - Sync 1 DAGs
[2025-08-17T22:01:45.090+0000] {logging_mixin.py:190} INFO - [2025-08-17T22:01:45.090+0000] {dag.py:4180} INFO - Setting next_dagrun for teste_basico to None, run_after=None
[2025-08-17T22:01:45.110+0000] {processor.py:208} INFO - Processing /opt/airflow/dags/Example.py took 0.075 seconds
[2025-08-17T22:02:15.222+0000] {processor.py:186} INFO - Started process (PID=228) to work on /opt/airflow/dags/Example.py
[2025-08-17T22:02:15.223+0000] {processor.py:914} INFO - Processing file /opt/airflow/dags/Example.py for tasks to queue
[2025-08-17T22:02:15.224+0000] {logging_mixin.py:190} INFO - [2025-08-17T22:02:15.224+0000] {dagbag.py:588} INFO - Filling up the DagBag from /opt/airflow/dags/Example.py
[2025-08-17T22:02:15.238+0000] {processor.py:925} INFO - DAG(s) 'teste_basico' retrieved from /opt/airflow/dags/Example.py
[2025-08-17T22:02:15.263+0000] {logging_mixin.py:190} INFO - [2025-08-17T22:02:15.263+0000] {dag.py:3239} INFO - Sync 1 DAGs
[2025-08-17T22:02:15.277+0000] {logging_mixin.py:190} INFO - [2025-08-17T22:02:15.277+0000] {dag.py:4180} INFO - Setting next_dagrun for teste_basico to None, run_after=None
[2025-08-17T22:02:15.297+0000] {processor.py:208} INFO - Processing /opt/airflow/dags/Example.py took 0.081 seconds
[2025-08-17T22:02:45.442+0000] {processor.py:186} INFO - Started process (PID=235) to work on /opt/airflow/dags/Example.py
[2025-08-17T22:02:45.443+0000] {processor.py:914} INFO - Processing file /opt/airflow/dags/Example.py for tasks to queue
[2025-08-17T22:02:45.444+0000] {logging_mixin.py:190} INFO - [2025-08-17T22:02:45.444+0000] {dagbag.py:588} INFO - Filling up the DagBag from /opt/airflow/dags/Example.py
[2025-08-17T22:02:45.456+0000] {processor.py:925} INFO - DAG(s) 'teste_basico' retrieved from /opt/airflow/dags/Example.py
[2025-08-17T22:02:45.479+0000] {logging_mixin.py:190} INFO - [2025-08-17T22:02:45.479+0000] {dag.py:3239} INFO - Sync 1 DAGs
[2025-08-17T22:02:45.493+0000] {logging_mixin.py:190} INFO - [2025-08-17T22:02:45.493+0000] {dag.py:4180} INFO - Setting next_dagrun for teste_basico to None, run_after=None
[2025-08-17T22:02:45.514+0000] {processor.py:208} INFO - Processing /opt/airflow/dags/Example.py took 0.077 seconds
[2025-08-17T22:03:15.630+0000] {processor.py:186} INFO - Started process (PID=242) to work on /opt/airflow/dags/Example.py
[2025-08-17T22:03:15.632+0000] {processor.py:914} INFO - Processing file /opt/airflow/dags/Example.py for tasks to queue
[2025-08-17T22:03:15.634+0000] {logging_mixin.py:190} INFO - [2025-08-17T22:03:15.633+0000] {dagbag.py:588} INFO - Filling up the DagBag from /opt/airflow/dags/Example.py
[2025-08-17T22:03:15.652+0000] {processor.py:925} INFO - DAG(s) 'teste_basico' retrieved from /opt/airflow/dags/Example.py
[2025-08-17T22:03:15.682+0000] {logging_mixin.py:190} INFO - [2025-08-17T22:03:15.682+0000] {dag.py:3239} INFO - Sync 1 DAGs
[2025-08-17T22:03:15.700+0000] {logging_mixin.py:190} INFO - [2025-08-17T22:03:15.700+0000] {dag.py:4180} INFO - Setting next_dagrun for teste_basico to None, run_after=None
[2025-08-17T22:03:15.738+0000] {processor.py:208} INFO - Processing /opt/airflow/dags/Example.py took 0.115 seconds
