[2025-09-05T17:50:31.658+0000] {processor.py:186} INFO - Started process (PID=56) to work on /opt/airflow/dags/Example.py
[2025-09-05T17:50:31.660+0000] {processor.py:914} INFO - Processing file /opt/airflow/dags/Example.py for tasks to queue
[2025-09-05T17:50:31.662+0000] {logging_mixin.py:190} INFO - [2025-09-05T17:50:31.661+0000] {dagbag.py:588} INFO - Filling up the DagBag from /opt/airflow/dags/Example.py
[2025-09-05T17:50:31.679+0000] {processor.py:925} INFO - DAG(s) 'teste_basico' retrieved from /opt/airflow/dags/Example.py
[2025-09-05T17:50:31.711+0000] {logging_mixin.py:190} INFO - [2025-09-05T17:50:31.711+0000] {dag.py:3239} INFO - Sync 1 DAGs
[2025-09-05T17:50:31.759+0000] {logging_mixin.py:190} INFO - [2025-09-05T17:50:31.759+0000] {dag.py:4180} INFO - Setting next_dagrun for teste_basico to None, run_after=None
[2025-09-05T17:50:31.808+0000] {processor.py:208} INFO - Processing /opt/airflow/dags/Example.py took 0.156 seconds
[2025-09-05T17:51:01.843+0000] {processor.py:186} INFO - Started process (PID=63) to work on /opt/airflow/dags/Example.py
[2025-09-05T17:51:01.844+0000] {processor.py:914} INFO - Processing file /opt/airflow/dags/Example.py for tasks to queue
[2025-09-05T17:51:01.846+0000] {logging_mixin.py:190} INFO - [2025-09-05T17:51:01.846+0000] {dagbag.py:588} INFO - Filling up the DagBag from /opt/airflow/dags/Example.py
[2025-09-05T17:51:01.859+0000] {processor.py:925} INFO - DAG(s) 'teste_basico' retrieved from /opt/airflow/dags/Example.py
[2025-09-05T17:51:01.886+0000] {logging_mixin.py:190} INFO - [2025-09-05T17:51:01.886+0000] {dag.py:3239} INFO - Sync 1 DAGs
[2025-09-05T17:51:01.899+0000] {logging_mixin.py:190} INFO - [2025-09-05T17:51:01.899+0000] {dag.py:4180} INFO - Setting next_dagrun for teste_basico to None, run_after=None
[2025-09-05T17:51:01.920+0000] {processor.py:208} INFO - Processing /opt/airflow/dags/Example.py took 0.083 seconds
[2025-09-05T17:51:32.014+0000] {processor.py:186} INFO - Started process (PID=70) to work on /opt/airflow/dags/Example.py
[2025-09-05T17:51:32.014+0000] {processor.py:914} INFO - Processing file /opt/airflow/dags/Example.py for tasks to queue
[2025-09-05T17:51:32.016+0000] {logging_mixin.py:190} INFO - [2025-09-05T17:51:32.016+0000] {dagbag.py:588} INFO - Filling up the DagBag from /opt/airflow/dags/Example.py
[2025-09-05T17:51:32.030+0000] {processor.py:925} INFO - DAG(s) 'teste_basico' retrieved from /opt/airflow/dags/Example.py
[2025-09-05T17:51:32.054+0000] {logging_mixin.py:190} INFO - [2025-09-05T17:51:32.054+0000] {dag.py:3239} INFO - Sync 1 DAGs
[2025-09-05T17:51:32.068+0000] {logging_mixin.py:190} INFO - [2025-09-05T17:51:32.068+0000] {dag.py:4180} INFO - Setting next_dagrun for teste_basico to None, run_after=None
[2025-09-05T17:51:32.086+0000] {processor.py:208} INFO - Processing /opt/airflow/dags/Example.py took 0.078 seconds
[2025-09-05T17:52:02.272+0000] {processor.py:186} INFO - Started process (PID=77) to work on /opt/airflow/dags/Example.py
[2025-09-05T17:52:02.273+0000] {processor.py:914} INFO - Processing file /opt/airflow/dags/Example.py for tasks to queue
[2025-09-05T17:52:02.275+0000] {logging_mixin.py:190} INFO - [2025-09-05T17:52:02.275+0000] {dagbag.py:588} INFO - Filling up the DagBag from /opt/airflow/dags/Example.py
[2025-09-05T17:52:02.293+0000] {processor.py:925} INFO - DAG(s) 'teste_basico' retrieved from /opt/airflow/dags/Example.py
[2025-09-05T17:52:02.320+0000] {logging_mixin.py:190} INFO - [2025-09-05T17:52:02.320+0000] {dag.py:3239} INFO - Sync 1 DAGs
[2025-09-05T17:52:02.334+0000] {logging_mixin.py:190} INFO - [2025-09-05T17:52:02.334+0000] {dag.py:4180} INFO - Setting next_dagrun for teste_basico to None, run_after=None
[2025-09-05T17:52:02.356+0000] {processor.py:208} INFO - Processing /opt/airflow/dags/Example.py took 0.090 seconds
[2025-09-05T17:52:32.441+0000] {processor.py:186} INFO - Started process (PID=84) to work on /opt/airflow/dags/Example.py
[2025-09-05T17:52:32.441+0000] {processor.py:914} INFO - Processing file /opt/airflow/dags/Example.py for tasks to queue
[2025-09-05T17:52:32.443+0000] {logging_mixin.py:190} INFO - [2025-09-05T17:52:32.443+0000] {dagbag.py:588} INFO - Filling up the DagBag from /opt/airflow/dags/Example.py
[2025-09-05T17:52:32.457+0000] {processor.py:925} INFO - DAG(s) 'teste_basico' retrieved from /opt/airflow/dags/Example.py
[2025-09-05T17:52:32.480+0000] {logging_mixin.py:190} INFO - [2025-09-05T17:52:32.480+0000] {dag.py:3239} INFO - Sync 1 DAGs
[2025-09-05T17:52:32.493+0000] {logging_mixin.py:190} INFO - [2025-09-05T17:52:32.493+0000] {dag.py:4180} INFO - Setting next_dagrun for teste_basico to None, run_after=None
[2025-09-05T17:52:32.514+0000] {processor.py:208} INFO - Processing /opt/airflow/dags/Example.py took 0.079 seconds
[2025-09-05T17:53:02.679+0000] {processor.py:186} INFO - Started process (PID=91) to work on /opt/airflow/dags/Example.py
[2025-09-05T17:53:02.680+0000] {processor.py:914} INFO - Processing file /opt/airflow/dags/Example.py for tasks to queue
[2025-09-05T17:53:02.682+0000] {logging_mixin.py:190} INFO - [2025-09-05T17:53:02.682+0000] {dagbag.py:588} INFO - Filling up the DagBag from /opt/airflow/dags/Example.py
[2025-09-05T17:53:02.695+0000] {processor.py:925} INFO - DAG(s) 'teste_basico' retrieved from /opt/airflow/dags/Example.py
[2025-09-05T17:53:02.718+0000] {logging_mixin.py:190} INFO - [2025-09-05T17:53:02.718+0000] {dag.py:3239} INFO - Sync 1 DAGs
[2025-09-05T17:53:02.730+0000] {logging_mixin.py:190} INFO - [2025-09-05T17:53:02.730+0000] {dag.py:4180} INFO - Setting next_dagrun for teste_basico to None, run_after=None
[2025-09-05T17:53:02.749+0000] {processor.py:208} INFO - Processing /opt/airflow/dags/Example.py took 0.075 seconds
[2025-09-05T17:53:32.851+0000] {processor.py:186} INFO - Started process (PID=98) to work on /opt/airflow/dags/Example.py
[2025-09-05T17:53:32.852+0000] {processor.py:914} INFO - Processing file /opt/airflow/dags/Example.py for tasks to queue
[2025-09-05T17:53:32.854+0000] {logging_mixin.py:190} INFO - [2025-09-05T17:53:32.854+0000] {dagbag.py:588} INFO - Filling up the DagBag from /opt/airflow/dags/Example.py
[2025-09-05T17:53:32.869+0000] {processor.py:925} INFO - DAG(s) 'teste_basico' retrieved from /opt/airflow/dags/Example.py
[2025-09-05T17:53:32.894+0000] {logging_mixin.py:190} INFO - [2025-09-05T17:53:32.894+0000] {dag.py:3239} INFO - Sync 1 DAGs
[2025-09-05T17:53:32.908+0000] {logging_mixin.py:190} INFO - [2025-09-05T17:53:32.908+0000] {dag.py:4180} INFO - Setting next_dagrun for teste_basico to None, run_after=None
[2025-09-05T17:53:32.932+0000] {processor.py:208} INFO - Processing /opt/airflow/dags/Example.py took 0.087 seconds
[2025-09-05T17:54:03.064+0000] {processor.py:186} INFO - Started process (PID=105) to work on /opt/airflow/dags/Example.py
[2025-09-05T17:54:03.065+0000] {processor.py:914} INFO - Processing file /opt/airflow/dags/Example.py for tasks to queue
[2025-09-05T17:54:03.067+0000] {logging_mixin.py:190} INFO - [2025-09-05T17:54:03.067+0000] {dagbag.py:588} INFO - Filling up the DagBag from /opt/airflow/dags/Example.py
[2025-09-05T17:54:03.081+0000] {processor.py:925} INFO - DAG(s) 'teste_basico' retrieved from /opt/airflow/dags/Example.py
[2025-09-05T17:54:03.103+0000] {logging_mixin.py:190} INFO - [2025-09-05T17:54:03.103+0000] {dag.py:3239} INFO - Sync 1 DAGs
[2025-09-05T17:54:03.115+0000] {logging_mixin.py:190} INFO - [2025-09-05T17:54:03.115+0000] {dag.py:4180} INFO - Setting next_dagrun for teste_basico to None, run_after=None
[2025-09-05T17:54:03.134+0000] {processor.py:208} INFO - Processing /opt/airflow/dags/Example.py took 0.075 seconds
[2025-09-05T17:54:33.255+0000] {processor.py:186} INFO - Started process (PID=112) to work on /opt/airflow/dags/Example.py
[2025-09-05T17:54:33.256+0000] {processor.py:914} INFO - Processing file /opt/airflow/dags/Example.py for tasks to queue
[2025-09-05T17:54:33.259+0000] {logging_mixin.py:190} INFO - [2025-09-05T17:54:33.258+0000] {dagbag.py:588} INFO - Filling up the DagBag from /opt/airflow/dags/Example.py
[2025-09-05T17:54:33.272+0000] {processor.py:925} INFO - DAG(s) 'teste_basico' retrieved from /opt/airflow/dags/Example.py
[2025-09-05T17:54:33.295+0000] {logging_mixin.py:190} INFO - [2025-09-05T17:54:33.295+0000] {dag.py:3239} INFO - Sync 1 DAGs
[2025-09-05T17:54:33.307+0000] {logging_mixin.py:190} INFO - [2025-09-05T17:54:33.307+0000] {dag.py:4180} INFO - Setting next_dagrun for teste_basico to None, run_after=None
[2025-09-05T17:54:33.327+0000] {processor.py:208} INFO - Processing /opt/airflow/dags/Example.py took 0.077 seconds
[2025-09-05T17:55:03.455+0000] {processor.py:186} INFO - Started process (PID=119) to work on /opt/airflow/dags/Example.py
[2025-09-05T17:55:03.456+0000] {processor.py:914} INFO - Processing file /opt/airflow/dags/Example.py for tasks to queue
[2025-09-05T17:55:03.458+0000] {logging_mixin.py:190} INFO - [2025-09-05T17:55:03.458+0000] {dagbag.py:588} INFO - Filling up the DagBag from /opt/airflow/dags/Example.py
[2025-09-05T17:55:03.472+0000] {processor.py:925} INFO - DAG(s) 'teste_basico' retrieved from /opt/airflow/dags/Example.py
[2025-09-05T17:55:03.494+0000] {logging_mixin.py:190} INFO - [2025-09-05T17:55:03.494+0000] {dag.py:3239} INFO - Sync 1 DAGs
[2025-09-05T17:55:03.506+0000] {logging_mixin.py:190} INFO - [2025-09-05T17:55:03.506+0000] {dag.py:4180} INFO - Setting next_dagrun for teste_basico to None, run_after=None
[2025-09-05T17:55:03.528+0000] {processor.py:208} INFO - Processing /opt/airflow/dags/Example.py took 0.079 seconds
[2025-09-05T17:55:33.675+0000] {processor.py:186} INFO - Started process (PID=126) to work on /opt/airflow/dags/Example.py
[2025-09-05T17:55:33.676+0000] {processor.py:914} INFO - Processing file /opt/airflow/dags/Example.py for tasks to queue
[2025-09-05T17:55:33.678+0000] {logging_mixin.py:190} INFO - [2025-09-05T17:55:33.678+0000] {dagbag.py:588} INFO - Filling up the DagBag from /opt/airflow/dags/Example.py
[2025-09-05T17:55:33.691+0000] {processor.py:925} INFO - DAG(s) 'teste_basico' retrieved from /opt/airflow/dags/Example.py
[2025-09-05T17:55:33.713+0000] {logging_mixin.py:190} INFO - [2025-09-05T17:55:33.713+0000] {dag.py:3239} INFO - Sync 1 DAGs
[2025-09-05T17:55:33.725+0000] {logging_mixin.py:190} INFO - [2025-09-05T17:55:33.725+0000] {dag.py:4180} INFO - Setting next_dagrun for teste_basico to None, run_after=None
[2025-09-05T17:55:33.746+0000] {processor.py:208} INFO - Processing /opt/airflow/dags/Example.py took 0.075 seconds
[2025-09-05T17:56:03.847+0000] {processor.py:186} INFO - Started process (PID=133) to work on /opt/airflow/dags/Example.py
[2025-09-05T17:56:03.848+0000] {processor.py:914} INFO - Processing file /opt/airflow/dags/Example.py for tasks to queue
[2025-09-05T17:56:03.850+0000] {logging_mixin.py:190} INFO - [2025-09-05T17:56:03.849+0000] {dagbag.py:588} INFO - Filling up the DagBag from /opt/airflow/dags/Example.py
[2025-09-05T17:56:03.863+0000] {processor.py:925} INFO - DAG(s) 'teste_basico' retrieved from /opt/airflow/dags/Example.py
[2025-09-05T17:56:03.887+0000] {logging_mixin.py:190} INFO - [2025-09-05T17:56:03.886+0000] {dag.py:3239} INFO - Sync 1 DAGs
[2025-09-05T17:56:03.900+0000] {logging_mixin.py:190} INFO - [2025-09-05T17:56:03.899+0000] {dag.py:4180} INFO - Setting next_dagrun for teste_basico to None, run_after=None
[2025-09-05T17:56:03.929+0000] {processor.py:208} INFO - Processing /opt/airflow/dags/Example.py took 0.087 seconds
[2025-09-05T17:56:34.079+0000] {processor.py:186} INFO - Started process (PID=140) to work on /opt/airflow/dags/Example.py
[2025-09-05T17:56:34.080+0000] {processor.py:914} INFO - Processing file /opt/airflow/dags/Example.py for tasks to queue
[2025-09-05T17:56:34.083+0000] {logging_mixin.py:190} INFO - [2025-09-05T17:56:34.082+0000] {dagbag.py:588} INFO - Filling up the DagBag from /opt/airflow/dags/Example.py
[2025-09-05T17:56:34.096+0000] {processor.py:925} INFO - DAG(s) 'teste_basico' retrieved from /opt/airflow/dags/Example.py
[2025-09-05T17:56:34.123+0000] {logging_mixin.py:190} INFO - [2025-09-05T17:56:34.123+0000] {dag.py:3239} INFO - Sync 1 DAGs
[2025-09-05T17:56:34.138+0000] {logging_mixin.py:190} INFO - [2025-09-05T17:56:34.138+0000] {dag.py:4180} INFO - Setting next_dagrun for teste_basico to None, run_after=None
[2025-09-05T17:56:34.160+0000] {processor.py:208} INFO - Processing /opt/airflow/dags/Example.py took 0.086 seconds
[2025-09-05T17:57:04.256+0000] {processor.py:186} INFO - Started process (PID=147) to work on /opt/airflow/dags/Example.py
[2025-09-05T17:57:04.257+0000] {processor.py:914} INFO - Processing file /opt/airflow/dags/Example.py for tasks to queue
[2025-09-05T17:57:04.259+0000] {logging_mixin.py:190} INFO - [2025-09-05T17:57:04.259+0000] {dagbag.py:588} INFO - Filling up the DagBag from /opt/airflow/dags/Example.py
[2025-09-05T17:57:04.276+0000] {processor.py:925} INFO - DAG(s) 'teste_basico' retrieved from /opt/airflow/dags/Example.py
[2025-09-05T17:57:04.303+0000] {logging_mixin.py:190} INFO - [2025-09-05T17:57:04.303+0000] {dag.py:3239} INFO - Sync 1 DAGs
[2025-09-05T17:57:04.316+0000] {logging_mixin.py:190} INFO - [2025-09-05T17:57:04.316+0000] {dag.py:4180} INFO - Setting next_dagrun for teste_basico to None, run_after=None
[2025-09-05T17:57:04.337+0000] {processor.py:208} INFO - Processing /opt/airflow/dags/Example.py took 0.086 seconds
[2025-09-05T17:57:34.483+0000] {processor.py:186} INFO - Started process (PID=154) to work on /opt/airflow/dags/Example.py
[2025-09-05T17:57:34.484+0000] {processor.py:914} INFO - Processing file /opt/airflow/dags/Example.py for tasks to queue
[2025-09-05T17:57:34.486+0000] {logging_mixin.py:190} INFO - [2025-09-05T17:57:34.486+0000] {dagbag.py:588} INFO - Filling up the DagBag from /opt/airflow/dags/Example.py
[2025-09-05T17:57:34.499+0000] {processor.py:925} INFO - DAG(s) 'teste_basico' retrieved from /opt/airflow/dags/Example.py
[2025-09-05T17:57:34.521+0000] {logging_mixin.py:190} INFO - [2025-09-05T17:57:34.521+0000] {dag.py:3239} INFO - Sync 1 DAGs
[2025-09-05T17:57:34.533+0000] {logging_mixin.py:190} INFO - [2025-09-05T17:57:34.533+0000] {dag.py:4180} INFO - Setting next_dagrun for teste_basico to None, run_after=None
[2025-09-05T17:57:34.549+0000] {processor.py:208} INFO - Processing /opt/airflow/dags/Example.py took 0.070 seconds
[2025-09-05T17:58:04.660+0000] {processor.py:186} INFO - Started process (PID=161) to work on /opt/airflow/dags/Example.py
[2025-09-05T17:58:04.661+0000] {processor.py:914} INFO - Processing file /opt/airflow/dags/Example.py for tasks to queue
[2025-09-05T17:58:04.664+0000] {logging_mixin.py:190} INFO - [2025-09-05T17:58:04.664+0000] {dagbag.py:588} INFO - Filling up the DagBag from /opt/airflow/dags/Example.py
[2025-09-05T17:58:04.682+0000] {processor.py:925} INFO - DAG(s) 'teste_basico' retrieved from /opt/airflow/dags/Example.py
[2025-09-05T17:58:04.708+0000] {logging_mixin.py:190} INFO - [2025-09-05T17:58:04.708+0000] {dag.py:3239} INFO - Sync 1 DAGs
[2025-09-05T17:58:04.724+0000] {logging_mixin.py:190} INFO - [2025-09-05T17:58:04.724+0000] {dag.py:4180} INFO - Setting next_dagrun for teste_basico to None, run_after=None
[2025-09-05T17:58:04.746+0000] {processor.py:208} INFO - Processing /opt/airflow/dags/Example.py took 0.091 seconds
[2025-09-05T17:58:34.871+0000] {processor.py:186} INFO - Started process (PID=168) to work on /opt/airflow/dags/Example.py
[2025-09-05T17:58:34.872+0000] {processor.py:914} INFO - Processing file /opt/airflow/dags/Example.py for tasks to queue
[2025-09-05T17:58:34.874+0000] {logging_mixin.py:190} INFO - [2025-09-05T17:58:34.874+0000] {dagbag.py:588} INFO - Filling up the DagBag from /opt/airflow/dags/Example.py
[2025-09-05T17:58:34.889+0000] {processor.py:925} INFO - DAG(s) 'teste_basico' retrieved from /opt/airflow/dags/Example.py
[2025-09-05T17:58:34.913+0000] {logging_mixin.py:190} INFO - [2025-09-05T17:58:34.913+0000] {dag.py:3239} INFO - Sync 1 DAGs
[2025-09-05T17:58:34.926+0000] {logging_mixin.py:190} INFO - [2025-09-05T17:58:34.926+0000] {dag.py:4180} INFO - Setting next_dagrun for teste_basico to None, run_after=None
[2025-09-05T17:58:34.947+0000] {processor.py:208} INFO - Processing /opt/airflow/dags/Example.py took 0.081 seconds
[2025-09-05T17:59:05.067+0000] {processor.py:186} INFO - Started process (PID=175) to work on /opt/airflow/dags/Example.py
[2025-09-05T17:59:05.068+0000] {processor.py:914} INFO - Processing file /opt/airflow/dags/Example.py for tasks to queue
[2025-09-05T17:59:05.070+0000] {logging_mixin.py:190} INFO - [2025-09-05T17:59:05.069+0000] {dagbag.py:588} INFO - Filling up the DagBag from /opt/airflow/dags/Example.py
[2025-09-05T17:59:05.083+0000] {processor.py:925} INFO - DAG(s) 'teste_basico' retrieved from /opt/airflow/dags/Example.py
[2025-09-05T17:59:05.105+0000] {logging_mixin.py:190} INFO - [2025-09-05T17:59:05.105+0000] {dag.py:3239} INFO - Sync 1 DAGs
[2025-09-05T17:59:05.119+0000] {logging_mixin.py:190} INFO - [2025-09-05T17:59:05.118+0000] {dag.py:4180} INFO - Setting next_dagrun for teste_basico to None, run_after=None
[2025-09-05T17:59:05.137+0000] {processor.py:208} INFO - Processing /opt/airflow/dags/Example.py took 0.076 seconds
[2025-09-05T17:59:35.264+0000] {processor.py:186} INFO - Started process (PID=182) to work on /opt/airflow/dags/Example.py
[2025-09-05T17:59:35.265+0000] {processor.py:914} INFO - Processing file /opt/airflow/dags/Example.py for tasks to queue
[2025-09-05T17:59:35.267+0000] {logging_mixin.py:190} INFO - [2025-09-05T17:59:35.267+0000] {dagbag.py:588} INFO - Filling up the DagBag from /opt/airflow/dags/Example.py
[2025-09-05T17:59:35.279+0000] {processor.py:925} INFO - DAG(s) 'teste_basico' retrieved from /opt/airflow/dags/Example.py
[2025-09-05T17:59:35.300+0000] {logging_mixin.py:190} INFO - [2025-09-05T17:59:35.299+0000] {dag.py:3239} INFO - Sync 1 DAGs
[2025-09-05T17:59:35.311+0000] {logging_mixin.py:190} INFO - [2025-09-05T17:59:35.310+0000] {dag.py:4180} INFO - Setting next_dagrun for teste_basico to None, run_after=None
[2025-09-05T17:59:35.334+0000] {processor.py:208} INFO - Processing /opt/airflow/dags/Example.py took 0.075 seconds
[2025-09-05T18:00:05.455+0000] {processor.py:186} INFO - Started process (PID=189) to work on /opt/airflow/dags/Example.py
[2025-09-05T18:00:05.455+0000] {processor.py:914} INFO - Processing file /opt/airflow/dags/Example.py for tasks to queue
[2025-09-05T18:00:05.458+0000] {logging_mixin.py:190} INFO - [2025-09-05T18:00:05.457+0000] {dagbag.py:588} INFO - Filling up the DagBag from /opt/airflow/dags/Example.py
[2025-09-05T18:00:05.472+0000] {processor.py:925} INFO - DAG(s) 'teste_basico' retrieved from /opt/airflow/dags/Example.py
[2025-09-05T18:00:05.495+0000] {logging_mixin.py:190} INFO - [2025-09-05T18:00:05.495+0000] {dag.py:3239} INFO - Sync 1 DAGs
[2025-09-05T18:00:05.509+0000] {logging_mixin.py:190} INFO - [2025-09-05T18:00:05.509+0000] {dag.py:4180} INFO - Setting next_dagrun for teste_basico to None, run_after=None
[2025-09-05T18:00:05.531+0000] {processor.py:208} INFO - Processing /opt/airflow/dags/Example.py took 0.082 seconds
